

Microchip MPLAB XC8 Assembler V2.41 build 20230208172133 
                                                                                               Wed Mar 20 02:37:41 2024

Microchip MPLAB XC8 C Compiler v2.41 (Free license) build 20230208172133 Og1 
     1                           	processor	16F873A
     2                           	pagewidth 120
     3                           	opt	flic
     4                           	psect	nvBANK0,global,class=BANK0,space=1,delta=1,noexec
     5                           	psect	cinit,global,class=CODE,merge=1,delta=2
     6                           	psect	cstackCOMMON,global,class=COMMON,space=1,delta=1,noexec
     7                           	psect	cstackBANK0,global,class=BANK0,space=1,delta=1,noexec
     8                           	psect	maintext,global,class=CODE,split=1,delta=2
     9                           	psect	text1,local,class=CODE,merge=1,delta=2
    10                           	psect	text2,local,class=CODE,merge=1,delta=2
    11                           	psect	config,global,abs,ovrld,class=CONFIG,space=4,delta=2,noexec
    12                           	dabs	1,0x7E,2
    13     0000                     
    14                           ; Generated 22/03/2023 GMT
    15                           ; 
    16                           ; Copyright © 2023, Microchip Technology Inc. and its subsidiaries ("Microchip")
    17                           ; All rights reserved.
    18                           ; 
    19                           ; This software is developed by Microchip Technology Inc. and its subsidiaries ("Microch
      +                          ip").
    20                           ; 
    21                           ; Redistribution and use in source and binary forms, with or without modification, are
    22                           ; permitted provided that the following conditions are met:
    23                           ; 
    24                           ;     1. Redistributions of source code must retain the above copyright notice, this lis
      +                          t of
    25                           ;        conditions and the following disclaimer.
    26                           ; 
    27                           ;     2. Redistributions in binary form must reproduce the above copyright notice, this 
      +                          list
    28                           ;        of conditions and the following disclaimer in the documentation and/or other
    29                           ;        materials provided with the distribution. Publication is not required when
    30                           ;        this file is used in an embedded application.
    31                           ; 
    32                           ;     3. Microchip's name may not be used to endorse or promote products derived from th
      +                          is
    33                           ;        software without specific prior written permission.
    34                           ; 
    35                           ; THIS SOFTWARE IS PROVIDED BY MICROCHIP "AS IS" AND ANY EXPRESS OR IMPLIED WARRANTIES,
    36                           ; INCLUDING, BUT NOT LIMITED TO, THE IMPLIED WARRANTIES OF MERCHANTABILITY AND FITNESS F
      +                          OR
    37                           ; PURPOSE ARE DISCLAIMED.  IN NO EVENT SHALL MICROCHIP BE LIABLE FOR ANY DIRECT, INDIREC
      +                          T,
    38                           ; INCIDENTAL, SPECIAL, EXEMPLARY, OR CONSEQUENTIAL DAMAGES (INCLUDING BUT NOT LIMITED TO
    39                           ; PROCUREMENT OF SUBSTITUTE GOODS OR SERVICES; LOSS OF USE, DATA OR PROFITS; OR BUSINESS
    40                           ; INTERRUPTION) HOWSOEVER CAUSED AND ON ANY THEORY OF LIABILITY, WHETHER IN CONTRACT, ST
      +                          RICT
    41                           ; LIABILITY, OR TORT (INCLUDING NEGLIGENCE OR OTHERWISE) ARISING IN ANY WAY OUT OF THE U
      +                          SE OF
    42                           ; THIS SOFTWARE, EVEN IF ADVISED OF THE POSSIBILITY OF SUCH DAMAGE.
    43                           ; 
    44                           ; 
    45                           ; Code-generator required, PIC16F873A Definitions
    46                           ; 
    47                           ; SFR Addresses
    48     0000                     	;# 
    49     0001                     	;# 
    50     0002                     	;# 
    51     0003                     	;# 
    52     0004                     	;# 
    53     0005                     	;# 
    54     0006                     	;# 
    55     0007                     	;# 
    56     000A                     	;# 
    57     000B                     	;# 
    58     000C                     	;# 
    59     000D                     	;# 
    60     000E                     	;# 
    61     000E                     	;# 
    62     000F                     	;# 
    63     0010                     	;# 
    64     0011                     	;# 
    65     0012                     	;# 
    66     0013                     	;# 
    67     0014                     	;# 
    68     0015                     	;# 
    69     0015                     	;# 
    70     0016                     	;# 
    71     0017                     	;# 
    72     0018                     	;# 
    73     0019                     	;# 
    74     001A                     	;# 
    75     001B                     	;# 
    76     001B                     	;# 
    77     001C                     	;# 
    78     001D                     	;# 
    79     001E                     	;# 
    80     001F                     	;# 
    81     0081                     	;# 
    82     0085                     	;# 
    83     0086                     	;# 
    84     0087                     	;# 
    85     008C                     	;# 
    86     008D                     	;# 
    87     008E                     	;# 
    88     0091                     	;# 
    89     0092                     	;# 
    90     0093                     	;# 
    91     0094                     	;# 
    92     0098                     	;# 
    93     0099                     	;# 
    94     009C                     	;# 
    95     009D                     	;# 
    96     009E                     	;# 
    97     009F                     	;# 
    98     010C                     	;# 
    99     010D                     	;# 
   100     010E                     	;# 
   101     010F                     	;# 
   102     018C                     	;# 
   103     018D                     	;# 
   104     0000                     	;# 
   105     0001                     	;# 
   106     0002                     	;# 
   107     0003                     	;# 
   108     0004                     	;# 
   109     0005                     	;# 
   110     0006                     	;# 
   111     0007                     	;# 
   112     000A                     	;# 
   113     000B                     	;# 
   114     000C                     	;# 
   115     000D                     	;# 
   116     000E                     	;# 
   117     000E                     	;# 
   118     000F                     	;# 
   119     0010                     	;# 
   120     0011                     	;# 
   121     0012                     	;# 
   122     0013                     	;# 
   123     0014                     	;# 
   124     0015                     	;# 
   125     0015                     	;# 
   126     0016                     	;# 
   127     0017                     	;# 
   128     0018                     	;# 
   129     0019                     	;# 
   130     001A                     	;# 
   131     001B                     	;# 
   132     001B                     	;# 
   133     001C                     	;# 
   134     001D                     	;# 
   135     001E                     	;# 
   136     001F                     	;# 
   137     0081                     	;# 
   138     0085                     	;# 
   139     0086                     	;# 
   140     0087                     	;# 
   141     008C                     	;# 
   142     008D                     	;# 
   143     008E                     	;# 
   144     0091                     	;# 
   145     0092                     	;# 
   146     0093                     	;# 
   147     0094                     	;# 
   148     0098                     	;# 
   149     0099                     	;# 
   150     009C                     	;# 
   151     009D                     	;# 
   152     009E                     	;# 
   153     009F                     	;# 
   154     010C                     	;# 
   155     010D                     	;# 
   156     010E                     	;# 
   157     010F                     	;# 
   158     018C                     	;# 
   159     018D                     	;# 
   160                           
   161                           	psect	nvBANK0
   162     0023                     __pnvBANK0:
   163     0023                     _adc_result:
   164     0023                     	ds	2
   165     0007                     _PORTCbits	set	7
   166     001E                     _ADRESH	set	30
   167     001F                     _ADCON0bits	set	31
   168     001F                     _ADCON0	set	31
   169     0087                     _TRISCbits	set	135
   170     009E                     _ADRESL	set	158
   171     009F                     _ADCON1	set	159
   172                           
   173                           	psect	cinit
   174     07FD                     start_initialization:	
   175                           ; #config settings
   176                           
   177     07FD                     __initialization:
   178     07FD                     end_of_initialization:	
   179                           ;End of C runtime variable initialization code
   180                           
   181     07FD                     __end_of__initialization:
   182     07FD  0183               	clrf	3
   183     07FE  118A  2F3C         	ljmp	_main	;jump to C main() function
   184                           
   185                           	psect	cstackCOMMON
   186     0000                     __pcstackCOMMON:
   187     0000                     ??_adc_setup:
   188     0000                     ??_main:	
   189                           ; 1 bytes @ 0x0
   190                           
   191                           
   192                           	psect	cstackBANK0
   193     0020                     __pcstackBANK0:	
   194                           ; 1 bytes @ 0x0
   195                           
   196     0020                     ?_main:
   197     0020                     ?_adc_setup:	
   198                           ; 1 bytes @ 0x0
   199                           
   200     0020                     ?_adc_read:	
   201                           ; 2 bytes @ 0x0
   202                           
   203     0020                     adc_read@channel:	
   204                           ; 2 bytes @ 0x0
   205                           
   206                           
   207                           ; 2 bytes @ 0x0
   208     0020                     	ds	2
   209     0022                     ??_adc_read:
   210                           
   211                           ; 1 bytes @ 0x2
   212     0022                     	ds	1
   213                           
   214                           	psect	maintext
   215     073C                     __pmaintext:	
   216 ;;
   217 ;;Main: autosize = 0, tempsize = 0, incstack = 0, save=0
   218 ;;
   219 ;; *************** function _main *****************
   220 ;; Defined at:
   221 ;;		line 11 in file "adc.c"
   222 ;; Parameters:    Size  Location     Type
   223 ;;		None
   224 ;; Auto vars:     Size  Location     Type
   225 ;;		None
   226 ;; Return value:  Size  Location     Type
   227 ;;                  1    wreg      void 
   228 ;; Registers used:
   229 ;;		wreg, status,2, status,0, pclath, cstack
   230 ;; Tracked objects:
   231 ;;		On entry : B00/0
   232 ;;		On exit  : 0/0
   233 ;;		Unchanged: 0/0
   234 ;; Data sizes:     COMMON   BANK0   BANK1
   235 ;;      Params:         0       0       0
   236 ;;      Locals:         0       0       0
   237 ;;      Temps:          0       0       0
   238 ;;      Totals:         0       0       0
   239 ;;Total ram usage:        0 bytes
   240 ;; Hardware stack levels required when called: 1
   241 ;; This function calls:
   242 ;;		_adc_read
   243 ;;		_adc_setup
   244 ;; This function is called by:
   245 ;;		Startup code after reset
   246 ;; This function uses a non-reentrant model
   247 ;;
   248                           
   249     073C                     _main:	
   250                           ;psect for function _main
   251                           
   252     073C                     l701:	
   253                           ;incstack = 0
   254                           ; Regs used in _main: [wreg+status,2+status,0+pclath+cstack]
   255                           
   256                           
   257                           ;adc.c: 13:     TRISCbits.TRISC0 = 0;
   258     073C  1683               	bsf	3,5	;RP0=1, select bank1
   259     073D  1303               	bcf	3,6	;RP1=0, select bank1
   260     073E  1007               	bcf	7,0	;volatile
   261                           
   262                           ;adc.c: 14:     TRISCbits.TRISC1 = 0;
   263     073F  1087               	bcf	7,1	;volatile
   264                           
   265                           ;adc.c: 15:     TRISCbits.TRISC2 = 0;
   266     0740  1107               	bcf	7,2	;volatile
   267                           
   268                           ;adc.c: 16:     TRISCbits.TRISC3 = 0;
   269     0741  1187               	bcf	7,3	;volatile
   270                           
   271                           ;adc.c: 17:     TRISCbits.TRISC4 = 0;
   272     0742  1207               	bcf	7,4	;volatile
   273                           
   274                           ;adc.c: 18:     TRISCbits.TRISC5 = 0;
   275     0743  1287               	bcf	7,5	;volatile
   276                           
   277                           ;adc.c: 19:     TRISCbits.TRISC6 = 0;
   278     0744  1307               	bcf	7,6	;volatile
   279                           
   280                           ;adc.c: 20:     TRISCbits.TRISC7 = 0;
   281     0745  1387               	bcf	7,7	;volatile
   282                           
   283                           ;adc.c: 22:     PORTCbits.RC0 = 0;
   284     0746  1283               	bcf	3,5	;RP0=0, select bank0
   285     0747  1303               	bcf	3,6	;RP1=0, select bank0
   286     0748  1007               	bcf	7,0	;volatile
   287                           
   288                           ;adc.c: 23:     PORTCbits.RC1 = 0;
   289     0749  1087               	bcf	7,1	;volatile
   290                           
   291                           ;adc.c: 24:     PORTCbits.RC2 = 0;
   292     074A  1107               	bcf	7,2	;volatile
   293                           
   294                           ;adc.c: 25:     PORTCbits.RC3 = 0;
   295     074B  1187               	bcf	7,3	;volatile
   296                           
   297                           ;adc.c: 26:     PORTCbits.RC4 = 0;
   298     074C  1207               	bcf	7,4	;volatile
   299                           
   300                           ;adc.c: 27:     PORTCbits.RC5 = 0;
   301     074D  1287               	bcf	7,5	;volatile
   302                           
   303                           ;adc.c: 28:     PORTCbits.RC6 = 0;
   304     074E  1307               	bcf	7,6	;volatile
   305                           
   306                           ;adc.c: 29:     PORTCbits.RC7 = 0;
   307     074F  1387               	bcf	7,7	;volatile
   308     0750                     l703:
   309                           
   310                           ;adc.c: 31:     adc_setup();
   311     0750  118A  2718  118A   	fcall	_adc_setup
   312     0753                     l30:	
   313                           ;adc.c: 33:     while(1){
   314                           
   315                           
   316                           ;adc.c: 37:         adc_result = adc_read(2);
   317     0753  3002               	movlw	2
   318     0754  1283               	bcf	3,5	;RP0=0, select bank0
   319     0755  1303               	bcf	3,6	;RP1=0, select bank0
   320     0756  00A0               	movwf	adc_read@channel
   321     0757  3000               	movlw	0
   322     0758  00A1               	movwf	adc_read@channel+1
   323     0759  118A  2722  118A   	fcall	_adc_read
   324     075C  1283               	bcf	3,5	;RP0=0, select bank0
   325     075D  1303               	bcf	3,6	;RP1=0, select bank0
   326     075E  0821               	movf	?_adc_read+1,w
   327     075F  00A4               	movwf	_adc_result+1
   328     0760  0820               	movf	?_adc_read,w
   329     0761  00A3               	movwf	_adc_result
   330     0762                     l705:
   331                           
   332                           ;adc.c: 39:         if ( adc_result >= 1020 ){
   333     0762  3003               	movlw	3
   334     0763  0224               	subwf	_adc_result+1,w
   335     0764  30FC               	movlw	252
   336     0765  1903               	skipnz
   337     0766  0223               	subwf	_adc_result,w
   338     0767  1C03               	skipc
   339     0768  2F6A               	goto	u111
   340     0769  2F6B               	goto	u110
   341     076A                     u111:
   342     076A  2F74               	goto	l709
   343     076B                     u110:
   344     076B                     l707:
   345                           
   346                           ;adc.c: 41:             PORTCbits.RC0 = 1;
   347     076B  1407               	bsf	7,0	;volatile
   348                           
   349                           ;adc.c: 42:             PORTCbits.RC1 = 1;
   350     076C  1487               	bsf	7,1	;volatile
   351                           
   352                           ;adc.c: 43:             PORTCbits.RC2 = 1;
   353     076D  1507               	bsf	7,2	;volatile
   354                           
   355                           ;adc.c: 44:             PORTCbits.RC3 = 1;
   356     076E  1587               	bsf	7,3	;volatile
   357                           
   358                           ;adc.c: 45:             PORTCbits.RC4 = 1;
   359     076F  1607               	bsf	7,4	;volatile
   360                           
   361                           ;adc.c: 46:             PORTCbits.RC5 = 1;
   362     0770  1687               	bsf	7,5	;volatile
   363                           
   364                           ;adc.c: 47:             PORTCbits.RC6 = 1;
   365     0771  1707               	bsf	7,6	;volatile
   366                           
   367                           ;adc.c: 48:             PORTCbits.RC7 = 1;
   368     0772  1787               	bsf	7,7	;volatile
   369                           
   370                           ;adc.c: 49:         }
   371     0773  2F53               	goto	l30
   372     0774                     l709:
   373     0774  3003               	movlw	3
   374     0775  0224               	subwf	_adc_result+1,w
   375     0776  306B               	movlw	107
   376     0777  1903               	skipnz
   377     0778  0223               	subwf	_adc_result,w
   378     0779  1C03               	skipc
   379     077A  2F7C               	goto	u121
   380     077B  2F7D               	goto	u120
   381     077C                     u121:
   382     077C  2F86               	goto	l713
   383     077D                     u120:
   384     077D                     l711:
   385                           
   386                           ;adc.c: 53:             PORTCbits.RC0 = 1;
   387     077D  1407               	bsf	7,0	;volatile
   388                           
   389                           ;adc.c: 54:             PORTCbits.RC1 = 1;
   390     077E  1487               	bsf	7,1	;volatile
   391                           
   392                           ;adc.c: 55:             PORTCbits.RC2 = 1;
   393     077F  1507               	bsf	7,2	;volatile
   394                           
   395                           ;adc.c: 56:             PORTCbits.RC3 = 1;
   396     0780  1587               	bsf	7,3	;volatile
   397                           
   398                           ;adc.c: 57:             PORTCbits.RC4 = 1;
   399     0781  1607               	bsf	7,4	;volatile
   400                           
   401                           ;adc.c: 58:             PORTCbits.RC5 = 1;
   402     0782  1687               	bsf	7,5	;volatile
   403                           
   404                           ;adc.c: 59:             PORTCbits.RC6 = 1;
   405     0783  1707               	bsf	7,6	;volatile
   406                           
   407                           ;adc.c: 60:             PORTCbits.RC7 = 0;
   408     0784  1387               	bcf	7,7	;volatile
   409                           
   410                           ;adc.c: 61:         }
   411     0785  2F53               	goto	l30
   412     0786                     l713:
   413     0786  3002               	movlw	2
   414     0787  0224               	subwf	_adc_result+1,w
   415     0788  30DA               	movlw	218
   416     0789  1903               	skipnz
   417     078A  0223               	subwf	_adc_result,w
   418     078B  1C03               	skipc
   419     078C  2F8E               	goto	u131
   420     078D  2F8F               	goto	u130
   421     078E                     u131:
   422     078E  2F98               	goto	l717
   423     078F                     u130:
   424     078F                     l715:
   425                           
   426                           ;adc.c: 65:             PORTCbits.RC0 = 1;
   427     078F  1407               	bsf	7,0	;volatile
   428                           
   429                           ;adc.c: 66:             PORTCbits.RC1 = 1;
   430     0790  1487               	bsf	7,1	;volatile
   431                           
   432                           ;adc.c: 67:             PORTCbits.RC2 = 1;
   433     0791  1507               	bsf	7,2	;volatile
   434                           
   435                           ;adc.c: 68:             PORTCbits.RC3 = 1;
   436     0792  1587               	bsf	7,3	;volatile
   437                           
   438                           ;adc.c: 69:             PORTCbits.RC4 = 1;
   439     0793  1607               	bsf	7,4	;volatile
   440                           
   441                           ;adc.c: 70:             PORTCbits.RC5 = 1;
   442     0794  1687               	bsf	7,5	;volatile
   443                           
   444                           ;adc.c: 71:             PORTCbits.RC6 = 0;
   445     0795  1307               	bcf	7,6	;volatile
   446                           
   447                           ;adc.c: 72:             PORTCbits.RC7 = 0;
   448     0796  1387               	bcf	7,7	;volatile
   449                           
   450                           ;adc.c: 73:         }
   451     0797  2F53               	goto	l30
   452     0798                     l717:
   453     0798  3002               	movlw	2
   454     0799  0224               	subwf	_adc_result+1,w
   455     079A  3049               	movlw	73
   456     079B  1903               	skipnz
   457     079C  0223               	subwf	_adc_result,w
   458     079D  1C03               	skipc
   459     079E  2FA0               	goto	u141
   460     079F  2FA1               	goto	u140
   461     07A0                     u141:
   462     07A0  2FAA               	goto	l721
   463     07A1                     u140:
   464     07A1                     l719:
   465                           
   466                           ;adc.c: 77:             PORTCbits.RC0 = 1;
   467     07A1  1407               	bsf	7,0	;volatile
   468                           
   469                           ;adc.c: 78:             PORTCbits.RC1 = 1;
   470     07A2  1487               	bsf	7,1	;volatile
   471                           
   472                           ;adc.c: 79:             PORTCbits.RC2 = 1;
   473     07A3  1507               	bsf	7,2	;volatile
   474                           
   475                           ;adc.c: 80:             PORTCbits.RC3 = 1;
   476     07A4  1587               	bsf	7,3	;volatile
   477                           
   478                           ;adc.c: 81:             PORTCbits.RC4 = 1;
   479     07A5  1607               	bsf	7,4	;volatile
   480                           
   481                           ;adc.c: 82:             PORTCbits.RC5 = 0;
   482     07A6  1287               	bcf	7,5	;volatile
   483                           
   484                           ;adc.c: 83:             PORTCbits.RC6 = 0;
   485     07A7  1307               	bcf	7,6	;volatile
   486                           
   487                           ;adc.c: 84:             PORTCbits.RC7 = 0;
   488     07A8  1387               	bcf	7,7	;volatile
   489                           
   490                           ;adc.c: 85:         }
   491     07A9  2F53               	goto	l30
   492     07AA                     l721:
   493     07AA  3001               	movlw	1
   494     07AB  0224               	subwf	_adc_result+1,w
   495     07AC  30B8               	movlw	184
   496     07AD  1903               	skipnz
   497     07AE  0223               	subwf	_adc_result,w
   498     07AF  1C03               	skipc
   499     07B0  2FB2               	goto	u151
   500     07B1  2FB3               	goto	u150
   501     07B2                     u151:
   502     07B2  2FBC               	goto	l725
   503     07B3                     u150:
   504     07B3                     l723:
   505                           
   506                           ;adc.c: 89:             PORTCbits.RC0 = 1;
   507     07B3  1407               	bsf	7,0	;volatile
   508                           
   509                           ;adc.c: 90:             PORTCbits.RC1 = 1;
   510     07B4  1487               	bsf	7,1	;volatile
   511                           
   512                           ;adc.c: 91:             PORTCbits.RC2 = 1;
   513     07B5  1507               	bsf	7,2	;volatile
   514                           
   515                           ;adc.c: 92:             PORTCbits.RC3 = 1;
   516     07B6  1587               	bsf	7,3	;volatile
   517                           
   518                           ;adc.c: 93:             PORTCbits.RC4 = 0;
   519     07B7  1207               	bcf	7,4	;volatile
   520                           
   521                           ;adc.c: 94:             PORTCbits.RC5 = 0;
   522     07B8  1287               	bcf	7,5	;volatile
   523                           
   524                           ;adc.c: 95:             PORTCbits.RC6 = 0;
   525     07B9  1307               	bcf	7,6	;volatile
   526                           
   527                           ;adc.c: 96:             PORTCbits.RC7 = 0;
   528     07BA  1387               	bcf	7,7	;volatile
   529                           
   530                           ;adc.c: 97:         }
   531     07BB  2F53               	goto	l30
   532     07BC                     l725:
   533     07BC  3001               	movlw	1
   534     07BD  0224               	subwf	_adc_result+1,w
   535     07BE  3027               	movlw	39
   536     07BF  1903               	skipnz
   537     07C0  0223               	subwf	_adc_result,w
   538     07C1  1C03               	skipc
   539     07C2  2FC4               	goto	u161
   540     07C3  2FC5               	goto	u160
   541     07C4                     u161:
   542     07C4  2FCE               	goto	l729
   543     07C5                     u160:
   544     07C5                     l727:
   545                           
   546                           ;adc.c: 101:             PORTCbits.RC0 = 1;
   547     07C5  1407               	bsf	7,0	;volatile
   548                           
   549                           ;adc.c: 102:             PORTCbits.RC1 = 1;
   550     07C6  1487               	bsf	7,1	;volatile
   551                           
   552                           ;adc.c: 103:             PORTCbits.RC2 = 1;
   553     07C7  1507               	bsf	7,2	;volatile
   554                           
   555                           ;adc.c: 104:             PORTCbits.RC3 = 0;
   556     07C8  1187               	bcf	7,3	;volatile
   557                           
   558                           ;adc.c: 105:             PORTCbits.RC4 = 0;
   559     07C9  1207               	bcf	7,4	;volatile
   560                           
   561                           ;adc.c: 106:             PORTCbits.RC5 = 0;
   562     07CA  1287               	bcf	7,5	;volatile
   563                           
   564                           ;adc.c: 107:             PORTCbits.RC6 = 0;
   565     07CB  1307               	bcf	7,6	;volatile
   566                           
   567                           ;adc.c: 108:             PORTCbits.RC7 = 0;
   568     07CC  1387               	bcf	7,7	;volatile
   569                           
   570                           ;adc.c: 109:         }
   571     07CD  2F53               	goto	l30
   572     07CE                     l729:
   573     07CE  3000               	movlw	0
   574     07CF  0224               	subwf	_adc_result+1,w
   575     07D0  3096               	movlw	150
   576     07D1  1903               	skipnz
   577     07D2  0223               	subwf	_adc_result,w
   578     07D3  1C03               	skipc
   579     07D4  2FD6               	goto	u171
   580     07D5  2FD7               	goto	u170
   581     07D6                     u171:
   582     07D6  2FE0               	goto	l733
   583     07D7                     u170:
   584     07D7                     l731:
   585                           
   586                           ;adc.c: 113:             PORTCbits.RC0 = 1;
   587     07D7  1407               	bsf	7,0	;volatile
   588                           
   589                           ;adc.c: 114:             PORTCbits.RC1 = 1;
   590     07D8  1487               	bsf	7,1	;volatile
   591                           
   592                           ;adc.c: 115:             PORTCbits.RC2 = 0;
   593     07D9  1107               	bcf	7,2	;volatile
   594                           
   595                           ;adc.c: 116:             PORTCbits.RC3 = 0;
   596     07DA  1187               	bcf	7,3	;volatile
   597                           
   598                           ;adc.c: 117:             PORTCbits.RC4 = 0;
   599     07DB  1207               	bcf	7,4	;volatile
   600                           
   601                           ;adc.c: 118:             PORTCbits.RC5 = 0;
   602     07DC  1287               	bcf	7,5	;volatile
   603                           
   604                           ;adc.c: 119:             PORTCbits.RC6 = 0;
   605     07DD  1307               	bcf	7,6	;volatile
   606                           
   607                           ;adc.c: 120:             PORTCbits.RC7 = 0;
   608     07DE  1387               	bcf	7,7	;volatile
   609                           
   610                           ;adc.c: 121:         }
   611     07DF  2F53               	goto	l30
   612     07E0                     l733:
   613     07E0  3000               	movlw	0
   614     07E1  0224               	subwf	_adc_result+1,w
   615     07E2  3014               	movlw	20
   616     07E3  1903               	skipnz
   617     07E4  0223               	subwf	_adc_result,w
   618     07E5  1C03               	skipc
   619     07E6  2FE8               	goto	u181
   620     07E7  2FE9               	goto	u180
   621     07E8                     u181:
   622     07E8  2FF2               	goto	l45
   623     07E9                     u180:
   624     07E9                     l735:
   625                           
   626                           ;adc.c: 125:             PORTCbits.RC0 = 1;
   627     07E9  1407               	bsf	7,0	;volatile
   628                           
   629                           ;adc.c: 126:             PORTCbits.RC1 = 0;
   630     07EA  1087               	bcf	7,1	;volatile
   631                           
   632                           ;adc.c: 127:             PORTCbits.RC2 = 0;
   633     07EB  1107               	bcf	7,2	;volatile
   634                           
   635                           ;adc.c: 128:             PORTCbits.RC3 = 0;
   636     07EC  1187               	bcf	7,3	;volatile
   637                           
   638                           ;adc.c: 129:             PORTCbits.RC4 = 0;
   639     07ED  1207               	bcf	7,4	;volatile
   640                           
   641                           ;adc.c: 130:             PORTCbits.RC5 = 0;
   642     07EE  1287               	bcf	7,5	;volatile
   643                           
   644                           ;adc.c: 131:             PORTCbits.RC6 = 0;
   645     07EF  1307               	bcf	7,6	;volatile
   646                           
   647                           ;adc.c: 132:             PORTCbits.RC7 = 0;
   648     07F0  1387               	bcf	7,7	;volatile
   649                           
   650                           ;adc.c: 133:         }
   651     07F1  2F53               	goto	l30
   652     07F2                     l45:	
   653                           ;adc.c: 135:         else {
   654                           
   655                           
   656                           ;adc.c: 137:             PORTCbits.RC0 = 0;
   657     07F2  1007               	bcf	7,0	;volatile
   658                           
   659                           ;adc.c: 138:             PORTCbits.RC1 = 0;
   660     07F3  1087               	bcf	7,1	;volatile
   661                           
   662                           ;adc.c: 139:             PORTCbits.RC2 = 0;
   663     07F4  1107               	bcf	7,2	;volatile
   664                           
   665                           ;adc.c: 140:             PORTCbits.RC3 = 0;
   666     07F5  1187               	bcf	7,3	;volatile
   667                           
   668                           ;adc.c: 141:             PORTCbits.RC4 = 0;
   669     07F6  1207               	bcf	7,4	;volatile
   670                           
   671                           ;adc.c: 142:             PORTCbits.RC5 = 0;
   672     07F7  1287               	bcf	7,5	;volatile
   673                           
   674                           ;adc.c: 143:             PORTCbits.RC6 = 0;
   675     07F8  1307               	bcf	7,6	;volatile
   676                           
   677                           ;adc.c: 144:             PORTCbits.RC7 = 0;
   678     07F9  1387               	bcf	7,7	;volatile
   679     07FA  2F53               	goto	l30
   680     07FB  118A  2800         	ljmp	start
   681     07FD                     __end_of_main:
   682                           
   683                           	psect	text1
   684     0718                     __ptext1:	
   685 ;; *************** function _adc_setup *****************
   686 ;; Defined at:
   687 ;;		line 13 in file "./../../api_c/machine/adc.c"
   688 ;; Parameters:    Size  Location     Type
   689 ;;		None
   690 ;; Auto vars:     Size  Location     Type
   691 ;;		None
   692 ;; Return value:  Size  Location     Type
   693 ;;                  2   16[None  ] unsigned int 
   694 ;; Registers used:
   695 ;;		wreg
   696 ;; Tracked objects:
   697 ;;		On entry : 0/0
   698 ;;		On exit  : 0/0
   699 ;;		Unchanged: 0/0
   700 ;; Data sizes:     COMMON   BANK0   BANK1
   701 ;;      Params:         0       0       0
   702 ;;      Locals:         0       0       0
   703 ;;      Temps:          0       0       0
   704 ;;      Totals:         0       0       0
   705 ;;Total ram usage:        0 bytes
   706 ;; Hardware stack levels used: 1
   707 ;; This function calls:
   708 ;;		Nothing
   709 ;; This function is called by:
   710 ;;		_main
   711 ;; This function uses a non-reentrant model
   712 ;;
   713                           
   714     0718                     _adc_setup:	
   715                           ;psect for function _adc_setup
   716                           
   717     0718                     l689:	
   718                           ;incstack = 0
   719                           ; Regs used in _adc_setup: [wreg]
   720                           
   721                           
   722                           ;./../../api_c/machine/adc.c: 14:     ADCON1 = 0b10000000;
   723     0718  3080               	movlw	128
   724     0719  1683               	bsf	3,5	;RP0=1, select bank1
   725     071A  1303               	bcf	3,6	;RP1=0, select bank1
   726     071B  009F               	movwf	31	;volatile
   727                           
   728                           ;./../../api_c/machine/adc.c: 15:     ADCON0 = 0b11001000;
   729     071C  30C8               	movlw	200
   730     071D  1283               	bcf	3,5	;RP0=0, select bank0
   731     071E  1303               	bcf	3,6	;RP1=0, select bank0
   732     071F  009F               	movwf	31	;volatile
   733     0720                     l691:
   734                           
   735                           ;./../../api_c/machine/adc.c: 16:     ADCON0bits.ADON = 1;
   736     0720  141F               	bsf	31,0	;volatile
   737     0721                     l17:
   738     0721  0008               	return
   739     0722                     __end_of_adc_setup:
   740                           
   741                           	psect	text2
   742     0722                     __ptext2:	
   743 ;; *************** function _adc_read *****************
   744 ;; Defined at:
   745 ;;		line 20 in file "./../../api_c/machine/adc.c"
   746 ;; Parameters:    Size  Location     Type
   747 ;;  channel         2    0[BANK0 ] unsigned int 
   748 ;; Auto vars:     Size  Location     Type
   749 ;;		None
   750 ;; Return value:  Size  Location     Type
   751 ;;                  2    0[BANK0 ] unsigned int 
   752 ;; Registers used:
   753 ;;		wreg, status,2, status,0
   754 ;; Tracked objects:
   755 ;;		On entry : 0/0
   756 ;;		On exit  : 0/0
   757 ;;		Unchanged: 0/0
   758 ;; Data sizes:     COMMON   BANK0   BANK1
   759 ;;      Params:         0       2       0
   760 ;;      Locals:         0       0       0
   761 ;;      Temps:          0       1       0
   762 ;;      Totals:         0       3       0
   763 ;;Total ram usage:        3 bytes
   764 ;; Hardware stack levels used: 1
   765 ;; This function calls:
   766 ;;		Nothing
   767 ;; This function is called by:
   768 ;;		_main
   769 ;; This function uses a non-reentrant model
   770 ;;
   771                           
   772     0722                     _adc_read:	
   773                           ;psect for function _adc_read
   774                           
   775     0722                     l693:	
   776                           ;incstack = 0
   777                           ; Regs used in _adc_read: [wreg+status,2+status,0]
   778                           
   779                           
   780                           ;./../../api_c/machine/adc.c: 21:     ADCON0bits.CHS = channel;
   781     0722  1283               	bcf	3,5	;RP0=0, select bank0
   782     0723  1303               	bcf	3,6	;RP1=0, select bank0
   783     0724  0820               	movf	adc_read@channel,w
   784     0725  00A2               	movwf	??_adc_read
   785     0726  0DA2               	rlf	??_adc_read,f
   786     0727  0DA2               	rlf	??_adc_read,f
   787     0728  0DA2               	rlf	??_adc_read,f
   788     0729  081F               	movf	31,w	;volatile
   789     072A  0622               	xorwf	??_adc_read,w
   790     072B  39C7               	andlw	-57
   791     072C  0622               	xorwf	??_adc_read,w
   792     072D  009F               	movwf	31	;volatile
   793     072E                     l695:
   794                           
   795                           ;./../../api_c/machine/adc.c: 22:     ADCON0bits.GO_DONE = 1;
   796     072E  151F               	bsf	31,2	;volatile
   797     072F                     l20:	
   798                           ;./../../api_c/machine/adc.c: 23:     while (ADCON0bits.GO_DONE == 1);
   799                           
   800     072F  191F               	btfsc	31,2	;volatile
   801     0730  2F32               	goto	u101
   802     0731  2F33               	goto	u100
   803     0732                     u101:
   804     0732  2F2F               	goto	l20
   805     0733                     u100:
   806     0733                     l697:
   807                           
   808                           ;./../../api_c/machine/adc.c: 24:     return (ADRESH << 8) | ADRESL;
   809     0733  081E               	movf	30,w	;volatile
   810     0734  00A1               	movwf	?_adc_read+1
   811     0735  1683               	bsf	3,5	;RP0=1, select bank1
   812     0736  1303               	bcf	3,6	;RP1=0, select bank1
   813     0737  081E               	movf	30,w	;volatile
   814     0738  1283               	bcf	3,5	;RP0=0, select bank0
   815     0739  1303               	bcf	3,6	;RP1=0, select bank0
   816     073A  00A0               	movwf	?_adc_read
   817     073B                     l23:
   818     073B  0008               	return
   819     073C                     __end_of_adc_read:
   820     007E                     btemp	set	126	;btemp
   821     007E                     wtemp0	set	126
   822                           
   823                           	psect	config
   824                           
   825                           ;Config register CONFIG @ 0x2007
   826                           ;	Oscillator Selection bits
   827                           ;	FOSC = HS, HS oscillator
   828                           ;	Watchdog Timer Enable bit
   829                           ;	WDTE = OFF, WDT disabled
   830                           ;	Power-up Timer Enable bit
   831                           ;	PWRTE = OFF, PWRT disabled
   832                           ;	Brown-out Reset Enable bit
   833                           ;	BOREN = OFF, BOR disabled
   834                           ;	Low-Voltage (Single-Supply) In-Circuit Serial Programming Enable bit
   835                           ;	LVP = OFF, RB3 is digital I/O, HV on MCLR must be used for programming
   836                           ;	Data EEPROM Memory Code Protection bit
   837                           ;	CPD = OFF, Data EEPROM code protection off
   838                           ;	Flash Program Memory Write Enable bits
   839                           ;	WRT = OFF, Write protection off; all program memory may be written to by EECON control
   840                           ;	In-Circuit Debugger Mode bit
   841                           ;	DEBUG = 0x1, unprogrammed default
   842                           ;	Flash Program Memory Code Protection bit
   843                           ;	CP = OFF, Code protection off
   844     2007                     	org	8199
   845     2007  3F3A               	dw	16186

Data Sizes:
    Strings     0
    Constant    0
    Data        0
    BSS         0
    Persistent  2
    Stack       0

Auto Spaces:
    Space          Size  Autos    Used
    COMMON            0      0       0
    BANK0            94      3       5
    BANK1            94      0       0

Pointer List with Targets:

    None.

Critical Paths under _main in COMMON

    None.

Critical Paths under _main in BANK0

    _main->_adc_read

Critical Paths under _main in BANK1

    None.

Call Graph Tables:

 ---------------------------------------------------------------------------------
 (Depth) Function   	        Calls       Base Space   Used Autos Params    Refs
 ---------------------------------------------------------------------------------
 (0) _main                                                 0     0      0      98
                           _adc_read
                          _adc_setup
 ---------------------------------------------------------------------------------
 (1) _adc_setup                                            0     0      0       0
 ---------------------------------------------------------------------------------
 (1) _adc_read                                             3     1      2      98
                                              0 BANK0      3     1      2
 ---------------------------------------------------------------------------------
 Estimated maximum stack depth 1
 ---------------------------------------------------------------------------------

 Call Graph Graphs:

 _main (ROOT)
   _adc_read
   _adc_setup

 Address spaces:
Name               Size   Autos  Total    Cost      Usage
BITCOMMON            0      0       0       0        0.0%
EEDATA              80      0       0       0        0.0%
NULL                 0      0       0       0        0.0%
CODE                 0      0       0       0        0.0%
BITSFR0              0      0       0       1        0.0%
SFR0                 0      0       0       1        0.0%
COMMON               0      0       0       1        0.0%
BITSFR1              0      0       0       2        0.0%
SFR1                 0      0       0       2        0.0%
STACK                0      0       0       2        0.0%
BITBANK0            5E      0       0       3        0.0%
BANK0               5E      3       5       4        5.3%
BITSFR3              0      0       0       4        0.0%
SFR3                 0      0       0       4        0.0%
BITBANK1            5E      0       0       5        0.0%
BITSFR2              0      0       0       5        0.0%
SFR2                 0      0       0       5        0.0%
BANK1               5E      0       0       6        0.0%
ABS                  0      0       5       7        0.0%
DATA                 0      0       5       8        0.0%


Microchip Technology PIC Macro Assembler V2.41 build 20230208172133 
Symbol Table                                                                                   Wed Mar 20 02:37:41 2024

                     l20 072F                       l30 0753                       l23 073B  
                     l17 0721                       l45 07F2                      l701 073C  
                    l711 077D                      l703 0750                      l721 07AA  
                    l713 0786                      l705 0762                      l731 07D7  
                    l723 07B3                      l715 078F                      l707 076B  
                    l733 07E0                      l725 07BC                      l717 0798  
                    l709 0774                      l735 07E9                      l727 07C5  
                    l719 07A1                      l729 07CE                      l691 0720  
                    l693 0722                      l695 072E                      l697 0733  
                    l689 0718                      u100 0733                      u101 0732  
                    u110 076B                      u111 076A                      u120 077D  
                    u121 077C                      u130 078F                      u131 078E  
                    u140 07A1                      u141 07A0                      u150 07B3  
                    u151 07B2                      u160 07C5                      u161 07C4  
                    u170 07D7                      u171 07D6                      u180 07E9  
                    u181 07E8                     _main 073C                     btemp 007E  
                   start 0000                    ?_main 0020                    status 0003  
                  wtemp0 007E          __initialization 07FD             __end_of_main 07FD  
                 ??_main 0000                   _ADCON0 001F                   _ADCON1 009F  
                 _ADRESH 001E                   _ADRESL 009E         __end_of_adc_read 073C  
__end_of__initialization 07FD           __pcstackCOMMON 0000               _adc_result 0023  
             __pmaintext 073C                ?_adc_read 0020        __end_of_adc_setup 0722  
             ??_adc_read 0022                  __ptext1 0718                  __ptext2 0722  
   end_of_initialization 07FD                _PORTCbits 0007                _TRISCbits 0087  
    start_initialization 07FD          adc_read@channel 0020                ___latbits 0001  
          __pcstackBANK0 0020                _adc_setup 0718                __pnvBANK0 0023  
             ?_adc_setup 0020               _ADCON0bits 001F                 _adc_read 0722  
            ??_adc_setup 0000  
