ARM GAS  C:\Users\ASUS\AppData\Local\Temp\ccOx4V7I.s 			page 1


   1              		.syntax unified
   2              		.cpu cortex-m0
   3              		.fpu softvfp
   4              		.eabi_attribute 20, 1
   5              		.eabi_attribute 21, 1
   6              		.eabi_attribute 23, 3
   7              		.eabi_attribute 24, 1
   8              		.eabi_attribute 25, 1
   9              		.eabi_attribute 26, 1
  10              		.eabi_attribute 30, 1
  11              		.eabi_attribute 34, 0
  12              		.eabi_attribute 18, 4
  13              		.thumb
  14              		.syntax unified
  15              		.file	"main.c"
  16              		.text
  17              	.Ltext0:
  18              		.cfi_sections	.debug_frame
  19              		.section	.text.main__init,"ax",%progbits
  20              		.align	2
  21              		.global	main__init
  22              		.code	16
  23              		.thumb_func
  24              		.type	main__init, %function
  25              	main__init:
  26              	.LFB32:
  27              		.file 1 "main.c"
   1:main.c        **** // This C code was automatically generated by Aixt Project
   2:main.c        **** //     https://github.com/fermarsan/aixt
   3:main.c        **** // Device = CY8CKIT-145
   4:main.c        **** // Board = CY8CKIT-145-40XX
   5:main.c        **** // Backend = c
   6:main.c        **** 
   7:main.c        **** #include <stdint.h>
   8:main.c        **** #include <stdbool.h>
   9:main.c        **** typedef int8_t i8;
  10:main.c        **** typedef int16_t i16;
  11:main.c        **** typedef int32_t i32;
  12:main.c        **** typedef int64_t i64;
  13:main.c        **** typedef int32_t isize;
  14:main.c        **** typedef int32_t int_literal;
  15:main.c        **** typedef uint8_t u8;
  16:main.c        **** typedef uint16_t u16;
  17:main.c        **** typedef uint32_t u32;
  18:main.c        **** typedef uint64_t u64;
  19:main.c        **** typedef uint32_t usize;
  20:main.c        **** typedef float f32;
  21:main.c        **** typedef double f64;
  22:main.c        **** typedef double float_literal;
  23:main.c        **** typedef char rune;
  24:main.c        **** 
  25:main.c        **** #define _const_main__cpu_freq_mhz	_const_main__cpu_freq/1000000
  26:main.c        **** #define _const_main__cpu_freq  20000000
  27:main.c        **** 
  28:main.c        **** #include "project.h"
  29:main.c        **** 
  30:main.c        **** #define INIT_INTERRUPTS()   CyGlobalIntEnable
ARM GAS  C:\Users\ASUS\AppData\Local\Temp\ccOx4V7I.s 			page 2


  31:main.c        **** 
  32:main.c        **** void  main__init();
  33:main.c        **** void  pwm__init();
  34:main.c        **** 
  35:main.c        **** #define _const_main__led1 led1
  36:main.c        **** #define _const_main__led4 led4
  37:main.c        **** #define _const_main__led5 led5
  38:main.c        **** #define _const_main__led6 led6
  39:main.c        **** #define _const_main__led7 led7
  40:main.c        **** #define _const_main__led8 led8
  41:main.c        **** #define _const_main__led9 led9
  42:main.c        **** #define _const_main__led10 led10
  43:main.c        **** #define _const_main__led11 led11
  44:main.c        **** #define _const_main__do0 12
  45:main.c        **** #define _const_main__do1 13
  46:main.c        **** #define _const_main__do2 14
  47:main.c        **** #define _const_main__sw2 sw2
  48:main.c        **** #define _const_main__di0 20
  49:main.c        **** #define _const_main__di1 21
  50:main.c        **** #define _const_main__di2 22
  51:main.c        **** #define _const_main__btn0 23
  52:main.c        **** #define _const_main__btn1 24
  53:main.c        **** #define _const_main__btn2 25
  54:main.c        **** #define _const_main__sld0 26
  55:main.c        **** #define _const_main__sld1 27
  56:main.c        **** #define _const_main__sld2 28
  57:main.c        **** #define _const_main__sld3 29
  58:main.c        **** #define _const_main__sld4 30
  59:main.c        **** 
  60:main.c        ****  void  main__init() {
  28              		.loc 1 60 0
  29              		.cfi_startproc
  30              		@ args = 0, pretend = 0, frame = 0
  31              		@ frame_needed = 0, uses_anonymous_args = 0
  32              		@ link register save eliminated.
  61:main.c        **** 	INIT_INTERRUPTS(); 
  33              		.loc 1 61 0
  34              		.syntax divided
  35              	@ 61 "main.c" 1
  36 0000 62B6     		CPSIE   i
  37              	@ 0 "" 2
  62:main.c        **** }
  38              		.loc 1 62 0
  39              		.thumb
  40              		.syntax unified
  41              		@ sp needed
  42 0002 7047     		bx	lr
  43              		.cfi_endproc
  44              	.LFE32:
  45              		.size	main__init, .-main__init
  46              		.section	.text.pwm__init,"ax",%progbits
  47              		.align	2
  48              		.global	pwm__init
  49              		.code	16
  50              		.thumb_func
  51              		.type	pwm__init, %function
  52              	pwm__init:
ARM GAS  C:\Users\ASUS\AppData\Local\Temp\ccOx4V7I.s 			page 3


  53              	.LFB33:
  63:main.c        **** 
  64:main.c        **** #define _const_pwm__ch0 17
  65:main.c        **** #define _const_pwm__ch1 15
  66:main.c        **** #define _const_pwm__ch2 16
  67:main.c        **** 
  68:main.c        ****  void  pwm__init() {
  54              		.loc 1 68 0
  55              		.cfi_startproc
  56              		@ args = 0, pretend = 0, frame = 0
  57              		@ frame_needed = 0, uses_anonymous_args = 0
  58 0000 10B5     		push	{r4, lr}
  59              		.cfi_def_cfa_offset 8
  60              		.cfi_offset 4, -8
  61              		.cfi_offset 14, -4
  69:main.c        **** 	pwm1_Start(); 
  62              		.loc 1 69 0
  63 0002 FFF7FEFF 		bl	pwm1_Start
  64              	.LVL0:
  70:main.c        **** 	pwm2_Start(); 
  65              		.loc 1 70 0
  66 0006 FFF7FEFF 		bl	pwm2_Start
  67              	.LVL1:
  71:main.c        **** 	pwm0_Start(); 
  68              		.loc 1 71 0
  69 000a FFF7FEFF 		bl	pwm0_Start
  70              	.LVL2:
  72:main.c        **** 	clock_Start(); 
  71              		.loc 1 72 0
  72 000e FFF7FEFF 		bl	clock_Start
  73              	.LVL3:
  73:main.c        **** }
  74              		.loc 1 73 0
  75              		@ sp needed
  76 0012 10BD     		pop	{r4, pc}
  77              		.cfi_endproc
  78              	.LFE33:
  79              		.size	pwm__init, .-pwm__init
  80              		.section	.text.main,"ax",%progbits
  81              		.align	2
  82              		.global	main
  83              		.code	16
  84              		.thumb_func
  85              		.type	main, %function
  86              	main:
  87              	.LFB34:
  74:main.c        **** 
  75:main.c        **** #define pwm__write(channel, val) \
  76:main.c        **** switch (channel) { \
  77:main.c        **** 	case _const_pwm__ch0: \
  78:main.c        **** 	{ \
  79:main.c        **** 		pwm0_WriteCompare(val);  \
  80:main.c        **** 		break; \
  81:main.c        **** 	}  \
  82:main.c        **** 	case _const_pwm__ch1: \
  83:main.c        **** 	{ \
  84:main.c        **** 		pwm1_WriteCompare(val);  \
ARM GAS  C:\Users\ASUS\AppData\Local\Temp\ccOx4V7I.s 			page 4


  85:main.c        **** 		break; \
  86:main.c        **** 	}  \
  87:main.c        **** 	case _const_pwm__ch2: \
  88:main.c        **** 	{ \
  89:main.c        **** 		pwm2_WriteCompare(val);  \
  90:main.c        **** 		break; \
  91:main.c        **** 	}  \
  92:main.c        **** 	default: { \
  93:main.c        **** 		break; \
  94:main.c        **** 	}  \
  95:main.c        **** }; \
  96:main.c        **** // end #define
  97:main.c        **** 
  98:main.c        **** #define time__sleep_ms(tms) CyDelay(tms)
  99:main.c        **** 
 100:main.c        **** #define time__sleep_us(tus) CyDelayUs(tus)
 101:main.c        **** 
 102:main.c        ****  int main() {
  88              		.loc 1 102 0
  89              		.cfi_startproc
  90              		@ Volatile: function does not return.
  91              		@ args = 0, pretend = 0, frame = 0
  92              		@ frame_needed = 0, uses_anonymous_args = 0
  93 0000 10B5     		push	{r4, lr}
  94              		.cfi_def_cfa_offset 8
  95              		.cfi_offset 4, -8
  96              		.cfi_offset 14, -4
 103:main.c        **** 	main__init();
  97              		.loc 1 103 0
  98 0002 FFF7FEFF 		bl	main__init
  99              	.LVL4:
 104:main.c        **** 	pwm__init();
 100              		.loc 1 104 0
 101 0006 FFF7FEFF 		bl	pwm__init
 102              	.LVL5:
 103              	.L4:
 105:main.c        **** 	while( true ) {
 106:main.c        **** 		pwm__write(_const_pwm__ch0, 10000); 
 104              		.loc 1 106 0 discriminator 3
 105 000a 0A48     		ldr	r0, .L5
 106 000c FFF7FEFF 		bl	pwm0_WriteCompare
 107              	.LVL6:
 107:main.c        **** 		time__sleep_ms(500); 
 108              		.loc 1 107 0 discriminator 3
 109 0010 FA24     		movs	r4, #250
 110 0012 6400     		lsls	r4, r4, #1
 111 0014 2000     		movs	r0, r4
 112 0016 FFF7FEFF 		bl	CyDelay
 113              	.LVL7:
 108:main.c        **** 		pwm__write(_const_pwm__ch0, 5000); 
 114              		.loc 1 108 0 discriminator 3
 115 001a 0748     		ldr	r0, .L5+4
 116 001c FFF7FEFF 		bl	pwm0_WriteCompare
 117              	.LVL8:
 109:main.c        **** 		time__sleep_ms(500); 
 118              		.loc 1 109 0 discriminator 3
 119 0020 2000     		movs	r0, r4
ARM GAS  C:\Users\ASUS\AppData\Local\Temp\ccOx4V7I.s 			page 5


 120 0022 FFF7FEFF 		bl	CyDelay
 121              	.LVL9:
 110:main.c        **** 		pwm__write(_const_pwm__ch0, 0); 
 122              		.loc 1 110 0 discriminator 3
 123 0026 0020     		movs	r0, #0
 124 0028 FFF7FEFF 		bl	pwm0_WriteCompare
 125              	.LVL10:
 111:main.c        **** 		time__sleep_ms(500); 
 126              		.loc 1 111 0 discriminator 3
 127 002c 2000     		movs	r0, r4
 128 002e FFF7FEFF 		bl	CyDelay
 129              	.LVL11:
 130 0032 EAE7     		b	.L4
 131              	.L6:
 132              		.align	2
 133              	.L5:
 134 0034 10270000 		.word	10000
 135 0038 88130000 		.word	5000
 136              		.cfi_endproc
 137              	.LFE34:
 138              		.size	main, .-main
 139              		.text
 140              	.Letext0:
 141              		.file 2 "Generated_Source\\PSoC4/pwm1.h"
 142              		.file 3 "Generated_Source\\PSoC4/pwm2.h"
 143              		.file 4 "Generated_Source\\PSoC4/pwm0.h"
 144              		.file 5 "Generated_Source\\PSoC4/clock.h"
 145              		.file 6 "Generated_Source\\PSoC4/CyLib.h"
 146              		.section	.debug_info,"",%progbits
 147              	.Ldebug_info0:
 148 0000 BD010000 		.4byte	0x1bd
 149 0004 0400     		.2byte	0x4
 150 0006 00000000 		.4byte	.Ldebug_abbrev0
 151 000a 04       		.byte	0x4
 152 000b 01       		.uleb128 0x1
 153 000c 23010000 		.4byte	.LASF20
 154 0010 0C       		.byte	0xc
 155 0011 1B000000 		.4byte	.LASF21
 156 0015 27000000 		.4byte	.LASF22
 157 0019 00000000 		.4byte	.Ldebug_ranges0+0
 158 001d 00000000 		.4byte	0
 159 0021 00000000 		.4byte	.Ldebug_line0
 160 0025 02       		.uleb128 0x2
 161 0026 01       		.byte	0x1
 162 0027 06       		.byte	0x6
 163 0028 C4010000 		.4byte	.LASF0
 164 002c 02       		.uleb128 0x2
 165 002d 01       		.byte	0x1
 166 002e 08       		.byte	0x8
 167 002f C8000000 		.4byte	.LASF1
 168 0033 02       		.uleb128 0x2
 169 0034 02       		.byte	0x2
 170 0035 05       		.byte	0x5
 171 0036 E2010000 		.4byte	.LASF2
 172 003a 02       		.uleb128 0x2
 173 003b 02       		.byte	0x2
 174 003c 07       		.byte	0x7
ARM GAS  C:\Users\ASUS\AppData\Local\Temp\ccOx4V7I.s 			page 6


 175 003d B1010000 		.4byte	.LASF3
 176 0041 02       		.uleb128 0x2
 177 0042 04       		.byte	0x4
 178 0043 05       		.byte	0x5
 179 0044 ED000000 		.4byte	.LASF4
 180 0048 02       		.uleb128 0x2
 181 0049 04       		.byte	0x4
 182 004a 07       		.byte	0x7
 183 004b 8A000000 		.4byte	.LASF5
 184 004f 02       		.uleb128 0x2
 185 0050 08       		.byte	0x8
 186 0051 05       		.byte	0x5
 187 0052 00000000 		.4byte	.LASF6
 188 0056 02       		.uleb128 0x2
 189 0057 08       		.byte	0x8
 190 0058 07       		.byte	0x7
 191 0059 9C000000 		.4byte	.LASF7
 192 005d 03       		.uleb128 0x3
 193 005e 04       		.byte	0x4
 194 005f 05       		.byte	0x5
 195 0060 696E7400 		.ascii	"int\000"
 196 0064 02       		.uleb128 0x2
 197 0065 04       		.byte	0x4
 198 0066 07       		.byte	0x7
 199 0067 0E000000 		.4byte	.LASF8
 200 006b 02       		.uleb128 0x2
 201 006c 04       		.byte	0x4
 202 006d 04       		.byte	0x4
 203 006e DC010000 		.4byte	.LASF9
 204 0072 02       		.uleb128 0x2
 205 0073 08       		.byte	0x8
 206 0074 04       		.byte	0x4
 207 0075 FF000000 		.4byte	.LASF10
 208 0079 02       		.uleb128 0x2
 209 007a 01       		.byte	0x1
 210 007b 08       		.byte	0x8
 211 007c EC010000 		.4byte	.LASF11
 212 0080 02       		.uleb128 0x2
 213 0081 08       		.byte	0x8
 214 0082 04       		.byte	0x4
 215 0083 D0010000 		.4byte	.LASF12
 216 0087 02       		.uleb128 0x2
 217 0088 04       		.byte	0x4
 218 0089 07       		.byte	0x7
 219 008a F6000000 		.4byte	.LASF13
 220 008e 04       		.uleb128 0x4
 221 008f E2000000 		.4byte	.LASF23
 222 0093 01       		.byte	0x1
 223 0094 3C       		.byte	0x3c
 224 0095 00000000 		.4byte	.LFB32
 225 0099 04000000 		.4byte	.LFE32-.LFB32
 226 009d 01       		.uleb128 0x1
 227 009e 9C       		.byte	0x9c
 228 009f 05       		.uleb128 0x5
 229 00a0 B3000000 		.4byte	.LASF24
 230 00a4 01       		.byte	0x1
 231 00a5 44       		.byte	0x44
ARM GAS  C:\Users\ASUS\AppData\Local\Temp\ccOx4V7I.s 			page 7


 232 00a6 00000000 		.4byte	.LFB33
 233 00aa 14000000 		.4byte	.LFE33-.LFB33
 234 00ae 01       		.uleb128 0x1
 235 00af 9C       		.byte	0x9c
 236 00b0 D9000000 		.4byte	0xd9
 237 00b4 06       		.uleb128 0x6
 238 00b5 06000000 		.4byte	.LVL0
 239 00b9 7A010000 		.4byte	0x17a
 240 00bd 06       		.uleb128 0x6
 241 00be 0A000000 		.4byte	.LVL1
 242 00c2 86010000 		.4byte	0x186
 243 00c6 06       		.uleb128 0x6
 244 00c7 0E000000 		.4byte	.LVL2
 245 00cb 92010000 		.4byte	0x192
 246 00cf 06       		.uleb128 0x6
 247 00d0 12000000 		.4byte	.LVL3
 248 00d4 9E010000 		.4byte	0x19e
 249 00d8 00       		.byte	0
 250 00d9 07       		.uleb128 0x7
 251 00da 22000000 		.4byte	.LASF25
 252 00de 01       		.byte	0x1
 253 00df 66       		.byte	0x66
 254 00e0 5D000000 		.4byte	0x5d
 255 00e4 00000000 		.4byte	.LFB34
 256 00e8 3C000000 		.4byte	.LFE34-.LFB34
 257 00ec 01       		.uleb128 0x1
 258 00ed 9C       		.byte	0x9c
 259 00ee 7A010000 		.4byte	0x17a
 260 00f2 06       		.uleb128 0x6
 261 00f3 06000000 		.4byte	.LVL4
 262 00f7 8E000000 		.4byte	0x8e
 263 00fb 06       		.uleb128 0x6
 264 00fc 0A000000 		.4byte	.LVL5
 265 0100 9F000000 		.4byte	0x9f
 266 0104 08       		.uleb128 0x8
 267 0105 10000000 		.4byte	.LVL6
 268 0109 A9010000 		.4byte	0x1a9
 269 010d 19010000 		.4byte	0x119
 270 0111 09       		.uleb128 0x9
 271 0112 01       		.uleb128 0x1
 272 0113 50       		.byte	0x50
 273 0114 03       		.uleb128 0x3
 274 0115 0A       		.byte	0xa
 275 0116 1027     		.2byte	0x2710
 276 0118 00       		.byte	0
 277 0119 08       		.uleb128 0x8
 278 011a 1A000000 		.4byte	.LVL7
 279 011e B5010000 		.4byte	0x1b5
 280 0122 2D010000 		.4byte	0x12d
 281 0126 09       		.uleb128 0x9
 282 0127 01       		.uleb128 0x1
 283 0128 50       		.byte	0x50
 284 0129 02       		.uleb128 0x2
 285 012a 74       		.byte	0x74
 286 012b 00       		.sleb128 0
 287 012c 00       		.byte	0
 288 012d 08       		.uleb128 0x8
ARM GAS  C:\Users\ASUS\AppData\Local\Temp\ccOx4V7I.s 			page 8


 289 012e 20000000 		.4byte	.LVL8
 290 0132 A9010000 		.4byte	0x1a9
 291 0136 42010000 		.4byte	0x142
 292 013a 09       		.uleb128 0x9
 293 013b 01       		.uleb128 0x1
 294 013c 50       		.byte	0x50
 295 013d 03       		.uleb128 0x3
 296 013e 0A       		.byte	0xa
 297 013f 8813     		.2byte	0x1388
 298 0141 00       		.byte	0
 299 0142 08       		.uleb128 0x8
 300 0143 26000000 		.4byte	.LVL9
 301 0147 B5010000 		.4byte	0x1b5
 302 014b 56010000 		.4byte	0x156
 303 014f 09       		.uleb128 0x9
 304 0150 01       		.uleb128 0x1
 305 0151 50       		.byte	0x50
 306 0152 02       		.uleb128 0x2
 307 0153 74       		.byte	0x74
 308 0154 00       		.sleb128 0
 309 0155 00       		.byte	0
 310 0156 08       		.uleb128 0x8
 311 0157 2C000000 		.4byte	.LVL10
 312 015b A9010000 		.4byte	0x1a9
 313 015f 69010000 		.4byte	0x169
 314 0163 09       		.uleb128 0x9
 315 0164 01       		.uleb128 0x1
 316 0165 50       		.byte	0x50
 317 0166 01       		.uleb128 0x1
 318 0167 30       		.byte	0x30
 319 0168 00       		.byte	0
 320 0169 0A       		.uleb128 0xa
 321 016a 32000000 		.4byte	.LVL11
 322 016e B5010000 		.4byte	0x1b5
 323 0172 09       		.uleb128 0x9
 324 0173 01       		.uleb128 0x1
 325 0174 50       		.byte	0x50
 326 0175 02       		.uleb128 0x2
 327 0176 74       		.byte	0x74
 328 0177 00       		.sleb128 0
 329 0178 00       		.byte	0
 330 0179 00       		.byte	0
 331 017a 0B       		.uleb128 0xb
 332 017b BD000000 		.4byte	.LASF14
 333 017f BD000000 		.4byte	.LASF14
 334 0183 02       		.byte	0x2
 335 0184 3201     		.2byte	0x132
 336 0186 0B       		.uleb128 0xb
 337 0187 18010000 		.4byte	.LASF15
 338 018b 18010000 		.4byte	.LASF15
 339 018f 03       		.byte	0x3
 340 0190 3201     		.2byte	0x132
 341 0192 0B       		.uleb128 0xb
 342 0193 77000000 		.4byte	.LASF16
 343 0197 77000000 		.4byte	.LASF16
 344 019b 04       		.byte	0x4
 345 019c 3201     		.2byte	0x132
ARM GAS  C:\Users\ASUS\AppData\Local\Temp\ccOx4V7I.s 			page 9


 346 019e 0C       		.uleb128 0xc
 347 019f D6000000 		.4byte	.LASF17
 348 01a3 D6000000 		.4byte	.LASF17
 349 01a7 05       		.byte	0x5
 350 01a8 23       		.byte	0x23
 351 01a9 0B       		.uleb128 0xb
 352 01aa 06010000 		.4byte	.LASF18
 353 01ae 06010000 		.4byte	.LASF18
 354 01b2 04       		.byte	0x4
 355 01b3 5501     		.2byte	0x155
 356 01b5 0C       		.uleb128 0xc
 357 01b6 82000000 		.4byte	.LASF19
 358 01ba 82000000 		.4byte	.LASF19
 359 01be 06       		.byte	0x6
 360 01bf EC       		.byte	0xec
 361 01c0 00       		.byte	0
 362              		.section	.debug_abbrev,"",%progbits
 363              	.Ldebug_abbrev0:
 364 0000 01       		.uleb128 0x1
 365 0001 11       		.uleb128 0x11
 366 0002 01       		.byte	0x1
 367 0003 25       		.uleb128 0x25
 368 0004 0E       		.uleb128 0xe
 369 0005 13       		.uleb128 0x13
 370 0006 0B       		.uleb128 0xb
 371 0007 03       		.uleb128 0x3
 372 0008 0E       		.uleb128 0xe
 373 0009 1B       		.uleb128 0x1b
 374 000a 0E       		.uleb128 0xe
 375 000b 55       		.uleb128 0x55
 376 000c 17       		.uleb128 0x17
 377 000d 11       		.uleb128 0x11
 378 000e 01       		.uleb128 0x1
 379 000f 10       		.uleb128 0x10
 380 0010 17       		.uleb128 0x17
 381 0011 00       		.byte	0
 382 0012 00       		.byte	0
 383 0013 02       		.uleb128 0x2
 384 0014 24       		.uleb128 0x24
 385 0015 00       		.byte	0
 386 0016 0B       		.uleb128 0xb
 387 0017 0B       		.uleb128 0xb
 388 0018 3E       		.uleb128 0x3e
 389 0019 0B       		.uleb128 0xb
 390 001a 03       		.uleb128 0x3
 391 001b 0E       		.uleb128 0xe
 392 001c 00       		.byte	0
 393 001d 00       		.byte	0
 394 001e 03       		.uleb128 0x3
 395 001f 24       		.uleb128 0x24
 396 0020 00       		.byte	0
 397 0021 0B       		.uleb128 0xb
 398 0022 0B       		.uleb128 0xb
 399 0023 3E       		.uleb128 0x3e
 400 0024 0B       		.uleb128 0xb
 401 0025 03       		.uleb128 0x3
 402 0026 08       		.uleb128 0x8
ARM GAS  C:\Users\ASUS\AppData\Local\Temp\ccOx4V7I.s 			page 10


 403 0027 00       		.byte	0
 404 0028 00       		.byte	0
 405 0029 04       		.uleb128 0x4
 406 002a 2E       		.uleb128 0x2e
 407 002b 00       		.byte	0
 408 002c 3F       		.uleb128 0x3f
 409 002d 19       		.uleb128 0x19
 410 002e 03       		.uleb128 0x3
 411 002f 0E       		.uleb128 0xe
 412 0030 3A       		.uleb128 0x3a
 413 0031 0B       		.uleb128 0xb
 414 0032 3B       		.uleb128 0x3b
 415 0033 0B       		.uleb128 0xb
 416 0034 11       		.uleb128 0x11
 417 0035 01       		.uleb128 0x1
 418 0036 12       		.uleb128 0x12
 419 0037 06       		.uleb128 0x6
 420 0038 40       		.uleb128 0x40
 421 0039 18       		.uleb128 0x18
 422 003a 9742     		.uleb128 0x2117
 423 003c 19       		.uleb128 0x19
 424 003d 00       		.byte	0
 425 003e 00       		.byte	0
 426 003f 05       		.uleb128 0x5
 427 0040 2E       		.uleb128 0x2e
 428 0041 01       		.byte	0x1
 429 0042 3F       		.uleb128 0x3f
 430 0043 19       		.uleb128 0x19
 431 0044 03       		.uleb128 0x3
 432 0045 0E       		.uleb128 0xe
 433 0046 3A       		.uleb128 0x3a
 434 0047 0B       		.uleb128 0xb
 435 0048 3B       		.uleb128 0x3b
 436 0049 0B       		.uleb128 0xb
 437 004a 11       		.uleb128 0x11
 438 004b 01       		.uleb128 0x1
 439 004c 12       		.uleb128 0x12
 440 004d 06       		.uleb128 0x6
 441 004e 40       		.uleb128 0x40
 442 004f 18       		.uleb128 0x18
 443 0050 9742     		.uleb128 0x2117
 444 0052 19       		.uleb128 0x19
 445 0053 01       		.uleb128 0x1
 446 0054 13       		.uleb128 0x13
 447 0055 00       		.byte	0
 448 0056 00       		.byte	0
 449 0057 06       		.uleb128 0x6
 450 0058 898201   		.uleb128 0x4109
 451 005b 00       		.byte	0
 452 005c 11       		.uleb128 0x11
 453 005d 01       		.uleb128 0x1
 454 005e 31       		.uleb128 0x31
 455 005f 13       		.uleb128 0x13
 456 0060 00       		.byte	0
 457 0061 00       		.byte	0
 458 0062 07       		.uleb128 0x7
 459 0063 2E       		.uleb128 0x2e
ARM GAS  C:\Users\ASUS\AppData\Local\Temp\ccOx4V7I.s 			page 11


 460 0064 01       		.byte	0x1
 461 0065 3F       		.uleb128 0x3f
 462 0066 19       		.uleb128 0x19
 463 0067 03       		.uleb128 0x3
 464 0068 0E       		.uleb128 0xe
 465 0069 3A       		.uleb128 0x3a
 466 006a 0B       		.uleb128 0xb
 467 006b 3B       		.uleb128 0x3b
 468 006c 0B       		.uleb128 0xb
 469 006d 49       		.uleb128 0x49
 470 006e 13       		.uleb128 0x13
 471 006f 8701     		.uleb128 0x87
 472 0071 19       		.uleb128 0x19
 473 0072 11       		.uleb128 0x11
 474 0073 01       		.uleb128 0x1
 475 0074 12       		.uleb128 0x12
 476 0075 06       		.uleb128 0x6
 477 0076 40       		.uleb128 0x40
 478 0077 18       		.uleb128 0x18
 479 0078 9742     		.uleb128 0x2117
 480 007a 19       		.uleb128 0x19
 481 007b 01       		.uleb128 0x1
 482 007c 13       		.uleb128 0x13
 483 007d 00       		.byte	0
 484 007e 00       		.byte	0
 485 007f 08       		.uleb128 0x8
 486 0080 898201   		.uleb128 0x4109
 487 0083 01       		.byte	0x1
 488 0084 11       		.uleb128 0x11
 489 0085 01       		.uleb128 0x1
 490 0086 31       		.uleb128 0x31
 491 0087 13       		.uleb128 0x13
 492 0088 01       		.uleb128 0x1
 493 0089 13       		.uleb128 0x13
 494 008a 00       		.byte	0
 495 008b 00       		.byte	0
 496 008c 09       		.uleb128 0x9
 497 008d 8A8201   		.uleb128 0x410a
 498 0090 00       		.byte	0
 499 0091 02       		.uleb128 0x2
 500 0092 18       		.uleb128 0x18
 501 0093 9142     		.uleb128 0x2111
 502 0095 18       		.uleb128 0x18
 503 0096 00       		.byte	0
 504 0097 00       		.byte	0
 505 0098 0A       		.uleb128 0xa
 506 0099 898201   		.uleb128 0x4109
 507 009c 01       		.byte	0x1
 508 009d 11       		.uleb128 0x11
 509 009e 01       		.uleb128 0x1
 510 009f 31       		.uleb128 0x31
 511 00a0 13       		.uleb128 0x13
 512 00a1 00       		.byte	0
 513 00a2 00       		.byte	0
 514 00a3 0B       		.uleb128 0xb
 515 00a4 2E       		.uleb128 0x2e
 516 00a5 00       		.byte	0
ARM GAS  C:\Users\ASUS\AppData\Local\Temp\ccOx4V7I.s 			page 12


 517 00a6 3F       		.uleb128 0x3f
 518 00a7 19       		.uleb128 0x19
 519 00a8 3C       		.uleb128 0x3c
 520 00a9 19       		.uleb128 0x19
 521 00aa 6E       		.uleb128 0x6e
 522 00ab 0E       		.uleb128 0xe
 523 00ac 03       		.uleb128 0x3
 524 00ad 0E       		.uleb128 0xe
 525 00ae 3A       		.uleb128 0x3a
 526 00af 0B       		.uleb128 0xb
 527 00b0 3B       		.uleb128 0x3b
 528 00b1 05       		.uleb128 0x5
 529 00b2 00       		.byte	0
 530 00b3 00       		.byte	0
 531 00b4 0C       		.uleb128 0xc
 532 00b5 2E       		.uleb128 0x2e
 533 00b6 00       		.byte	0
 534 00b7 3F       		.uleb128 0x3f
 535 00b8 19       		.uleb128 0x19
 536 00b9 3C       		.uleb128 0x3c
 537 00ba 19       		.uleb128 0x19
 538 00bb 6E       		.uleb128 0x6e
 539 00bc 0E       		.uleb128 0xe
 540 00bd 03       		.uleb128 0x3
 541 00be 0E       		.uleb128 0xe
 542 00bf 3A       		.uleb128 0x3a
 543 00c0 0B       		.uleb128 0xb
 544 00c1 3B       		.uleb128 0x3b
 545 00c2 0B       		.uleb128 0xb
 546 00c3 00       		.byte	0
 547 00c4 00       		.byte	0
 548 00c5 00       		.byte	0
 549              		.section	.debug_aranges,"",%progbits
 550 0000 2C000000 		.4byte	0x2c
 551 0004 0200     		.2byte	0x2
 552 0006 00000000 		.4byte	.Ldebug_info0
 553 000a 04       		.byte	0x4
 554 000b 00       		.byte	0
 555 000c 0000     		.2byte	0
 556 000e 0000     		.2byte	0
 557 0010 00000000 		.4byte	.LFB32
 558 0014 04000000 		.4byte	.LFE32-.LFB32
 559 0018 00000000 		.4byte	.LFB33
 560 001c 14000000 		.4byte	.LFE33-.LFB33
 561 0020 00000000 		.4byte	.LFB34
 562 0024 3C000000 		.4byte	.LFE34-.LFB34
 563 0028 00000000 		.4byte	0
 564 002c 00000000 		.4byte	0
 565              		.section	.debug_ranges,"",%progbits
 566              	.Ldebug_ranges0:
 567 0000 00000000 		.4byte	.LFB32
 568 0004 04000000 		.4byte	.LFE32
 569 0008 00000000 		.4byte	.LFB33
 570 000c 14000000 		.4byte	.LFE33
 571 0010 00000000 		.4byte	.LFB34
 572 0014 3C000000 		.4byte	.LFE34
 573 0018 00000000 		.4byte	0
ARM GAS  C:\Users\ASUS\AppData\Local\Temp\ccOx4V7I.s 			page 13


 574 001c 00000000 		.4byte	0
 575              		.section	.debug_line,"",%progbits
 576              	.Ldebug_line0:
 577 0000 C4000000 		.section	.debug_str,"MS",%progbits,1
 577      02006800 
 577      00000201 
 577      FB0E0D00 
 577      01010101 
 578              	.LASF6:
 579 0000 6C6F6E67 		.ascii	"long long int\000"
 579      206C6F6E 
 579      6720696E 
 579      7400
 580              	.LASF8:
 581 000e 756E7369 		.ascii	"unsigned int\000"
 581      676E6564 
 581      20696E74 
 581      00
 582              	.LASF21:
 583 001b 6D61696E 		.ascii	"main.c\000"
 583      2E6300
 584              	.LASF25:
 585 0022 6D61696E 		.ascii	"main\000"
 585      00
 586              	.LASF22:
 587 0027 433A5C61 		.ascii	"C:\\aixt\\aixt\\ports\\Cypress\\CY8CKIT-049-42XX\\e"
 587      6978745C 
 587      61697874 
 587      5C706F72 
 587      74735C43 
 588 0054 78616D70 		.ascii	"xamples\\CY8CKIT-049-42XX-pwm.cydsn\000"
 588      6C65735C 
 588      43593843 
 588      4B49542D 
 588      3034392D 
 589              	.LASF16:
 590 0077 70776D30 		.ascii	"pwm0_Start\000"
 590      5F537461 
 590      727400
 591              	.LASF19:
 592 0082 43794465 		.ascii	"CyDelay\000"
 592      6C617900 
 593              	.LASF5:
 594 008a 6C6F6E67 		.ascii	"long unsigned int\000"
 594      20756E73 
 594      69676E65 
 594      6420696E 
 594      7400
 595              	.LASF7:
 596 009c 6C6F6E67 		.ascii	"long long unsigned int\000"
 596      206C6F6E 
 596      6720756E 
 596      7369676E 
 596      65642069 
 597              	.LASF24:
 598 00b3 70776D5F 		.ascii	"pwm__init\000"
 598      5F696E69 
ARM GAS  C:\Users\ASUS\AppData\Local\Temp\ccOx4V7I.s 			page 14


 598      7400
 599              	.LASF14:
 600 00bd 70776D31 		.ascii	"pwm1_Start\000"
 600      5F537461 
 600      727400
 601              	.LASF1:
 602 00c8 756E7369 		.ascii	"unsigned char\000"
 602      676E6564 
 602      20636861 
 602      7200
 603              	.LASF17:
 604 00d6 636C6F63 		.ascii	"clock_Start\000"
 604      6B5F5374 
 604      61727400 
 605              	.LASF23:
 606 00e2 6D61696E 		.ascii	"main__init\000"
 606      5F5F696E 
 606      697400
 607              	.LASF4:
 608 00ed 6C6F6E67 		.ascii	"long int\000"
 608      20696E74 
 608      00
 609              	.LASF13:
 610 00f6 73697A65 		.ascii	"sizetype\000"
 610      74797065 
 610      00
 611              	.LASF10:
 612 00ff 646F7562 		.ascii	"double\000"
 612      6C6500
 613              	.LASF18:
 614 0106 70776D30 		.ascii	"pwm0_WriteCompare\000"
 614      5F577269 
 614      7465436F 
 614      6D706172 
 614      6500
 615              	.LASF15:
 616 0118 70776D32 		.ascii	"pwm2_Start\000"
 616      5F537461 
 616      727400
 617              	.LASF20:
 618 0123 474E5520 		.ascii	"GNU C11 5.4.1 20160609 (release) [ARM/embedded-5-br"
 618      43313120 
 618      352E342E 
 618      31203230 
 618      31363036 
 619 0156 616E6368 		.ascii	"anch revision 237715] -mcpu=cortex-m0 -mthumb -g -O"
 619      20726576 
 619      6973696F 
 619      6E203233 
 619      37373135 
 620 0189 67202D66 		.ascii	"g -ffunction-sections -ffat-lto-objects\000"
 620      66756E63 
 620      74696F6E 
 620      2D736563 
 620      74696F6E 
 621              	.LASF3:
 622 01b1 73686F72 		.ascii	"short unsigned int\000"
ARM GAS  C:\Users\ASUS\AppData\Local\Temp\ccOx4V7I.s 			page 15


 622      7420756E 
 622      7369676E 
 622      65642069 
 622      6E7400
 623              	.LASF0:
 624 01c4 7369676E 		.ascii	"signed char\000"
 624      65642063 
 624      68617200 
 625              	.LASF12:
 626 01d0 6C6F6E67 		.ascii	"long double\000"
 626      20646F75 
 626      626C6500 
 627              	.LASF9:
 628 01dc 666C6F61 		.ascii	"float\000"
 628      7400
 629              	.LASF2:
 630 01e2 73686F72 		.ascii	"short int\000"
 630      7420696E 
 630      7400
 631              	.LASF11:
 632 01ec 63686172 		.ascii	"char\000"
 632      00
 633              		.ident	"GCC: (GNU Tools for ARM Embedded Processors) 5.4.1 20160609 (release) [ARM/embedded-5-bran
