

Microchip MPLAB XC8 Assembler V2.41 build 20230208172133 
                                                                                               Mon Feb 26 04:02:41 2024

Microchip MPLAB XC8 C Compiler v2.41 (Free license) build 20230208172133 Og1 
     1                           	processor	16F676
     2                           	pagewidth 120
     3                           	opt	flic
     4                           	psect	cinit,global,class=CODE,merge=1,delta=2
     5                           	psect	cstackCOMMON,global,class=COMMON,space=1,delta=1,noexec
     6                           	psect	cstackBANK0,global,class=BANK0,space=1,delta=1,noexec
     7                           	psect	maintext,global,class=CODE,split=1,delta=2
     8                           	psect	config,global,abs,ovrld,class=CONFIG,space=4,delta=2,noexec
     9                           	dabs	1,0x5E,2
    10     0000                     
    11                           ; Generated 22/03/2023 GMT
    12                           ; 
    13                           ; Copyright © 2023, Microchip Technology Inc. and its subsidiaries ("Microchip")
    14                           ; All rights reserved.
    15                           ; 
    16                           ; This software is developed by Microchip Technology Inc. and its subsidiaries ("Microch
      +                          ip").
    17                           ; 
    18                           ; Redistribution and use in source and binary forms, with or without modification, are
    19                           ; permitted provided that the following conditions are met:
    20                           ; 
    21                           ;     1. Redistributions of source code must retain the above copyright notice, this lis
      +                          t of
    22                           ;        conditions and the following disclaimer.
    23                           ; 
    24                           ;     2. Redistributions in binary form must reproduce the above copyright notice, this 
      +                          list
    25                           ;        of conditions and the following disclaimer in the documentation and/or other
    26                           ;        materials provided with the distribution. Publication is not required when
    27                           ;        this file is used in an embedded application.
    28                           ; 
    29                           ;     3. Microchip's name may not be used to endorse or promote products derived from th
      +                          is
    30                           ;        software without specific prior written permission.
    31                           ; 
    32                           ; THIS SOFTWARE IS PROVIDED BY MICROCHIP "AS IS" AND ANY EXPRESS OR IMPLIED WARRANTIES,
    33                           ; INCLUDING, BUT NOT LIMITED TO, THE IMPLIED WARRANTIES OF MERCHANTABILITY AND FITNESS F
      +                          OR
    34                           ; PURPOSE ARE DISCLAIMED.  IN NO EVENT SHALL MICROCHIP BE LIABLE FOR ANY DIRECT, INDIREC
      +                          T,
    35                           ; INCIDENTAL, SPECIAL, EXEMPLARY, OR CONSEQUENTIAL DAMAGES (INCLUDING BUT NOT LIMITED TO
    36                           ; PROCUREMENT OF SUBSTITUTE GOODS OR SERVICES; LOSS OF USE, DATA OR PROFITS; OR BUSINESS
    37                           ; INTERRUPTION) HOWSOEVER CAUSED AND ON ANY THEORY OF LIABILITY, WHETHER IN CONTRACT, ST
      +                          RICT
    38                           ; LIABILITY, OR TORT (INCLUDING NEGLIGENCE OR OTHERWISE) ARISING IN ANY WAY OUT OF THE U
      +                          SE OF
    39                           ; THIS SOFTWARE, EVEN IF ADVISED OF THE POSSIBILITY OF SUCH DAMAGE.
    40                           ; 
    41                           ; 
    42                           ; Code-generator required, PIC16F676 Definitions
    43                           ; 
    44                           ; SFR Addresses
    45     0000                     	;# 
    46     0001                     	;# 
    47     0002                     	;# 
    48     0003                     	;# 
    49     0004                     	;# 
    50     0005                     	;# 
    51     0007                     	;# 
    52     000A                     	;# 
    53     000B                     	;# 
    54     000C                     	;# 
    55     000E                     	;# 
    56     000E                     	;# 
    57     000F                     	;# 
    58     0010                     	;# 
    59     0019                     	;# 
    60     001E                     	;# 
    61     001F                     	;# 
    62     0081                     	;# 
    63     0085                     	;# 
    64     0087                     	;# 
    65     008C                     	;# 
    66     008E                     	;# 
    67     0090                     	;# 
    68     0091                     	;# 
    69     0095                     	;# 
    70     0095                     	;# 
    71     0096                     	;# 
    72     0096                     	;# 
    73     0099                     	;# 
    74     009A                     	;# 
    75     009A                     	;# 
    76     009B                     	;# 
    77     009C                     	;# 
    78     009D                     	;# 
    79     009E                     	;# 
    80     009F                     	;# 
    81     0000                     	;# 
    82     0001                     	;# 
    83     0002                     	;# 
    84     0003                     	;# 
    85     0004                     	;# 
    86     0005                     	;# 
    87     0007                     	;# 
    88     000A                     	;# 
    89     000B                     	;# 
    90     000C                     	;# 
    91     000E                     	;# 
    92     000E                     	;# 
    93     000F                     	;# 
    94     0010                     	;# 
    95     0019                     	;# 
    96     001E                     	;# 
    97     001F                     	;# 
    98     0081                     	;# 
    99     0085                     	;# 
   100     0087                     	;# 
   101     008C                     	;# 
   102     008E                     	;# 
   103     0090                     	;# 
   104     0091                     	;# 
   105     0095                     	;# 
   106     0095                     	;# 
   107     0096                     	;# 
   108     0096                     	;# 
   109     0099                     	;# 
   110     009A                     	;# 
   111     009A                     	;# 
   112     009B                     	;# 
   113     009C                     	;# 
   114     009D                     	;# 
   115     009E                     	;# 
   116     009F                     	;# 
   117                           
   118                           	psect	cinit
   119     03FD                     start_initialization:	
   120                           ; #config settings
   121                           
   122     03FD                     __initialization:
   123     03FD                     end_of_initialization:	
   124                           ;End of C runtime variable initialization code
   125                           
   126     03FD                     __end_of__initialization:
   127     03FD  0183               	clrf	3
   128     03FE  2BFC               	ljmp	_main	;jump to C main() function
   129                           
   130                           	psect	cstackCOMMON
   131     0000                     __pcstackCOMMON:
   132     0000                     ??_main:
   133                           
   134                           	psect	cstackBANK0
   135     0000                     __pcstackBANK0:	
   136                           ; 1 bytes @ 0x0
   137                           
   138     0000                     ?_main:
   139                           
   140                           	psect	maintext
   141     03FC                     __pmaintext:	
   142                           ; 1 bytes @ 0x0
   143 ;;
   144 ;;Main: autosize = 0, tempsize = 0, incstack = 0, save=0
   145 ;;
   146 ;; *************** function _main *****************
   147 ;; Defined at:
   148 ;;		line 21 in file "blinking.c"
   149 ;; Parameters:    Size  Location     Type
   150 ;;		None
   151 ;; Auto vars:     Size  Location     Type
   152 ;;		None
   153 ;; Return value:  Size  Location     Type
   154 ;;                  1    wreg      void 
   155 ;; Registers used:
   156 ;;		None
   157 ;; Tracked objects:
   158 ;;		On entry : B00/0
   159 ;;		On exit  : 0/0
   160 ;;		Unchanged: 0/0
   161 ;; Data sizes:     COMMON   BANK0
   162 ;;      Params:         0       0
   163 ;;      Locals:         0       0
   164 ;;      Temps:          0       0
   165 ;;      Totals:         0       0
   166 ;;Total ram usage:        0 bytes
   167 ;; This function calls:
   168 ;;		Nothing
   169 ;; This function is called by:
   170 ;;		Startup code after reset
   171 ;; This function uses a non-reentrant model
   172 ;;
   173                           
   174     03FC                     _main:	
   175                           ;psect for function _main
   176                           
   177     03FC                     l5:	
   178                           ;incstack = 0
   179                           ; Regs used in _main: []
   180                           
   181     03FC  2800               	ljmp	start
   182     03FD                     __end_of_main:
   183     005E                     btemp	set	94	;btemp
   184     005E                     wtemp0	set	94
   185                           
   186                           	psect	config
   187                           
   188                           ;Config register CONFIG @ 0x2007
   189                           ;	Oscillator Selection bits
   190                           ;	FOSC = INTRCIO, INTOSC oscillator: I/O function on RA4/OSC2/CLKOUT pin, I/O function o
      +                          n RA5/OSC1/CLKIN
   191                           ;	Watchdog Timer Enable bit
   192                           ;	WDTE = OFF, WDT disabled
   193                           ;	Power-up Timer Enable bit
   194                           ;	PWRTE = OFF, PWRT disabled
   195                           ;	RA3/MCLR pin function select
   196                           ;	MCLRE = OFF, RA3/MCLR pin function is digital I/O, MCLR internally tied to VDD
   197                           ;	Brown-out Detect Enable bit
   198                           ;	BOREN = OFF, BOD disabled
   199                           ;	Code Protection bit
   200                           ;	CP = OFF, Program Memory code protection is disabled
   201                           ;	Data Code Protection bit
   202                           ;	CPD = OFF, Data memory code protection is disabled
   203     2007                     	org	8199
   204     2007  3F94               	dw	16276

Data Sizes:
    Strings     0
    Constant    0
    Data        0
    BSS         0
    Persistent  0
    Stack       0

Auto Spaces:
    Space          Size  Autos    Used
    COMMON            0      0       0
    BANK0            62      0       0

Pointer List with Targets:

    None.

Critical Paths under _main in COMMON

    None.

Critical Paths under _main in BANK0

    None.

Call Graph Tables:

 ---------------------------------------------------------------------------------
 (Depth) Function   	        Calls       Base Space   Used Autos Params    Refs
 ---------------------------------------------------------------------------------
 (0) _main                                                 0     0      0       0
 ---------------------------------------------------------------------------------
 Estimated maximum stack depth 0
 ---------------------------------------------------------------------------------

 Call Graph Graphs:

 _main (ROOT)

 Address spaces:
Name               Size   Autos  Total    Cost      Usage
BITCOMMON            0      0       0       0        0.0%
EEDATA              80      0       0       0        0.0%
NULL                 0      0       0       0        0.0%
CODE                 0      0       0       0        0.0%
BITSFR0              0      0       0       1        0.0%
SFR0                 0      0       0       1        0.0%
COMMON               0      0       0       1        0.0%
BITSFR1              0      0       0       2        0.0%
SFR1                 0      0       0       2        0.0%
STACK                0      0       0       2        0.0%
BITBANK0            3E      0       0       3        0.0%
BANK0               3E      0       0       4        0.0%
ABS                  0      0       0       5        0.0%
DATA                 0      0       0       6        0.0%


Microchip Technology PIC Macro Assembler V2.41 build 20230208172133 
Symbol Table                                                                                   Mon Feb 26 04:02:41 2024

                      l5 03FC                     _main 03FC                     btemp 005E  
                   start 0000                    ?_main 0000                    status 0003  
                  wtemp0 005E          __initialization 03FD             __end_of_main 03FD  
                 ??_main 0000  __end_of__initialization 03FD           __pcstackCOMMON 0000  
             __pmaintext 03FC     end_of_initialization 03FD      start_initialization 03FD  
              ___latbits 0000            __pcstackBANK0 0000  
