

Microchip MPLAB XC8 Assembler V2.40 build 20220703182018 
                                                                                               Sat Jan 06 23:10:26 2024

Microchip MPLAB XC8 C Compiler v2.40 (Free license) build 20220703182018 Og1 
     1                           	processor	18F452
     2                           	fnconf	rparam,??,?,0
     3                           	pagewidth 120
     4                           	opt	flic
     5                           	psect	idataCOMRAM,global,class=CODE,delta=1,noexec
     6                           	psect	cinit,global,reloc=2,class=CODE,delta=1
     7                           	psect	bssCOMRAM,global,class=COMRAM,space=1,delta=1,lowdata,noexec
     8                           	psect	dataCOMRAM,global,class=COMRAM,space=1,delta=1,lowdata,noexec
     9                           	psect	cstackCOMRAM,global,class=COMRAM,space=1,delta=1,lowdata,noexec
    10                           	psect	text0,global,reloc=2,class=CODE,delta=1
    11                           	psect	intsave_regs,global,class=BIGRAM,space=1,delta=1,noexec
    12                           	psect	rparam,global,class=COMRAM,space=1,delta=1,noexec
    13                           	psect	idloc,global,abs,ovrld,class=IDLOC,space=5,delta=1,noexec
    14                           	psect	config,global,abs,ovrld,class=CONFIG,space=4,delta=1,noexec
    15   000000                     
    16                           ; Version 2.40
    17                           ; Generated 17/11/2021 GMT
    18                           ; 
    19                           ; Copyright © 2021, Microchip Technology Inc. and its subsidiaries ("Microchip")
    20                           ; All rights reserved.
    21                           ; 
    22                           ; This software is developed by Microchip Technology Inc. and its subsidiaries ("Microch
      +                          ip").
    23                           ; 
    24                           ; Redistribution and use in source and binary forms, with or without modification, are
    25                           ; permitted provided that the following conditions are met:
    26                           ; 
    27                           ;     1. Redistributions of source code must retain the above copyright notice, this lis
      +                          t of
    28                           ;        conditions and the following disclaimer.
    29                           ; 
    30                           ;     2. Redistributions in binary form must reproduce the above copyright notice, this 
      +                          list
    31                           ;        of conditions and the following disclaimer in the documentation and/or other
    32                           ;        materials provided with the distribution. Publication is not required when
    33                           ;        this file is used in an embedded application.
    34                           ; 
    35                           ;     3. Microchip's name may not be used to endorse or promote products derived from th
      +                          is
    36                           ;        software without specific prior written permission.
    37                           ; 
    38                           ; THIS SOFTWARE IS PROVIDED BY MICROCHIP "AS IS" AND ANY EXPRESS OR IMPLIED WARRANTIES,
    39                           ; INCLUDING, BUT NOT LIMITED TO, THE IMPLIED WARRANTIES OF MERCHANTABILITY AND FITNESS F
      +                          OR
    40                           ; PURPOSE ARE DISCLAIMED.  IN NO EVENT SHALL MICROCHIP BE LIABLE FOR ANY DIRECT, INDIREC
      +                          T,
    41                           ; INCIDENTAL, SPECIAL, EXEMPLARY, OR CONSEQUENTIAL DAMAGES (INCLUDING BUT NOT LIMITED TO
    42                           ; PROCUREMENT OF SUBSTITUTE GOODS OR SERVICES; LOSS OF USE, DATA OR PROFITS; OR BUSINESS
    43                           ; INTERRUPTION) HOWSOEVER CAUSED AND ON ANY THEORY OF LIABILITY, WHETHER IN CONTRACT, ST
      +                          RICT
    44                           ; LIABILITY, OR TORT (INCLUDING NEGLIGENCE OR OTHERWISE) ARISING IN ANY WAY OUT OF THE U
      +                          SE OF
    45                           ; THIS SOFTWARE, EVEN IF ADVISED OF THE POSSIBILITY OF SUCH DAMAGE.
    46                           ; 
    47                           ; 
    48                           ; Code-generator required, PIC18F452 Definitions
    49                           ; 
    50                           ; SFR Addresses
    51   000000                     
    52                           	psect	idataCOMRAM
    53   003EC6                     __pidataCOMRAM:
    54                           	callstack 0
    55                           
    56                           ;initializer for _display
    57   003EC6  40                 	db	64
    58   003EC7  79                 	db	121
    59   003EC8  24                 	db	36
    60   003EC9  30                 	db	48
    61   003ECA  19                 	db	25
    62   003ECB  12                 	db	18
    63   003ECC  02                 	db	2
    64   003ECD  78                 	db	120
    65   003ECE  00                 	db	0
    66   003ECF  10                 	db	16
    67   000000                     _PORTCbits	set	3970
    68   000000                     _LATB	set	3978
    69   000000                     _TRISB	set	3987
    70   000000                     _TRISCbits	set	3988
    71   000000                     _ADCON1bits	set	4033
    72                           
    73                           ; #config settings
    74                           
    75                           	psect	cinit
    76   003ED0                     __pcinit:
    77                           	callstack 0
    78   003ED0                     start_initialization:
    79                           	callstack 0
    80   003ED0                     __initialization:
    81                           	callstack 0
    82                           
    83                           ; Initialize objects allocated to COMRAM (10 bytes)
    84                           ; load TBLPTR registers with __pidataCOMRAM
    85   003ED0  0EC6               	movlw	low __pidataCOMRAM
    86   003ED2  6EF6               	movwf	tblptrl,c
    87   003ED4  0E3E               	movlw	high __pidataCOMRAM
    88   003ED6  6EF7               	movwf	tblptrh,c
    89   003ED8  0E00               	movlw	low (__pidataCOMRAM shr (0+16))
    90   003EDA  6EF8               	movwf	tblptru,c
    91   003EDC  EE00  F001         	lfsr	0,__pdataCOMRAM
    92   003EE0  EE10 F00A          	lfsr	1,10
    93   003EE4                     copy_data0:
    94   003EE4  0009               	tblrd		*+
    95   003EE6  CFF5 FFEE          	movff	tablat,postinc0
    96   003EEA  50E5               	movf	postdec1,w,c
    97   003EEC  50E1               	movf	fsr1l,w,c
    98   003EEE  E1FA               	bnz	copy_data0
    99                           
   100                           ; Clear objects allocated to COMRAM (2 bytes)
   101   003EF0  6A0C               	clrf	(__pbssCOMRAM+1)& (0+255),c
   102   003EF2  6A0B               	clrf	__pbssCOMRAM& (0+255),c
   103   003EF4                     end_of_initialization:
   104                           	callstack 0
   105   003EF4                     __end_of__initialization:
   106                           	callstack 0
   107   003EF4  0100               	movlb	0
   108   003EF6  EF7D  F01F         	goto	_main	;jump to C main() function
   109                           
   110                           	psect	bssCOMRAM
   111   00000B                     __pbssCOMRAM:
   112                           	callstack 0
   113   00000B                     _contador:
   114                           	callstack 0
   115   00000B                     	ds	2
   116                           
   117                           	psect	dataCOMRAM
   118   000001                     __pdataCOMRAM:
   119                           	callstack 0
   120   000001                     _display:
   121                           	callstack 0
   122   000001                     	ds	10
   123                           
   124                           	psect	cstackCOMRAM
   125   00000D                     __pcstackCOMRAM:
   126                           	callstack 0
   127   00000D                     ??_main:
   128                           
   129                           ; 1 bytes @ 0x0
   130   00000D                     	ds	1
   131                           
   132 ;;
   133 ;;Main: autosize = 0, tempsize = 1, incstack = 0, save=0
   134 ;;
   135 ;; *************** function _main *****************
   136 ;; Defined at:
   137 ;;		line 67 in file "7Segmentos_452.c"
   138 ;; Parameters:    Size  Location     Type
   139 ;;		None
   140 ;; Auto vars:     Size  Location     Type
   141 ;;		None
   142 ;; Return value:  Size  Location     Type
   143 ;;                  1    wreg      void 
   144 ;; Registers used:
   145 ;;		wreg, fsr2l, fsr2h, status,2, status,0
   146 ;; Tracked objects:
   147 ;;		On entry : 0/0
   148 ;;		On exit  : 0/0
   149 ;;		Unchanged: 0/0
   150 ;; Data sizes:     COMRAM   BANK0   BANK1   BANK2   BANK3   BANK4   BANK5
   151 ;;      Params:         0       0       0       0       0       0       0
   152 ;;      Locals:         0       0       0       0       0       0       0
   153 ;;      Temps:          1       0       0       0       0       0       0
   154 ;;      Totals:         1       0       0       0       0       0       0
   155 ;;Total ram usage:        1 bytes
   156 ;; This function calls:
   157 ;;		Nothing
   158 ;; This function is called by:
   159 ;;		Startup code after reset
   160 ;; This function uses a non-reentrant model
   161 ;;
   162                           
   163                           	psect	text0
   164   003EFA                     __ptext0:
   165                           	callstack 0
   166   003EFA                     _main:
   167                           	callstack 31
   168   003EFA  FFFF               	dw	65535	; assembler added errata NOP
   169   003EFC  0E0F               	movlw	15
   170   003EFE  12C1               	iorwf	193,f,c	;volatile
   171   003F00  8094               	bsf	148,0,c	;volatile
   172   003F02  8294               	bsf	148,1,c	;volatile
   173   003F04  0E00               	movlw	0
   174   003F06  6E93               	movwf	147,c	;volatile
   175   003F08  0E00               	movlw	0
   176   003F0A  6E8A               	movwf	138,c	;volatile
   177   003F0C                     l716:
   178   003F0C  FFFF               	dw	65535	; assembler added errata NOP
   179   003F0E  A082               	btfss	130,0,c	;volatile
   180   003F10  EF8C  F01F         	goto	u11
   181   003F14  EF8F  F01F         	goto	u10
   182   003F18                     u11:
   183   003F18  FFFF               	dw	65535	; assembler added errata NOP
   184   003F1A  EFC2  F01F         	goto	l732
   185   003F1E                     u10:
   186   003F1E  FFFF               	dw	65535	; assembler added errata NOP
   187   003F20                     l23:
   188   003F20  FFFF               	dw	65535	; assembler added errata NOP
   189   003F22  B082               	btfsc	130,0,c	;volatile
   190   003F24  EF96  F01F         	goto	u21
   191   003F28  EF99  F01F         	goto	u20
   192   003F2C                     u21:
   193   003F2C  FFFF               	dw	65535	; assembler added errata NOP
   194   003F2E  EF90  F01F         	goto	l23
   195   003F32                     u20:
   196   003F32  FFFF               	dw	65535	; assembler added errata NOP
   197   003F34  0E27               	movlw	39
   198   003F36  6E0D               	movwf	??_main^0,c
   199   003F38  0EFC               	movlw	252
   200   003F3A                     u77:
   201   003F3A  FFFF               	dw	65535	; errata NOP
   202   003F3C  2EE8               	decfsz	wreg,f,c
   203   003F3E  D7FD               	bra	u77
   204   003F40  2E0D               	decfsz	??_main^0,f,c
   205   003F42  D7FB               	bra	u77
   206   003F44  4A0B               	infsnz	_contador^0,f,c
   207   003F46  2A0C               	incf	(_contador+1)^0,f,c
   208   003F48  0E01               	movlw	low _display
   209   003F4A  240B               	addwf	_contador^0,w,c
   210   003F4C  6ED9               	movwf	fsr2l,c
   211   003F4E  0E00               	movlw	high _display
   212   003F50  200C               	addwfc	(_contador+1)^0,w,c
   213   003F52  6EDA               	movwf	fsr2h,c
   214   003F54  50DF               	movf	indf2,w,c
   215   003F56  6E8A               	movwf	138,c	;volatile
   216   003F58  BE0C               	btfsc	(_contador+1)^0,7,c
   217   003F5A  EFB8  F01F         	goto	u31
   218   003F5E  500C               	movf	(_contador+1)^0,w,c
   219   003F60  E10A               	bnz	u30
   220   003F62  0E0A               	movlw	10
   221   003F64  5C0B               	subwf	_contador^0,w,c
   222   003F66  A0D8               	btfss	status,0,c
   223   003F68  EFB8  F01F         	goto	u31
   224   003F6C  EFBB  F01F         	goto	u30
   225   003F70                     u31:
   226   003F70  FFFF               	dw	65535	; assembler added errata NOP
   227   003F72  EFC2  F01F         	goto	l732
   228   003F76                     u30:
   229   003F76  FFFF               	dw	65535	; assembler added errata NOP
   230   003F78  0E00               	movlw	0
   231   003F7A  6E0C               	movwf	(_contador+1)^0,c
   232   003F7C  0E09               	movlw	9
   233   003F7E  6E0B               	movwf	_contador^0,c
   234   003F80  C00A  FF8A         	movff	_display+9,3978	;volatile
   235   003F84                     l732:
   236   003F84  FFFF               	dw	65535	; assembler added errata NOP
   237   003F86  A282               	btfss	130,1,c	;volatile
   238   003F88  EFC8  F01F         	goto	u41
   239   003F8C  EFCB  F01F         	goto	u40
   240   003F90                     u41:
   241   003F90  FFFF               	dw	65535	; assembler added errata NOP
   242   003F92  EF86  F01F         	goto	l716
   243   003F96                     u40:
   244   003F96  FFFF               	dw	65535	; assembler added errata NOP
   245   003F98                     l28:
   246   003F98  FFFF               	dw	65535	; assembler added errata NOP
   247   003F9A  B282               	btfsc	130,1,c	;volatile
   248   003F9C  EFD2  F01F         	goto	u51
   249   003FA0  EFD5  F01F         	goto	u50
   250   003FA4                     u51:
   251   003FA4  FFFF               	dw	65535	; assembler added errata NOP
   252   003FA6  EFCC  F01F         	goto	l28
   253   003FAA                     u50:
   254   003FAA  FFFF               	dw	65535	; assembler added errata NOP
   255   003FAC  0E27               	movlw	39
   256   003FAE  6E0D               	movwf	??_main^0,c
   257   003FB0  0EFC               	movlw	252
   258   003FB2                     u87:
   259   003FB2  FFFF               	dw	65535	; errata NOP
   260   003FB4  2EE8               	decfsz	wreg,f,c
   261   003FB6  D7FD               	bra	u87
   262   003FB8  2E0D               	decfsz	??_main^0,f,c
   263   003FBA  D7FB               	bra	u87
   264   003FBC  060B               	decf	_contador^0,f,c
   265   003FBE  A0D8               	btfss	status,0,c
   266   003FC0  060C               	decf	(_contador+1)^0,f,c
   267   003FC2  0E01               	movlw	low _display
   268   003FC4  240B               	addwf	_contador^0,w,c
   269   003FC6  6ED9               	movwf	fsr2l,c
   270   003FC8  0E00               	movlw	high _display
   271   003FCA  200C               	addwfc	(_contador+1)^0,w,c
   272   003FCC  6EDA               	movwf	fsr2h,c
   273   003FCE  50DF               	movf	indf2,w,c
   274   003FD0  6E8A               	movwf	138,c	;volatile
   275   003FD2  280B               	incf	_contador^0,w,c
   276   003FD4  E106               	bnz	u61
   277   003FD6  280C               	incf	(_contador+1)^0,w,c
   278   003FD8  A4D8               	btfss	status,2,c
   279   003FDA  EFF1  F01F         	goto	u61
   280   003FDE  EFF4  F01F         	goto	u60
   281   003FE2                     u61:
   282   003FE2  FFFF               	dw	65535	; assembler added errata NOP
   283   003FE4  EF86  F01F         	goto	l716
   284   003FE8                     u60:
   285   003FE8  FFFF               	dw	65535	; assembler added errata NOP
   286   003FEA  0E00               	movlw	0
   287   003FEC  6E0C               	movwf	(_contador+1)^0,c
   288   003FEE  0E00               	movlw	0
   289   003FF0  6E0B               	movwf	_contador^0,c
   290   003FF2  C001  FF8A         	movff	_display,3978	;volatile
   291   003FF6  EF86  F01F         	goto	l716
   292   003FFA  EF01  F000         	goto	start
   293   003FFE                     __end_of_main:
   294                           	callstack 0
   295   003FFE  FFFF               	dw	65535	; assembler added errata NOP
   296                           
   297                           	psect	rparam
   298   000000                     
   299                           	psect	idloc
   300                           
   301                           ;Config register IDLOC0 @ 0x200000
   302                           ;	unspecified, using default values
   303   200000                     	org	2097152
   304   200000  FF                 	db	255
   305                           
   306                           ;Config register IDLOC1 @ 0x200001
   307                           ;	unspecified, using default values
   308   200001                     	org	2097153
   309   200001  FF                 	db	255
   310                           
   311                           ;Config register IDLOC2 @ 0x200002
   312                           ;	unspecified, using default values
   313   200002                     	org	2097154
   314   200002  FF                 	db	255
   315                           
   316                           ;Config register IDLOC3 @ 0x200003
   317                           ;	unspecified, using default values
   318   200003                     	org	2097155
   319   200003  FF                 	db	255
   320                           
   321                           ;Config register IDLOC4 @ 0x200004
   322                           ;	unspecified, using default values
   323   200004                     	org	2097156
   324   200004  FF                 	db	255
   325                           
   326                           ;Config register IDLOC5 @ 0x200005
   327                           ;	unspecified, using default values
   328   200005                     	org	2097157
   329   200005  FF                 	db	255
   330                           
   331                           ;Config register IDLOC6 @ 0x200006
   332                           ;	unspecified, using default values
   333   200006                     	org	2097158
   334   200006  FF                 	db	255
   335                           
   336                           ;Config register IDLOC7 @ 0x200007
   337                           ;	unspecified, using default values
   338   200007                     	org	2097159
   339   200007  FF                 	db	255
   340                           
   341                           	psect	config
   342                           
   343                           ; Padding undefined space
   344   300000                     	org	3145728
   345   300000  FF                 	db	255
   346                           
   347                           ;Config register CONFIG1H @ 0x300001
   348                           ;	Oscillator Selection bits
   349                           ;	OSC = HS, HS oscillator
   350                           ;	Oscillator System Clock Switch Enable bit
   351                           ;	OSCS = OFF, Oscillator system clock switch option is disabled (main oscillator is sour
      +                          ce)
   352   300001                     	org	3145729
   353   300001  22                 	db	34
   354                           
   355                           ;Config register CONFIG2L @ 0x300002
   356                           ;	Power-up Timer Enable bit
   357                           ;	PWRT = OFF, PWRT disabled
   358                           ;	Brown-out Reset Enable bit
   359                           ;	BOR = OFF, Brown-out Reset disabled
   360                           ;	Brown-out Reset Voltage bits
   361                           ;	BORV = 20, VBOR set to 2.0V
   362   300002                     	org	3145730
   363   300002  0D                 	db	13
   364                           
   365                           ;Config register CONFIG2H @ 0x300003
   366                           ;	Watchdog Timer Enable bit
   367                           ;	WDT = OFF, WDT disabled (control is placed on the SWDTEN bit)
   368                           ;	Watchdog Timer Postscale Select bits
   369                           ;	WDTPS = 128, 1:128
   370   300003                     	org	3145731
   371   300003  0E                 	db	14
   372                           
   373                           ; Padding undefined space
   374   300004                     	org	3145732
   375   300004  FF                 	db	255
   376                           
   377                           ;Config register CONFIG3H @ 0x300005
   378                           ;	CCP2 Mux bit
   379                           ;	CCP2MUX = ON, CCP2 input/output is multiplexed with RC1
   380   300005                     	org	3145733
   381   300005  01                 	db	1
   382                           
   383                           ;Config register CONFIG4L @ 0x300006
   384                           ;	Stack Full/Underflow Reset Enable bit
   385                           ;	STVR = ON, Stack Full/Underflow will cause RESET
   386                           ;	Low Voltage ICSP Enable bit
   387                           ;	LVP = ON, Low Voltage ICSP enabled
   388                           ;	Background Debugger Enable bit
   389                           ;	DEBUG = 0x1, unprogrammed default
   390   300006                     	org	3145734
   391   300006  85                 	db	133
   392                           
   393                           ; Padding undefined space
   394   300007                     	org	3145735
   395   300007  FF                 	db	255
   396                           
   397                           ;Config register CONFIG5L @ 0x300008
   398                           ;	Code Protection bit
   399                           ;	CP0 = OFF, Block 0 (000200-001FFFh) not code protected
   400                           ;	Code Protection bit
   401                           ;	CP1 = OFF, Block 1 (002000-003FFFh) not code protected
   402                           ;	Code Protection bit
   403                           ;	CP2 = OFF, Block 2 (004000-005FFFh) not code protected
   404                           ;	Code Protection bit
   405                           ;	CP3 = OFF, Block 3 (006000-007FFFh) not code protected
   406   300008                     	org	3145736
   407   300008  0F                 	db	15
   408                           
   409                           ;Config register CONFIG5H @ 0x300009
   410                           ;	Boot Block Code Protection bit
   411                           ;	CPB = OFF, Boot Block (000000-0001FFh) not code protected
   412                           ;	Data EEPROM Code Protection bit
   413                           ;	CPD = OFF, Data EEPROM not code protected
   414   300009                     	org	3145737
   415   300009  C0                 	db	192
   416                           
   417                           ;Config register CONFIG6L @ 0x30000A
   418                           ;	Write Protection bit
   419                           ;	WRT0 = OFF, Block 0 (000200-001FFFh) not write protected
   420                           ;	Write Protection bit
   421                           ;	WRT1 = OFF, Block 1 (002000-003FFFh) not write protected
   422                           ;	Write Protection bit
   423                           ;	WRT2 = OFF, Block 2 (004000-005FFFh) not write protected
   424                           ;	Write Protection bit
   425                           ;	WRT3 = OFF, Block 3 (006000-007FFFh) not write protected
   426   30000A                     	org	3145738
   427   30000A  0F                 	db	15
   428                           
   429                           ;Config register CONFIG6H @ 0x30000B
   430                           ;	Configuration Register Write Protection bit
   431                           ;	WRTC = OFF, Configuration registers (300000-3000FFh) not write protected
   432                           ;	Boot Block Write Protection bit
   433                           ;	WRTB = OFF, Boot Block (000000-0001FFh) not write protected
   434                           ;	Data EEPROM Write Protection bit
   435                           ;	WRTD = OFF, Data EEPROM not write protected
   436   30000B                     	org	3145739
   437   30000B  E0                 	db	224
   438                           
   439                           ;Config register CONFIG7L @ 0x30000C
   440                           ;	Table Read Protection bit
   441                           ;	EBTR0 = OFF, Block 0 (000200-001FFFh) not protected from Table Reads executed in other
      +                           blocks
   442                           ;	Table Read Protection bit
   443                           ;	EBTR1 = OFF, Block 1 (002000-003FFFh) not protected from Table Reads executed in other
      +                           blocks
   444                           ;	Table Read Protection bit
   445                           ;	EBTR2 = OFF, Block 2 (004000-005FFFh) not protected from Table Reads executed in other
      +                           blocks
   446                           ;	Table Read Protection bit
   447                           ;	EBTR3 = OFF, Block 3 (006000-007FFFh) not protected from Table Reads executed in other
      +                           blocks
   448   30000C                     	org	3145740
   449   30000C  0F                 	db	15
   450                           
   451                           ;Config register CONFIG7H @ 0x30000D
   452                           ;	Boot Block Table Read Protection bit
   453                           ;	EBTRB = OFF, Boot Block (000000-0001FFh) not protected from Table Reads executed in ot
      +                          her blocks
   454   30000D                     	org	3145741
   455   30000D  40                 	db	64
   456                           tosu	equ	0xFFF
   457                           tosh	equ	0xFFE
   458                           tosl	equ	0xFFD
   459                           stkptr	equ	0xFFC
   460                           pclatu	equ	0xFFB
   461                           pclath	equ	0xFFA
   462                           pcl	equ	0xFF9
   463                           tblptru	equ	0xFF8
   464                           tblptrh	equ	0xFF7
   465                           tblptrl	equ	0xFF6
   466                           tablat	equ	0xFF5
   467                           prodh	equ	0xFF4
   468                           prodl	equ	0xFF3
   469                           indf0	equ	0xFEF
   470                           postinc0	equ	0xFEE
   471                           postdec0	equ	0xFED
   472                           preinc0	equ	0xFEC
   473                           plusw0	equ	0xFEB
   474                           fsr0h	equ	0xFEA
   475                           fsr0l	equ	0xFE9
   476                           wreg	equ	0xFE8
   477                           indf1	equ	0xFE7
   478                           postinc1	equ	0xFE6
   479                           postdec1	equ	0xFE5
   480                           preinc1	equ	0xFE4
   481                           plusw1	equ	0xFE3
   482                           fsr1h	equ	0xFE2
   483                           fsr1l	equ	0xFE1
   484                           bsr	equ	0xFE0
   485                           indf2	equ	0xFDF
   486                           postinc2	equ	0xFDE
   487                           postdec2	equ	0xFDD
   488                           preinc2	equ	0xFDC
   489                           plusw2	equ	0xFDB
   490                           fsr2h	equ	0xFDA
   491                           fsr2l	equ	0xFD9
   492                           status	equ	0xFD8

Data Sizes:
    Strings     0
    Constant    0
    Data        10
    BSS         2
    Persistent  0
    Stack       0

Auto Spaces:
    Space          Size  Autos    Used
    COMRAM          127      1      13
    BANK0           128      0       0
    BANK1           256      0       0
    BANK2           256      0       0
    BANK3           256      0       0
    BANK4           256      0       0
    BANK5           256      0       0

Pointer List with Targets:

    None.

Critical Paths under _main in COMRAM

    None.

Critical Paths under _main in BANK0

    None.

Critical Paths under _main in BANK1

    None.

Critical Paths under _main in BANK2

    None.

Critical Paths under _main in BANK3

    None.

Critical Paths under _main in BANK4

    None.

Critical Paths under _main in BANK5

    None.

Call Graph Tables:

 ---------------------------------------------------------------------------------
 (Depth) Function   	        Calls       Base Space   Used Autos Params    Refs
 ---------------------------------------------------------------------------------
 (0) _main                                                 1     1      0       0
                                              0 COMRAM     1     1      0
 ---------------------------------------------------------------------------------
 Estimated maximum stack depth 0
 ---------------------------------------------------------------------------------

 Call Graph Graphs:

 _main (ROOT)

 Address spaces:
Name               Size   Autos  Total    Cost      Usage
BIGRAM             5FF      0       0      22        0.0%
EEDATA             100      0       0       0        0.0%
BITBANK5           100      0       0      14        0.0%
BANK5              100      0       0      15        0.0%
BITBANK4           100      0       0      12        0.0%
BANK4              100      0       0      13        0.0%
BITBANK3           100      0       0      10        0.0%
BANK3              100      0       0      11        0.0%
BITBANK2           100      0       0       8        0.0%
BANK2              100      0       0       9        0.0%
BITBANK1           100      0       0       6        0.0%
BANK1              100      0       0       7        0.0%
BITBANK0            80      0       0       4        0.0%
BANK0               80      0       0       5        0.0%
BITCOMRAM           7F      0       0       0        0.0%
COMRAM              7F      1       D       1       10.2%
BITBIGSFRh          3E      0       0      16        0.0%
BITBIGSFRlh         2C      0       0      17        0.0%
BITBIGSFRllh         8      0       0      18        0.0%
BITBIGSFRlllh        7      0       0      19        0.0%
BITBIGSFRllll        2      0       0      20        0.0%
BIGSFR               0      0       0     200        0.0%
BITSFR               0      0       0     200        0.0%
SFR                  0      0       0     200        0.0%
STACK                0      0       0       2        0.0%
NULL                 0      0       0       0        0.0%
ABS                  0      0       D      21        0.0%
DATA                 0      0       D       3        0.0%
CODE                 0      0       0       0        0.0%


Microchip Technology PIC18 Macro Assembler V2.40 build 20220703182018 
Symbol Table                                                                                   Sat Jan 06 23:10:26 2024

                                                           l23 3F20  
                                                           l28 3F98  
                                                           u10 3F1E  
                                                           u11 3F18  
                                                           u20 3F32  
                                                           u21 3F2C  
                                                           u30 3F76  
                                                           u31 3F70  
                                                           u40 3F96  
                                                           u41 3F90  
                                                           u50 3FAA  
                                                           u51 3FA4  
                                                           u60 3FE8  
                                                           u61 3FE2  
                                                           u77 3F3A  
                                                           u87 3FB2  
                                                          l710 3EFA  
                                                          l720 3F34  
                                                          l712 3F00  
                                                          l730 3F80  
                                                          l722 3F44  
                                                          l714 3F02  
                                                          l740 3FC2  
                                                          l724 3F48  
                                                          l732 3F84  
                                                          l716 3F0C  
                                                          l742 3FD2  
                                                          l726 3F58  
                                                          l744 3FEA  
                                                          l736 3FAC  
                                                          l728 3F78  
                                                          l746 3FF2  
                                                          l738 3FBC  
                                                          wreg 000FE8  
                                                         _LATB 000F8A  
                                                         _main 3EFA  
                                                         indf2 000FDF  
                                                         fsr1l 000FE1  
                                                         fsr2l 000FD9  
                                                         start 0002  
                                                 ___param_bank 000000  
                                                        ?_main 000D  
                                                        _TRISB 000F93  
                                                        tablat 000FF5  
                                                        status 000FD8  
                                              __initialization 3ED0  
                                                 __end_of_main 3FFE  
                                                       ??_main 000D  
                                                __activetblptr 000000  
                                                       isa$std 000001  
                                                 __pdataCOMRAM 0001  
                                                       tblptrh 000FF7  
                                                       tblptrl 000FF6  
                                                       tblptru 000FF8  
                                                   __accesstop 0080  
                                      __end_of__initialization 3EF4  
                                                ___rparam_used 000001  
                                               __pcstackCOMRAM 000D  
                                                      __Hparam 0000  
                                                      __Lparam 0000  
                                                      __pcinit 3ED0  
                                                      __ramtop 0600  
                                                      __ptext0 3EFA  
                                                      _display 0001  
                                         end_of_initialization 3EF4  
                                                      postdec1 000FE5  
                                                      postinc0 000FEE  
                                                    _PORTCbits 000F82  
                                                    _TRISCbits 000F94  
                                                __pidataCOMRAM 3EC6  
                                          start_initialization 3ED0  
                                                  __pbssCOMRAM 000B  
                                                   _ADCON1bits 000FC1  
                                                    copy_data0 3EE4  
                                                     __Hrparam 0000  
                                                     __Lrparam 0000  
                                                     _contador 000B  
                                                     isa$xinst 000000  
