ARM GAS  C:\Users\Usuario\AppData\Local\Temp\ccZR1H3d.s 			page 1


   1              		.syntax unified
   2              		.cpu cortex-m0plus
   3              		.fpu softvfp
   4              		.eabi_attribute 20, 1
   5              		.eabi_attribute 21, 1
   6              		.eabi_attribute 23, 3
   7              		.eabi_attribute 24, 1
   8              		.eabi_attribute 25, 1
   9              		.eabi_attribute 26, 1
  10              		.eabi_attribute 30, 1
  11              		.eabi_attribute 34, 0
  12              		.eabi_attribute 18, 4
  13              		.thumb
  14              		.syntax unified
  15              		.file	"main.c"
  16              		.text
  17              	.Ltext0:
  18              		.cfi_sections	.debug_frame
  19              		.section	.text.main,"ax",%progbits
  20              		.align	2
  21              		.global	main
  22              		.code	16
  23              		.thumb_func
  24              		.type	main, %function
  25              	main:
  26              	.LFB33:
  27              		.file 1 "main.c"
   1:main.c        **** /* ========================================
   2:main.c        ****  *
   3:main.c        ****  * Copyright YOUR COMPANY, THE YEAR
   4:main.c        ****  * All Rights Reserved
   5:main.c        ****  * UNPUBLISHED, LICENSED SOFTWARE.
   6:main.c        ****  *
   7:main.c        ****  * CONFIDENTIAL AND PROPRIETARY INFORMATION
   8:main.c        ****  * WHICH IS THE PROPERTY OF your company.
   9:main.c        ****  *
  10:main.c        ****  * ========================================
  11:main.c        **** */
  12:main.c        **** #include "project.h"
  13:main.c        **** #include "capsense.h"
  14:main.c        **** 
  15:main.c        **** int main(void)
  16:main.c        **** {   
  28              		.loc 1 16 0
  29              		.cfi_startproc
  30              		@ Volatile: function does not return.
  31              		@ args = 0, pretend = 0, frame = 0
  32              		@ frame_needed = 0, uses_anonymous_args = 0
  33 0000 10B5     		push	{r4, lr}
  34              		.cfi_def_cfa_offset 8
  35              		.cfi_offset 4, -8
  36              		.cfi_offset 14, -4
  17:main.c        ****     CyGlobalIntEnable; /* Enable global interrupts. */
  37              		.loc 1 17 0
  38              		.syntax divided
  39              	@ 17 "main.c" 1
  40 0002 62B6     		CPSIE   i
ARM GAS  C:\Users\Usuario\AppData\Local\Temp\ccZR1H3d.s 			page 2


  41              	@ 0 "" 2
  18:main.c        ****     uart_Start();    /* Configuracion General*/
  42              		.loc 1 18 0
  43              		.thumb
  44              		.syntax unified
  45 0004 FFF7FEFF 		bl	uart_Start
  46              	.LVL0:
  19:main.c        ****     pwm0_Start();
  47              		.loc 1 19 0
  48 0008 FFF7FEFF 		bl	pwm0_Start
  49              	.LVL1:
  20:main.c        ****     clock0_Start();
  50              		.loc 1 20 0
  51 000c FF20     		movs	r0, #255
  52 000e FFF7FEFF 		bl	clock0_StartEx
  53              	.LVL2:
  21:main.c        ****     pwm1_Start();
  54              		.loc 1 21 0
  55 0012 FFF7FEFF 		bl	pwm1_Start
  56              	.LVL3:
  22:main.c        ****     clock1_Start();
  57              		.loc 1 22 0
  58 0016 FF20     		movs	r0, #255
  59 0018 FFF7FEFF 		bl	clock1_StartEx
  60              	.LVL4:
  23:main.c        ****     pwm2_Start();
  61              		.loc 1 23 0
  62 001c FFF7FEFF 		bl	pwm2_Start
  63              	.LVL5:
  24:main.c        ****     clock2_Start();
  64              		.loc 1 24 0
  65 0020 FF20     		movs	r0, #255
  66 0022 FFF7FEFF 		bl	clock2_StartEx
  67              	.LVL6:
  25:main.c        ****     capsense_Start();
  68              		.loc 1 25 0
  69 0026 FFF7FEFF 		bl	capsense_Start
  70              	.LVL7:
  26:main.c        ****     capsense_InitializeAllBaselines();
  71              		.loc 1 26 0
  72 002a FFF7FEFF 		bl	capsense_InitializeAllBaselines
  73              	.LVL8:
  27:main.c        ****     capsense_ScanAllWidgets();
  74              		.loc 1 27 0
  75 002e FFF7FEFF 		bl	capsense_ScanAllWidgets
  76              	.LVL9:
  77              	.L2:
  28:main.c        ****     
  29:main.c        ****     for(;;)
  30:main.c        ****     {
  31:main.c        ****         led1_Write(0);
  78              		.loc 1 31 0 discriminator 1
  79 0032 0020     		movs	r0, #0
  80 0034 FFF7FEFF 		bl	led1_Write
  81              	.LVL10:
  32:main.c        ****         CyDelay(300);
  82              		.loc 1 32 0 discriminator 1
ARM GAS  C:\Users\Usuario\AppData\Local\Temp\ccZR1H3d.s 			page 3


  83 0038 9624     		movs	r4, #150
  84 003a 6400     		lsls	r4, r4, #1
  85 003c 2000     		movs	r0, r4
  86 003e FFF7FEFF 		bl	CyDelay
  87              	.LVL11:
  33:main.c        ****         led1_Write(1);
  88              		.loc 1 33 0 discriminator 1
  89 0042 0120     		movs	r0, #1
  90 0044 FFF7FEFF 		bl	led1_Write
  91              	.LVL12:
  34:main.c        ****         CyDelay(300);    
  92              		.loc 1 34 0 discriminator 1
  93 0048 2000     		movs	r0, r4
  94 004a FFF7FEFF 		bl	CyDelay
  95              	.LVL13:
  96 004e F0E7     		b	.L2
  97              		.cfi_endproc
  98              	.LFE33:
  99              		.size	main, .-main
 100              		.text
 101              	.Letext0:
 102              		.file 2 "Generated_Source\\PSoC4/uart.h"
 103              		.file 3 "Generated_Source\\PSoC4/pwm0.h"
 104              		.file 4 "Generated_Source\\PSoC4/clock0.h"
 105              		.file 5 "Generated_Source\\PSoC4/pwm1.h"
 106              		.file 6 "Generated_Source\\PSoC4/clock1.h"
 107              		.file 7 "Generated_Source\\PSoC4/pwm2.h"
 108              		.file 8 "Generated_Source\\PSoC4/clock2.h"
 109              		.file 9 "Generated_Source\\PSoC4/capsense_Control.h"
 110              		.file 10 "Generated_Source\\PSoC4/capsense_Filter.h"
 111              		.file 11 "Generated_Source\\PSoC4/capsense_Sensing.h"
 112              		.file 12 "Generated_Source\\PSoC4/led1.h"
 113              		.file 13 "Generated_Source\\PSoC4/CyLib.h"
 114              		.section	.debug_info,"",%progbits
 115              	.Ldebug_info0:
 116 0000 F1010000 		.4byte	0x1f1
 117 0004 0400     		.2byte	0x4
 118 0006 00000000 		.4byte	.Ldebug_abbrev0
 119 000a 04       		.byte	0x4
 120 000b 01       		.uleb128 0x1
 121 000c CC010000 		.4byte	.LASF26
 122 0010 0C       		.byte	0xc
 123 0011 A1010000 		.4byte	.LASF27
 124 0015 A8000000 		.4byte	.LASF28
 125 0019 00000000 		.4byte	.Ldebug_ranges0+0
 126 001d 00000000 		.4byte	0
 127 0021 00000000 		.4byte	.Ldebug_line0
 128 0025 02       		.uleb128 0x2
 129 0026 01       		.byte	0x1
 130 0027 06       		.byte	0x6
 131 0028 2F000000 		.4byte	.LASF0
 132 002c 02       		.uleb128 0x2
 133 002d 01       		.byte	0x1
 134 002e 08       		.byte	0x8
 135 002f 3B000000 		.4byte	.LASF1
 136 0033 02       		.uleb128 0x2
 137 0034 02       		.byte	0x2
ARM GAS  C:\Users\Usuario\AppData\Local\Temp\ccZR1H3d.s 			page 4


 138 0035 05       		.byte	0x5
 139 0036 AD010000 		.4byte	.LASF2
 140 003a 02       		.uleb128 0x2
 141 003b 02       		.byte	0x2
 142 003c 07       		.byte	0x7
 143 003d 86000000 		.4byte	.LASF3
 144 0041 02       		.uleb128 0x2
 145 0042 04       		.byte	0x4
 146 0043 05       		.byte	0x5
 147 0044 B7010000 		.4byte	.LASF4
 148 0048 02       		.uleb128 0x2
 149 0049 04       		.byte	0x4
 150 004a 07       		.byte	0x7
 151 004b 54000000 		.4byte	.LASF5
 152 004f 02       		.uleb128 0x2
 153 0050 08       		.byte	0x8
 154 0051 05       		.byte	0x5
 155 0052 93010000 		.4byte	.LASF6
 156 0056 02       		.uleb128 0x2
 157 0057 08       		.byte	0x8
 158 0058 07       		.byte	0x7
 159 0059 4C010000 		.4byte	.LASF7
 160 005d 03       		.uleb128 0x3
 161 005e 04       		.byte	0x4
 162 005f 05       		.byte	0x5
 163 0060 696E7400 		.ascii	"int\000"
 164 0064 02       		.uleb128 0x2
 165 0065 04       		.byte	0x4
 166 0066 07       		.byte	0x7
 167 0067 3F010000 		.4byte	.LASF8
 168 006b 02       		.uleb128 0x2
 169 006c 04       		.byte	0x4
 170 006d 04       		.byte	0x4
 171 006e 29000000 		.4byte	.LASF9
 172 0072 02       		.uleb128 0x2
 173 0073 08       		.byte	0x8
 174 0074 04       		.byte	0x4
 175 0075 28010000 		.4byte	.LASF10
 176 0079 02       		.uleb128 0x2
 177 007a 01       		.byte	0x1
 178 007b 08       		.byte	0x8
 179 007c A8010000 		.4byte	.LASF11
 180 0080 02       		.uleb128 0x2
 181 0081 08       		.byte	0x8
 182 0082 04       		.byte	0x4
 183 0083 C0010000 		.4byte	.LASF12
 184 0087 02       		.uleb128 0x2
 185 0088 04       		.byte	0x4
 186 0089 07       		.byte	0x7
 187 008a 8A010000 		.4byte	.LASF13
 188 008e 04       		.uleb128 0x4
 189 008f 2F010000 		.4byte	.LASF29
 190 0093 01       		.byte	0x1
 191 0094 0F       		.byte	0xf
 192 0095 5D000000 		.4byte	0x5d
 193 0099 00000000 		.4byte	.LFB33
 194 009d 50000000 		.4byte	.LFE33-.LFB33
ARM GAS  C:\Users\Usuario\AppData\Local\Temp\ccZR1H3d.s 			page 5


 195 00a1 01       		.uleb128 0x1
 196 00a2 9C       		.byte	0x9c
 197 00a3 6D010000 		.4byte	0x16d
 198 00a7 05       		.uleb128 0x5
 199 00a8 08000000 		.4byte	.LVL0
 200 00ac 6D010000 		.4byte	0x16d
 201 00b0 05       		.uleb128 0x5
 202 00b1 0C000000 		.4byte	.LVL1
 203 00b5 78010000 		.4byte	0x178
 204 00b9 06       		.uleb128 0x6
 205 00ba 12000000 		.4byte	.LVL2
 206 00be 84010000 		.4byte	0x184
 207 00c2 CD000000 		.4byte	0xcd
 208 00c6 07       		.uleb128 0x7
 209 00c7 01       		.uleb128 0x1
 210 00c8 50       		.byte	0x50
 211 00c9 02       		.uleb128 0x2
 212 00ca 08       		.byte	0x8
 213 00cb FF       		.byte	0xff
 214 00cc 00       		.byte	0
 215 00cd 05       		.uleb128 0x5
 216 00ce 16000000 		.4byte	.LVL3
 217 00d2 8F010000 		.4byte	0x18f
 218 00d6 06       		.uleb128 0x6
 219 00d7 1C000000 		.4byte	.LVL4
 220 00db 9B010000 		.4byte	0x19b
 221 00df EA000000 		.4byte	0xea
 222 00e3 07       		.uleb128 0x7
 223 00e4 01       		.uleb128 0x1
 224 00e5 50       		.byte	0x50
 225 00e6 02       		.uleb128 0x2
 226 00e7 08       		.byte	0x8
 227 00e8 FF       		.byte	0xff
 228 00e9 00       		.byte	0
 229 00ea 05       		.uleb128 0x5
 230 00eb 20000000 		.4byte	.LVL5
 231 00ef A6010000 		.4byte	0x1a6
 232 00f3 06       		.uleb128 0x6
 233 00f4 26000000 		.4byte	.LVL6
 234 00f8 B2010000 		.4byte	0x1b2
 235 00fc 07010000 		.4byte	0x107
 236 0100 07       		.uleb128 0x7
 237 0101 01       		.uleb128 0x1
 238 0102 50       		.byte	0x50
 239 0103 02       		.uleb128 0x2
 240 0104 08       		.byte	0x8
 241 0105 FF       		.byte	0xff
 242 0106 00       		.byte	0
 243 0107 05       		.uleb128 0x5
 244 0108 2A000000 		.4byte	.LVL7
 245 010c BD010000 		.4byte	0x1bd
 246 0110 05       		.uleb128 0x5
 247 0111 2E000000 		.4byte	.LVL8
 248 0115 C8010000 		.4byte	0x1c8
 249 0119 05       		.uleb128 0x5
 250 011a 32000000 		.4byte	.LVL9
 251 011e D3010000 		.4byte	0x1d3
ARM GAS  C:\Users\Usuario\AppData\Local\Temp\ccZR1H3d.s 			page 6


 252 0122 06       		.uleb128 0x6
 253 0123 38000000 		.4byte	.LVL10
 254 0127 DE010000 		.4byte	0x1de
 255 012b 35010000 		.4byte	0x135
 256 012f 07       		.uleb128 0x7
 257 0130 01       		.uleb128 0x1
 258 0131 50       		.byte	0x50
 259 0132 01       		.uleb128 0x1
 260 0133 30       		.byte	0x30
 261 0134 00       		.byte	0
 262 0135 06       		.uleb128 0x6
 263 0136 42000000 		.4byte	.LVL11
 264 013a E9010000 		.4byte	0x1e9
 265 013e 49010000 		.4byte	0x149
 266 0142 07       		.uleb128 0x7
 267 0143 01       		.uleb128 0x1
 268 0144 50       		.byte	0x50
 269 0145 02       		.uleb128 0x2
 270 0146 74       		.byte	0x74
 271 0147 00       		.sleb128 0
 272 0148 00       		.byte	0
 273 0149 06       		.uleb128 0x6
 274 014a 48000000 		.4byte	.LVL12
 275 014e DE010000 		.4byte	0x1de
 276 0152 5C010000 		.4byte	0x15c
 277 0156 07       		.uleb128 0x7
 278 0157 01       		.uleb128 0x1
 279 0158 50       		.byte	0x50
 280 0159 01       		.uleb128 0x1
 281 015a 31       		.byte	0x31
 282 015b 00       		.byte	0
 283 015c 08       		.uleb128 0x8
 284 015d 4E000000 		.4byte	.LVL13
 285 0161 E9010000 		.4byte	0x1e9
 286 0165 07       		.uleb128 0x7
 287 0166 01       		.uleb128 0x1
 288 0167 50       		.byte	0x50
 289 0168 02       		.uleb128 0x2
 290 0169 74       		.byte	0x74
 291 016a 00       		.sleb128 0
 292 016b 00       		.byte	0
 293 016c 00       		.byte	0
 294 016d 09       		.uleb128 0x9
 295 016e 0F000000 		.4byte	.LASF14
 296 0172 0F000000 		.4byte	.LASF14
 297 0176 02       		.byte	0x2
 298 0177 72       		.byte	0x72
 299 0178 0A       		.uleb128 0xa
 300 0179 49000000 		.4byte	.LASF15
 301 017d 49000000 		.4byte	.LASF15
 302 0181 03       		.byte	0x3
 303 0182 3201     		.2byte	0x132
 304 0184 09       		.uleb128 0x9
 305 0185 1A000000 		.4byte	.LASF16
 306 0189 1A000000 		.4byte	.LASF16
 307 018d 04       		.byte	0x4
 308 018e 1D       		.byte	0x1d
ARM GAS  C:\Users\Usuario\AppData\Local\Temp\ccZR1H3d.s 			page 7


 309 018f 0A       		.uleb128 0xa
 310 0190 1D010000 		.4byte	.LASF17
 311 0194 1D010000 		.4byte	.LASF17
 312 0198 05       		.byte	0x5
 313 0199 3201     		.2byte	0x132
 314 019b 09       		.uleb128 0x9
 315 019c 63010000 		.4byte	.LASF18
 316 01a0 63010000 		.4byte	.LASF18
 317 01a4 06       		.byte	0x6
 318 01a5 1D       		.byte	0x1d
 319 01a6 0A       		.uleb128 0xa
 320 01a7 34010000 		.4byte	.LASF19
 321 01ab 34010000 		.4byte	.LASF19
 322 01af 07       		.byte	0x7
 323 01b0 3201     		.2byte	0x132
 324 01b2 09       		.uleb128 0x9
 325 01b3 00000000 		.4byte	.LASF20
 326 01b7 00000000 		.4byte	.LASF20
 327 01bb 08       		.byte	0x8
 328 01bc 1D       		.byte	0x1d
 329 01bd 09       		.uleb128 0x9
 330 01be 99000000 		.4byte	.LASF21
 331 01c2 99000000 		.4byte	.LASF21
 332 01c6 09       		.byte	0x9
 333 01c7 3B       		.byte	0x3b
 334 01c8 09       		.uleb128 0x9
 335 01c9 66000000 		.4byte	.LASF22
 336 01cd 66000000 		.4byte	.LASF22
 337 01d1 0A       		.byte	0xa
 338 01d2 43       		.byte	0x43
 339 01d3 09       		.uleb128 0x9
 340 01d4 72010000 		.4byte	.LASF23
 341 01d8 72010000 		.4byte	.LASF23
 342 01dc 0B       		.byte	0xb
 343 01dd 59       		.byte	0x59
 344 01de 09       		.uleb128 0x9
 345 01df 5E020000 		.4byte	.LASF24
 346 01e3 5E020000 		.4byte	.LASF24
 347 01e7 0C       		.byte	0xc
 348 01e8 33       		.byte	0x33
 349 01e9 09       		.uleb128 0x9
 350 01ea 69020000 		.4byte	.LASF25
 351 01ee 69020000 		.4byte	.LASF25
 352 01f2 0D       		.byte	0xd
 353 01f3 EC       		.byte	0xec
 354 01f4 00       		.byte	0
 355              		.section	.debug_abbrev,"",%progbits
 356              	.Ldebug_abbrev0:
 357 0000 01       		.uleb128 0x1
 358 0001 11       		.uleb128 0x11
 359 0002 01       		.byte	0x1
 360 0003 25       		.uleb128 0x25
 361 0004 0E       		.uleb128 0xe
 362 0005 13       		.uleb128 0x13
 363 0006 0B       		.uleb128 0xb
 364 0007 03       		.uleb128 0x3
 365 0008 0E       		.uleb128 0xe
ARM GAS  C:\Users\Usuario\AppData\Local\Temp\ccZR1H3d.s 			page 8


 366 0009 1B       		.uleb128 0x1b
 367 000a 0E       		.uleb128 0xe
 368 000b 55       		.uleb128 0x55
 369 000c 17       		.uleb128 0x17
 370 000d 11       		.uleb128 0x11
 371 000e 01       		.uleb128 0x1
 372 000f 10       		.uleb128 0x10
 373 0010 17       		.uleb128 0x17
 374 0011 00       		.byte	0
 375 0012 00       		.byte	0
 376 0013 02       		.uleb128 0x2
 377 0014 24       		.uleb128 0x24
 378 0015 00       		.byte	0
 379 0016 0B       		.uleb128 0xb
 380 0017 0B       		.uleb128 0xb
 381 0018 3E       		.uleb128 0x3e
 382 0019 0B       		.uleb128 0xb
 383 001a 03       		.uleb128 0x3
 384 001b 0E       		.uleb128 0xe
 385 001c 00       		.byte	0
 386 001d 00       		.byte	0
 387 001e 03       		.uleb128 0x3
 388 001f 24       		.uleb128 0x24
 389 0020 00       		.byte	0
 390 0021 0B       		.uleb128 0xb
 391 0022 0B       		.uleb128 0xb
 392 0023 3E       		.uleb128 0x3e
 393 0024 0B       		.uleb128 0xb
 394 0025 03       		.uleb128 0x3
 395 0026 08       		.uleb128 0x8
 396 0027 00       		.byte	0
 397 0028 00       		.byte	0
 398 0029 04       		.uleb128 0x4
 399 002a 2E       		.uleb128 0x2e
 400 002b 01       		.byte	0x1
 401 002c 3F       		.uleb128 0x3f
 402 002d 19       		.uleb128 0x19
 403 002e 03       		.uleb128 0x3
 404 002f 0E       		.uleb128 0xe
 405 0030 3A       		.uleb128 0x3a
 406 0031 0B       		.uleb128 0xb
 407 0032 3B       		.uleb128 0x3b
 408 0033 0B       		.uleb128 0xb
 409 0034 27       		.uleb128 0x27
 410 0035 19       		.uleb128 0x19
 411 0036 49       		.uleb128 0x49
 412 0037 13       		.uleb128 0x13
 413 0038 8701     		.uleb128 0x87
 414 003a 19       		.uleb128 0x19
 415 003b 11       		.uleb128 0x11
 416 003c 01       		.uleb128 0x1
 417 003d 12       		.uleb128 0x12
 418 003e 06       		.uleb128 0x6
 419 003f 40       		.uleb128 0x40
 420 0040 18       		.uleb128 0x18
 421 0041 9742     		.uleb128 0x2117
 422 0043 19       		.uleb128 0x19
ARM GAS  C:\Users\Usuario\AppData\Local\Temp\ccZR1H3d.s 			page 9


 423 0044 01       		.uleb128 0x1
 424 0045 13       		.uleb128 0x13
 425 0046 00       		.byte	0
 426 0047 00       		.byte	0
 427 0048 05       		.uleb128 0x5
 428 0049 898201   		.uleb128 0x4109
 429 004c 00       		.byte	0
 430 004d 11       		.uleb128 0x11
 431 004e 01       		.uleb128 0x1
 432 004f 31       		.uleb128 0x31
 433 0050 13       		.uleb128 0x13
 434 0051 00       		.byte	0
 435 0052 00       		.byte	0
 436 0053 06       		.uleb128 0x6
 437 0054 898201   		.uleb128 0x4109
 438 0057 01       		.byte	0x1
 439 0058 11       		.uleb128 0x11
 440 0059 01       		.uleb128 0x1
 441 005a 31       		.uleb128 0x31
 442 005b 13       		.uleb128 0x13
 443 005c 01       		.uleb128 0x1
 444 005d 13       		.uleb128 0x13
 445 005e 00       		.byte	0
 446 005f 00       		.byte	0
 447 0060 07       		.uleb128 0x7
 448 0061 8A8201   		.uleb128 0x410a
 449 0064 00       		.byte	0
 450 0065 02       		.uleb128 0x2
 451 0066 18       		.uleb128 0x18
 452 0067 9142     		.uleb128 0x2111
 453 0069 18       		.uleb128 0x18
 454 006a 00       		.byte	0
 455 006b 00       		.byte	0
 456 006c 08       		.uleb128 0x8
 457 006d 898201   		.uleb128 0x4109
 458 0070 01       		.byte	0x1
 459 0071 11       		.uleb128 0x11
 460 0072 01       		.uleb128 0x1
 461 0073 31       		.uleb128 0x31
 462 0074 13       		.uleb128 0x13
 463 0075 00       		.byte	0
 464 0076 00       		.byte	0
 465 0077 09       		.uleb128 0x9
 466 0078 2E       		.uleb128 0x2e
 467 0079 00       		.byte	0
 468 007a 3F       		.uleb128 0x3f
 469 007b 19       		.uleb128 0x19
 470 007c 3C       		.uleb128 0x3c
 471 007d 19       		.uleb128 0x19
 472 007e 6E       		.uleb128 0x6e
 473 007f 0E       		.uleb128 0xe
 474 0080 03       		.uleb128 0x3
 475 0081 0E       		.uleb128 0xe
 476 0082 3A       		.uleb128 0x3a
 477 0083 0B       		.uleb128 0xb
 478 0084 3B       		.uleb128 0x3b
 479 0085 0B       		.uleb128 0xb
ARM GAS  C:\Users\Usuario\AppData\Local\Temp\ccZR1H3d.s 			page 10


 480 0086 00       		.byte	0
 481 0087 00       		.byte	0
 482 0088 0A       		.uleb128 0xa
 483 0089 2E       		.uleb128 0x2e
 484 008a 00       		.byte	0
 485 008b 3F       		.uleb128 0x3f
 486 008c 19       		.uleb128 0x19
 487 008d 3C       		.uleb128 0x3c
 488 008e 19       		.uleb128 0x19
 489 008f 6E       		.uleb128 0x6e
 490 0090 0E       		.uleb128 0xe
 491 0091 03       		.uleb128 0x3
 492 0092 0E       		.uleb128 0xe
 493 0093 3A       		.uleb128 0x3a
 494 0094 0B       		.uleb128 0xb
 495 0095 3B       		.uleb128 0x3b
 496 0096 05       		.uleb128 0x5
 497 0097 00       		.byte	0
 498 0098 00       		.byte	0
 499 0099 00       		.byte	0
 500              		.section	.debug_aranges,"",%progbits
 501 0000 1C000000 		.4byte	0x1c
 502 0004 0200     		.2byte	0x2
 503 0006 00000000 		.4byte	.Ldebug_info0
 504 000a 04       		.byte	0x4
 505 000b 00       		.byte	0
 506 000c 0000     		.2byte	0
 507 000e 0000     		.2byte	0
 508 0010 00000000 		.4byte	.LFB33
 509 0014 50000000 		.4byte	.LFE33-.LFB33
 510 0018 00000000 		.4byte	0
 511 001c 00000000 		.4byte	0
 512              		.section	.debug_ranges,"",%progbits
 513              	.Ldebug_ranges0:
 514 0000 00000000 		.4byte	.LFB33
 515 0004 50000000 		.4byte	.LFE33
 516 0008 00000000 		.4byte	0
 517 000c 00000000 		.4byte	0
 518              		.section	.debug_line,"",%progbits
 519              	.Ldebug_line0:
 520 0000 0A010000 		.section	.debug_str,"MS",%progbits,1
 520      0200D600 
 520      00000201 
 520      FB0E0D00 
 520      01010101 
 521              	.LASF20:
 522 0000 636C6F63 		.ascii	"clock2_StartEx\000"
 522      6B325F53 
 522      74617274 
 522      457800
 523              	.LASF14:
 524 000f 75617274 		.ascii	"uart_Start\000"
 524      5F537461 
 524      727400
 525              	.LASF16:
 526 001a 636C6F63 		.ascii	"clock0_StartEx\000"
 526      6B305F53 
ARM GAS  C:\Users\Usuario\AppData\Local\Temp\ccZR1H3d.s 			page 11


 526      74617274 
 526      457800
 527              	.LASF9:
 528 0029 666C6F61 		.ascii	"float\000"
 528      7400
 529              	.LASF0:
 530 002f 7369676E 		.ascii	"signed char\000"
 530      65642063 
 530      68617200 
 531              	.LASF1:
 532 003b 756E7369 		.ascii	"unsigned char\000"
 532      676E6564 
 532      20636861 
 532      7200
 533              	.LASF15:
 534 0049 70776D30 		.ascii	"pwm0_Start\000"
 534      5F537461 
 534      727400
 535              	.LASF5:
 536 0054 6C6F6E67 		.ascii	"long unsigned int\000"
 536      20756E73 
 536      69676E65 
 536      6420696E 
 536      7400
 537              	.LASF22:
 538 0066 63617073 		.ascii	"capsense_InitializeAllBaselines\000"
 538      656E7365 
 538      5F496E69 
 538      7469616C 
 538      697A6541 
 539              	.LASF3:
 540 0086 73686F72 		.ascii	"short unsigned int\000"
 540      7420756E 
 540      7369676E 
 540      65642069 
 540      6E7400
 541              	.LASF21:
 542 0099 63617073 		.ascii	"capsense_Start\000"
 542      656E7365 
 542      5F537461 
 542      727400
 543              	.LASF28:
 544 00a8 443A5C44 		.ascii	"D:\\Documentos\\UD\\2023-3\\Proyecto de grado\\aixt"
 544      6F63756D 
 544      656E746F 
 544      735C5544 
 544      5C323032 
 545 00d6 2D702D73 		.ascii	"-p-so-c-4\\devices\\Cypress\\CY8CKIT-145-40XX\\Conf"
 545      6F2D632D 
 545      345C6465 
 545      76696365 
 545      735C4379 
 546 0105 69677572 		.ascii	"iguracion_General.cydsn\000"
 546      6163696F 
 546      6E5F4765 
 546      6E657261 
 546      6C2E6379 
ARM GAS  C:\Users\Usuario\AppData\Local\Temp\ccZR1H3d.s 			page 12


 547              	.LASF17:
 548 011d 70776D31 		.ascii	"pwm1_Start\000"
 548      5F537461 
 548      727400
 549              	.LASF10:
 550 0128 646F7562 		.ascii	"double\000"
 550      6C6500
 551              	.LASF29:
 552 012f 6D61696E 		.ascii	"main\000"
 552      00
 553              	.LASF19:
 554 0134 70776D32 		.ascii	"pwm2_Start\000"
 554      5F537461 
 554      727400
 555              	.LASF8:
 556 013f 756E7369 		.ascii	"unsigned int\000"
 556      676E6564 
 556      20696E74 
 556      00
 557              	.LASF7:
 558 014c 6C6F6E67 		.ascii	"long long unsigned int\000"
 558      206C6F6E 
 558      6720756E 
 558      7369676E 
 558      65642069 
 559              	.LASF18:
 560 0163 636C6F63 		.ascii	"clock1_StartEx\000"
 560      6B315F53 
 560      74617274 
 560      457800
 561              	.LASF23:
 562 0172 63617073 		.ascii	"capsense_ScanAllWidgets\000"
 562      656E7365 
 562      5F536361 
 562      6E416C6C 
 562      57696467 
 563              	.LASF13:
 564 018a 73697A65 		.ascii	"sizetype\000"
 564      74797065 
 564      00
 565              	.LASF6:
 566 0193 6C6F6E67 		.ascii	"long long int\000"
 566      206C6F6E 
 566      6720696E 
 566      7400
 567              	.LASF27:
 568 01a1 6D61696E 		.ascii	"main.c\000"
 568      2E6300
 569              	.LASF11:
 570 01a8 63686172 		.ascii	"char\000"
 570      00
 571              	.LASF2:
 572 01ad 73686F72 		.ascii	"short int\000"
 572      7420696E 
 572      7400
 573              	.LASF4:
 574 01b7 6C6F6E67 		.ascii	"long int\000"
ARM GAS  C:\Users\Usuario\AppData\Local\Temp\ccZR1H3d.s 			page 13


 574      20696E74 
 574      00
 575              	.LASF12:
 576 01c0 6C6F6E67 		.ascii	"long double\000"
 576      20646F75 
 576      626C6500 
 577              	.LASF26:
 578 01cc 474E5520 		.ascii	"GNU C11 5.4.1 20160609 (release) [ARM/embedded-5-br"
 578      43313120 
 578      352E342E 
 578      31203230 
 578      31363036 
 579 01ff 616E6368 		.ascii	"anch revision 237715] -mcpu=cortex-m0plus -mthumb -"
 579      20726576 
 579      6973696F 
 579      6E203233 
 579      37373135 
 580 0232 67202D4F 		.ascii	"g -Og -ffunction-sections -ffat-lto-objects\000"
 580      67202D66 
 580      66756E63 
 580      74696F6E 
 580      2D736563 
 581              	.LASF24:
 582 025e 6C656431 		.ascii	"led1_Write\000"
 582      5F577269 
 582      746500
 583              	.LASF25:
 584 0269 43794465 		.ascii	"CyDelay\000"
 584      6C617900 
 585              		.ident	"GCC: (GNU Tools for ARM Embedded Processors) 5.4.1 20160609 (release) [ARM/embedded-5-bran
