

Microchip MPLAB XC8 Assembler V2.41 build 20230208172133 
                                                                                               Sun Mar 17 13:31:24 2024

Microchip MPLAB XC8 C Compiler v2.41 (Free license) build 20230208172133 Og1 
     1                           	processor	16F676
     2                           	pagewidth 120
     3                           	opt	flic
     4                           	psect	cinit,global,class=CODE,merge=1,delta=2
     5                           	psect	cstackCOMMON,global,class=COMMON,space=1,delta=1,noexec
     6                           	psect	cstackBANK0,global,class=BANK0,space=1,delta=1,noexec
     7                           	psect	maintext,global,class=CODE,split=1,delta=2
     8                           	psect	text1,local,class=CODE,merge=1,delta=2
     9                           	psect	text2,local,class=CODE,merge=1,delta=2
    10                           	psect	text3,local,class=CODE,merge=1,delta=2
    11                           	psect	config,global,abs,ovrld,class=CONFIG,space=4,delta=2,noexec
    12                           	dabs	1,0x5E,2
    13     0000                     
    14                           ; Generated 22/03/2023 GMT
    15                           ; 
    16                           ; Copyright © 2023, Microchip Technology Inc. and its subsidiaries ("Microchip")
    17                           ; All rights reserved.
    18                           ; 
    19                           ; This software is developed by Microchip Technology Inc. and its subsidiaries ("Microch
      +                          ip").
    20                           ; 
    21                           ; Redistribution and use in source and binary forms, with or without modification, are
    22                           ; permitted provided that the following conditions are met:
    23                           ; 
    24                           ;     1. Redistributions of source code must retain the above copyright notice, this lis
      +                          t of
    25                           ;        conditions and the following disclaimer.
    26                           ; 
    27                           ;     2. Redistributions in binary form must reproduce the above copyright notice, this 
      +                          list
    28                           ;        of conditions and the following disclaimer in the documentation and/or other
    29                           ;        materials provided with the distribution. Publication is not required when
    30                           ;        this file is used in an embedded application.
    31                           ; 
    32                           ;     3. Microchip's name may not be used to endorse or promote products derived from th
      +                          is
    33                           ;        software without specific prior written permission.
    34                           ; 
    35                           ; THIS SOFTWARE IS PROVIDED BY MICROCHIP "AS IS" AND ANY EXPRESS OR IMPLIED WARRANTIES,
    36                           ; INCLUDING, BUT NOT LIMITED TO, THE IMPLIED WARRANTIES OF MERCHANTABILITY AND FITNESS F
      +                          OR
    37                           ; PURPOSE ARE DISCLAIMED.  IN NO EVENT SHALL MICROCHIP BE LIABLE FOR ANY DIRECT, INDIREC
      +                          T,
    38                           ; INCIDENTAL, SPECIAL, EXEMPLARY, OR CONSEQUENTIAL DAMAGES (INCLUDING BUT NOT LIMITED TO
    39                           ; PROCUREMENT OF SUBSTITUTE GOODS OR SERVICES; LOSS OF USE, DATA OR PROFITS; OR BUSINESS
    40                           ; INTERRUPTION) HOWSOEVER CAUSED AND ON ANY THEORY OF LIABILITY, WHETHER IN CONTRACT, ST
      +                          RICT
    41                           ; LIABILITY, OR TORT (INCLUDING NEGLIGENCE OR OTHERWISE) ARISING IN ANY WAY OUT OF THE U
      +                          SE OF
    42                           ; THIS SOFTWARE, EVEN IF ADVISED OF THE POSSIBILITY OF SUCH DAMAGE.
    43                           ; 
    44                           ; 
    45                           ; Code-generator required, PIC16F676 Definitions
    46                           ; 
    47                           ; SFR Addresses
    48     0000                     	;# 
    49     0001                     	;# 
    50     0002                     	;# 
    51     0003                     	;# 
    52     0004                     	;# 
    53     0005                     	;# 
    54     0007                     	;# 
    55     000A                     	;# 
    56     000B                     	;# 
    57     000C                     	;# 
    58     000E                     	;# 
    59     000E                     	;# 
    60     000F                     	;# 
    61     0010                     	;# 
    62     0019                     	;# 
    63     001E                     	;# 
    64     001F                     	;# 
    65     0081                     	;# 
    66     0085                     	;# 
    67     0087                     	;# 
    68     008C                     	;# 
    69     008E                     	;# 
    70     0090                     	;# 
    71     0091                     	;# 
    72     0095                     	;# 
    73     0095                     	;# 
    74     0096                     	;# 
    75     0096                     	;# 
    76     0099                     	;# 
    77     009A                     	;# 
    78     009A                     	;# 
    79     009B                     	;# 
    80     009C                     	;# 
    81     009D                     	;# 
    82     009E                     	;# 
    83     009F                     	;# 
    84     0000                     	;# 
    85     0001                     	;# 
    86     0002                     	;# 
    87     0003                     	;# 
    88     0004                     	;# 
    89     0005                     	;# 
    90     0007                     	;# 
    91     000A                     	;# 
    92     000B                     	;# 
    93     000C                     	;# 
    94     000E                     	;# 
    95     000E                     	;# 
    96     000F                     	;# 
    97     0010                     	;# 
    98     0019                     	;# 
    99     001E                     	;# 
   100     001F                     	;# 
   101     0081                     	;# 
   102     0085                     	;# 
   103     0087                     	;# 
   104     008C                     	;# 
   105     008E                     	;# 
   106     0090                     	;# 
   107     0091                     	;# 
   108     0095                     	;# 
   109     0095                     	;# 
   110     0096                     	;# 
   111     0096                     	;# 
   112     0099                     	;# 
   113     009A                     	;# 
   114     009A                     	;# 
   115     009B                     	;# 
   116     009C                     	;# 
   117     009D                     	;# 
   118     009E                     	;# 
   119     009F                     	;# 
   120     0007                     _PORTCbits	set	7
   121     0087                     _TRISCbits	set	135
   122                           
   123                           	psect	cinit
   124     03FD                     start_initialization:	
   125                           ; #config settings
   126                           
   127     03FD                     __initialization:
   128     03FD                     end_of_initialization:	
   129                           ;End of C runtime variable initialization code
   130                           
   131     03FD                     __end_of__initialization:
   132     03FD  0183               	clrf	3
   133     03FE  2BB8               	ljmp	_main	;jump to C main() function
   134                           
   135                           	psect	cstackCOMMON
   136     0000                     __pcstackCOMMON:
   137     0000                     ??_time__init:
   138     0000                     ??_pin__init:	
   139                           ; 1 bytes @ 0x0
   140                           
   141     0000                     ??_main__init:	
   142                           ; 1 bytes @ 0x0
   143                           
   144                           
   145                           	psect	cstackBANK0
   146     0020                     __pcstackBANK0:	
   147                           ; 1 bytes @ 0x0
   148                           
   149     0020                     ?_time__init:
   150     0020                     ?_pin__init:	
   151                           ; 1 bytes @ 0x0
   152                           
   153     0020                     ?_main__init:	
   154                           ; 1 bytes @ 0x0
   155                           
   156     0020                     ?_main:	
   157                           ; 1 bytes @ 0x0
   158                           
   159     0020                     ??_main:	
   160                           ; 1 bytes @ 0x0
   161                           
   162                           
   163                           ; 1 bytes @ 0x0
   164     0020                     	ds	3
   165                           
   166                           	psect	maintext
   167     03B8                     __pmaintext:	
   168 ;;
   169 ;;Main: autosize = 0, tempsize = 3, incstack = 0, save=0
   170 ;;
   171 ;; *************** function _main *****************
   172 ;; Defined at:
   173 ;;		line 73 in file "blinking.c"
   174 ;; Parameters:    Size  Location     Type
   175 ;;		None
   176 ;; Auto vars:     Size  Location     Type
   177 ;;		None
   178 ;; Return value:  Size  Location     Type
   179 ;;                  1    wreg      void 
   180 ;; Registers used:
   181 ;;		wreg, status,2, status,0, pclath, cstack
   182 ;; Tracked objects:
   183 ;;		On entry : B00/0
   184 ;;		On exit  : 0/0
   185 ;;		Unchanged: 0/0
   186 ;; Data sizes:     COMMON   BANK0
   187 ;;      Params:         0       0
   188 ;;      Locals:         0       0
   189 ;;      Temps:          0       3
   190 ;;      Totals:         0       3
   191 ;;Total ram usage:        3 bytes
   192 ;; Hardware stack levels required when called: 2
   193 ;; This function calls:
   194 ;;		_main__init
   195 ;; This function is called by:
   196 ;;		Startup code after reset
   197 ;; This function uses a non-reentrant model
   198 ;;
   199                           
   200     03B8                     _main:	
   201                           ;psect for function _main
   202                           
   203     03B8                     l651:	
   204                           ;incstack = 0
   205                           ; Regs used in _main: [wreg+status,2+status,0+pclath+cstack]
   206                           
   207                           
   208                           ;blinking.c: 74:  main__init();
   209     03B8  23B5               	fcall	_main__init
   210     03B9                     l653:
   211                           
   212                           ;blinking.c: 75:  TRISCbits.TRISC0 = 0;
   213     03B9  1683               	bsf	3,5	;RP0=1, select bank1
   214     03BA  1007               	bcf	7,0	;volatile
   215     03BB                     l655:
   216                           
   217                           ;blinking.c: 76:  TRISCbits.TRISC1 = 0;
   218     03BB  1087               	bcf	7,1	;volatile
   219     03BC                     l657:
   220                           
   221                           ;blinking.c: 77:  TRISCbits.TRISC2 = 0;
   222     03BC  1107               	bcf	7,2	;volatile
   223     03BD                     l659:
   224                           
   225                           ;blinking.c: 79:   PORTCbits.RC0 = 1;
   226     03BD  1283               	bcf	3,5	;RP0=0, select bank0
   227     03BE  1407               	bsf	7,0	;volatile
   228     03BF                     l661:
   229                           
   230                           ;blinking.c: 80:   _delay((unsigned long)((500)*(4000000/4000.0)));
   231     03BF  3003               	movlw	3
   232     03C0  00A2               	movwf	??_main+2
   233     03C1  308A               	movlw	138
   234     03C2  00A1               	movwf	??_main+1
   235     03C3  3055               	movlw	85
   236     03C4  00A0               	movwf	??_main
   237     03C5                     u17:
   238     03C5  0BA0               	decfsz	??_main,f
   239     03C6  2BC5               	goto	u17
   240     03C7  0BA1               	decfsz	??_main+1,f
   241     03C8  2BC5               	goto	u17
   242     03C9  0BA2               	decfsz	??_main+2,f
   243     03CA  2BC5               	goto	u17
   244     03CB  2BCC               	nop2
   245     03CC                     l663:
   246                           
   247                           ;blinking.c: 81:   PORTCbits.RC1 = 1;
   248     03CC  1283               	bcf	3,5	;RP0=0, select bank0
   249     03CD  1487               	bsf	7,1	;volatile
   250     03CE                     l665:
   251                           
   252                           ;blinking.c: 82:   _delay((unsigned long)((500)*(4000000/4000.0)));
   253     03CE  3003               	movlw	3
   254     03CF  00A2               	movwf	??_main+2
   255     03D0  308A               	movlw	138
   256     03D1  00A1               	movwf	??_main+1
   257     03D2  3055               	movlw	85
   258     03D3  00A0               	movwf	??_main
   259     03D4                     u27:
   260     03D4  0BA0               	decfsz	??_main,f
   261     03D5  2BD4               	goto	u27
   262     03D6  0BA1               	decfsz	??_main+1,f
   263     03D7  2BD4               	goto	u27
   264     03D8  0BA2               	decfsz	??_main+2,f
   265     03D9  2BD4               	goto	u27
   266     03DA  2BDB               	nop2
   267     03DB                     l667:
   268                           
   269                           ;blinking.c: 83:   PORTCbits.RC2 = 1;
   270     03DB  1283               	bcf	3,5	;RP0=0, select bank0
   271     03DC  1507               	bsf	7,2	;volatile
   272     03DD                     l669:
   273                           
   274                           ;blinking.c: 84:   _delay((unsigned long)((500)*(4000000/4000.0)));
   275     03DD  3003               	movlw	3
   276     03DE  00A2               	movwf	??_main+2
   277     03DF  308A               	movlw	138
   278     03E0  00A1               	movwf	??_main+1
   279     03E1  3055               	movlw	85
   280     03E2  00A0               	movwf	??_main
   281     03E3                     u37:
   282     03E3  0BA0               	decfsz	??_main,f
   283     03E4  2BE3               	goto	u37
   284     03E5  0BA1               	decfsz	??_main+1,f
   285     03E6  2BE3               	goto	u37
   286     03E7  0BA2               	decfsz	??_main+2,f
   287     03E8  2BE3               	goto	u37
   288     03E9  2BEA               	nop2
   289     03EA                     l671:
   290                           
   291                           ;blinking.c: 85:   PORTCbits.RC0 = 0;
   292     03EA  1283               	bcf	3,5	;RP0=0, select bank0
   293     03EB  1007               	bcf	7,0	;volatile
   294     03EC                     l673:
   295                           
   296                           ;blinking.c: 86:   PORTCbits.RC1 = 0;
   297     03EC  1087               	bcf	7,1	;volatile
   298     03ED                     l675:
   299                           
   300                           ;blinking.c: 87:   PORTCbits.RC2 = 0;
   301     03ED  1107               	bcf	7,2	;volatile
   302     03EE                     l677:
   303                           
   304                           ;blinking.c: 88:   _delay((unsigned long)((500)*(4000000/4000.0)));
   305     03EE  3003               	movlw	3
   306     03EF  00A2               	movwf	??_main+2
   307     03F0  308A               	movlw	138
   308     03F1  00A1               	movwf	??_main+1
   309     03F2  3055               	movlw	85
   310     03F3  00A0               	movwf	??_main
   311     03F4                     u47:
   312     03F4  0BA0               	decfsz	??_main,f
   313     03F5  2BF4               	goto	u47
   314     03F6  0BA1               	decfsz	??_main+1,f
   315     03F7  2BF4               	goto	u47
   316     03F8  0BA2               	decfsz	??_main+2,f
   317     03F9  2BF4               	goto	u47
   318     03FA  2BFB               	nop2
   319     03FB  2BBD               	goto	l659
   320     03FC  2800               	ljmp	start
   321     03FD                     __end_of_main:
   322                           
   323                           	psect	text1
   324     03B5                     __ptext1:	
   325 ;; *************** function _main__init *****************
   326 ;; Defined at:
   327 ;;		line 61 in file "blinking.c"
   328 ;; Parameters:    Size  Location     Type
   329 ;;		None
   330 ;; Auto vars:     Size  Location     Type
   331 ;;		None
   332 ;; Return value:  Size  Location     Type
   333 ;;                  1    wreg      void 
   334 ;; Registers used:
   335 ;;		status,2, status,0, pclath, cstack
   336 ;; Tracked objects:
   337 ;;		On entry : 0/0
   338 ;;		On exit  : 0/0
   339 ;;		Unchanged: 0/0
   340 ;; Data sizes:     COMMON   BANK0
   341 ;;      Params:         0       0
   342 ;;      Locals:         0       0
   343 ;;      Temps:          0       0
   344 ;;      Totals:         0       0
   345 ;;Total ram usage:        0 bytes
   346 ;; Hardware stack levels used: 1
   347 ;; Hardware stack levels required when called: 1
   348 ;; This function calls:
   349 ;;		_pin__init
   350 ;;		_time__init
   351 ;; This function is called by:
   352 ;;		_main
   353 ;; This function uses a non-reentrant model
   354 ;;
   355                           
   356     03B5                     _main__init:	
   357                           ;psect for function _main__init
   358                           
   359     03B5                     l649:	
   360                           ;incstack = 0
   361                           ; Regs used in _main__init: [status,2+status,0+pclath+cstack]
   362                           
   363                           
   364                           ;blinking.c: 62:  time__init();
   365     03B5  23B4               	fcall	_time__init
   366                           
   367                           ;blinking.c: 63:  pin__init();
   368     03B6  23B3               	fcall	_pin__init
   369     03B7                     l13:
   370     03B7  0008               	return
   371     03B8                     __end_of_main__init:
   372                           
   373                           	psect	text2
   374     03B4                     __ptext2:	
   375 ;; *************** function _time__init *****************
   376 ;; Defined at:
   377 ;;		line 67 in file "blinking.c"
   378 ;; Parameters:    Size  Location     Type
   379 ;;		None
   380 ;; Auto vars:     Size  Location     Type
   381 ;;		None
   382 ;; Return value:  Size  Location     Type
   383 ;;                  1    wreg      void 
   384 ;; Registers used:
   385 ;;		None
   386 ;; Tracked objects:
   387 ;;		On entry : 0/0
   388 ;;		On exit  : 0/0
   389 ;;		Unchanged: 0/0
   390 ;; Data sizes:     COMMON   BANK0
   391 ;;      Params:         0       0
   392 ;;      Locals:         0       0
   393 ;;      Temps:          0       0
   394 ;;      Totals:         0       0
   395 ;;Total ram usage:        0 bytes
   396 ;; Hardware stack levels used: 1
   397 ;; This function calls:
   398 ;;		Nothing
   399 ;; This function is called by:
   400 ;;		_main__init
   401 ;; This function uses a non-reentrant model
   402 ;;
   403                           
   404     03B4                     _time__init:	
   405                           ;psect for function _time__init
   406                           
   407     03B4                     l16:	
   408                           ;incstack = 0
   409                           ; Regs used in _time__init: []
   410                           
   411     03B4  0008               	return
   412     03B5                     __end_of_time__init:
   413                           
   414                           	psect	text3
   415     03B3                     __ptext3:	
   416 ;; *************** function _pin__init *****************
   417 ;; Defined at:
   418 ;;		line 70 in file "blinking.c"
   419 ;; Parameters:    Size  Location     Type
   420 ;;		None
   421 ;; Auto vars:     Size  Location     Type
   422 ;;		None
   423 ;; Return value:  Size  Location     Type
   424 ;;                  1    wreg      void 
   425 ;; Registers used:
   426 ;;		None
   427 ;; Tracked objects:
   428 ;;		On entry : 0/0
   429 ;;		On exit  : 0/0
   430 ;;		Unchanged: 0/0
   431 ;; Data sizes:     COMMON   BANK0
   432 ;;      Params:         0       0
   433 ;;      Locals:         0       0
   434 ;;      Temps:          0       0
   435 ;;      Totals:         0       0
   436 ;;Total ram usage:        0 bytes
   437 ;; Hardware stack levels used: 1
   438 ;; This function calls:
   439 ;;		Nothing
   440 ;; This function is called by:
   441 ;;		_main__init
   442 ;; This function uses a non-reentrant model
   443 ;;
   444                           
   445     03B3                     _pin__init:	
   446                           ;psect for function _pin__init
   447                           
   448     03B3                     l19:	
   449                           ;incstack = 0
   450                           ; Regs used in _pin__init: []
   451                           
   452     03B3  0008               	return
   453     03B4                     __end_of_pin__init:
   454     005E                     btemp	set	94	;btemp
   455     005E                     wtemp0	set	94
   456                           
   457                           	psect	config
   458                           
   459                           ;Config register CONFIG @ 0x2007
   460                           ;	Oscillator Selection bits
   461                           ;	FOSC = INTRCIO, INTOSC oscillator: I/O function on RA4/OSC2/CLKOUT pin, I/O function o
      +                          n RA5/OSC1/CLKIN
   462                           ;	Watchdog Timer Enable bit
   463                           ;	WDTE = OFF, WDT disabled
   464                           ;	Power-up Timer Enable bit
   465                           ;	PWRTE = OFF, PWRT disabled
   466                           ;	RA3/MCLR pin function select
   467                           ;	MCLRE = OFF, RA3/MCLR pin function is digital I/O, MCLR internally tied to VDD
   468                           ;	Brown-out Detect Enable bit
   469                           ;	BOREN = OFF, BOD disabled
   470                           ;	Code Protection bit
   471                           ;	CP = OFF, Program Memory code protection is disabled
   472                           ;	Data Code Protection bit
   473                           ;	CPD = OFF, Data memory code protection is disabled
   474     2007                     	org	8199
   475     2007  3F94               	dw	16276

Data Sizes:
    Strings     0
    Constant    0
    Data        0
    BSS         0
    Persistent  0
    Stack       0

Auto Spaces:
    Space          Size  Autos    Used
    COMMON            0      0       0
    BANK0            62      3       3

Pointer List with Targets:

    None.

Critical Paths under _main in COMMON

    None.

Critical Paths under _main in BANK0

    None.

Call Graph Tables:

 ---------------------------------------------------------------------------------
 (Depth) Function   	        Calls       Base Space   Used Autos Params    Refs
 ---------------------------------------------------------------------------------
 (0) _main                                                 3     3      0       0
                                              0 BANK0      3     3      0
                         _main__init
 ---------------------------------------------------------------------------------
 (1) _main__init                                           0     0      0       0
                          _pin__init
                         _time__init
 ---------------------------------------------------------------------------------
 (2) _time__init                                           0     0      0       0
 ---------------------------------------------------------------------------------
 (2) _pin__init                                            0     0      0       0
 ---------------------------------------------------------------------------------
 Estimated maximum stack depth 2
 ---------------------------------------------------------------------------------

 Call Graph Graphs:

 _main (ROOT)
   _main__init
     _pin__init
     _time__init

 Address spaces:
Name               Size   Autos  Total    Cost      Usage
BITCOMMON            0      0       0       0        0.0%
EEDATA              80      0       0       0        0.0%
NULL                 0      0       0       0        0.0%
CODE                 0      0       0       0        0.0%
BITSFR0              0      0       0       1        0.0%
SFR0                 0      0       0       1        0.0%
COMMON               0      0       0       1        0.0%
BITSFR1              0      0       0       2        0.0%
SFR1                 0      0       0       2        0.0%
STACK                0      0       0       2        0.0%
BITBANK0            3E      0       0       3        0.0%
BANK0               3E      3       3       4        4.8%
ABS                  0      0       0       5        0.0%
DATA                 0      0       0       6        0.0%


Microchip Technology PIC Macro Assembler V2.41 build 20230208172133 
Symbol Table                                                                                   Sun Mar 17 13:31:24 2024

                     l13 03B7                       l16 03B4                       l19 03B3  
                     u17 03C5                       u27 03D4                       u37 03E3  
                     u47 03F4                      l651 03B8                      l661 03BF  
                    l653 03B9                      l671 03EA                      l663 03CC  
                    l655 03BB                      l649 03B5                      l673 03EC  
                    l665 03CE                      l657 03BC                      l675 03ED  
                    l667 03DB                      l659 03BD                      l677 03EE  
                    l669 03DD                     _main 03B8                     btemp 005E  
                   start 0000                    ?_main 0020                    status 0003  
                  wtemp0 005E          __initialization 03FD             __end_of_main 03FD  
                 ??_main 0020  __end_of__initialization 03FD           __pcstackCOMMON 0000  
             __pmaintext 03B8               _main__init 03B5                  __ptext1 03B5  
                __ptext2 03B4                  __ptext3 03B3        __end_of_pin__init 03B4  
   end_of_initialization 03FD               _time__init 03B4                _PORTCbits 0007  
              _TRISCbits 0087              ?_main__init 0020      start_initialization 03FD  
            ?_time__init 0020                ___latbits 0000            __pcstackBANK0 0020  
              _pin__init 03B3             ??_main__init 0000               ?_pin__init 0020  
     __end_of_main__init 03B8             ??_time__init 0000       __end_of_time__init 03B5  
            ??_pin__init 0000  
