

Microchip MPLAB XC8 Assembler V2.46 build 20240104201356 
                                                                                               Mon Apr 22 17:15:49 2024

Microchip MPLAB XC8 C Compiler v2.46 (Free license) build 20240104201356 Og1 
     1                           	processor	16F84A
     2                           	pagewidth 120
     3                           	opt	flic
     4                           	psect	cinit,global,class=CODE,merge=1,delta=2
     5                           	psect	cstackBANK0,global,class=BANK0,space=1,delta=1,noexec
     6                           	psect	maintext,global,class=CODE,split=1,delta=2
     7                           	dabs	1,0x4E,2
     8     0000                     
     9                           ; Generated 12/10/2023 GMT
    10                           ; 
    11                           ; Copyright © 2023, Microchip Technology Inc. and its subsidiaries ("Microchip")
    12                           ; All rights reserved.
    13                           ; 
    14                           ; This software is developed by Microchip Technology Inc. and its subsidiaries ("Microch
      +                          ip").
    15                           ; 
    16                           ; Redistribution and use in source and binary forms, with or without modification, are
    17                           ; permitted provided that the following conditions are met:
    18                           ; 
    19                           ;     1. Redistributions of source code must retain the above copyright notice, this lis
      +                          t of
    20                           ;        conditions and the following disclaimer.
    21                           ; 
    22                           ;     2. Redistributions in binary form must reproduce the above copyright notice, this 
      +                          list
    23                           ;        of conditions and the following disclaimer in the documentation and/or other
    24                           ;        materials provided with the distribution. Publication is not required when
    25                           ;        this file is used in an embedded application.
    26                           ; 
    27                           ;     3. Microchip's name may not be used to endorse or promote products derived from th
      +                          is
    28                           ;        software without specific prior written permission.
    29                           ; 
    30                           ; THIS SOFTWARE IS PROVIDED BY MICROCHIP "AS IS" AND ANY EXPRESS OR IMPLIED WARRANTIES,
    31                           ; INCLUDING, BUT NOT LIMITED TO, THE IMPLIED WARRANTIES OF MERCHANTABILITY AND FITNESS F
      +                          OR
    32                           ; PURPOSE ARE DISCLAIMED.  IN NO EVENT SHALL MICROCHIP BE LIABLE FOR ANY DIRECT, INDIREC
      +                          T,
    33                           ; INCIDENTAL, SPECIAL, EXEMPLARY, OR CONSEQUENTIAL DAMAGES (INCLUDING BUT NOT LIMITED TO
    34                           ; PROCUREMENT OF SUBSTITUTE GOODS OR SERVICES; LOSS OF USE, DATA OR PROFITS; OR BUSINESS
    35                           ; INTERRUPTION) HOWSOEVER CAUSED AND ON ANY THEORY OF LIABILITY, WHETHER IN CONTRACT, ST
      +                          RICT
    36                           ; LIABILITY, OR TORT (INCLUDING NEGLIGENCE OR OTHERWISE) ARISING IN ANY WAY OUT OF THE U
      +                          SE OF
    37                           ; THIS SOFTWARE, EVEN IF ADVISED OF THE POSSIBILITY OF SUCH DAMAGE.
    38                           ; 
    39                           ; 
    40                           ; Code-generator required, PIC16F84A Definitions
    41                           ; 
    42                           ; SFR Addresses
    43     0000                     	;# 
    44     0001                     	;# 
    45     0002                     	;# 
    46     0003                     	;# 
    47     0004                     	;# 
    48     0005                     	;# 
    49     0006                     	;# 
    50     0008                     	;# 
    51     0009                     	;# 
    52     000A                     	;# 
    53     000B                     	;# 
    54     0081                     	;# 
    55     0085                     	;# 
    56     0086                     	;# 
    57     0088                     	;# 
    58     0089                     	;# 
    59     0000                     nosup@@$_$_CONFIG	set	0	;# 
    60     0000                     	;# 
    61     0001                     	;# 
    62     0002                     	;# 
    63     0003                     	;# 
    64     0004                     	;# 
    65     0005                     	;# 
    66     0006                     	;# 
    67     0008                     	;# 
    68     0009                     	;# 
    69     000A                     	;# 
    70     000B                     	;# 
    71     0081                     	;# 
    72     0085                     	;# 
    73     0086                     	;# 
    74     0088                     	;# 
    75     0089                     	;# 
    76     0006                     _PORTB	set	6
    77     0086                     _TRISB	set	134
    78                           
    79                           	psect	cinit
    80     03FE                     start_initialization:	
    81                           ; #config settings
    82                           
    83     03FE                     __initialization:
    84     03FE                     end_of_initialization:	
    85                           ;End of C runtime variable initialization code
    86                           
    87     03FE                     __end_of__initialization:
    88     03FE  0183               	clrf	3
    89     03FF  2BDB               	ljmp	_main	;jump to C main() function
    90                           
    91                           	psect	cstackBANK0
    92     000C                     __pcstackBANK0:
    93     000C                     ?_main:
    94     000C                     ??_main:	
    95                           ; 1 bytes @ 0x0
    96                           
    97                           
    98                           ; 1 bytes @ 0x0
    99     000C                     	ds	3
   100                           
   101                           	psect	maintext
   102     03DB                     __pmaintext:	
   103 ;;
   104 ;;Main: autosize = 0, tempsize = 3, incstack = 0, save=0
   105 ;;
   106 ;; *************** function _main *****************
   107 ;; Defined at:
   108 ;;		line 8 in file "main.c"
   109 ;; Parameters:    Size  Location     Type
   110 ;;		None
   111 ;; Auto vars:     Size  Location     Type
   112 ;;		None
   113 ;; Return value:  Size  Location     Type
   114 ;;                  1    wreg      void 
   115 ;; Registers used:
   116 ;;		wreg, status,2
   117 ;; Tracked objects:
   118 ;;		On entry : B00/0
   119 ;;		On exit  : 0/0
   120 ;;		Unchanged: 0/0
   121 ;; Data sizes:     COMMON   BANK0
   122 ;;      Params:         0       0
   123 ;;      Locals:         0       0
   124 ;;      Temps:          0       3
   125 ;;      Totals:         0       3
   126 ;;Total ram usage:        3 bytes
   127 ;; This function calls:
   128 ;;		Nothing
   129 ;; This function is called by:
   130 ;;		Startup code after reset
   131 ;; This function uses a non-reentrant model
   132 ;;
   133                           
   134     03DB                     _main:	
   135                           ;psect for function _main
   136                           
   137     03DB                     l566:	
   138                           ;incstack = 0
   139                           ; Regs used in _main: [wreg+status,2]
   140                           
   141                           
   142                           ;main.c: 9:     TRISB = 0b00000000;
   143     03DB  1683               	bsf	3,5	;RP0=1, select bank1
   144     03DC  0186               	clrf	6	;volatile
   145     03DD                     l568:
   146                           
   147                           ;main.c: 12:         PORTB = 0b10000000;
   148     03DD  3080               	movlw	128
   149     03DE  1283               	bcf	3,5	;RP0=0, select bank0
   150     03DF  0086               	movwf	6	;volatile
   151     03E0                     l570:
   152                           
   153                           ;main.c: 13:         _delay((unsigned long)((500)*(20000000/4000.0)));
   154     03E0  300D               	movlw	13
   155     03E1  008E               	movwf	??_main+2
   156     03E2  30AF               	movlw	175
   157     03E3  008D               	movwf	??_main+1
   158     03E4  30B6               	movlw	182
   159     03E5  008C               	movwf	??_main
   160     03E6                     u17:
   161     03E6  0B8C               	decfsz	??_main,f
   162     03E7  2BE6               	goto	u17
   163     03E8  0B8D               	decfsz	??_main+1,f
   164     03E9  2BE6               	goto	u17
   165     03EA  0B8E               	decfsz	??_main+2,f
   166     03EB  2BE6               	goto	u17
   167     03EC  0000               	nop
   168                           
   169                           ;main.c: 15:         PORTB = 0b00000000;
   170     03ED  1283               	bcf	3,5	;RP0=0, select bank0
   171     03EE  0186               	clrf	6	;volatile
   172     03EF                     l572:
   173                           
   174                           ;main.c: 16:         _delay((unsigned long)((500)*(20000000/4000.0)));
   175     03EF  300D               	movlw	13
   176     03F0  008E               	movwf	??_main+2
   177     03F1  30AF               	movlw	175
   178     03F2  008D               	movwf	??_main+1
   179     03F3  30B6               	movlw	182
   180     03F4  008C               	movwf	??_main
   181     03F5                     u27:
   182     03F5  0B8C               	decfsz	??_main,f
   183     03F6  2BF5               	goto	u27
   184     03F7  0B8D               	decfsz	??_main+1,f
   185     03F8  2BF5               	goto	u27
   186     03F9  0B8E               	decfsz	??_main+2,f
   187     03FA  2BF5               	goto	u27
   188     03FB  0000               	nop
   189     03FC  2BDD               	goto	l568
   190     03FD  2800               	ljmp	start
   191     03FE                     __end_of_main:
   192     004E                     btemp	set	78	;btemp
   193     004E                     wtemp0	set	78

Data Sizes:
    Strings     0
    Constant    0
    Data        0
    BSS         0
    Persistent  0
    Stack       0

Auto Spaces:
    Space          Size  Autos    Used
    COMMON            0      0       0
    BANK0            66      3       3

Pointer List with Targets:

    None.

Critical Paths under _main in COMMON

    None.

Critical Paths under _main in BANK0

    None.

Call Graph Tables:

 ---------------------------------------------------------------------------------
 (Depth) Function   	        Calls       Base Space   Used Autos Params    Refs
 ---------------------------------------------------------------------------------
 (0) _main                                                 3     3      0       0
                                              0 BANK0      3     3      0
 ---------------------------------------------------------------------------------
 Estimated maximum stack depth 0
 ---------------------------------------------------------------------------------

 Call Graph Graphs:

 _main (ROOT)

 Address spaces:
Name               Size   Autos  Total    Cost      Usage
BITCOMMON            0      0       0       0        0.0%
EEDATA              40      0       0       0        0.0%
NULL                 0      0       0       0        0.0%
CODE                 0      0       0       0        0.0%
BITSFR0              0      0       0       1        0.0%
SFR0                 0      0       0       1        0.0%
COMMON               0      0       0       1        0.0%
BITSFR1              0      0       0       2        0.0%
SFR1                 0      0       0       2        0.0%
STACK                0      0       0       2        0.0%
BANK0               42      3       3       3        4.5%
ABS                  0      0       0       4        0.0%
BITBANK0            42      0       0       5        0.0%
DATA                 0      0       0       6        0.0%


Microchip Technology PIC Macro Assembler V2.46 build 20240104201356 
Symbol Table                                                                                   Mon Apr 22 17:15:49 2024

                     u17 03E6                       u27 03F5                      l570 03E0  
                    l572 03EF                      l566 03DB                      l568 03DD  
                   _main 03DB                     btemp 004E                     start 0000  
       nosup@@$_$_CONFIG 0000                    ?_main 000C                    _PORTB 0006  
                  _TRISB 0086                    status 0003                    wtemp0 004E  
        __initialization 03FE             __end_of_main 03FE                   ??_main 000C  
__end_of__initialization 03FE               __pmaintext 03DB     end_of_initialization 03FE  
    start_initialization 03FE                ___latbits 0000            __pcstackBANK0 000C  
