ARM GAS  C:\Users\ASUS\AppData\Local\Temp\cc446yNh.s 			page 1


   1              		.syntax unified
   2              		.cpu cortex-m0plus
   3              		.fpu softvfp
   4              		.eabi_attribute 20, 1
   5              		.eabi_attribute 21, 1
   6              		.eabi_attribute 23, 3
   7              		.eabi_attribute 24, 1
   8              		.eabi_attribute 25, 1
   9              		.eabi_attribute 26, 1
  10              		.eabi_attribute 30, 1
  11              		.eabi_attribute 34, 0
  12              		.eabi_attribute 18, 4
  13              		.thumb
  14              		.syntax unified
  15              		.file	"main.c"
  16              		.text
  17              	.Ltext0:
  18              		.cfi_sections	.debug_frame
  19              		.section	.text.main,"ax",%progbits
  20              		.align	2
  21              		.global	main
  22              		.code	16
  23              		.thumb_func
  24              		.type	main, %function
  25              	main:
  26              	.LFB33:
  27              		.file 1 "main.c"
   1:main.c        **** /* ========================================
   2:main.c        ****  *
   3:main.c        ****  * Copyright YOUR COMPANY, THE YEAR
   4:main.c        ****  * All Rights Reserved
   5:main.c        ****  * UNPUBLISHED, LICENSED SOFTWARE.
   6:main.c        ****  *
   7:main.c        ****  * CONFIDENTIAL AND PROPRIETARY INFORMATION
   8:main.c        ****  * WHICH IS THE PROPERTY OF your company.
   9:main.c        ****  *
  10:main.c        ****  * ========================================
  11:main.c        **** */
  12:main.c        **** #include "project.h"
  13:main.c        **** 
  14:main.c        **** #define STEP_SIZE (capsense_LINEARSLIDER_X_RESOLUTION/capsense_LINEARSLIDER_NUM_SENSORS)
  15:main.c        **** 
  16:main.c        **** 
  17:main.c        **** 
  18:main.c        **** 
  19:main.c        **** int main(void)
  20:main.c        **** {   
  28              		.loc 1 20 0
  29              		.cfi_startproc
  30              		@ Volatile: function does not return.
  31              		@ args = 0, pretend = 0, frame = 0
  32              		@ frame_needed = 0, uses_anonymous_args = 0
  33 0000 70B5     		push	{r4, r5, r6, lr}
  34              		.cfi_def_cfa_offset 16
  35              		.cfi_offset 4, -16
  36              		.cfi_offset 5, -12
  37              		.cfi_offset 6, -8
ARM GAS  C:\Users\ASUS\AppData\Local\Temp\cc446yNh.s 			page 2


  38              		.cfi_offset 14, -4
  21:main.c        ****     CyGlobalIntEnable; /* Enable global interrupts. */
  39              		.loc 1 21 0
  40              		.syntax divided
  41              	@ 21 "main.c" 1
  42 0002 62B6     		CPSIE   i
  43              	@ 0 "" 2
  22:main.c        ****     uart_Start();    /* Configuracion General*/
  44              		.loc 1 22 0
  45              		.thumb
  46              		.syntax unified
  47 0004 FFF7FEFF 		bl	uart_Start
  48              	.LVL0:
  23:main.c        ****     pwm1_Start();
  49              		.loc 1 23 0
  50 0008 FFF7FEFF 		bl	pwm1_Start
  51              	.LVL1:
  24:main.c        ****     pwm2_Start();
  52              		.loc 1 24 0
  53 000c FFF7FEFF 		bl	pwm2_Start
  54              	.LVL2:
  25:main.c        ****     pwm3_Start();
  55              		.loc 1 25 0
  56 0010 FFF7FEFF 		bl	pwm3_Start
  57              	.LVL3:
  26:main.c        ****     clock_Start();
  58              		.loc 1 26 0
  59 0014 FF20     		movs	r0, #255
  60 0016 FFF7FEFF 		bl	clock_StartEx
  61              	.LVL4:
  27:main.c        ****     capsense_Start();
  62              		.loc 1 27 0
  63 001a FFF7FEFF 		bl	capsense_Start
  64              	.LVL5:
  28:main.c        ****     capsense_InitializeAllBaselines();
  65              		.loc 1 28 0
  66 001e FFF7FEFF 		bl	capsense_InitializeAllBaselines
  67              	.LVL6:
  29:main.c        ****     capsense_ScanAllWidgets();
  68              		.loc 1 29 0
  69 0022 FFF7FEFF 		bl	capsense_ScanAllWidgets
  70              	.LVL7:
  71              	.L2:
  30:main.c        ****  
  31:main.c        ****             
  32:main.c        ****     for(;;)
  33:main.c        ****     {
  34:main.c        ****         
  35:main.c        ****         pwm1_WriteCompare(10000);
  72              		.loc 1 35 0 discriminator 1
  73 0026 1548     		ldr	r0, .L3
  74 0028 FFF7FEFF 		bl	pwm1_WriteCompare
  75              	.LVL8:
  36:main.c        ****        CyDelay(1000);
  76              		.loc 1 36 0 discriminator 1
  77 002c FA24     		movs	r4, #250
  78 002e A400     		lsls	r4, r4, #2
ARM GAS  C:\Users\ASUS\AppData\Local\Temp\cc446yNh.s 			page 3


  79 0030 2000     		movs	r0, r4
  80 0032 FFF7FEFF 		bl	CyDelay
  81              	.LVL9:
  37:main.c        ****     
  38:main.c        ****      pwm1_WriteCompare(8000);
  82              		.loc 1 38 0 discriminator 1
  83 0036 FA20     		movs	r0, #250
  84 0038 4001     		lsls	r0, r0, #5
  85 003a FFF7FEFF 		bl	pwm1_WriteCompare
  86              	.LVL10:
  39:main.c        ****        CyDelay(1000);
  87              		.loc 1 39 0 discriminator 1
  88 003e 2000     		movs	r0, r4
  89 0040 FFF7FEFF 		bl	CyDelay
  90              	.LVL11:
  40:main.c        ****     
  41:main.c        ****      pwm1_WriteCompare(6000);
  91              		.loc 1 41 0 discriminator 1
  92 0044 0E48     		ldr	r0, .L3+4
  93 0046 FFF7FEFF 		bl	pwm1_WriteCompare
  94              	.LVL12:
  42:main.c        ****        CyDelay(1000);
  95              		.loc 1 42 0 discriminator 1
  96 004a 2000     		movs	r0, r4
  97 004c FFF7FEFF 		bl	CyDelay
  98              	.LVL13:
  43:main.c        ****     
  44:main.c        ****      pwm1_WriteCompare(4000);
  99              		.loc 1 44 0 discriminator 1
 100 0050 FA20     		movs	r0, #250
 101 0052 0001     		lsls	r0, r0, #4
 102 0054 FFF7FEFF 		bl	pwm1_WriteCompare
 103              	.LVL14:
  45:main.c        ****        CyDelay(1000);
 104              		.loc 1 45 0 discriminator 1
 105 0058 2000     		movs	r0, r4
 106 005a FFF7FEFF 		bl	CyDelay
 107              	.LVL15:
  46:main.c        ****     
  47:main.c        ****      pwm1_WriteCompare(2000);
 108              		.loc 1 47 0 discriminator 1
 109 005e FA25     		movs	r5, #250
 110 0060 ED00     		lsls	r5, r5, #3
 111 0062 2800     		movs	r0, r5
 112 0064 FFF7FEFF 		bl	pwm1_WriteCompare
 113              	.LVL16:
  48:main.c        ****        CyDelay(1000);
 114              		.loc 1 48 0 discriminator 1
 115 0068 2000     		movs	r0, r4
 116 006a FFF7FEFF 		bl	CyDelay
 117              	.LVL17:
  49:main.c        ****    
  50:main.c        ****   
  51:main.c        ****        pwm1_WriteCompare(0);
 118              		.loc 1 51 0 discriminator 1
 119 006e 0020     		movs	r0, #0
 120 0070 FFF7FEFF 		bl	pwm1_WriteCompare
ARM GAS  C:\Users\ASUS\AppData\Local\Temp\cc446yNh.s 			page 4


 121              	.LVL18:
  52:main.c        ****        CyDelay(2000);
 122              		.loc 1 52 0 discriminator 1
 123 0074 2800     		movs	r0, r5
 124 0076 FFF7FEFF 		bl	CyDelay
 125              	.LVL19:
 126 007a D4E7     		b	.L2
 127              	.L4:
 128              		.align	2
 129              	.L3:
 130 007c 10270000 		.word	10000
 131 0080 70170000 		.word	6000
 132              		.cfi_endproc
 133              	.LFE33:
 134              		.size	main, .-main
 135              		.section	.text.CAPSENSE0,"ax",%progbits
 136              		.align	2
 137              		.global	CAPSENSE0
 138              		.code	16
 139              		.thumb_func
 140              		.type	CAPSENSE0, %function
 141              	CAPSENSE0:
 142              	.LFB34:
  53:main.c        ****      //pin.high(led1);
  54:main.c        ****       // sleep_ms(1000);
  55:main.c        ****        // pin.low(led1);
  56:main.c        ****        // sleep_ms(1000);
  57:main.c        ****         
  58:main.c        ****        // pwm_duty(1, 0);
  59:main.c        ****         //sleep_ms(2000);
  60:main.c        ****         //pwm_duty(1, 10);
  61:main.c        ****         //sleep_ms(2000);
  62:main.c        ****         //pwm_duty(1, 20);
  63:main.c        ****         //sleep_ms(2000);
  64:main.c        ****         //pwm_duty(1, 30);
  65:main.c        ****         //sleep_ms(2000);
  66:main.c        ****         //pwm_duty(1, 40);
  67:main.c        ****         //sleep_ms(2000);
  68:main.c        ****         //pwm_duty(1, 50);
  69:main.c        ****         //sleep_ms(2000);
  70:main.c        ****         //pwm_duty(1, 60);
  71:main.c        ****         //sleep_ms(2000);
  72:main.c        ****         //pwm_duty(1, 70);
  73:main.c        ****         //sleep_ms(2000);
  74:main.c        ****         //pwm_duty(1, 80);
  75:main.c        ****        // sleep_ms(2000);
  76:main.c        ****         //pwm_duty(1, 90);
  77:main.c        ****         //sleep_ms(2000);
  78:main.c        ****         //pwm_duty(1, 100);
  79:main.c        ****         //sleep_ms(2000);
  80:main.c        ****     }
  81:main.c        **** }
  82:main.c        ****     
  83:main.c        **** void CAPSENSE0()
  84:main.c        ****     {
 143              		.loc 1 84 0
 144              		.cfi_startproc
ARM GAS  C:\Users\ASUS\AppData\Local\Temp\cc446yNh.s 			page 5


 145              		@ args = 0, pretend = 0, frame = 0
 146              		@ frame_needed = 0, uses_anonymous_args = 0
 147 0000 10B5     		push	{r4, lr}
 148              		.cfi_def_cfa_offset 8
 149              		.cfi_offset 4, -8
 150              		.cfi_offset 14, -4
 151              	.L6:
  85:main.c        ****         for(;;)
  86:main.c        ****         {
  87:main.c        ****             if (!capsense_IsBusy())
 152              		.loc 1 87 0
 153 0002 FFF7FEFF 		bl	capsense_IsBusy
 154              	.LVL20:
 155 0006 0028     		cmp	r0, #0
 156 0008 FBD1     		bne	.L6
  88:main.c        ****             {capsense_ProcessAllWidgets();
 157              		.loc 1 88 0
 158 000a FFF7FEFF 		bl	capsense_ProcessAllWidgets
 159              	.LVL21:
  89:main.c        ****             break;}
  90:main.c        ****         }
  91:main.c        ****     }
 160              		.loc 1 91 0
 161              		@ sp needed
 162 000e 10BD     		pop	{r4, pc}
 163              		.cfi_endproc
 164              	.LFE34:
 165              		.size	CAPSENSE0, .-CAPSENSE0
 166              		.section	.text.CAPSENSE1,"ax",%progbits
 167              		.align	2
 168              		.global	CAPSENSE1
 169              		.code	16
 170              		.thumb_func
 171              		.type	CAPSENSE1, %function
 172              	CAPSENSE1:
 173              	.LFB35:
  92:main.c        ****     
  93:main.c        **** void CAPSENSE1()
  94:main.c        ****     {
 174              		.loc 1 94 0
 175              		.cfi_startproc
 176              		@ args = 0, pretend = 0, frame = 0
 177              		@ frame_needed = 0, uses_anonymous_args = 0
 178 0000 10B5     		push	{r4, lr}
 179              		.cfi_def_cfa_offset 8
 180              		.cfi_offset 4, -8
 181              		.cfi_offset 14, -4
  95:main.c        ****         capsense_UpdateAllBaselines();
 182              		.loc 1 95 0
 183 0002 FFF7FEFF 		bl	capsense_UpdateAllBaselines
 184              	.LVL22:
  96:main.c        ****         capsense_ScanAllWidgets();
 185              		.loc 1 96 0
 186 0006 FFF7FEFF 		bl	capsense_ScanAllWidgets
 187              	.LVL23:
  97:main.c        ****     }
 188              		.loc 1 97 0
ARM GAS  C:\Users\ASUS\AppData\Local\Temp\cc446yNh.s 			page 6


 189              		@ sp needed
 190 000a 10BD     		pop	{r4, pc}
 191              		.cfi_endproc
 192              	.LFE35:
 193              		.size	CAPSENSE1, .-CAPSENSE1
 194              		.text
 195              	.Letext0:
 196              		.file 2 "Generated_Source\\PSoC4/uart.h"
 197              		.file 3 "Generated_Source\\PSoC4/pwm1.h"
 198              		.file 4 "Generated_Source\\PSoC4/pwm2.h"
 199              		.file 5 "Generated_Source\\PSoC4/pwm3.h"
 200              		.file 6 "Generated_Source\\PSoC4/clock.h"
 201              		.file 7 "Generated_Source\\PSoC4/capsense_Control.h"
 202              		.file 8 "Generated_Source\\PSoC4/capsense_Filter.h"
 203              		.file 9 "Generated_Source\\PSoC4/capsense_Sensing.h"
 204              		.file 10 "Generated_Source\\PSoC4/CyLib.h"
 205              		.section	.debug_info,"",%progbits
 206              	.Ldebug_info0:
 207 0000 CA020000 		.4byte	0x2ca
 208 0004 0400     		.2byte	0x4
 209 0006 00000000 		.4byte	.Ldebug_abbrev0
 210 000a 04       		.byte	0x4
 211 000b 01       		.uleb128 0x1
 212 000c 78010000 		.4byte	.LASF29
 213 0010 0C       		.byte	0xc
 214 0011 39010000 		.4byte	.LASF30
 215 0015 0A020000 		.4byte	.LASF31
 216 0019 00000000 		.4byte	.Ldebug_ranges0+0
 217 001d 00000000 		.4byte	0
 218 0021 00000000 		.4byte	.Ldebug_line0
 219 0025 02       		.uleb128 0x2
 220 0026 01       		.byte	0x1
 221 0027 06       		.byte	0x6
 222 0028 00000000 		.4byte	.LASF0
 223 002c 02       		.uleb128 0x2
 224 002d 01       		.byte	0x1
 225 002e 08       		.byte	0x8
 226 002f 1D000000 		.4byte	.LASF1
 227 0033 02       		.uleb128 0x2
 228 0034 02       		.byte	0x2
 229 0035 05       		.byte	0x5
 230 0036 59010000 		.4byte	.LASF2
 231 003a 02       		.uleb128 0x2
 232 003b 02       		.byte	0x2
 233 003c 07       		.byte	0x7
 234 003d 5D000000 		.4byte	.LASF3
 235 0041 02       		.uleb128 0x2
 236 0042 04       		.byte	0x4
 237 0043 05       		.byte	0x5
 238 0044 63010000 		.4byte	.LASF4
 239 0048 02       		.uleb128 0x2
 240 0049 04       		.byte	0x4
 241 004a 07       		.byte	0x7
 242 004b 2B000000 		.4byte	.LASF5
 243 004f 02       		.uleb128 0x2
 244 0050 08       		.byte	0x8
 245 0051 05       		.byte	0x5
ARM GAS  C:\Users\ASUS\AppData\Local\Temp\cc446yNh.s 			page 7


 246 0052 2B010000 		.4byte	.LASF6
 247 0056 02       		.uleb128 0x2
 248 0057 08       		.byte	0x8
 249 0058 07       		.byte	0x7
 250 0059 E8000000 		.4byte	.LASF7
 251 005d 03       		.uleb128 0x3
 252 005e 04       		.byte	0x4
 253 005f 05       		.byte	0x5
 254 0060 696E7400 		.ascii	"int\000"
 255 0064 02       		.uleb128 0x2
 256 0065 04       		.byte	0x4
 257 0066 07       		.byte	0x7
 258 0067 DB000000 		.4byte	.LASF8
 259 006b 02       		.uleb128 0x2
 260 006c 04       		.byte	0x4
 261 006d 04       		.byte	0x4
 262 006e 17000000 		.4byte	.LASF9
 263 0072 02       		.uleb128 0x2
 264 0073 08       		.byte	0x8
 265 0074 04       		.byte	0x4
 266 0075 8A000000 		.4byte	.LASF10
 267 0079 02       		.uleb128 0x2
 268 007a 01       		.byte	0x1
 269 007b 08       		.byte	0x8
 270 007c 40010000 		.4byte	.LASF11
 271 0080 02       		.uleb128 0x2
 272 0081 08       		.byte	0x8
 273 0082 04       		.byte	0x4
 274 0083 6C010000 		.4byte	.LASF12
 275 0087 02       		.uleb128 0x2
 276 0088 04       		.byte	0x4
 277 0089 07       		.byte	0x7
 278 008a 22010000 		.4byte	.LASF13
 279 008e 04       		.uleb128 0x4
 280 008f 91000000 		.4byte	.LASF32
 281 0093 01       		.byte	0x1
 282 0094 13       		.byte	0x13
 283 0095 5D000000 		.4byte	0x5d
 284 0099 00000000 		.4byte	.LFB33
 285 009d 84000000 		.4byte	.LFE33-.LFB33
 286 00a1 01       		.uleb128 0x1
 287 00a2 9C       		.byte	0x9c
 288 00a3 EA010000 		.4byte	0x1ea
 289 00a7 05       		.uleb128 0x5
 290 00a8 08000000 		.4byte	.LVL0
 291 00ac 3A020000 		.4byte	0x23a
 292 00b0 05       		.uleb128 0x5
 293 00b1 0C000000 		.4byte	.LVL1
 294 00b5 45020000 		.4byte	0x245
 295 00b9 05       		.uleb128 0x5
 296 00ba 10000000 		.4byte	.LVL2
 297 00be 51020000 		.4byte	0x251
 298 00c2 05       		.uleb128 0x5
 299 00c3 14000000 		.4byte	.LVL3
 300 00c7 5D020000 		.4byte	0x25d
 301 00cb 06       		.uleb128 0x6
 302 00cc 1A000000 		.4byte	.LVL4
ARM GAS  C:\Users\ASUS\AppData\Local\Temp\cc446yNh.s 			page 8


 303 00d0 69020000 		.4byte	0x269
 304 00d4 DF000000 		.4byte	0xdf
 305 00d8 07       		.uleb128 0x7
 306 00d9 01       		.uleb128 0x1
 307 00da 50       		.byte	0x50
 308 00db 02       		.uleb128 0x2
 309 00dc 08       		.byte	0x8
 310 00dd FF       		.byte	0xff
 311 00de 00       		.byte	0
 312 00df 05       		.uleb128 0x5
 313 00e0 1E000000 		.4byte	.LVL5
 314 00e4 74020000 		.4byte	0x274
 315 00e8 05       		.uleb128 0x5
 316 00e9 22000000 		.4byte	.LVL6
 317 00ed 7F020000 		.4byte	0x27f
 318 00f1 05       		.uleb128 0x5
 319 00f2 26000000 		.4byte	.LVL7
 320 00f6 8A020000 		.4byte	0x28a
 321 00fa 06       		.uleb128 0x6
 322 00fb 2C000000 		.4byte	.LVL8
 323 00ff 95020000 		.4byte	0x295
 324 0103 0F010000 		.4byte	0x10f
 325 0107 07       		.uleb128 0x7
 326 0108 01       		.uleb128 0x1
 327 0109 50       		.byte	0x50
 328 010a 03       		.uleb128 0x3
 329 010b 0A       		.byte	0xa
 330 010c 1027     		.2byte	0x2710
 331 010e 00       		.byte	0
 332 010f 06       		.uleb128 0x6
 333 0110 36000000 		.4byte	.LVL9
 334 0114 A1020000 		.4byte	0x2a1
 335 0118 23010000 		.4byte	0x123
 336 011c 07       		.uleb128 0x7
 337 011d 01       		.uleb128 0x1
 338 011e 50       		.byte	0x50
 339 011f 02       		.uleb128 0x2
 340 0120 74       		.byte	0x74
 341 0121 00       		.sleb128 0
 342 0122 00       		.byte	0
 343 0123 06       		.uleb128 0x6
 344 0124 3E000000 		.4byte	.LVL10
 345 0128 95020000 		.4byte	0x295
 346 012c 38010000 		.4byte	0x138
 347 0130 07       		.uleb128 0x7
 348 0131 01       		.uleb128 0x1
 349 0132 50       		.byte	0x50
 350 0133 03       		.uleb128 0x3
 351 0134 0A       		.byte	0xa
 352 0135 401F     		.2byte	0x1f40
 353 0137 00       		.byte	0
 354 0138 06       		.uleb128 0x6
 355 0139 44000000 		.4byte	.LVL11
 356 013d A1020000 		.4byte	0x2a1
 357 0141 4C010000 		.4byte	0x14c
 358 0145 07       		.uleb128 0x7
 359 0146 01       		.uleb128 0x1
ARM GAS  C:\Users\ASUS\AppData\Local\Temp\cc446yNh.s 			page 9


 360 0147 50       		.byte	0x50
 361 0148 02       		.uleb128 0x2
 362 0149 74       		.byte	0x74
 363 014a 00       		.sleb128 0
 364 014b 00       		.byte	0
 365 014c 06       		.uleb128 0x6
 366 014d 4A000000 		.4byte	.LVL12
 367 0151 95020000 		.4byte	0x295
 368 0155 61010000 		.4byte	0x161
 369 0159 07       		.uleb128 0x7
 370 015a 01       		.uleb128 0x1
 371 015b 50       		.byte	0x50
 372 015c 03       		.uleb128 0x3
 373 015d 0A       		.byte	0xa
 374 015e 7017     		.2byte	0x1770
 375 0160 00       		.byte	0
 376 0161 06       		.uleb128 0x6
 377 0162 50000000 		.4byte	.LVL13
 378 0166 A1020000 		.4byte	0x2a1
 379 016a 75010000 		.4byte	0x175
 380 016e 07       		.uleb128 0x7
 381 016f 01       		.uleb128 0x1
 382 0170 50       		.byte	0x50
 383 0171 02       		.uleb128 0x2
 384 0172 74       		.byte	0x74
 385 0173 00       		.sleb128 0
 386 0174 00       		.byte	0
 387 0175 06       		.uleb128 0x6
 388 0176 58000000 		.4byte	.LVL14
 389 017a 95020000 		.4byte	0x295
 390 017e 8A010000 		.4byte	0x18a
 391 0182 07       		.uleb128 0x7
 392 0183 01       		.uleb128 0x1
 393 0184 50       		.byte	0x50
 394 0185 03       		.uleb128 0x3
 395 0186 0A       		.byte	0xa
 396 0187 A00F     		.2byte	0xfa0
 397 0189 00       		.byte	0
 398 018a 06       		.uleb128 0x6
 399 018b 5E000000 		.4byte	.LVL15
 400 018f A1020000 		.4byte	0x2a1
 401 0193 9E010000 		.4byte	0x19e
 402 0197 07       		.uleb128 0x7
 403 0198 01       		.uleb128 0x1
 404 0199 50       		.byte	0x50
 405 019a 02       		.uleb128 0x2
 406 019b 74       		.byte	0x74
 407 019c 00       		.sleb128 0
 408 019d 00       		.byte	0
 409 019e 06       		.uleb128 0x6
 410 019f 68000000 		.4byte	.LVL16
 411 01a3 95020000 		.4byte	0x295
 412 01a7 B2010000 		.4byte	0x1b2
 413 01ab 07       		.uleb128 0x7
 414 01ac 01       		.uleb128 0x1
 415 01ad 50       		.byte	0x50
 416 01ae 02       		.uleb128 0x2
ARM GAS  C:\Users\ASUS\AppData\Local\Temp\cc446yNh.s 			page 10


 417 01af 75       		.byte	0x75
 418 01b0 00       		.sleb128 0
 419 01b1 00       		.byte	0
 420 01b2 06       		.uleb128 0x6
 421 01b3 6E000000 		.4byte	.LVL17
 422 01b7 A1020000 		.4byte	0x2a1
 423 01bb C6010000 		.4byte	0x1c6
 424 01bf 07       		.uleb128 0x7
 425 01c0 01       		.uleb128 0x1
 426 01c1 50       		.byte	0x50
 427 01c2 02       		.uleb128 0x2
 428 01c3 74       		.byte	0x74
 429 01c4 00       		.sleb128 0
 430 01c5 00       		.byte	0
 431 01c6 06       		.uleb128 0x6
 432 01c7 74000000 		.4byte	.LVL18
 433 01cb 95020000 		.4byte	0x295
 434 01cf D9010000 		.4byte	0x1d9
 435 01d3 07       		.uleb128 0x7
 436 01d4 01       		.uleb128 0x1
 437 01d5 50       		.byte	0x50
 438 01d6 01       		.uleb128 0x1
 439 01d7 30       		.byte	0x30
 440 01d8 00       		.byte	0
 441 01d9 08       		.uleb128 0x8
 442 01da 7A000000 		.4byte	.LVL19
 443 01de A1020000 		.4byte	0x2a1
 444 01e2 07       		.uleb128 0x7
 445 01e3 01       		.uleb128 0x1
 446 01e4 50       		.byte	0x50
 447 01e5 02       		.uleb128 0x2
 448 01e6 75       		.byte	0x75
 449 01e7 00       		.sleb128 0
 450 01e8 00       		.byte	0
 451 01e9 00       		.byte	0
 452 01ea 09       		.uleb128 0x9
 453 01eb 45010000 		.4byte	.LASF14
 454 01ef 01       		.byte	0x1
 455 01f0 53       		.byte	0x53
 456 01f1 00000000 		.4byte	.LFB34
 457 01f5 10000000 		.4byte	.LFE34-.LFB34
 458 01f9 01       		.uleb128 0x1
 459 01fa 9C       		.byte	0x9c
 460 01fb 12020000 		.4byte	0x212
 461 01ff 05       		.uleb128 0x5
 462 0200 06000000 		.4byte	.LVL20
 463 0204 AC020000 		.4byte	0x2ac
 464 0208 05       		.uleb128 0x5
 465 0209 0E000000 		.4byte	.LVL21
 466 020d B7020000 		.4byte	0x2b7
 467 0211 00       		.byte	0
 468 0212 09       		.uleb128 0x9
 469 0213 4F010000 		.4byte	.LASF15
 470 0217 01       		.byte	0x1
 471 0218 5D       		.byte	0x5d
 472 0219 00000000 		.4byte	.LFB35
 473 021d 0C000000 		.4byte	.LFE35-.LFB35
ARM GAS  C:\Users\ASUS\AppData\Local\Temp\cc446yNh.s 			page 11


 474 0221 01       		.uleb128 0x1
 475 0222 9C       		.byte	0x9c
 476 0223 3A020000 		.4byte	0x23a
 477 0227 05       		.uleb128 0x5
 478 0228 06000000 		.4byte	.LVL22
 479 022c C2020000 		.4byte	0x2c2
 480 0230 05       		.uleb128 0x5
 481 0231 0A000000 		.4byte	.LVL23
 482 0235 8A020000 		.4byte	0x28a
 483 0239 00       		.byte	0
 484 023a 0A       		.uleb128 0xa
 485 023b 0C000000 		.4byte	.LASF16
 486 023f 0C000000 		.4byte	.LASF16
 487 0243 02       		.byte	0x2
 488 0244 72       		.byte	0x72
 489 0245 0B       		.uleb128 0xb
 490 0246 7F000000 		.4byte	.LASF17
 491 024a 7F000000 		.4byte	.LASF17
 492 024e 03       		.byte	0x3
 493 024f 3201     		.2byte	0x132
 494 0251 0B       		.uleb128 0xb
 495 0252 C0000000 		.4byte	.LASF18
 496 0256 C0000000 		.4byte	.LASF18
 497 025a 04       		.byte	0x4
 498 025b 3201     		.2byte	0x132
 499 025d 0B       		.uleb128 0xb
 500 025e FF000000 		.4byte	.LASF19
 501 0262 FF000000 		.4byte	.LASF19
 502 0266 05       		.byte	0x5
 503 0267 3201     		.2byte	0x132
 504 0269 0A       		.uleb128 0xa
 505 026a B2000000 		.4byte	.LASF20
 506 026e B2000000 		.4byte	.LASF20
 507 0272 06       		.byte	0x6
 508 0273 1D       		.byte	0x1d
 509 0274 0A       		.uleb128 0xa
 510 0275 70000000 		.4byte	.LASF21
 511 0279 70000000 		.4byte	.LASF21
 512 027d 07       		.byte	0x7
 513 027e 3B       		.byte	0x3b
 514 027f 0A       		.uleb128 0xa
 515 0280 3D000000 		.4byte	.LASF22
 516 0284 3D000000 		.4byte	.LASF22
 517 0288 08       		.byte	0x8
 518 0289 43       		.byte	0x43
 519 028a 0A       		.uleb128 0xa
 520 028b 0A010000 		.4byte	.LASF23
 521 028f 0A010000 		.4byte	.LASF23
 522 0293 09       		.byte	0x9
 523 0294 59       		.byte	0x59
 524 0295 0B       		.uleb128 0xb
 525 0296 5B020000 		.4byte	.LASF24
 526 029a 5B020000 		.4byte	.LASF24
 527 029e 03       		.byte	0x3
 528 029f 5501     		.2byte	0x155
 529 02a1 0A       		.uleb128 0xa
 530 02a2 88020000 		.4byte	.LASF25
ARM GAS  C:\Users\ASUS\AppData\Local\Temp\cc446yNh.s 			page 12


 531 02a6 88020000 		.4byte	.LASF25
 532 02aa 0A       		.byte	0xa
 533 02ab EC       		.byte	0xec
 534 02ac 0A       		.uleb128 0xa
 535 02ad CB000000 		.4byte	.LASF26
 536 02b1 CB000000 		.4byte	.LASF26
 537 02b5 09       		.byte	0x9
 538 02b6 5A       		.byte	0x5a
 539 02b7 0A       		.uleb128 0xa
 540 02b8 6D020000 		.4byte	.LASF27
 541 02bc 6D020000 		.4byte	.LASF27
 542 02c0 07       		.byte	0x7
 543 02c1 3F       		.byte	0x3f
 544 02c2 0A       		.uleb128 0xa
 545 02c3 96000000 		.4byte	.LASF28
 546 02c7 96000000 		.4byte	.LASF28
 547 02cb 08       		.byte	0x8
 548 02cc 3F       		.byte	0x3f
 549 02cd 00       		.byte	0
 550              		.section	.debug_abbrev,"",%progbits
 551              	.Ldebug_abbrev0:
 552 0000 01       		.uleb128 0x1
 553 0001 11       		.uleb128 0x11
 554 0002 01       		.byte	0x1
 555 0003 25       		.uleb128 0x25
 556 0004 0E       		.uleb128 0xe
 557 0005 13       		.uleb128 0x13
 558 0006 0B       		.uleb128 0xb
 559 0007 03       		.uleb128 0x3
 560 0008 0E       		.uleb128 0xe
 561 0009 1B       		.uleb128 0x1b
 562 000a 0E       		.uleb128 0xe
 563 000b 55       		.uleb128 0x55
 564 000c 17       		.uleb128 0x17
 565 000d 11       		.uleb128 0x11
 566 000e 01       		.uleb128 0x1
 567 000f 10       		.uleb128 0x10
 568 0010 17       		.uleb128 0x17
 569 0011 00       		.byte	0
 570 0012 00       		.byte	0
 571 0013 02       		.uleb128 0x2
 572 0014 24       		.uleb128 0x24
 573 0015 00       		.byte	0
 574 0016 0B       		.uleb128 0xb
 575 0017 0B       		.uleb128 0xb
 576 0018 3E       		.uleb128 0x3e
 577 0019 0B       		.uleb128 0xb
 578 001a 03       		.uleb128 0x3
 579 001b 0E       		.uleb128 0xe
 580 001c 00       		.byte	0
 581 001d 00       		.byte	0
 582 001e 03       		.uleb128 0x3
 583 001f 24       		.uleb128 0x24
 584 0020 00       		.byte	0
 585 0021 0B       		.uleb128 0xb
 586 0022 0B       		.uleb128 0xb
 587 0023 3E       		.uleb128 0x3e
ARM GAS  C:\Users\ASUS\AppData\Local\Temp\cc446yNh.s 			page 13


 588 0024 0B       		.uleb128 0xb
 589 0025 03       		.uleb128 0x3
 590 0026 08       		.uleb128 0x8
 591 0027 00       		.byte	0
 592 0028 00       		.byte	0
 593 0029 04       		.uleb128 0x4
 594 002a 2E       		.uleb128 0x2e
 595 002b 01       		.byte	0x1
 596 002c 3F       		.uleb128 0x3f
 597 002d 19       		.uleb128 0x19
 598 002e 03       		.uleb128 0x3
 599 002f 0E       		.uleb128 0xe
 600 0030 3A       		.uleb128 0x3a
 601 0031 0B       		.uleb128 0xb
 602 0032 3B       		.uleb128 0x3b
 603 0033 0B       		.uleb128 0xb
 604 0034 27       		.uleb128 0x27
 605 0035 19       		.uleb128 0x19
 606 0036 49       		.uleb128 0x49
 607 0037 13       		.uleb128 0x13
 608 0038 8701     		.uleb128 0x87
 609 003a 19       		.uleb128 0x19
 610 003b 11       		.uleb128 0x11
 611 003c 01       		.uleb128 0x1
 612 003d 12       		.uleb128 0x12
 613 003e 06       		.uleb128 0x6
 614 003f 40       		.uleb128 0x40
 615 0040 18       		.uleb128 0x18
 616 0041 9742     		.uleb128 0x2117
 617 0043 19       		.uleb128 0x19
 618 0044 01       		.uleb128 0x1
 619 0045 13       		.uleb128 0x13
 620 0046 00       		.byte	0
 621 0047 00       		.byte	0
 622 0048 05       		.uleb128 0x5
 623 0049 898201   		.uleb128 0x4109
 624 004c 00       		.byte	0
 625 004d 11       		.uleb128 0x11
 626 004e 01       		.uleb128 0x1
 627 004f 31       		.uleb128 0x31
 628 0050 13       		.uleb128 0x13
 629 0051 00       		.byte	0
 630 0052 00       		.byte	0
 631 0053 06       		.uleb128 0x6
 632 0054 898201   		.uleb128 0x4109
 633 0057 01       		.byte	0x1
 634 0058 11       		.uleb128 0x11
 635 0059 01       		.uleb128 0x1
 636 005a 31       		.uleb128 0x31
 637 005b 13       		.uleb128 0x13
 638 005c 01       		.uleb128 0x1
 639 005d 13       		.uleb128 0x13
 640 005e 00       		.byte	0
 641 005f 00       		.byte	0
 642 0060 07       		.uleb128 0x7
 643 0061 8A8201   		.uleb128 0x410a
 644 0064 00       		.byte	0
ARM GAS  C:\Users\ASUS\AppData\Local\Temp\cc446yNh.s 			page 14


 645 0065 02       		.uleb128 0x2
 646 0066 18       		.uleb128 0x18
 647 0067 9142     		.uleb128 0x2111
 648 0069 18       		.uleb128 0x18
 649 006a 00       		.byte	0
 650 006b 00       		.byte	0
 651 006c 08       		.uleb128 0x8
 652 006d 898201   		.uleb128 0x4109
 653 0070 01       		.byte	0x1
 654 0071 11       		.uleb128 0x11
 655 0072 01       		.uleb128 0x1
 656 0073 31       		.uleb128 0x31
 657 0074 13       		.uleb128 0x13
 658 0075 00       		.byte	0
 659 0076 00       		.byte	0
 660 0077 09       		.uleb128 0x9
 661 0078 2E       		.uleb128 0x2e
 662 0079 01       		.byte	0x1
 663 007a 3F       		.uleb128 0x3f
 664 007b 19       		.uleb128 0x19
 665 007c 03       		.uleb128 0x3
 666 007d 0E       		.uleb128 0xe
 667 007e 3A       		.uleb128 0x3a
 668 007f 0B       		.uleb128 0xb
 669 0080 3B       		.uleb128 0x3b
 670 0081 0B       		.uleb128 0xb
 671 0082 11       		.uleb128 0x11
 672 0083 01       		.uleb128 0x1
 673 0084 12       		.uleb128 0x12
 674 0085 06       		.uleb128 0x6
 675 0086 40       		.uleb128 0x40
 676 0087 18       		.uleb128 0x18
 677 0088 9742     		.uleb128 0x2117
 678 008a 19       		.uleb128 0x19
 679 008b 01       		.uleb128 0x1
 680 008c 13       		.uleb128 0x13
 681 008d 00       		.byte	0
 682 008e 00       		.byte	0
 683 008f 0A       		.uleb128 0xa
 684 0090 2E       		.uleb128 0x2e
 685 0091 00       		.byte	0
 686 0092 3F       		.uleb128 0x3f
 687 0093 19       		.uleb128 0x19
 688 0094 3C       		.uleb128 0x3c
 689 0095 19       		.uleb128 0x19
 690 0096 6E       		.uleb128 0x6e
 691 0097 0E       		.uleb128 0xe
 692 0098 03       		.uleb128 0x3
 693 0099 0E       		.uleb128 0xe
 694 009a 3A       		.uleb128 0x3a
 695 009b 0B       		.uleb128 0xb
 696 009c 3B       		.uleb128 0x3b
 697 009d 0B       		.uleb128 0xb
 698 009e 00       		.byte	0
 699 009f 00       		.byte	0
 700 00a0 0B       		.uleb128 0xb
 701 00a1 2E       		.uleb128 0x2e
ARM GAS  C:\Users\ASUS\AppData\Local\Temp\cc446yNh.s 			page 15


 702 00a2 00       		.byte	0
 703 00a3 3F       		.uleb128 0x3f
 704 00a4 19       		.uleb128 0x19
 705 00a5 3C       		.uleb128 0x3c
 706 00a6 19       		.uleb128 0x19
 707 00a7 6E       		.uleb128 0x6e
 708 00a8 0E       		.uleb128 0xe
 709 00a9 03       		.uleb128 0x3
 710 00aa 0E       		.uleb128 0xe
 711 00ab 3A       		.uleb128 0x3a
 712 00ac 0B       		.uleb128 0xb
 713 00ad 3B       		.uleb128 0x3b
 714 00ae 05       		.uleb128 0x5
 715 00af 00       		.byte	0
 716 00b0 00       		.byte	0
 717 00b1 00       		.byte	0
 718              		.section	.debug_aranges,"",%progbits
 719 0000 2C000000 		.4byte	0x2c
 720 0004 0200     		.2byte	0x2
 721 0006 00000000 		.4byte	.Ldebug_info0
 722 000a 04       		.byte	0x4
 723 000b 00       		.byte	0
 724 000c 0000     		.2byte	0
 725 000e 0000     		.2byte	0
 726 0010 00000000 		.4byte	.LFB33
 727 0014 84000000 		.4byte	.LFE33-.LFB33
 728 0018 00000000 		.4byte	.LFB34
 729 001c 10000000 		.4byte	.LFE34-.LFB34
 730 0020 00000000 		.4byte	.LFB35
 731 0024 0C000000 		.4byte	.LFE35-.LFB35
 732 0028 00000000 		.4byte	0
 733 002c 00000000 		.4byte	0
 734              		.section	.debug_ranges,"",%progbits
 735              	.Ldebug_ranges0:
 736 0000 00000000 		.4byte	.LFB33
 737 0004 84000000 		.4byte	.LFE33
 738 0008 00000000 		.4byte	.LFB34
 739 000c 10000000 		.4byte	.LFE34
 740 0010 00000000 		.4byte	.LFB35
 741 0014 0C000000 		.4byte	.LFE35
 742 0018 00000000 		.4byte	0
 743 001c 00000000 		.4byte	0
 744              		.section	.debug_line,"",%progbits
 745              	.Ldebug_line0:
 746 0000 33010000 		.section	.debug_str,"MS",%progbits,1
 746      0200B300 
 746      00000201 
 746      FB0E0D00 
 746      01010101 
 747              	.LASF0:
 748 0000 7369676E 		.ascii	"signed char\000"
 748      65642063 
 748      68617200 
 749              	.LASF16:
 750 000c 75617274 		.ascii	"uart_Start\000"
 750      5F537461 
 750      727400
ARM GAS  C:\Users\ASUS\AppData\Local\Temp\cc446yNh.s 			page 16


 751              	.LASF9:
 752 0017 666C6F61 		.ascii	"float\000"
 752      7400
 753              	.LASF1:
 754 001d 756E7369 		.ascii	"unsigned char\000"
 754      676E6564 
 754      20636861 
 754      7200
 755              	.LASF5:
 756 002b 6C6F6E67 		.ascii	"long unsigned int\000"
 756      20756E73 
 756      69676E65 
 756      6420696E 
 756      7400
 757              	.LASF22:
 758 003d 63617073 		.ascii	"capsense_InitializeAllBaselines\000"
 758      656E7365 
 758      5F496E69 
 758      7469616C 
 758      697A6541 
 759              	.LASF3:
 760 005d 73686F72 		.ascii	"short unsigned int\000"
 760      7420756E 
 760      7369676E 
 760      65642069 
 760      6E7400
 761              	.LASF21:
 762 0070 63617073 		.ascii	"capsense_Start\000"
 762      656E7365 
 762      5F537461 
 762      727400
 763              	.LASF17:
 764 007f 70776D31 		.ascii	"pwm1_Start\000"
 764      5F537461 
 764      727400
 765              	.LASF10:
 766 008a 646F7562 		.ascii	"double\000"
 766      6C6500
 767              	.LASF32:
 768 0091 6D61696E 		.ascii	"main\000"
 768      00
 769              	.LASF28:
 770 0096 63617073 		.ascii	"capsense_UpdateAllBaselines\000"
 770      656E7365 
 770      5F557064 
 770      61746541 
 770      6C6C4261 
 771              	.LASF20:
 772 00b2 636C6F63 		.ascii	"clock_StartEx\000"
 772      6B5F5374 
 772      61727445 
 772      7800
 773              	.LASF18:
 774 00c0 70776D32 		.ascii	"pwm2_Start\000"
 774      5F537461 
 774      727400
 775              	.LASF26:
ARM GAS  C:\Users\ASUS\AppData\Local\Temp\cc446yNh.s 			page 17


 776 00cb 63617073 		.ascii	"capsense_IsBusy\000"
 776      656E7365 
 776      5F497342 
 776      75737900 
 777              	.LASF8:
 778 00db 756E7369 		.ascii	"unsigned int\000"
 778      676E6564 
 778      20696E74 
 778      00
 779              	.LASF7:
 780 00e8 6C6F6E67 		.ascii	"long long unsigned int\000"
 780      206C6F6E 
 780      6720756E 
 780      7369676E 
 780      65642069 
 781              	.LASF19:
 782 00ff 70776D33 		.ascii	"pwm3_Start\000"
 782      5F537461 
 782      727400
 783              	.LASF23:
 784 010a 63617073 		.ascii	"capsense_ScanAllWidgets\000"
 784      656E7365 
 784      5F536361 
 784      6E416C6C 
 784      57696467 
 785              	.LASF13:
 786 0122 73697A65 		.ascii	"sizetype\000"
 786      74797065 
 786      00
 787              	.LASF6:
 788 012b 6C6F6E67 		.ascii	"long long int\000"
 788      206C6F6E 
 788      6720696E 
 788      7400
 789              	.LASF30:
 790 0139 6D61696E 		.ascii	"main.c\000"
 790      2E6300
 791              	.LASF11:
 792 0140 63686172 		.ascii	"char\000"
 792      00
 793              	.LASF14:
 794 0145 43415053 		.ascii	"CAPSENSE0\000"
 794      454E5345 
 794      3000
 795              	.LASF15:
 796 014f 43415053 		.ascii	"CAPSENSE1\000"
 796      454E5345 
 796      3100
 797              	.LASF2:
 798 0159 73686F72 		.ascii	"short int\000"
 798      7420696E 
 798      7400
 799              	.LASF4:
 800 0163 6C6F6E67 		.ascii	"long int\000"
 800      20696E74 
 800      00
 801              	.LASF12:
ARM GAS  C:\Users\ASUS\AppData\Local\Temp\cc446yNh.s 			page 18


 802 016c 6C6F6E67 		.ascii	"long double\000"
 802      20646F75 
 802      626C6500 
 803              	.LASF29:
 804 0178 474E5520 		.ascii	"GNU C11 5.4.1 20160609 (release) [ARM/embedded-5-br"
 804      43313120 
 804      352E342E 
 804      31203230 
 804      31363036 
 805 01ab 616E6368 		.ascii	"anch revision 237715] -mcpu=cortex-m0plus -mthumb -"
 805      20726576 
 805      6973696F 
 805      6E203233 
 805      37373135 
 806 01de 67202D4F 		.ascii	"g -Og -ffunction-sections -ffat-lto-objects\000"
 806      67202D66 
 806      66756E63 
 806      74696F6E 
 806      2D736563 
 807              	.LASF31:
 808 020a 433A5C61 		.ascii	"C:\\aixt\\aixt\\ports\\Cypress\\CY8CKIT-145-40XX\\e"
 808      6978745C 
 808      61697874 
 808      5C706F72 
 808      74735C43 
 809 0237 78616D70 		.ascii	"xamples\\Configuracion_General.cydsn\000"
 809      6C65735C 
 809      436F6E66 
 809      69677572 
 809      6163696F 
 810              	.LASF24:
 811 025b 70776D31 		.ascii	"pwm1_WriteCompare\000"
 811      5F577269 
 811      7465436F 
 811      6D706172 
 811      6500
 812              	.LASF27:
 813 026d 63617073 		.ascii	"capsense_ProcessAllWidgets\000"
 813      656E7365 
 813      5F50726F 
 813      63657373 
 813      416C6C57 
 814              	.LASF25:
 815 0288 43794465 		.ascii	"CyDelay\000"
 815      6C617900 
 816              		.ident	"GCC: (GNU Tools for ARM Embedded Processors) 5.4.1 20160609 (release) [ARM/embedded-5-bran
