ARM GAS  C:\Users\ASUS\AppData\Local\Temp\ccxbfmzb.s 			page 1


   1              		.syntax unified
   2              		.cpu cortex-m0
   3              		.fpu softvfp
   4              		.eabi_attribute 20, 1
   5              		.eabi_attribute 21, 1
   6              		.eabi_attribute 23, 3
   7              		.eabi_attribute 24, 1
   8              		.eabi_attribute 25, 1
   9              		.eabi_attribute 26, 1
  10              		.eabi_attribute 30, 1
  11              		.eabi_attribute 34, 0
  12              		.eabi_attribute 18, 4
  13              		.thumb
  14              		.syntax unified
  15              		.file	"main.c"
  16              		.text
  17              	.Ltext0:
  18              		.cfi_sections	.debug_frame
  19              		.section	.text.main__init,"ax",%progbits
  20              		.align	2
  21              		.global	main__init
  22              		.code	16
  23              		.thumb_func
  24              		.type	main__init, %function
  25              	main__init:
  26              	.LFB32:
  27              		.file 1 "main.c"
   1:main.c        **** // This C code was automatically generated by Aixt Project
   2:main.c        **** //     https://github.com/fermarsan/aixt
   3:main.c        **** // Device = CY8CKIT-145
   4:main.c        **** // Board = CY8CKIT-145-40XX
   5:main.c        **** // Backend = c
   6:main.c        **** 
   7:main.c        **** #include <stdint.h>
   8:main.c        **** #include <stdbool.h>
   9:main.c        **** typedef int8_t i8;
  10:main.c        **** typedef int16_t i16;
  11:main.c        **** typedef int32_t i32;
  12:main.c        **** typedef int64_t i64;
  13:main.c        **** typedef int32_t isize;
  14:main.c        **** typedef int32_t int_literal;
  15:main.c        **** typedef uint8_t u8;
  16:main.c        **** typedef uint16_t u16;
  17:main.c        **** typedef uint32_t u32;
  18:main.c        **** typedef uint64_t u64;
  19:main.c        **** typedef uint32_t usize;
  20:main.c        **** typedef float f32;
  21:main.c        **** typedef double f64;
  22:main.c        **** typedef double float_literal;
  23:main.c        **** typedef char rune;
  24:main.c        **** 
  25:main.c        **** #define _const_main__cpu_freq_mhz	_const_main__cpu_freq/1000000
  26:main.c        **** #define _const_main__cpu_freq  20000000
  27:main.c        **** 
  28:main.c        **** #include "project.h"
  29:main.c        **** 
  30:main.c        **** #define INIT_INTERRUPTS()   CyGlobalIntEnable
ARM GAS  C:\Users\ASUS\AppData\Local\Temp\ccxbfmzb.s 			page 2


  31:main.c        **** 
  32:main.c        **** void  main__init();
  33:main.c        **** 
  34:main.c        **** #define PIN_WRITE(PIN_NAME, VAL)    PIN_NAME##_Write(VAL)
  35:main.c        **** #define PIN_HIGH(PIN_NAME)   PIN_NAME##_Write(1)
  36:main.c        **** #define PIN_LOW(PIN_NAME)   PIN_NAME##_Write(0)
  37:main.c        **** #define PIN_READ(PIN_NAME)    PIN_NAME##_Read()
  38:main.c        **** 
  39:main.c        **** #define _const_main__led1 led1
  40:main.c        **** #define _const_main__led4 led4
  41:main.c        **** #define _const_main__led5 led5
  42:main.c        **** #define _const_main__led6 led6
  43:main.c        **** #define _const_main__led7 led7
  44:main.c        **** #define _const_main__led8 led8
  45:main.c        **** #define _const_main__led9 led9
  46:main.c        **** #define _const_main__led10 led10
  47:main.c        **** #define _const_main__led11 led11
  48:main.c        **** #define _const_main__do0 12
  49:main.c        **** #define _const_main__do1 13
  50:main.c        **** #define _const_main__do2 14
  51:main.c        **** #define _const_main__sw2 sw2
  52:main.c        **** #define _const_main__di0 20
  53:main.c        **** #define _const_main__di1 21
  54:main.c        **** #define _const_main__di2 22
  55:main.c        **** #define _const_main__btn0 23
  56:main.c        **** #define _const_main__btn1 24
  57:main.c        **** #define _const_main__btn2 25
  58:main.c        **** #define _const_main__sld0 26
  59:main.c        **** #define _const_main__sld1 27
  60:main.c        **** #define _const_main__sld2 28
  61:main.c        **** #define _const_main__sld3 29
  62:main.c        **** #define _const_main__sld4 30
  63:main.c        **** 
  64:main.c        ****  void  main__init() {
  28              		.loc 1 64 0
  29              		.cfi_startproc
  30              		@ args = 0, pretend = 0, frame = 0
  31              		@ frame_needed = 0, uses_anonymous_args = 0
  32              		@ link register save eliminated.
  65:main.c        **** 	INIT_INTERRUPTS(); 
  33              		.loc 1 65 0
  34              		.syntax divided
  35              	@ 65 "main.c" 1
  36 0000 62B6     		CPSIE   i
  37              	@ 0 "" 2
  66:main.c        **** }
  38              		.loc 1 66 0
  39              		.thumb
  40              		.syntax unified
  41              		@ sp needed
  42 0002 7047     		bx	lr
  43              		.cfi_endproc
  44              	.LFE32:
  45              		.size	main__init, .-main__init
  46              		.section	.text.main,"ax",%progbits
  47              		.align	2
  48              		.global	main
ARM GAS  C:\Users\ASUS\AppData\Local\Temp\ccxbfmzb.s 			page 3


  49              		.code	16
  50              		.thumb_func
  51              		.type	main, %function
  52              	main:
  53              	.LFB33:
  67:main.c        **** 
  68:main.c        **** #define pin__high(name) PIN_HIGH(name)
  69:main.c        **** 
  70:main.c        **** #define pin__low(name) PIN_LOW(name)
  71:main.c        **** 
  72:main.c        **** #define pin__read(name)  PIN_READ(name)
  73:main.c        **** 
  74:main.c        **** #define pin__write(name, value) PIN_WRITE(name, value)
  75:main.c        **** 
  76:main.c        **** #define time__sleep_ms(tms) CyDelay(tms)
  77:main.c        **** 
  78:main.c        **** #define time__sleep_us(tus) CyDelayUs(tus)
  79:main.c        **** 
  80:main.c        ****  int main() {
  54              		.loc 1 80 0
  55              		.cfi_startproc
  56              		@ Volatile: function does not return.
  57              		@ args = 0, pretend = 0, frame = 0
  58              		@ frame_needed = 0, uses_anonymous_args = 0
  59 0000 10B5     		push	{r4, lr}
  60              		.cfi_def_cfa_offset 8
  61              		.cfi_offset 4, -8
  62              		.cfi_offset 14, -4
  81:main.c        **** 	main__init();
  63              		.loc 1 81 0
  64 0002 FFF7FEFF 		bl	main__init
  65              	.LVL0:
  66              	.L3:
  82:main.c        **** 	while( true ) {
  83:main.c        **** 		pin__high(_const_main__led1); 
  67              		.loc 1 83 0 discriminator 1
  68 0006 0120     		movs	r0, #1
  69 0008 FFF7FEFF 		bl	led1_Write
  70              	.LVL1:
  84:main.c        **** 		time__sleep_ms(5000); 
  71              		.loc 1 84 0 discriminator 1
  72 000c 054C     		ldr	r4, .L4
  73 000e 2000     		movs	r0, r4
  74 0010 FFF7FEFF 		bl	CyDelay
  75              	.LVL2:
  85:main.c        **** 		pin__low(_const_main__led1); 
  76              		.loc 1 85 0 discriminator 1
  77 0014 0020     		movs	r0, #0
  78 0016 FFF7FEFF 		bl	led1_Write
  79              	.LVL3:
  86:main.c        **** 		time__sleep_ms(5000); 
  80              		.loc 1 86 0 discriminator 1
  81 001a 2000     		movs	r0, r4
  82 001c FFF7FEFF 		bl	CyDelay
  83              	.LVL4:
  84 0020 F1E7     		b	.L3
  85              	.L5:
ARM GAS  C:\Users\ASUS\AppData\Local\Temp\ccxbfmzb.s 			page 4


  86 0022 C046     		.align	2
  87              	.L4:
  88 0024 88130000 		.word	5000
  89              		.cfi_endproc
  90              	.LFE33:
  91              		.size	main, .-main
  92              		.text
  93              	.Letext0:
  94              		.file 2 "Generated_Source\\PSoC4/led1.h"
  95              		.file 3 "Generated_Source\\PSoC4/CyLib.h"
  96              		.section	.debug_info,"",%progbits
  97              	.Ldebug_info0:
  98 0000 1F010000 		.4byte	0x11f
  99 0004 0400     		.2byte	0x4
 100 0006 00000000 		.4byte	.Ldebug_abbrev0
 101 000a 04       		.byte	0x4
 102 000b 01       		.uleb128 0x1
 103 000c 95000000 		.4byte	.LASF16
 104 0010 0C       		.byte	0xc
 105 0011 26000000 		.4byte	.LASF17
 106 0015 4E010000 		.4byte	.LASF18
 107 0019 00000000 		.4byte	.Ldebug_ranges0+0
 108 001d 00000000 		.4byte	0
 109 0021 00000000 		.4byte	.Ldebug_line0
 110 0025 02       		.uleb128 0x2
 111 0026 01       		.byte	0x1
 112 0027 06       		.byte	0x6
 113 0028 36010000 		.4byte	.LASF0
 114 002c 02       		.uleb128 0x2
 115 002d 01       		.byte	0x1
 116 002e 08       		.byte	0x8
 117 002f 63000000 		.4byte	.LASF1
 118 0033 02       		.uleb128 0x2
 119 0034 02       		.byte	0x2
 120 0035 05       		.byte	0x5
 121 0036 A9010000 		.4byte	.LASF2
 122 003a 02       		.uleb128 0x2
 123 003b 02       		.byte	0x2
 124 003c 07       		.byte	0x7
 125 003d 23010000 		.4byte	.LASF3
 126 0041 02       		.uleb128 0x2
 127 0042 04       		.byte	0x4
 128 0043 05       		.byte	0x5
 129 0044 7C000000 		.4byte	.LASF4
 130 0048 02       		.uleb128 0x2
 131 0049 04       		.byte	0x4
 132 004a 07       		.byte	0x7
 133 004b 3A000000 		.4byte	.LASF5
 134 004f 02       		.uleb128 0x2
 135 0050 08       		.byte	0x8
 136 0051 05       		.byte	0x5
 137 0052 00000000 		.4byte	.LASF6
 138 0056 02       		.uleb128 0x2
 139 0057 08       		.byte	0x8
 140 0058 07       		.byte	0x7
 141 0059 4C000000 		.4byte	.LASF7
 142 005d 03       		.uleb128 0x3
ARM GAS  C:\Users\ASUS\AppData\Local\Temp\ccxbfmzb.s 			page 5


 143 005e 04       		.byte	0x4
 144 005f 05       		.byte	0x5
 145 0060 696E7400 		.ascii	"int\000"
 146 0064 02       		.uleb128 0x2
 147 0065 04       		.byte	0x4
 148 0066 07       		.byte	0x7
 149 0067 0E000000 		.4byte	.LASF8
 150 006b 02       		.uleb128 0x2
 151 006c 04       		.byte	0x4
 152 006d 04       		.byte	0x4
 153 006e A3010000 		.4byte	.LASF9
 154 0072 02       		.uleb128 0x2
 155 0073 08       		.byte	0x8
 156 0074 04       		.byte	0x4
 157 0075 8E000000 		.4byte	.LASF10
 158 0079 02       		.uleb128 0x2
 159 007a 01       		.byte	0x1
 160 007b 08       		.byte	0x8
 161 007c B3010000 		.4byte	.LASF11
 162 0080 02       		.uleb128 0x2
 163 0081 08       		.byte	0x8
 164 0082 04       		.byte	0x4
 165 0083 42010000 		.4byte	.LASF12
 166 0087 02       		.uleb128 0x2
 167 0088 04       		.byte	0x4
 168 0089 07       		.byte	0x7
 169 008a 85000000 		.4byte	.LASF13
 170 008e 04       		.uleb128 0x4
 171 008f 71000000 		.4byte	.LASF19
 172 0093 01       		.byte	0x1
 173 0094 40       		.byte	0x40
 174 0095 00000000 		.4byte	.LFB32
 175 0099 04000000 		.4byte	.LFE32-.LFB32
 176 009d 01       		.uleb128 0x1
 177 009e 9C       		.byte	0x9c
 178 009f 05       		.uleb128 0x5
 179 00a0 2D000000 		.4byte	.LASF20
 180 00a4 01       		.byte	0x1
 181 00a5 50       		.byte	0x50
 182 00a6 5D000000 		.4byte	0x5d
 183 00aa 00000000 		.4byte	.LFB33
 184 00ae 28000000 		.4byte	.LFE33-.LFB33
 185 00b2 01       		.uleb128 0x1
 186 00b3 9C       		.byte	0x9c
 187 00b4 0C010000 		.4byte	0x10c
 188 00b8 06       		.uleb128 0x6
 189 00b9 06000000 		.4byte	.LVL0
 190 00bd 8E000000 		.4byte	0x8e
 191 00c1 07       		.uleb128 0x7
 192 00c2 0C000000 		.4byte	.LVL1
 193 00c6 0C010000 		.4byte	0x10c
 194 00ca D4000000 		.4byte	0xd4
 195 00ce 08       		.uleb128 0x8
 196 00cf 01       		.uleb128 0x1
 197 00d0 50       		.byte	0x50
 198 00d1 01       		.uleb128 0x1
 199 00d2 31       		.byte	0x31
ARM GAS  C:\Users\ASUS\AppData\Local\Temp\ccxbfmzb.s 			page 6


 200 00d3 00       		.byte	0
 201 00d4 07       		.uleb128 0x7
 202 00d5 14000000 		.4byte	.LVL2
 203 00d9 17010000 		.4byte	0x117
 204 00dd E8000000 		.4byte	0xe8
 205 00e1 08       		.uleb128 0x8
 206 00e2 01       		.uleb128 0x1
 207 00e3 50       		.byte	0x50
 208 00e4 02       		.uleb128 0x2
 209 00e5 74       		.byte	0x74
 210 00e6 00       		.sleb128 0
 211 00e7 00       		.byte	0
 212 00e8 07       		.uleb128 0x7
 213 00e9 1A000000 		.4byte	.LVL3
 214 00ed 0C010000 		.4byte	0x10c
 215 00f1 FB000000 		.4byte	0xfb
 216 00f5 08       		.uleb128 0x8
 217 00f6 01       		.uleb128 0x1
 218 00f7 50       		.byte	0x50
 219 00f8 01       		.uleb128 0x1
 220 00f9 30       		.byte	0x30
 221 00fa 00       		.byte	0
 222 00fb 09       		.uleb128 0x9
 223 00fc 20000000 		.4byte	.LVL4
 224 0100 17010000 		.4byte	0x117
 225 0104 08       		.uleb128 0x8
 226 0105 01       		.uleb128 0x1
 227 0106 50       		.byte	0x50
 228 0107 02       		.uleb128 0x2
 229 0108 74       		.byte	0x74
 230 0109 00       		.sleb128 0
 231 010a 00       		.byte	0
 232 010b 00       		.byte	0
 233 010c 0A       		.uleb128 0xa
 234 010d 1B000000 		.4byte	.LASF14
 235 0111 1B000000 		.4byte	.LASF14
 236 0115 02       		.byte	0x2
 237 0116 33       		.byte	0x33
 238 0117 0A       		.uleb128 0xa
 239 0118 32000000 		.4byte	.LASF15
 240 011c 32000000 		.4byte	.LASF15
 241 0120 03       		.byte	0x3
 242 0121 EC       		.byte	0xec
 243 0122 00       		.byte	0
 244              		.section	.debug_abbrev,"",%progbits
 245              	.Ldebug_abbrev0:
 246 0000 01       		.uleb128 0x1
 247 0001 11       		.uleb128 0x11
 248 0002 01       		.byte	0x1
 249 0003 25       		.uleb128 0x25
 250 0004 0E       		.uleb128 0xe
 251 0005 13       		.uleb128 0x13
 252 0006 0B       		.uleb128 0xb
 253 0007 03       		.uleb128 0x3
 254 0008 0E       		.uleb128 0xe
 255 0009 1B       		.uleb128 0x1b
 256 000a 0E       		.uleb128 0xe
ARM GAS  C:\Users\ASUS\AppData\Local\Temp\ccxbfmzb.s 			page 7


 257 000b 55       		.uleb128 0x55
 258 000c 17       		.uleb128 0x17
 259 000d 11       		.uleb128 0x11
 260 000e 01       		.uleb128 0x1
 261 000f 10       		.uleb128 0x10
 262 0010 17       		.uleb128 0x17
 263 0011 00       		.byte	0
 264 0012 00       		.byte	0
 265 0013 02       		.uleb128 0x2
 266 0014 24       		.uleb128 0x24
 267 0015 00       		.byte	0
 268 0016 0B       		.uleb128 0xb
 269 0017 0B       		.uleb128 0xb
 270 0018 3E       		.uleb128 0x3e
 271 0019 0B       		.uleb128 0xb
 272 001a 03       		.uleb128 0x3
 273 001b 0E       		.uleb128 0xe
 274 001c 00       		.byte	0
 275 001d 00       		.byte	0
 276 001e 03       		.uleb128 0x3
 277 001f 24       		.uleb128 0x24
 278 0020 00       		.byte	0
 279 0021 0B       		.uleb128 0xb
 280 0022 0B       		.uleb128 0xb
 281 0023 3E       		.uleb128 0x3e
 282 0024 0B       		.uleb128 0xb
 283 0025 03       		.uleb128 0x3
 284 0026 08       		.uleb128 0x8
 285 0027 00       		.byte	0
 286 0028 00       		.byte	0
 287 0029 04       		.uleb128 0x4
 288 002a 2E       		.uleb128 0x2e
 289 002b 00       		.byte	0
 290 002c 3F       		.uleb128 0x3f
 291 002d 19       		.uleb128 0x19
 292 002e 03       		.uleb128 0x3
 293 002f 0E       		.uleb128 0xe
 294 0030 3A       		.uleb128 0x3a
 295 0031 0B       		.uleb128 0xb
 296 0032 3B       		.uleb128 0x3b
 297 0033 0B       		.uleb128 0xb
 298 0034 11       		.uleb128 0x11
 299 0035 01       		.uleb128 0x1
 300 0036 12       		.uleb128 0x12
 301 0037 06       		.uleb128 0x6
 302 0038 40       		.uleb128 0x40
 303 0039 18       		.uleb128 0x18
 304 003a 9742     		.uleb128 0x2117
 305 003c 19       		.uleb128 0x19
 306 003d 00       		.byte	0
 307 003e 00       		.byte	0
 308 003f 05       		.uleb128 0x5
 309 0040 2E       		.uleb128 0x2e
 310 0041 01       		.byte	0x1
 311 0042 3F       		.uleb128 0x3f
 312 0043 19       		.uleb128 0x19
 313 0044 03       		.uleb128 0x3
ARM GAS  C:\Users\ASUS\AppData\Local\Temp\ccxbfmzb.s 			page 8


 314 0045 0E       		.uleb128 0xe
 315 0046 3A       		.uleb128 0x3a
 316 0047 0B       		.uleb128 0xb
 317 0048 3B       		.uleb128 0x3b
 318 0049 0B       		.uleb128 0xb
 319 004a 49       		.uleb128 0x49
 320 004b 13       		.uleb128 0x13
 321 004c 8701     		.uleb128 0x87
 322 004e 19       		.uleb128 0x19
 323 004f 11       		.uleb128 0x11
 324 0050 01       		.uleb128 0x1
 325 0051 12       		.uleb128 0x12
 326 0052 06       		.uleb128 0x6
 327 0053 40       		.uleb128 0x40
 328 0054 18       		.uleb128 0x18
 329 0055 9742     		.uleb128 0x2117
 330 0057 19       		.uleb128 0x19
 331 0058 01       		.uleb128 0x1
 332 0059 13       		.uleb128 0x13
 333 005a 00       		.byte	0
 334 005b 00       		.byte	0
 335 005c 06       		.uleb128 0x6
 336 005d 898201   		.uleb128 0x4109
 337 0060 00       		.byte	0
 338 0061 11       		.uleb128 0x11
 339 0062 01       		.uleb128 0x1
 340 0063 31       		.uleb128 0x31
 341 0064 13       		.uleb128 0x13
 342 0065 00       		.byte	0
 343 0066 00       		.byte	0
 344 0067 07       		.uleb128 0x7
 345 0068 898201   		.uleb128 0x4109
 346 006b 01       		.byte	0x1
 347 006c 11       		.uleb128 0x11
 348 006d 01       		.uleb128 0x1
 349 006e 31       		.uleb128 0x31
 350 006f 13       		.uleb128 0x13
 351 0070 01       		.uleb128 0x1
 352 0071 13       		.uleb128 0x13
 353 0072 00       		.byte	0
 354 0073 00       		.byte	0
 355 0074 08       		.uleb128 0x8
 356 0075 8A8201   		.uleb128 0x410a
 357 0078 00       		.byte	0
 358 0079 02       		.uleb128 0x2
 359 007a 18       		.uleb128 0x18
 360 007b 9142     		.uleb128 0x2111
 361 007d 18       		.uleb128 0x18
 362 007e 00       		.byte	0
 363 007f 00       		.byte	0
 364 0080 09       		.uleb128 0x9
 365 0081 898201   		.uleb128 0x4109
 366 0084 01       		.byte	0x1
 367 0085 11       		.uleb128 0x11
 368 0086 01       		.uleb128 0x1
 369 0087 31       		.uleb128 0x31
 370 0088 13       		.uleb128 0x13
ARM GAS  C:\Users\ASUS\AppData\Local\Temp\ccxbfmzb.s 			page 9


 371 0089 00       		.byte	0
 372 008a 00       		.byte	0
 373 008b 0A       		.uleb128 0xa
 374 008c 2E       		.uleb128 0x2e
 375 008d 00       		.byte	0
 376 008e 3F       		.uleb128 0x3f
 377 008f 19       		.uleb128 0x19
 378 0090 3C       		.uleb128 0x3c
 379 0091 19       		.uleb128 0x19
 380 0092 6E       		.uleb128 0x6e
 381 0093 0E       		.uleb128 0xe
 382 0094 03       		.uleb128 0x3
 383 0095 0E       		.uleb128 0xe
 384 0096 3A       		.uleb128 0x3a
 385 0097 0B       		.uleb128 0xb
 386 0098 3B       		.uleb128 0x3b
 387 0099 0B       		.uleb128 0xb
 388 009a 00       		.byte	0
 389 009b 00       		.byte	0
 390 009c 00       		.byte	0
 391              		.section	.debug_aranges,"",%progbits
 392 0000 24000000 		.4byte	0x24
 393 0004 0200     		.2byte	0x2
 394 0006 00000000 		.4byte	.Ldebug_info0
 395 000a 04       		.byte	0x4
 396 000b 00       		.byte	0
 397 000c 0000     		.2byte	0
 398 000e 0000     		.2byte	0
 399 0010 00000000 		.4byte	.LFB32
 400 0014 04000000 		.4byte	.LFE32-.LFB32
 401 0018 00000000 		.4byte	.LFB33
 402 001c 28000000 		.4byte	.LFE33-.LFB33
 403 0020 00000000 		.4byte	0
 404 0024 00000000 		.4byte	0
 405              		.section	.debug_ranges,"",%progbits
 406              	.Ldebug_ranges0:
 407 0000 00000000 		.4byte	.LFB32
 408 0004 04000000 		.4byte	.LFE32
 409 0008 00000000 		.4byte	.LFB33
 410 000c 28000000 		.4byte	.LFE33
 411 0010 00000000 		.4byte	0
 412 0014 00000000 		.4byte	0
 413              		.section	.debug_line,"",%progbits
 414              	.Ldebug_line0:
 415 0000 85000000 		.section	.debug_str,"MS",%progbits,1
 415      02004900 
 415      00000201 
 415      FB0E0D00 
 415      01010101 
 416              	.LASF6:
 417 0000 6C6F6E67 		.ascii	"long long int\000"
 417      206C6F6E 
 417      6720696E 
 417      7400
 418              	.LASF8:
 419 000e 756E7369 		.ascii	"unsigned int\000"
 419      676E6564 
ARM GAS  C:\Users\ASUS\AppData\Local\Temp\ccxbfmzb.s 			page 10


 419      20696E74 
 419      00
 420              	.LASF14:
 421 001b 6C656431 		.ascii	"led1_Write\000"
 421      5F577269 
 421      746500
 422              	.LASF17:
 423 0026 6D61696E 		.ascii	"main.c\000"
 423      2E6300
 424              	.LASF20:
 425 002d 6D61696E 		.ascii	"main\000"
 425      00
 426              	.LASF15:
 427 0032 43794465 		.ascii	"CyDelay\000"
 427      6C617900 
 428              	.LASF5:
 429 003a 6C6F6E67 		.ascii	"long unsigned int\000"
 429      20756E73 
 429      69676E65 
 429      6420696E 
 429      7400
 430              	.LASF7:
 431 004c 6C6F6E67 		.ascii	"long long unsigned int\000"
 431      206C6F6E 
 431      6720756E 
 431      7369676E 
 431      65642069 
 432              	.LASF1:
 433 0063 756E7369 		.ascii	"unsigned char\000"
 433      676E6564 
 433      20636861 
 433      7200
 434              	.LASF19:
 435 0071 6D61696E 		.ascii	"main__init\000"
 435      5F5F696E 
 435      697400
 436              	.LASF4:
 437 007c 6C6F6E67 		.ascii	"long int\000"
 437      20696E74 
 437      00
 438              	.LASF13:
 439 0085 73697A65 		.ascii	"sizetype\000"
 439      74797065 
 439      00
 440              	.LASF10:
 441 008e 646F7562 		.ascii	"double\000"
 441      6C6500
 442              	.LASF16:
 443 0095 474E5520 		.ascii	"GNU C11 5.4.1 20160609 (release) [ARM/embedded-5-br"
 443      43313120 
 443      352E342E 
 443      31203230 
 443      31363036 
 444 00c8 616E6368 		.ascii	"anch revision 237715] -mcpu=cortex-m0 -mthumb -g -O"
 444      20726576 
 444      6973696F 
 444      6E203233 
ARM GAS  C:\Users\ASUS\AppData\Local\Temp\ccxbfmzb.s 			page 11


 444      37373135 
 445 00fb 67202D66 		.ascii	"g -ffunction-sections -ffat-lto-objects\000"
 445      66756E63 
 445      74696F6E 
 445      2D736563 
 445      74696F6E 
 446              	.LASF3:
 447 0123 73686F72 		.ascii	"short unsigned int\000"
 447      7420756E 
 447      7369676E 
 447      65642069 
 447      6E7400
 448              	.LASF0:
 449 0136 7369676E 		.ascii	"signed char\000"
 449      65642063 
 449      68617200 
 450              	.LASF12:
 451 0142 6C6F6E67 		.ascii	"long double\000"
 451      20646F75 
 451      626C6500 
 452              	.LASF18:
 453 014e 433A5C61 		.ascii	"C:\\aixt\\aixt\\ports\\Cypress\\CY8CKIT-049-42XX\\e"
 453      6978745C 
 453      61697874 
 453      5C706F72 
 453      74735C43 
 454 017b 78616D70 		.ascii	"xamples\\CY8CKIT-049-42XX-blinking.cydsn\000"
 454      6C65735C 
 454      43593843 
 454      4B49542D 
 454      3034392D 
 455              	.LASF9:
 456 01a3 666C6F61 		.ascii	"float\000"
 456      7400
 457              	.LASF2:
 458 01a9 73686F72 		.ascii	"short int\000"
 458      7420696E 
 458      7400
 459              	.LASF11:
 460 01b3 63686172 		.ascii	"char\000"
 460      00
 461              		.ident	"GCC: (GNU Tools for ARM Embedded Processors) 5.4.1 20160609 (release) [ARM/embedded-5-bran
