ARM GAS  C:\Users\ASUS\AppData\Local\Temp\cckKkMXZ.s 			page 1


   1              		.syntax unified
   2              		.cpu cortex-m0
   3              		.fpu softvfp
   4              		.eabi_attribute 20, 1
   5              		.eabi_attribute 21, 1
   6              		.eabi_attribute 23, 3
   7              		.eabi_attribute 24, 1
   8              		.eabi_attribute 25, 1
   9              		.eabi_attribute 26, 1
  10              		.eabi_attribute 30, 1
  11              		.eabi_attribute 34, 0
  12              		.eabi_attribute 18, 4
  13              		.thumb
  14              		.syntax unified
  15              		.file	"amux.c"
  16              		.text
  17              	.Ltext0:
  18              		.cfi_sections	.debug_frame
  19              		.section	.text.amux_Start,"ax",%progbits
  20              		.align	2
  21              		.global	amux_Start
  22              		.code	16
  23              		.thumb_func
  24              		.type	amux_Start, %function
  25              	amux_Start:
  26              	.LFB0:
  27              		.file 1 "Generated_Source\\PSoC4\\amux.c"
   1:Generated_Source\PSoC4/amux.c **** /*******************************************************************************
   2:Generated_Source\PSoC4/amux.c **** * File Name: amux.c
   3:Generated_Source\PSoC4/amux.c **** * Version 1.80
   4:Generated_Source\PSoC4/amux.c **** *
   5:Generated_Source\PSoC4/amux.c **** *  Description:
   6:Generated_Source\PSoC4/amux.c **** *    This file contains all functions required for the analog multiplexer
   7:Generated_Source\PSoC4/amux.c **** *    AMux User Module.
   8:Generated_Source\PSoC4/amux.c **** *
   9:Generated_Source\PSoC4/amux.c **** *   Note:
  10:Generated_Source\PSoC4/amux.c **** *
  11:Generated_Source\PSoC4/amux.c **** *******************************************************************************
  12:Generated_Source\PSoC4/amux.c **** * Copyright 2008-2010, Cypress Semiconductor Corporation.  All rights reserved.
  13:Generated_Source\PSoC4/amux.c **** * You may use this file only in accordance with the license, terms, conditions, 
  14:Generated_Source\PSoC4/amux.c **** * disclaimers, and limitations in the end user license agreement accompanying 
  15:Generated_Source\PSoC4/amux.c **** * the software package with which this file was provided.
  16:Generated_Source\PSoC4/amux.c **** ********************************************************************************/
  17:Generated_Source\PSoC4/amux.c **** 
  18:Generated_Source\PSoC4/amux.c **** #include "amux.h"
  19:Generated_Source\PSoC4/amux.c **** 
  20:Generated_Source\PSoC4/amux.c **** static uint8 amux_lastChannel = amux_NULL_CHANNEL;
  21:Generated_Source\PSoC4/amux.c **** 
  22:Generated_Source\PSoC4/amux.c **** 
  23:Generated_Source\PSoC4/amux.c **** /*******************************************************************************
  24:Generated_Source\PSoC4/amux.c **** * Function Name: amux_Start
  25:Generated_Source\PSoC4/amux.c **** ********************************************************************************
  26:Generated_Source\PSoC4/amux.c **** * Summary:
  27:Generated_Source\PSoC4/amux.c **** *  Disconnect all channels.
  28:Generated_Source\PSoC4/amux.c **** *
  29:Generated_Source\PSoC4/amux.c **** * Parameters:
  30:Generated_Source\PSoC4/amux.c **** *  void
ARM GAS  C:\Users\ASUS\AppData\Local\Temp\cckKkMXZ.s 			page 2


  31:Generated_Source\PSoC4/amux.c **** *
  32:Generated_Source\PSoC4/amux.c **** * Return:
  33:Generated_Source\PSoC4/amux.c **** *  void
  34:Generated_Source\PSoC4/amux.c **** *
  35:Generated_Source\PSoC4/amux.c **** *******************************************************************************/
  36:Generated_Source\PSoC4/amux.c **** void amux_Start(void) 
  37:Generated_Source\PSoC4/amux.c **** {
  28              		.loc 1 37 0
  29              		.cfi_startproc
  30              		@ args = 0, pretend = 0, frame = 0
  31              		@ frame_needed = 0, uses_anonymous_args = 0
  32 0000 10B5     		push	{r4, lr}
  33              		.cfi_def_cfa_offset 8
  34              		.cfi_offset 4, -8
  35              		.cfi_offset 14, -4
  36              	.LVL0:
  38:Generated_Source\PSoC4/amux.c ****     uint8 chan;
  39:Generated_Source\PSoC4/amux.c **** 
  40:Generated_Source\PSoC4/amux.c ****     for(chan = 0u; chan < amux_CHANNELS ; chan++)
  37              		.loc 1 40 0
  38 0002 0024     		movs	r4, #0
  39 0004 04E0     		b	.L2
  40              	.LVL1:
  41              	.L3:
  41:Generated_Source\PSoC4/amux.c ****     {
  42:Generated_Source\PSoC4/amux.c **** #if (amux_MUXTYPE == amux_MUX_SINGLE)
  43:Generated_Source\PSoC4/amux.c ****         amux_Unset(chan);
  42              		.loc 1 43 0 discriminator 3
  43 0006 2000     		movs	r0, r4
  44 0008 FFF7FEFF 		bl	amux_Unset
  45              	.LVL2:
  40:Generated_Source\PSoC4/amux.c ****     {
  46              		.loc 1 40 0 discriminator 3
  47 000c 0134     		adds	r4, r4, #1
  48              	.LVL3:
  49 000e E4B2     		uxtb	r4, r4
  50              	.LVL4:
  51              	.L2:
  40:Generated_Source\PSoC4/amux.c ****     {
  52              		.loc 1 40 0 is_stmt 0 discriminator 1
  53 0010 032C     		cmp	r4, #3
  54 0012 F8D9     		bls	.L3
  44:Generated_Source\PSoC4/amux.c **** #else
  45:Generated_Source\PSoC4/amux.c ****         amux_CYAMUXSIDE_A_Unset(chan);
  46:Generated_Source\PSoC4/amux.c ****         amux_CYAMUXSIDE_B_Unset(chan);
  47:Generated_Source\PSoC4/amux.c **** #endif
  48:Generated_Source\PSoC4/amux.c ****     }
  49:Generated_Source\PSoC4/amux.c **** 
  50:Generated_Source\PSoC4/amux.c ****     amux_lastChannel = amux_NULL_CHANNEL;
  55              		.loc 1 50 0 is_stmt 1
  56 0014 FF22     		movs	r2, #255
  57 0016 014B     		ldr	r3, .L4
  58 0018 1A70     		strb	r2, [r3]
  51:Generated_Source\PSoC4/amux.c **** }
  59              		.loc 1 51 0
  60              		@ sp needed
  61              	.LVL5:
ARM GAS  C:\Users\ASUS\AppData\Local\Temp\cckKkMXZ.s 			page 3


  62 001a 10BD     		pop	{r4, pc}
  63              	.L5:
  64              		.align	2
  65              	.L4:
  66 001c 00000000 		.word	.LANCHOR0
  67              		.cfi_endproc
  68              	.LFE0:
  69              		.size	amux_Start, .-amux_Start
  70              		.section	.text.amux_FastSelect,"ax",%progbits
  71              		.align	2
  72              		.global	amux_FastSelect
  73              		.code	16
  74              		.thumb_func
  75              		.type	amux_FastSelect, %function
  76              	amux_FastSelect:
  77              	.LFB1:
  52:Generated_Source\PSoC4/amux.c **** 
  53:Generated_Source\PSoC4/amux.c **** 
  54:Generated_Source\PSoC4/amux.c **** #if (!amux_ATMOSTONE)
  55:Generated_Source\PSoC4/amux.c **** /*******************************************************************************
  56:Generated_Source\PSoC4/amux.c **** * Function Name: amux_Select
  57:Generated_Source\PSoC4/amux.c **** ********************************************************************************
  58:Generated_Source\PSoC4/amux.c **** * Summary:
  59:Generated_Source\PSoC4/amux.c **** *  This functions first disconnects all channels then connects the given
  60:Generated_Source\PSoC4/amux.c **** *  channel.
  61:Generated_Source\PSoC4/amux.c **** *
  62:Generated_Source\PSoC4/amux.c **** * Parameters:
  63:Generated_Source\PSoC4/amux.c **** *  channel:  The channel to connect to the common terminal.
  64:Generated_Source\PSoC4/amux.c **** *
  65:Generated_Source\PSoC4/amux.c **** * Return:
  66:Generated_Source\PSoC4/amux.c **** *  void
  67:Generated_Source\PSoC4/amux.c **** *
  68:Generated_Source\PSoC4/amux.c **** *******************************************************************************/
  69:Generated_Source\PSoC4/amux.c **** void amux_Select(uint8 channel) 
  70:Generated_Source\PSoC4/amux.c **** {
  71:Generated_Source\PSoC4/amux.c ****     amux_DisconnectAll();        /* Disconnect all previous connections */
  72:Generated_Source\PSoC4/amux.c ****     amux_Connect(channel);       /* Make the given selection */
  73:Generated_Source\PSoC4/amux.c ****     amux_lastChannel = channel;  /* Update last channel */
  74:Generated_Source\PSoC4/amux.c **** }
  75:Generated_Source\PSoC4/amux.c **** #endif
  76:Generated_Source\PSoC4/amux.c **** 
  77:Generated_Source\PSoC4/amux.c **** 
  78:Generated_Source\PSoC4/amux.c **** /*******************************************************************************
  79:Generated_Source\PSoC4/amux.c **** * Function Name: amux_FastSelect
  80:Generated_Source\PSoC4/amux.c **** ********************************************************************************
  81:Generated_Source\PSoC4/amux.c **** * Summary:
  82:Generated_Source\PSoC4/amux.c **** *  This function first disconnects the last connection made with FastSelect or
  83:Generated_Source\PSoC4/amux.c **** *  Select, then connects the given channel. The FastSelect function is similar
  84:Generated_Source\PSoC4/amux.c **** *  to the Select function, except it is faster since it only disconnects the
  85:Generated_Source\PSoC4/amux.c **** *  last channel selected rather than all channels.
  86:Generated_Source\PSoC4/amux.c **** *
  87:Generated_Source\PSoC4/amux.c **** * Parameters:
  88:Generated_Source\PSoC4/amux.c **** *  channel:  The channel to connect to the common terminal.
  89:Generated_Source\PSoC4/amux.c **** *
  90:Generated_Source\PSoC4/amux.c **** * Return:
  91:Generated_Source\PSoC4/amux.c **** *  void
  92:Generated_Source\PSoC4/amux.c **** *
ARM GAS  C:\Users\ASUS\AppData\Local\Temp\cckKkMXZ.s 			page 4


  93:Generated_Source\PSoC4/amux.c **** *******************************************************************************/
  94:Generated_Source\PSoC4/amux.c **** void amux_FastSelect(uint8 channel) 
  95:Generated_Source\PSoC4/amux.c **** {
  78              		.loc 1 95 0
  79              		.cfi_startproc
  80              		@ args = 0, pretend = 0, frame = 0
  81              		@ frame_needed = 0, uses_anonymous_args = 0
  82              	.LVL6:
  83 0000 10B5     		push	{r4, lr}
  84              		.cfi_def_cfa_offset 8
  85              		.cfi_offset 4, -8
  86              		.cfi_offset 14, -4
  87 0002 0400     		movs	r4, r0
  96:Generated_Source\PSoC4/amux.c ****     /* Disconnect the last valid channel */
  97:Generated_Source\PSoC4/amux.c ****     if( amux_lastChannel != amux_NULL_CHANNEL)
  88              		.loc 1 97 0
  89 0004 054B     		ldr	r3, .L8
  90 0006 1878     		ldrb	r0, [r3]
  91              	.LVL7:
  92 0008 FF28     		cmp	r0, #255
  93 000a 01D0     		beq	.L7
  98:Generated_Source\PSoC4/amux.c ****     {
  99:Generated_Source\PSoC4/amux.c ****         amux_Disconnect(amux_lastChannel);
  94              		.loc 1 99 0
  95 000c FFF7FEFF 		bl	amux_Unset
  96              	.LVL8:
  97              	.L7:
 100:Generated_Source\PSoC4/amux.c ****     }
 101:Generated_Source\PSoC4/amux.c **** 
 102:Generated_Source\PSoC4/amux.c ****     /* Make the new channel connection */
 103:Generated_Source\PSoC4/amux.c **** #if (amux_MUXTYPE == amux_MUX_SINGLE)
 104:Generated_Source\PSoC4/amux.c ****     amux_Set(channel);
  98              		.loc 1 104 0
  99 0010 2000     		movs	r0, r4
 100 0012 FFF7FEFF 		bl	amux_Set
 101              	.LVL9:
 105:Generated_Source\PSoC4/amux.c **** #else
 106:Generated_Source\PSoC4/amux.c ****     amux_CYAMUXSIDE_A_Set(channel);
 107:Generated_Source\PSoC4/amux.c ****     amux_CYAMUXSIDE_B_Set(channel);
 108:Generated_Source\PSoC4/amux.c **** #endif
 109:Generated_Source\PSoC4/amux.c **** 
 110:Generated_Source\PSoC4/amux.c **** 
 111:Generated_Source\PSoC4/amux.c ****     amux_lastChannel = channel;   /* Update last channel */
 102              		.loc 1 111 0
 103 0016 014B     		ldr	r3, .L8
 104 0018 1C70     		strb	r4, [r3]
 112:Generated_Source\PSoC4/amux.c **** }
 105              		.loc 1 112 0
 106              		@ sp needed
 107 001a 10BD     		pop	{r4, pc}
 108              	.L9:
 109              		.align	2
 110              	.L8:
 111 001c 00000000 		.word	.LANCHOR0
 112              		.cfi_endproc
 113              	.LFE1:
 114              		.size	amux_FastSelect, .-amux_FastSelect
ARM GAS  C:\Users\ASUS\AppData\Local\Temp\cckKkMXZ.s 			page 5


 115              		.section	.text.amux_DisconnectAll,"ax",%progbits
 116              		.align	2
 117              		.global	amux_DisconnectAll
 118              		.code	16
 119              		.thumb_func
 120              		.type	amux_DisconnectAll, %function
 121              	amux_DisconnectAll:
 122              	.LFB2:
 113:Generated_Source\PSoC4/amux.c **** 
 114:Generated_Source\PSoC4/amux.c **** 
 115:Generated_Source\PSoC4/amux.c **** #if (amux_MUXTYPE == amux_MUX_DIFF)
 116:Generated_Source\PSoC4/amux.c **** #if (!amux_ATMOSTONE)
 117:Generated_Source\PSoC4/amux.c **** /*******************************************************************************
 118:Generated_Source\PSoC4/amux.c **** * Function Name: amux_Connect
 119:Generated_Source\PSoC4/amux.c **** ********************************************************************************
 120:Generated_Source\PSoC4/amux.c **** * Summary:
 121:Generated_Source\PSoC4/amux.c **** *  This function connects the given channel without affecting other connections.
 122:Generated_Source\PSoC4/amux.c **** *
 123:Generated_Source\PSoC4/amux.c **** * Parameters:
 124:Generated_Source\PSoC4/amux.c **** *  channel:  The channel to connect to the common terminal.
 125:Generated_Source\PSoC4/amux.c **** *
 126:Generated_Source\PSoC4/amux.c **** * Return:
 127:Generated_Source\PSoC4/amux.c **** *  void
 128:Generated_Source\PSoC4/amux.c **** *
 129:Generated_Source\PSoC4/amux.c **** *******************************************************************************/
 130:Generated_Source\PSoC4/amux.c **** void amux_Connect(uint8 channel) 
 131:Generated_Source\PSoC4/amux.c **** {
 132:Generated_Source\PSoC4/amux.c ****     amux_CYAMUXSIDE_A_Set(channel);
 133:Generated_Source\PSoC4/amux.c ****     amux_CYAMUXSIDE_B_Set(channel);
 134:Generated_Source\PSoC4/amux.c **** }
 135:Generated_Source\PSoC4/amux.c **** #endif
 136:Generated_Source\PSoC4/amux.c **** 
 137:Generated_Source\PSoC4/amux.c **** /*******************************************************************************
 138:Generated_Source\PSoC4/amux.c **** * Function Name: amux_Disconnect
 139:Generated_Source\PSoC4/amux.c **** ********************************************************************************
 140:Generated_Source\PSoC4/amux.c **** * Summary:
 141:Generated_Source\PSoC4/amux.c **** *  This function disconnects the given channel from the common or output
 142:Generated_Source\PSoC4/amux.c **** *  terminal without affecting other connections.
 143:Generated_Source\PSoC4/amux.c **** *
 144:Generated_Source\PSoC4/amux.c **** * Parameters:
 145:Generated_Source\PSoC4/amux.c **** *  channel:  The channel to disconnect from the common terminal.
 146:Generated_Source\PSoC4/amux.c **** *
 147:Generated_Source\PSoC4/amux.c **** * Return:
 148:Generated_Source\PSoC4/amux.c **** *  void
 149:Generated_Source\PSoC4/amux.c **** *
 150:Generated_Source\PSoC4/amux.c **** *******************************************************************************/
 151:Generated_Source\PSoC4/amux.c **** void amux_Disconnect(uint8 channel) 
 152:Generated_Source\PSoC4/amux.c **** {
 153:Generated_Source\PSoC4/amux.c ****     amux_CYAMUXSIDE_A_Unset(channel);
 154:Generated_Source\PSoC4/amux.c ****     amux_CYAMUXSIDE_B_Unset(channel);
 155:Generated_Source\PSoC4/amux.c **** }
 156:Generated_Source\PSoC4/amux.c **** #endif
 157:Generated_Source\PSoC4/amux.c **** 
 158:Generated_Source\PSoC4/amux.c **** #if (amux_ATMOSTONE)
 159:Generated_Source\PSoC4/amux.c **** /*******************************************************************************
 160:Generated_Source\PSoC4/amux.c **** * Function Name: amux_DisconnectAll
 161:Generated_Source\PSoC4/amux.c **** ********************************************************************************
ARM GAS  C:\Users\ASUS\AppData\Local\Temp\cckKkMXZ.s 			page 6


 162:Generated_Source\PSoC4/amux.c **** * Summary:
 163:Generated_Source\PSoC4/amux.c **** *  This function disconnects all channels.
 164:Generated_Source\PSoC4/amux.c **** *
 165:Generated_Source\PSoC4/amux.c **** * Parameters:
 166:Generated_Source\PSoC4/amux.c **** *  void
 167:Generated_Source\PSoC4/amux.c **** *
 168:Generated_Source\PSoC4/amux.c **** * Return:
 169:Generated_Source\PSoC4/amux.c **** *  void
 170:Generated_Source\PSoC4/amux.c **** *
 171:Generated_Source\PSoC4/amux.c **** *******************************************************************************/
 172:Generated_Source\PSoC4/amux.c **** void amux_DisconnectAll(void) 
 173:Generated_Source\PSoC4/amux.c **** {
 123              		.loc 1 173 0
 124              		.cfi_startproc
 125              		@ args = 0, pretend = 0, frame = 0
 126              		@ frame_needed = 0, uses_anonymous_args = 0
 127 0000 10B5     		push	{r4, lr}
 128              		.cfi_def_cfa_offset 8
 129              		.cfi_offset 4, -8
 130              		.cfi_offset 14, -4
 174:Generated_Source\PSoC4/amux.c ****     if(amux_lastChannel != amux_NULL_CHANNEL) 
 131              		.loc 1 174 0
 132 0002 054B     		ldr	r3, .L12
 133 0004 1878     		ldrb	r0, [r3]
 134 0006 FF28     		cmp	r0, #255
 135 0008 04D0     		beq	.L10
 175:Generated_Source\PSoC4/amux.c ****     {
 176:Generated_Source\PSoC4/amux.c ****         amux_Disconnect(amux_lastChannel);
 136              		.loc 1 176 0
 137 000a FFF7FEFF 		bl	amux_Unset
 138              	.LVL10:
 177:Generated_Source\PSoC4/amux.c ****         amux_lastChannel = amux_NULL_CHANNEL;
 139              		.loc 1 177 0
 140 000e FF22     		movs	r2, #255
 141 0010 014B     		ldr	r3, .L12
 142 0012 1A70     		strb	r2, [r3]
 143              	.L10:
 178:Generated_Source\PSoC4/amux.c ****     }
 179:Generated_Source\PSoC4/amux.c **** }
 144              		.loc 1 179 0
 145              		@ sp needed
 146 0014 10BD     		pop	{r4, pc}
 147              	.L13:
 148 0016 C046     		.align	2
 149              	.L12:
 150 0018 00000000 		.word	.LANCHOR0
 151              		.cfi_endproc
 152              	.LFE2:
 153              		.size	amux_DisconnectAll, .-amux_DisconnectAll
 154              		.data
 155              		.set	.LANCHOR0,. + 0
 156              		.type	amux_lastChannel, %object
 157              		.size	amux_lastChannel, 1
 158              	amux_lastChannel:
 159 0000 FF       		.byte	-1
 160              		.text
 161              	.Letext0:
ARM GAS  C:\Users\ASUS\AppData\Local\Temp\cckKkMXZ.s 			page 7


 162              		.file 2 "Generated_Source\\PSoC4\\cyfitter_cfg.h"
 163              		.file 3 "Generated_Source\\PSoC4\\cytypes.h"
 164              		.section	.debug_info,"",%progbits
 165              	.Ldebug_info0:
 166 0000 42010000 		.4byte	0x142
 167 0004 0400     		.2byte	0x4
 168 0006 00000000 		.4byte	.Ldebug_abbrev0
 169 000a 04       		.byte	0x4
 170 000b 01       		.uleb128 0x1
 171 000c E1000000 		.4byte	.LASF19
 172 0010 0C       		.byte	0xc
 173 0011 DA010000 		.4byte	.LASF20
 174 0015 00000000 		.4byte	.LASF21
 175 0019 00000000 		.4byte	.Ldebug_ranges0+0
 176 001d 00000000 		.4byte	0
 177 0021 00000000 		.4byte	.Ldebug_line0
 178 0025 02       		.uleb128 0x2
 179 0026 01       		.byte	0x1
 180 0027 06       		.byte	0x6
 181 0028 CE010000 		.4byte	.LASF0
 182 002c 02       		.uleb128 0x2
 183 002d 01       		.byte	0x1
 184 002e 08       		.byte	0x8
 185 002f 72000000 		.4byte	.LASF1
 186 0033 02       		.uleb128 0x2
 187 0034 02       		.byte	0x2
 188 0035 05       		.byte	0x5
 189 0036 87010000 		.4byte	.LASF2
 190 003a 02       		.uleb128 0x2
 191 003b 02       		.byte	0x2
 192 003c 07       		.byte	0x7
 193 003d 92000000 		.4byte	.LASF3
 194 0041 02       		.uleb128 0x2
 195 0042 04       		.byte	0x4
 196 0043 05       		.byte	0x5
 197 0044 B5010000 		.4byte	.LASF4
 198 0048 02       		.uleb128 0x2
 199 0049 04       		.byte	0x4
 200 004a 07       		.byte	0x7
 201 004b 80000000 		.4byte	.LASF5
 202 004f 02       		.uleb128 0x2
 203 0050 08       		.byte	0x8
 204 0051 05       		.byte	0x5
 205 0052 74010000 		.4byte	.LASF6
 206 0056 02       		.uleb128 0x2
 207 0057 08       		.byte	0x8
 208 0058 07       		.byte	0x7
 209 0059 CA000000 		.4byte	.LASF7
 210 005d 03       		.uleb128 0x3
 211 005e 04       		.byte	0x4
 212 005f 05       		.byte	0x5
 213 0060 696E7400 		.ascii	"int\000"
 214 0064 02       		.uleb128 0x2
 215 0065 04       		.byte	0x4
 216 0066 07       		.byte	0x7
 217 0067 BD000000 		.4byte	.LASF8
 218 006b 04       		.uleb128 0x4
ARM GAS  C:\Users\ASUS\AppData\Local\Temp\cckKkMXZ.s 			page 8


 219 006c 91010000 		.4byte	.LASF22
 220 0070 03       		.byte	0x3
 221 0071 FC01     		.2byte	0x1fc
 222 0073 2C000000 		.4byte	0x2c
 223 0077 02       		.uleb128 0x2
 224 0078 04       		.byte	0x4
 225 0079 04       		.byte	0x4
 226 007a 6C000000 		.4byte	.LASF9
 227 007e 02       		.uleb128 0x2
 228 007f 08       		.byte	0x8
 229 0080 04       		.byte	0x4
 230 0081 A5000000 		.4byte	.LASF10
 231 0085 02       		.uleb128 0x2
 232 0086 01       		.byte	0x1
 233 0087 08       		.byte	0x8
 234 0088 82010000 		.4byte	.LASF11
 235 008c 05       		.uleb128 0x5
 236 008d 58000000 		.4byte	.LASF12
 237 0091 01       		.byte	0x1
 238 0092 24       		.byte	0x24
 239 0093 00000000 		.4byte	.LFB0
 240 0097 20000000 		.4byte	.LFE0-.LFB0
 241 009b 01       		.uleb128 0x1
 242 009c 9C       		.byte	0x9c
 243 009d C1000000 		.4byte	0xc1
 244 00a1 06       		.uleb128 0x6
 245 00a2 6F010000 		.4byte	.LASF15
 246 00a6 01       		.byte	0x1
 247 00a7 26       		.byte	0x26
 248 00a8 6B000000 		.4byte	0x6b
 249 00ac 00000000 		.4byte	.LLST0
 250 00b0 07       		.uleb128 0x7
 251 00b1 0C000000 		.4byte	.LVL2
 252 00b5 2F010000 		.4byte	0x12f
 253 00b9 08       		.uleb128 0x8
 254 00ba 01       		.uleb128 0x1
 255 00bb 50       		.byte	0x50
 256 00bc 02       		.uleb128 0x2
 257 00bd 74       		.byte	0x74
 258 00be 00       		.sleb128 0
 259 00bf 00       		.byte	0
 260 00c0 00       		.byte	0
 261 00c1 05       		.uleb128 0x5
 262 00c2 BE010000 		.4byte	.LASF13
 263 00c6 01       		.byte	0x1
 264 00c7 5E       		.byte	0x5e
 265 00c8 00000000 		.4byte	.LFB1
 266 00cc 20000000 		.4byte	.LFE1-.LFB1
 267 00d0 01       		.uleb128 0x1
 268 00d1 9C       		.byte	0x9c
 269 00d2 FF000000 		.4byte	0xff
 270 00d6 09       		.uleb128 0x9
 271 00d7 50000000 		.4byte	.LASF23
 272 00db 01       		.byte	0x1
 273 00dc 5E       		.byte	0x5e
 274 00dd 6B000000 		.4byte	0x6b
 275 00e1 2A000000 		.4byte	.LLST1
ARM GAS  C:\Users\ASUS\AppData\Local\Temp\cckKkMXZ.s 			page 9


 276 00e5 0A       		.uleb128 0xa
 277 00e6 10000000 		.4byte	.LVL8
 278 00ea 2F010000 		.4byte	0x12f
 279 00ee 07       		.uleb128 0x7
 280 00ef 16000000 		.4byte	.LVL9
 281 00f3 3A010000 		.4byte	0x13a
 282 00f7 08       		.uleb128 0x8
 283 00f8 01       		.uleb128 0x1
 284 00f9 50       		.byte	0x50
 285 00fa 02       		.uleb128 0x2
 286 00fb 74       		.byte	0x74
 287 00fc 00       		.sleb128 0
 288 00fd 00       		.byte	0
 289 00fe 00       		.byte	0
 290 00ff 05       		.uleb128 0x5
 291 0100 97010000 		.4byte	.LASF14
 292 0104 01       		.byte	0x1
 293 0105 AC       		.byte	0xac
 294 0106 00000000 		.4byte	.LFB2
 295 010a 1C000000 		.4byte	.LFE2-.LFB2
 296 010e 01       		.uleb128 0x1
 297 010f 9C       		.byte	0x9c
 298 0110 1E010000 		.4byte	0x11e
 299 0114 0A       		.uleb128 0xa
 300 0115 0E000000 		.4byte	.LVL10
 301 0119 2F010000 		.4byte	0x12f
 302 011d 00       		.byte	0
 303 011e 0B       		.uleb128 0xb
 304 011f AC000000 		.4byte	.LASF16
 305 0123 01       		.byte	0x1
 306 0124 14       		.byte	0x14
 307 0125 6B000000 		.4byte	0x6b
 308 0129 05       		.uleb128 0x5
 309 012a 03       		.byte	0x3
 310 012b 00000000 		.4byte	amux_lastChannel
 311 012f 0C       		.uleb128 0xc
 312 0130 AA010000 		.4byte	.LASF17
 313 0134 AA010000 		.4byte	.LASF17
 314 0138 02       		.byte	0x2
 315 0139 1B       		.byte	0x1b
 316 013a 0C       		.uleb128 0xc
 317 013b 63000000 		.4byte	.LASF18
 318 013f 63000000 		.4byte	.LASF18
 319 0143 02       		.byte	0x2
 320 0144 1A       		.byte	0x1a
 321 0145 00       		.byte	0
 322              		.section	.debug_abbrev,"",%progbits
 323              	.Ldebug_abbrev0:
 324 0000 01       		.uleb128 0x1
 325 0001 11       		.uleb128 0x11
 326 0002 01       		.byte	0x1
 327 0003 25       		.uleb128 0x25
 328 0004 0E       		.uleb128 0xe
 329 0005 13       		.uleb128 0x13
 330 0006 0B       		.uleb128 0xb
 331 0007 03       		.uleb128 0x3
 332 0008 0E       		.uleb128 0xe
ARM GAS  C:\Users\ASUS\AppData\Local\Temp\cckKkMXZ.s 			page 10


 333 0009 1B       		.uleb128 0x1b
 334 000a 0E       		.uleb128 0xe
 335 000b 55       		.uleb128 0x55
 336 000c 17       		.uleb128 0x17
 337 000d 11       		.uleb128 0x11
 338 000e 01       		.uleb128 0x1
 339 000f 10       		.uleb128 0x10
 340 0010 17       		.uleb128 0x17
 341 0011 00       		.byte	0
 342 0012 00       		.byte	0
 343 0013 02       		.uleb128 0x2
 344 0014 24       		.uleb128 0x24
 345 0015 00       		.byte	0
 346 0016 0B       		.uleb128 0xb
 347 0017 0B       		.uleb128 0xb
 348 0018 3E       		.uleb128 0x3e
 349 0019 0B       		.uleb128 0xb
 350 001a 03       		.uleb128 0x3
 351 001b 0E       		.uleb128 0xe
 352 001c 00       		.byte	0
 353 001d 00       		.byte	0
 354 001e 03       		.uleb128 0x3
 355 001f 24       		.uleb128 0x24
 356 0020 00       		.byte	0
 357 0021 0B       		.uleb128 0xb
 358 0022 0B       		.uleb128 0xb
 359 0023 3E       		.uleb128 0x3e
 360 0024 0B       		.uleb128 0xb
 361 0025 03       		.uleb128 0x3
 362 0026 08       		.uleb128 0x8
 363 0027 00       		.byte	0
 364 0028 00       		.byte	0
 365 0029 04       		.uleb128 0x4
 366 002a 16       		.uleb128 0x16
 367 002b 00       		.byte	0
 368 002c 03       		.uleb128 0x3
 369 002d 0E       		.uleb128 0xe
 370 002e 3A       		.uleb128 0x3a
 371 002f 0B       		.uleb128 0xb
 372 0030 3B       		.uleb128 0x3b
 373 0031 05       		.uleb128 0x5
 374 0032 49       		.uleb128 0x49
 375 0033 13       		.uleb128 0x13
 376 0034 00       		.byte	0
 377 0035 00       		.byte	0
 378 0036 05       		.uleb128 0x5
 379 0037 2E       		.uleb128 0x2e
 380 0038 01       		.byte	0x1
 381 0039 3F       		.uleb128 0x3f
 382 003a 19       		.uleb128 0x19
 383 003b 03       		.uleb128 0x3
 384 003c 0E       		.uleb128 0xe
 385 003d 3A       		.uleb128 0x3a
 386 003e 0B       		.uleb128 0xb
 387 003f 3B       		.uleb128 0x3b
 388 0040 0B       		.uleb128 0xb
 389 0041 27       		.uleb128 0x27
ARM GAS  C:\Users\ASUS\AppData\Local\Temp\cckKkMXZ.s 			page 11


 390 0042 19       		.uleb128 0x19
 391 0043 11       		.uleb128 0x11
 392 0044 01       		.uleb128 0x1
 393 0045 12       		.uleb128 0x12
 394 0046 06       		.uleb128 0x6
 395 0047 40       		.uleb128 0x40
 396 0048 18       		.uleb128 0x18
 397 0049 9742     		.uleb128 0x2117
 398 004b 19       		.uleb128 0x19
 399 004c 01       		.uleb128 0x1
 400 004d 13       		.uleb128 0x13
 401 004e 00       		.byte	0
 402 004f 00       		.byte	0
 403 0050 06       		.uleb128 0x6
 404 0051 34       		.uleb128 0x34
 405 0052 00       		.byte	0
 406 0053 03       		.uleb128 0x3
 407 0054 0E       		.uleb128 0xe
 408 0055 3A       		.uleb128 0x3a
 409 0056 0B       		.uleb128 0xb
 410 0057 3B       		.uleb128 0x3b
 411 0058 0B       		.uleb128 0xb
 412 0059 49       		.uleb128 0x49
 413 005a 13       		.uleb128 0x13
 414 005b 02       		.uleb128 0x2
 415 005c 17       		.uleb128 0x17
 416 005d 00       		.byte	0
 417 005e 00       		.byte	0
 418 005f 07       		.uleb128 0x7
 419 0060 898201   		.uleb128 0x4109
 420 0063 01       		.byte	0x1
 421 0064 11       		.uleb128 0x11
 422 0065 01       		.uleb128 0x1
 423 0066 31       		.uleb128 0x31
 424 0067 13       		.uleb128 0x13
 425 0068 00       		.byte	0
 426 0069 00       		.byte	0
 427 006a 08       		.uleb128 0x8
 428 006b 8A8201   		.uleb128 0x410a
 429 006e 00       		.byte	0
 430 006f 02       		.uleb128 0x2
 431 0070 18       		.uleb128 0x18
 432 0071 9142     		.uleb128 0x2111
 433 0073 18       		.uleb128 0x18
 434 0074 00       		.byte	0
 435 0075 00       		.byte	0
 436 0076 09       		.uleb128 0x9
 437 0077 05       		.uleb128 0x5
 438 0078 00       		.byte	0
 439 0079 03       		.uleb128 0x3
 440 007a 0E       		.uleb128 0xe
 441 007b 3A       		.uleb128 0x3a
 442 007c 0B       		.uleb128 0xb
 443 007d 3B       		.uleb128 0x3b
 444 007e 0B       		.uleb128 0xb
 445 007f 49       		.uleb128 0x49
 446 0080 13       		.uleb128 0x13
ARM GAS  C:\Users\ASUS\AppData\Local\Temp\cckKkMXZ.s 			page 12


 447 0081 02       		.uleb128 0x2
 448 0082 17       		.uleb128 0x17
 449 0083 00       		.byte	0
 450 0084 00       		.byte	0
 451 0085 0A       		.uleb128 0xa
 452 0086 898201   		.uleb128 0x4109
 453 0089 00       		.byte	0
 454 008a 11       		.uleb128 0x11
 455 008b 01       		.uleb128 0x1
 456 008c 31       		.uleb128 0x31
 457 008d 13       		.uleb128 0x13
 458 008e 00       		.byte	0
 459 008f 00       		.byte	0
 460 0090 0B       		.uleb128 0xb
 461 0091 34       		.uleb128 0x34
 462 0092 00       		.byte	0
 463 0093 03       		.uleb128 0x3
 464 0094 0E       		.uleb128 0xe
 465 0095 3A       		.uleb128 0x3a
 466 0096 0B       		.uleb128 0xb
 467 0097 3B       		.uleb128 0x3b
 468 0098 0B       		.uleb128 0xb
 469 0099 49       		.uleb128 0x49
 470 009a 13       		.uleb128 0x13
 471 009b 02       		.uleb128 0x2
 472 009c 18       		.uleb128 0x18
 473 009d 00       		.byte	0
 474 009e 00       		.byte	0
 475 009f 0C       		.uleb128 0xc
 476 00a0 2E       		.uleb128 0x2e
 477 00a1 00       		.byte	0
 478 00a2 3F       		.uleb128 0x3f
 479 00a3 19       		.uleb128 0x19
 480 00a4 3C       		.uleb128 0x3c
 481 00a5 19       		.uleb128 0x19
 482 00a6 6E       		.uleb128 0x6e
 483 00a7 0E       		.uleb128 0xe
 484 00a8 03       		.uleb128 0x3
 485 00a9 0E       		.uleb128 0xe
 486 00aa 3A       		.uleb128 0x3a
 487 00ab 0B       		.uleb128 0xb
 488 00ac 3B       		.uleb128 0x3b
 489 00ad 0B       		.uleb128 0xb
 490 00ae 00       		.byte	0
 491 00af 00       		.byte	0
 492 00b0 00       		.byte	0
 493              		.section	.debug_loc,"",%progbits
 494              	.Ldebug_loc0:
 495              	.LLST0:
 496 0000 02000000 		.4byte	.LVL0
 497 0004 06000000 		.4byte	.LVL1
 498 0008 0200     		.2byte	0x2
 499 000a 30       		.byte	0x30
 500 000b 9F       		.byte	0x9f
 501 000c 06000000 		.4byte	.LVL1
 502 0010 0E000000 		.4byte	.LVL3
 503 0014 0100     		.2byte	0x1
ARM GAS  C:\Users\ASUS\AppData\Local\Temp\cckKkMXZ.s 			page 13


 504 0016 54       		.byte	0x54
 505 0017 10000000 		.4byte	.LVL4
 506 001b 1A000000 		.4byte	.LVL5
 507 001f 0100     		.2byte	0x1
 508 0021 54       		.byte	0x54
 509 0022 00000000 		.4byte	0
 510 0026 00000000 		.4byte	0
 511              	.LLST1:
 512 002a 00000000 		.4byte	.LVL6
 513 002e 08000000 		.4byte	.LVL7
 514 0032 0100     		.2byte	0x1
 515 0034 50       		.byte	0x50
 516 0035 08000000 		.4byte	.LVL7
 517 0039 20000000 		.4byte	.LFE1
 518 003d 0400     		.2byte	0x4
 519 003f F3       		.byte	0xf3
 520 0040 01       		.uleb128 0x1
 521 0041 50       		.byte	0x50
 522 0042 9F       		.byte	0x9f
 523 0043 00000000 		.4byte	0
 524 0047 00000000 		.4byte	0
 525              		.section	.debug_aranges,"",%progbits
 526 0000 2C000000 		.4byte	0x2c
 527 0004 0200     		.2byte	0x2
 528 0006 00000000 		.4byte	.Ldebug_info0
 529 000a 04       		.byte	0x4
 530 000b 00       		.byte	0
 531 000c 0000     		.2byte	0
 532 000e 0000     		.2byte	0
 533 0010 00000000 		.4byte	.LFB0
 534 0014 20000000 		.4byte	.LFE0-.LFB0
 535 0018 00000000 		.4byte	.LFB1
 536 001c 20000000 		.4byte	.LFE1-.LFB1
 537 0020 00000000 		.4byte	.LFB2
 538 0024 1C000000 		.4byte	.LFE2-.LFB2
 539 0028 00000000 		.4byte	0
 540 002c 00000000 		.4byte	0
 541              		.section	.debug_ranges,"",%progbits
 542              	.Ldebug_ranges0:
 543 0000 00000000 		.4byte	.LFB0
 544 0004 20000000 		.4byte	.LFE0
 545 0008 00000000 		.4byte	.LFB1
 546 000c 20000000 		.4byte	.LFE1
 547 0010 00000000 		.4byte	.LFB2
 548 0014 1C000000 		.4byte	.LFE2
 549 0018 00000000 		.4byte	0
 550 001c 00000000 		.4byte	0
 551              		.section	.debug_line,"",%progbits
 552              	.Ldebug_line0:
 553 0000 A7000000 		.section	.debug_str,"MS",%progbits,1
 553      02005300 
 553      00000201 
 553      FB0E0D00 
 553      01010101 
 554              	.LASF21:
 555 0000 433A5C61 		.ascii	"C:\\aixt\\aixt\\ports\\Cypress\\CY8CKIT-049-42XX\\e"
 555      6978745C 
ARM GAS  C:\Users\ASUS\AppData\Local\Temp\cckKkMXZ.s 			page 14


 555      61697874 
 555      5C706F72 
 555      74735C43 
 556 002d 78616D70 		.ascii	"xamples\\CY8CKIT-049-42XX-adc.cydsn\000"
 556      6C65735C 
 556      43593843 
 556      4B49542D 
 556      3034392D 
 557              	.LASF23:
 558 0050 6368616E 		.ascii	"channel\000"
 558      6E656C00 
 559              	.LASF12:
 560 0058 616D7578 		.ascii	"amux_Start\000"
 560      5F537461 
 560      727400
 561              	.LASF18:
 562 0063 616D7578 		.ascii	"amux_Set\000"
 562      5F536574 
 562      00
 563              	.LASF9:
 564 006c 666C6F61 		.ascii	"float\000"
 564      7400
 565              	.LASF1:
 566 0072 756E7369 		.ascii	"unsigned char\000"
 566      676E6564 
 566      20636861 
 566      7200
 567              	.LASF5:
 568 0080 6C6F6E67 		.ascii	"long unsigned int\000"
 568      20756E73 
 568      69676E65 
 568      6420696E 
 568      7400
 569              	.LASF3:
 570 0092 73686F72 		.ascii	"short unsigned int\000"
 570      7420756E 
 570      7369676E 
 570      65642069 
 570      6E7400
 571              	.LASF10:
 572 00a5 646F7562 		.ascii	"double\000"
 572      6C6500
 573              	.LASF16:
 574 00ac 616D7578 		.ascii	"amux_lastChannel\000"
 574      5F6C6173 
 574      74436861 
 574      6E6E656C 
 574      00
 575              	.LASF8:
 576 00bd 756E7369 		.ascii	"unsigned int\000"
 576      676E6564 
 576      20696E74 
 576      00
 577              	.LASF7:
 578 00ca 6C6F6E67 		.ascii	"long long unsigned int\000"
 578      206C6F6E 
 578      6720756E 
ARM GAS  C:\Users\ASUS\AppData\Local\Temp\cckKkMXZ.s 			page 15


 578      7369676E 
 578      65642069 
 579              	.LASF19:
 580 00e1 474E5520 		.ascii	"GNU C11 5.4.1 20160609 (release) [ARM/embedded-5-br"
 580      43313120 
 580      352E342E 
 580      31203230 
 580      31363036 
 581 0114 616E6368 		.ascii	"anch revision 237715] -mcpu=cortex-m0 -mthumb -g -O"
 581      20726576 
 581      6973696F 
 581      6E203233 
 581      37373135 
 582 0147 67202D66 		.ascii	"g -ffunction-sections -ffat-lto-objects\000"
 582      66756E63 
 582      74696F6E 
 582      2D736563 
 582      74696F6E 
 583              	.LASF15:
 584 016f 6368616E 		.ascii	"chan\000"
 584      00
 585              	.LASF6:
 586 0174 6C6F6E67 		.ascii	"long long int\000"
 586      206C6F6E 
 586      6720696E 
 586      7400
 587              	.LASF11:
 588 0182 63686172 		.ascii	"char\000"
 588      00
 589              	.LASF2:
 590 0187 73686F72 		.ascii	"short int\000"
 590      7420696E 
 590      7400
 591              	.LASF22:
 592 0191 75696E74 		.ascii	"uint8\000"
 592      3800
 593              	.LASF14:
 594 0197 616D7578 		.ascii	"amux_DisconnectAll\000"
 594      5F446973 
 594      636F6E6E 
 594      65637441 
 594      6C6C00
 595              	.LASF17:
 596 01aa 616D7578 		.ascii	"amux_Unset\000"
 596      5F556E73 
 596      657400
 597              	.LASF4:
 598 01b5 6C6F6E67 		.ascii	"long int\000"
 598      20696E74 
 598      00
 599              	.LASF13:
 600 01be 616D7578 		.ascii	"amux_FastSelect\000"
 600      5F466173 
 600      7453656C 
 600      65637400 
 601              	.LASF0:
 602 01ce 7369676E 		.ascii	"signed char\000"
ARM GAS  C:\Users\ASUS\AppData\Local\Temp\cckKkMXZ.s 			page 16


 602      65642063 
 602      68617200 
 603              	.LASF20:
 604 01da 47656E65 		.ascii	"Generated_Source\\PSoC4\\amux.c\000"
 604      72617465 
 604      645F536F 
 604      75726365 
 604      5C50536F 
 605              		.ident	"GCC: (GNU Tools for ARM Embedded Processors) 5.4.1 20160609 (release) [ARM/embedded-5-bran
