

Microchip MPLAB XC8 Assembler V2.41 build 20230208172133 
                                                                                               Wed Mar 20 03:41:03 2024

Microchip MPLAB XC8 C Compiler v2.41 (Free license) build 20230208172133 Og1 
     1                           	processor	16F873A
     2                           	pagewidth 120
     3                           	opt	flic
     4                           	psect	cinit,global,class=CODE,merge=1,delta=2
     5                           	psect	cstackCOMMON,global,class=COMMON,space=1,delta=1,noexec
     6                           	psect	cstackBANK0,global,class=BANK0,space=1,delta=1,noexec
     7                           	psect	maintext,global,class=CODE,split=1,delta=2
     8                           	psect	text1,local,class=CODE,merge=1,delta=2
     9                           	psect	text2,local,class=CODE,merge=1,delta=2
    10                           	psect	text3,local,class=CODE,merge=1,delta=2
    11                           	psect	config,global,abs,ovrld,class=CONFIG,space=4,delta=2,noexec
    12                           	dabs	1,0x7E,2
    13     0000                     
    14                           ; Generated 22/03/2023 GMT
    15                           ; 
    16                           ; Copyright © 2023, Microchip Technology Inc. and its subsidiaries ("Microchip")
    17                           ; All rights reserved.
    18                           ; 
    19                           ; This software is developed by Microchip Technology Inc. and its subsidiaries ("Microch
      +                          ip").
    20                           ; 
    21                           ; Redistribution and use in source and binary forms, with or without modification, are
    22                           ; permitted provided that the following conditions are met:
    23                           ; 
    24                           ;     1. Redistributions of source code must retain the above copyright notice, this lis
      +                          t of
    25                           ;        conditions and the following disclaimer.
    26                           ; 
    27                           ;     2. Redistributions in binary form must reproduce the above copyright notice, this 
      +                          list
    28                           ;        of conditions and the following disclaimer in the documentation and/or other
    29                           ;        materials provided with the distribution. Publication is not required when
    30                           ;        this file is used in an embedded application.
    31                           ; 
    32                           ;     3. Microchip's name may not be used to endorse or promote products derived from th
      +                          is
    33                           ;        software without specific prior written permission.
    34                           ; 
    35                           ; THIS SOFTWARE IS PROVIDED BY MICROCHIP "AS IS" AND ANY EXPRESS OR IMPLIED WARRANTIES,
    36                           ; INCLUDING, BUT NOT LIMITED TO, THE IMPLIED WARRANTIES OF MERCHANTABILITY AND FITNESS F
      +                          OR
    37                           ; PURPOSE ARE DISCLAIMED.  IN NO EVENT SHALL MICROCHIP BE LIABLE FOR ANY DIRECT, INDIREC
      +                          T,
    38                           ; INCIDENTAL, SPECIAL, EXEMPLARY, OR CONSEQUENTIAL DAMAGES (INCLUDING BUT NOT LIMITED TO
    39                           ; PROCUREMENT OF SUBSTITUTE GOODS OR SERVICES; LOSS OF USE, DATA OR PROFITS; OR BUSINESS
    40                           ; INTERRUPTION) HOWSOEVER CAUSED AND ON ANY THEORY OF LIABILITY, WHETHER IN CONTRACT, ST
      +                          RICT
    41                           ; LIABILITY, OR TORT (INCLUDING NEGLIGENCE OR OTHERWISE) ARISING IN ANY WAY OUT OF THE U
      +                          SE OF
    42                           ; THIS SOFTWARE, EVEN IF ADVISED OF THE POSSIBILITY OF SUCH DAMAGE.
    43                           ; 
    44                           ; 
    45                           ; Code-generator required, PIC16F873A Definitions
    46                           ; 
    47                           ; SFR Addresses
    48     0000                     	;# 
    49     0001                     	;# 
    50     0002                     	;# 
    51     0003                     	;# 
    52     0004                     	;# 
    53     0005                     	;# 
    54     0006                     	;# 
    55     0007                     	;# 
    56     000A                     	;# 
    57     000B                     	;# 
    58     000C                     	;# 
    59     000D                     	;# 
    60     000E                     	;# 
    61     000E                     	;# 
    62     000F                     	;# 
    63     0010                     	;# 
    64     0011                     	;# 
    65     0012                     	;# 
    66     0013                     	;# 
    67     0014                     	;# 
    68     0015                     	;# 
    69     0015                     	;# 
    70     0016                     	;# 
    71     0017                     	;# 
    72     0018                     	;# 
    73     0019                     	;# 
    74     001A                     	;# 
    75     001B                     	;# 
    76     001B                     	;# 
    77     001C                     	;# 
    78     001D                     	;# 
    79     001E                     	;# 
    80     001F                     	;# 
    81     0081                     	;# 
    82     0085                     	;# 
    83     0086                     	;# 
    84     0087                     	;# 
    85     008C                     	;# 
    86     008D                     	;# 
    87     008E                     	;# 
    88     0091                     	;# 
    89     0092                     	;# 
    90     0093                     	;# 
    91     0094                     	;# 
    92     0098                     	;# 
    93     0099                     	;# 
    94     009C                     	;# 
    95     009D                     	;# 
    96     009E                     	;# 
    97     009F                     	;# 
    98     010C                     	;# 
    99     010D                     	;# 
   100     010E                     	;# 
   101     010F                     	;# 
   102     018C                     	;# 
   103     018D                     	;# 
   104     0000                     	;# 
   105     0001                     	;# 
   106     0002                     	;# 
   107     0003                     	;# 
   108     0004                     	;# 
   109     0005                     	;# 
   110     0006                     	;# 
   111     0007                     	;# 
   112     000A                     	;# 
   113     000B                     	;# 
   114     000C                     	;# 
   115     000D                     	;# 
   116     000E                     	;# 
   117     000E                     	;# 
   118     000F                     	;# 
   119     0010                     	;# 
   120     0011                     	;# 
   121     0012                     	;# 
   122     0013                     	;# 
   123     0014                     	;# 
   124     0015                     	;# 
   125     0015                     	;# 
   126     0016                     	;# 
   127     0017                     	;# 
   128     0018                     	;# 
   129     0019                     	;# 
   130     001A                     	;# 
   131     001B                     	;# 
   132     001B                     	;# 
   133     001C                     	;# 
   134     001D                     	;# 
   135     001E                     	;# 
   136     001F                     	;# 
   137     0081                     	;# 
   138     0085                     	;# 
   139     0086                     	;# 
   140     0087                     	;# 
   141     008C                     	;# 
   142     008D                     	;# 
   143     008E                     	;# 
   144     0091                     	;# 
   145     0092                     	;# 
   146     0093                     	;# 
   147     0094                     	;# 
   148     0098                     	;# 
   149     0099                     	;# 
   150     009C                     	;# 
   151     009D                     	;# 
   152     009E                     	;# 
   153     009F                     	;# 
   154     010C                     	;# 
   155     010D                     	;# 
   156     010E                     	;# 
   157     010F                     	;# 
   158     018C                     	;# 
   159     018D                     	;# 
   160     0007                     _PORTC	set	7
   161     0086                     _TRISB	set	134
   162                           
   163                           	psect	cinit
   164     07FD                     start_initialization:	
   165                           ; #config settings
   166                           
   167     07FD                     __initialization:
   168     07FD                     end_of_initialization:	
   169                           ;End of C runtime variable initialization code
   170                           
   171     07FD                     __end_of__initialization:
   172     07FD  0183               	clrf	3
   173     07FE  118A  2FCE         	ljmp	_main	;jump to C main() function
   174                           
   175                           	psect	cstackCOMMON
   176     0000                     __pcstackCOMMON:
   177     0000                     ??_port__init:
   178     0000                     ??_time__init:	
   179                           ; 1 bytes @ 0x0
   180                           
   181     0000                     ??_main__init:	
   182                           ; 1 bytes @ 0x0
   183                           
   184                           
   185                           	psect	cstackBANK0
   186     0020                     __pcstackBANK0:	
   187                           ; 1 bytes @ 0x0
   188                           
   189     0020                     ?_port__init:
   190     0020                     ?_time__init:	
   191                           ; 1 bytes @ 0x0
   192                           
   193     0020                     ?_main__init:	
   194                           ; 1 bytes @ 0x0
   195                           
   196     0020                     ?_main:	
   197                           ; 1 bytes @ 0x0
   198                           
   199     0020                     ??_main:	
   200                           ; 1 bytes @ 0x0
   201                           
   202                           
   203                           ; 1 bytes @ 0x0
   204     0020                     	ds	3
   205                           
   206                           	psect	maintext
   207     07CE                     __pmaintext:	
   208 ;;
   209 ;;Main: autosize = 0, tempsize = 3, incstack = 0, save=0
   210 ;;
   211 ;; *************** function _main *****************
   212 ;; Defined at:
   213 ;;		line 92 in file "port.c"
   214 ;; Parameters:    Size  Location     Type
   215 ;;		None
   216 ;; Auto vars:     Size  Location     Type
   217 ;;		None
   218 ;; Return value:  Size  Location     Type
   219 ;;                  1    wreg      void 
   220 ;; Registers used:
   221 ;;		wreg, status,2, status,0, pclath, cstack
   222 ;; Tracked objects:
   223 ;;		On entry : B00/0
   224 ;;		On exit  : 0/0
   225 ;;		Unchanged: 0/0
   226 ;; Data sizes:     COMMON   BANK0   BANK1
   227 ;;      Params:         0       0       0
   228 ;;      Locals:         0       0       0
   229 ;;      Temps:          0       3       0
   230 ;;      Totals:         0       3       0
   231 ;;Total ram usage:        3 bytes
   232 ;; Hardware stack levels required when called: 2
   233 ;; This function calls:
   234 ;;		_main__init
   235 ;; This function is called by:
   236 ;;		Startup code after reset
   237 ;; This function uses a non-reentrant model
   238 ;;
   239                           
   240     07CE                     _main:	
   241                           ;psect for function _main
   242                           
   243     07CE                     l635:	
   244                           ;incstack = 0
   245                           ; Regs used in _main: [wreg+status,2+status,0+pclath+cstack]
   246                           
   247                           
   248                           ;port.c: 93:  main__init();
   249     07CE  118A  27C7  118A   	fcall	_main__init
   250     07D1                     l637:
   251                           
   252                           ;port.c: 94:  TRISB = 0b00000000;
   253     07D1  1683               	bsf	3,5	;RP0=1, select bank1
   254     07D2  1303               	bcf	3,6	;RP1=0, select bank1
   255     07D3  0186               	clrf	6	;volatile
   256     07D4                     l639:
   257                           
   258                           ;port.c: 96:   PORTC = 0b01010101;
   259     07D4  3055               	movlw	85
   260     07D5  1283               	bcf	3,5	;RP0=0, select bank0
   261     07D6  1303               	bcf	3,6	;RP1=0, select bank0
   262     07D7  0087               	movwf	7	;volatile
   263     07D8                     l641:
   264                           
   265                           ;port.c: 97:   _delay((unsigned long)((500)*(8000000/4000.0)));
   266     07D8  3006               	movlw	6
   267     07D9  1283               	bcf	3,5	;RP0=0, select bank0
   268     07DA  1303               	bcf	3,6	;RP1=0, select bank0
   269     07DB  00A2               	movwf	??_main+2
   270     07DC  3013               	movlw	19
   271     07DD  00A1               	movwf	??_main+1
   272     07DE  30AD               	movlw	173
   273     07DF  00A0               	movwf	??_main
   274     07E0                     u17:
   275     07E0  0BA0               	decfsz	??_main,f
   276     07E1  2FE0               	goto	u17
   277     07E2  0BA1               	decfsz	??_main+1,f
   278     07E3  2FE0               	goto	u17
   279     07E4  0BA2               	decfsz	??_main+2,f
   280     07E5  2FE0               	goto	u17
   281     07E6  0000               	nop
   282     07E7                     l643:
   283                           
   284                           ;port.c: 98:   PORTC = 0b10101010;
   285     07E7  30AA               	movlw	170
   286     07E8  1283               	bcf	3,5	;RP0=0, select bank0
   287     07E9  1303               	bcf	3,6	;RP1=0, select bank0
   288     07EA  0087               	movwf	7	;volatile
   289     07EB                     l645:
   290                           
   291                           ;port.c: 99:   _delay((unsigned long)((500)*(8000000/4000.0)));
   292     07EB  3006               	movlw	6
   293     07EC  1283               	bcf	3,5	;RP0=0, select bank0
   294     07ED  1303               	bcf	3,6	;RP1=0, select bank0
   295     07EE  00A2               	movwf	??_main+2
   296     07EF  3013               	movlw	19
   297     07F0  00A1               	movwf	??_main+1
   298     07F1  30AD               	movlw	173
   299     07F2  00A0               	movwf	??_main
   300     07F3                     u27:
   301     07F3  0BA0               	decfsz	??_main,f
   302     07F4  2FF3               	goto	u27
   303     07F5  0BA1               	decfsz	??_main+1,f
   304     07F6  2FF3               	goto	u27
   305     07F7  0BA2               	decfsz	??_main+2,f
   306     07F8  2FF3               	goto	u27
   307     07F9  0000               	nop
   308     07FA  2FD4               	goto	l639
   309     07FB  118A  2800         	ljmp	start
   310     07FD                     __end_of_main:
   311                           
   312                           	psect	text1
   313     07C7                     __ptext1:	
   314 ;; *************** function _main__init *****************
   315 ;; Defined at:
   316 ;;		line 80 in file "port.c"
   317 ;; Parameters:    Size  Location     Type
   318 ;;		None
   319 ;; Auto vars:     Size  Location     Type
   320 ;;		None
   321 ;; Return value:  Size  Location     Type
   322 ;;                  1    wreg      void 
   323 ;; Registers used:
   324 ;;		status,2, status,0, pclath, cstack
   325 ;; Tracked objects:
   326 ;;		On entry : 0/0
   327 ;;		On exit  : 0/0
   328 ;;		Unchanged: 0/0
   329 ;; Data sizes:     COMMON   BANK0   BANK1
   330 ;;      Params:         0       0       0
   331 ;;      Locals:         0       0       0
   332 ;;      Temps:          0       0       0
   333 ;;      Totals:         0       0       0
   334 ;;Total ram usage:        0 bytes
   335 ;; Hardware stack levels used: 1
   336 ;; Hardware stack levels required when called: 1
   337 ;; This function calls:
   338 ;;		_port__init
   339 ;;		_time__init
   340 ;; This function is called by:
   341 ;;		_main
   342 ;; This function uses a non-reentrant model
   343 ;;
   344                           
   345     07C7                     _main__init:	
   346                           ;psect for function _main__init
   347                           
   348     07C7                     l633:	
   349                           ;incstack = 0
   350                           ; Regs used in _main__init: [status,2+status,0+pclath+cstack]
   351                           
   352                           
   353                           ;port.c: 81:  port__init();
   354     07C7  118A  27C5  118A   	fcall	_port__init
   355                           
   356                           ;port.c: 82:  time__init();
   357     07CA  118A  27C6  118A   	fcall	_time__init
   358     07CD                     l13:
   359     07CD  0008               	return
   360     07CE                     __end_of_main__init:
   361                           
   362                           	psect	text2
   363     07C6                     __ptext2:	
   364 ;; *************** function _time__init *****************
   365 ;; Defined at:
   366 ;;		line 89 in file "port.c"
   367 ;; Parameters:    Size  Location     Type
   368 ;;		None
   369 ;; Auto vars:     Size  Location     Type
   370 ;;		None
   371 ;; Return value:  Size  Location     Type
   372 ;;                  1    wreg      void 
   373 ;; Registers used:
   374 ;;		None
   375 ;; Tracked objects:
   376 ;;		On entry : 0/0
   377 ;;		On exit  : 0/0
   378 ;;		Unchanged: 0/0
   379 ;; Data sizes:     COMMON   BANK0   BANK1
   380 ;;      Params:         0       0       0
   381 ;;      Locals:         0       0       0
   382 ;;      Temps:          0       0       0
   383 ;;      Totals:         0       0       0
   384 ;;Total ram usage:        0 bytes
   385 ;; Hardware stack levels used: 1
   386 ;; This function calls:
   387 ;;		Nothing
   388 ;; This function is called by:
   389 ;;		_main__init
   390 ;; This function uses a non-reentrant model
   391 ;;
   392                           
   393     07C6                     _time__init:	
   394                           ;psect for function _time__init
   395                           
   396     07C6                     l19:	
   397                           ;incstack = 0
   398                           ; Regs used in _time__init: []
   399                           
   400     07C6  0008               	return
   401     07C7                     __end_of_time__init:
   402                           
   403                           	psect	text3
   404     07C5                     __ptext3:	
   405 ;; *************** function _port__init *****************
   406 ;; Defined at:
   407 ;;		line 86 in file "port.c"
   408 ;; Parameters:    Size  Location     Type
   409 ;;		None
   410 ;; Auto vars:     Size  Location     Type
   411 ;;		None
   412 ;; Return value:  Size  Location     Type
   413 ;;                  1    wreg      void 
   414 ;; Registers used:
   415 ;;		None
   416 ;; Tracked objects:
   417 ;;		On entry : 0/0
   418 ;;		On exit  : 0/0
   419 ;;		Unchanged: 0/0
   420 ;; Data sizes:     COMMON   BANK0   BANK1
   421 ;;      Params:         0       0       0
   422 ;;      Locals:         0       0       0
   423 ;;      Temps:          0       0       0
   424 ;;      Totals:         0       0       0
   425 ;;Total ram usage:        0 bytes
   426 ;; Hardware stack levels used: 1
   427 ;; This function calls:
   428 ;;		Nothing
   429 ;; This function is called by:
   430 ;;		_main__init
   431 ;; This function uses a non-reentrant model
   432 ;;
   433                           
   434     07C5                     _port__init:	
   435                           ;psect for function _port__init
   436                           
   437     07C5                     l16:	
   438                           ;incstack = 0
   439                           ; Regs used in _port__init: []
   440                           
   441     07C5  0008               	return
   442     07C6                     __end_of_port__init:
   443     007E                     btemp	set	126	;btemp
   444     007E                     wtemp0	set	126
   445                           
   446                           	psect	config
   447                           
   448                           ;Config register CONFIG @ 0x2007
   449                           ;	Oscillator Selection bits
   450                           ;	FOSC = HS, HS oscillator
   451                           ;	Watchdog Timer Enable bit
   452                           ;	WDTE = OFF, WDT disabled
   453                           ;	Power-up Timer Enable bit
   454                           ;	PWRTE = OFF, PWRT disabled
   455                           ;	Brown-out Reset Enable bit
   456                           ;	BOREN = OFF, BOR disabled
   457                           ;	Low-Voltage (Single-Supply) In-Circuit Serial Programming Enable bit
   458                           ;	LVP = OFF, RB3 is digital I/O, HV on MCLR must be used for programming
   459                           ;	Data EEPROM Memory Code Protection bit
   460                           ;	CPD = OFF, Data EEPROM code protection off
   461                           ;	Flash Program Memory Write Enable bits
   462                           ;	WRT = OFF, Write protection off; all program memory may be written to by EECON control
   463                           ;	In-Circuit Debugger Mode bit
   464                           ;	DEBUG = 0x1, unprogrammed default
   465                           ;	Flash Program Memory Code Protection bit
   466                           ;	CP = OFF, Code protection off
   467     2007                     	org	8199
   468     2007  3F3A               	dw	16186

Data Sizes:
    Strings     0
    Constant    0
    Data        0
    BSS         0
    Persistent  0
    Stack       0

Auto Spaces:
    Space          Size  Autos    Used
    COMMON            0      0       0
    BANK0            94      3       3
    BANK1            94      0       0

Pointer List with Targets:

    None.

Critical Paths under _main in COMMON

    None.

Critical Paths under _main in BANK0

    None.

Critical Paths under _main in BANK1

    None.

Call Graph Tables:

 ---------------------------------------------------------------------------------
 (Depth) Function   	        Calls       Base Space   Used Autos Params    Refs
 ---------------------------------------------------------------------------------
 (0) _main                                                 3     3      0       0
                                              0 BANK0      3     3      0
                         _main__init
 ---------------------------------------------------------------------------------
 (1) _main__init                                           0     0      0       0
                         _port__init
                         _time__init
 ---------------------------------------------------------------------------------
 (2) _time__init                                           0     0      0       0
 ---------------------------------------------------------------------------------
 (2) _port__init                                           0     0      0       0
 ---------------------------------------------------------------------------------
 Estimated maximum stack depth 2
 ---------------------------------------------------------------------------------

 Call Graph Graphs:

 _main (ROOT)
   _main__init
     _port__init
     _time__init

 Address spaces:
Name               Size   Autos  Total    Cost      Usage
BITCOMMON            0      0       0       0        0.0%
EEDATA              80      0       0       0        0.0%
NULL                 0      0       0       0        0.0%
CODE                 0      0       0       0        0.0%
BITSFR0              0      0       0       1        0.0%
SFR0                 0      0       0       1        0.0%
COMMON               0      0       0       1        0.0%
BITSFR1              0      0       0       2        0.0%
SFR1                 0      0       0       2        0.0%
STACK                0      0       0       2        0.0%
BITBANK0            5E      0       0       3        0.0%
BANK0               5E      3       3       4        3.2%
BITSFR3              0      0       0       4        0.0%
SFR3                 0      0       0       4        0.0%
BITBANK1            5E      0       0       5        0.0%
BITSFR2              0      0       0       5        0.0%
SFR2                 0      0       0       5        0.0%
BANK1               5E      0       0       6        0.0%
ABS                  0      0       0       7        0.0%
DATA                 0      0       0       8        0.0%


Microchip Technology PIC Macro Assembler V2.41 build 20230208172133 
Symbol Table                                                                                   Wed Mar 20 03:41:03 2024

                     l13 07CD                       l16 07C5                       l19 07C6  
                     u17 07E0                       u27 07F3                      l633 07C7  
                    l641 07D8                      l643 07E7                      l635 07CE  
                    l645 07EB                      l637 07D1                      l639 07D4  
                   _main 07CE                     btemp 007E                     start 0000  
                  ?_main 0020                    _PORTC 0007                    _TRISB 0086  
                  status 0003                    wtemp0 007E          __initialization 07FD  
           __end_of_main 07FD                   ??_main 0020  __end_of__initialization 07FD  
         __pcstackCOMMON 0000               __pmaintext 07CE               _main__init 07C7  
                __ptext1 07C7                  __ptext2 07C6                  __ptext3 07C5  
   end_of_initialization 07FD               _time__init 07C6               _port__init 07C5  
            ?_main__init 0020      start_initialization 07FD              ?_time__init 0020  
            ?_port__init 0020                ___latbits 0001            __pcstackBANK0 0020  
           ??_main__init 0000       __end_of_main__init 07CE             ??_time__init 0000  
           ??_port__init 0000       __end_of_time__init 07C7       __end_of_port__init 07C6  
