ARM GAS  C:\Users\ASUS\AppData\Local\Temp\ccHfhnuv.s 			page 1


   1              		.syntax unified
   2              		.cpu cortex-m0plus
   3              		.fpu softvfp
   4              		.eabi_attribute 20, 1
   5              		.eabi_attribute 21, 1
   6              		.eabi_attribute 23, 3
   7              		.eabi_attribute 24, 1
   8              		.eabi_attribute 25, 1
   9              		.eabi_attribute 26, 1
  10              		.eabi_attribute 30, 1
  11              		.eabi_attribute 34, 0
  12              		.eabi_attribute 18, 4
  13              		.thumb
  14              		.syntax unified
  15              		.file	"cyfitter_cfg.c"
  16              		.text
  17              	.Ltext0:
  18              		.cfi_sections	.debug_frame
  19              		.section	.psocinit,"ax",%progbits
  20              		.align	2
  21              		.code	16
  22              		.thumb_func
  23              		.type	ClockSetup, %function
  24              	ClockSetup:
  25              	.LFB4:
  26              		.file 1 "Generated_Source\\PSoC4\\cyfitter_cfg.c"
   1:Generated_Source\PSoC4/cyfitter_cfg.c **** 
   2:Generated_Source\PSoC4/cyfitter_cfg.c **** /*******************************************************************************
   3:Generated_Source\PSoC4/cyfitter_cfg.c **** * File Name: cyfitter_cfg.c
   4:Generated_Source\PSoC4/cyfitter_cfg.c **** * 
   5:Generated_Source\PSoC4/cyfitter_cfg.c **** * PSoC Creator  4.4
   6:Generated_Source\PSoC4/cyfitter_cfg.c **** *
   7:Generated_Source\PSoC4/cyfitter_cfg.c **** * Description:
   8:Generated_Source\PSoC4/cyfitter_cfg.c **** * This file contains device initialization code.
   9:Generated_Source\PSoC4/cyfitter_cfg.c **** * Except for the user defined sections in CyClockStartupError(), this file should not be modified.
  10:Generated_Source\PSoC4/cyfitter_cfg.c **** * This file is automatically generated by PSoC Creator.
  11:Generated_Source\PSoC4/cyfitter_cfg.c **** *
  12:Generated_Source\PSoC4/cyfitter_cfg.c **** ********************************************************************************
  13:Generated_Source\PSoC4/cyfitter_cfg.c **** * Copyright (c) 2007-2020 Cypress Semiconductor.  All rights reserved.
  14:Generated_Source\PSoC4/cyfitter_cfg.c **** * You may use this file only in accordance with the license, terms, conditions, 
  15:Generated_Source\PSoC4/cyfitter_cfg.c **** * disclaimers, and limitations in the end user license agreement accompanying 
  16:Generated_Source\PSoC4/cyfitter_cfg.c **** * the software package with which this file was provided.
  17:Generated_Source\PSoC4/cyfitter_cfg.c **** ********************************************************************************/
  18:Generated_Source\PSoC4/cyfitter_cfg.c **** 
  19:Generated_Source\PSoC4/cyfitter_cfg.c **** #include <string.h>
  20:Generated_Source\PSoC4/cyfitter_cfg.c **** #include "cytypes.h"
  21:Generated_Source\PSoC4/cyfitter_cfg.c **** #include "cydevice_trm.h"
  22:Generated_Source\PSoC4/cyfitter_cfg.c **** #include "cyfitter.h"
  23:Generated_Source\PSoC4/cyfitter_cfg.c **** #include "CyLib.h"
  24:Generated_Source\PSoC4/cyfitter_cfg.c **** #include "cyfitter_cfg.h"
  25:Generated_Source\PSoC4/cyfitter_cfg.c **** #include "cyapicallbacks.h"
  26:Generated_Source\PSoC4/cyfitter_cfg.c **** 
  27:Generated_Source\PSoC4/cyfitter_cfg.c **** 
  28:Generated_Source\PSoC4/cyfitter_cfg.c **** #if defined(__GNUC__) || defined(__ARMCC_VERSION)
  29:Generated_Source\PSoC4/cyfitter_cfg.c ****     #define CYPACKED 
  30:Generated_Source\PSoC4/cyfitter_cfg.c ****     #define CYPACKED_ATTR __attribute__ ((packed))
  31:Generated_Source\PSoC4/cyfitter_cfg.c ****     #define CYALIGNED __attribute__ ((aligned))
ARM GAS  C:\Users\ASUS\AppData\Local\Temp\ccHfhnuv.s 			page 2


  32:Generated_Source\PSoC4/cyfitter_cfg.c ****     #define CY_CFG_UNUSED __attribute__ ((unused))
  33:Generated_Source\PSoC4/cyfitter_cfg.c ****     #ifndef CY_CFG_SECTION
  34:Generated_Source\PSoC4/cyfitter_cfg.c ****         #define CY_CFG_SECTION __attribute__ ((section(".psocinit")))
  35:Generated_Source\PSoC4/cyfitter_cfg.c ****     #endif
  36:Generated_Source\PSoC4/cyfitter_cfg.c ****     
  37:Generated_Source\PSoC4/cyfitter_cfg.c ****     #if defined(__ARMCC_VERSION)
  38:Generated_Source\PSoC4/cyfitter_cfg.c ****         #define CY_CFG_MEMORY_BARRIER() __memory_changed()
  39:Generated_Source\PSoC4/cyfitter_cfg.c ****     #else
  40:Generated_Source\PSoC4/cyfitter_cfg.c ****         #define CY_CFG_MEMORY_BARRIER() __sync_synchronize()
  41:Generated_Source\PSoC4/cyfitter_cfg.c ****     #endif
  42:Generated_Source\PSoC4/cyfitter_cfg.c ****     
  43:Generated_Source\PSoC4/cyfitter_cfg.c **** #elif defined(__ICCARM__)
  44:Generated_Source\PSoC4/cyfitter_cfg.c ****     #include <intrinsics.h>
  45:Generated_Source\PSoC4/cyfitter_cfg.c **** 
  46:Generated_Source\PSoC4/cyfitter_cfg.c ****     #define CYPACKED __packed
  47:Generated_Source\PSoC4/cyfitter_cfg.c ****     #define CYPACKED_ATTR 
  48:Generated_Source\PSoC4/cyfitter_cfg.c ****     #define CYALIGNED _Pragma("data_alignment=4")
  49:Generated_Source\PSoC4/cyfitter_cfg.c ****     #define CY_CFG_UNUSED _Pragma("diag_suppress=Pe177")
  50:Generated_Source\PSoC4/cyfitter_cfg.c ****     #define CY_CFG_SECTION _Pragma("location=\".psocinit\"")
  51:Generated_Source\PSoC4/cyfitter_cfg.c ****     
  52:Generated_Source\PSoC4/cyfitter_cfg.c ****     #define CY_CFG_MEMORY_BARRIER() __DMB()
  53:Generated_Source\PSoC4/cyfitter_cfg.c ****     
  54:Generated_Source\PSoC4/cyfitter_cfg.c **** #else
  55:Generated_Source\PSoC4/cyfitter_cfg.c ****     #error Unsupported toolchain
  56:Generated_Source\PSoC4/cyfitter_cfg.c **** #endif
  57:Generated_Source\PSoC4/cyfitter_cfg.c **** 
  58:Generated_Source\PSoC4/cyfitter_cfg.c **** #ifndef CYCODE
  59:Generated_Source\PSoC4/cyfitter_cfg.c ****     #define CYCODE
  60:Generated_Source\PSoC4/cyfitter_cfg.c **** #endif
  61:Generated_Source\PSoC4/cyfitter_cfg.c **** #ifndef CYDATA
  62:Generated_Source\PSoC4/cyfitter_cfg.c ****     #define CYDATA
  63:Generated_Source\PSoC4/cyfitter_cfg.c **** #endif
  64:Generated_Source\PSoC4/cyfitter_cfg.c **** #ifndef CYFAR
  65:Generated_Source\PSoC4/cyfitter_cfg.c ****     #define CYFAR
  66:Generated_Source\PSoC4/cyfitter_cfg.c **** #endif
  67:Generated_Source\PSoC4/cyfitter_cfg.c **** #ifndef CYXDATA
  68:Generated_Source\PSoC4/cyfitter_cfg.c ****     #define CYXDATA
  69:Generated_Source\PSoC4/cyfitter_cfg.c **** #endif
  70:Generated_Source\PSoC4/cyfitter_cfg.c **** 
  71:Generated_Source\PSoC4/cyfitter_cfg.c **** 
  72:Generated_Source\PSoC4/cyfitter_cfg.c **** CY_CFG_UNUSED
  73:Generated_Source\PSoC4/cyfitter_cfg.c **** static void CYMEMZERO(void *s, size_t n);
  74:Generated_Source\PSoC4/cyfitter_cfg.c **** CY_CFG_UNUSED
  75:Generated_Source\PSoC4/cyfitter_cfg.c **** static void CYMEMZERO(void *s, size_t n)
  76:Generated_Source\PSoC4/cyfitter_cfg.c **** {
  77:Generated_Source\PSoC4/cyfitter_cfg.c **** 	(void)memset(s, 0, n);
  78:Generated_Source\PSoC4/cyfitter_cfg.c **** }
  79:Generated_Source\PSoC4/cyfitter_cfg.c **** CY_CFG_UNUSED
  80:Generated_Source\PSoC4/cyfitter_cfg.c **** static void CYCONFIGCPY(void *dest, const void *src, size_t n);
  81:Generated_Source\PSoC4/cyfitter_cfg.c **** CY_CFG_UNUSED
  82:Generated_Source\PSoC4/cyfitter_cfg.c **** static void CYCONFIGCPY(void *dest, const void *src, size_t n)
  83:Generated_Source\PSoC4/cyfitter_cfg.c **** {
  84:Generated_Source\PSoC4/cyfitter_cfg.c **** 	(void)memcpy(dest, src, n);
  85:Generated_Source\PSoC4/cyfitter_cfg.c **** }
  86:Generated_Source\PSoC4/cyfitter_cfg.c **** CY_CFG_UNUSED
  87:Generated_Source\PSoC4/cyfitter_cfg.c **** static void CYCONFIGCPYCODE(void *dest, const void *src, size_t n);
  88:Generated_Source\PSoC4/cyfitter_cfg.c **** CY_CFG_UNUSED
ARM GAS  C:\Users\ASUS\AppData\Local\Temp\ccHfhnuv.s 			page 3


  89:Generated_Source\PSoC4/cyfitter_cfg.c **** static void CYCONFIGCPYCODE(void *dest, const void *src, size_t n)
  90:Generated_Source\PSoC4/cyfitter_cfg.c **** {
  91:Generated_Source\PSoC4/cyfitter_cfg.c **** 	(void)memcpy(dest, src, n);
  92:Generated_Source\PSoC4/cyfitter_cfg.c **** }
  93:Generated_Source\PSoC4/cyfitter_cfg.c **** 
  94:Generated_Source\PSoC4/cyfitter_cfg.c **** 
  95:Generated_Source\PSoC4/cyfitter_cfg.c **** 
  96:Generated_Source\PSoC4/cyfitter_cfg.c **** 
  97:Generated_Source\PSoC4/cyfitter_cfg.c **** /* Clock startup error codes                                                   */
  98:Generated_Source\PSoC4/cyfitter_cfg.c **** #define CYCLOCKSTART_NO_ERROR    0u
  99:Generated_Source\PSoC4/cyfitter_cfg.c **** #define CYCLOCKSTART_XTAL_ERROR  1u
 100:Generated_Source\PSoC4/cyfitter_cfg.c **** #define CYCLOCKSTART_32KHZ_ERROR 2u
 101:Generated_Source\PSoC4/cyfitter_cfg.c **** #define CYCLOCKSTART_PLL_ERROR   3u
 102:Generated_Source\PSoC4/cyfitter_cfg.c **** #define CYCLOCKSTART_FLL_ERROR   4u
 103:Generated_Source\PSoC4/cyfitter_cfg.c **** #define CYCLOCKSTART_WCO_ERROR   5u
 104:Generated_Source\PSoC4/cyfitter_cfg.c **** 
 105:Generated_Source\PSoC4/cyfitter_cfg.c **** 
 106:Generated_Source\PSoC4/cyfitter_cfg.c **** #ifdef CY_NEED_CYCLOCKSTARTUPERROR
 107:Generated_Source\PSoC4/cyfitter_cfg.c **** /*******************************************************************************
 108:Generated_Source\PSoC4/cyfitter_cfg.c **** * Function Name: CyClockStartupError
 109:Generated_Source\PSoC4/cyfitter_cfg.c **** ********************************************************************************
 110:Generated_Source\PSoC4/cyfitter_cfg.c **** * Summary:
 111:Generated_Source\PSoC4/cyfitter_cfg.c **** *  If an error is encountered during clock configuration (crystal startup error,
 112:Generated_Source\PSoC4/cyfitter_cfg.c **** *  PLL lock error, etc.), the system will end up here.  Unless reimplemented by
 113:Generated_Source\PSoC4/cyfitter_cfg.c **** *  the customer, this function will stop in an infinite loop.
 114:Generated_Source\PSoC4/cyfitter_cfg.c **** *
 115:Generated_Source\PSoC4/cyfitter_cfg.c **** * Parameters:
 116:Generated_Source\PSoC4/cyfitter_cfg.c **** *   void
 117:Generated_Source\PSoC4/cyfitter_cfg.c **** *
 118:Generated_Source\PSoC4/cyfitter_cfg.c **** * Return:
 119:Generated_Source\PSoC4/cyfitter_cfg.c **** *   void
 120:Generated_Source\PSoC4/cyfitter_cfg.c **** *
 121:Generated_Source\PSoC4/cyfitter_cfg.c **** *******************************************************************************/
 122:Generated_Source\PSoC4/cyfitter_cfg.c **** CY_CFG_UNUSED
 123:Generated_Source\PSoC4/cyfitter_cfg.c **** static void CyClockStartupError(uint8 errorCode);
 124:Generated_Source\PSoC4/cyfitter_cfg.c **** CY_CFG_UNUSED
 125:Generated_Source\PSoC4/cyfitter_cfg.c **** static void CyClockStartupError(uint8 errorCode)
 126:Generated_Source\PSoC4/cyfitter_cfg.c **** {
 127:Generated_Source\PSoC4/cyfitter_cfg.c ****     /* To remove the compiler warning if errorCode not used.                */
 128:Generated_Source\PSoC4/cyfitter_cfg.c ****     errorCode = errorCode;
 129:Generated_Source\PSoC4/cyfitter_cfg.c **** 
 130:Generated_Source\PSoC4/cyfitter_cfg.c ****     /* If we have a clock startup error (bad MHz crystal, PLL lock, etc.),  */
 131:Generated_Source\PSoC4/cyfitter_cfg.c ****     /* we will end up here to allow the customer to implement something to  */
 132:Generated_Source\PSoC4/cyfitter_cfg.c ****     /* deal with the clock condition.                                       */
 133:Generated_Source\PSoC4/cyfitter_cfg.c **** 
 134:Generated_Source\PSoC4/cyfitter_cfg.c **** #ifdef CY_CFG_CLOCK_STARTUP_ERROR_CALLBACK
 135:Generated_Source\PSoC4/cyfitter_cfg.c ****     CY_CFG_Clock_Startup_ErrorCallback();
 136:Generated_Source\PSoC4/cyfitter_cfg.c **** #else
 137:Generated_Source\PSoC4/cyfitter_cfg.c ****     /*  If not using CY_CFG_CLOCK_STARTUP_ERROR_CALLBACK, place your clock startup code here. */
 138:Generated_Source\PSoC4/cyfitter_cfg.c ****     /* `#START CyClockStartupError` */
 139:Generated_Source\PSoC4/cyfitter_cfg.c **** 
 140:Generated_Source\PSoC4/cyfitter_cfg.c **** 
 141:Generated_Source\PSoC4/cyfitter_cfg.c **** 
 142:Generated_Source\PSoC4/cyfitter_cfg.c ****     /* `#END` */
 143:Generated_Source\PSoC4/cyfitter_cfg.c **** 
 144:Generated_Source\PSoC4/cyfitter_cfg.c ****     while(1) {}
 145:Generated_Source\PSoC4/cyfitter_cfg.c **** #endif /* CY_CFG_CLOCK_STARTUP_ERROR_CALLBACK */
ARM GAS  C:\Users\ASUS\AppData\Local\Temp\ccHfhnuv.s 			page 4


 146:Generated_Source\PSoC4/cyfitter_cfg.c **** }
 147:Generated_Source\PSoC4/cyfitter_cfg.c **** #endif
 148:Generated_Source\PSoC4/cyfitter_cfg.c **** 
 149:Generated_Source\PSoC4/cyfitter_cfg.c **** 
 150:Generated_Source\PSoC4/cyfitter_cfg.c **** 
 151:Generated_Source\PSoC4/cyfitter_cfg.c **** /*******************************************************************************
 152:Generated_Source\PSoC4/cyfitter_cfg.c **** * Function Name: ClockSetup
 153:Generated_Source\PSoC4/cyfitter_cfg.c **** ********************************************************************************
 154:Generated_Source\PSoC4/cyfitter_cfg.c **** *
 155:Generated_Source\PSoC4/cyfitter_cfg.c **** * Summary:
 156:Generated_Source\PSoC4/cyfitter_cfg.c **** *   Performs the initialization of all of the clocks in the device based on the
 157:Generated_Source\PSoC4/cyfitter_cfg.c **** *   settings in the Clock tab of the DWR.  This includes enabling the requested
 158:Generated_Source\PSoC4/cyfitter_cfg.c **** *   clocks and setting the necessary dividers to produce the desired frequency. 
 159:Generated_Source\PSoC4/cyfitter_cfg.c **** *
 160:Generated_Source\PSoC4/cyfitter_cfg.c **** * Parameters:
 161:Generated_Source\PSoC4/cyfitter_cfg.c **** *   void
 162:Generated_Source\PSoC4/cyfitter_cfg.c **** *
 163:Generated_Source\PSoC4/cyfitter_cfg.c **** * Return:
 164:Generated_Source\PSoC4/cyfitter_cfg.c **** *   void
 165:Generated_Source\PSoC4/cyfitter_cfg.c **** *
 166:Generated_Source\PSoC4/cyfitter_cfg.c **** *******************************************************************************/
 167:Generated_Source\PSoC4/cyfitter_cfg.c **** static void ClockSetup(void);
 168:Generated_Source\PSoC4/cyfitter_cfg.c **** CY_CFG_SECTION
 169:Generated_Source\PSoC4/cyfitter_cfg.c **** static void ClockSetup(void)
 170:Generated_Source\PSoC4/cyfitter_cfg.c **** {
  27              		.loc 1 170 0
  28              		.cfi_startproc
  29              		@ args = 0, pretend = 0, frame = 0
  30              		@ frame_needed = 0, uses_anonymous_args = 0
  31 0000 10B5     		push	{r4, lr}
  32              		.cfi_def_cfa_offset 8
  33              		.cfi_offset 4, -8
  34              		.cfi_offset 14, -4
 171:Generated_Source\PSoC4/cyfitter_cfg.c **** 
 172:Generated_Source\PSoC4/cyfitter_cfg.c **** 	/* Set Flash Cycles based on max possible frequency in case a glitch occurs during ClockSetup(). *
 173:Generated_Source\PSoC4/cyfitter_cfg.c **** 	CY_SET_REG32((void CYXDATA *)(CYREG_CPUSS_FLASH_CTL), (0x0012u));
  35              		.loc 1 173 0
  36 0002 0B4C     		ldr	r4, .L2
  37 0004 1223     		movs	r3, #18
  38 0006 2360     		str	r3, [r4]
 174:Generated_Source\PSoC4/cyfitter_cfg.c **** 	/* Update IMO to new clock speed. */
 175:Generated_Source\PSoC4/cyfitter_cfg.c **** 	CySysClkWriteImoFreq(24u);
  39              		.loc 1 175 0
  40 0008 1820     		movs	r0, #24
  41 000a FFF7FEFF 		bl	CySysClkWriteImoFreq
  42              	.LVL0:
 176:Generated_Source\PSoC4/cyfitter_cfg.c **** 
 177:Generated_Source\PSoC4/cyfitter_cfg.c **** 	/* Setup phase aligned clocks */
 178:Generated_Source\PSoC4/cyfitter_cfg.c **** 	CY_SET_REG32((void *)CYREG_PERI_DIV_16_CTL0, 0x00000100u);
  43              		.loc 1 178 0
  44 000e 8022     		movs	r2, #128
  45 0010 5200     		lsls	r2, r2, #1
  46 0012 084B     		ldr	r3, .L2+4
  47 0014 1A60     		str	r2, [r3]
 179:Generated_Source\PSoC4/cyfitter_cfg.c **** 	CY_SET_REG32((void *)CYREG_PERI_DIV_CMD, 0x8000FF40u);
  48              		.loc 1 179 0
  49 0016 084A     		ldr	r2, .L2+8
ARM GAS  C:\Users\ASUS\AppData\Local\Temp\ccHfhnuv.s 			page 5


  50 0018 084B     		ldr	r3, .L2+12
  51 001a 1A60     		str	r2, [r3]
 180:Generated_Source\PSoC4/cyfitter_cfg.c **** 
 181:Generated_Source\PSoC4/cyfitter_cfg.c **** 	/* CYDEV_CLK_SELECT Starting address: CYDEV_CLK_SELECT */
 182:Generated_Source\PSoC4/cyfitter_cfg.c **** 	CY_SET_REG32((void *)(CYREG_CLK_SELECT), 0x00000000u);
  52              		.loc 1 182 0
  53 001c 0022     		movs	r2, #0
  54 001e 084B     		ldr	r3, .L2+16
  55 0020 1A60     		str	r2, [r3]
 183:Generated_Source\PSoC4/cyfitter_cfg.c **** 
 184:Generated_Source\PSoC4/cyfitter_cfg.c **** 	/* CYDEV_PERI_PCLK_CTL4 Starting address: CYDEV_PERI_PCLK_CTL4 */
 185:Generated_Source\PSoC4/cyfitter_cfg.c **** 	CY_SET_REG32((void *)(CYREG_PERI_PCLK_CTL4), 0x00000040u);
  56              		.loc 1 185 0
  57 0022 4032     		adds	r2, r2, #64
  58 0024 074B     		ldr	r3, .L2+20
  59 0026 1A60     		str	r2, [r3]
 186:Generated_Source\PSoC4/cyfitter_cfg.c **** 
 187:Generated_Source\PSoC4/cyfitter_cfg.c **** 	/* Set Flash Cycles based on newly configured 24.00MHz HFCLK. */
 188:Generated_Source\PSoC4/cyfitter_cfg.c **** 	CY_SET_REG32((void CYXDATA *)(CYREG_CPUSS_FLASH_CTL), (0x0011u));
  60              		.loc 1 188 0
  61 0028 1123     		movs	r3, #17
  62 002a 2360     		str	r3, [r4]
 189:Generated_Source\PSoC4/cyfitter_cfg.c **** }
  63              		.loc 1 189 0
  64              		@ sp needed
  65 002c 10BD     		pop	{r4, pc}
  66              	.L3:
  67 002e C046     		.align	2
  68              	.L2:
  69 0030 30001040 		.word	1074790448
  70 0034 00030140 		.word	1073808128
  71 0038 40FF0080 		.word	-2147418304
  72 003c 00000140 		.word	1073807360
  73 0040 28000340 		.word	1073938472
  74 0044 10010140 		.word	1073807632
  75              		.cfi_endproc
  76              	.LFE4:
  77              		.size	ClockSetup, .-ClockSetup
  78              		.align	2
  79              		.global	cyfitter_cfg
  80              		.code	16
  81              		.thumb_func
  82              		.type	cyfitter_cfg, %function
  83              	cyfitter_cfg:
  84              	.LFB6:
 190:Generated_Source\PSoC4/cyfitter_cfg.c **** 
 191:Generated_Source\PSoC4/cyfitter_cfg.c **** 
 192:Generated_Source\PSoC4/cyfitter_cfg.c **** /* Analog API Functions */
 193:Generated_Source\PSoC4/cyfitter_cfg.c **** 
 194:Generated_Source\PSoC4/cyfitter_cfg.c **** 
 195:Generated_Source\PSoC4/cyfitter_cfg.c **** /*******************************************************************************
 196:Generated_Source\PSoC4/cyfitter_cfg.c **** * Function Name: AnalogSetDefault
 197:Generated_Source\PSoC4/cyfitter_cfg.c **** ********************************************************************************
 198:Generated_Source\PSoC4/cyfitter_cfg.c **** *
 199:Generated_Source\PSoC4/cyfitter_cfg.c **** * Summary:
 200:Generated_Source\PSoC4/cyfitter_cfg.c **** *  Sets up the analog portions of the chip to default values based on chip
 201:Generated_Source\PSoC4/cyfitter_cfg.c **** *  configuration options from the project.
ARM GAS  C:\Users\ASUS\AppData\Local\Temp\ccHfhnuv.s 			page 6


 202:Generated_Source\PSoC4/cyfitter_cfg.c **** *
 203:Generated_Source\PSoC4/cyfitter_cfg.c **** * Parameters:
 204:Generated_Source\PSoC4/cyfitter_cfg.c **** *  void
 205:Generated_Source\PSoC4/cyfitter_cfg.c **** *
 206:Generated_Source\PSoC4/cyfitter_cfg.c **** * Return:
 207:Generated_Source\PSoC4/cyfitter_cfg.c **** *  void
 208:Generated_Source\PSoC4/cyfitter_cfg.c **** *
 209:Generated_Source\PSoC4/cyfitter_cfg.c **** *******************************************************************************/
 210:Generated_Source\PSoC4/cyfitter_cfg.c **** static void AnalogSetDefault(void);
 211:Generated_Source\PSoC4/cyfitter_cfg.c **** static void AnalogSetDefault(void)
 212:Generated_Source\PSoC4/cyfitter_cfg.c **** {
 213:Generated_Source\PSoC4/cyfitter_cfg.c **** }
 214:Generated_Source\PSoC4/cyfitter_cfg.c **** 
 215:Generated_Source\PSoC4/cyfitter_cfg.c **** 
 216:Generated_Source\PSoC4/cyfitter_cfg.c **** 
 217:Generated_Source\PSoC4/cyfitter_cfg.c **** 
 218:Generated_Source\PSoC4/cyfitter_cfg.c **** /*******************************************************************************
 219:Generated_Source\PSoC4/cyfitter_cfg.c **** * Function Name: cyfitter_cfg
 220:Generated_Source\PSoC4/cyfitter_cfg.c **** ********************************************************************************
 221:Generated_Source\PSoC4/cyfitter_cfg.c **** * Summary:
 222:Generated_Source\PSoC4/cyfitter_cfg.c **** *  This function is called by the start-up code for the selected device. It
 223:Generated_Source\PSoC4/cyfitter_cfg.c **** *  performs all of the necessary device configuration based on the design
 224:Generated_Source\PSoC4/cyfitter_cfg.c **** *  settings.  This includes settings from the Design Wide Resources (DWR) such
 225:Generated_Source\PSoC4/cyfitter_cfg.c **** *  as Clocks and Pins as well as any component configuration that is necessary.
 226:Generated_Source\PSoC4/cyfitter_cfg.c **** *
 227:Generated_Source\PSoC4/cyfitter_cfg.c **** * Parameters:
 228:Generated_Source\PSoC4/cyfitter_cfg.c **** *   void
 229:Generated_Source\PSoC4/cyfitter_cfg.c **** *
 230:Generated_Source\PSoC4/cyfitter_cfg.c **** * Return:
 231:Generated_Source\PSoC4/cyfitter_cfg.c **** *   void
 232:Generated_Source\PSoC4/cyfitter_cfg.c **** *
 233:Generated_Source\PSoC4/cyfitter_cfg.c **** *******************************************************************************/
 234:Generated_Source\PSoC4/cyfitter_cfg.c **** CY_CFG_SECTION
 235:Generated_Source\PSoC4/cyfitter_cfg.c **** void cyfitter_cfg(void)
 236:Generated_Source\PSoC4/cyfitter_cfg.c **** {
  85              		.loc 1 236 0
  86              		.cfi_startproc
  87              		@ args = 0, pretend = 0, frame = 0
  88              		@ frame_needed = 0, uses_anonymous_args = 0
  89 0048 10B5     		push	{r4, lr}
  90              		.cfi_def_cfa_offset 8
  91              		.cfi_offset 4, -8
  92              		.cfi_offset 14, -4
 237:Generated_Source\PSoC4/cyfitter_cfg.c **** 	/* Disable interrupts by default. Let user enable if/when they want. */
 238:Generated_Source\PSoC4/cyfitter_cfg.c **** 	CyGlobalIntDisable;
  93              		.loc 1 238 0
  94              		.syntax divided
  95              	@ 238 "Generated_Source\PSoC4\cyfitter_cfg.c" 1
  96 004a 72B6     		CPSID   i
  97              	@ 0 "" 2
 239:Generated_Source\PSoC4/cyfitter_cfg.c **** 
 240:Generated_Source\PSoC4/cyfitter_cfg.c **** 	{
 241:Generated_Source\PSoC4/cyfitter_cfg.c **** 		/* HSIOM Starting address: CYDEV_HSIOM_BASE */
 242:Generated_Source\PSoC4/cyfitter_cfg.c **** 		CY_SET_REG32((void *)(CYREG_HSIOM_PORT_SEL2), 0x08000000u);
  98              		.loc 1 242 0
  99              		.thumb
 100              		.syntax unified
ARM GAS  C:\Users\ASUS\AppData\Local\Temp\ccHfhnuv.s 			page 7


 101 004c 8022     		movs	r2, #128
 102 004e 1205     		lsls	r2, r2, #20
 103 0050 094B     		ldr	r3, .L5
 104 0052 1A60     		str	r2, [r3]
 243:Generated_Source\PSoC4/cyfitter_cfg.c **** 		CY_SET_REG32((void *)(CYREG_HSIOM_PORT_SEL3), 0x0000EE00u);
 105              		.loc 1 243 0
 106 0054 EE22     		movs	r2, #238
 107 0056 1202     		lsls	r2, r2, #8
 108 0058 084B     		ldr	r3, .L5+4
 109 005a 1A60     		str	r2, [r3]
 244:Generated_Source\PSoC4/cyfitter_cfg.c **** 
 245:Generated_Source\PSoC4/cyfitter_cfg.c **** 	}
 246:Generated_Source\PSoC4/cyfitter_cfg.c **** 
 247:Generated_Source\PSoC4/cyfitter_cfg.c **** 	/* Perform second pass device configuration. These items must be configured in specific order afte
 248:Generated_Source\PSoC4/cyfitter_cfg.c **** 	/* IOPINS0_2 Starting address: CYDEV_GPIO_PRT2_BASE */
 249:Generated_Source\PSoC4/cyfitter_cfg.c **** 	CY_SET_REG32((void *)(CYDEV_GPIO_PRT2_BASE), 0x00000040u);
 110              		.loc 1 249 0
 111 005c 4022     		movs	r2, #64
 112 005e 084B     		ldr	r3, .L5+8
 113 0060 1A60     		str	r2, [r3]
 250:Generated_Source\PSoC4/cyfitter_cfg.c **** 	CY_SET_REG32((void *)(CYREG_GPIO_PRT2_PC), 0x00180000u);
 114              		.loc 1 250 0
 115 0062 C022     		movs	r2, #192
 116 0064 5203     		lsls	r2, r2, #13
 117 0066 074B     		ldr	r3, .L5+12
 118 0068 1A60     		str	r2, [r3]
 251:Generated_Source\PSoC4/cyfitter_cfg.c **** 
 252:Generated_Source\PSoC4/cyfitter_cfg.c **** 	/* IOPINS0_3 Starting address: CYDEV_GPIO_PRT3_BASE */
 253:Generated_Source\PSoC4/cyfitter_cfg.c **** 	CY_SET_REG32((void *)(CYREG_GPIO_PRT3_PC), 0x00000D80u);
 119              		.loc 1 253 0
 120 006a D822     		movs	r2, #216
 121 006c 1201     		lsls	r2, r2, #4
 122 006e 064B     		ldr	r3, .L5+16
 123 0070 1A60     		str	r2, [r3]
 254:Generated_Source\PSoC4/cyfitter_cfg.c **** 
 255:Generated_Source\PSoC4/cyfitter_cfg.c **** 
 256:Generated_Source\PSoC4/cyfitter_cfg.c **** 	/* Setup clocks based on selections from Clock DWR */
 257:Generated_Source\PSoC4/cyfitter_cfg.c **** 	ClockSetup();
 124              		.loc 1 257 0
 125 0072 FFF7C5FF 		bl	ClockSetup
 126              	.LVL1:
 258:Generated_Source\PSoC4/cyfitter_cfg.c **** 
 259:Generated_Source\PSoC4/cyfitter_cfg.c **** 	/* Perform basic analog initialization to defaults */
 260:Generated_Source\PSoC4/cyfitter_cfg.c **** 	AnalogSetDefault();
 261:Generated_Source\PSoC4/cyfitter_cfg.c **** 
 262:Generated_Source\PSoC4/cyfitter_cfg.c **** }
 127              		.loc 1 262 0
 128              		@ sp needed
 129 0076 10BD     		pop	{r4, pc}
 130              	.L6:
 131              		.align	2
 132              	.L5:
 133 0078 00020240 		.word	1073873408
 134 007c 00030240 		.word	1073873664
 135 0080 00020440 		.word	1074004480
 136 0084 08020440 		.word	1074004488
 137 0088 08030440 		.word	1074004744
ARM GAS  C:\Users\ASUS\AppData\Local\Temp\ccHfhnuv.s 			page 8


 138              		.cfi_endproc
 139              	.LFE6:
 140              		.size	cyfitter_cfg, .-cyfitter_cfg
 141              		.text
 142              	.Letext0:
 143              		.file 2 "Generated_Source\\PSoC4\\cytypes.h"
 144              		.file 3 "Generated_Source\\PSoC4\\CyLib.h"
 145              		.section	.debug_info,"",%progbits
 146              	.Ldebug_info0:
 147 0000 F7000000 		.4byte	0xf7
 148 0004 0400     		.2byte	0x4
 149 0006 00000000 		.4byte	.Ldebug_abbrev0
 150 000a 04       		.byte	0x4
 151 000b 01       		.uleb128 0x1
 152 000c 45010000 		.4byte	.LASF16
 153 0010 0C       		.byte	0xc
 154 0011 15000000 		.4byte	.LASF17
 155 0015 48000000 		.4byte	.LASF18
 156 0019 00000000 		.4byte	.Ldebug_ranges0+0
 157 001d 00000000 		.4byte	0
 158 0021 00000000 		.4byte	.Ldebug_line0
 159 0025 02       		.uleb128 0x2
 160 0026 04       		.byte	0x4
 161 0027 05       		.byte	0x5
 162 0028 696E7400 		.ascii	"int\000"
 163 002c 03       		.uleb128 0x3
 164 002d 04       		.byte	0x4
 165 002e 07       		.byte	0x7
 166 002f 3B000000 		.4byte	.LASF0
 167 0033 03       		.uleb128 0x3
 168 0034 08       		.byte	0x8
 169 0035 05       		.byte	0x5
 170 0036 00000000 		.4byte	.LASF1
 171 003a 03       		.uleb128 0x3
 172 003b 08       		.byte	0x8
 173 003c 04       		.byte	0x4
 174 003d 2F010000 		.4byte	.LASF2
 175 0041 03       		.uleb128 0x3
 176 0042 01       		.byte	0x1
 177 0043 06       		.byte	0x6
 178 0044 23010000 		.4byte	.LASF3
 179 0048 03       		.uleb128 0x3
 180 0049 01       		.byte	0x1
 181 004a 08       		.byte	0x8
 182 004b DC000000 		.4byte	.LASF4
 183 004f 03       		.uleb128 0x3
 184 0050 02       		.byte	0x2
 185 0051 05       		.byte	0x5
 186 0052 3B010000 		.4byte	.LASF5
 187 0056 03       		.uleb128 0x3
 188 0057 02       		.byte	0x2
 189 0058 07       		.byte	0x7
 190 0059 10010000 		.4byte	.LASF6
 191 005d 03       		.uleb128 0x3
 192 005e 04       		.byte	0x4
 193 005f 05       		.byte	0x5
 194 0060 EF000000 		.4byte	.LASF7
ARM GAS  C:\Users\ASUS\AppData\Local\Temp\ccHfhnuv.s 			page 9


 195 0064 03       		.uleb128 0x3
 196 0065 04       		.byte	0x4
 197 0066 07       		.byte	0x7
 198 0067 8B000000 		.4byte	.LASF8
 199 006b 03       		.uleb128 0x3
 200 006c 08       		.byte	0x8
 201 006d 07       		.byte	0x7
 202 006e AA000000 		.4byte	.LASF9
 203 0072 03       		.uleb128 0x3
 204 0073 04       		.byte	0x4
 205 0074 07       		.byte	0x7
 206 0075 D7010000 		.4byte	.LASF10
 207 0079 03       		.uleb128 0x3
 208 007a 01       		.byte	0x1
 209 007b 08       		.byte	0x8
 210 007c EA000000 		.4byte	.LASF11
 211 0080 04       		.uleb128 0x4
 212 0081 0E000000 		.4byte	.LASF14
 213 0085 02       		.byte	0x2
 214 0086 FE01     		.2byte	0x1fe
 215 0088 64000000 		.4byte	0x64
 216 008c 03       		.uleb128 0x3
 217 008d 04       		.byte	0x4
 218 008e 04       		.byte	0x4
 219 008f C1000000 		.4byte	.LASF12
 220 0093 03       		.uleb128 0x3
 221 0094 08       		.byte	0x8
 222 0095 04       		.byte	0x4
 223 0096 03010000 		.4byte	.LASF13
 224 009a 04       		.uleb128 0x4
 225 009b 0A010000 		.4byte	.LASF15
 226 009f 02       		.byte	0x2
 227 00a0 A802     		.2byte	0x2a8
 228 00a2 A6000000 		.4byte	0xa6
 229 00a6 05       		.uleb128 0x5
 230 00a7 80000000 		.4byte	0x80
 231 00ab 06       		.uleb128 0x6
 232 00ac F8000000 		.4byte	.LASF19
 233 00b0 01       		.byte	0x1
 234 00b1 A9       		.byte	0xa9
 235 00b2 00000000 		.4byte	.LFB4
 236 00b6 48000000 		.4byte	.LFE4-.LFB4
 237 00ba 01       		.uleb128 0x1
 238 00bb 9C       		.byte	0x9c
 239 00bc D0000000 		.4byte	0xd0
 240 00c0 07       		.uleb128 0x7
 241 00c1 0E000000 		.4byte	.LVL0
 242 00c5 EF000000 		.4byte	0xef
 243 00c9 08       		.uleb128 0x8
 244 00ca 01       		.uleb128 0x1
 245 00cb 50       		.byte	0x50
 246 00cc 01       		.uleb128 0x1
 247 00cd 48       		.byte	0x48
 248 00ce 00       		.byte	0
 249 00cf 00       		.byte	0
 250 00d0 09       		.uleb128 0x9
 251 00d1 9D000000 		.4byte	.LASF20
ARM GAS  C:\Users\ASUS\AppData\Local\Temp\ccHfhnuv.s 			page 10


 252 00d5 01       		.byte	0x1
 253 00d6 EB       		.byte	0xeb
 254 00d7 48000000 		.4byte	.LFB6
 255 00db 44000000 		.4byte	.LFE6-.LFB6
 256 00df 01       		.uleb128 0x1
 257 00e0 9C       		.byte	0x9c
 258 00e1 EF000000 		.4byte	0xef
 259 00e5 0A       		.uleb128 0xa
 260 00e6 76000000 		.4byte	.LVL1
 261 00ea AB000000 		.4byte	0xab
 262 00ee 00       		.byte	0
 263 00ef 0B       		.uleb128 0xb
 264 00f0 C7000000 		.4byte	.LASF21
 265 00f4 C7000000 		.4byte	.LASF21
 266 00f8 03       		.byte	0x3
 267 00f9 6C       		.byte	0x6c
 268 00fa 00       		.byte	0
 269              		.section	.debug_abbrev,"",%progbits
 270              	.Ldebug_abbrev0:
 271 0000 01       		.uleb128 0x1
 272 0001 11       		.uleb128 0x11
 273 0002 01       		.byte	0x1
 274 0003 25       		.uleb128 0x25
 275 0004 0E       		.uleb128 0xe
 276 0005 13       		.uleb128 0x13
 277 0006 0B       		.uleb128 0xb
 278 0007 03       		.uleb128 0x3
 279 0008 0E       		.uleb128 0xe
 280 0009 1B       		.uleb128 0x1b
 281 000a 0E       		.uleb128 0xe
 282 000b 55       		.uleb128 0x55
 283 000c 17       		.uleb128 0x17
 284 000d 11       		.uleb128 0x11
 285 000e 01       		.uleb128 0x1
 286 000f 10       		.uleb128 0x10
 287 0010 17       		.uleb128 0x17
 288 0011 00       		.byte	0
 289 0012 00       		.byte	0
 290 0013 02       		.uleb128 0x2
 291 0014 24       		.uleb128 0x24
 292 0015 00       		.byte	0
 293 0016 0B       		.uleb128 0xb
 294 0017 0B       		.uleb128 0xb
 295 0018 3E       		.uleb128 0x3e
 296 0019 0B       		.uleb128 0xb
 297 001a 03       		.uleb128 0x3
 298 001b 08       		.uleb128 0x8
 299 001c 00       		.byte	0
 300 001d 00       		.byte	0
 301 001e 03       		.uleb128 0x3
 302 001f 24       		.uleb128 0x24
 303 0020 00       		.byte	0
 304 0021 0B       		.uleb128 0xb
 305 0022 0B       		.uleb128 0xb
 306 0023 3E       		.uleb128 0x3e
 307 0024 0B       		.uleb128 0xb
 308 0025 03       		.uleb128 0x3
ARM GAS  C:\Users\ASUS\AppData\Local\Temp\ccHfhnuv.s 			page 11


 309 0026 0E       		.uleb128 0xe
 310 0027 00       		.byte	0
 311 0028 00       		.byte	0
 312 0029 04       		.uleb128 0x4
 313 002a 16       		.uleb128 0x16
 314 002b 00       		.byte	0
 315 002c 03       		.uleb128 0x3
 316 002d 0E       		.uleb128 0xe
 317 002e 3A       		.uleb128 0x3a
 318 002f 0B       		.uleb128 0xb
 319 0030 3B       		.uleb128 0x3b
 320 0031 05       		.uleb128 0x5
 321 0032 49       		.uleb128 0x49
 322 0033 13       		.uleb128 0x13
 323 0034 00       		.byte	0
 324 0035 00       		.byte	0
 325 0036 05       		.uleb128 0x5
 326 0037 35       		.uleb128 0x35
 327 0038 00       		.byte	0
 328 0039 49       		.uleb128 0x49
 329 003a 13       		.uleb128 0x13
 330 003b 00       		.byte	0
 331 003c 00       		.byte	0
 332 003d 06       		.uleb128 0x6
 333 003e 2E       		.uleb128 0x2e
 334 003f 01       		.byte	0x1
 335 0040 03       		.uleb128 0x3
 336 0041 0E       		.uleb128 0xe
 337 0042 3A       		.uleb128 0x3a
 338 0043 0B       		.uleb128 0xb
 339 0044 3B       		.uleb128 0x3b
 340 0045 0B       		.uleb128 0xb
 341 0046 27       		.uleb128 0x27
 342 0047 19       		.uleb128 0x19
 343 0048 11       		.uleb128 0x11
 344 0049 01       		.uleb128 0x1
 345 004a 12       		.uleb128 0x12
 346 004b 06       		.uleb128 0x6
 347 004c 40       		.uleb128 0x40
 348 004d 18       		.uleb128 0x18
 349 004e 9742     		.uleb128 0x2117
 350 0050 19       		.uleb128 0x19
 351 0051 01       		.uleb128 0x1
 352 0052 13       		.uleb128 0x13
 353 0053 00       		.byte	0
 354 0054 00       		.byte	0
 355 0055 07       		.uleb128 0x7
 356 0056 898201   		.uleb128 0x4109
 357 0059 01       		.byte	0x1
 358 005a 11       		.uleb128 0x11
 359 005b 01       		.uleb128 0x1
 360 005c 31       		.uleb128 0x31
 361 005d 13       		.uleb128 0x13
 362 005e 00       		.byte	0
 363 005f 00       		.byte	0
 364 0060 08       		.uleb128 0x8
 365 0061 8A8201   		.uleb128 0x410a
ARM GAS  C:\Users\ASUS\AppData\Local\Temp\ccHfhnuv.s 			page 12


 366 0064 00       		.byte	0
 367 0065 02       		.uleb128 0x2
 368 0066 18       		.uleb128 0x18
 369 0067 9142     		.uleb128 0x2111
 370 0069 18       		.uleb128 0x18
 371 006a 00       		.byte	0
 372 006b 00       		.byte	0
 373 006c 09       		.uleb128 0x9
 374 006d 2E       		.uleb128 0x2e
 375 006e 01       		.byte	0x1
 376 006f 3F       		.uleb128 0x3f
 377 0070 19       		.uleb128 0x19
 378 0071 03       		.uleb128 0x3
 379 0072 0E       		.uleb128 0xe
 380 0073 3A       		.uleb128 0x3a
 381 0074 0B       		.uleb128 0xb
 382 0075 3B       		.uleb128 0x3b
 383 0076 0B       		.uleb128 0xb
 384 0077 27       		.uleb128 0x27
 385 0078 19       		.uleb128 0x19
 386 0079 11       		.uleb128 0x11
 387 007a 01       		.uleb128 0x1
 388 007b 12       		.uleb128 0x12
 389 007c 06       		.uleb128 0x6
 390 007d 40       		.uleb128 0x40
 391 007e 18       		.uleb128 0x18
 392 007f 9742     		.uleb128 0x2117
 393 0081 19       		.uleb128 0x19
 394 0082 01       		.uleb128 0x1
 395 0083 13       		.uleb128 0x13
 396 0084 00       		.byte	0
 397 0085 00       		.byte	0
 398 0086 0A       		.uleb128 0xa
 399 0087 898201   		.uleb128 0x4109
 400 008a 00       		.byte	0
 401 008b 11       		.uleb128 0x11
 402 008c 01       		.uleb128 0x1
 403 008d 31       		.uleb128 0x31
 404 008e 13       		.uleb128 0x13
 405 008f 00       		.byte	0
 406 0090 00       		.byte	0
 407 0091 0B       		.uleb128 0xb
 408 0092 2E       		.uleb128 0x2e
 409 0093 00       		.byte	0
 410 0094 3F       		.uleb128 0x3f
 411 0095 19       		.uleb128 0x19
 412 0096 3C       		.uleb128 0x3c
 413 0097 19       		.uleb128 0x19
 414 0098 6E       		.uleb128 0x6e
 415 0099 0E       		.uleb128 0xe
 416 009a 03       		.uleb128 0x3
 417 009b 0E       		.uleb128 0xe
 418 009c 3A       		.uleb128 0x3a
 419 009d 0B       		.uleb128 0xb
 420 009e 3B       		.uleb128 0x3b
 421 009f 0B       		.uleb128 0xb
 422 00a0 00       		.byte	0
ARM GAS  C:\Users\ASUS\AppData\Local\Temp\ccHfhnuv.s 			page 13


 423 00a1 00       		.byte	0
 424 00a2 00       		.byte	0
 425              		.section	.debug_aranges,"",%progbits
 426 0000 24000000 		.4byte	0x24
 427 0004 0200     		.2byte	0x2
 428 0006 00000000 		.4byte	.Ldebug_info0
 429 000a 04       		.byte	0x4
 430 000b 00       		.byte	0
 431 000c 0000     		.2byte	0
 432 000e 0000     		.2byte	0
 433 0010 00000000 		.4byte	.LFB4
 434 0014 48000000 		.4byte	.LFE4-.LFB4
 435 0018 48000000 		.4byte	.LFB6
 436 001c 44000000 		.4byte	.LFE6-.LFB6
 437 0020 00000000 		.4byte	0
 438 0024 00000000 		.4byte	0
 439              		.section	.debug_ranges,"",%progbits
 440              	.Ldebug_ranges0:
 441 0000 00000000 		.4byte	.LFB4
 442 0004 48000000 		.4byte	.LFE4
 443 0008 48000000 		.4byte	.LFB6
 444 000c 8C000000 		.4byte	.LFE6
 445 0010 00000000 		.4byte	0
 446 0014 00000000 		.4byte	0
 447              		.section	.debug_line,"",%progbits
 448              	.Ldebug_line0:
 449 0000 7D000000 		.section	.debug_str,"MS",%progbits,1
 449      02005400 
 449      00000201 
 449      FB0E0D00 
 449      01010101 
 450              	.LASF1:
 451 0000 6C6F6E67 		.ascii	"long long int\000"
 451      206C6F6E 
 451      6720696E 
 451      7400
 452              	.LASF14:
 453 000e 75696E74 		.ascii	"uint32\000"
 453      333200
 454              	.LASF17:
 455 0015 47656E65 		.ascii	"Generated_Source\\PSoC4\\cyfitter_cfg.c\000"
 455      72617465 
 455      645F536F 
 455      75726365 
 455      5C50536F 
 456              	.LASF0:
 457 003b 756E7369 		.ascii	"unsigned int\000"
 457      676E6564 
 457      20696E74 
 457      00
 458              	.LASF18:
 459 0048 433A5C55 		.ascii	"C:\\Users\\ASUS\\Documents\\PROYECTO FINAL\\22_04_2"
 459      73657273 
 459      5C415355 
 459      535C446F 
 459      63756D65 
 460 0076 355C5057 		.ascii	"5\\PWM\\Design01.cydsn\000"
ARM GAS  C:\Users\ASUS\AppData\Local\Temp\ccHfhnuv.s 			page 14


 460      4D5C4465 
 460      7369676E 
 460      30312E63 
 460      7964736E 
 461              	.LASF8:
 462 008b 6C6F6E67 		.ascii	"long unsigned int\000"
 462      20756E73 
 462      69676E65 
 462      6420696E 
 462      7400
 463              	.LASF20:
 464 009d 63796669 		.ascii	"cyfitter_cfg\000"
 464      74746572 
 464      5F636667 
 464      00
 465              	.LASF9:
 466 00aa 6C6F6E67 		.ascii	"long long unsigned int\000"
 466      206C6F6E 
 466      6720756E 
 466      7369676E 
 466      65642069 
 467              	.LASF12:
 468 00c1 666C6F61 		.ascii	"float\000"
 468      7400
 469              	.LASF21:
 470 00c7 43795379 		.ascii	"CySysClkWriteImoFreq\000"
 470      73436C6B 
 470      57726974 
 470      65496D6F 
 470      46726571 
 471              	.LASF4:
 472 00dc 756E7369 		.ascii	"unsigned char\000"
 472      676E6564 
 472      20636861 
 472      7200
 473              	.LASF11:
 474 00ea 63686172 		.ascii	"char\000"
 474      00
 475              	.LASF7:
 476 00ef 6C6F6E67 		.ascii	"long int\000"
 476      20696E74 
 476      00
 477              	.LASF19:
 478 00f8 436C6F63 		.ascii	"ClockSetup\000"
 478      6B536574 
 478      757000
 479              	.LASF13:
 480 0103 646F7562 		.ascii	"double\000"
 480      6C6500
 481              	.LASF15:
 482 010a 72656733 		.ascii	"reg32\000"
 482      3200
 483              	.LASF6:
 484 0110 73686F72 		.ascii	"short unsigned int\000"
 484      7420756E 
 484      7369676E 
 484      65642069 
ARM GAS  C:\Users\ASUS\AppData\Local\Temp\ccHfhnuv.s 			page 15


 484      6E7400
 485              	.LASF3:
 486 0123 7369676E 		.ascii	"signed char\000"
 486      65642063 
 486      68617200 
 487              	.LASF2:
 488 012f 6C6F6E67 		.ascii	"long double\000"
 488      20646F75 
 488      626C6500 
 489              	.LASF5:
 490 013b 73686F72 		.ascii	"short int\000"
 490      7420696E 
 490      7400
 491              	.LASF16:
 492 0145 474E5520 		.ascii	"GNU C11 5.4.1 20160609 (release) [ARM/embedded-5-br"
 492      43313120 
 492      352E342E 
 492      31203230 
 492      31363036 
 493 0178 616E6368 		.ascii	"anch revision 237715] -mcpu=cortex-m0plus -mthumb -"
 493      20726576 
 493      6973696F 
 493      6E203233 
 493      37373135 
 494 01ab 67202D4F 		.ascii	"g -Og -ffunction-sections -ffat-lto-objects\000"
 494      67202D66 
 494      66756E63 
 494      74696F6E 
 494      2D736563 
 495              	.LASF10:
 496 01d7 73697A65 		.ascii	"sizetype\000"
 496      74797065 
 496      00
 497              		.ident	"GCC: (GNU Tools for ARM Embedded Processors) 5.4.1 20160609 (release) [ARM/embedded-5-bran
