ARM GAS  C:\Users\ASUS\AppData\Local\Temp\ccY8xapf.s 			page 1


   1              		.syntax unified
   2              		.cpu cortex-m0plus
   3              		.fpu softvfp
   4              		.eabi_attribute 20, 1
   5              		.eabi_attribute 21, 1
   6              		.eabi_attribute 23, 3
   7              		.eabi_attribute 24, 1
   8              		.eabi_attribute 25, 1
   9              		.eabi_attribute 26, 1
  10              		.eabi_attribute 30, 1
  11              		.eabi_attribute 34, 0
  12              		.eabi_attribute 18, 4
  13              		.thumb
  14              		.syntax unified
  15              		.file	"main.c"
  16              		.text
  17              	.Ltext0:
  18              		.cfi_sections	.debug_frame
  19              		.section	.text.main,"ax",%progbits
  20              		.align	2
  21              		.global	main
  22              		.code	16
  23              		.thumb_func
  24              		.type	main, %function
  25              	main:
  26              	.LFB33:
  27              		.file 1 "main.c"
   1:main.c        **** /* ========================================
   2:main.c        ****  *
   3:main.c        ****  * Copyright YOUR COMPANY, THE YEAR
   4:main.c        ****  * All Rights Reserved
   5:main.c        ****  * UNPUBLISHED, LICENSED SOFTWARE.
   6:main.c        ****  *
   7:main.c        ****  * CONFIDENTIAL AND PROPRIETARY INFORMATION
   8:main.c        ****  * WHICH IS THE PROPERTY OF your company.
   9:main.c        ****  *
  10:main.c        ****  * ========================================
  11:main.c        **** */
  12:main.c        **** #include "project.h"
  13:main.c        **** 
  14:main.c        **** int main(void)
  15:main.c        **** {
  28              		.loc 1 15 0
  29              		.cfi_startproc
  30              		@ Volatile: function does not return.
  31              		@ args = 0, pretend = 0, frame = 0
  32              		@ frame_needed = 0, uses_anonymous_args = 0
  33 0000 10B5     		push	{r4, lr}
  34              		.cfi_def_cfa_offset 8
  35              		.cfi_offset 4, -8
  36              		.cfi_offset 14, -4
  16:main.c        ****     CyGlobalIntEnable; /* Enable global interrupts. */
  37              		.loc 1 16 0
  38              		.syntax divided
  39              	@ 16 "main.c" 1
  40 0002 62B6     		CPSIE   i
  41              	@ 0 "" 2
ARM GAS  C:\Users\ASUS\AppData\Local\Temp\ccY8xapf.s 			page 2


  17:main.c        **** 
  18:main.c        ****     /* Place your initialization/startup code here (e.g. MyInst_Start()) */
  19:main.c        **** 
  20:main.c        ****     PWM_Start();
  42              		.loc 1 20 0
  43              		.thumb
  44              		.syntax unified
  45 0004 FFF7FEFF 		bl	PWM_Start
  46              	.LVL0:
  47              	.L2:
  21:main.c        ****     
  22:main.c        ****     for(;;)
  23:main.c        ****     {
  24:main.c        ****        PWM_WriteCompare(10000);
  48              		.loc 1 24 0 discriminator 1
  49 0008 1448     		ldr	r0, .L3
  50 000a FFF7FEFF 		bl	PWM_WriteCompare
  51              	.LVL1:
  25:main.c        ****        CyDelay(1000);
  52              		.loc 1 25 0 discriminator 1
  53 000e FA24     		movs	r4, #250
  54 0010 A400     		lsls	r4, r4, #2
  55 0012 2000     		movs	r0, r4
  56 0014 FFF7FEFF 		bl	CyDelay
  57              	.LVL2:
  26:main.c        ****     
  27:main.c        ****      PWM_WriteCompare(8000);
  58              		.loc 1 27 0 discriminator 1
  59 0018 FA20     		movs	r0, #250
  60 001a 4001     		lsls	r0, r0, #5
  61 001c FFF7FEFF 		bl	PWM_WriteCompare
  62              	.LVL3:
  28:main.c        ****        CyDelay(1000);
  63              		.loc 1 28 0 discriminator 1
  64 0020 2000     		movs	r0, r4
  65 0022 FFF7FEFF 		bl	CyDelay
  66              	.LVL4:
  29:main.c        ****     
  30:main.c        ****      PWM_WriteCompare(6000);
  67              		.loc 1 30 0 discriminator 1
  68 0026 0E48     		ldr	r0, .L3+4
  69 0028 FFF7FEFF 		bl	PWM_WriteCompare
  70              	.LVL5:
  31:main.c        ****        CyDelay(1000);
  71              		.loc 1 31 0 discriminator 1
  72 002c 2000     		movs	r0, r4
  73 002e FFF7FEFF 		bl	CyDelay
  74              	.LVL6:
  32:main.c        ****     
  33:main.c        ****      PWM_WriteCompare(4000);
  75              		.loc 1 33 0 discriminator 1
  76 0032 FA20     		movs	r0, #250
  77 0034 0001     		lsls	r0, r0, #4
  78 0036 FFF7FEFF 		bl	PWM_WriteCompare
  79              	.LVL7:
  34:main.c        ****        CyDelay(1000);
  80              		.loc 1 34 0 discriminator 1
ARM GAS  C:\Users\ASUS\AppData\Local\Temp\ccY8xapf.s 			page 3


  81 003a 2000     		movs	r0, r4
  82 003c FFF7FEFF 		bl	CyDelay
  83              	.LVL8:
  35:main.c        ****     
  36:main.c        ****      PWM_WriteCompare(2000);
  84              		.loc 1 36 0 discriminator 1
  85 0040 FA20     		movs	r0, #250
  86 0042 C000     		lsls	r0, r0, #3
  87 0044 FFF7FEFF 		bl	PWM_WriteCompare
  88              	.LVL9:
  37:main.c        ****        CyDelay(1000);
  89              		.loc 1 37 0 discriminator 1
  90 0048 2000     		movs	r0, r4
  91 004a FFF7FEFF 		bl	CyDelay
  92              	.LVL10:
  38:main.c        ****    
  39:main.c        ****   
  40:main.c        ****        PWM_WriteCompare(0);
  93              		.loc 1 40 0 discriminator 1
  94 004e 0020     		movs	r0, #0
  95 0050 FFF7FEFF 		bl	PWM_WriteCompare
  96              	.LVL11:
  41:main.c        ****        CyDelay(1000);
  97              		.loc 1 41 0 discriminator 1
  98 0054 2000     		movs	r0, r4
  99 0056 FFF7FEFF 		bl	CyDelay
 100              	.LVL12:
 101 005a D5E7     		b	.L2
 102              	.L4:
 103              		.align	2
 104              	.L3:
 105 005c 10270000 		.word	10000
 106 0060 70170000 		.word	6000
 107              		.cfi_endproc
 108              	.LFE33:
 109              		.size	main, .-main
 110              		.text
 111              	.Letext0:
 112              		.file 2 "Generated_Source\\PSoC4/PWM.h"
 113              		.file 3 "Generated_Source\\PSoC4/CyLib.h"
 114              		.section	.debug_info,"",%progbits
 115              	.Ldebug_info0:
 116 0000 C1010000 		.4byte	0x1c1
 117 0004 0400     		.2byte	0x4
 118 0006 00000000 		.4byte	.Ldebug_abbrev0
 119 000a 04       		.byte	0x4
 120 000b 01       		.uleb128 0x1
 121 000c 03010000 		.4byte	.LASF17
 122 0010 0C       		.byte	0xc
 123 0011 1B000000 		.4byte	.LASF18
 124 0015 2F000000 		.4byte	.LASF19
 125 0019 00000000 		.4byte	.Ldebug_ranges0+0
 126 001d 00000000 		.4byte	0
 127 0021 00000000 		.4byte	.Ldebug_line0
 128 0025 02       		.uleb128 0x2
 129 0026 01       		.byte	0x1
 130 0027 06       		.byte	0x6
ARM GAS  C:\Users\ASUS\AppData\Local\Temp\ccY8xapf.s 			page 4


 131 0028 E1000000 		.4byte	.LASF0
 132 002c 02       		.uleb128 0x2
 133 002d 01       		.byte	0x1
 134 002e 08       		.byte	0x8
 135 002f AB000000 		.4byte	.LASF1
 136 0033 02       		.uleb128 0x2
 137 0034 02       		.byte	0x2
 138 0035 05       		.byte	0x5
 139 0036 F9000000 		.4byte	.LASF2
 140 003a 02       		.uleb128 0x2
 141 003b 02       		.byte	0x2
 142 003c 07       		.byte	0x7
 143 003d CE000000 		.4byte	.LASF3
 144 0041 02       		.uleb128 0x2
 145 0042 04       		.byte	0x4
 146 0043 05       		.byte	0x5
 147 0044 BE000000 		.4byte	.LASF4
 148 0048 02       		.uleb128 0x2
 149 0049 04       		.byte	0x4
 150 004a 07       		.byte	0x7
 151 004b 72000000 		.4byte	.LASF5
 152 004f 02       		.uleb128 0x2
 153 0050 08       		.byte	0x8
 154 0051 05       		.byte	0x5
 155 0052 00000000 		.4byte	.LASF6
 156 0056 02       		.uleb128 0x2
 157 0057 08       		.byte	0x8
 158 0058 07       		.byte	0x7
 159 0059 84000000 		.4byte	.LASF7
 160 005d 03       		.uleb128 0x3
 161 005e 04       		.byte	0x4
 162 005f 05       		.byte	0x5
 163 0060 696E7400 		.ascii	"int\000"
 164 0064 02       		.uleb128 0x2
 165 0065 04       		.byte	0x4
 166 0066 07       		.byte	0x7
 167 0067 0E000000 		.4byte	.LASF8
 168 006b 02       		.uleb128 0x2
 169 006c 04       		.byte	0x4
 170 006d 04       		.byte	0x4
 171 006e 9B000000 		.4byte	.LASF9
 172 0072 02       		.uleb128 0x2
 173 0073 08       		.byte	0x8
 174 0074 04       		.byte	0x4
 175 0075 C7000000 		.4byte	.LASF10
 176 0079 02       		.uleb128 0x2
 177 007a 01       		.byte	0x1
 178 007b 08       		.byte	0x8
 179 007c B9000000 		.4byte	.LASF11
 180 0080 02       		.uleb128 0x2
 181 0081 08       		.byte	0x8
 182 0082 04       		.byte	0x4
 183 0083 ED000000 		.4byte	.LASF12
 184 0087 02       		.uleb128 0x2
 185 0088 04       		.byte	0x4
 186 0089 07       		.byte	0x7
 187 008a A6010000 		.4byte	.LASF13
ARM GAS  C:\Users\ASUS\AppData\Local\Temp\ccY8xapf.s 			page 5


 188 008e 04       		.uleb128 0x4
 189 008f 22000000 		.4byte	.LASF20
 190 0093 01       		.byte	0x1
 191 0094 0E       		.byte	0xe
 192 0095 5D000000 		.4byte	0x5d
 193 0099 00000000 		.4byte	.LFB33
 194 009d 64000000 		.4byte	.LFE33-.LFB33
 195 00a1 01       		.uleb128 0x1
 196 00a2 9C       		.byte	0x9c
 197 00a3 A1010000 		.4byte	0x1a1
 198 00a7 05       		.uleb128 0x5
 199 00a8 08000000 		.4byte	.LVL0
 200 00ac A1010000 		.4byte	0x1a1
 201 00b0 06       		.uleb128 0x6
 202 00b1 0E000000 		.4byte	.LVL1
 203 00b5 AD010000 		.4byte	0x1ad
 204 00b9 C5000000 		.4byte	0xc5
 205 00bd 07       		.uleb128 0x7
 206 00be 01       		.uleb128 0x1
 207 00bf 50       		.byte	0x50
 208 00c0 03       		.uleb128 0x3
 209 00c1 0A       		.byte	0xa
 210 00c2 1027     		.2byte	0x2710
 211 00c4 00       		.byte	0
 212 00c5 06       		.uleb128 0x6
 213 00c6 18000000 		.4byte	.LVL2
 214 00ca B9010000 		.4byte	0x1b9
 215 00ce D9000000 		.4byte	0xd9
 216 00d2 07       		.uleb128 0x7
 217 00d3 01       		.uleb128 0x1
 218 00d4 50       		.byte	0x50
 219 00d5 02       		.uleb128 0x2
 220 00d6 74       		.byte	0x74
 221 00d7 00       		.sleb128 0
 222 00d8 00       		.byte	0
 223 00d9 06       		.uleb128 0x6
 224 00da 20000000 		.4byte	.LVL3
 225 00de AD010000 		.4byte	0x1ad
 226 00e2 EE000000 		.4byte	0xee
 227 00e6 07       		.uleb128 0x7
 228 00e7 01       		.uleb128 0x1
 229 00e8 50       		.byte	0x50
 230 00e9 03       		.uleb128 0x3
 231 00ea 0A       		.byte	0xa
 232 00eb 401F     		.2byte	0x1f40
 233 00ed 00       		.byte	0
 234 00ee 06       		.uleb128 0x6
 235 00ef 26000000 		.4byte	.LVL4
 236 00f3 B9010000 		.4byte	0x1b9
 237 00f7 02010000 		.4byte	0x102
 238 00fb 07       		.uleb128 0x7
 239 00fc 01       		.uleb128 0x1
 240 00fd 50       		.byte	0x50
 241 00fe 02       		.uleb128 0x2
 242 00ff 74       		.byte	0x74
 243 0100 00       		.sleb128 0
 244 0101 00       		.byte	0
ARM GAS  C:\Users\ASUS\AppData\Local\Temp\ccY8xapf.s 			page 6


 245 0102 06       		.uleb128 0x6
 246 0103 2C000000 		.4byte	.LVL5
 247 0107 AD010000 		.4byte	0x1ad
 248 010b 17010000 		.4byte	0x117
 249 010f 07       		.uleb128 0x7
 250 0110 01       		.uleb128 0x1
 251 0111 50       		.byte	0x50
 252 0112 03       		.uleb128 0x3
 253 0113 0A       		.byte	0xa
 254 0114 7017     		.2byte	0x1770
 255 0116 00       		.byte	0
 256 0117 06       		.uleb128 0x6
 257 0118 32000000 		.4byte	.LVL6
 258 011c B9010000 		.4byte	0x1b9
 259 0120 2B010000 		.4byte	0x12b
 260 0124 07       		.uleb128 0x7
 261 0125 01       		.uleb128 0x1
 262 0126 50       		.byte	0x50
 263 0127 02       		.uleb128 0x2
 264 0128 74       		.byte	0x74
 265 0129 00       		.sleb128 0
 266 012a 00       		.byte	0
 267 012b 06       		.uleb128 0x6
 268 012c 3A000000 		.4byte	.LVL7
 269 0130 AD010000 		.4byte	0x1ad
 270 0134 40010000 		.4byte	0x140
 271 0138 07       		.uleb128 0x7
 272 0139 01       		.uleb128 0x1
 273 013a 50       		.byte	0x50
 274 013b 03       		.uleb128 0x3
 275 013c 0A       		.byte	0xa
 276 013d A00F     		.2byte	0xfa0
 277 013f 00       		.byte	0
 278 0140 06       		.uleb128 0x6
 279 0141 40000000 		.4byte	.LVL8
 280 0145 B9010000 		.4byte	0x1b9
 281 0149 54010000 		.4byte	0x154
 282 014d 07       		.uleb128 0x7
 283 014e 01       		.uleb128 0x1
 284 014f 50       		.byte	0x50
 285 0150 02       		.uleb128 0x2
 286 0151 74       		.byte	0x74
 287 0152 00       		.sleb128 0
 288 0153 00       		.byte	0
 289 0154 06       		.uleb128 0x6
 290 0155 48000000 		.4byte	.LVL9
 291 0159 AD010000 		.4byte	0x1ad
 292 015d 69010000 		.4byte	0x169
 293 0161 07       		.uleb128 0x7
 294 0162 01       		.uleb128 0x1
 295 0163 50       		.byte	0x50
 296 0164 03       		.uleb128 0x3
 297 0165 0A       		.byte	0xa
 298 0166 D007     		.2byte	0x7d0
 299 0168 00       		.byte	0
 300 0169 06       		.uleb128 0x6
 301 016a 4E000000 		.4byte	.LVL10
ARM GAS  C:\Users\ASUS\AppData\Local\Temp\ccY8xapf.s 			page 7


 302 016e B9010000 		.4byte	0x1b9
 303 0172 7D010000 		.4byte	0x17d
 304 0176 07       		.uleb128 0x7
 305 0177 01       		.uleb128 0x1
 306 0178 50       		.byte	0x50
 307 0179 02       		.uleb128 0x2
 308 017a 74       		.byte	0x74
 309 017b 00       		.sleb128 0
 310 017c 00       		.byte	0
 311 017d 06       		.uleb128 0x6
 312 017e 54000000 		.4byte	.LVL11
 313 0182 AD010000 		.4byte	0x1ad
 314 0186 90010000 		.4byte	0x190
 315 018a 07       		.uleb128 0x7
 316 018b 01       		.uleb128 0x1
 317 018c 50       		.byte	0x50
 318 018d 01       		.uleb128 0x1
 319 018e 30       		.byte	0x30
 320 018f 00       		.byte	0
 321 0190 08       		.uleb128 0x8
 322 0191 5A000000 		.4byte	.LVL12
 323 0195 B9010000 		.4byte	0x1b9
 324 0199 07       		.uleb128 0x7
 325 019a 01       		.uleb128 0x1
 326 019b 50       		.byte	0x50
 327 019c 02       		.uleb128 0x2
 328 019d 74       		.byte	0x74
 329 019e 00       		.sleb128 0
 330 019f 00       		.byte	0
 331 01a0 00       		.byte	0
 332 01a1 09       		.uleb128 0x9
 333 01a2 A1000000 		.4byte	.LASF14
 334 01a6 A1000000 		.4byte	.LASF14
 335 01aa 02       		.byte	0x2
 336 01ab 3201     		.2byte	0x132
 337 01ad 09       		.uleb128 0x9
 338 01ae 95010000 		.4byte	.LASF15
 339 01b2 95010000 		.4byte	.LASF15
 340 01b6 02       		.byte	0x2
 341 01b7 5501     		.2byte	0x155
 342 01b9 0A       		.uleb128 0xa
 343 01ba 27000000 		.4byte	.LASF16
 344 01be 27000000 		.4byte	.LASF16
 345 01c2 03       		.byte	0x3
 346 01c3 EC       		.byte	0xec
 347 01c4 00       		.byte	0
 348              		.section	.debug_abbrev,"",%progbits
 349              	.Ldebug_abbrev0:
 350 0000 01       		.uleb128 0x1
 351 0001 11       		.uleb128 0x11
 352 0002 01       		.byte	0x1
 353 0003 25       		.uleb128 0x25
 354 0004 0E       		.uleb128 0xe
 355 0005 13       		.uleb128 0x13
 356 0006 0B       		.uleb128 0xb
 357 0007 03       		.uleb128 0x3
 358 0008 0E       		.uleb128 0xe
ARM GAS  C:\Users\ASUS\AppData\Local\Temp\ccY8xapf.s 			page 8


 359 0009 1B       		.uleb128 0x1b
 360 000a 0E       		.uleb128 0xe
 361 000b 55       		.uleb128 0x55
 362 000c 17       		.uleb128 0x17
 363 000d 11       		.uleb128 0x11
 364 000e 01       		.uleb128 0x1
 365 000f 10       		.uleb128 0x10
 366 0010 17       		.uleb128 0x17
 367 0011 00       		.byte	0
 368 0012 00       		.byte	0
 369 0013 02       		.uleb128 0x2
 370 0014 24       		.uleb128 0x24
 371 0015 00       		.byte	0
 372 0016 0B       		.uleb128 0xb
 373 0017 0B       		.uleb128 0xb
 374 0018 3E       		.uleb128 0x3e
 375 0019 0B       		.uleb128 0xb
 376 001a 03       		.uleb128 0x3
 377 001b 0E       		.uleb128 0xe
 378 001c 00       		.byte	0
 379 001d 00       		.byte	0
 380 001e 03       		.uleb128 0x3
 381 001f 24       		.uleb128 0x24
 382 0020 00       		.byte	0
 383 0021 0B       		.uleb128 0xb
 384 0022 0B       		.uleb128 0xb
 385 0023 3E       		.uleb128 0x3e
 386 0024 0B       		.uleb128 0xb
 387 0025 03       		.uleb128 0x3
 388 0026 08       		.uleb128 0x8
 389 0027 00       		.byte	0
 390 0028 00       		.byte	0
 391 0029 04       		.uleb128 0x4
 392 002a 2E       		.uleb128 0x2e
 393 002b 01       		.byte	0x1
 394 002c 3F       		.uleb128 0x3f
 395 002d 19       		.uleb128 0x19
 396 002e 03       		.uleb128 0x3
 397 002f 0E       		.uleb128 0xe
 398 0030 3A       		.uleb128 0x3a
 399 0031 0B       		.uleb128 0xb
 400 0032 3B       		.uleb128 0x3b
 401 0033 0B       		.uleb128 0xb
 402 0034 27       		.uleb128 0x27
 403 0035 19       		.uleb128 0x19
 404 0036 49       		.uleb128 0x49
 405 0037 13       		.uleb128 0x13
 406 0038 8701     		.uleb128 0x87
 407 003a 19       		.uleb128 0x19
 408 003b 11       		.uleb128 0x11
 409 003c 01       		.uleb128 0x1
 410 003d 12       		.uleb128 0x12
 411 003e 06       		.uleb128 0x6
 412 003f 40       		.uleb128 0x40
 413 0040 18       		.uleb128 0x18
 414 0041 9742     		.uleb128 0x2117
 415 0043 19       		.uleb128 0x19
ARM GAS  C:\Users\ASUS\AppData\Local\Temp\ccY8xapf.s 			page 9


 416 0044 01       		.uleb128 0x1
 417 0045 13       		.uleb128 0x13
 418 0046 00       		.byte	0
 419 0047 00       		.byte	0
 420 0048 05       		.uleb128 0x5
 421 0049 898201   		.uleb128 0x4109
 422 004c 00       		.byte	0
 423 004d 11       		.uleb128 0x11
 424 004e 01       		.uleb128 0x1
 425 004f 31       		.uleb128 0x31
 426 0050 13       		.uleb128 0x13
 427 0051 00       		.byte	0
 428 0052 00       		.byte	0
 429 0053 06       		.uleb128 0x6
 430 0054 898201   		.uleb128 0x4109
 431 0057 01       		.byte	0x1
 432 0058 11       		.uleb128 0x11
 433 0059 01       		.uleb128 0x1
 434 005a 31       		.uleb128 0x31
 435 005b 13       		.uleb128 0x13
 436 005c 01       		.uleb128 0x1
 437 005d 13       		.uleb128 0x13
 438 005e 00       		.byte	0
 439 005f 00       		.byte	0
 440 0060 07       		.uleb128 0x7
 441 0061 8A8201   		.uleb128 0x410a
 442 0064 00       		.byte	0
 443 0065 02       		.uleb128 0x2
 444 0066 18       		.uleb128 0x18
 445 0067 9142     		.uleb128 0x2111
 446 0069 18       		.uleb128 0x18
 447 006a 00       		.byte	0
 448 006b 00       		.byte	0
 449 006c 08       		.uleb128 0x8
 450 006d 898201   		.uleb128 0x4109
 451 0070 01       		.byte	0x1
 452 0071 11       		.uleb128 0x11
 453 0072 01       		.uleb128 0x1
 454 0073 31       		.uleb128 0x31
 455 0074 13       		.uleb128 0x13
 456 0075 00       		.byte	0
 457 0076 00       		.byte	0
 458 0077 09       		.uleb128 0x9
 459 0078 2E       		.uleb128 0x2e
 460 0079 00       		.byte	0
 461 007a 3F       		.uleb128 0x3f
 462 007b 19       		.uleb128 0x19
 463 007c 3C       		.uleb128 0x3c
 464 007d 19       		.uleb128 0x19
 465 007e 6E       		.uleb128 0x6e
 466 007f 0E       		.uleb128 0xe
 467 0080 03       		.uleb128 0x3
 468 0081 0E       		.uleb128 0xe
 469 0082 3A       		.uleb128 0x3a
 470 0083 0B       		.uleb128 0xb
 471 0084 3B       		.uleb128 0x3b
 472 0085 05       		.uleb128 0x5
ARM GAS  C:\Users\ASUS\AppData\Local\Temp\ccY8xapf.s 			page 10


 473 0086 00       		.byte	0
 474 0087 00       		.byte	0
 475 0088 0A       		.uleb128 0xa
 476 0089 2E       		.uleb128 0x2e
 477 008a 00       		.byte	0
 478 008b 3F       		.uleb128 0x3f
 479 008c 19       		.uleb128 0x19
 480 008d 3C       		.uleb128 0x3c
 481 008e 19       		.uleb128 0x19
 482 008f 6E       		.uleb128 0x6e
 483 0090 0E       		.uleb128 0xe
 484 0091 03       		.uleb128 0x3
 485 0092 0E       		.uleb128 0xe
 486 0093 3A       		.uleb128 0x3a
 487 0094 0B       		.uleb128 0xb
 488 0095 3B       		.uleb128 0x3b
 489 0096 0B       		.uleb128 0xb
 490 0097 00       		.byte	0
 491 0098 00       		.byte	0
 492 0099 00       		.byte	0
 493              		.section	.debug_aranges,"",%progbits
 494 0000 1C000000 		.4byte	0x1c
 495 0004 0200     		.2byte	0x2
 496 0006 00000000 		.4byte	.Ldebug_info0
 497 000a 04       		.byte	0x4
 498 000b 00       		.byte	0
 499 000c 0000     		.2byte	0
 500 000e 0000     		.2byte	0
 501 0010 00000000 		.4byte	.LFB33
 502 0014 64000000 		.4byte	.LFE33-.LFB33
 503 0018 00000000 		.4byte	0
 504 001c 00000000 		.4byte	0
 505              		.section	.debug_ranges,"",%progbits
 506              	.Ldebug_ranges0:
 507 0000 00000000 		.4byte	.LFB33
 508 0004 64000000 		.4byte	.LFE33
 509 0008 00000000 		.4byte	0
 510 000c 00000000 		.4byte	0
 511              		.section	.debug_line,"",%progbits
 512              	.Ldebug_line0:
 513 0000 9B000000 		.section	.debug_str,"MS",%progbits,1
 513      02004800 
 513      00000201 
 513      FB0E0D00 
 513      01010101 
 514              	.LASF6:
 515 0000 6C6F6E67 		.ascii	"long long int\000"
 515      206C6F6E 
 515      6720696E 
 515      7400
 516              	.LASF8:
 517 000e 756E7369 		.ascii	"unsigned int\000"
 517      676E6564 
 517      20696E74 
 517      00
 518              	.LASF18:
 519 001b 6D61696E 		.ascii	"main.c\000"
ARM GAS  C:\Users\ASUS\AppData\Local\Temp\ccY8xapf.s 			page 11


 519      2E6300
 520              	.LASF20:
 521 0022 6D61696E 		.ascii	"main\000"
 521      00
 522              	.LASF16:
 523 0027 43794465 		.ascii	"CyDelay\000"
 523      6C617900 
 524              	.LASF19:
 525 002f 433A5C55 		.ascii	"C:\\Users\\ASUS\\Documents\\PROYECTO FINAL\\22_04_2"
 525      73657273 
 525      5C415355 
 525      535C446F 
 525      63756D65 
 526 005d 355C5057 		.ascii	"5\\PWM\\Design01.cydsn\000"
 526      4D5C4465 
 526      7369676E 
 526      30312E63 
 526      7964736E 
 527              	.LASF5:
 528 0072 6C6F6E67 		.ascii	"long unsigned int\000"
 528      20756E73 
 528      69676E65 
 528      6420696E 
 528      7400
 529              	.LASF7:
 530 0084 6C6F6E67 		.ascii	"long long unsigned int\000"
 530      206C6F6E 
 530      6720756E 
 530      7369676E 
 530      65642069 
 531              	.LASF9:
 532 009b 666C6F61 		.ascii	"float\000"
 532      7400
 533              	.LASF14:
 534 00a1 50574D5F 		.ascii	"PWM_Start\000"
 534      53746172 
 534      7400
 535              	.LASF1:
 536 00ab 756E7369 		.ascii	"unsigned char\000"
 536      676E6564 
 536      20636861 
 536      7200
 537              	.LASF11:
 538 00b9 63686172 		.ascii	"char\000"
 538      00
 539              	.LASF4:
 540 00be 6C6F6E67 		.ascii	"long int\000"
 540      20696E74 
 540      00
 541              	.LASF10:
 542 00c7 646F7562 		.ascii	"double\000"
 542      6C6500
 543              	.LASF3:
 544 00ce 73686F72 		.ascii	"short unsigned int\000"
 544      7420756E 
 544      7369676E 
 544      65642069 
ARM GAS  C:\Users\ASUS\AppData\Local\Temp\ccY8xapf.s 			page 12


 544      6E7400
 545              	.LASF0:
 546 00e1 7369676E 		.ascii	"signed char\000"
 546      65642063 
 546      68617200 
 547              	.LASF12:
 548 00ed 6C6F6E67 		.ascii	"long double\000"
 548      20646F75 
 548      626C6500 
 549              	.LASF2:
 550 00f9 73686F72 		.ascii	"short int\000"
 550      7420696E 
 550      7400
 551              	.LASF17:
 552 0103 474E5520 		.ascii	"GNU C11 5.4.1 20160609 (release) [ARM/embedded-5-br"
 552      43313120 
 552      352E342E 
 552      31203230 
 552      31363036 
 553 0136 616E6368 		.ascii	"anch revision 237715] -mcpu=cortex-m0plus -mthumb -"
 553      20726576 
 553      6973696F 
 553      6E203233 
 553      37373135 
 554 0169 67202D4F 		.ascii	"g -Og -ffunction-sections -ffat-lto-objects\000"
 554      67202D66 
 554      66756E63 
 554      74696F6E 
 554      2D736563 
 555              	.LASF15:
 556 0195 50574D5F 		.ascii	"PWM_WriteCompare\000"
 556      57726974 
 556      65436F6D 
 556      70617265 
 556      00
 557              	.LASF13:
 558 01a6 73697A65 		.ascii	"sizetype\000"
 558      74797065 
 558      00
 559              		.ident	"GCC: (GNU Tools for ARM Embedded Processors) 5.4.1 20160609 (release) [ARM/embedded-5-bran
