ARM GAS  C:\Users\ASUS\AppData\Local\Temp\cc9W3MJR.s 			page 1


   1              		.syntax unified
   2              		.cpu cortex-m0plus
   3              		.fpu softvfp
   4              		.eabi_attribute 20, 1
   5              		.eabi_attribute 21, 1
   6              		.eabi_attribute 23, 3
   7              		.eabi_attribute 24, 1
   8              		.eabi_attribute 25, 1
   9              		.eabi_attribute 26, 1
  10              		.eabi_attribute 30, 1
  11              		.eabi_attribute 34, 0
  12              		.eabi_attribute 18, 4
  13              		.thumb
  14              		.syntax unified
  15              		.file	"cyfitter_cfg.c"
  16              		.text
  17              	.Ltext0:
  18              		.cfi_sections	.debug_frame
  19              		.section	.text.AnalogSetDefault,"ax",%progbits
  20              		.align	2
  21              		.code	16
  22              		.thumb_func
  23              		.type	AnalogSetDefault, %function
  24              	AnalogSetDefault:
  25              	.LFB5:
  26              		.file 1 "Generated_Source\\PSoC4\\cyfitter_cfg.c"
   1:Generated_Source\PSoC4/cyfitter_cfg.c **** 
   2:Generated_Source\PSoC4/cyfitter_cfg.c **** /*******************************************************************************
   3:Generated_Source\PSoC4/cyfitter_cfg.c **** * File Name: cyfitter_cfg.c
   4:Generated_Source\PSoC4/cyfitter_cfg.c **** * 
   5:Generated_Source\PSoC4/cyfitter_cfg.c **** * PSoC Creator  4.4
   6:Generated_Source\PSoC4/cyfitter_cfg.c **** *
   7:Generated_Source\PSoC4/cyfitter_cfg.c **** * Description:
   8:Generated_Source\PSoC4/cyfitter_cfg.c **** * This file contains device initialization code.
   9:Generated_Source\PSoC4/cyfitter_cfg.c **** * Except for the user defined sections in CyClockStartupError(), this file should not be modified.
  10:Generated_Source\PSoC4/cyfitter_cfg.c **** * This file is automatically generated by PSoC Creator.
  11:Generated_Source\PSoC4/cyfitter_cfg.c **** *
  12:Generated_Source\PSoC4/cyfitter_cfg.c **** ********************************************************************************
  13:Generated_Source\PSoC4/cyfitter_cfg.c **** * Copyright (c) 2007-2020 Cypress Semiconductor.  All rights reserved.
  14:Generated_Source\PSoC4/cyfitter_cfg.c **** * You may use this file only in accordance with the license, terms, conditions, 
  15:Generated_Source\PSoC4/cyfitter_cfg.c **** * disclaimers, and limitations in the end user license agreement accompanying 
  16:Generated_Source\PSoC4/cyfitter_cfg.c **** * the software package with which this file was provided.
  17:Generated_Source\PSoC4/cyfitter_cfg.c **** ********************************************************************************/
  18:Generated_Source\PSoC4/cyfitter_cfg.c **** 
  19:Generated_Source\PSoC4/cyfitter_cfg.c **** #include <string.h>
  20:Generated_Source\PSoC4/cyfitter_cfg.c **** #include "cytypes.h"
  21:Generated_Source\PSoC4/cyfitter_cfg.c **** #include "cydevice_trm.h"
  22:Generated_Source\PSoC4/cyfitter_cfg.c **** #include "cyfitter.h"
  23:Generated_Source\PSoC4/cyfitter_cfg.c **** #include "CyLib.h"
  24:Generated_Source\PSoC4/cyfitter_cfg.c **** #include "cyfitter_cfg.h"
  25:Generated_Source\PSoC4/cyfitter_cfg.c **** #include "cyapicallbacks.h"
  26:Generated_Source\PSoC4/cyfitter_cfg.c **** 
  27:Generated_Source\PSoC4/cyfitter_cfg.c **** 
  28:Generated_Source\PSoC4/cyfitter_cfg.c **** #if defined(__GNUC__) || defined(__ARMCC_VERSION)
  29:Generated_Source\PSoC4/cyfitter_cfg.c ****     #define CYPACKED 
  30:Generated_Source\PSoC4/cyfitter_cfg.c ****     #define CYPACKED_ATTR __attribute__ ((packed))
  31:Generated_Source\PSoC4/cyfitter_cfg.c ****     #define CYALIGNED __attribute__ ((aligned))
ARM GAS  C:\Users\ASUS\AppData\Local\Temp\cc9W3MJR.s 			page 2


  32:Generated_Source\PSoC4/cyfitter_cfg.c ****     #define CY_CFG_UNUSED __attribute__ ((unused))
  33:Generated_Source\PSoC4/cyfitter_cfg.c ****     #ifndef CY_CFG_SECTION
  34:Generated_Source\PSoC4/cyfitter_cfg.c ****         #define CY_CFG_SECTION __attribute__ ((section(".psocinit")))
  35:Generated_Source\PSoC4/cyfitter_cfg.c ****     #endif
  36:Generated_Source\PSoC4/cyfitter_cfg.c ****     
  37:Generated_Source\PSoC4/cyfitter_cfg.c ****     #if defined(__ARMCC_VERSION)
  38:Generated_Source\PSoC4/cyfitter_cfg.c ****         #define CY_CFG_MEMORY_BARRIER() __memory_changed()
  39:Generated_Source\PSoC4/cyfitter_cfg.c ****     #else
  40:Generated_Source\PSoC4/cyfitter_cfg.c ****         #define CY_CFG_MEMORY_BARRIER() __sync_synchronize()
  41:Generated_Source\PSoC4/cyfitter_cfg.c ****     #endif
  42:Generated_Source\PSoC4/cyfitter_cfg.c ****     
  43:Generated_Source\PSoC4/cyfitter_cfg.c **** #elif defined(__ICCARM__)
  44:Generated_Source\PSoC4/cyfitter_cfg.c ****     #include <intrinsics.h>
  45:Generated_Source\PSoC4/cyfitter_cfg.c **** 
  46:Generated_Source\PSoC4/cyfitter_cfg.c ****     #define CYPACKED __packed
  47:Generated_Source\PSoC4/cyfitter_cfg.c ****     #define CYPACKED_ATTR 
  48:Generated_Source\PSoC4/cyfitter_cfg.c ****     #define CYALIGNED _Pragma("data_alignment=4")
  49:Generated_Source\PSoC4/cyfitter_cfg.c ****     #define CY_CFG_UNUSED _Pragma("diag_suppress=Pe177")
  50:Generated_Source\PSoC4/cyfitter_cfg.c ****     #define CY_CFG_SECTION _Pragma("location=\".psocinit\"")
  51:Generated_Source\PSoC4/cyfitter_cfg.c ****     
  52:Generated_Source\PSoC4/cyfitter_cfg.c ****     #define CY_CFG_MEMORY_BARRIER() __DMB()
  53:Generated_Source\PSoC4/cyfitter_cfg.c ****     
  54:Generated_Source\PSoC4/cyfitter_cfg.c **** #else
  55:Generated_Source\PSoC4/cyfitter_cfg.c ****     #error Unsupported toolchain
  56:Generated_Source\PSoC4/cyfitter_cfg.c **** #endif
  57:Generated_Source\PSoC4/cyfitter_cfg.c **** 
  58:Generated_Source\PSoC4/cyfitter_cfg.c **** #ifndef CYCODE
  59:Generated_Source\PSoC4/cyfitter_cfg.c ****     #define CYCODE
  60:Generated_Source\PSoC4/cyfitter_cfg.c **** #endif
  61:Generated_Source\PSoC4/cyfitter_cfg.c **** #ifndef CYDATA
  62:Generated_Source\PSoC4/cyfitter_cfg.c ****     #define CYDATA
  63:Generated_Source\PSoC4/cyfitter_cfg.c **** #endif
  64:Generated_Source\PSoC4/cyfitter_cfg.c **** #ifndef CYFAR
  65:Generated_Source\PSoC4/cyfitter_cfg.c ****     #define CYFAR
  66:Generated_Source\PSoC4/cyfitter_cfg.c **** #endif
  67:Generated_Source\PSoC4/cyfitter_cfg.c **** #ifndef CYXDATA
  68:Generated_Source\PSoC4/cyfitter_cfg.c ****     #define CYXDATA
  69:Generated_Source\PSoC4/cyfitter_cfg.c **** #endif
  70:Generated_Source\PSoC4/cyfitter_cfg.c **** 
  71:Generated_Source\PSoC4/cyfitter_cfg.c **** 
  72:Generated_Source\PSoC4/cyfitter_cfg.c **** CY_CFG_UNUSED
  73:Generated_Source\PSoC4/cyfitter_cfg.c **** static void CYMEMZERO(void *s, size_t n);
  74:Generated_Source\PSoC4/cyfitter_cfg.c **** CY_CFG_UNUSED
  75:Generated_Source\PSoC4/cyfitter_cfg.c **** static void CYMEMZERO(void *s, size_t n)
  76:Generated_Source\PSoC4/cyfitter_cfg.c **** {
  77:Generated_Source\PSoC4/cyfitter_cfg.c **** 	(void)memset(s, 0, n);
  78:Generated_Source\PSoC4/cyfitter_cfg.c **** }
  79:Generated_Source\PSoC4/cyfitter_cfg.c **** CY_CFG_UNUSED
  80:Generated_Source\PSoC4/cyfitter_cfg.c **** static void CYCONFIGCPY(void *dest, const void *src, size_t n);
  81:Generated_Source\PSoC4/cyfitter_cfg.c **** CY_CFG_UNUSED
  82:Generated_Source\PSoC4/cyfitter_cfg.c **** static void CYCONFIGCPY(void *dest, const void *src, size_t n)
  83:Generated_Source\PSoC4/cyfitter_cfg.c **** {
  84:Generated_Source\PSoC4/cyfitter_cfg.c **** 	(void)memcpy(dest, src, n);
  85:Generated_Source\PSoC4/cyfitter_cfg.c **** }
  86:Generated_Source\PSoC4/cyfitter_cfg.c **** CY_CFG_UNUSED
  87:Generated_Source\PSoC4/cyfitter_cfg.c **** static void CYCONFIGCPYCODE(void *dest, const void *src, size_t n);
  88:Generated_Source\PSoC4/cyfitter_cfg.c **** CY_CFG_UNUSED
ARM GAS  C:\Users\ASUS\AppData\Local\Temp\cc9W3MJR.s 			page 3


  89:Generated_Source\PSoC4/cyfitter_cfg.c **** static void CYCONFIGCPYCODE(void *dest, const void *src, size_t n)
  90:Generated_Source\PSoC4/cyfitter_cfg.c **** {
  91:Generated_Source\PSoC4/cyfitter_cfg.c **** 	(void)memcpy(dest, src, n);
  92:Generated_Source\PSoC4/cyfitter_cfg.c **** }
  93:Generated_Source\PSoC4/cyfitter_cfg.c **** 
  94:Generated_Source\PSoC4/cyfitter_cfg.c **** 
  95:Generated_Source\PSoC4/cyfitter_cfg.c **** 
  96:Generated_Source\PSoC4/cyfitter_cfg.c **** 
  97:Generated_Source\PSoC4/cyfitter_cfg.c **** /* Clock startup error codes                                                   */
  98:Generated_Source\PSoC4/cyfitter_cfg.c **** #define CYCLOCKSTART_NO_ERROR    0u
  99:Generated_Source\PSoC4/cyfitter_cfg.c **** #define CYCLOCKSTART_XTAL_ERROR  1u
 100:Generated_Source\PSoC4/cyfitter_cfg.c **** #define CYCLOCKSTART_32KHZ_ERROR 2u
 101:Generated_Source\PSoC4/cyfitter_cfg.c **** #define CYCLOCKSTART_PLL_ERROR   3u
 102:Generated_Source\PSoC4/cyfitter_cfg.c **** #define CYCLOCKSTART_FLL_ERROR   4u
 103:Generated_Source\PSoC4/cyfitter_cfg.c **** #define CYCLOCKSTART_WCO_ERROR   5u
 104:Generated_Source\PSoC4/cyfitter_cfg.c **** 
 105:Generated_Source\PSoC4/cyfitter_cfg.c **** 
 106:Generated_Source\PSoC4/cyfitter_cfg.c **** #ifdef CY_NEED_CYCLOCKSTARTUPERROR
 107:Generated_Source\PSoC4/cyfitter_cfg.c **** /*******************************************************************************
 108:Generated_Source\PSoC4/cyfitter_cfg.c **** * Function Name: CyClockStartupError
 109:Generated_Source\PSoC4/cyfitter_cfg.c **** ********************************************************************************
 110:Generated_Source\PSoC4/cyfitter_cfg.c **** * Summary:
 111:Generated_Source\PSoC4/cyfitter_cfg.c **** *  If an error is encountered during clock configuration (crystal startup error,
 112:Generated_Source\PSoC4/cyfitter_cfg.c **** *  PLL lock error, etc.), the system will end up here.  Unless reimplemented by
 113:Generated_Source\PSoC4/cyfitter_cfg.c **** *  the customer, this function will stop in an infinite loop.
 114:Generated_Source\PSoC4/cyfitter_cfg.c **** *
 115:Generated_Source\PSoC4/cyfitter_cfg.c **** * Parameters:
 116:Generated_Source\PSoC4/cyfitter_cfg.c **** *   void
 117:Generated_Source\PSoC4/cyfitter_cfg.c **** *
 118:Generated_Source\PSoC4/cyfitter_cfg.c **** * Return:
 119:Generated_Source\PSoC4/cyfitter_cfg.c **** *   void
 120:Generated_Source\PSoC4/cyfitter_cfg.c **** *
 121:Generated_Source\PSoC4/cyfitter_cfg.c **** *******************************************************************************/
 122:Generated_Source\PSoC4/cyfitter_cfg.c **** CY_CFG_UNUSED
 123:Generated_Source\PSoC4/cyfitter_cfg.c **** static void CyClockStartupError(uint8 errorCode);
 124:Generated_Source\PSoC4/cyfitter_cfg.c **** CY_CFG_UNUSED
 125:Generated_Source\PSoC4/cyfitter_cfg.c **** static void CyClockStartupError(uint8 errorCode)
 126:Generated_Source\PSoC4/cyfitter_cfg.c **** {
 127:Generated_Source\PSoC4/cyfitter_cfg.c ****     /* To remove the compiler warning if errorCode not used.                */
 128:Generated_Source\PSoC4/cyfitter_cfg.c ****     errorCode = errorCode;
 129:Generated_Source\PSoC4/cyfitter_cfg.c **** 
 130:Generated_Source\PSoC4/cyfitter_cfg.c ****     /* If we have a clock startup error (bad MHz crystal, PLL lock, etc.),  */
 131:Generated_Source\PSoC4/cyfitter_cfg.c ****     /* we will end up here to allow the customer to implement something to  */
 132:Generated_Source\PSoC4/cyfitter_cfg.c ****     /* deal with the clock condition.                                       */
 133:Generated_Source\PSoC4/cyfitter_cfg.c **** 
 134:Generated_Source\PSoC4/cyfitter_cfg.c **** #ifdef CY_CFG_CLOCK_STARTUP_ERROR_CALLBACK
 135:Generated_Source\PSoC4/cyfitter_cfg.c ****     CY_CFG_Clock_Startup_ErrorCallback();
 136:Generated_Source\PSoC4/cyfitter_cfg.c **** #else
 137:Generated_Source\PSoC4/cyfitter_cfg.c ****     /*  If not using CY_CFG_CLOCK_STARTUP_ERROR_CALLBACK, place your clock startup code here. */
 138:Generated_Source\PSoC4/cyfitter_cfg.c ****     /* `#START CyClockStartupError` */
 139:Generated_Source\PSoC4/cyfitter_cfg.c **** 
 140:Generated_Source\PSoC4/cyfitter_cfg.c **** 
 141:Generated_Source\PSoC4/cyfitter_cfg.c **** 
 142:Generated_Source\PSoC4/cyfitter_cfg.c ****     /* `#END` */
 143:Generated_Source\PSoC4/cyfitter_cfg.c **** 
 144:Generated_Source\PSoC4/cyfitter_cfg.c ****     while(1) {}
 145:Generated_Source\PSoC4/cyfitter_cfg.c **** #endif /* CY_CFG_CLOCK_STARTUP_ERROR_CALLBACK */
ARM GAS  C:\Users\ASUS\AppData\Local\Temp\cc9W3MJR.s 			page 4


 146:Generated_Source\PSoC4/cyfitter_cfg.c **** }
 147:Generated_Source\PSoC4/cyfitter_cfg.c **** #endif
 148:Generated_Source\PSoC4/cyfitter_cfg.c **** 
 149:Generated_Source\PSoC4/cyfitter_cfg.c **** 
 150:Generated_Source\PSoC4/cyfitter_cfg.c **** 
 151:Generated_Source\PSoC4/cyfitter_cfg.c **** /*******************************************************************************
 152:Generated_Source\PSoC4/cyfitter_cfg.c **** * Function Name: ClockSetup
 153:Generated_Source\PSoC4/cyfitter_cfg.c **** ********************************************************************************
 154:Generated_Source\PSoC4/cyfitter_cfg.c **** *
 155:Generated_Source\PSoC4/cyfitter_cfg.c **** * Summary:
 156:Generated_Source\PSoC4/cyfitter_cfg.c **** *   Performs the initialization of all of the clocks in the device based on the
 157:Generated_Source\PSoC4/cyfitter_cfg.c **** *   settings in the Clock tab of the DWR.  This includes enabling the requested
 158:Generated_Source\PSoC4/cyfitter_cfg.c **** *   clocks and setting the necessary dividers to produce the desired frequency. 
 159:Generated_Source\PSoC4/cyfitter_cfg.c **** *
 160:Generated_Source\PSoC4/cyfitter_cfg.c **** * Parameters:
 161:Generated_Source\PSoC4/cyfitter_cfg.c **** *   void
 162:Generated_Source\PSoC4/cyfitter_cfg.c **** *
 163:Generated_Source\PSoC4/cyfitter_cfg.c **** * Return:
 164:Generated_Source\PSoC4/cyfitter_cfg.c **** *   void
 165:Generated_Source\PSoC4/cyfitter_cfg.c **** *
 166:Generated_Source\PSoC4/cyfitter_cfg.c **** *******************************************************************************/
 167:Generated_Source\PSoC4/cyfitter_cfg.c **** static void ClockSetup(void);
 168:Generated_Source\PSoC4/cyfitter_cfg.c **** CY_CFG_SECTION
 169:Generated_Source\PSoC4/cyfitter_cfg.c **** static void ClockSetup(void)
 170:Generated_Source\PSoC4/cyfitter_cfg.c **** {
 171:Generated_Source\PSoC4/cyfitter_cfg.c **** 
 172:Generated_Source\PSoC4/cyfitter_cfg.c **** 	/* Set Flash Cycles based on max possible frequency in case a glitch occurs during ClockSetup(). *
 173:Generated_Source\PSoC4/cyfitter_cfg.c **** 	CY_SET_REG32((void CYXDATA *)(CYREG_CPUSS_FLASH_CTL), (0x0012u));
 174:Generated_Source\PSoC4/cyfitter_cfg.c **** 	/* Update IMO to new clock speed. */
 175:Generated_Source\PSoC4/cyfitter_cfg.c **** 	CySysClkWriteImoFreq(24u);
 176:Generated_Source\PSoC4/cyfitter_cfg.c **** 
 177:Generated_Source\PSoC4/cyfitter_cfg.c **** 	/* Setup phase aligned clocks */
 178:Generated_Source\PSoC4/cyfitter_cfg.c **** 	CY_SET_REG32((void *)CYREG_PERI_DIV_16_CTL1, 0x00000000u);
 179:Generated_Source\PSoC4/cyfitter_cfg.c **** 	CY_SET_REG32((void *)CYREG_PERI_DIV_CMD, 0x8000FF41u);
 180:Generated_Source\PSoC4/cyfitter_cfg.c **** 	CY_SET_REG32((void *)CYREG_PERI_DIV_16_CTL0, 0x0000FE00u);
 181:Generated_Source\PSoC4/cyfitter_cfg.c **** 	CY_SET_REG32((void *)CYREG_PERI_DIV_CMD, 0x8000FF40u);
 182:Generated_Source\PSoC4/cyfitter_cfg.c **** 	CY_SET_REG32((void *)CYREG_PERI_DIV_16_CTL2, 0x00001000u);
 183:Generated_Source\PSoC4/cyfitter_cfg.c **** 	CY_SET_REG32((void *)CYREG_PERI_DIV_CMD, 0x8000FF42u);
 184:Generated_Source\PSoC4/cyfitter_cfg.c **** 
 185:Generated_Source\PSoC4/cyfitter_cfg.c **** 	/* CYDEV_CLK_SELECT Starting address: CYDEV_CLK_SELECT */
 186:Generated_Source\PSoC4/cyfitter_cfg.c **** 	CY_SET_REG32((void *)(CYREG_CLK_SELECT), 0x00000000u);
 187:Generated_Source\PSoC4/cyfitter_cfg.c **** 
 188:Generated_Source\PSoC4/cyfitter_cfg.c **** 	/* CYDEV_PERI_PCLK_CTL6 Starting address: CYDEV_PERI_PCLK_CTL6 */
 189:Generated_Source\PSoC4/cyfitter_cfg.c **** 	CY_SET_REG32((void *)(CYREG_PERI_PCLK_CTL6), 0x00000041u);
 190:Generated_Source\PSoC4/cyfitter_cfg.c **** 
 191:Generated_Source\PSoC4/cyfitter_cfg.c **** 	/* CYDEV_PERI_PCLK_CTL5 Starting address: CYDEV_PERI_PCLK_CTL5 */
 192:Generated_Source\PSoC4/cyfitter_cfg.c **** 	CY_SET_REG32((void *)(CYREG_PERI_PCLK_CTL5), 0x00000041u);
 193:Generated_Source\PSoC4/cyfitter_cfg.c **** 
 194:Generated_Source\PSoC4/cyfitter_cfg.c **** 	/* CYDEV_PERI_PCLK_CTL4 Starting address: CYDEV_PERI_PCLK_CTL4 */
 195:Generated_Source\PSoC4/cyfitter_cfg.c **** 	CY_SET_REG32((void *)(CYREG_PERI_PCLK_CTL4), 0x00000041u);
 196:Generated_Source\PSoC4/cyfitter_cfg.c **** 
 197:Generated_Source\PSoC4/cyfitter_cfg.c **** 	/* CYDEV_PERI_PCLK_CTL2 Starting address: CYDEV_PERI_PCLK_CTL2 */
 198:Generated_Source\PSoC4/cyfitter_cfg.c **** 	CY_SET_REG32((void *)(CYREG_PERI_PCLK_CTL2), 0x00000040u);
 199:Generated_Source\PSoC4/cyfitter_cfg.c **** 
 200:Generated_Source\PSoC4/cyfitter_cfg.c **** 	/* CYDEV_PERI_PCLK_CTL1 Starting address: CYDEV_PERI_PCLK_CTL1 */
 201:Generated_Source\PSoC4/cyfitter_cfg.c **** 	CY_SET_REG32((void *)(CYREG_PERI_PCLK_CTL1), 0x00000042u);
 202:Generated_Source\PSoC4/cyfitter_cfg.c **** 
ARM GAS  C:\Users\ASUS\AppData\Local\Temp\cc9W3MJR.s 			page 5


 203:Generated_Source\PSoC4/cyfitter_cfg.c **** 	/* Set Flash Cycles based on newly configured 24.00MHz HFCLK. */
 204:Generated_Source\PSoC4/cyfitter_cfg.c **** 	CY_SET_REG32((void CYXDATA *)(CYREG_CPUSS_FLASH_CTL), (0x0011u));
 205:Generated_Source\PSoC4/cyfitter_cfg.c **** }
 206:Generated_Source\PSoC4/cyfitter_cfg.c **** 
 207:Generated_Source\PSoC4/cyfitter_cfg.c **** 
 208:Generated_Source\PSoC4/cyfitter_cfg.c **** /* Analog API Functions */
 209:Generated_Source\PSoC4/cyfitter_cfg.c **** 
 210:Generated_Source\PSoC4/cyfitter_cfg.c **** 
 211:Generated_Source\PSoC4/cyfitter_cfg.c **** /*******************************************************************************
 212:Generated_Source\PSoC4/cyfitter_cfg.c **** * Function Name: AnalogSetDefault
 213:Generated_Source\PSoC4/cyfitter_cfg.c **** ********************************************************************************
 214:Generated_Source\PSoC4/cyfitter_cfg.c **** *
 215:Generated_Source\PSoC4/cyfitter_cfg.c **** * Summary:
 216:Generated_Source\PSoC4/cyfitter_cfg.c **** *  Sets up the analog portions of the chip to default values based on chip
 217:Generated_Source\PSoC4/cyfitter_cfg.c **** *  configuration options from the project.
 218:Generated_Source\PSoC4/cyfitter_cfg.c **** *
 219:Generated_Source\PSoC4/cyfitter_cfg.c **** * Parameters:
 220:Generated_Source\PSoC4/cyfitter_cfg.c **** *  void
 221:Generated_Source\PSoC4/cyfitter_cfg.c **** *
 222:Generated_Source\PSoC4/cyfitter_cfg.c **** * Return:
 223:Generated_Source\PSoC4/cyfitter_cfg.c **** *  void
 224:Generated_Source\PSoC4/cyfitter_cfg.c **** *
 225:Generated_Source\PSoC4/cyfitter_cfg.c **** *******************************************************************************/
 226:Generated_Source\PSoC4/cyfitter_cfg.c **** static void AnalogSetDefault(void);
 227:Generated_Source\PSoC4/cyfitter_cfg.c **** static void AnalogSetDefault(void)
 228:Generated_Source\PSoC4/cyfitter_cfg.c **** {
  27              		.loc 1 228 0
  28              		.cfi_startproc
  29              		@ args = 0, pretend = 0, frame = 0
  30              		@ frame_needed = 0, uses_anonymous_args = 0
  31              		@ link register save eliminated.
 229:Generated_Source\PSoC4/cyfitter_cfg.c **** 	CY_SET_XTND_REG32((void CYFAR *)CYREG_CSD_SW_DSI_SEL, 0x00000001u);
  32              		.loc 1 229 0
  33 0000 0122     		movs	r2, #1
  34 0002 014B     		ldr	r3, .L2
  35 0004 1A60     		str	r2, [r3]
 230:Generated_Source\PSoC4/cyfitter_cfg.c **** 	/* Variable VDDA is selected; no pumps are enabled by default */
 231:Generated_Source\PSoC4/cyfitter_cfg.c **** }
  36              		.loc 1 231 0
  37              		@ sp needed
  38 0006 7047     		bx	lr
  39              	.L3:
  40              		.align	2
  41              	.L2:
  42 0008 C0020B40 		.word	1074463424
  43              		.cfi_endproc
  44              	.LFE5:
  45              		.size	AnalogSetDefault, .-AnalogSetDefault
  46              		.section	.psocinit,"ax",%progbits
  47              		.align	2
  48              		.code	16
  49              		.thumb_func
  50              		.type	ClockSetup, %function
  51              	ClockSetup:
  52              	.LFB4:
 170:Generated_Source\PSoC4/cyfitter_cfg.c **** 
  53              		.loc 1 170 0
ARM GAS  C:\Users\ASUS\AppData\Local\Temp\cc9W3MJR.s 			page 6


  54              		.cfi_startproc
  55              		@ args = 0, pretend = 0, frame = 0
  56              		@ frame_needed = 0, uses_anonymous_args = 0
  57 0000 10B5     		push	{r4, lr}
  58              		.cfi_def_cfa_offset 8
  59              		.cfi_offset 4, -8
  60              		.cfi_offset 14, -4
 173:Generated_Source\PSoC4/cyfitter_cfg.c **** 	/* Update IMO to new clock speed. */
  61              		.loc 1 173 0
  62 0002 154C     		ldr	r4, .L5
  63 0004 1223     		movs	r3, #18
  64 0006 2360     		str	r3, [r4]
 175:Generated_Source\PSoC4/cyfitter_cfg.c **** 
  65              		.loc 1 175 0
  66 0008 1820     		movs	r0, #24
  67 000a FFF7FEFF 		bl	CySysClkWriteImoFreq
  68              	.LVL0:
 178:Generated_Source\PSoC4/cyfitter_cfg.c **** 	CY_SET_REG32((void *)CYREG_PERI_DIV_CMD, 0x8000FF41u);
  69              		.loc 1 178 0
  70 000e 0022     		movs	r2, #0
  71 0010 124B     		ldr	r3, .L5+4
  72 0012 1A60     		str	r2, [r3]
 179:Generated_Source\PSoC4/cyfitter_cfg.c **** 	CY_SET_REG32((void *)CYREG_PERI_DIV_16_CTL0, 0x0000FE00u);
  73              		.loc 1 179 0
  74 0014 124B     		ldr	r3, .L5+8
  75 0016 1349     		ldr	r1, .L5+12
  76 0018 1960     		str	r1, [r3]
 180:Generated_Source\PSoC4/cyfitter_cfg.c **** 	CY_SET_REG32((void *)CYREG_PERI_DIV_CMD, 0x8000FF40u);
  77              		.loc 1 180 0
  78 001a FE20     		movs	r0, #254
  79 001c 0002     		lsls	r0, r0, #8
  80 001e 1249     		ldr	r1, .L5+16
  81 0020 0860     		str	r0, [r1]
 181:Generated_Source\PSoC4/cyfitter_cfg.c **** 	CY_SET_REG32((void *)CYREG_PERI_DIV_16_CTL2, 0x00001000u);
  82              		.loc 1 181 0
  83 0022 1249     		ldr	r1, .L5+20
  84 0024 1960     		str	r1, [r3]
 182:Generated_Source\PSoC4/cyfitter_cfg.c **** 	CY_SET_REG32((void *)CYREG_PERI_DIV_CMD, 0x8000FF42u);
  85              		.loc 1 182 0
  86 0026 8020     		movs	r0, #128
  87 0028 4001     		lsls	r0, r0, #5
  88 002a 1149     		ldr	r1, .L5+24
  89 002c 0860     		str	r0, [r1]
 183:Generated_Source\PSoC4/cyfitter_cfg.c **** 
  90              		.loc 1 183 0
  91 002e 1149     		ldr	r1, .L5+28
  92 0030 1960     		str	r1, [r3]
 186:Generated_Source\PSoC4/cyfitter_cfg.c **** 
  93              		.loc 1 186 0
  94 0032 114B     		ldr	r3, .L5+32
  95 0034 1A60     		str	r2, [r3]
 189:Generated_Source\PSoC4/cyfitter_cfg.c **** 
  96              		.loc 1 189 0
  97 0036 4123     		movs	r3, #65
  98 0038 104A     		ldr	r2, .L5+36
  99 003a 1360     		str	r3, [r2]
 192:Generated_Source\PSoC4/cyfitter_cfg.c **** 
ARM GAS  C:\Users\ASUS\AppData\Local\Temp\cc9W3MJR.s 			page 7


 100              		.loc 1 192 0
 101 003c 104A     		ldr	r2, .L5+40
 102 003e 1360     		str	r3, [r2]
 195:Generated_Source\PSoC4/cyfitter_cfg.c **** 
 103              		.loc 1 195 0
 104 0040 104A     		ldr	r2, .L5+44
 105 0042 1360     		str	r3, [r2]
 198:Generated_Source\PSoC4/cyfitter_cfg.c **** 
 106              		.loc 1 198 0
 107 0044 4022     		movs	r2, #64
 108 0046 104B     		ldr	r3, .L5+48
 109 0048 1A60     		str	r2, [r3]
 201:Generated_Source\PSoC4/cyfitter_cfg.c **** 
 110              		.loc 1 201 0
 111 004a 0232     		adds	r2, r2, #2
 112 004c 0F4B     		ldr	r3, .L5+52
 113 004e 1A60     		str	r2, [r3]
 204:Generated_Source\PSoC4/cyfitter_cfg.c **** }
 114              		.loc 1 204 0
 115 0050 1123     		movs	r3, #17
 116 0052 2360     		str	r3, [r4]
 205:Generated_Source\PSoC4/cyfitter_cfg.c **** 
 117              		.loc 1 205 0
 118              		@ sp needed
 119 0054 10BD     		pop	{r4, pc}
 120              	.L6:
 121 0056 C046     		.align	2
 122              	.L5:
 123 0058 30001040 		.word	1074790448
 124 005c 04030140 		.word	1073808132
 125 0060 00000140 		.word	1073807360
 126 0064 41FF0080 		.word	-2147418303
 127 0068 00030140 		.word	1073808128
 128 006c 40FF0080 		.word	-2147418304
 129 0070 08030140 		.word	1073808136
 130 0074 42FF0080 		.word	-2147418302
 131 0078 28000340 		.word	1073938472
 132 007c 18010140 		.word	1073807640
 133 0080 14010140 		.word	1073807636
 134 0084 10010140 		.word	1073807632
 135 0088 08010140 		.word	1073807624
 136 008c 04010140 		.word	1073807620
 137              		.cfi_endproc
 138              	.LFE4:
 139              		.size	ClockSetup, .-ClockSetup
 140              		.section	.text.SetAnalogRoutingPumps,"ax",%progbits
 141              		.align	2
 142              		.global	SetAnalogRoutingPumps
 143              		.code	16
 144              		.thumb_func
 145              		.type	SetAnalogRoutingPumps, %function
 146              	SetAnalogRoutingPumps:
 147              	.LFB6:
 232:Generated_Source\PSoC4/cyfitter_cfg.c **** 
 233:Generated_Source\PSoC4/cyfitter_cfg.c **** 
 234:Generated_Source\PSoC4/cyfitter_cfg.c **** /*******************************************************************************
 235:Generated_Source\PSoC4/cyfitter_cfg.c **** * Function Name: SetAnalogRoutingPumps
ARM GAS  C:\Users\ASUS\AppData\Local\Temp\cc9W3MJR.s 			page 8


 236:Generated_Source\PSoC4/cyfitter_cfg.c **** ********************************************************************************
 237:Generated_Source\PSoC4/cyfitter_cfg.c **** *
 238:Generated_Source\PSoC4/cyfitter_cfg.c **** * Summary:
 239:Generated_Source\PSoC4/cyfitter_cfg.c **** * Enables or disables the analog pumps feeding analog routing switches.
 240:Generated_Source\PSoC4/cyfitter_cfg.c **** * Intended to be called at startup, based on the Vdda system configuration;
 241:Generated_Source\PSoC4/cyfitter_cfg.c **** * may be called during operation when the user informs us that the Vdda voltage crossed the pump th
 242:Generated_Source\PSoC4/cyfitter_cfg.c **** *
 243:Generated_Source\PSoC4/cyfitter_cfg.c **** * Parameters:
 244:Generated_Source\PSoC4/cyfitter_cfg.c **** *  enabled - 1 to enable the pumps, 0 to disable the pumps
 245:Generated_Source\PSoC4/cyfitter_cfg.c **** *
 246:Generated_Source\PSoC4/cyfitter_cfg.c **** * Return:
 247:Generated_Source\PSoC4/cyfitter_cfg.c **** *  void
 248:Generated_Source\PSoC4/cyfitter_cfg.c **** *
 249:Generated_Source\PSoC4/cyfitter_cfg.c **** *******************************************************************************/
 250:Generated_Source\PSoC4/cyfitter_cfg.c **** void SetAnalogRoutingPumps(uint8 enabled)
 251:Generated_Source\PSoC4/cyfitter_cfg.c **** {
 148              		.loc 1 251 0
 149              		.cfi_startproc
 150              		@ args = 0, pretend = 0, frame = 0
 151              		@ frame_needed = 0, uses_anonymous_args = 0
 152              		@ link register save eliminated.
 153              	.LVL1:
 252:Generated_Source\PSoC4/cyfitter_cfg.c **** 	uint32 regValue = CY_GET_XTND_REG32((void *)(CYREG_HSIOM_PUMP_CTL));
 154              		.loc 1 252 0
 155 0000 0B4B     		ldr	r3, .L12
 156 0002 1B68     		ldr	r3, [r3]
 157              	.LVL2:
 253:Generated_Source\PSoC4/cyfitter_cfg.c **** 	if (enabled != 0u)
 158              		.loc 1 253 0
 159 0004 0028     		cmp	r0, #0
 160 0006 03D0     		beq	.L8
 254:Generated_Source\PSoC4/cyfitter_cfg.c **** 	{
 255:Generated_Source\PSoC4/cyfitter_cfg.c **** 		regValue |= 0x80000000u;
 161              		.loc 1 255 0
 162 0008 8022     		movs	r2, #128
 163 000a 1206     		lsls	r2, r2, #24
 164 000c 1343     		orrs	r3, r2
 165              	.LVL3:
 166 000e 01E0     		b	.L9
 167              	.L8:
 256:Generated_Source\PSoC4/cyfitter_cfg.c **** 	}
 257:Generated_Source\PSoC4/cyfitter_cfg.c **** 	else
 258:Generated_Source\PSoC4/cyfitter_cfg.c **** 	{
 259:Generated_Source\PSoC4/cyfitter_cfg.c **** 		regValue &= ~0x80000000u;
 168              		.loc 1 259 0
 169 0010 5B00     		lsls	r3, r3, #1
 170              	.LVL4:
 171 0012 5B08     		lsrs	r3, r3, #1
 172              	.LVL5:
 173              	.L9:
 260:Generated_Source\PSoC4/cyfitter_cfg.c **** 	}
 261:Generated_Source\PSoC4/cyfitter_cfg.c **** 	CY_SET_XTND_REG32((void *)(CYREG_HSIOM_PUMP_CTL), regValue);
 174              		.loc 1 261 0
 175 0014 064A     		ldr	r2, .L12
 176 0016 1360     		str	r3, [r2]
 262:Generated_Source\PSoC4/cyfitter_cfg.c **** 	regValue = CY_GET_XTND_REG32((void *)(CYREG_CLK_SELECT));
 177              		.loc 1 262 0
ARM GAS  C:\Users\ASUS\AppData\Local\Temp\cc9W3MJR.s 			page 9


 178 0018 064B     		ldr	r3, .L12+4
 179              	.LVL6:
 180 001a 1B68     		ldr	r3, [r3]
 181              	.LVL7:
 263:Generated_Source\PSoC4/cyfitter_cfg.c **** 	if (enabled != 0u)
 182              		.loc 1 263 0
 183 001c 0028     		cmp	r0, #0
 184 001e 02D0     		beq	.L10
 264:Generated_Source\PSoC4/cyfitter_cfg.c **** 	{
 265:Generated_Source\PSoC4/cyfitter_cfg.c **** 		regValue |= 0x00000020u;
 185              		.loc 1 265 0
 186 0020 2022     		movs	r2, #32
 187 0022 1343     		orrs	r3, r2
 188              	.LVL8:
 189 0024 01E0     		b	.L11
 190              	.L10:
 266:Generated_Source\PSoC4/cyfitter_cfg.c **** 	}
 267:Generated_Source\PSoC4/cyfitter_cfg.c **** 	else
 268:Generated_Source\PSoC4/cyfitter_cfg.c **** 	{
 269:Generated_Source\PSoC4/cyfitter_cfg.c **** 		regValue &= ~0x00000020u;
 191              		.loc 1 269 0
 192 0026 2022     		movs	r2, #32
 193 0028 9343     		bics	r3, r2
 194              	.LVL9:
 195              	.L11:
 270:Generated_Source\PSoC4/cyfitter_cfg.c **** 	}
 271:Generated_Source\PSoC4/cyfitter_cfg.c **** 	CY_SET_XTND_REG32((void *)(CYREG_CLK_SELECT), regValue);
 196              		.loc 1 271 0
 197 002a 024A     		ldr	r2, .L12+4
 198 002c 1360     		str	r3, [r2]
 272:Generated_Source\PSoC4/cyfitter_cfg.c **** }
 199              		.loc 1 272 0
 200              		@ sp needed
 201 002e 7047     		bx	lr
 202              	.L13:
 203              		.align	2
 204              	.L12:
 205 0030 00200240 		.word	1073881088
 206 0034 28000340 		.word	1073938472
 207              		.cfi_endproc
 208              	.LFE6:
 209              		.size	SetAnalogRoutingPumps, .-SetAnalogRoutingPumps
 210              		.section	.psocinit
 211              		.align	2
 212              		.global	cyfitter_cfg
 213              		.code	16
 214              		.thumb_func
 215              		.type	cyfitter_cfg, %function
 216              	cyfitter_cfg:
 217              	.LFB7:
 273:Generated_Source\PSoC4/cyfitter_cfg.c **** 
 274:Generated_Source\PSoC4/cyfitter_cfg.c **** 
 275:Generated_Source\PSoC4/cyfitter_cfg.c **** 
 276:Generated_Source\PSoC4/cyfitter_cfg.c **** 
 277:Generated_Source\PSoC4/cyfitter_cfg.c **** /*******************************************************************************
 278:Generated_Source\PSoC4/cyfitter_cfg.c **** * Function Name: cyfitter_cfg
 279:Generated_Source\PSoC4/cyfitter_cfg.c **** ********************************************************************************
ARM GAS  C:\Users\ASUS\AppData\Local\Temp\cc9W3MJR.s 			page 10


 280:Generated_Source\PSoC4/cyfitter_cfg.c **** * Summary:
 281:Generated_Source\PSoC4/cyfitter_cfg.c **** *  This function is called by the start-up code for the selected device. It
 282:Generated_Source\PSoC4/cyfitter_cfg.c **** *  performs all of the necessary device configuration based on the design
 283:Generated_Source\PSoC4/cyfitter_cfg.c **** *  settings.  This includes settings from the Design Wide Resources (DWR) such
 284:Generated_Source\PSoC4/cyfitter_cfg.c **** *  as Clocks and Pins as well as any component configuration that is necessary.
 285:Generated_Source\PSoC4/cyfitter_cfg.c **** *
 286:Generated_Source\PSoC4/cyfitter_cfg.c **** * Parameters:
 287:Generated_Source\PSoC4/cyfitter_cfg.c **** *   void
 288:Generated_Source\PSoC4/cyfitter_cfg.c **** *
 289:Generated_Source\PSoC4/cyfitter_cfg.c **** * Return:
 290:Generated_Source\PSoC4/cyfitter_cfg.c **** *   void
 291:Generated_Source\PSoC4/cyfitter_cfg.c **** *
 292:Generated_Source\PSoC4/cyfitter_cfg.c **** *******************************************************************************/
 293:Generated_Source\PSoC4/cyfitter_cfg.c **** CY_CFG_SECTION
 294:Generated_Source\PSoC4/cyfitter_cfg.c **** void cyfitter_cfg(void)
 295:Generated_Source\PSoC4/cyfitter_cfg.c **** {
 218              		.loc 1 295 0
 219              		.cfi_startproc
 220              		@ args = 0, pretend = 0, frame = 0
 221              		@ frame_needed = 0, uses_anonymous_args = 0
 222 0090 10B5     		push	{r4, lr}
 223              		.cfi_def_cfa_offset 8
 224              		.cfi_offset 4, -8
 225              		.cfi_offset 14, -4
 296:Generated_Source\PSoC4/cyfitter_cfg.c **** 	/* Disable interrupts by default. Let user enable if/when they want. */
 297:Generated_Source\PSoC4/cyfitter_cfg.c **** 	CyGlobalIntDisable;
 226              		.loc 1 297 0
 227              		.syntax divided
 228              	@ 297 "Generated_Source\PSoC4\cyfitter_cfg.c" 1
 229 0092 72B6     		CPSID   i
 230              	@ 0 "" 2
 298:Generated_Source\PSoC4/cyfitter_cfg.c **** 
 299:Generated_Source\PSoC4/cyfitter_cfg.c **** 	{
 300:Generated_Source\PSoC4/cyfitter_cfg.c **** 		/* HSIOM Starting address: CYDEV_HSIOM_BASE */
 301:Generated_Source\PSoC4/cyfitter_cfg.c **** 		CY_SET_REG32((void *)(CYREG_HSIOM_PORT_SEL1), 0x00000808u);
 231              		.loc 1 301 0
 232              		.thumb
 233              		.syntax unified
 234 0094 1A4A     		ldr	r2, .L15
 235 0096 1B4B     		ldr	r3, .L15+4
 236 0098 1A60     		str	r2, [r3]
 302:Generated_Source\PSoC4/cyfitter_cfg.c **** 		CY_SET_REG32((void *)(CYREG_HSIOM_PORT_SEL2), 0x08000000u);
 237              		.loc 1 302 0
 238 009a 8022     		movs	r2, #128
 239 009c 1205     		lsls	r2, r2, #20
 240 009e 1A4B     		ldr	r3, .L15+8
 241 00a0 1A60     		str	r2, [r3]
 303:Generated_Source\PSoC4/cyfitter_cfg.c **** 		CY_SET_REG32((void *)(CYREG_HSIOM_PORT_SEL3), 0x0000EE99u);
 242              		.loc 1 303 0
 243 00a2 1A4A     		ldr	r2, .L15+12
 244 00a4 1A4B     		ldr	r3, .L15+16
 245 00a6 1A60     		str	r2, [r3]
 304:Generated_Source\PSoC4/cyfitter_cfg.c **** 
 305:Generated_Source\PSoC4/cyfitter_cfg.c **** 	}
 306:Generated_Source\PSoC4/cyfitter_cfg.c **** 
 307:Generated_Source\PSoC4/cyfitter_cfg.c **** 	/* Perform second pass device configuration. These items must be configured in specific order afte
 308:Generated_Source\PSoC4/cyfitter_cfg.c **** 	/* IOPINS0_0 Starting address: CYDEV_GPIO_PRT0_BASE */
ARM GAS  C:\Users\ASUS\AppData\Local\Temp\cc9W3MJR.s 			page 11


 309:Generated_Source\PSoC4/cyfitter_cfg.c **** 	CY_SET_REG32((void *)(CYDEV_GPIO_PRT0_BASE), 0x000000DFu);
 246              		.loc 1 309 0
 247 00a8 DF22     		movs	r2, #223
 248 00aa 1A4B     		ldr	r3, .L15+20
 249 00ac 1A60     		str	r2, [r3]
 310:Generated_Source\PSoC4/cyfitter_cfg.c **** 	CY_SET_REG32((void *)(CYREG_GPIO_PRT0_PC), 0x00432000u);
 250              		.loc 1 310 0
 251 00ae 1A4A     		ldr	r2, .L15+24
 252 00b0 1A4B     		ldr	r3, .L15+28
 253 00b2 1A60     		str	r2, [r3]
 311:Generated_Source\PSoC4/cyfitter_cfg.c **** 	CY_SET_REG32((void *)(CYREG_GPIO_PRT0_PC2), 0x0000004Fu);
 254              		.loc 1 311 0
 255 00b4 4F22     		movs	r2, #79
 256 00b6 1A4B     		ldr	r3, .L15+32
 257 00b8 1A60     		str	r2, [r3]
 312:Generated_Source\PSoC4/cyfitter_cfg.c **** 
 313:Generated_Source\PSoC4/cyfitter_cfg.c **** 	/* IOPINS0_1 Starting address: CYDEV_GPIO_PRT1_BASE */
 314:Generated_Source\PSoC4/cyfitter_cfg.c **** 	CY_SET_REG32((void *)(CYDEV_GPIO_PRT1_BASE), 0x000000B5u);
 258              		.loc 1 314 0
 259 00ba 6632     		adds	r2, r2, #102
 260 00bc 194B     		ldr	r3, .L15+36
 261 00be 1A60     		str	r2, [r3]
 315:Generated_Source\PSoC4/cyfitter_cfg.c **** 	CY_SET_REG32((void *)(CYREG_GPIO_PRT1_PC), 0x00400186u);
 262              		.loc 1 315 0
 263 00c0 194A     		ldr	r2, .L15+40
 264 00c2 1A4B     		ldr	r3, .L15+44
 265 00c4 1A60     		str	r2, [r3]
 316:Generated_Source\PSoC4/cyfitter_cfg.c **** 	CY_SET_REG32((void *)(CYREG_GPIO_PRT1_PC2), 0x00000078u);
 266              		.loc 1 316 0
 267 00c6 7822     		movs	r2, #120
 268 00c8 194B     		ldr	r3, .L15+48
 269 00ca 1A60     		str	r2, [r3]
 317:Generated_Source\PSoC4/cyfitter_cfg.c **** 
 318:Generated_Source\PSoC4/cyfitter_cfg.c **** 	/* IOPINS0_2 Starting address: CYDEV_GPIO_PRT2_BASE */
 319:Generated_Source\PSoC4/cyfitter_cfg.c **** 	CY_SET_REG32((void *)(CYDEV_GPIO_PRT2_BASE), 0x000000FFu);
 270              		.loc 1 319 0
 271 00cc 8732     		adds	r2, r2, #135
 272 00ce 194B     		ldr	r3, .L15+52
 273 00d0 1A60     		str	r2, [r3]
 320:Generated_Source\PSoC4/cyfitter_cfg.c **** 	CY_SET_REG32((void *)(CYREG_GPIO_PRT2_PC), 0x005B6DB6u);
 274              		.loc 1 320 0
 275 00d2 194A     		ldr	r2, .L15+56
 276 00d4 194B     		ldr	r3, .L15+60
 277 00d6 1A60     		str	r2, [r3]
 321:Generated_Source\PSoC4/cyfitter_cfg.c **** 
 322:Generated_Source\PSoC4/cyfitter_cfg.c **** 	/* IOPINS0_3 Starting address: CYDEV_GPIO_PRT3_BASE */
 323:Generated_Source\PSoC4/cyfitter_cfg.c **** 	CY_SET_REG32((void *)(CYDEV_GPIO_PRT3_BASE), 0x00000072u);
 278              		.loc 1 323 0
 279 00d8 7222     		movs	r2, #114
 280 00da 194B     		ldr	r3, .L15+64
 281 00dc 1A60     		str	r2, [r3]
 324:Generated_Source\PSoC4/cyfitter_cfg.c **** 	CY_SET_REG32((void *)(CYREG_GPIO_PRT3_PC), 0x00DB6DB1u);
 282              		.loc 1 324 0
 283 00de 194A     		ldr	r2, .L15+68
 284 00e0 194B     		ldr	r3, .L15+72
 285 00e2 1A60     		str	r2, [r3]
 325:Generated_Source\PSoC4/cyfitter_cfg.c **** 	CY_SET_REG32((void *)(CYREG_GPIO_PRT3_PC2), 0x00000002u);
ARM GAS  C:\Users\ASUS\AppData\Local\Temp\cc9W3MJR.s 			page 12


 286              		.loc 1 325 0
 287 00e4 0222     		movs	r2, #2
 288 00e6 194B     		ldr	r3, .L15+76
 289 00e8 1A60     		str	r2, [r3]
 326:Generated_Source\PSoC4/cyfitter_cfg.c **** 
 327:Generated_Source\PSoC4/cyfitter_cfg.c **** 	/* IOPINS0_4 Starting address: CYDEV_GPIO_PRT4_BASE */
 328:Generated_Source\PSoC4/cyfitter_cfg.c **** 	CY_SET_REG32((void *)(CYREG_GPIO_PRT4_PC), 0x00000006u);
 290              		.loc 1 328 0
 291 00ea 0432     		adds	r2, r2, #4
 292 00ec 184B     		ldr	r3, .L15+80
 293 00ee 1A60     		str	r2, [r3]
 329:Generated_Source\PSoC4/cyfitter_cfg.c **** 	CY_SET_REG32((void *)(CYREG_GPIO_PRT4_PC2), 0x00000008u);
 294              		.loc 1 329 0
 295 00f0 0232     		adds	r2, r2, #2
 296 00f2 184B     		ldr	r3, .L15+84
 297 00f4 1A60     		str	r2, [r3]
 330:Generated_Source\PSoC4/cyfitter_cfg.c **** 
 331:Generated_Source\PSoC4/cyfitter_cfg.c **** 
 332:Generated_Source\PSoC4/cyfitter_cfg.c **** 	/* Setup clocks based on selections from Clock DWR */
 333:Generated_Source\PSoC4/cyfitter_cfg.c **** 	ClockSetup();
 298              		.loc 1 333 0
 299 00f6 FFF783FF 		bl	ClockSetup
 300              	.LVL10:
 334:Generated_Source\PSoC4/cyfitter_cfg.c **** 
 335:Generated_Source\PSoC4/cyfitter_cfg.c **** 	/* Perform basic analog initialization to defaults */
 336:Generated_Source\PSoC4/cyfitter_cfg.c **** 	AnalogSetDefault();
 301              		.loc 1 336 0
 302 00fa FFF7FEFF 		bl	AnalogSetDefault
 303              	.LVL11:
 337:Generated_Source\PSoC4/cyfitter_cfg.c **** 
 338:Generated_Source\PSoC4/cyfitter_cfg.c **** }
 304              		.loc 1 338 0
 305              		@ sp needed
 306 00fe 10BD     		pop	{r4, pc}
 307              	.L16:
 308              		.align	2
 309              	.L15:
 310 0100 08080000 		.word	2056
 311 0104 00010240 		.word	1073873152
 312 0108 00020240 		.word	1073873408
 313 010c 99EE0000 		.word	61081
 314 0110 00030240 		.word	1073873664
 315 0114 00000440 		.word	1074003968
 316 0118 00204300 		.word	4399104
 317 011c 08000440 		.word	1074003976
 318 0120 18000440 		.word	1074003992
 319 0124 00010440 		.word	1074004224
 320 0128 86014000 		.word	4194694
 321 012c 08010440 		.word	1074004232
 322 0130 18010440 		.word	1074004248
 323 0134 00020440 		.word	1074004480
 324 0138 B66D5B00 		.word	5991862
 325 013c 08020440 		.word	1074004488
 326 0140 00030440 		.word	1074004736
 327 0144 B16DDB00 		.word	14380465
 328 0148 08030440 		.word	1074004744
 329 014c 18030440 		.word	1074004760
ARM GAS  C:\Users\ASUS\AppData\Local\Temp\cc9W3MJR.s 			page 13


 330 0150 08040440 		.word	1074005000
 331 0154 18040440 		.word	1074005016
 332              		.cfi_endproc
 333              	.LFE7:
 334              		.size	cyfitter_cfg, .-cyfitter_cfg
 335              		.text
 336              	.Letext0:
 337              		.file 2 "Generated_Source\\PSoC4\\cytypes.h"
 338              		.file 3 "Generated_Source\\PSoC4\\CyLib.h"
 339              		.section	.debug_info,"",%progbits
 340              	.Ldebug_info0:
 341 0000 50010000 		.4byte	0x150
 342 0004 0400     		.2byte	0x4
 343 0006 00000000 		.4byte	.Ldebug_abbrev0
 344 000a 04       		.byte	0x4
 345 000b 01       		.uleb128 0x1
 346 000c 91010000 		.4byte	.LASF19
 347 0010 0C       		.byte	0xc
 348 0011 15000000 		.4byte	.LASF20
 349 0015 F4000000 		.4byte	.LASF21
 350 0019 00000000 		.4byte	.Ldebug_ranges0+0
 351 001d 00000000 		.4byte	0
 352 0021 00000000 		.4byte	.Ldebug_line0
 353 0025 02       		.uleb128 0x2
 354 0026 04       		.byte	0x4
 355 0027 05       		.byte	0x5
 356 0028 696E7400 		.ascii	"int\000"
 357 002c 03       		.uleb128 0x3
 358 002d 04       		.byte	0x4
 359 002e 07       		.byte	0x7
 360 002f 3B000000 		.4byte	.LASF0
 361 0033 03       		.uleb128 0x3
 362 0034 08       		.byte	0x8
 363 0035 05       		.byte	0x5
 364 0036 00000000 		.4byte	.LASF1
 365 003a 03       		.uleb128 0x3
 366 003b 08       		.byte	0x8
 367 003c 04       		.byte	0x4
 368 003d 6A010000 		.4byte	.LASF2
 369 0041 03       		.uleb128 0x3
 370 0042 01       		.byte	0x1
 371 0043 06       		.byte	0x6
 372 0044 5E010000 		.4byte	.LASF3
 373 0048 03       		.uleb128 0x3
 374 0049 01       		.byte	0x1
 375 004a 08       		.byte	0x8
 376 004b B5000000 		.4byte	.LASF4
 377 004f 03       		.uleb128 0x3
 378 0050 02       		.byte	0x2
 379 0051 05       		.byte	0x5
 380 0052 87010000 		.4byte	.LASF5
 381 0056 03       		.uleb128 0x3
 382 0057 02       		.byte	0x2
 383 0058 07       		.byte	0x7
 384 0059 4B010000 		.4byte	.LASF6
 385 005d 03       		.uleb128 0x3
 386 005e 04       		.byte	0x4
ARM GAS  C:\Users\ASUS\AppData\Local\Temp\cc9W3MJR.s 			page 14


 387 005f 05       		.byte	0x5
 388 0060 C8000000 		.4byte	.LASF7
 389 0064 03       		.uleb128 0x3
 390 0065 04       		.byte	0x4
 391 0066 07       		.byte	0x7
 392 0067 4E000000 		.4byte	.LASF8
 393 006b 03       		.uleb128 0x3
 394 006c 08       		.byte	0x8
 395 006d 07       		.byte	0x7
 396 006e 6D000000 		.4byte	.LASF9
 397 0072 03       		.uleb128 0x3
 398 0073 04       		.byte	0x4
 399 0074 07       		.byte	0x7
 400 0075 23020000 		.4byte	.LASF10
 401 0079 03       		.uleb128 0x3
 402 007a 01       		.byte	0x1
 403 007b 08       		.byte	0x8
 404 007c C3000000 		.4byte	.LASF11
 405 0080 04       		.uleb128 0x4
 406 0081 48000000 		.4byte	.LASF12
 407 0085 02       		.byte	0x2
 408 0086 FC01     		.2byte	0x1fc
 409 0088 48000000 		.4byte	0x48
 410 008c 04       		.uleb128 0x4
 411 008d 0E000000 		.4byte	.LASF13
 412 0091 02       		.byte	0x2
 413 0092 FE01     		.2byte	0x1fe
 414 0094 64000000 		.4byte	0x64
 415 0098 03       		.uleb128 0x3
 416 0099 04       		.byte	0x4
 417 009a 04       		.byte	0x4
 418 009b 84000000 		.4byte	.LASF14
 419 009f 03       		.uleb128 0x3
 420 00a0 08       		.byte	0x8
 421 00a1 04       		.byte	0x4
 422 00a2 ED000000 		.4byte	.LASF15
 423 00a6 04       		.uleb128 0x4
 424 00a7 45010000 		.4byte	.LASF16
 425 00ab 02       		.byte	0x2
 426 00ac A802     		.2byte	0x2a8
 427 00ae B2000000 		.4byte	0xb2
 428 00b2 05       		.uleb128 0x5
 429 00b3 8C000000 		.4byte	0x8c
 430 00b7 06       		.uleb128 0x6
 431 00b8 D1000000 		.4byte	.LASF22
 432 00bc 01       		.byte	0x1
 433 00bd E3       		.byte	0xe3
 434 00be 00000000 		.4byte	.LFB5
 435 00c2 0C000000 		.4byte	.LFE5-.LFB5
 436 00c6 01       		.uleb128 0x1
 437 00c7 9C       		.byte	0x9c
 438 00c8 07       		.uleb128 0x7
 439 00c9 E2000000 		.4byte	.LASF23
 440 00cd 01       		.byte	0x1
 441 00ce A9       		.byte	0xa9
 442 00cf 00000000 		.4byte	.LFB4
 443 00d3 90000000 		.4byte	.LFE4-.LFB4
ARM GAS  C:\Users\ASUS\AppData\Local\Temp\cc9W3MJR.s 			page 15


 444 00d7 01       		.uleb128 0x1
 445 00d8 9C       		.byte	0x9c
 446 00d9 ED000000 		.4byte	0xed
 447 00dd 08       		.uleb128 0x8
 448 00de 0E000000 		.4byte	.LVL0
 449 00e2 48010000 		.4byte	0x148
 450 00e6 09       		.uleb128 0x9
 451 00e7 01       		.uleb128 0x1
 452 00e8 50       		.byte	0x50
 453 00e9 01       		.uleb128 0x1
 454 00ea 48       		.byte	0x48
 455 00eb 00       		.byte	0
 456 00ec 00       		.byte	0
 457 00ed 0A       		.uleb128 0xa
 458 00ee 8A000000 		.4byte	.LASF17
 459 00f2 01       		.byte	0x1
 460 00f3 FA       		.byte	0xfa
 461 00f4 00000000 		.4byte	.LFB6
 462 00f8 38000000 		.4byte	.LFE6-.LFB6
 463 00fc 01       		.uleb128 0x1
 464 00fd 9C       		.byte	0x9c
 465 00fe 1F010000 		.4byte	0x11f
 466 0102 0B       		.uleb128 0xb
 467 0103 76010000 		.4byte	.LASF24
 468 0107 01       		.byte	0x1
 469 0108 FA       		.byte	0xfa
 470 0109 80000000 		.4byte	0x80
 471 010d 01       		.uleb128 0x1
 472 010e 50       		.byte	0x50
 473 010f 0C       		.uleb128 0xc
 474 0110 7E010000 		.4byte	.LASF25
 475 0114 01       		.byte	0x1
 476 0115 FC       		.byte	0xfc
 477 0116 8C000000 		.4byte	0x8c
 478 011a 00000000 		.4byte	.LLST0
 479 011e 00       		.byte	0
 480 011f 0D       		.uleb128 0xd
 481 0120 60000000 		.4byte	.LASF18
 482 0124 01       		.byte	0x1
 483 0125 2601     		.2byte	0x126
 484 0127 90000000 		.4byte	.LFB7
 485 012b C8000000 		.4byte	.LFE7-.LFB7
 486 012f 01       		.uleb128 0x1
 487 0130 9C       		.byte	0x9c
 488 0131 48010000 		.4byte	0x148
 489 0135 0E       		.uleb128 0xe
 490 0136 FA000000 		.4byte	.LVL10
 491 013a C8000000 		.4byte	0xc8
 492 013e 0E       		.uleb128 0xe
 493 013f FE000000 		.4byte	.LVL11
 494 0143 B7000000 		.4byte	0xb7
 495 0147 00       		.byte	0
 496 0148 0F       		.uleb128 0xf
 497 0149 A0000000 		.4byte	.LASF26
 498 014d A0000000 		.4byte	.LASF26
 499 0151 03       		.byte	0x3
 500 0152 6C       		.byte	0x6c
ARM GAS  C:\Users\ASUS\AppData\Local\Temp\cc9W3MJR.s 			page 16


 501 0153 00       		.byte	0
 502              		.section	.debug_abbrev,"",%progbits
 503              	.Ldebug_abbrev0:
 504 0000 01       		.uleb128 0x1
 505 0001 11       		.uleb128 0x11
 506 0002 01       		.byte	0x1
 507 0003 25       		.uleb128 0x25
 508 0004 0E       		.uleb128 0xe
 509 0005 13       		.uleb128 0x13
 510 0006 0B       		.uleb128 0xb
 511 0007 03       		.uleb128 0x3
 512 0008 0E       		.uleb128 0xe
 513 0009 1B       		.uleb128 0x1b
 514 000a 0E       		.uleb128 0xe
 515 000b 55       		.uleb128 0x55
 516 000c 17       		.uleb128 0x17
 517 000d 11       		.uleb128 0x11
 518 000e 01       		.uleb128 0x1
 519 000f 10       		.uleb128 0x10
 520 0010 17       		.uleb128 0x17
 521 0011 00       		.byte	0
 522 0012 00       		.byte	0
 523 0013 02       		.uleb128 0x2
 524 0014 24       		.uleb128 0x24
 525 0015 00       		.byte	0
 526 0016 0B       		.uleb128 0xb
 527 0017 0B       		.uleb128 0xb
 528 0018 3E       		.uleb128 0x3e
 529 0019 0B       		.uleb128 0xb
 530 001a 03       		.uleb128 0x3
 531 001b 08       		.uleb128 0x8
 532 001c 00       		.byte	0
 533 001d 00       		.byte	0
 534 001e 03       		.uleb128 0x3
 535 001f 24       		.uleb128 0x24
 536 0020 00       		.byte	0
 537 0021 0B       		.uleb128 0xb
 538 0022 0B       		.uleb128 0xb
 539 0023 3E       		.uleb128 0x3e
 540 0024 0B       		.uleb128 0xb
 541 0025 03       		.uleb128 0x3
 542 0026 0E       		.uleb128 0xe
 543 0027 00       		.byte	0
 544 0028 00       		.byte	0
 545 0029 04       		.uleb128 0x4
 546 002a 16       		.uleb128 0x16
 547 002b 00       		.byte	0
 548 002c 03       		.uleb128 0x3
 549 002d 0E       		.uleb128 0xe
 550 002e 3A       		.uleb128 0x3a
 551 002f 0B       		.uleb128 0xb
 552 0030 3B       		.uleb128 0x3b
 553 0031 05       		.uleb128 0x5
 554 0032 49       		.uleb128 0x49
 555 0033 13       		.uleb128 0x13
 556 0034 00       		.byte	0
 557 0035 00       		.byte	0
ARM GAS  C:\Users\ASUS\AppData\Local\Temp\cc9W3MJR.s 			page 17


 558 0036 05       		.uleb128 0x5
 559 0037 35       		.uleb128 0x35
 560 0038 00       		.byte	0
 561 0039 49       		.uleb128 0x49
 562 003a 13       		.uleb128 0x13
 563 003b 00       		.byte	0
 564 003c 00       		.byte	0
 565 003d 06       		.uleb128 0x6
 566 003e 2E       		.uleb128 0x2e
 567 003f 00       		.byte	0
 568 0040 03       		.uleb128 0x3
 569 0041 0E       		.uleb128 0xe
 570 0042 3A       		.uleb128 0x3a
 571 0043 0B       		.uleb128 0xb
 572 0044 3B       		.uleb128 0x3b
 573 0045 0B       		.uleb128 0xb
 574 0046 27       		.uleb128 0x27
 575 0047 19       		.uleb128 0x19
 576 0048 11       		.uleb128 0x11
 577 0049 01       		.uleb128 0x1
 578 004a 12       		.uleb128 0x12
 579 004b 06       		.uleb128 0x6
 580 004c 40       		.uleb128 0x40
 581 004d 18       		.uleb128 0x18
 582 004e 9742     		.uleb128 0x2117
 583 0050 19       		.uleb128 0x19
 584 0051 00       		.byte	0
 585 0052 00       		.byte	0
 586 0053 07       		.uleb128 0x7
 587 0054 2E       		.uleb128 0x2e
 588 0055 01       		.byte	0x1
 589 0056 03       		.uleb128 0x3
 590 0057 0E       		.uleb128 0xe
 591 0058 3A       		.uleb128 0x3a
 592 0059 0B       		.uleb128 0xb
 593 005a 3B       		.uleb128 0x3b
 594 005b 0B       		.uleb128 0xb
 595 005c 27       		.uleb128 0x27
 596 005d 19       		.uleb128 0x19
 597 005e 11       		.uleb128 0x11
 598 005f 01       		.uleb128 0x1
 599 0060 12       		.uleb128 0x12
 600 0061 06       		.uleb128 0x6
 601 0062 40       		.uleb128 0x40
 602 0063 18       		.uleb128 0x18
 603 0064 9742     		.uleb128 0x2117
 604 0066 19       		.uleb128 0x19
 605 0067 01       		.uleb128 0x1
 606 0068 13       		.uleb128 0x13
 607 0069 00       		.byte	0
 608 006a 00       		.byte	0
 609 006b 08       		.uleb128 0x8
 610 006c 898201   		.uleb128 0x4109
 611 006f 01       		.byte	0x1
 612 0070 11       		.uleb128 0x11
 613 0071 01       		.uleb128 0x1
 614 0072 31       		.uleb128 0x31
ARM GAS  C:\Users\ASUS\AppData\Local\Temp\cc9W3MJR.s 			page 18


 615 0073 13       		.uleb128 0x13
 616 0074 00       		.byte	0
 617 0075 00       		.byte	0
 618 0076 09       		.uleb128 0x9
 619 0077 8A8201   		.uleb128 0x410a
 620 007a 00       		.byte	0
 621 007b 02       		.uleb128 0x2
 622 007c 18       		.uleb128 0x18
 623 007d 9142     		.uleb128 0x2111
 624 007f 18       		.uleb128 0x18
 625 0080 00       		.byte	0
 626 0081 00       		.byte	0
 627 0082 0A       		.uleb128 0xa
 628 0083 2E       		.uleb128 0x2e
 629 0084 01       		.byte	0x1
 630 0085 3F       		.uleb128 0x3f
 631 0086 19       		.uleb128 0x19
 632 0087 03       		.uleb128 0x3
 633 0088 0E       		.uleb128 0xe
 634 0089 3A       		.uleb128 0x3a
 635 008a 0B       		.uleb128 0xb
 636 008b 3B       		.uleb128 0x3b
 637 008c 0B       		.uleb128 0xb
 638 008d 27       		.uleb128 0x27
 639 008e 19       		.uleb128 0x19
 640 008f 11       		.uleb128 0x11
 641 0090 01       		.uleb128 0x1
 642 0091 12       		.uleb128 0x12
 643 0092 06       		.uleb128 0x6
 644 0093 40       		.uleb128 0x40
 645 0094 18       		.uleb128 0x18
 646 0095 9742     		.uleb128 0x2117
 647 0097 19       		.uleb128 0x19
 648 0098 01       		.uleb128 0x1
 649 0099 13       		.uleb128 0x13
 650 009a 00       		.byte	0
 651 009b 00       		.byte	0
 652 009c 0B       		.uleb128 0xb
 653 009d 05       		.uleb128 0x5
 654 009e 00       		.byte	0
 655 009f 03       		.uleb128 0x3
 656 00a0 0E       		.uleb128 0xe
 657 00a1 3A       		.uleb128 0x3a
 658 00a2 0B       		.uleb128 0xb
 659 00a3 3B       		.uleb128 0x3b
 660 00a4 0B       		.uleb128 0xb
 661 00a5 49       		.uleb128 0x49
 662 00a6 13       		.uleb128 0x13
 663 00a7 02       		.uleb128 0x2
 664 00a8 18       		.uleb128 0x18
 665 00a9 00       		.byte	0
 666 00aa 00       		.byte	0
 667 00ab 0C       		.uleb128 0xc
 668 00ac 34       		.uleb128 0x34
 669 00ad 00       		.byte	0
 670 00ae 03       		.uleb128 0x3
 671 00af 0E       		.uleb128 0xe
ARM GAS  C:\Users\ASUS\AppData\Local\Temp\cc9W3MJR.s 			page 19


 672 00b0 3A       		.uleb128 0x3a
 673 00b1 0B       		.uleb128 0xb
 674 00b2 3B       		.uleb128 0x3b
 675 00b3 0B       		.uleb128 0xb
 676 00b4 49       		.uleb128 0x49
 677 00b5 13       		.uleb128 0x13
 678 00b6 02       		.uleb128 0x2
 679 00b7 17       		.uleb128 0x17
 680 00b8 00       		.byte	0
 681 00b9 00       		.byte	0
 682 00ba 0D       		.uleb128 0xd
 683 00bb 2E       		.uleb128 0x2e
 684 00bc 01       		.byte	0x1
 685 00bd 3F       		.uleb128 0x3f
 686 00be 19       		.uleb128 0x19
 687 00bf 03       		.uleb128 0x3
 688 00c0 0E       		.uleb128 0xe
 689 00c1 3A       		.uleb128 0x3a
 690 00c2 0B       		.uleb128 0xb
 691 00c3 3B       		.uleb128 0x3b
 692 00c4 05       		.uleb128 0x5
 693 00c5 27       		.uleb128 0x27
 694 00c6 19       		.uleb128 0x19
 695 00c7 11       		.uleb128 0x11
 696 00c8 01       		.uleb128 0x1
 697 00c9 12       		.uleb128 0x12
 698 00ca 06       		.uleb128 0x6
 699 00cb 40       		.uleb128 0x40
 700 00cc 18       		.uleb128 0x18
 701 00cd 9742     		.uleb128 0x2117
 702 00cf 19       		.uleb128 0x19
 703 00d0 01       		.uleb128 0x1
 704 00d1 13       		.uleb128 0x13
 705 00d2 00       		.byte	0
 706 00d3 00       		.byte	0
 707 00d4 0E       		.uleb128 0xe
 708 00d5 898201   		.uleb128 0x4109
 709 00d8 00       		.byte	0
 710 00d9 11       		.uleb128 0x11
 711 00da 01       		.uleb128 0x1
 712 00db 31       		.uleb128 0x31
 713 00dc 13       		.uleb128 0x13
 714 00dd 00       		.byte	0
 715 00de 00       		.byte	0
 716 00df 0F       		.uleb128 0xf
 717 00e0 2E       		.uleb128 0x2e
 718 00e1 00       		.byte	0
 719 00e2 3F       		.uleb128 0x3f
 720 00e3 19       		.uleb128 0x19
 721 00e4 3C       		.uleb128 0x3c
 722 00e5 19       		.uleb128 0x19
 723 00e6 6E       		.uleb128 0x6e
 724 00e7 0E       		.uleb128 0xe
 725 00e8 03       		.uleb128 0x3
 726 00e9 0E       		.uleb128 0xe
 727 00ea 3A       		.uleb128 0x3a
 728 00eb 0B       		.uleb128 0xb
ARM GAS  C:\Users\ASUS\AppData\Local\Temp\cc9W3MJR.s 			page 20


 729 00ec 3B       		.uleb128 0x3b
 730 00ed 0B       		.uleb128 0xb
 731 00ee 00       		.byte	0
 732 00ef 00       		.byte	0
 733 00f0 00       		.byte	0
 734              		.section	.debug_loc,"",%progbits
 735              	.Ldebug_loc0:
 736              	.LLST0:
 737 0000 04000000 		.4byte	.LVL2
 738 0004 12000000 		.4byte	.LVL4
 739 0008 0100     		.2byte	0x1
 740 000a 53       		.byte	0x53
 741 000b 14000000 		.4byte	.LVL5
 742 000f 1A000000 		.4byte	.LVL6
 743 0013 0100     		.2byte	0x1
 744 0015 53       		.byte	0x53
 745 0016 1A000000 		.4byte	.LVL6
 746 001a 1C000000 		.4byte	.LVL7
 747 001e 0200     		.2byte	0x2
 748 0020 72       		.byte	0x72
 749 0021 00       		.sleb128 0
 750 0022 1C000000 		.4byte	.LVL7
 751 0026 38000000 		.4byte	.LFE6
 752 002a 0100     		.2byte	0x1
 753 002c 53       		.byte	0x53
 754 002d 00000000 		.4byte	0
 755 0031 00000000 		.4byte	0
 756              		.section	.debug_aranges,"",%progbits
 757 0000 34000000 		.4byte	0x34
 758 0004 0200     		.2byte	0x2
 759 0006 00000000 		.4byte	.Ldebug_info0
 760 000a 04       		.byte	0x4
 761 000b 00       		.byte	0
 762 000c 0000     		.2byte	0
 763 000e 0000     		.2byte	0
 764 0010 00000000 		.4byte	.LFB5
 765 0014 0C000000 		.4byte	.LFE5-.LFB5
 766 0018 00000000 		.4byte	.LFB4
 767 001c 90000000 		.4byte	.LFE4-.LFB4
 768 0020 00000000 		.4byte	.LFB6
 769 0024 38000000 		.4byte	.LFE6-.LFB6
 770 0028 90000000 		.4byte	.LFB7
 771 002c C8000000 		.4byte	.LFE7-.LFB7
 772 0030 00000000 		.4byte	0
 773 0034 00000000 		.4byte	0
 774              		.section	.debug_ranges,"",%progbits
 775              	.Ldebug_ranges0:
 776 0000 00000000 		.4byte	.LFB5
 777 0004 0C000000 		.4byte	.LFE5
 778 0008 00000000 		.4byte	.LFB4
 779 000c 90000000 		.4byte	.LFE4
 780 0010 00000000 		.4byte	.LFB6
 781 0014 38000000 		.4byte	.LFE6
 782 0018 90000000 		.4byte	.LFB7
 783 001c 58010000 		.4byte	.LFE7
 784 0020 00000000 		.4byte	0
 785 0024 00000000 		.4byte	0
ARM GAS  C:\Users\ASUS\AppData\Local\Temp\cc9W3MJR.s 			page 21


 786              		.section	.debug_line,"",%progbits
 787              	.Ldebug_line0:
 788 0000 C0000000 		.section	.debug_str,"MS",%progbits,1
 788      02005400 
 788      00000201 
 788      FB0E0D00 
 788      01010101 
 789              	.LASF1:
 790 0000 6C6F6E67 		.ascii	"long long int\000"
 790      206C6F6E 
 790      6720696E 
 790      7400
 791              	.LASF13:
 792 000e 75696E74 		.ascii	"uint32\000"
 792      333200
 793              	.LASF20:
 794 0015 47656E65 		.ascii	"Generated_Source\\PSoC4\\cyfitter_cfg.c\000"
 794      72617465 
 794      645F536F 
 794      75726365 
 794      5C50536F 
 795              	.LASF0:
 796 003b 756E7369 		.ascii	"unsigned int\000"
 796      676E6564 
 796      20696E74 
 796      00
 797              	.LASF12:
 798 0048 75696E74 		.ascii	"uint8\000"
 798      3800
 799              	.LASF8:
 800 004e 6C6F6E67 		.ascii	"long unsigned int\000"
 800      20756E73 
 800      69676E65 
 800      6420696E 
 800      7400
 801              	.LASF18:
 802 0060 63796669 		.ascii	"cyfitter_cfg\000"
 802      74746572 
 802      5F636667 
 802      00
 803              	.LASF9:
 804 006d 6C6F6E67 		.ascii	"long long unsigned int\000"
 804      206C6F6E 
 804      6720756E 
 804      7369676E 
 804      65642069 
 805              	.LASF14:
 806 0084 666C6F61 		.ascii	"float\000"
 806      7400
 807              	.LASF17:
 808 008a 53657441 		.ascii	"SetAnalogRoutingPumps\000"
 808      6E616C6F 
 808      67526F75 
 808      74696E67 
 808      50756D70 
 809              	.LASF26:
 810 00a0 43795379 		.ascii	"CySysClkWriteImoFreq\000"
ARM GAS  C:\Users\ASUS\AppData\Local\Temp\cc9W3MJR.s 			page 22


 810      73436C6B 
 810      57726974 
 810      65496D6F 
 810      46726571 
 811              	.LASF4:
 812 00b5 756E7369 		.ascii	"unsigned char\000"
 812      676E6564 
 812      20636861 
 812      7200
 813              	.LASF11:
 814 00c3 63686172 		.ascii	"char\000"
 814      00
 815              	.LASF7:
 816 00c8 6C6F6E67 		.ascii	"long int\000"
 816      20696E74 
 816      00
 817              	.LASF22:
 818 00d1 416E616C 		.ascii	"AnalogSetDefault\000"
 818      6F675365 
 818      74446566 
 818      61756C74 
 818      00
 819              	.LASF23:
 820 00e2 436C6F63 		.ascii	"ClockSetup\000"
 820      6B536574 
 820      757000
 821              	.LASF15:
 822 00ed 646F7562 		.ascii	"double\000"
 822      6C6500
 823              	.LASF21:
 824 00f4 433A5C61 		.ascii	"C:\\aixt\\aixt\\ports\\Cypress\\CY8CKIT-145-40XX\\e"
 824      6978745C 
 824      61697874 
 824      5C706F72 
 824      74735C43 
 825 0121 78616D70 		.ascii	"xamples\\CY8CKIT-145-40XX-adc1.cydsn\000"
 825      6C65735C 
 825      43593843 
 825      4B49542D 
 825      3134352D 
 826              	.LASF16:
 827 0145 72656733 		.ascii	"reg32\000"
 827      3200
 828              	.LASF6:
 829 014b 73686F72 		.ascii	"short unsigned int\000"
 829      7420756E 
 829      7369676E 
 829      65642069 
 829      6E7400
 830              	.LASF3:
 831 015e 7369676E 		.ascii	"signed char\000"
 831      65642063 
 831      68617200 
 832              	.LASF2:
 833 016a 6C6F6E67 		.ascii	"long double\000"
 833      20646F75 
 833      626C6500 
ARM GAS  C:\Users\ASUS\AppData\Local\Temp\cc9W3MJR.s 			page 23


 834              	.LASF24:
 835 0176 656E6162 		.ascii	"enabled\000"
 835      6C656400 
 836              	.LASF25:
 837 017e 72656756 		.ascii	"regValue\000"
 837      616C7565 
 837      00
 838              	.LASF5:
 839 0187 73686F72 		.ascii	"short int\000"
 839      7420696E 
 839      7400
 840              	.LASF19:
 841 0191 474E5520 		.ascii	"GNU C11 5.4.1 20160609 (release) [ARM/embedded-5-br"
 841      43313120 
 841      352E342E 
 841      31203230 
 841      31363036 
 842 01c4 616E6368 		.ascii	"anch revision 237715] -mcpu=cortex-m0plus -mthumb -"
 842      20726576 
 842      6973696F 
 842      6E203233 
 842      37373135 
 843 01f7 67202D4F 		.ascii	"g -Og -ffunction-sections -ffat-lto-objects\000"
 843      67202D66 
 843      66756E63 
 843      74696F6E 
 843      2D736563 
 844              	.LASF10:
 845 0223 73697A65 		.ascii	"sizetype\000"
 845      74797065 
 845      00
 846              		.ident	"GCC: (GNU Tools for ARM Embedded Processors) 5.4.1 20160609 (release) [ARM/embedded-5-bran
