ARM GAS  C:\Users\Usuario\AppData\Local\Temp\ccLIFbgA.s 			page 1


   1              		.syntax unified
   2              		.cpu cortex-m0
   3              		.fpu softvfp
   4              		.eabi_attribute 20, 1
   5              		.eabi_attribute 21, 1
   6              		.eabi_attribute 23, 3
   7              		.eabi_attribute 24, 1
   8              		.eabi_attribute 25, 1
   9              		.eabi_attribute 26, 1
  10              		.eabi_attribute 30, 1
  11              		.eabi_attribute 34, 0
  12              		.eabi_attribute 18, 4
  13              		.thumb
  14              		.syntax unified
  15              		.file	"main.c"
  16              		.text
  17              	.Ltext0:
  18              		.cfi_sections	.debug_frame
  19              		.section	.text.pwm_duty,"ax",%progbits
  20              		.align	2
  21              		.global	pwm_duty
  22              		.code	16
  23              		.thumb_func
  24              		.type	pwm_duty, %function
  25              	pwm_duty:
  26              	.LFB32:
  27              		.file 1 "../../api/machine/pwm.c"
   1:../../api/machine/pwm.c **** // Project Name: Aixt project, https://gitlab.com/fermarsan/aixt-project.git
   2:../../api/machine/pwm.c **** // File Name: pwm.c
   3:../../api/machine/pwm.c **** // Author: Javier Leon, Camilo Lucas and Fernando Martínez Santa
   4:../../api/machine/pwm.c **** // Date: 2023
   5:../../api/machine/pwm.c **** // License: MIT
   6:../../api/machine/pwm.c **** //
   7:../../api/machine/pwm.c **** // Description: This is a module to emulate a PWM output in console.
   8:../../api/machine/pwm.c **** //              (CY8CKIT-049-42XX)
   9:../../api/machine/pwm.c **** 
  10:../../api/machine/pwm.c **** void pwm_duty(int pwm_id, int duty) {
  28              		.loc 1 10 0
  29              		.cfi_startproc
  30              		@ args = 0, pretend = 0, frame = 0
  31              		@ frame_needed = 0, uses_anonymous_args = 0
  32              	.LVL0:
  33 0000 10B5     		push	{r4, lr}
  34              		.cfi_def_cfa_offset 8
  35              		.cfi_offset 4, -8
  36              		.cfi_offset 14, -4
  11:../../api/machine/pwm.c ****     if (pwm_id==1){
  37              		.loc 1 11 0
  38 0002 0128     		cmp	r0, #1
  39 0004 04D1     		bne	.L2
  40              	.LBB2:
  12:../../api/machine/pwm.c ****         pwm0_WriteCompare(duty*655);
  41              		.loc 1 12 0
  42 0006 0D48     		ldr	r0, .L6
  43              	.LVL1:
  44 0008 4843     		muls	r0, r1
  45 000a FFF7FEFF 		bl	pwm0_WriteCompare
ARM GAS  C:\Users\Usuario\AppData\Local\Temp\ccLIFbgA.s 			page 2


  46              	.LVL2:
  47              	.LBE2:
  48 000e 13E0     		b	.L1
  49              	.LVL3:
  50              	.L2:
  13:../../api/machine/pwm.c ****     }
  14:../../api/machine/pwm.c ****     else if (pwm_id==2){
  51              		.loc 1 14 0
  52 0010 0228     		cmp	r0, #2
  53 0012 04D1     		bne	.L4
  15:../../api/machine/pwm.c ****         pwm1_WriteCompare(duty*655);
  54              		.loc 1 15 0
  55 0014 0948     		ldr	r0, .L6
  56              	.LVL4:
  57 0016 4843     		muls	r0, r1
  58 0018 FFF7FEFF 		bl	pwm1_WriteCompare
  59              	.LVL5:
  60 001c 0CE0     		b	.L1
  61              	.LVL6:
  62              	.L4:
  16:../../api/machine/pwm.c ****     }
  17:../../api/machine/pwm.c ****     else if (pwm_id==3){
  63              		.loc 1 17 0
  64 001e 0328     		cmp	r0, #3
  65 0020 04D1     		bne	.L5
  18:../../api/machine/pwm.c ****         pwm2_WriteCompare(duty*655);
  66              		.loc 1 18 0
  67 0022 0648     		ldr	r0, .L6
  68              	.LVL7:
  69 0024 4843     		muls	r0, r1
  70 0026 FFF7FEFF 		bl	pwm2_WriteCompare
  71              	.LVL8:
  72 002a 05E0     		b	.L1
  73              	.LVL9:
  74              	.L5:
  19:../../api/machine/pwm.c ****     }
  20:../../api/machine/pwm.c ****     else if (pwm_id==4){
  75              		.loc 1 20 0
  76 002c 0428     		cmp	r0, #4
  77 002e 03D1     		bne	.L1
  21:../../api/machine/pwm.c ****         pwm3_WriteCompare(duty*655);
  78              		.loc 1 21 0
  79 0030 0248     		ldr	r0, .L6
  80              	.LVL10:
  81 0032 4843     		muls	r0, r1
  82 0034 FFF7FEFF 		bl	pwm3_WriteCompare
  83              	.LVL11:
  84              	.L1:
  22:../../api/machine/pwm.c ****     }
  23:../../api/machine/pwm.c **** }...
  85              		.loc 1 23 0
  86              		@ sp needed
  87 0038 10BD     		pop	{r4, pc}
  88              	.L7:
  89 003a C046     		.align	2
  90              	.L6:
  91 003c 8F020000 		.word	655
ARM GAS  C:\Users\Usuario\AppData\Local\Temp\ccLIFbgA.s 			page 3


  92              		.cfi_endproc
  93              	.LFE32:
  94              		.size	pwm_duty, .-pwm_duty
  95              		.section	.text.adc_read,"ax",%progbits
  96              		.align	2
  97              		.global	adc_read
  98              		.code	16
  99              		.thumb_func
 100              		.type	adc_read, %function
 101              	adc_read:
 102              	.LFB33:
 103              		.file 2 "../../api/machine/adc.c"
   1:../../api/machine/adc.c **** // Project Name: Aixt project, https://gitlab.com/fermarsan/aixt-project.git
   2:../../api/machine/adc.c **** // File Name: adc.c
   3:../../api/machine/adc.c **** // Author: Javier Leon, Camilo Lucas and Fernando Martínez Santa
   4:../../api/machine/adc.c **** // Date: 2023
   5:../../api/machine/adc.c **** // License: MIT
   6:../../api/machine/adc.c **** //
   7:../../api/machine/adc.c **** // Description: This is a module to emulate ADC inputs in console.
   8:../../api/machine/adc.c **** //              (CY8CKIT-049-42XX)
   9:../../api/machine/adc.c **** 
  10:../../api/machine/adc.c **** void adc_read(int channel) {
 104              		.loc 2 10 0
 105              		.cfi_startproc
 106              		@ args = 0, pretend = 0, frame = 0
 107              		@ frame_needed = 0, uses_anonymous_args = 0
 108              	.LVL12:
 109 0000 10B5     		push	{r4, lr}
 110              		.cfi_def_cfa_offset 8
 111              		.cfi_offset 4, -8
 112              		.cfi_offset 14, -4
  11:../../api/machine/adc.c ****     if (channel==1){
 113              		.loc 2 11 0
 114 0002 0128     		cmp	r0, #1
 115 0004 03D1     		bne	.L9
  12:../../api/machine/adc.c ****         amux_FastSelect(0);
 116              		.loc 2 12 0
 117 0006 0020     		movs	r0, #0
 118              	.LVL13:
 119 0008 FFF7FEFF 		bl	amux_FastSelect
 120              	.LVL14:
 121 000c 10E0     		b	.L10
 122              	.LVL15:
 123              	.L9:
  13:../../api/machine/adc.c ****     }
  14:../../api/machine/adc.c ****     else if (channel==2){
 124              		.loc 2 14 0
 125 000e 0228     		cmp	r0, #2
 126 0010 03D1     		bne	.L11
  15:../../api/machine/adc.c ****         amux_FastSelect(1);
 127              		.loc 2 15 0
 128 0012 0138     		subs	r0, r0, #1
 129              	.LVL16:
 130 0014 FFF7FEFF 		bl	amux_FastSelect
 131              	.LVL17:
 132 0018 0AE0     		b	.L10
 133              	.LVL18:
ARM GAS  C:\Users\Usuario\AppData\Local\Temp\ccLIFbgA.s 			page 4


 134              	.L11:
  16:../../api/machine/adc.c ****     }
  17:../../api/machine/adc.c ****     else if (channel==3){
 135              		.loc 2 17 0
 136 001a 0328     		cmp	r0, #3
 137 001c 03D1     		bne	.L12
  18:../../api/machine/adc.c ****         amux_FastSelect(2);
 138              		.loc 2 18 0
 139 001e 0138     		subs	r0, r0, #1
 140              	.LVL19:
 141 0020 FFF7FEFF 		bl	amux_FastSelect
 142              	.LVL20:
 143 0024 04E0     		b	.L10
 144              	.LVL21:
 145              	.L12:
  19:../../api/machine/adc.c ****     }
  20:../../api/machine/adc.c ****     else if (channel==4){
 146              		.loc 2 20 0
 147 0026 0428     		cmp	r0, #4
 148 0028 02D1     		bne	.L10
  21:../../api/machine/adc.c ****         amux_FastSelect(3);
 149              		.loc 2 21 0
 150 002a 0138     		subs	r0, r0, #1
 151              	.LVL22:
 152 002c FFF7FEFF 		bl	amux_FastSelect
 153              	.LVL23:
 154              	.L10:
  22:../../api/machine/adc.c ****     }
  23:../../api/machine/adc.c ****     adc_StartConvert();
 155              		.loc 2 23 0
 156 0030 FFF7FEFF 		bl	adc_StartConvert
 157              	.LVL24:
  24:../../api/machine/adc.c ****     adc_IsEndConversion(adc_WAIT_FOR_RESULT);
 158              		.loc 2 24 0
 159 0034 0220     		movs	r0, #2
 160 0036 FFF7FEFF 		bl	adc_IsEndConversion
 161              	.LVL25:
  25:../../api/machine/adc.c ****     uint16 conv=adc_GetResult16(0);
 162              		.loc 2 25 0
 163 003a 0020     		movs	r0, #0
 164 003c FFF7FEFF 		bl	adc_GetResult16
 165              	.LVL26:
  26:../../api/machine/adc.c ****     adc_StopConvert();
 166              		.loc 2 26 0
 167 0040 FFF7FEFF 		bl	adc_StopConvert
 168              	.LVL27:
  27:../../api/machine/adc.c **** }
 169              		.loc 2 27 0
 170              		@ sp needed
 171 0044 10BD     		pop	{r4, pc}
 172              		.cfi_endproc
 173              	.LFE33:
 174              		.size	adc_read, .-adc_read
 175 0046 C046     		.section	.text.input,"ax",%progbits
 176              		.align	2
 177              		.global	input
 178              		.code	16
ARM GAS  C:\Users\Usuario\AppData\Local\Temp\ccLIFbgA.s 			page 5


 179              		.thumb_func
 180              		.type	input, %function
 181              	input:
 182              	.LFB34:
 183              		.file 3 "../../api/machine/uart.c"
   1:../../api/machine/uart.c **** // Project Name: Aixt project, https://gitlab.com/fermarsan/aixt-project.git
   2:../../api/machine/uart.c **** // File Name: pwm.c
   3:../../api/machine/uart.c **** // Author: Javier Leon, Camilo Lucas and Fernando Martínez Santa
   4:../../api/machine/uart.c **** // Date: 2023
   5:../../api/machine/uart.c **** // License: MIT
   6:../../api/machine/uart.c **** //
   7:../../api/machine/uart.c **** // Description: This is a module to emulate a PWM output in console.
   8:../../api/machine/uart.c **** //              (CY8CKIT-049-42XX)
   9:../../api/machine/uart.c **** 
  10:../../api/machine/uart.c **** void input() {
 184              		.loc 3 10 0
 185              		.cfi_startproc
 186              		@ args = 0, pretend = 0, frame = 0
 187              		@ frame_needed = 0, uses_anonymous_args = 0
 188 0000 10B5     		push	{r4, lr}
 189              		.cfi_def_cfa_offset 8
 190              		.cfi_offset 4, -8
 191              		.cfi_offset 14, -4
  11:../../api/machine/uart.c ****     char str1=UART_UartGetChar();
 192              		.loc 3 11 0
 193 0002 FFF7FEFF 		bl	UART_UartGetChar
 194              	.LVL28:
  12:../../api/machine/uart.c **** }
 195              		.loc 3 12 0
 196              		@ sp needed
 197 0006 10BD     		pop	{r4, pc}
 198              		.cfi_endproc
 199              	.LFE34:
 200              		.size	input, .-input
 201              		.section	.text.print,"ax",%progbits
 202              		.align	2
 203              		.global	print
 204              		.code	16
 205              		.thumb_func
 206              		.type	print, %function
 207              	print:
 208              	.LFB35:
  13:../../api/machine/uart.c **** 
  14:../../api/machine/uart.c **** void print(char mensaje[]){
 209              		.loc 3 14 0
 210              		.cfi_startproc
 211              		@ args = 0, pretend = 0, frame = 0
 212              		@ frame_needed = 0, uses_anonymous_args = 0
 213              	.LVL29:
 214 0000 10B5     		push	{r4, lr}
 215              		.cfi_def_cfa_offset 8
 216              		.cfi_offset 4, -8
 217              		.cfi_offset 14, -4
  15:../../api/machine/uart.c ****     UART_UartPutString(mensaje);
 218              		.loc 3 15 0
 219 0002 FFF7FEFF 		bl	UART_UartPutString
 220              	.LVL30:
ARM GAS  C:\Users\Usuario\AppData\Local\Temp\ccLIFbgA.s 			page 6


  16:../../api/machine/uart.c **** }
 221              		.loc 3 16 0
 222              		@ sp needed
 223 0006 10BD     		pop	{r4, pc}
 224              		.cfi_endproc
 225              	.LFE35:
 226              		.size	print, .-print
 227              		.section	.text.println,"ax",%progbits
 228              		.align	2
 229              		.global	println
 230              		.code	16
 231              		.thumb_func
 232              		.type	println, %function
 233              	println:
 234              	.LFB36:
  17:../../api/machine/uart.c **** 
  18:../../api/machine/uart.c **** void println(char mensaje[]){
 235              		.loc 3 18 0
 236              		.cfi_startproc
 237              		@ args = 0, pretend = 0, frame = 0
 238              		@ frame_needed = 0, uses_anonymous_args = 0
 239              	.LVL31:
 240 0000 10B5     		push	{r4, lr}
 241              		.cfi_def_cfa_offset 8
 242              		.cfi_offset 4, -8
 243              		.cfi_offset 14, -4
  19:../../api/machine/uart.c ****     UART_UartPutString(mensaje);
 244              		.loc 3 19 0
 245 0002 FFF7FEFF 		bl	UART_UartPutString
 246              	.LVL32:
  20:../../api/machine/uart.c ****     UART_UartPutString("\n\r");
 247              		.loc 3 20 0
 248 0006 0248     		ldr	r0, .L16
 249 0008 FFF7FEFF 		bl	UART_UartPutString
 250              	.LVL33:
  21:../../api/machine/uart.c **** }
 251              		.loc 3 21 0
 252              		@ sp needed
 253 000c 10BD     		pop	{r4, pc}
 254              	.L17:
 255 000e C046     		.align	2
 256              	.L16:
 257 0010 00000000 		.word	.LC0
 258              		.cfi_endproc
 259              	.LFE36:
 260              		.size	println, .-println
 261              		.section	.text.main,"ax",%progbits
 262              		.align	2
 263              		.global	main
 264              		.code	16
 265              		.thumb_func
 266              		.type	main, %function
 267              	main:
 268              	.LFB37:
 269              		.file 4 "main.c"
   1:main.c        **** /* ========================================
   2:main.c        ****  *
ARM GAS  C:\Users\Usuario\AppData\Local\Temp\ccLIFbgA.s 			page 7


   3:main.c        ****  * Copyright YOUR COMPANY, THE YEAR
   4:main.c        ****  * All Rights Reserved
   5:main.c        ****  * UNPUBLISHED, LICENSED SOFTWARE.
   6:main.c        ****  *
   7:main.c        ****  * CONFIDENTIAL AND PROPRIETARY INFORMATION
   8:main.c        ****  * WHICH IS THE PROPERTY OF your company.
   9:main.c        ****  *
  10:main.c        ****  * ========================================
  11:main.c        **** */
  12:main.c        **** #include "project.h"
  13:main.c        **** 
  14:main.c        **** #include "../../api/builtin.c"
  15:main.c        **** #include "../../api/machine/pin.c"
  16:main.c        **** #include "../../api/machine/pwm.c"
  17:main.c        **** #include "../../api/machine/adc.c"
  18:main.c        **** #include "../../api/machine/uart.c"
  19:main.c        **** #include "../../api/time/sleep_ms.c"
  20:main.c        **** 
  21:main.c        **** 
  22:main.c        **** int main(void)
  23:main.c        **** {
 270              		.loc 4 23 0
 271              		.cfi_startproc
 272              		@ Volatile: function does not return.
 273              		@ args = 0, pretend = 0, frame = 0
 274              		@ frame_needed = 0, uses_anonymous_args = 0
 275 0000 10B5     		push	{r4, lr}
 276              		.cfi_def_cfa_offset 8
 277              		.cfi_offset 4, -8
 278              		.cfi_offset 14, -4
  24:main.c        ****     CyGlobalIntEnable; /* Enable global interrupts. */
 279              		.loc 4 24 0
 280              		.syntax divided
 281              	@ 24 "main.c" 1
 282 0002 62B6     		CPSIE   i
 283              	@ 0 "" 2
  25:main.c        ****     uart_Start();
 284              		.loc 4 25 0
 285              		.thumb
 286              		.syntax unified
 287 0004 FFF7FEFF 		bl	uart_Start
 288              	.LVL34:
  26:main.c        ****     pwm1_Start();
 289              		.loc 4 26 0
 290 0008 FFF7FEFF 		bl	pwm1_Start
 291              	.LVL35:
  27:main.c        ****     pwm2_Start();
 292              		.loc 4 27 0
 293 000c FFF7FEFF 		bl	pwm2_Start
 294              	.LVL36:
  28:main.c        ****     pwm3_Start();
 295              		.loc 4 28 0
 296 0010 FFF7FEFF 		bl	pwm3_Start
 297              	.LVL37:
  29:main.c        ****     pwm4_Start();
 298              		.loc 4 29 0
 299 0014 FFF7FEFF 		bl	pwm4_Start
ARM GAS  C:\Users\Usuario\AppData\Local\Temp\ccLIFbgA.s 			page 8


 300              	.LVL38:
  30:main.c        ****     clock_Start();
 301              		.loc 4 30 0
 302 0018 FFF7FEFF 		bl	clock_Start
 303              	.LVL39:
  31:main.c        ****     adc_Start();
 304              		.loc 4 31 0
 305 001c FFF7FEFF 		bl	adc_Start
 306              	.LVL40:
  32:main.c        ****     amux_Start();
 307              		.loc 4 32 0
 308 0020 FFF7FEFF 		bl	amux_Start
 309              	.LVL41:
 310              	.L19:
 311 0024 FEE7     		b	.L19
 312              		.cfi_endproc
 313              	.LFE37:
 314              		.size	main, .-main
 315 0026 C046     		.section	.rodata.str1.4,"aMS",%progbits,1
 316              		.align	2
 317              	.LC0:
 318 0000 0A0D00   		.ascii	"\012\015\000"
 319              		.text
 320              	.Letext0:
 321              		.file 5 "Generated_Source\\PSoC4/pwm1.h"
 322              		.file 6 "Generated_Source\\PSoC4/pwm2.h"
 323              		.file 7 "Generated_Source\\PSoC4/pwm3.h"
 324              		.file 8 "Generated_Source\\PSoC4/amux.h"
 325              		.file 9 "Generated_Source\\PSoC4/adc.h"
 326              		.file 10 "Generated_Source\\PSoC4/uart.h"
 327              		.file 11 "Generated_Source\\PSoC4/pwm4.h"
 328              		.file 12 "Generated_Source\\PSoC4/clock.h"
 329              		.file 13 "Generated_Source\\PSoC4/cytypes.h"
 330              		.section	.debug_info,"",%progbits
 331              	.Ldebug_info0:
 332 0000 26040000 		.4byte	0x426
 333 0004 0400     		.2byte	0x4
 334 0006 00000000 		.4byte	.Ldebug_abbrev0
 335 000a 04       		.byte	0x4
 336 000b 01       		.uleb128 0x1
 337 000c 64010000 		.4byte	.LASF43
 338 0010 0C       		.byte	0xc
 339 0011 12020000 		.4byte	.LASF44
 340 0015 24020000 		.4byte	.LASF45
 341 0019 00000000 		.4byte	.Ldebug_ranges0+0
 342 001d 00000000 		.4byte	0
 343 0021 00000000 		.4byte	.Ldebug_line0
 344 0025 02       		.uleb128 0x2
 345 0026 01       		.byte	0x1
 346 0027 06       		.byte	0x6
 347 0028 58010000 		.4byte	.LASF0
 348 002c 02       		.uleb128 0x2
 349 002d 01       		.byte	0x1
 350 002e 08       		.byte	0x8
 351 002f 27010000 		.4byte	.LASF1
 352 0033 02       		.uleb128 0x2
 353 0034 02       		.byte	0x2
ARM GAS  C:\Users\Usuario\AppData\Local\Temp\ccLIFbgA.s 			page 9


 354 0035 05       		.byte	0x5
 355 0036 9A020000 		.4byte	.LASF2
 356 003a 02       		.uleb128 0x2
 357 003b 02       		.byte	0x2
 358 003c 07       		.byte	0x7
 359 003d 8F000000 		.4byte	.LASF3
 360 0041 02       		.uleb128 0x2
 361 0042 04       		.byte	0x4
 362 0043 05       		.byte	0x5
 363 0044 C5020000 		.4byte	.LASF4
 364 0048 02       		.uleb128 0x2
 365 0049 04       		.byte	0x4
 366 004a 07       		.byte	0x7
 367 004b 75000000 		.4byte	.LASF5
 368 004f 02       		.uleb128 0x2
 369 0050 08       		.byte	0x8
 370 0051 05       		.byte	0x5
 371 0052 04020000 		.4byte	.LASF6
 372 0056 02       		.uleb128 0x2
 373 0057 08       		.byte	0x8
 374 0058 07       		.byte	0x7
 375 0059 47000000 		.4byte	.LASF7
 376 005d 03       		.uleb128 0x3
 377 005e 04       		.byte	0x4
 378 005f 05       		.byte	0x5
 379 0060 696E7400 		.ascii	"int\000"
 380 0064 02       		.uleb128 0x2
 381 0065 04       		.byte	0x4
 382 0066 07       		.byte	0x7
 383 0067 35010000 		.4byte	.LASF8
 384 006b 04       		.uleb128 0x4
 385 006c 10010000 		.4byte	.LASF46
 386 0070 0D       		.byte	0xd
 387 0071 FD01     		.2byte	0x1fd
 388 0073 3A000000 		.4byte	0x3a
 389 0077 02       		.uleb128 0x2
 390 0078 04       		.byte	0x4
 391 0079 04       		.byte	0x4
 392 007a 41000000 		.4byte	.LASF9
 393 007e 02       		.uleb128 0x2
 394 007f 08       		.byte	0x8
 395 0080 04       		.byte	0x4
 396 0081 27000000 		.4byte	.LASF10
 397 0085 02       		.uleb128 0x2
 398 0086 01       		.byte	0x1
 399 0087 08       		.byte	0x8
 400 0088 19020000 		.4byte	.LASF11
 401 008c 02       		.uleb128 0x2
 402 008d 08       		.byte	0x8
 403 008e 04       		.byte	0x4
 404 008f E2020000 		.4byte	.LASF12
 405 0093 02       		.uleb128 0x2
 406 0094 04       		.byte	0x4
 407 0095 07       		.byte	0x7
 408 0096 F2010000 		.4byte	.LASF13
 409 009a 05       		.uleb128 0x5
 410 009b 04       		.byte	0x4
ARM GAS  C:\Users\Usuario\AppData\Local\Temp\ccLIFbgA.s 			page 10


 411 009c 85000000 		.4byte	0x85
 412 00a0 06       		.uleb128 0x6
 413 00a1 E0000000 		.4byte	.LASF16
 414 00a5 01       		.byte	0x1
 415 00a6 0A       		.byte	0xa
 416 00a7 00000000 		.4byte	.LFB32
 417 00ab 40000000 		.4byte	.LFE32-.LFB32
 418 00af 01       		.uleb128 0x1
 419 00b0 9C       		.byte	0x9c
 420 00b1 4F010000 		.4byte	0x14f
 421 00b5 07       		.uleb128 0x7
 422 00b6 A4020000 		.4byte	.LASF14
 423 00ba 01       		.byte	0x1
 424 00bb 0A       		.byte	0xa
 425 00bc 5D000000 		.4byte	0x5d
 426 00c0 00000000 		.4byte	.LLST0
 427 00c4 07       		.uleb128 0x7
 428 00c5 A2000000 		.4byte	.LASF15
 429 00c9 01       		.byte	0x1
 430 00ca 0A       		.byte	0xa
 431 00cb 5D000000 		.4byte	0x5d
 432 00cf 6C000000 		.4byte	.LLST1
 433 00d3 08       		.uleb128 0x8
 434 00d4 06000000 		.4byte	.LBB2
 435 00d8 08000000 		.4byte	.LBE2-.LBB2
 436 00dc 07010000 		.4byte	0x107
 437 00e0 09       		.uleb128 0x9
 438 00e1 C3000000 		.4byte	.LASF21
 439 00e5 01       		.byte	0x1
 440 00e6 0C       		.byte	0xc
 441 00e7 5D000000 		.4byte	0x5d
 442 00eb F1000000 		.4byte	0xf1
 443 00ef 0A       		.uleb128 0xa
 444 00f0 00       		.byte	0
 445 00f1 0B       		.uleb128 0xb
 446 00f2 0E000000 		.4byte	.LVL2
 447 00f6 51030000 		.4byte	0x351
 448 00fa 0C       		.uleb128 0xc
 449 00fb 01       		.uleb128 0x1
 450 00fc 50       		.byte	0x50
 451 00fd 07       		.uleb128 0x7
 452 00fe F3       		.byte	0xf3
 453 00ff 01       		.uleb128 0x1
 454 0100 51       		.byte	0x51
 455 0101 0A       		.byte	0xa
 456 0102 8F02     		.2byte	0x28f
 457 0104 1E       		.byte	0x1e
 458 0105 00       		.byte	0
 459 0106 00       		.byte	0
 460 0107 0D       		.uleb128 0xd
 461 0108 1C000000 		.4byte	.LVL5
 462 010c 5C030000 		.4byte	0x35c
 463 0110 20010000 		.4byte	0x120
 464 0114 0C       		.uleb128 0xc
 465 0115 01       		.uleb128 0x1
 466 0116 50       		.byte	0x50
 467 0117 07       		.uleb128 0x7
ARM GAS  C:\Users\Usuario\AppData\Local\Temp\ccLIFbgA.s 			page 11


 468 0118 F3       		.byte	0xf3
 469 0119 01       		.uleb128 0x1
 470 011a 51       		.byte	0x51
 471 011b 0A       		.byte	0xa
 472 011c 8F02     		.2byte	0x28f
 473 011e 1E       		.byte	0x1e
 474 011f 00       		.byte	0
 475 0120 0D       		.uleb128 0xd
 476 0121 2A000000 		.4byte	.LVL8
 477 0125 68030000 		.4byte	0x368
 478 0129 39010000 		.4byte	0x139
 479 012d 0C       		.uleb128 0xc
 480 012e 01       		.uleb128 0x1
 481 012f 50       		.byte	0x50
 482 0130 07       		.uleb128 0x7
 483 0131 F3       		.byte	0xf3
 484 0132 01       		.uleb128 0x1
 485 0133 51       		.byte	0x51
 486 0134 0A       		.byte	0xa
 487 0135 8F02     		.2byte	0x28f
 488 0137 1E       		.byte	0x1e
 489 0138 00       		.byte	0
 490 0139 0B       		.uleb128 0xb
 491 013a 38000000 		.4byte	.LVL11
 492 013e 74030000 		.4byte	0x374
 493 0142 0C       		.uleb128 0xc
 494 0143 01       		.uleb128 0x1
 495 0144 50       		.byte	0x50
 496 0145 07       		.uleb128 0x7
 497 0146 F3       		.byte	0xf3
 498 0147 01       		.uleb128 0x1
 499 0148 51       		.byte	0x51
 500 0149 0A       		.byte	0xa
 501 014a 8F02     		.2byte	0x28f
 502 014c 1E       		.byte	0x1e
 503 014d 00       		.byte	0
 504 014e 00       		.byte	0
 505 014f 06       		.uleb128 0x6
 506 0150 FB010000 		.4byte	.LASF17
 507 0154 02       		.byte	0x2
 508 0155 0A       		.byte	0xa
 509 0156 00000000 		.4byte	.LFB33
 510 015a 46000000 		.4byte	.LFE33-.LFB33
 511 015e 01       		.uleb128 0x1
 512 015f 9C       		.byte	0x9c
 513 0160 0F020000 		.4byte	0x20f
 514 0164 07       		.uleb128 0x7
 515 0165 14000000 		.4byte	.LASF18
 516 0169 02       		.byte	0x2
 517 016a 0A       		.byte	0xa
 518 016b 5D000000 		.4byte	0x5d
 519 016f D8000000 		.4byte	.LLST2
 520 0173 0E       		.uleb128 0xe
 521 0174 FE020000 		.4byte	.LASF19
 522 0178 02       		.byte	0x2
 523 0179 19       		.byte	0x19
 524 017a 6B000000 		.4byte	0x6b
ARM GAS  C:\Users\Usuario\AppData\Local\Temp\ccLIFbgA.s 			page 12


 525 017e 0D       		.uleb128 0xd
 526 017f 0C000000 		.4byte	.LVL14
 527 0183 80030000 		.4byte	0x380
 528 0187 91010000 		.4byte	0x191
 529 018b 0C       		.uleb128 0xc
 530 018c 01       		.uleb128 0x1
 531 018d 50       		.byte	0x50
 532 018e 01       		.uleb128 0x1
 533 018f 30       		.byte	0x30
 534 0190 00       		.byte	0
 535 0191 0D       		.uleb128 0xd
 536 0192 18000000 		.4byte	.LVL17
 537 0196 80030000 		.4byte	0x380
 538 019a A8010000 		.4byte	0x1a8
 539 019e 0C       		.uleb128 0xc
 540 019f 01       		.uleb128 0x1
 541 01a0 50       		.byte	0x50
 542 01a1 05       		.uleb128 0x5
 543 01a2 F3       		.byte	0xf3
 544 01a3 01       		.uleb128 0x1
 545 01a4 50       		.byte	0x50
 546 01a5 31       		.byte	0x31
 547 01a6 1C       		.byte	0x1c
 548 01a7 00       		.byte	0
 549 01a8 0D       		.uleb128 0xd
 550 01a9 24000000 		.4byte	.LVL20
 551 01ad 80030000 		.4byte	0x380
 552 01b1 BF010000 		.4byte	0x1bf
 553 01b5 0C       		.uleb128 0xc
 554 01b6 01       		.uleb128 0x1
 555 01b7 50       		.byte	0x50
 556 01b8 05       		.uleb128 0x5
 557 01b9 F3       		.byte	0xf3
 558 01ba 01       		.uleb128 0x1
 559 01bb 50       		.byte	0x50
 560 01bc 31       		.byte	0x31
 561 01bd 1C       		.byte	0x1c
 562 01be 00       		.byte	0
 563 01bf 0D       		.uleb128 0xd
 564 01c0 30000000 		.4byte	.LVL23
 565 01c4 80030000 		.4byte	0x380
 566 01c8 D6010000 		.4byte	0x1d6
 567 01cc 0C       		.uleb128 0xc
 568 01cd 01       		.uleb128 0x1
 569 01ce 50       		.byte	0x50
 570 01cf 05       		.uleb128 0x5
 571 01d0 F3       		.byte	0xf3
 572 01d1 01       		.uleb128 0x1
 573 01d2 50       		.byte	0x50
 574 01d3 31       		.byte	0x31
 575 01d4 1C       		.byte	0x1c
 576 01d5 00       		.byte	0
 577 01d6 0F       		.uleb128 0xf
 578 01d7 34000000 		.4byte	.LVL24
 579 01db 8B030000 		.4byte	0x38b
 580 01df 0D       		.uleb128 0xd
 581 01e0 3A000000 		.4byte	.LVL25
ARM GAS  C:\Users\Usuario\AppData\Local\Temp\ccLIFbgA.s 			page 13


 582 01e4 96030000 		.4byte	0x396
 583 01e8 F2010000 		.4byte	0x1f2
 584 01ec 0C       		.uleb128 0xc
 585 01ed 01       		.uleb128 0x1
 586 01ee 50       		.byte	0x50
 587 01ef 01       		.uleb128 0x1
 588 01f0 32       		.byte	0x32
 589 01f1 00       		.byte	0
 590 01f2 0D       		.uleb128 0xd
 591 01f3 40000000 		.4byte	.LVL26
 592 01f7 A1030000 		.4byte	0x3a1
 593 01fb 05020000 		.4byte	0x205
 594 01ff 0C       		.uleb128 0xc
 595 0200 01       		.uleb128 0x1
 596 0201 50       		.byte	0x50
 597 0202 01       		.uleb128 0x1
 598 0203 30       		.byte	0x30
 599 0204 00       		.byte	0
 600 0205 0F       		.uleb128 0xf
 601 0206 44000000 		.4byte	.LVL27
 602 020a AC030000 		.4byte	0x3ac
 603 020e 00       		.byte	0
 604 020f 10       		.uleb128 0x10
 605 0210 6F000000 		.4byte	.LASF47
 606 0214 03       		.byte	0x3
 607 0215 0A       		.byte	0xa
 608 0216 00000000 		.4byte	.LFB34
 609 021a 08000000 		.4byte	.LFE34-.LFB34
 610 021e 01       		.uleb128 0x1
 611 021f 9C       		.byte	0x9c
 612 0220 4A020000 		.4byte	0x24a
 613 0224 0E       		.uleb128 0xe
 614 0225 0B010000 		.4byte	.LASF20
 615 0229 03       		.byte	0x3
 616 022a 0B       		.byte	0xb
 617 022b 85000000 		.4byte	0x85
 618 022f 09       		.uleb128 0x9
 619 0230 5E000000 		.4byte	.LASF22
 620 0234 03       		.byte	0x3
 621 0235 0B       		.byte	0xb
 622 0236 5D000000 		.4byte	0x5d
 623 023a 40020000 		.4byte	0x240
 624 023e 0A       		.uleb128 0xa
 625 023f 00       		.byte	0
 626 0240 0F       		.uleb128 0xf
 627 0241 06000000 		.4byte	.LVL28
 628 0245 B7030000 		.4byte	0x3b7
 629 0249 00       		.byte	0
 630 024a 06       		.uleb128 0x6
 631 024b 1E020000 		.4byte	.LASF23
 632 024f 03       		.byte	0x3
 633 0250 0E       		.byte	0xe
 634 0251 00000000 		.4byte	.LFB35
 635 0255 08000000 		.4byte	.LFE35-.LFB35
 636 0259 01       		.uleb128 0x1
 637 025a 9C       		.byte	0x9c
 638 025b 91020000 		.4byte	0x291
ARM GAS  C:\Users\Usuario\AppData\Local\Temp\ccLIFbgA.s 			page 14


 639 025f 07       		.uleb128 0x7
 640 0260 87000000 		.4byte	.LASF24
 641 0264 03       		.byte	0x3
 642 0265 0E       		.byte	0xe
 643 0266 9A000000 		.4byte	0x9a
 644 026a 6B010000 		.4byte	.LLST3
 645 026e 09       		.uleb128 0x9
 646 026f 2E000000 		.4byte	.LASF25
 647 0273 03       		.byte	0x3
 648 0274 0F       		.byte	0xf
 649 0275 5D000000 		.4byte	0x5d
 650 0279 7F020000 		.4byte	0x27f
 651 027d 0A       		.uleb128 0xa
 652 027e 00       		.byte	0
 653 027f 0B       		.uleb128 0xb
 654 0280 06000000 		.4byte	.LVL30
 655 0284 C2030000 		.4byte	0x3c2
 656 0288 0C       		.uleb128 0xc
 657 0289 01       		.uleb128 0x1
 658 028a 50       		.byte	0x50
 659 028b 03       		.uleb128 0x3
 660 028c F3       		.byte	0xf3
 661 028d 01       		.uleb128 0x1
 662 028e 50       		.byte	0x50
 663 028f 00       		.byte	0
 664 0290 00       		.byte	0
 665 0291 06       		.uleb128 0x6
 666 0292 0C000000 		.4byte	.LASF26
 667 0296 03       		.byte	0x3
 668 0297 12       		.byte	0x12
 669 0298 00000000 		.4byte	.LFB36
 670 029c 14000000 		.4byte	.LFE36-.LFB36
 671 02a0 01       		.uleb128 0x1
 672 02a1 9C       		.byte	0x9c
 673 02a2 EF020000 		.4byte	0x2ef
 674 02a6 07       		.uleb128 0x7
 675 02a7 87000000 		.4byte	.LASF24
 676 02ab 03       		.byte	0x3
 677 02ac 12       		.byte	0x12
 678 02ad 9A000000 		.4byte	0x9a
 679 02b1 8C010000 		.4byte	.LLST4
 680 02b5 09       		.uleb128 0x9
 681 02b6 2E000000 		.4byte	.LASF25
 682 02ba 03       		.byte	0x3
 683 02bb 0F       		.byte	0xf
 684 02bc 5D000000 		.4byte	0x5d
 685 02c0 C6020000 		.4byte	0x2c6
 686 02c4 0A       		.uleb128 0xa
 687 02c5 00       		.byte	0
 688 02c6 0D       		.uleb128 0xd
 689 02c7 06000000 		.4byte	.LVL32
 690 02cb C2030000 		.4byte	0x3c2
 691 02cf DB020000 		.4byte	0x2db
 692 02d3 0C       		.uleb128 0xc
 693 02d4 01       		.uleb128 0x1
 694 02d5 50       		.byte	0x50
 695 02d6 03       		.uleb128 0x3
ARM GAS  C:\Users\Usuario\AppData\Local\Temp\ccLIFbgA.s 			page 15


 696 02d7 F3       		.byte	0xf3
 697 02d8 01       		.uleb128 0x1
 698 02d9 50       		.byte	0x50
 699 02da 00       		.byte	0
 700 02db 0B       		.uleb128 0xb
 701 02dc 0C000000 		.4byte	.LVL33
 702 02e0 C2030000 		.4byte	0x3c2
 703 02e4 0C       		.uleb128 0xc
 704 02e5 01       		.uleb128 0x1
 705 02e6 50       		.byte	0x50
 706 02e7 05       		.uleb128 0x5
 707 02e8 03       		.byte	0x3
 708 02e9 00000000 		.4byte	.LC0
 709 02ed 00       		.byte	0
 710 02ee 00       		.byte	0
 711 02ef 11       		.uleb128 0x11
 712 02f0 22010000 		.4byte	.LASF48
 713 02f4 04       		.byte	0x4
 714 02f5 16       		.byte	0x16
 715 02f6 5D000000 		.4byte	0x5d
 716 02fa 00000000 		.4byte	.LFB37
 717 02fe 26000000 		.4byte	.LFE37-.LFB37
 718 0302 01       		.uleb128 0x1
 719 0303 9C       		.byte	0x9c
 720 0304 51030000 		.4byte	0x351
 721 0308 0F       		.uleb128 0xf
 722 0309 08000000 		.4byte	.LVL34
 723 030d CD030000 		.4byte	0x3cd
 724 0311 0F       		.uleb128 0xf
 725 0312 0C000000 		.4byte	.LVL35
 726 0316 D8030000 		.4byte	0x3d8
 727 031a 0F       		.uleb128 0xf
 728 031b 10000000 		.4byte	.LVL36
 729 031f E4030000 		.4byte	0x3e4
 730 0323 0F       		.uleb128 0xf
 731 0324 14000000 		.4byte	.LVL37
 732 0328 F0030000 		.4byte	0x3f0
 733 032c 0F       		.uleb128 0xf
 734 032d 18000000 		.4byte	.LVL38
 735 0331 FC030000 		.4byte	0x3fc
 736 0335 0F       		.uleb128 0xf
 737 0336 1C000000 		.4byte	.LVL39
 738 033a 08040000 		.4byte	0x408
 739 033e 0F       		.uleb128 0xf
 740 033f 20000000 		.4byte	.LVL40
 741 0343 13040000 		.4byte	0x413
 742 0347 0F       		.uleb128 0xf
 743 0348 24000000 		.4byte	.LVL41
 744 034c 1E040000 		.4byte	0x41e
 745 0350 00       		.byte	0
 746 0351 12       		.uleb128 0x12
 747 0352 C3000000 		.4byte	.LASF21
 748 0356 C3000000 		.4byte	.LASF21
 749 035a 01       		.byte	0x1
 750 035b 0C       		.byte	0xc
 751 035c 13       		.uleb128 0x13
 752 035d 03030000 		.4byte	.LASF27
ARM GAS  C:\Users\Usuario\AppData\Local\Temp\ccLIFbgA.s 			page 16


 753 0361 03030000 		.4byte	.LASF27
 754 0365 05       		.byte	0x5
 755 0366 5501     		.2byte	0x155
 756 0368 13       		.uleb128 0x13
 757 0369 E9000000 		.4byte	.LASF28
 758 036d E9000000 		.4byte	.LASF28
 759 0371 06       		.byte	0x6
 760 0372 5501     		.2byte	0x155
 761 0374 13       		.uleb128 0x13
 762 0375 15030000 		.4byte	.LASF29
 763 0379 15030000 		.4byte	.LASF29
 764 037d 07       		.byte	0x7
 765 037e 5501     		.2byte	0x155
 766 0380 12       		.uleb128 0x12
 767 0381 EE020000 		.4byte	.LASF30
 768 0385 EE020000 		.4byte	.LASF30
 769 0389 08       		.byte	0x8
 770 038a 27       		.byte	0x27
 771 038b 12       		.uleb128 0x12
 772 038c A7000000 		.4byte	.LASF31
 773 0390 A7000000 		.4byte	.LASF31
 774 0394 09       		.byte	0x9
 775 0395 9D       		.byte	0x9d
 776 0396 12       		.uleb128 0x12
 777 0397 CE020000 		.4byte	.LASF32
 778 039b CE020000 		.4byte	.LASF32
 779 039f 09       		.byte	0x9
 780 03a0 9F       		.byte	0x9f
 781 03a1 12       		.uleb128 0x12
 782 03a2 FB000000 		.4byte	.LASF33
 783 03a6 FB000000 		.4byte	.LASF33
 784 03aa 09       		.byte	0x9
 785 03ab A0       		.byte	0xa0
 786 03ac 12       		.uleb128 0x12
 787 03ad B5020000 		.4byte	.LASF34
 788 03b1 B5020000 		.4byte	.LASF34
 789 03b5 09       		.byte	0x9
 790 03b6 9E       		.byte	0x9e
 791 03b7 12       		.uleb128 0x12
 792 03b8 5E000000 		.4byte	.LASF22
 793 03bc 5E000000 		.4byte	.LASF22
 794 03c0 03       		.byte	0x3
 795 03c1 0B       		.byte	0xb
 796 03c2 12       		.uleb128 0x12
 797 03c3 2E000000 		.4byte	.LASF25
 798 03c7 2E000000 		.4byte	.LASF25
 799 03cb 03       		.byte	0x3
 800 03cc 0F       		.byte	0xf
 801 03cd 12       		.uleb128 0x12
 802 03ce B8000000 		.4byte	.LASF35
 803 03d2 B8000000 		.4byte	.LASF35
 804 03d6 0A       		.byte	0xa
 805 03d7 72       		.byte	0x72
 806 03d8 13       		.uleb128 0x13
 807 03d9 D5000000 		.4byte	.LASF36
 808 03dd D5000000 		.4byte	.LASF36
 809 03e1 05       		.byte	0x5
ARM GAS  C:\Users\Usuario\AppData\Local\Temp\ccLIFbgA.s 			page 17


 810 03e2 3201     		.2byte	0x132
 811 03e4 13       		.uleb128 0x13
 812 03e5 17010000 		.4byte	.LASF37
 813 03e9 17010000 		.4byte	.LASF37
 814 03ed 06       		.byte	0x6
 815 03ee 3201     		.2byte	0x132
 816 03f0 13       		.uleb128 0x13
 817 03f1 4D010000 		.4byte	.LASF38
 818 03f5 4D010000 		.4byte	.LASF38
 819 03f9 07       		.byte	0x7
 820 03fa 3201     		.2byte	0x132
 821 03fc 13       		.uleb128 0x13
 822 03fd 42010000 		.4byte	.LASF39
 823 0401 42010000 		.4byte	.LASF39
 824 0405 0B       		.byte	0xb
 825 0406 3201     		.2byte	0x132
 826 0408 12       		.uleb128 0x12
 827 0409 00000000 		.4byte	.LASF40
 828 040d 00000000 		.4byte	.LASF40
 829 0411 0C       		.byte	0xc
 830 0412 23       		.byte	0x23
 831 0413 12       		.uleb128 0x12
 832 0414 AB020000 		.4byte	.LASF41
 833 0418 AB020000 		.4byte	.LASF41
 834 041c 09       		.byte	0x9
 835 041d 99       		.byte	0x99
 836 041e 12       		.uleb128 0x12
 837 041f 1C000000 		.4byte	.LASF42
 838 0423 1C000000 		.4byte	.LASF42
 839 0427 08       		.byte	0x8
 840 0428 25       		.byte	0x25
 841 0429 00       		.byte	0
 842              		.section	.debug_abbrev,"",%progbits
 843              	.Ldebug_abbrev0:
 844 0000 01       		.uleb128 0x1
 845 0001 11       		.uleb128 0x11
 846 0002 01       		.byte	0x1
 847 0003 25       		.uleb128 0x25
 848 0004 0E       		.uleb128 0xe
 849 0005 13       		.uleb128 0x13
 850 0006 0B       		.uleb128 0xb
 851 0007 03       		.uleb128 0x3
 852 0008 0E       		.uleb128 0xe
 853 0009 1B       		.uleb128 0x1b
 854 000a 0E       		.uleb128 0xe
 855 000b 55       		.uleb128 0x55
 856 000c 17       		.uleb128 0x17
 857 000d 11       		.uleb128 0x11
 858 000e 01       		.uleb128 0x1
 859 000f 10       		.uleb128 0x10
 860 0010 17       		.uleb128 0x17
 861 0011 00       		.byte	0
 862 0012 00       		.byte	0
 863 0013 02       		.uleb128 0x2
 864 0014 24       		.uleb128 0x24
 865 0015 00       		.byte	0
 866 0016 0B       		.uleb128 0xb
ARM GAS  C:\Users\Usuario\AppData\Local\Temp\ccLIFbgA.s 			page 18


 867 0017 0B       		.uleb128 0xb
 868 0018 3E       		.uleb128 0x3e
 869 0019 0B       		.uleb128 0xb
 870 001a 03       		.uleb128 0x3
 871 001b 0E       		.uleb128 0xe
 872 001c 00       		.byte	0
 873 001d 00       		.byte	0
 874 001e 03       		.uleb128 0x3
 875 001f 24       		.uleb128 0x24
 876 0020 00       		.byte	0
 877 0021 0B       		.uleb128 0xb
 878 0022 0B       		.uleb128 0xb
 879 0023 3E       		.uleb128 0x3e
 880 0024 0B       		.uleb128 0xb
 881 0025 03       		.uleb128 0x3
 882 0026 08       		.uleb128 0x8
 883 0027 00       		.byte	0
 884 0028 00       		.byte	0
 885 0029 04       		.uleb128 0x4
 886 002a 16       		.uleb128 0x16
 887 002b 00       		.byte	0
 888 002c 03       		.uleb128 0x3
 889 002d 0E       		.uleb128 0xe
 890 002e 3A       		.uleb128 0x3a
 891 002f 0B       		.uleb128 0xb
 892 0030 3B       		.uleb128 0x3b
 893 0031 05       		.uleb128 0x5
 894 0032 49       		.uleb128 0x49
 895 0033 13       		.uleb128 0x13
 896 0034 00       		.byte	0
 897 0035 00       		.byte	0
 898 0036 05       		.uleb128 0x5
 899 0037 0F       		.uleb128 0xf
 900 0038 00       		.byte	0
 901 0039 0B       		.uleb128 0xb
 902 003a 0B       		.uleb128 0xb
 903 003b 49       		.uleb128 0x49
 904 003c 13       		.uleb128 0x13
 905 003d 00       		.byte	0
 906 003e 00       		.byte	0
 907 003f 06       		.uleb128 0x6
 908 0040 2E       		.uleb128 0x2e
 909 0041 01       		.byte	0x1
 910 0042 3F       		.uleb128 0x3f
 911 0043 19       		.uleb128 0x19
 912 0044 03       		.uleb128 0x3
 913 0045 0E       		.uleb128 0xe
 914 0046 3A       		.uleb128 0x3a
 915 0047 0B       		.uleb128 0xb
 916 0048 3B       		.uleb128 0x3b
 917 0049 0B       		.uleb128 0xb
 918 004a 27       		.uleb128 0x27
 919 004b 19       		.uleb128 0x19
 920 004c 11       		.uleb128 0x11
 921 004d 01       		.uleb128 0x1
 922 004e 12       		.uleb128 0x12
 923 004f 06       		.uleb128 0x6
ARM GAS  C:\Users\Usuario\AppData\Local\Temp\ccLIFbgA.s 			page 19


 924 0050 40       		.uleb128 0x40
 925 0051 18       		.uleb128 0x18
 926 0052 9742     		.uleb128 0x2117
 927 0054 19       		.uleb128 0x19
 928 0055 01       		.uleb128 0x1
 929 0056 13       		.uleb128 0x13
 930 0057 00       		.byte	0
 931 0058 00       		.byte	0
 932 0059 07       		.uleb128 0x7
 933 005a 05       		.uleb128 0x5
 934 005b 00       		.byte	0
 935 005c 03       		.uleb128 0x3
 936 005d 0E       		.uleb128 0xe
 937 005e 3A       		.uleb128 0x3a
 938 005f 0B       		.uleb128 0xb
 939 0060 3B       		.uleb128 0x3b
 940 0061 0B       		.uleb128 0xb
 941 0062 49       		.uleb128 0x49
 942 0063 13       		.uleb128 0x13
 943 0064 02       		.uleb128 0x2
 944 0065 17       		.uleb128 0x17
 945 0066 00       		.byte	0
 946 0067 00       		.byte	0
 947 0068 08       		.uleb128 0x8
 948 0069 0B       		.uleb128 0xb
 949 006a 01       		.byte	0x1
 950 006b 11       		.uleb128 0x11
 951 006c 01       		.uleb128 0x1
 952 006d 12       		.uleb128 0x12
 953 006e 06       		.uleb128 0x6
 954 006f 01       		.uleb128 0x1
 955 0070 13       		.uleb128 0x13
 956 0071 00       		.byte	0
 957 0072 00       		.byte	0
 958 0073 09       		.uleb128 0x9
 959 0074 2E       		.uleb128 0x2e
 960 0075 01       		.byte	0x1
 961 0076 3F       		.uleb128 0x3f
 962 0077 19       		.uleb128 0x19
 963 0078 03       		.uleb128 0x3
 964 0079 0E       		.uleb128 0xe
 965 007a 3A       		.uleb128 0x3a
 966 007b 0B       		.uleb128 0xb
 967 007c 3B       		.uleb128 0x3b
 968 007d 0B       		.uleb128 0xb
 969 007e 49       		.uleb128 0x49
 970 007f 13       		.uleb128 0x13
 971 0080 3C       		.uleb128 0x3c
 972 0081 19       		.uleb128 0x19
 973 0082 01       		.uleb128 0x1
 974 0083 13       		.uleb128 0x13
 975 0084 00       		.byte	0
 976 0085 00       		.byte	0
 977 0086 0A       		.uleb128 0xa
 978 0087 18       		.uleb128 0x18
 979 0088 00       		.byte	0
 980 0089 00       		.byte	0
ARM GAS  C:\Users\Usuario\AppData\Local\Temp\ccLIFbgA.s 			page 20


 981 008a 00       		.byte	0
 982 008b 0B       		.uleb128 0xb
 983 008c 898201   		.uleb128 0x4109
 984 008f 01       		.byte	0x1
 985 0090 11       		.uleb128 0x11
 986 0091 01       		.uleb128 0x1
 987 0092 31       		.uleb128 0x31
 988 0093 13       		.uleb128 0x13
 989 0094 00       		.byte	0
 990 0095 00       		.byte	0
 991 0096 0C       		.uleb128 0xc
 992 0097 8A8201   		.uleb128 0x410a
 993 009a 00       		.byte	0
 994 009b 02       		.uleb128 0x2
 995 009c 18       		.uleb128 0x18
 996 009d 9142     		.uleb128 0x2111
 997 009f 18       		.uleb128 0x18
 998 00a0 00       		.byte	0
 999 00a1 00       		.byte	0
 1000 00a2 0D       		.uleb128 0xd
 1001 00a3 898201   		.uleb128 0x4109
 1002 00a6 01       		.byte	0x1
 1003 00a7 11       		.uleb128 0x11
 1004 00a8 01       		.uleb128 0x1
 1005 00a9 31       		.uleb128 0x31
 1006 00aa 13       		.uleb128 0x13
 1007 00ab 01       		.uleb128 0x1
 1008 00ac 13       		.uleb128 0x13
 1009 00ad 00       		.byte	0
 1010 00ae 00       		.byte	0
 1011 00af 0E       		.uleb128 0xe
 1012 00b0 34       		.uleb128 0x34
 1013 00b1 00       		.byte	0
 1014 00b2 03       		.uleb128 0x3
 1015 00b3 0E       		.uleb128 0xe
 1016 00b4 3A       		.uleb128 0x3a
 1017 00b5 0B       		.uleb128 0xb
 1018 00b6 3B       		.uleb128 0x3b
 1019 00b7 0B       		.uleb128 0xb
 1020 00b8 49       		.uleb128 0x49
 1021 00b9 13       		.uleb128 0x13
 1022 00ba 00       		.byte	0
 1023 00bb 00       		.byte	0
 1024 00bc 0F       		.uleb128 0xf
 1025 00bd 898201   		.uleb128 0x4109
 1026 00c0 00       		.byte	0
 1027 00c1 11       		.uleb128 0x11
 1028 00c2 01       		.uleb128 0x1
 1029 00c3 31       		.uleb128 0x31
 1030 00c4 13       		.uleb128 0x13
 1031 00c5 00       		.byte	0
 1032 00c6 00       		.byte	0
 1033 00c7 10       		.uleb128 0x10
 1034 00c8 2E       		.uleb128 0x2e
 1035 00c9 01       		.byte	0x1
 1036 00ca 3F       		.uleb128 0x3f
 1037 00cb 19       		.uleb128 0x19
ARM GAS  C:\Users\Usuario\AppData\Local\Temp\ccLIFbgA.s 			page 21


 1038 00cc 03       		.uleb128 0x3
 1039 00cd 0E       		.uleb128 0xe
 1040 00ce 3A       		.uleb128 0x3a
 1041 00cf 0B       		.uleb128 0xb
 1042 00d0 3B       		.uleb128 0x3b
 1043 00d1 0B       		.uleb128 0xb
 1044 00d2 11       		.uleb128 0x11
 1045 00d3 01       		.uleb128 0x1
 1046 00d4 12       		.uleb128 0x12
 1047 00d5 06       		.uleb128 0x6
 1048 00d6 40       		.uleb128 0x40
 1049 00d7 18       		.uleb128 0x18
 1050 00d8 9742     		.uleb128 0x2117
 1051 00da 19       		.uleb128 0x19
 1052 00db 01       		.uleb128 0x1
 1053 00dc 13       		.uleb128 0x13
 1054 00dd 00       		.byte	0
 1055 00de 00       		.byte	0
 1056 00df 11       		.uleb128 0x11
 1057 00e0 2E       		.uleb128 0x2e
 1058 00e1 01       		.byte	0x1
 1059 00e2 3F       		.uleb128 0x3f
 1060 00e3 19       		.uleb128 0x19
 1061 00e4 03       		.uleb128 0x3
 1062 00e5 0E       		.uleb128 0xe
 1063 00e6 3A       		.uleb128 0x3a
 1064 00e7 0B       		.uleb128 0xb
 1065 00e8 3B       		.uleb128 0x3b
 1066 00e9 0B       		.uleb128 0xb
 1067 00ea 27       		.uleb128 0x27
 1068 00eb 19       		.uleb128 0x19
 1069 00ec 49       		.uleb128 0x49
 1070 00ed 13       		.uleb128 0x13
 1071 00ee 8701     		.uleb128 0x87
 1072 00f0 19       		.uleb128 0x19
 1073 00f1 11       		.uleb128 0x11
 1074 00f2 01       		.uleb128 0x1
 1075 00f3 12       		.uleb128 0x12
 1076 00f4 06       		.uleb128 0x6
 1077 00f5 40       		.uleb128 0x40
 1078 00f6 18       		.uleb128 0x18
 1079 00f7 9742     		.uleb128 0x2117
 1080 00f9 19       		.uleb128 0x19
 1081 00fa 01       		.uleb128 0x1
 1082 00fb 13       		.uleb128 0x13
 1083 00fc 00       		.byte	0
 1084 00fd 00       		.byte	0
 1085 00fe 12       		.uleb128 0x12
 1086 00ff 2E       		.uleb128 0x2e
 1087 0100 00       		.byte	0
 1088 0101 3F       		.uleb128 0x3f
 1089 0102 19       		.uleb128 0x19
 1090 0103 3C       		.uleb128 0x3c
 1091 0104 19       		.uleb128 0x19
 1092 0105 6E       		.uleb128 0x6e
 1093 0106 0E       		.uleb128 0xe
 1094 0107 03       		.uleb128 0x3
ARM GAS  C:\Users\Usuario\AppData\Local\Temp\ccLIFbgA.s 			page 22


 1095 0108 0E       		.uleb128 0xe
 1096 0109 3A       		.uleb128 0x3a
 1097 010a 0B       		.uleb128 0xb
 1098 010b 3B       		.uleb128 0x3b
 1099 010c 0B       		.uleb128 0xb
 1100 010d 00       		.byte	0
 1101 010e 00       		.byte	0
 1102 010f 13       		.uleb128 0x13
 1103 0110 2E       		.uleb128 0x2e
 1104 0111 00       		.byte	0
 1105 0112 3F       		.uleb128 0x3f
 1106 0113 19       		.uleb128 0x19
 1107 0114 3C       		.uleb128 0x3c
 1108 0115 19       		.uleb128 0x19
 1109 0116 6E       		.uleb128 0x6e
 1110 0117 0E       		.uleb128 0xe
 1111 0118 03       		.uleb128 0x3
 1112 0119 0E       		.uleb128 0xe
 1113 011a 3A       		.uleb128 0x3a
 1114 011b 0B       		.uleb128 0xb
 1115 011c 3B       		.uleb128 0x3b
 1116 011d 05       		.uleb128 0x5
 1117 011e 00       		.byte	0
 1118 011f 00       		.byte	0
 1119 0120 00       		.byte	0
 1120              		.section	.debug_loc,"",%progbits
 1121              	.Ldebug_loc0:
 1122              	.LLST0:
 1123 0000 00000000 		.4byte	.LVL0
 1124 0004 08000000 		.4byte	.LVL1
 1125 0008 0100     		.2byte	0x1
 1126 000a 50       		.byte	0x50
 1127 000b 08000000 		.4byte	.LVL1
 1128 000f 10000000 		.4byte	.LVL3
 1129 0013 0400     		.2byte	0x4
 1130 0015 F3       		.byte	0xf3
 1131 0016 01       		.uleb128 0x1
 1132 0017 50       		.byte	0x50
 1133 0018 9F       		.byte	0x9f
 1134 0019 10000000 		.4byte	.LVL3
 1135 001d 16000000 		.4byte	.LVL4
 1136 0021 0100     		.2byte	0x1
 1137 0023 50       		.byte	0x50
 1138 0024 16000000 		.4byte	.LVL4
 1139 0028 1E000000 		.4byte	.LVL6
 1140 002c 0400     		.2byte	0x4
 1141 002e F3       		.byte	0xf3
 1142 002f 01       		.uleb128 0x1
 1143 0030 50       		.byte	0x50
 1144 0031 9F       		.byte	0x9f
 1145 0032 1E000000 		.4byte	.LVL6
 1146 0036 24000000 		.4byte	.LVL7
 1147 003a 0100     		.2byte	0x1
 1148 003c 50       		.byte	0x50
 1149 003d 24000000 		.4byte	.LVL7
 1150 0041 2C000000 		.4byte	.LVL9
 1151 0045 0400     		.2byte	0x4
ARM GAS  C:\Users\Usuario\AppData\Local\Temp\ccLIFbgA.s 			page 23


 1152 0047 F3       		.byte	0xf3
 1153 0048 01       		.uleb128 0x1
 1154 0049 50       		.byte	0x50
 1155 004a 9F       		.byte	0x9f
 1156 004b 2C000000 		.4byte	.LVL9
 1157 004f 32000000 		.4byte	.LVL10
 1158 0053 0100     		.2byte	0x1
 1159 0055 50       		.byte	0x50
 1160 0056 32000000 		.4byte	.LVL10
 1161 005a 40000000 		.4byte	.LFE32
 1162 005e 0400     		.2byte	0x4
 1163 0060 F3       		.byte	0xf3
 1164 0061 01       		.uleb128 0x1
 1165 0062 50       		.byte	0x50
 1166 0063 9F       		.byte	0x9f
 1167 0064 00000000 		.4byte	0
 1168 0068 00000000 		.4byte	0
 1169              	.LLST1:
 1170 006c 00000000 		.4byte	.LVL0
 1171 0070 0D000000 		.4byte	.LVL2-1
 1172 0074 0100     		.2byte	0x1
 1173 0076 51       		.byte	0x51
 1174 0077 0D000000 		.4byte	.LVL2-1
 1175 007b 10000000 		.4byte	.LVL3
 1176 007f 0400     		.2byte	0x4
 1177 0081 F3       		.byte	0xf3
 1178 0082 01       		.uleb128 0x1
 1179 0083 51       		.byte	0x51
 1180 0084 9F       		.byte	0x9f
 1181 0085 10000000 		.4byte	.LVL3
 1182 0089 1B000000 		.4byte	.LVL5-1
 1183 008d 0100     		.2byte	0x1
 1184 008f 51       		.byte	0x51
 1185 0090 1B000000 		.4byte	.LVL5-1
 1186 0094 1E000000 		.4byte	.LVL6
 1187 0098 0400     		.2byte	0x4
 1188 009a F3       		.byte	0xf3
 1189 009b 01       		.uleb128 0x1
 1190 009c 51       		.byte	0x51
 1191 009d 9F       		.byte	0x9f
 1192 009e 1E000000 		.4byte	.LVL6
 1193 00a2 29000000 		.4byte	.LVL8-1
 1194 00a6 0100     		.2byte	0x1
 1195 00a8 51       		.byte	0x51
 1196 00a9 29000000 		.4byte	.LVL8-1
 1197 00ad 2C000000 		.4byte	.LVL9
 1198 00b1 0400     		.2byte	0x4
 1199 00b3 F3       		.byte	0xf3
 1200 00b4 01       		.uleb128 0x1
 1201 00b5 51       		.byte	0x51
 1202 00b6 9F       		.byte	0x9f
 1203 00b7 2C000000 		.4byte	.LVL9
 1204 00bb 37000000 		.4byte	.LVL11-1
 1205 00bf 0100     		.2byte	0x1
 1206 00c1 51       		.byte	0x51
 1207 00c2 37000000 		.4byte	.LVL11-1
 1208 00c6 40000000 		.4byte	.LFE32
ARM GAS  C:\Users\Usuario\AppData\Local\Temp\ccLIFbgA.s 			page 24


 1209 00ca 0400     		.2byte	0x4
 1210 00cc F3       		.byte	0xf3
 1211 00cd 01       		.uleb128 0x1
 1212 00ce 51       		.byte	0x51
 1213 00cf 9F       		.byte	0x9f
 1214 00d0 00000000 		.4byte	0
 1215 00d4 00000000 		.4byte	0
 1216              	.LLST2:
 1217 00d8 00000000 		.4byte	.LVL12
 1218 00dc 08000000 		.4byte	.LVL13
 1219 00e0 0100     		.2byte	0x1
 1220 00e2 50       		.byte	0x50
 1221 00e3 08000000 		.4byte	.LVL13
 1222 00e7 0E000000 		.4byte	.LVL15
 1223 00eb 0400     		.2byte	0x4
 1224 00ed F3       		.byte	0xf3
 1225 00ee 01       		.uleb128 0x1
 1226 00ef 50       		.byte	0x50
 1227 00f0 9F       		.byte	0x9f
 1228 00f1 0E000000 		.4byte	.LVL15
 1229 00f5 14000000 		.4byte	.LVL16
 1230 00f9 0100     		.2byte	0x1
 1231 00fb 50       		.byte	0x50
 1232 00fc 14000000 		.4byte	.LVL16
 1233 0100 17000000 		.4byte	.LVL17-1
 1234 0104 0300     		.2byte	0x3
 1235 0106 70       		.byte	0x70
 1236 0107 01       		.sleb128 1
 1237 0108 9F       		.byte	0x9f
 1238 0109 17000000 		.4byte	.LVL17-1
 1239 010d 1A000000 		.4byte	.LVL18
 1240 0111 0400     		.2byte	0x4
 1241 0113 F3       		.byte	0xf3
 1242 0114 01       		.uleb128 0x1
 1243 0115 50       		.byte	0x50
 1244 0116 9F       		.byte	0x9f
 1245 0117 1A000000 		.4byte	.LVL18
 1246 011b 20000000 		.4byte	.LVL19
 1247 011f 0100     		.2byte	0x1
 1248 0121 50       		.byte	0x50
 1249 0122 20000000 		.4byte	.LVL19
 1250 0126 23000000 		.4byte	.LVL20-1
 1251 012a 0300     		.2byte	0x3
 1252 012c 70       		.byte	0x70
 1253 012d 01       		.sleb128 1
 1254 012e 9F       		.byte	0x9f
 1255 012f 23000000 		.4byte	.LVL20-1
 1256 0133 26000000 		.4byte	.LVL21
 1257 0137 0400     		.2byte	0x4
 1258 0139 F3       		.byte	0xf3
 1259 013a 01       		.uleb128 0x1
 1260 013b 50       		.byte	0x50
 1261 013c 9F       		.byte	0x9f
 1262 013d 26000000 		.4byte	.LVL21
 1263 0141 2C000000 		.4byte	.LVL22
 1264 0145 0100     		.2byte	0x1
 1265 0147 50       		.byte	0x50
ARM GAS  C:\Users\Usuario\AppData\Local\Temp\ccLIFbgA.s 			page 25


 1266 0148 2C000000 		.4byte	.LVL22
 1267 014c 2F000000 		.4byte	.LVL23-1
 1268 0150 0300     		.2byte	0x3
 1269 0152 70       		.byte	0x70
 1270 0153 01       		.sleb128 1
 1271 0154 9F       		.byte	0x9f
 1272 0155 2F000000 		.4byte	.LVL23-1
 1273 0159 46000000 		.4byte	.LFE33
 1274 015d 0400     		.2byte	0x4
 1275 015f F3       		.byte	0xf3
 1276 0160 01       		.uleb128 0x1
 1277 0161 50       		.byte	0x50
 1278 0162 9F       		.byte	0x9f
 1279 0163 00000000 		.4byte	0
 1280 0167 00000000 		.4byte	0
 1281              	.LLST3:
 1282 016b 00000000 		.4byte	.LVL29
 1283 016f 05000000 		.4byte	.LVL30-1
 1284 0173 0100     		.2byte	0x1
 1285 0175 50       		.byte	0x50
 1286 0176 05000000 		.4byte	.LVL30-1
 1287 017a 08000000 		.4byte	.LFE35
 1288 017e 0400     		.2byte	0x4
 1289 0180 F3       		.byte	0xf3
 1290 0181 01       		.uleb128 0x1
 1291 0182 50       		.byte	0x50
 1292 0183 9F       		.byte	0x9f
 1293 0184 00000000 		.4byte	0
 1294 0188 00000000 		.4byte	0
 1295              	.LLST4:
 1296 018c 00000000 		.4byte	.LVL31
 1297 0190 05000000 		.4byte	.LVL32-1
 1298 0194 0100     		.2byte	0x1
 1299 0196 50       		.byte	0x50
 1300 0197 05000000 		.4byte	.LVL32-1
 1301 019b 14000000 		.4byte	.LFE36
 1302 019f 0400     		.2byte	0x4
 1303 01a1 F3       		.byte	0xf3
 1304 01a2 01       		.uleb128 0x1
 1305 01a3 50       		.byte	0x50
 1306 01a4 9F       		.byte	0x9f
 1307 01a5 00000000 		.4byte	0
 1308 01a9 00000000 		.4byte	0
 1309              		.section	.debug_aranges,"",%progbits
 1310 0000 44000000 		.4byte	0x44
 1311 0004 0200     		.2byte	0x2
 1312 0006 00000000 		.4byte	.Ldebug_info0
 1313 000a 04       		.byte	0x4
 1314 000b 00       		.byte	0
 1315 000c 0000     		.2byte	0
 1316 000e 0000     		.2byte	0
 1317 0010 00000000 		.4byte	.LFB32
 1318 0014 40000000 		.4byte	.LFE32-.LFB32
 1319 0018 00000000 		.4byte	.LFB33
 1320 001c 46000000 		.4byte	.LFE33-.LFB33
 1321 0020 00000000 		.4byte	.LFB34
 1322 0024 08000000 		.4byte	.LFE34-.LFB34
ARM GAS  C:\Users\Usuario\AppData\Local\Temp\ccLIFbgA.s 			page 26


 1323 0028 00000000 		.4byte	.LFB35
 1324 002c 08000000 		.4byte	.LFE35-.LFB35
 1325 0030 00000000 		.4byte	.LFB36
 1326 0034 14000000 		.4byte	.LFE36-.LFB36
 1327 0038 00000000 		.4byte	.LFB37
 1328 003c 26000000 		.4byte	.LFE37-.LFB37
 1329 0040 00000000 		.4byte	0
 1330 0044 00000000 		.4byte	0
 1331              		.section	.debug_ranges,"",%progbits
 1332              	.Ldebug_ranges0:
 1333 0000 00000000 		.4byte	.LFB32
 1334 0004 40000000 		.4byte	.LFE32
 1335 0008 00000000 		.4byte	.LFB33
 1336 000c 46000000 		.4byte	.LFE33
 1337 0010 00000000 		.4byte	.LFB34
 1338 0014 08000000 		.4byte	.LFE34
 1339 0018 00000000 		.4byte	.LFB35
 1340 001c 08000000 		.4byte	.LFE35
 1341 0020 00000000 		.4byte	.LFB36
 1342 0024 14000000 		.4byte	.LFE36
 1343 0028 00000000 		.4byte	.LFB37
 1344 002c 26000000 		.4byte	.LFE37
 1345 0030 00000000 		.4byte	0
 1346 0034 00000000 		.4byte	0
 1347              		.section	.debug_line,"",%progbits
 1348              	.Ldebug_line0:
 1349 0000 4F010000 		.section	.debug_str,"MS",%progbits,1
 1349      0200BF00 
 1349      00000201 
 1349      FB0E0D00 
 1349      01010101 
 1350              	.LASF40:
 1351 0000 636C6F63 		.ascii	"clock_Start\000"
 1351      6B5F5374 
 1351      61727400 
 1352              	.LASF26:
 1353 000c 7072696E 		.ascii	"println\000"
 1353      746C6E00 
 1354              	.LASF18:
 1355 0014 6368616E 		.ascii	"channel\000"
 1355      6E656C00 
 1356              	.LASF42:
 1357 001c 616D7578 		.ascii	"amux_Start\000"
 1357      5F537461 
 1357      727400
 1358              	.LASF10:
 1359 0027 646F7562 		.ascii	"double\000"
 1359      6C6500
 1360              	.LASF25:
 1361 002e 55415254 		.ascii	"UART_UartPutString\000"
 1361      5F556172 
 1361      74507574 
 1361      53747269 
 1361      6E6700
 1362              	.LASF9:
 1363 0041 666C6F61 		.ascii	"float\000"
 1363      7400
ARM GAS  C:\Users\Usuario\AppData\Local\Temp\ccLIFbgA.s 			page 27


 1364              	.LASF7:
 1365 0047 6C6F6E67 		.ascii	"long long unsigned int\000"
 1365      206C6F6E 
 1365      6720756E 
 1365      7369676E 
 1365      65642069 
 1366              	.LASF22:
 1367 005e 55415254 		.ascii	"UART_UartGetChar\000"
 1367      5F556172 
 1367      74476574 
 1367      43686172 
 1367      00
 1368              	.LASF47:
 1369 006f 696E7075 		.ascii	"input\000"
 1369      7400
 1370              	.LASF5:
 1371 0075 6C6F6E67 		.ascii	"long unsigned int\000"
 1371      20756E73 
 1371      69676E65 
 1371      6420696E 
 1371      7400
 1372              	.LASF24:
 1373 0087 6D656E73 		.ascii	"mensaje\000"
 1373      616A6500 
 1374              	.LASF3:
 1375 008f 73686F72 		.ascii	"short unsigned int\000"
 1375      7420756E 
 1375      7369676E 
 1375      65642069 
 1375      6E7400
 1376              	.LASF15:
 1377 00a2 64757479 		.ascii	"duty\000"
 1377      00
 1378              	.LASF31:
 1379 00a7 6164635F 		.ascii	"adc_StartConvert\000"
 1379      53746172 
 1379      74436F6E 
 1379      76657274 
 1379      00
 1380              	.LASF35:
 1381 00b8 75617274 		.ascii	"uart_Start\000"
 1381      5F537461 
 1381      727400
 1382              	.LASF21:
 1383 00c3 70776D30 		.ascii	"pwm0_WriteCompare\000"
 1383      5F577269 
 1383      7465436F 
 1383      6D706172 
 1383      6500
 1384              	.LASF36:
 1385 00d5 70776D31 		.ascii	"pwm1_Start\000"
 1385      5F537461 
 1385      727400
 1386              	.LASF16:
 1387 00e0 70776D5F 		.ascii	"pwm_duty\000"
 1387      64757479 
 1387      00
ARM GAS  C:\Users\Usuario\AppData\Local\Temp\ccLIFbgA.s 			page 28


 1388              	.LASF28:
 1389 00e9 70776D32 		.ascii	"pwm2_WriteCompare\000"
 1389      5F577269 
 1389      7465436F 
 1389      6D706172 
 1389      6500
 1390              	.LASF33:
 1391 00fb 6164635F 		.ascii	"adc_GetResult16\000"
 1391      47657452 
 1391      6573756C 
 1391      74313600 
 1392              	.LASF20:
 1393 010b 73747231 		.ascii	"str1\000"
 1393      00
 1394              	.LASF46:
 1395 0110 75696E74 		.ascii	"uint16\000"
 1395      313600
 1396              	.LASF37:
 1397 0117 70776D32 		.ascii	"pwm2_Start\000"
 1397      5F537461 
 1397      727400
 1398              	.LASF48:
 1399 0122 6D61696E 		.ascii	"main\000"
 1399      00
 1400              	.LASF1:
 1401 0127 756E7369 		.ascii	"unsigned char\000"
 1401      676E6564 
 1401      20636861 
 1401      7200
 1402              	.LASF8:
 1403 0135 756E7369 		.ascii	"unsigned int\000"
 1403      676E6564 
 1403      20696E74 
 1403      00
 1404              	.LASF39:
 1405 0142 70776D34 		.ascii	"pwm4_Start\000"
 1405      5F537461 
 1405      727400
 1406              	.LASF38:
 1407 014d 70776D33 		.ascii	"pwm3_Start\000"
 1407      5F537461 
 1407      727400
 1408              	.LASF0:
 1409 0158 7369676E 		.ascii	"signed char\000"
 1409      65642063 
 1409      68617200 
 1410              	.LASF43:
 1411 0164 474E5520 		.ascii	"GNU C11 5.4.1 20160609 (release) [ARM/embedded-5-br"
 1411      43313120 
 1411      352E342E 
 1411      31203230 
 1411      31363036 
 1412 0197 616E6368 		.ascii	"anch revision 237715] -mcpu=cortex-m0 -mthumb -g -O"
 1412      20726576 
 1412      6973696F 
 1412      6E203233 
 1412      37373135 
ARM GAS  C:\Users\Usuario\AppData\Local\Temp\ccLIFbgA.s 			page 29


 1413 01ca 67202D66 		.ascii	"g -ffunction-sections -ffat-lto-objects\000"
 1413      66756E63 
 1413      74696F6E 
 1413      2D736563 
 1413      74696F6E 
 1414              	.LASF13:
 1415 01f2 73697A65 		.ascii	"sizetype\000"
 1415      74797065 
 1415      00
 1416              	.LASF17:
 1417 01fb 6164635F 		.ascii	"adc_read\000"
 1417      72656164 
 1417      00
 1418              	.LASF6:
 1419 0204 6C6F6E67 		.ascii	"long long int\000"
 1419      206C6F6E 
 1419      6720696E 
 1419      7400
 1420              	.LASF44:
 1421 0212 6D61696E 		.ascii	"main.c\000"
 1421      2E6300
 1422              	.LASF11:
 1423 0219 63686172 		.ascii	"char\000"
 1423      00
 1424              	.LASF23:
 1425 021e 7072696E 		.ascii	"print\000"
 1425      7400
 1426              	.LASF45:
 1427 0224 443A5C44 		.ascii	"D:\\Documentos\\UD\\2023-3\\Proyecto de grado\\aixt"
 1427      6F63756D 
 1427      656E746F 
 1427      735C5544 
 1427      5C323032 
 1428 0252 2D702D73 		.ascii	"-p-so-c-4\\ports\\Cypress\\CY8CKIT-049-42XX\\projec"
 1428      6F2D632D 
 1428      345C706F 
 1428      7274735C 
 1428      43797072 
 1429 0281 74735C43 		.ascii	"ts\\Config Gral 049.cydsn\000"
 1429      6F6E6669 
 1429      67204772 
 1429      616C2030 
 1429      34392E63 
 1430              	.LASF2:
 1431 029a 73686F72 		.ascii	"short int\000"
 1431      7420696E 
 1431      7400
 1432              	.LASF14:
 1433 02a4 70776D5F 		.ascii	"pwm_id\000"
 1433      696400
 1434              	.LASF41:
 1435 02ab 6164635F 		.ascii	"adc_Start\000"
 1435      53746172 
 1435      7400
 1436              	.LASF34:
 1437 02b5 6164635F 		.ascii	"adc_StopConvert\000"
 1437      53746F70 
ARM GAS  C:\Users\Usuario\AppData\Local\Temp\ccLIFbgA.s 			page 30


 1437      436F6E76 
 1437      65727400 
 1438              	.LASF4:
 1439 02c5 6C6F6E67 		.ascii	"long int\000"
 1439      20696E74 
 1439      00
 1440              	.LASF32:
 1441 02ce 6164635F 		.ascii	"adc_IsEndConversion\000"
 1441      4973456E 
 1441      64436F6E 
 1441      76657273 
 1441      696F6E00 
 1442              	.LASF12:
 1443 02e2 6C6F6E67 		.ascii	"long double\000"
 1443      20646F75 
 1443      626C6500 
 1444              	.LASF30:
 1445 02ee 616D7578 		.ascii	"amux_FastSelect\000"
 1445      5F466173 
 1445      7453656C 
 1445      65637400 
 1446              	.LASF19:
 1447 02fe 636F6E76 		.ascii	"conv\000"
 1447      00
 1448              	.LASF27:
 1449 0303 70776D31 		.ascii	"pwm1_WriteCompare\000"
 1449      5F577269 
 1449      7465436F 
 1449      6D706172 
 1449      6500
 1450              	.LASF29:
 1451 0315 70776D33 		.ascii	"pwm3_WriteCompare\000"
 1451      5F577269 
 1451      7465436F 
 1451      6D706172 
 1451      6500
 1452              		.ident	"GCC: (GNU Tools for ARM Embedded Processors) 5.4.1 20160609 (release) [ARM/embedded-5-bran
