ARM GAS  C:\Users\Usuario\AppData\Local\Temp\ccVzUn3M.s 			page 1


   1              		.syntax unified
   2              		.cpu cortex-m0
   3              		.fpu softvfp
   4              		.eabi_attribute 20, 1
   5              		.eabi_attribute 21, 1
   6              		.eabi_attribute 23, 3
   7              		.eabi_attribute 24, 1
   8              		.eabi_attribute 25, 1
   9              		.eabi_attribute 26, 1
  10              		.eabi_attribute 30, 1
  11              		.eabi_attribute 34, 0
  12              		.eabi_attribute 18, 4
  13              		.thumb
  14              		.syntax unified
  15              		.file	"cyfitter_cfg.c"
  16              		.text
  17              	.Ltext0:
  18              		.cfi_sections	.debug_frame
  19              		.section	.text.CYMEMZERO,"ax",%progbits
  20              		.align	2
  21              		.code	16
  22              		.thumb_func
  23              		.type	CYMEMZERO, %function
  24              	CYMEMZERO:
  25              	.LFB0:
  26              		.file 1 "Generated_Source\\PSoC4\\cyfitter_cfg.c"
   1:Generated_Source\PSoC4/cyfitter_cfg.c **** 
   2:Generated_Source\PSoC4/cyfitter_cfg.c **** /*******************************************************************************
   3:Generated_Source\PSoC4/cyfitter_cfg.c **** * File Name: cyfitter_cfg.c
   4:Generated_Source\PSoC4/cyfitter_cfg.c **** * 
   5:Generated_Source\PSoC4/cyfitter_cfg.c **** * PSoC Creator  4.4
   6:Generated_Source\PSoC4/cyfitter_cfg.c **** *
   7:Generated_Source\PSoC4/cyfitter_cfg.c **** * Description:
   8:Generated_Source\PSoC4/cyfitter_cfg.c **** * This file contains device initialization code.
   9:Generated_Source\PSoC4/cyfitter_cfg.c **** * Except for the user defined sections in CyClockStartupError(), this file should not be modified.
  10:Generated_Source\PSoC4/cyfitter_cfg.c **** * This file is automatically generated by PSoC Creator.
  11:Generated_Source\PSoC4/cyfitter_cfg.c **** *
  12:Generated_Source\PSoC4/cyfitter_cfg.c **** ********************************************************************************
  13:Generated_Source\PSoC4/cyfitter_cfg.c **** * Copyright (c) 2007-2020 Cypress Semiconductor.  All rights reserved.
  14:Generated_Source\PSoC4/cyfitter_cfg.c **** * You may use this file only in accordance with the license, terms, conditions, 
  15:Generated_Source\PSoC4/cyfitter_cfg.c **** * disclaimers, and limitations in the end user license agreement accompanying 
  16:Generated_Source\PSoC4/cyfitter_cfg.c **** * the software package with which this file was provided.
  17:Generated_Source\PSoC4/cyfitter_cfg.c **** ********************************************************************************/
  18:Generated_Source\PSoC4/cyfitter_cfg.c **** 
  19:Generated_Source\PSoC4/cyfitter_cfg.c **** #include <string.h>
  20:Generated_Source\PSoC4/cyfitter_cfg.c **** #include "cytypes.h"
  21:Generated_Source\PSoC4/cyfitter_cfg.c **** #include "cydevice_trm.h"
  22:Generated_Source\PSoC4/cyfitter_cfg.c **** #include "cyfitter.h"
  23:Generated_Source\PSoC4/cyfitter_cfg.c **** #include "CyLib.h"
  24:Generated_Source\PSoC4/cyfitter_cfg.c **** #include "CyLFClk.h"
  25:Generated_Source\PSoC4/cyfitter_cfg.c **** #include "cyfitter_cfg.h"
  26:Generated_Source\PSoC4/cyfitter_cfg.c **** #include "cyapicallbacks.h"
  27:Generated_Source\PSoC4/cyfitter_cfg.c **** 
  28:Generated_Source\PSoC4/cyfitter_cfg.c **** 
  29:Generated_Source\PSoC4/cyfitter_cfg.c **** #if defined(__GNUC__) || defined(__ARMCC_VERSION)
  30:Generated_Source\PSoC4/cyfitter_cfg.c ****     #define CYPACKED 
  31:Generated_Source\PSoC4/cyfitter_cfg.c ****     #define CYPACKED_ATTR __attribute__ ((packed))
ARM GAS  C:\Users\Usuario\AppData\Local\Temp\ccVzUn3M.s 			page 2


  32:Generated_Source\PSoC4/cyfitter_cfg.c ****     #define CYALIGNED __attribute__ ((aligned))
  33:Generated_Source\PSoC4/cyfitter_cfg.c ****     #define CY_CFG_UNUSED __attribute__ ((unused))
  34:Generated_Source\PSoC4/cyfitter_cfg.c ****     #ifndef CY_CFG_SECTION
  35:Generated_Source\PSoC4/cyfitter_cfg.c ****         #define CY_CFG_SECTION __attribute__ ((section(".psocinit")))
  36:Generated_Source\PSoC4/cyfitter_cfg.c ****     #endif
  37:Generated_Source\PSoC4/cyfitter_cfg.c ****     
  38:Generated_Source\PSoC4/cyfitter_cfg.c ****     #if defined(__ARMCC_VERSION)
  39:Generated_Source\PSoC4/cyfitter_cfg.c ****         #define CY_CFG_MEMORY_BARRIER() __memory_changed()
  40:Generated_Source\PSoC4/cyfitter_cfg.c ****     #else
  41:Generated_Source\PSoC4/cyfitter_cfg.c ****         #define CY_CFG_MEMORY_BARRIER() __sync_synchronize()
  42:Generated_Source\PSoC4/cyfitter_cfg.c ****     #endif
  43:Generated_Source\PSoC4/cyfitter_cfg.c ****     
  44:Generated_Source\PSoC4/cyfitter_cfg.c **** #elif defined(__ICCARM__)
  45:Generated_Source\PSoC4/cyfitter_cfg.c ****     #include <intrinsics.h>
  46:Generated_Source\PSoC4/cyfitter_cfg.c **** 
  47:Generated_Source\PSoC4/cyfitter_cfg.c ****     #define CYPACKED __packed
  48:Generated_Source\PSoC4/cyfitter_cfg.c ****     #define CYPACKED_ATTR 
  49:Generated_Source\PSoC4/cyfitter_cfg.c ****     #define CYALIGNED _Pragma("data_alignment=4")
  50:Generated_Source\PSoC4/cyfitter_cfg.c ****     #define CY_CFG_UNUSED _Pragma("diag_suppress=Pe177")
  51:Generated_Source\PSoC4/cyfitter_cfg.c ****     #define CY_CFG_SECTION _Pragma("location=\".psocinit\"")
  52:Generated_Source\PSoC4/cyfitter_cfg.c ****     
  53:Generated_Source\PSoC4/cyfitter_cfg.c ****     #define CY_CFG_MEMORY_BARRIER() __DMB()
  54:Generated_Source\PSoC4/cyfitter_cfg.c ****     
  55:Generated_Source\PSoC4/cyfitter_cfg.c **** #else
  56:Generated_Source\PSoC4/cyfitter_cfg.c ****     #error Unsupported toolchain
  57:Generated_Source\PSoC4/cyfitter_cfg.c **** #endif
  58:Generated_Source\PSoC4/cyfitter_cfg.c **** 
  59:Generated_Source\PSoC4/cyfitter_cfg.c **** #ifndef CYCODE
  60:Generated_Source\PSoC4/cyfitter_cfg.c ****     #define CYCODE
  61:Generated_Source\PSoC4/cyfitter_cfg.c **** #endif
  62:Generated_Source\PSoC4/cyfitter_cfg.c **** #ifndef CYDATA
  63:Generated_Source\PSoC4/cyfitter_cfg.c ****     #define CYDATA
  64:Generated_Source\PSoC4/cyfitter_cfg.c **** #endif
  65:Generated_Source\PSoC4/cyfitter_cfg.c **** #ifndef CYFAR
  66:Generated_Source\PSoC4/cyfitter_cfg.c ****     #define CYFAR
  67:Generated_Source\PSoC4/cyfitter_cfg.c **** #endif
  68:Generated_Source\PSoC4/cyfitter_cfg.c **** #ifndef CYXDATA
  69:Generated_Source\PSoC4/cyfitter_cfg.c ****     #define CYXDATA
  70:Generated_Source\PSoC4/cyfitter_cfg.c **** #endif
  71:Generated_Source\PSoC4/cyfitter_cfg.c **** 
  72:Generated_Source\PSoC4/cyfitter_cfg.c **** 
  73:Generated_Source\PSoC4/cyfitter_cfg.c **** CY_CFG_UNUSED
  74:Generated_Source\PSoC4/cyfitter_cfg.c **** static void CYMEMZERO(void *s, size_t n);
  75:Generated_Source\PSoC4/cyfitter_cfg.c **** CY_CFG_UNUSED
  76:Generated_Source\PSoC4/cyfitter_cfg.c **** static void CYMEMZERO(void *s, size_t n)
  77:Generated_Source\PSoC4/cyfitter_cfg.c **** {
  27              		.loc 1 77 0
  28              		.cfi_startproc
  29              		@ args = 0, pretend = 0, frame = 0
  30              		@ frame_needed = 0, uses_anonymous_args = 0
  31              	.LVL0:
  32 0000 10B5     		push	{r4, lr}
  33              		.cfi_def_cfa_offset 8
  34              		.cfi_offset 4, -8
  35              		.cfi_offset 14, -4
  36 0002 0A00     		movs	r2, r1
  78:Generated_Source\PSoC4/cyfitter_cfg.c **** 	(void)memset(s, 0, n);
ARM GAS  C:\Users\Usuario\AppData\Local\Temp\ccVzUn3M.s 			page 3


  37              		.loc 1 78 0
  38 0004 0021     		movs	r1, #0
  39              	.LVL1:
  40 0006 FFF7FEFF 		bl	memset
  41              	.LVL2:
  79:Generated_Source\PSoC4/cyfitter_cfg.c **** }
  42              		.loc 1 79 0
  43              		@ sp needed
  44 000a 10BD     		pop	{r4, pc}
  45              		.cfi_endproc
  46              	.LFE0:
  47              		.size	CYMEMZERO, .-CYMEMZERO
  48              		.section	.psocinit,"ax",%progbits
  49              		.align	2
  50              		.code	16
  51              		.thumb_func
  52              		.type	ClockSetup, %function
  53              	ClockSetup:
  54              	.LFB3:
  80:Generated_Source\PSoC4/cyfitter_cfg.c **** CY_CFG_UNUSED
  81:Generated_Source\PSoC4/cyfitter_cfg.c **** static void CYCONFIGCPY(void *dest, const void *src, size_t n);
  82:Generated_Source\PSoC4/cyfitter_cfg.c **** CY_CFG_UNUSED
  83:Generated_Source\PSoC4/cyfitter_cfg.c **** static void CYCONFIGCPY(void *dest, const void *src, size_t n)
  84:Generated_Source\PSoC4/cyfitter_cfg.c **** {
  85:Generated_Source\PSoC4/cyfitter_cfg.c **** 	(void)memcpy(dest, src, n);
  86:Generated_Source\PSoC4/cyfitter_cfg.c **** }
  87:Generated_Source\PSoC4/cyfitter_cfg.c **** CY_CFG_UNUSED
  88:Generated_Source\PSoC4/cyfitter_cfg.c **** static void CYCONFIGCPYCODE(void *dest, const void *src, size_t n);
  89:Generated_Source\PSoC4/cyfitter_cfg.c **** CY_CFG_UNUSED
  90:Generated_Source\PSoC4/cyfitter_cfg.c **** static void CYCONFIGCPYCODE(void *dest, const void *src, size_t n)
  91:Generated_Source\PSoC4/cyfitter_cfg.c **** {
  92:Generated_Source\PSoC4/cyfitter_cfg.c **** 	(void)memcpy(dest, src, n);
  93:Generated_Source\PSoC4/cyfitter_cfg.c **** }
  94:Generated_Source\PSoC4/cyfitter_cfg.c **** 
  95:Generated_Source\PSoC4/cyfitter_cfg.c **** 
  96:Generated_Source\PSoC4/cyfitter_cfg.c **** 
  97:Generated_Source\PSoC4/cyfitter_cfg.c **** 
  98:Generated_Source\PSoC4/cyfitter_cfg.c **** /* Clock startup error codes                                                   */
  99:Generated_Source\PSoC4/cyfitter_cfg.c **** #define CYCLOCKSTART_NO_ERROR    0u
 100:Generated_Source\PSoC4/cyfitter_cfg.c **** #define CYCLOCKSTART_XTAL_ERROR  1u
 101:Generated_Source\PSoC4/cyfitter_cfg.c **** #define CYCLOCKSTART_32KHZ_ERROR 2u
 102:Generated_Source\PSoC4/cyfitter_cfg.c **** #define CYCLOCKSTART_PLL_ERROR   3u
 103:Generated_Source\PSoC4/cyfitter_cfg.c **** #define CYCLOCKSTART_FLL_ERROR   4u
 104:Generated_Source\PSoC4/cyfitter_cfg.c **** #define CYCLOCKSTART_WCO_ERROR   5u
 105:Generated_Source\PSoC4/cyfitter_cfg.c **** 
 106:Generated_Source\PSoC4/cyfitter_cfg.c **** 
 107:Generated_Source\PSoC4/cyfitter_cfg.c **** #ifdef CY_NEED_CYCLOCKSTARTUPERROR
 108:Generated_Source\PSoC4/cyfitter_cfg.c **** /*******************************************************************************
 109:Generated_Source\PSoC4/cyfitter_cfg.c **** * Function Name: CyClockStartupError
 110:Generated_Source\PSoC4/cyfitter_cfg.c **** ********************************************************************************
 111:Generated_Source\PSoC4/cyfitter_cfg.c **** * Summary:
 112:Generated_Source\PSoC4/cyfitter_cfg.c **** *  If an error is encountered during clock configuration (crystal startup error,
 113:Generated_Source\PSoC4/cyfitter_cfg.c **** *  PLL lock error, etc.), the system will end up here.  Unless reimplemented by
 114:Generated_Source\PSoC4/cyfitter_cfg.c **** *  the customer, this function will stop in an infinite loop.
 115:Generated_Source\PSoC4/cyfitter_cfg.c **** *
 116:Generated_Source\PSoC4/cyfitter_cfg.c **** * Parameters:
 117:Generated_Source\PSoC4/cyfitter_cfg.c **** *   void
ARM GAS  C:\Users\Usuario\AppData\Local\Temp\ccVzUn3M.s 			page 4


 118:Generated_Source\PSoC4/cyfitter_cfg.c **** *
 119:Generated_Source\PSoC4/cyfitter_cfg.c **** * Return:
 120:Generated_Source\PSoC4/cyfitter_cfg.c **** *   void
 121:Generated_Source\PSoC4/cyfitter_cfg.c **** *
 122:Generated_Source\PSoC4/cyfitter_cfg.c **** *******************************************************************************/
 123:Generated_Source\PSoC4/cyfitter_cfg.c **** CY_CFG_UNUSED
 124:Generated_Source\PSoC4/cyfitter_cfg.c **** static void CyClockStartupError(uint8 errorCode);
 125:Generated_Source\PSoC4/cyfitter_cfg.c **** CY_CFG_UNUSED
 126:Generated_Source\PSoC4/cyfitter_cfg.c **** static void CyClockStartupError(uint8 errorCode)
 127:Generated_Source\PSoC4/cyfitter_cfg.c **** {
 128:Generated_Source\PSoC4/cyfitter_cfg.c ****     /* To remove the compiler warning if errorCode not used.                */
 129:Generated_Source\PSoC4/cyfitter_cfg.c ****     errorCode = errorCode;
 130:Generated_Source\PSoC4/cyfitter_cfg.c **** 
 131:Generated_Source\PSoC4/cyfitter_cfg.c ****     /* If we have a clock startup error (bad MHz crystal, PLL lock, etc.),  */
 132:Generated_Source\PSoC4/cyfitter_cfg.c ****     /* we will end up here to allow the customer to implement something to  */
 133:Generated_Source\PSoC4/cyfitter_cfg.c ****     /* deal with the clock condition.                                       */
 134:Generated_Source\PSoC4/cyfitter_cfg.c **** 
 135:Generated_Source\PSoC4/cyfitter_cfg.c **** #ifdef CY_CFG_CLOCK_STARTUP_ERROR_CALLBACK
 136:Generated_Source\PSoC4/cyfitter_cfg.c ****     CY_CFG_Clock_Startup_ErrorCallback();
 137:Generated_Source\PSoC4/cyfitter_cfg.c **** #else
 138:Generated_Source\PSoC4/cyfitter_cfg.c ****     /*  If not using CY_CFG_CLOCK_STARTUP_ERROR_CALLBACK, place your clock startup code here. */
 139:Generated_Source\PSoC4/cyfitter_cfg.c ****     /* `#START CyClockStartupError` */
 140:Generated_Source\PSoC4/cyfitter_cfg.c **** 
 141:Generated_Source\PSoC4/cyfitter_cfg.c **** 
 142:Generated_Source\PSoC4/cyfitter_cfg.c **** 
 143:Generated_Source\PSoC4/cyfitter_cfg.c ****     /* `#END` */
 144:Generated_Source\PSoC4/cyfitter_cfg.c **** 
 145:Generated_Source\PSoC4/cyfitter_cfg.c ****     while(1) {}
 146:Generated_Source\PSoC4/cyfitter_cfg.c **** #endif /* CY_CFG_CLOCK_STARTUP_ERROR_CALLBACK */
 147:Generated_Source\PSoC4/cyfitter_cfg.c **** }
 148:Generated_Source\PSoC4/cyfitter_cfg.c **** #endif
 149:Generated_Source\PSoC4/cyfitter_cfg.c **** 
 150:Generated_Source\PSoC4/cyfitter_cfg.c **** 
 151:Generated_Source\PSoC4/cyfitter_cfg.c **** 
 152:Generated_Source\PSoC4/cyfitter_cfg.c **** /*******************************************************************************
 153:Generated_Source\PSoC4/cyfitter_cfg.c **** * Function Name: ClockSetup
 154:Generated_Source\PSoC4/cyfitter_cfg.c **** ********************************************************************************
 155:Generated_Source\PSoC4/cyfitter_cfg.c **** *
 156:Generated_Source\PSoC4/cyfitter_cfg.c **** * Summary:
 157:Generated_Source\PSoC4/cyfitter_cfg.c **** *   Performs the initialization of all of the clocks in the device based on the
 158:Generated_Source\PSoC4/cyfitter_cfg.c **** *   settings in the Clock tab of the DWR.  This includes enabling the requested
 159:Generated_Source\PSoC4/cyfitter_cfg.c **** *   clocks and setting the necessary dividers to produce the desired frequency. 
 160:Generated_Source\PSoC4/cyfitter_cfg.c **** *
 161:Generated_Source\PSoC4/cyfitter_cfg.c **** * Parameters:
 162:Generated_Source\PSoC4/cyfitter_cfg.c **** *   void
 163:Generated_Source\PSoC4/cyfitter_cfg.c **** *
 164:Generated_Source\PSoC4/cyfitter_cfg.c **** * Return:
 165:Generated_Source\PSoC4/cyfitter_cfg.c **** *   void
 166:Generated_Source\PSoC4/cyfitter_cfg.c **** *
 167:Generated_Source\PSoC4/cyfitter_cfg.c **** *******************************************************************************/
 168:Generated_Source\PSoC4/cyfitter_cfg.c **** static void ClockSetup(void);
 169:Generated_Source\PSoC4/cyfitter_cfg.c **** CY_CFG_SECTION
 170:Generated_Source\PSoC4/cyfitter_cfg.c **** static void ClockSetup(void)
 171:Generated_Source\PSoC4/cyfitter_cfg.c **** {
  55              		.loc 1 171 0
  56              		.cfi_startproc
  57              		@ args = 0, pretend = 0, frame = 0
ARM GAS  C:\Users\Usuario\AppData\Local\Temp\ccVzUn3M.s 			page 5


  58              		@ frame_needed = 0, uses_anonymous_args = 0
  59 0000 70B5     		push	{r4, r5, r6, lr}
  60              		.cfi_def_cfa_offset 16
  61              		.cfi_offset 4, -16
  62              		.cfi_offset 5, -12
  63              		.cfi_offset 6, -8
  64              		.cfi_offset 14, -4
 172:Generated_Source\PSoC4/cyfitter_cfg.c **** 	/* Enable HALF_EN before trimming for the flash accelerator. */
 173:Generated_Source\PSoC4/cyfitter_cfg.c **** 	CY_SET_REG32((void CYXDATA *)(CYREG_CLK_SELECT), (CY_GET_REG32((void *)CYREG_CLK_SELECT) | 0x00040
  65              		.loc 1 173 0
  66 0002 204C     		ldr	r4, .L3
  67 0004 2368     		ldr	r3, [r4]
  68 0006 8022     		movs	r2, #128
  69 0008 D202     		lsls	r2, r2, #11
  70 000a 1343     		orrs	r3, r2
  71 000c 2360     		str	r3, [r4]
 174:Generated_Source\PSoC4/cyfitter_cfg.c **** 
 175:Generated_Source\PSoC4/cyfitter_cfg.c **** 	/* Setup and trim IMO based on desired frequency. */
 176:Generated_Source\PSoC4/cyfitter_cfg.c **** 	CySysClkWriteImoFreq(24u);
  72              		.loc 1 176 0
  73 000e 1820     		movs	r0, #24
  74 0010 FFF7FEFF 		bl	CySysClkWriteImoFreq
  75              	.LVL3:
 177:Generated_Source\PSoC4/cyfitter_cfg.c **** 
 178:Generated_Source\PSoC4/cyfitter_cfg.c **** 	/* Disable HALF_EN since it is not required at this IMO frequency. */
 179:Generated_Source\PSoC4/cyfitter_cfg.c **** 	CY_SET_REG32((void CYXDATA *)(CYREG_CLK_SELECT), (CY_GET_REG32((void *)CYREG_CLK_SELECT) & 0xFFFBF
  76              		.loc 1 179 0
  77 0014 2268     		ldr	r2, [r4]
  78 0016 1C4B     		ldr	r3, .L3+4
  79 0018 1340     		ands	r3, r2
  80 001a 2360     		str	r3, [r4]
 180:Generated_Source\PSoC4/cyfitter_cfg.c **** 	/* CYDEV_CLK_ILO_CONFIG Starting address: CYDEV_CLK_ILO_CONFIG */
 181:Generated_Source\PSoC4/cyfitter_cfg.c **** 	CY_SET_REG32((void *)(CYREG_CLK_ILO_CONFIG), 0x80000006u);
  81              		.loc 1 181 0
  82 001c 1B4A     		ldr	r2, .L3+8
  83 001e 1C4B     		ldr	r3, .L3+12
  84 0020 1A60     		str	r2, [r3]
 182:Generated_Source\PSoC4/cyfitter_cfg.c **** 
 183:Generated_Source\PSoC4/cyfitter_cfg.c **** 
 184:Generated_Source\PSoC4/cyfitter_cfg.c **** 	/* CYDEV_CLK_SELECT00 Starting address: CYDEV_CLK_SELECT00 */
 185:Generated_Source\PSoC4/cyfitter_cfg.c **** 	CY_SET_REG32((void *)(CYREG_CLK_SELECT02), 0x00000031u);
  85              		.loc 1 185 0
  86 0022 3122     		movs	r2, #49
  87 0024 1B4B     		ldr	r3, .L3+16
  88 0026 1A60     		str	r2, [r3]
 186:Generated_Source\PSoC4/cyfitter_cfg.c **** 	CY_SET_REG32((void *)(CYREG_CLK_SELECT07), 0x00000021u);
  89              		.loc 1 186 0
  90 0028 103A     		subs	r2, r2, #16
  91 002a 1B4B     		ldr	r3, .L3+20
  92 002c 1A60     		str	r2, [r3]
 187:Generated_Source\PSoC4/cyfitter_cfg.c **** 	CY_SET_REG32((void *)(CYREG_CLK_SELECT08), 0x00000030u);
  93              		.loc 1 187 0
  94 002e 0F32     		adds	r2, r2, #15
  95 0030 1A4B     		ldr	r3, .L3+24
  96 0032 1A60     		str	r2, [r3]
 188:Generated_Source\PSoC4/cyfitter_cfg.c **** 	CY_SET_REG32((void *)(CYREG_CLK_SELECT09), 0x00000011u);
  97              		.loc 1 188 0
ARM GAS  C:\Users\Usuario\AppData\Local\Temp\ccVzUn3M.s 			page 6


  98 0034 1F3A     		subs	r2, r2, #31
  99 0036 1A4B     		ldr	r3, .L3+28
 100 0038 1A60     		str	r2, [r3]
 189:Generated_Source\PSoC4/cyfitter_cfg.c **** 	CY_SET_REG32((void *)(CYREG_CLK_SELECT10), 0x00000010u);
 101              		.loc 1 189 0
 102 003a 013A     		subs	r2, r2, #1
 103 003c 194B     		ldr	r3, .L3+32
 104 003e 1A60     		str	r2, [r3]
 190:Generated_Source\PSoC4/cyfitter_cfg.c **** 	CY_SET_REG32((void *)(CYREG_CLK_SELECT11), 0x00000020u);
 105              		.loc 1 190 0
 106 0040 1032     		adds	r2, r2, #16
 107 0042 194B     		ldr	r3, .L3+36
 108 0044 1A60     		str	r2, [r3]
 191:Generated_Source\PSoC4/cyfitter_cfg.c **** 
 192:Generated_Source\PSoC4/cyfitter_cfg.c **** 	/* CYDEV_CLK_IMO_CONFIG Starting address: CYDEV_CLK_IMO_CONFIG */
 193:Generated_Source\PSoC4/cyfitter_cfg.c **** 	CY_SET_REG32((void *)(CYREG_CLK_IMO_CONFIG), 0x82000000u);
 109              		.loc 1 193 0
 110 0046 8222     		movs	r2, #130
 111 0048 1206     		lsls	r2, r2, #24
 112 004a 184B     		ldr	r3, .L3+40
 113 004c 1A60     		str	r2, [r3]
 194:Generated_Source\PSoC4/cyfitter_cfg.c **** 
 195:Generated_Source\PSoC4/cyfitter_cfg.c **** 	/* CYDEV_CLK_SELECT Starting address: CYDEV_CLK_SELECT */
 196:Generated_Source\PSoC4/cyfitter_cfg.c **** 	CY_SET_REG32((void *)(CYREG_CLK_SELECT), 0x00000000u);
 114              		.loc 1 196 0
 115 004e 0025     		movs	r5, #0
 116 0050 2560     		str	r5, [r4]
 197:Generated_Source\PSoC4/cyfitter_cfg.c **** 
 198:Generated_Source\PSoC4/cyfitter_cfg.c **** 	/* CYDEV_CLK_DIVIDER_A00 Starting address: CYDEV_CLK_DIVIDER_A00 */
 199:Generated_Source\PSoC4/cyfitter_cfg.c **** 	CY_SET_REG32((void *)(CYREG_CLK_DIVIDER_A00), 0x80000001u);
 117              		.loc 1 199 0
 118 0052 174B     		ldr	r3, .L3+44
 119 0054 174A     		ldr	r2, .L3+48
 120 0056 1360     		str	r3, [r2]
 200:Generated_Source\PSoC4/cyfitter_cfg.c **** 
 201:Generated_Source\PSoC4/cyfitter_cfg.c **** 	/* CYDEV_CLK_DIVIDER_B00 Starting address: CYDEV_CLK_DIVIDER_B00 */
 202:Generated_Source\PSoC4/cyfitter_cfg.c **** 	CY_SET_REG32((void *)(CYREG_CLK_DIVIDER_B00), 0x80000001u);
 121              		.loc 1 202 0
 122 0058 174A     		ldr	r2, .L3+52
 123 005a 1360     		str	r3, [r2]
 203:Generated_Source\PSoC4/cyfitter_cfg.c **** 
 204:Generated_Source\PSoC4/cyfitter_cfg.c **** 	/* CYDEV_CLK_DIVIDER_C00 Starting address: CYDEV_CLK_DIVIDER_C00 */
 205:Generated_Source\PSoC4/cyfitter_cfg.c **** 	CY_SET_REG32((void *)(CYREG_CLK_DIVIDER_C00), 0x80000001u);
 124              		.loc 1 205 0
 125 005c 174A     		ldr	r2, .L3+56
 126 005e 1360     		str	r3, [r2]
 206:Generated_Source\PSoC4/cyfitter_cfg.c **** 
 207:Generated_Source\PSoC4/cyfitter_cfg.c **** 	/* CYDEV_CLK_DIVIDER_A01 Starting address: CYDEV_CLK_DIVIDER_A01 */
 208:Generated_Source\PSoC4/cyfitter_cfg.c **** 	CY_SET_REG32((void *)(CYREG_CLK_DIVIDER_A01), 0x80000001u);
 127              		.loc 1 208 0
 128 0060 174A     		ldr	r2, .L3+60
 129 0062 1360     		str	r3, [r2]
 209:Generated_Source\PSoC4/cyfitter_cfg.c **** 
 210:Generated_Source\PSoC4/cyfitter_cfg.c **** 	/* CYDEV_CLK_DIVIDER_B01 Starting address: CYDEV_CLK_DIVIDER_B01 */
 211:Generated_Source\PSoC4/cyfitter_cfg.c **** 	CY_SET_REG32((void *)(CYREG_CLK_DIVIDER_B01), 0x80000007u);
 130              		.loc 1 211 0
 131 0064 174A     		ldr	r2, .L3+64
ARM GAS  C:\Users\Usuario\AppData\Local\Temp\ccVzUn3M.s 			page 7


 132 0066 184B     		ldr	r3, .L3+68
 133 0068 1A60     		str	r2, [r3]
 212:Generated_Source\PSoC4/cyfitter_cfg.c **** 
 213:Generated_Source\PSoC4/cyfitter_cfg.c **** 	/* CYDEV_CLK_DIVIDER_C01 Starting address: CYDEV_CLK_DIVIDER_C01 */
 214:Generated_Source\PSoC4/cyfitter_cfg.c **** 	CY_SET_REG32((void *)(CYREG_CLK_DIVIDER_C01), 0x80000010u);
 134              		.loc 1 214 0
 135 006a 184A     		ldr	r2, .L3+72
 136 006c 184B     		ldr	r3, .L3+76
 137 006e 1A60     		str	r2, [r3]
 215:Generated_Source\PSoC4/cyfitter_cfg.c **** 
 216:Generated_Source\PSoC4/cyfitter_cfg.c **** 	(void)CyIntSetVector(9u, &CySysWdtIsr);
 138              		.loc 1 216 0
 139 0070 1849     		ldr	r1, .L3+80
 140 0072 0920     		movs	r0, #9
 141 0074 FFF7FEFF 		bl	CyIntSetVector
 142              	.LVL4:
 217:Generated_Source\PSoC4/cyfitter_cfg.c **** 	CyIntEnable(9u);
 143              		.loc 1 217 0
 144 0078 0920     		movs	r0, #9
 145 007a FFF7FEFF 		bl	CyIntEnable
 146              	.LVL5:
 218:Generated_Source\PSoC4/cyfitter_cfg.c **** 	CY_SET_REG32((void *)(CYREG_WDT_CONFIG), 0x00000000u);
 147              		.loc 1 218 0
 148 007e 164B     		ldr	r3, .L3+84
 149 0080 1D60     		str	r5, [r3]
 219:Generated_Source\PSoC4/cyfitter_cfg.c **** }
 150              		.loc 1 219 0
 151              		@ sp needed
 152 0082 70BD     		pop	{r4, r5, r6, pc}
 153              	.L4:
 154              		.align	2
 155              	.L3:
 156 0084 00010B40 		.word	1074462976
 157 0088 FFFFFBFF 		.word	-262145
 158 008c 06000080 		.word	-2147483642
 159 0090 04010B40 		.word	1074462980
 160 0094 08020240 		.word	1073873416
 161 0098 1C020240 		.word	1073873436
 162 009c 20020240 		.word	1073873440
 163 00a0 24020240 		.word	1073873444
 164 00a4 28020240 		.word	1073873448
 165 00a8 2C020240 		.word	1073873452
 166 00ac 08010B40 		.word	1074462984
 167 00b0 01000080 		.word	-2147483647
 168 00b4 00000240 		.word	1073872896
 169 00b8 40000240 		.word	1073872960
 170 00bc 80000240 		.word	1073873024
 171 00c0 04000240 		.word	1073872900
 172 00c4 07000080 		.word	-2147483641
 173 00c8 44000240 		.word	1073872964
 174 00cc 10000080 		.word	-2147483632
 175 00d0 84000240 		.word	1073873028
 176 00d4 00000000 		.word	CySysWdtIsr
 177 00d8 0C020B40 		.word	1074463244
 178              		.cfi_endproc
 179              	.LFE3:
 180              		.size	ClockSetup, .-ClockSetup
ARM GAS  C:\Users\Usuario\AppData\Local\Temp\ccVzUn3M.s 			page 8


 181              		.section	.text.SetAnalogRoutingPumps,"ax",%progbits
 182              		.align	2
 183              		.global	SetAnalogRoutingPumps
 184              		.code	16
 185              		.thumb_func
 186              		.type	SetAnalogRoutingPumps, %function
 187              	SetAnalogRoutingPumps:
 188              	.LFB5:
 220:Generated_Source\PSoC4/cyfitter_cfg.c **** 
 221:Generated_Source\PSoC4/cyfitter_cfg.c **** 
 222:Generated_Source\PSoC4/cyfitter_cfg.c **** /* Analog API Functions */
 223:Generated_Source\PSoC4/cyfitter_cfg.c **** 
 224:Generated_Source\PSoC4/cyfitter_cfg.c **** 
 225:Generated_Source\PSoC4/cyfitter_cfg.c **** /*******************************************************************************
 226:Generated_Source\PSoC4/cyfitter_cfg.c **** * Function Name: AnalogSetDefault
 227:Generated_Source\PSoC4/cyfitter_cfg.c **** ********************************************************************************
 228:Generated_Source\PSoC4/cyfitter_cfg.c **** *
 229:Generated_Source\PSoC4/cyfitter_cfg.c **** * Summary:
 230:Generated_Source\PSoC4/cyfitter_cfg.c **** *  Sets up the analog portions of the chip to default values based on chip
 231:Generated_Source\PSoC4/cyfitter_cfg.c **** *  configuration options from the project.
 232:Generated_Source\PSoC4/cyfitter_cfg.c **** *
 233:Generated_Source\PSoC4/cyfitter_cfg.c **** * Parameters:
 234:Generated_Source\PSoC4/cyfitter_cfg.c **** *  void
 235:Generated_Source\PSoC4/cyfitter_cfg.c **** *
 236:Generated_Source\PSoC4/cyfitter_cfg.c **** * Return:
 237:Generated_Source\PSoC4/cyfitter_cfg.c **** *  void
 238:Generated_Source\PSoC4/cyfitter_cfg.c **** *
 239:Generated_Source\PSoC4/cyfitter_cfg.c **** *******************************************************************************/
 240:Generated_Source\PSoC4/cyfitter_cfg.c **** static void AnalogSetDefault(void);
 241:Generated_Source\PSoC4/cyfitter_cfg.c **** static void AnalogSetDefault(void)
 242:Generated_Source\PSoC4/cyfitter_cfg.c **** {
 243:Generated_Source\PSoC4/cyfitter_cfg.c **** 	/* Variable VDDA is selected; no pumps are enabled by default */
 244:Generated_Source\PSoC4/cyfitter_cfg.c **** }
 245:Generated_Source\PSoC4/cyfitter_cfg.c **** 
 246:Generated_Source\PSoC4/cyfitter_cfg.c **** 
 247:Generated_Source\PSoC4/cyfitter_cfg.c **** /*******************************************************************************
 248:Generated_Source\PSoC4/cyfitter_cfg.c **** * Function Name: SetAnalogRoutingPumps
 249:Generated_Source\PSoC4/cyfitter_cfg.c **** ********************************************************************************
 250:Generated_Source\PSoC4/cyfitter_cfg.c **** *
 251:Generated_Source\PSoC4/cyfitter_cfg.c **** * Summary:
 252:Generated_Source\PSoC4/cyfitter_cfg.c **** * Enables or disables the analog pumps feeding analog routing switches.
 253:Generated_Source\PSoC4/cyfitter_cfg.c **** * Intended to be called at startup, based on the Vdda system configuration;
 254:Generated_Source\PSoC4/cyfitter_cfg.c **** * may be called during operation when the user informs us that the Vdda voltage crossed the pump th
 255:Generated_Source\PSoC4/cyfitter_cfg.c **** *
 256:Generated_Source\PSoC4/cyfitter_cfg.c **** * Parameters:
 257:Generated_Source\PSoC4/cyfitter_cfg.c **** *  enabled - 1 to enable the pumps, 0 to disable the pumps
 258:Generated_Source\PSoC4/cyfitter_cfg.c **** *
 259:Generated_Source\PSoC4/cyfitter_cfg.c **** * Return:
 260:Generated_Source\PSoC4/cyfitter_cfg.c **** *  void
 261:Generated_Source\PSoC4/cyfitter_cfg.c **** *
 262:Generated_Source\PSoC4/cyfitter_cfg.c **** *******************************************************************************/
 263:Generated_Source\PSoC4/cyfitter_cfg.c **** void SetAnalogRoutingPumps(uint8 enabled)
 264:Generated_Source\PSoC4/cyfitter_cfg.c **** {
 189              		.loc 1 264 0
 190              		.cfi_startproc
 191              		@ args = 0, pretend = 0, frame = 0
 192              		@ frame_needed = 0, uses_anonymous_args = 0
ARM GAS  C:\Users\Usuario\AppData\Local\Temp\ccVzUn3M.s 			page 9


 193              		@ link register save eliminated.
 194              	.LVL6:
 265:Generated_Source\PSoC4/cyfitter_cfg.c **** 	uint32 regValue = CY_GET_XTND_REG32((void *)(CYREG_SAR_PUMP_CTRL));
 195              		.loc 1 265 0
 196 0000 064B     		ldr	r3, .L8
 197 0002 1B68     		ldr	r3, [r3]
 198              	.LVL7:
 266:Generated_Source\PSoC4/cyfitter_cfg.c **** 	if (enabled != 0u)
 199              		.loc 1 266 0
 200 0004 0028     		cmp	r0, #0
 201 0006 03D0     		beq	.L6
 267:Generated_Source\PSoC4/cyfitter_cfg.c **** 	{
 268:Generated_Source\PSoC4/cyfitter_cfg.c **** 		regValue |= 0x80000000u;
 202              		.loc 1 268 0
 203 0008 8022     		movs	r2, #128
 204 000a 1206     		lsls	r2, r2, #24
 205 000c 1343     		orrs	r3, r2
 206              	.LVL8:
 207 000e 01E0     		b	.L7
 208              	.L6:
 269:Generated_Source\PSoC4/cyfitter_cfg.c **** 	}
 270:Generated_Source\PSoC4/cyfitter_cfg.c **** 	else
 271:Generated_Source\PSoC4/cyfitter_cfg.c **** 	{
 272:Generated_Source\PSoC4/cyfitter_cfg.c **** 		regValue &= ~0x80000000u;
 209              		.loc 1 272 0
 210 0010 5B00     		lsls	r3, r3, #1
 211              	.LVL9:
 212 0012 5B08     		lsrs	r3, r3, #1
 213              	.LVL10:
 214              	.L7:
 273:Generated_Source\PSoC4/cyfitter_cfg.c **** 	}
 274:Generated_Source\PSoC4/cyfitter_cfg.c **** 	CY_SET_XTND_REG32((void *)(CYREG_SAR_PUMP_CTRL), regValue);
 215              		.loc 1 274 0
 216 0014 014A     		ldr	r2, .L8
 217 0016 1360     		str	r3, [r2]
 275:Generated_Source\PSoC4/cyfitter_cfg.c **** }
 218              		.loc 1 275 0
 219              		@ sp needed
 220 0018 7047     		bx	lr
 221              	.L9:
 222 001a C046     		.align	2
 223              	.L8:
 224 001c 80031A40 		.word	1075446656
 225              		.cfi_endproc
 226              	.LFE5:
 227              		.size	SetAnalogRoutingPumps, .-SetAnalogRoutingPumps
 228              		.section	.text.amux_Set,"ax",%progbits
 229              		.align	2
 230              		.global	amux_Set
 231              		.code	16
 232              		.thumb_func
 233              		.type	amux_Set, %function
 234              	amux_Set:
 235              	.LFB6:
 276:Generated_Source\PSoC4/cyfitter_cfg.c **** 
 277:Generated_Source\PSoC4/cyfitter_cfg.c **** 
 278:Generated_Source\PSoC4/cyfitter_cfg.c **** #define CY_AMUX_UNUSED CYREG_CM0_ROM_DWT
ARM GAS  C:\Users\Usuario\AppData\Local\Temp\ccVzUn3M.s 			page 10


 279:Generated_Source\PSoC4/cyfitter_cfg.c **** /*******************************************************************************
 280:Generated_Source\PSoC4/cyfitter_cfg.c **** * Function Name: amux_Set
 281:Generated_Source\PSoC4/cyfitter_cfg.c **** ********************************************************************************
 282:Generated_Source\PSoC4/cyfitter_cfg.c **** * Summary:
 283:Generated_Source\PSoC4/cyfitter_cfg.c **** *  This function is used to set a particular channel as active on the AMux.
 284:Generated_Source\PSoC4/cyfitter_cfg.c **** *
 285:Generated_Source\PSoC4/cyfitter_cfg.c **** * Parameters:  
 286:Generated_Source\PSoC4/cyfitter_cfg.c **** *   channel - The mux channel input to set as active
 287:Generated_Source\PSoC4/cyfitter_cfg.c **** *
 288:Generated_Source\PSoC4/cyfitter_cfg.c **** * Return:
 289:Generated_Source\PSoC4/cyfitter_cfg.c **** *   void
 290:Generated_Source\PSoC4/cyfitter_cfg.c **** *
 291:Generated_Source\PSoC4/cyfitter_cfg.c **** *******************************************************************************/
 292:Generated_Source\PSoC4/cyfitter_cfg.c **** void amux_Set(uint8 channel)
 293:Generated_Source\PSoC4/cyfitter_cfg.c **** {
 236              		.loc 1 293 0
 237              		.cfi_startproc
 238              		@ args = 0, pretend = 0, frame = 0
 239              		@ frame_needed = 0, uses_anonymous_args = 0
 240              		@ link register save eliminated.
 241              	.LVL11:
 294:Generated_Source\PSoC4/cyfitter_cfg.c **** 	switch (channel) {
 242              		.loc 1 294 0
 243 0000 0128     		cmp	r0, #1
 244 0002 0AD0     		beq	.L12
 245 0004 0028     		cmp	r0, #0
 246 0006 04D0     		beq	.L13
 247 0008 0228     		cmp	r0, #2
 248 000a 0AD0     		beq	.L14
 249 000c 0328     		cmp	r0, #3
 250 000e 0CD0     		beq	.L15
 251 0010 0EE0     		b	.L10
 252              	.L13:
 295:Generated_Source\PSoC4/cyfitter_cfg.c **** 		case 0u:
 296:Generated_Source\PSoC4/cyfitter_cfg.c **** 			CY_SET_REG32((void CYXDATA *)CYREG_SAR_MUX_SWITCH0, (0x01u));
 253              		.loc 1 296 0
 254 0012 0122     		movs	r2, #1
 255 0014 074B     		ldr	r3, .L16
 256 0016 1A60     		str	r2, [r3]
 297:Generated_Source\PSoC4/cyfitter_cfg.c **** 			break;
 257              		.loc 1 297 0
 258 0018 0AE0     		b	.L10
 259              	.L12:
 298:Generated_Source\PSoC4/cyfitter_cfg.c **** 		case 1u:
 299:Generated_Source\PSoC4/cyfitter_cfg.c **** 			CY_SET_REG32((void CYXDATA *)CYREG_SAR_MUX_SWITCH0, (0x02u));
 260              		.loc 1 299 0
 261 001a 0222     		movs	r2, #2
 262 001c 054B     		ldr	r3, .L16
 263 001e 1A60     		str	r2, [r3]
 300:Generated_Source\PSoC4/cyfitter_cfg.c **** 			break;
 264              		.loc 1 300 0
 265 0020 06E0     		b	.L10
 266              	.L14:
 301:Generated_Source\PSoC4/cyfitter_cfg.c **** 		case 2u:
 302:Generated_Source\PSoC4/cyfitter_cfg.c **** 			CY_SET_REG32((void CYXDATA *)CYREG_SAR_MUX_SWITCH0, (0x04u));
 267              		.loc 1 302 0
 268 0022 0422     		movs	r2, #4
ARM GAS  C:\Users\Usuario\AppData\Local\Temp\ccVzUn3M.s 			page 11


 269 0024 034B     		ldr	r3, .L16
 270 0026 1A60     		str	r2, [r3]
 303:Generated_Source\PSoC4/cyfitter_cfg.c **** 			break;
 271              		.loc 1 303 0
 272 0028 02E0     		b	.L10
 273              	.L15:
 304:Generated_Source\PSoC4/cyfitter_cfg.c **** 		case 3u:
 305:Generated_Source\PSoC4/cyfitter_cfg.c **** 			CY_SET_REG32((void CYXDATA *)CYREG_SAR_MUX_SWITCH0, (0x08u));
 274              		.loc 1 305 0
 275 002a 0822     		movs	r2, #8
 276 002c 014B     		ldr	r3, .L16
 277 002e 1A60     		str	r2, [r3]
 278              	.L10:
 306:Generated_Source\PSoC4/cyfitter_cfg.c **** 			break;
 307:Generated_Source\PSoC4/cyfitter_cfg.c **** 		default:
 308:Generated_Source\PSoC4/cyfitter_cfg.c **** 			break;
 309:Generated_Source\PSoC4/cyfitter_cfg.c **** 	}
 310:Generated_Source\PSoC4/cyfitter_cfg.c **** }
 279              		.loc 1 310 0
 280              		@ sp needed
 281 0030 7047     		bx	lr
 282              	.L17:
 283 0032 C046     		.align	2
 284              	.L16:
 285 0034 00031A40 		.word	1075446528
 286              		.cfi_endproc
 287              	.LFE6:
 288              		.size	amux_Set, .-amux_Set
 289              		.section	.text.amux_Unset,"ax",%progbits
 290              		.align	2
 291              		.global	amux_Unset
 292              		.code	16
 293              		.thumb_func
 294              		.type	amux_Unset, %function
 295              	amux_Unset:
 296              	.LFB7:
 311:Generated_Source\PSoC4/cyfitter_cfg.c **** 
 312:Generated_Source\PSoC4/cyfitter_cfg.c **** /*******************************************************************************
 313:Generated_Source\PSoC4/cyfitter_cfg.c **** * Function Name: amux_Unset
 314:Generated_Source\PSoC4/cyfitter_cfg.c **** ********************************************************************************
 315:Generated_Source\PSoC4/cyfitter_cfg.c **** * Summary:
 316:Generated_Source\PSoC4/cyfitter_cfg.c **** *  This function is used to clear a particular channel from being active on the
 317:Generated_Source\PSoC4/cyfitter_cfg.c **** *  AMux.
 318:Generated_Source\PSoC4/cyfitter_cfg.c **** *
 319:Generated_Source\PSoC4/cyfitter_cfg.c **** * Parameters:  
 320:Generated_Source\PSoC4/cyfitter_cfg.c **** *   channel - The mux channel input to mark inactive
 321:Generated_Source\PSoC4/cyfitter_cfg.c **** *
 322:Generated_Source\PSoC4/cyfitter_cfg.c **** * Return:
 323:Generated_Source\PSoC4/cyfitter_cfg.c **** *   void
 324:Generated_Source\PSoC4/cyfitter_cfg.c **** *
 325:Generated_Source\PSoC4/cyfitter_cfg.c **** *******************************************************************************/
 326:Generated_Source\PSoC4/cyfitter_cfg.c **** void amux_Unset(uint8 channel)
 327:Generated_Source\PSoC4/cyfitter_cfg.c **** {
 297              		.loc 1 327 0
 298              		.cfi_startproc
 299              		@ args = 0, pretend = 0, frame = 0
 300              		@ frame_needed = 0, uses_anonymous_args = 0
ARM GAS  C:\Users\Usuario\AppData\Local\Temp\ccVzUn3M.s 			page 12


 301              		@ link register save eliminated.
 302              	.LVL12:
 328:Generated_Source\PSoC4/cyfitter_cfg.c **** 	switch (channel) {
 303              		.loc 1 328 0
 304 0000 0128     		cmp	r0, #1
 305 0002 0AD0     		beq	.L20
 306 0004 0028     		cmp	r0, #0
 307 0006 04D0     		beq	.L21
 308 0008 0228     		cmp	r0, #2
 309 000a 0AD0     		beq	.L22
 310 000c 0328     		cmp	r0, #3
 311 000e 0CD0     		beq	.L23
 312 0010 0EE0     		b	.L18
 313              	.L21:
 329:Generated_Source\PSoC4/cyfitter_cfg.c **** 		case 0u:
 330:Generated_Source\PSoC4/cyfitter_cfg.c **** 			CY_SET_REG32((void CYXDATA *)CYREG_SAR_MUX_SWITCH_CLEAR0, (0x01u));
 314              		.loc 1 330 0
 315 0012 0122     		movs	r2, #1
 316 0014 074B     		ldr	r3, .L24
 317 0016 1A60     		str	r2, [r3]
 331:Generated_Source\PSoC4/cyfitter_cfg.c **** 			break;
 318              		.loc 1 331 0
 319 0018 0AE0     		b	.L18
 320              	.L20:
 332:Generated_Source\PSoC4/cyfitter_cfg.c **** 		case 1u:
 333:Generated_Source\PSoC4/cyfitter_cfg.c **** 			CY_SET_REG32((void CYXDATA *)CYREG_SAR_MUX_SWITCH_CLEAR0, (0x02u));
 321              		.loc 1 333 0
 322 001a 0222     		movs	r2, #2
 323 001c 054B     		ldr	r3, .L24
 324 001e 1A60     		str	r2, [r3]
 334:Generated_Source\PSoC4/cyfitter_cfg.c **** 			break;
 325              		.loc 1 334 0
 326 0020 06E0     		b	.L18
 327              	.L22:
 335:Generated_Source\PSoC4/cyfitter_cfg.c **** 		case 2u:
 336:Generated_Source\PSoC4/cyfitter_cfg.c **** 			CY_SET_REG32((void CYXDATA *)CYREG_SAR_MUX_SWITCH_CLEAR0, (0x04u));
 328              		.loc 1 336 0
 329 0022 0422     		movs	r2, #4
 330 0024 034B     		ldr	r3, .L24
 331 0026 1A60     		str	r2, [r3]
 337:Generated_Source\PSoC4/cyfitter_cfg.c **** 			break;
 332              		.loc 1 337 0
 333 0028 02E0     		b	.L18
 334              	.L23:
 338:Generated_Source\PSoC4/cyfitter_cfg.c **** 		case 3u:
 339:Generated_Source\PSoC4/cyfitter_cfg.c **** 			CY_SET_REG32((void CYXDATA *)CYREG_SAR_MUX_SWITCH_CLEAR0, (0x08u));
 335              		.loc 1 339 0
 336 002a 0822     		movs	r2, #8
 337 002c 014B     		ldr	r3, .L24
 338 002e 1A60     		str	r2, [r3]
 339              	.L18:
 340:Generated_Source\PSoC4/cyfitter_cfg.c **** 			break;
 341:Generated_Source\PSoC4/cyfitter_cfg.c **** 		default:
 342:Generated_Source\PSoC4/cyfitter_cfg.c **** 			break;
 343:Generated_Source\PSoC4/cyfitter_cfg.c **** 	}
 344:Generated_Source\PSoC4/cyfitter_cfg.c **** }
 340              		.loc 1 344 0
ARM GAS  C:\Users\Usuario\AppData\Local\Temp\ccVzUn3M.s 			page 13


 341              		@ sp needed
 342 0030 7047     		bx	lr
 343              	.L25:
 344 0032 C046     		.align	2
 345              	.L24:
 346 0034 04031A40 		.word	1075446532
 347              		.cfi_endproc
 348              	.LFE7:
 349              		.size	amux_Unset, .-amux_Unset
 350              		.section	.psocinit
 351              		.align	2
 352              		.global	cyfitter_cfg
 353              		.code	16
 354              		.thumb_func
 355              		.type	cyfitter_cfg, %function
 356              	cyfitter_cfg:
 357              	.LFB8:
 345:Generated_Source\PSoC4/cyfitter_cfg.c **** 
 346:Generated_Source\PSoC4/cyfitter_cfg.c **** 
 347:Generated_Source\PSoC4/cyfitter_cfg.c **** 
 348:Generated_Source\PSoC4/cyfitter_cfg.c **** /*******************************************************************************
 349:Generated_Source\PSoC4/cyfitter_cfg.c **** * Function Name: cyfitter_cfg
 350:Generated_Source\PSoC4/cyfitter_cfg.c **** ********************************************************************************
 351:Generated_Source\PSoC4/cyfitter_cfg.c **** * Summary:
 352:Generated_Source\PSoC4/cyfitter_cfg.c **** *  This function is called by the start-up code for the selected device. It
 353:Generated_Source\PSoC4/cyfitter_cfg.c **** *  performs all of the necessary device configuration based on the design
 354:Generated_Source\PSoC4/cyfitter_cfg.c **** *  settings.  This includes settings from the Design Wide Resources (DWR) such
 355:Generated_Source\PSoC4/cyfitter_cfg.c **** *  as Clocks and Pins as well as any component configuration that is necessary.
 356:Generated_Source\PSoC4/cyfitter_cfg.c **** *
 357:Generated_Source\PSoC4/cyfitter_cfg.c **** * Parameters:
 358:Generated_Source\PSoC4/cyfitter_cfg.c **** *   void
 359:Generated_Source\PSoC4/cyfitter_cfg.c **** *
 360:Generated_Source\PSoC4/cyfitter_cfg.c **** * Return:
 361:Generated_Source\PSoC4/cyfitter_cfg.c **** *   void
 362:Generated_Source\PSoC4/cyfitter_cfg.c **** *
 363:Generated_Source\PSoC4/cyfitter_cfg.c **** *******************************************************************************/
 364:Generated_Source\PSoC4/cyfitter_cfg.c **** CY_CFG_SECTION
 365:Generated_Source\PSoC4/cyfitter_cfg.c **** void cyfitter_cfg(void)
 366:Generated_Source\PSoC4/cyfitter_cfg.c **** {
 358              		.loc 1 366 0
 359              		.cfi_startproc
 360              		@ args = 0, pretend = 0, frame = 0
 361              		@ frame_needed = 0, uses_anonymous_args = 0
 362 00dc 10B5     		push	{r4, lr}
 363              		.cfi_def_cfa_offset 8
 364              		.cfi_offset 4, -8
 365              		.cfi_offset 14, -4
 367:Generated_Source\PSoC4/cyfitter_cfg.c **** 	/* Disable interrupts by default. Let user enable if/when they want. */
 368:Generated_Source\PSoC4/cyfitter_cfg.c **** 	CyGlobalIntDisable;
 366              		.loc 1 368 0
 367              		.syntax divided
 368              	@ 368 "Generated_Source\PSoC4\cyfitter_cfg.c" 1
 369 00de 72B6     		CPSID   i
 370              	@ 0 "" 2
 371              	.LVL13:
 372              		.thumb
 373              		.syntax unified
ARM GAS  C:\Users\Usuario\AppData\Local\Temp\ccVzUn3M.s 			page 14


 374              	.LBB2:
 369:Generated_Source\PSoC4/cyfitter_cfg.c **** 
 370:Generated_Source\PSoC4/cyfitter_cfg.c **** 	{
 371:Generated_Source\PSoC4/cyfitter_cfg.c **** 
 372:Generated_Source\PSoC4/cyfitter_cfg.c **** 		CYPACKED typedef struct {
 373:Generated_Source\PSoC4/cyfitter_cfg.c **** 			void CYFAR *address;
 374:Generated_Source\PSoC4/cyfitter_cfg.c **** 			uint16 size;
 375:Generated_Source\PSoC4/cyfitter_cfg.c **** 		} CYPACKED_ATTR cfg_memset_t;
 376:Generated_Source\PSoC4/cyfitter_cfg.c **** 
 377:Generated_Source\PSoC4/cyfitter_cfg.c **** 		static const cfg_memset_t CYCODE cfg_memset_list[] = {
 378:Generated_Source\PSoC4/cyfitter_cfg.c **** 			/* address, size */
 379:Generated_Source\PSoC4/cyfitter_cfg.c **** 			{(void CYFAR *)(CYDEV_UDB_P0_U0_BASE), 1024u},
 380:Generated_Source\PSoC4/cyfitter_cfg.c **** 			{(void CYFAR *)(CYDEV_UDB_DSI0_BASE), 1024u},
 381:Generated_Source\PSoC4/cyfitter_cfg.c **** 		};
 382:Generated_Source\PSoC4/cyfitter_cfg.c **** 
 383:Generated_Source\PSoC4/cyfitter_cfg.c **** 		uint8 CYDATA i;
 384:Generated_Source\PSoC4/cyfitter_cfg.c **** 
 385:Generated_Source\PSoC4/cyfitter_cfg.c **** 		/* Zero out critical memory blocks before beginning configuration */
 386:Generated_Source\PSoC4/cyfitter_cfg.c **** 		for (i = 0u; i < (sizeof(cfg_memset_list)/sizeof(cfg_memset_list[0])); i++)
 375              		.loc 1 386 0
 376 00e0 0024     		movs	r4, #0
 377 00e2 0FE0     		b	.L27
 378              	.LVL14:
 379              	.L28:
 380              	.LBB3:
 387:Generated_Source\PSoC4/cyfitter_cfg.c **** 		{
 388:Generated_Source\PSoC4/cyfitter_cfg.c **** 			const cfg_memset_t CYCODE * CYDATA ms = &cfg_memset_list[i];
 389:Generated_Source\PSoC4/cyfitter_cfg.c **** 			CYMEMZERO(ms->address, (size_t)(uint32)(ms->size));
 381              		.loc 1 389 0 discriminator 3
 382 00e4 2848     		ldr	r0, .L29
 383 00e6 6200     		lsls	r2, r4, #1
 384 00e8 1319     		adds	r3, r2, r4
 385 00ea 5900     		lsls	r1, r3, #1
 386 00ec 0B00     		movs	r3, r1
 387 00ee 4118     		adds	r1, r0, r1
 388 00f0 8988     		ldrh	r1, [r1, #4]
 389 00f2 1A5A     		ldrh	r2, [r3, r0]
 390 00f4 C318     		adds	r3, r0, r3
 391 00f6 5888     		ldrh	r0, [r3, #2]
 392 00f8 0004     		lsls	r0, r0, #16
 393 00fa 1043     		orrs	r0, r2
 394 00fc FFF7FEFF 		bl	CYMEMZERO
 395              	.LVL15:
 396              	.LBE3:
 386:Generated_Source\PSoC4/cyfitter_cfg.c **** 		{
 397              		.loc 1 386 0 discriminator 3
 398 0100 0134     		adds	r4, r4, #1
 399              	.LVL16:
 400 0102 E4B2     		uxtb	r4, r4
 401              	.LVL17:
 402              	.L27:
 386:Generated_Source\PSoC4/cyfitter_cfg.c **** 		{
 403              		.loc 1 386 0 is_stmt 0 discriminator 1
 404 0104 012C     		cmp	r4, #1
 405 0106 EDD9     		bls	.L28
 390:Generated_Source\PSoC4/cyfitter_cfg.c **** 		}
 391:Generated_Source\PSoC4/cyfitter_cfg.c **** 
ARM GAS  C:\Users\Usuario\AppData\Local\Temp\ccVzUn3M.s 			page 15


 392:Generated_Source\PSoC4/cyfitter_cfg.c **** 		/* HSIOM Starting address: CYDEV_HSIOM_BASE */
 393:Generated_Source\PSoC4/cyfitter_cfg.c **** 		CY_SET_REG32((void *)(CYREG_HSIOM_PORT_SEL1), 0x00000808u);
 406              		.loc 1 393 0 is_stmt 1
 407 0108 204A     		ldr	r2, .L29+4
 408 010a 214B     		ldr	r3, .L29+8
 409 010c 1A60     		str	r2, [r3]
 394:Generated_Source\PSoC4/cyfitter_cfg.c **** 		CY_SET_REG32((void *)(CYREG_HSIOM_PORT_SEL2), 0x08080000u);
 410              		.loc 1 394 0
 411 010e 214A     		ldr	r2, .L29+12
 412 0110 214B     		ldr	r3, .L29+16
 413 0112 1A60     		str	r2, [r3]
 395:Generated_Source\PSoC4/cyfitter_cfg.c **** 		CY_SET_REG32((void *)(CYREG_HSIOM_PORT_SEL3), 0x0000EE00u);
 414              		.loc 1 395 0
 415 0114 EE22     		movs	r2, #238
 416 0116 1202     		lsls	r2, r2, #8
 417 0118 204B     		ldr	r3, .L29+20
 418 011a 1A60     		str	r2, [r3]
 396:Generated_Source\PSoC4/cyfitter_cfg.c **** 		CY_SET_REG32((void *)(CYREG_HSIOM_PORT_SEL4), 0x00000099u);
 419              		.loc 1 396 0
 420 011c 9922     		movs	r2, #153
 421 011e 204B     		ldr	r3, .L29+24
 422 0120 1A60     		str	r2, [r3]
 397:Generated_Source\PSoC4/cyfitter_cfg.c **** 
 398:Generated_Source\PSoC4/cyfitter_cfg.c **** 		/* UDB_PA_0 Starting address: CYDEV_UDB_PA0_BASE */
 399:Generated_Source\PSoC4/cyfitter_cfg.c **** 		CY_SET_REG32((void *)(CYDEV_UDB_PA0_BASE), 0x00990000u);
 423              		.loc 1 399 0
 424 0122 9923     		movs	r3, #153
 425 0124 1B04     		lsls	r3, r3, #16
 426 0126 1F4A     		ldr	r2, .L29+28
 427 0128 1360     		str	r3, [r2]
 400:Generated_Source\PSoC4/cyfitter_cfg.c **** 
 401:Generated_Source\PSoC4/cyfitter_cfg.c **** 		/* UDB_PA_1 Starting address: CYDEV_UDB_PA1_BASE */
 402:Generated_Source\PSoC4/cyfitter_cfg.c **** 		CY_SET_REG32((void *)(CYDEV_UDB_PA1_BASE), 0x00990000u);
 428              		.loc 1 402 0
 429 012a 1F4A     		ldr	r2, .L29+32
 430 012c 1360     		str	r3, [r2]
 403:Generated_Source\PSoC4/cyfitter_cfg.c **** 
 404:Generated_Source\PSoC4/cyfitter_cfg.c **** 		/* UDB_PA_2 Starting address: CYDEV_UDB_PA2_BASE */
 405:Generated_Source\PSoC4/cyfitter_cfg.c **** 		CY_SET_REG32((void *)(CYDEV_UDB_PA2_BASE), 0x00990000u);
 431              		.loc 1 405 0
 432 012e 1F4A     		ldr	r2, .L29+36
 433 0130 1360     		str	r3, [r2]
 406:Generated_Source\PSoC4/cyfitter_cfg.c **** 
 407:Generated_Source\PSoC4/cyfitter_cfg.c **** 		/* UDB_PA_3 Starting address: CYDEV_UDB_PA3_BASE */
 408:Generated_Source\PSoC4/cyfitter_cfg.c **** 		CY_SET_REG32((void *)(CYDEV_UDB_PA3_BASE), 0x00990000u);
 434              		.loc 1 408 0
 435 0132 1F4A     		ldr	r2, .L29+40
 436 0134 1360     		str	r3, [r2]
 409:Generated_Source\PSoC4/cyfitter_cfg.c **** 
 410:Generated_Source\PSoC4/cyfitter_cfg.c **** 		/* Enable digital routing */
 411:Generated_Source\PSoC4/cyfitter_cfg.c **** 		CY_SET_XTND_REG8((void *)CYREG_UDB_UDBIF_BANK_CTL, (uint8)(CY_GET_XTND_REG8((void *)CYREG_UDB_UDB
 437              		.loc 1 411 0
 438 0136 1F4A     		ldr	r2, .L29+44
 439 0138 1178     		ldrb	r1, [r2]
 440 013a 0623     		movs	r3, #6
 441 013c 0B43     		orrs	r3, r1
 442 013e DBB2     		uxtb	r3, r3
ARM GAS  C:\Users\Usuario\AppData\Local\Temp\ccVzUn3M.s 			page 16


 443 0140 1370     		strb	r3, [r2]
 444              	.LBE2:
 412:Generated_Source\PSoC4/cyfitter_cfg.c **** 	}
 413:Generated_Source\PSoC4/cyfitter_cfg.c **** 
 414:Generated_Source\PSoC4/cyfitter_cfg.c **** 	/* Perform second pass device configuration. These items must be configured in specific order afte
 415:Generated_Source\PSoC4/cyfitter_cfg.c **** 	/* IOPINS0_0 Starting address: CYDEV_PRT0_BASE */
 416:Generated_Source\PSoC4/cyfitter_cfg.c **** 	CY_SET_REG32((void *)(CYDEV_PRT0_BASE), 0x000000FFu);
 445              		.loc 1 416 0
 446 0142 FF22     		movs	r2, #255
 447 0144 1C4B     		ldr	r3, .L29+48
 448 0146 1A60     		str	r2, [r3]
 417:Generated_Source\PSoC4/cyfitter_cfg.c **** 	CY_SET_REG32((void *)(CYREG_PRT0_PC), 0x00492492u);
 449              		.loc 1 417 0
 450 0148 1C4A     		ldr	r2, .L29+52
 451 014a 1D4B     		ldr	r3, .L29+56
 452 014c 1A60     		str	r2, [r3]
 418:Generated_Source\PSoC4/cyfitter_cfg.c **** 
 419:Generated_Source\PSoC4/cyfitter_cfg.c **** 	/* IOPINS0_1 Starting address: CYDEV_PRT1_BASE */
 420:Generated_Source\PSoC4/cyfitter_cfg.c **** 	CY_SET_REG32((void *)(CYDEV_PRT1_BASE), 0x0000003Fu);
 453              		.loc 1 420 0
 454 014e 3F22     		movs	r2, #63
 455 0150 1C4B     		ldr	r3, .L29+60
 456 0152 1A60     		str	r2, [r3]
 421:Generated_Source\PSoC4/cyfitter_cfg.c **** 	CY_SET_REG32((void *)(CYREG_PRT1_PC), 0x00D92596u);
 457              		.loc 1 421 0
 458 0154 1C4A     		ldr	r2, .L29+64
 459 0156 1D4B     		ldr	r3, .L29+68
 460 0158 1A60     		str	r2, [r3]
 422:Generated_Source\PSoC4/cyfitter_cfg.c **** 
 423:Generated_Source\PSoC4/cyfitter_cfg.c **** 	/* IOPINS0_2 Starting address: CYDEV_PRT2_BASE */
 424:Generated_Source\PSoC4/cyfitter_cfg.c **** 	CY_SET_REG32((void *)(CYDEV_PRT2_BASE), 0x0000005Fu);
 461              		.loc 1 424 0
 462 015a 5F22     		movs	r2, #95
 463 015c 1C4B     		ldr	r3, .L29+72
 464 015e 1A60     		str	r2, [r3]
 425:Generated_Source\PSoC4/cyfitter_cfg.c **** 	CY_SET_REG32((void *)(CYREG_PRT2_PC), 0x00DB6000u);
 465              		.loc 1 425 0
 466 0160 1C4A     		ldr	r2, .L29+76
 467 0162 1D4B     		ldr	r3, .L29+80
 468 0164 1A60     		str	r2, [r3]
 426:Generated_Source\PSoC4/cyfitter_cfg.c **** 	CY_SET_REG32((void *)(CYREG_PRT2_PC2), 0x0000000Fu);
 469              		.loc 1 426 0
 470 0166 0F22     		movs	r2, #15
 471 0168 1C4B     		ldr	r3, .L29+84
 472 016a 1A60     		str	r2, [r3]
 427:Generated_Source\PSoC4/cyfitter_cfg.c **** 
 428:Generated_Source\PSoC4/cyfitter_cfg.c **** 	/* IOPINS0_3 Starting address: CYDEV_PRT3_BASE */
 429:Generated_Source\PSoC4/cyfitter_cfg.c **** 	CY_SET_REG32((void *)(CYREG_PRT3_PC), 0x00DB6DB6u);
 473              		.loc 1 429 0
 474 016c 1C4A     		ldr	r2, .L29+88
 475 016e 1D4B     		ldr	r3, .L29+92
 476 0170 1A60     		str	r2, [r3]
 430:Generated_Source\PSoC4/cyfitter_cfg.c **** 
 431:Generated_Source\PSoC4/cyfitter_cfg.c **** 	/* IOPINS0_4 Starting address: CYDEV_PRT4_BASE */
 432:Generated_Source\PSoC4/cyfitter_cfg.c **** 	CY_SET_REG32((void *)(CYDEV_PRT4_BASE), 0x00000002u);
 477              		.loc 1 432 0
 478 0172 0223     		movs	r3, #2
ARM GAS  C:\Users\Usuario\AppData\Local\Temp\ccVzUn3M.s 			page 17


 479 0174 1C4A     		ldr	r2, .L29+96
 480 0176 1360     		str	r3, [r2]
 433:Generated_Source\PSoC4/cyfitter_cfg.c **** 	CY_SET_REG32((void *)(CYREG_PRT4_PC), 0x00000DB1u);
 481              		.loc 1 433 0
 482 0178 1C49     		ldr	r1, .L29+100
 483 017a 1D4A     		ldr	r2, .L29+104
 484 017c 1160     		str	r1, [r2]
 434:Generated_Source\PSoC4/cyfitter_cfg.c **** 	CY_SET_REG32((void *)(CYREG_PRT4_PC2), 0x00000002u);
 485              		.loc 1 434 0
 486 017e 1D4A     		ldr	r2, .L29+108
 487 0180 1360     		str	r3, [r2]
 435:Generated_Source\PSoC4/cyfitter_cfg.c **** 
 436:Generated_Source\PSoC4/cyfitter_cfg.c **** 
 437:Generated_Source\PSoC4/cyfitter_cfg.c **** 	/* Setup clocks based on selections from Clock DWR */
 438:Generated_Source\PSoC4/cyfitter_cfg.c **** 	ClockSetup();
 488              		.loc 1 438 0
 489 0182 FFF73DFF 		bl	ClockSetup
 490              	.LVL18:
 439:Generated_Source\PSoC4/cyfitter_cfg.c **** 
 440:Generated_Source\PSoC4/cyfitter_cfg.c **** 	/* Perform basic analog initialization to defaults */
 441:Generated_Source\PSoC4/cyfitter_cfg.c **** 	AnalogSetDefault();
 442:Generated_Source\PSoC4/cyfitter_cfg.c **** 
 443:Generated_Source\PSoC4/cyfitter_cfg.c **** }
 491              		.loc 1 443 0
 492              		@ sp needed
 493              	.LVL19:
 494 0186 10BD     		pop	{r4, pc}
 495              	.L30:
 496              		.align	2
 497              	.L29:
 498 0188 00000000 		.word	.LANCHOR0
 499 018c 08080000 		.word	2056
 500 0190 04000140 		.word	1073807364
 501 0194 00000808 		.word	134742016
 502 0198 08000140 		.word	1073807368
 503 019c 0C000140 		.word	1073807372
 504 01a0 10000140 		.word	1073807376
 505 01a4 00500F40 		.word	1074745344
 506 01a8 10500F40 		.word	1074745360
 507 01ac 20500F40 		.word	1074745376
 508 01b0 30500F40 		.word	1074745392
 509 01b4 00700F40 		.word	1074753536
 510 01b8 00000440 		.word	1074003968
 511 01bc 92244900 		.word	4793490
 512 01c0 08000440 		.word	1074003976
 513 01c4 00010440 		.word	1074004224
 514 01c8 9625D900 		.word	14230934
 515 01cc 08010440 		.word	1074004232
 516 01d0 00020440 		.word	1074004480
 517 01d4 0060DB00 		.word	14376960
 518 01d8 08020440 		.word	1074004488
 519 01dc 18020440 		.word	1074004504
 520 01e0 B66DDB00 		.word	14380470
 521 01e4 08030440 		.word	1074004744
 522 01e8 00040440 		.word	1074004992
 523 01ec B10D0000 		.word	3505
 524 01f0 08040440 		.word	1074005000
ARM GAS  C:\Users\Usuario\AppData\Local\Temp\ccVzUn3M.s 			page 18


 525 01f4 18040440 		.word	1074005016
 526              		.cfi_endproc
 527              	.LFE8:
 528              		.size	cyfitter_cfg, .-cyfitter_cfg
 529              		.section	.rodata
 530              		.align	2
 531              		.set	.LANCHOR0,. + 0
 532              		.type	cfg_memset_list.4875, %object
 533              		.size	cfg_memset_list.4875, 12
 534              	cfg_memset_list.4875:
 535 0000 00300F40 		.word	1074737152
 536 0004 0004     		.short	1024
 537 0006 00400F40 		.4byte	1074741248
 538 000a 0004     		.short	1024
 539              		.text
 540              	.Letext0:
 541              		.file 2 "c:\\program files (x86)\\cypress\\psoc creator\\4.4\\psoc creator\\import\\gnu\\arm\\5.4.
 542              		.file 3 "Generated_Source\\PSoC4\\cytypes.h"
 543              		.file 4 "Generated_Source\\PSoC4\\CyLib.h"
 544              		.section	.debug_info,"",%progbits
 545              	.Ldebug_info0:
 546 0000 F9020000 		.4byte	0x2f9
 547 0004 0400     		.2byte	0x4
 548 0006 00000000 		.4byte	.Ldebug_abbrev0
 549 000a 04       		.byte	0x4
 550 000b 01       		.uleb128 0x1
 551 000c 78010000 		.4byte	.LASF36
 552 0010 0C       		.byte	0xc
 553 0011 82020000 		.4byte	.LASF37
 554 0015 00000000 		.4byte	.LASF38
 555 0019 00000000 		.4byte	.Ldebug_ranges0+0
 556 001d 00000000 		.4byte	0
 557 0021 00000000 		.4byte	.Ldebug_line0
 558 0025 02       		.uleb128 0x2
 559 0026 04       		.byte	0x4
 560 0027 05       		.byte	0x5
 561 0028 696E7400 		.ascii	"int\000"
 562 002c 03       		.uleb128 0x3
 563 002d 6C000000 		.4byte	.LASF12
 564 0031 02       		.byte	0x2
 565 0032 D8       		.byte	0xd8
 566 0033 37000000 		.4byte	0x37
 567 0037 04       		.uleb128 0x4
 568 0038 04       		.byte	0x4
 569 0039 07       		.byte	0x7
 570 003a 3F010000 		.4byte	.LASF0
 571 003e 04       		.uleb128 0x4
 572 003f 08       		.byte	0x8
 573 0040 05       		.byte	0x5
 574 0041 1C020000 		.4byte	.LASF1
 575 0045 04       		.uleb128 0x4
 576 0046 08       		.byte	0x8
 577 0047 04       		.byte	0x4
 578 0048 6A020000 		.4byte	.LASF2
 579 004c 04       		.uleb128 0x4
 580 004d 01       		.byte	0x1
 581 004e 06       		.byte	0x6
ARM GAS  C:\Users\Usuario\AppData\Local\Temp\ccVzUn3M.s 			page 19


 582 004f 76020000 		.4byte	.LASF3
 583 0053 04       		.uleb128 0x4
 584 0054 01       		.byte	0x1
 585 0055 08       		.byte	0x8
 586 0056 09010000 		.4byte	.LASF4
 587 005a 04       		.uleb128 0x4
 588 005b 02       		.byte	0x2
 589 005c 05       		.byte	0x5
 590 005d 37020000 		.4byte	.LASF5
 591 0061 04       		.uleb128 0x4
 592 0062 02       		.byte	0x2
 593 0063 07       		.byte	0x7
 594 0064 A5000000 		.4byte	.LASF6
 595 0068 04       		.uleb128 0x4
 596 0069 04       		.byte	0x4
 597 006a 05       		.byte	0x5
 598 006b 61020000 		.4byte	.LASF7
 599 006f 04       		.uleb128 0x4
 600 0070 04       		.byte	0x4
 601 0071 07       		.byte	0x7
 602 0072 D1000000 		.4byte	.LASF8
 603 0076 04       		.uleb128 0x4
 604 0077 08       		.byte	0x8
 605 0078 07       		.byte	0x7
 606 0079 61010000 		.4byte	.LASF9
 607 007d 04       		.uleb128 0x4
 608 007e 04       		.byte	0x4
 609 007f 07       		.byte	0x7
 610 0080 13020000 		.4byte	.LASF10
 611 0084 05       		.uleb128 0x5
 612 0085 04       		.byte	0x4
 613 0086 04       		.uleb128 0x4
 614 0087 01       		.byte	0x1
 615 0088 08       		.byte	0x8
 616 0089 2A020000 		.4byte	.LASF11
 617 008d 06       		.uleb128 0x6
 618 008e E3000000 		.4byte	.LASF13
 619 0092 03       		.byte	0x3
 620 0093 FC01     		.2byte	0x1fc
 621 0095 53000000 		.4byte	0x53
 622 0099 06       		.uleb128 0x6
 623 009a 31010000 		.4byte	.LASF14
 624 009e 03       		.byte	0x3
 625 009f FD01     		.2byte	0x1fd
 626 00a1 61000000 		.4byte	0x61
 627 00a5 06       		.uleb128 0x6
 628 00a6 38010000 		.4byte	.LASF15
 629 00aa 03       		.byte	0x3
 630 00ab FE01     		.2byte	0x1fe
 631 00ad 6F000000 		.4byte	0x6f
 632 00b1 04       		.uleb128 0x4
 633 00b2 04       		.byte	0x4
 634 00b3 04       		.byte	0x4
 635 00b4 C1000000 		.4byte	.LASF16
 636 00b8 04       		.uleb128 0x4
 637 00b9 08       		.byte	0x8
 638 00ba 04       		.byte	0x4
ARM GAS  C:\Users\Usuario\AppData\Local\Temp\ccVzUn3M.s 			page 20


 639 00bb 1E010000 		.4byte	.LASF17
 640 00bf 06       		.uleb128 0x6
 641 00c0 CC000000 		.4byte	.LASF18
 642 00c4 03       		.byte	0x3
 643 00c5 A602     		.2byte	0x2a6
 644 00c7 CB000000 		.4byte	0xcb
 645 00cb 07       		.uleb128 0x7
 646 00cc 8D000000 		.4byte	0x8d
 647 00d0 06       		.uleb128 0x6
 648 00d1 66000000 		.4byte	.LASF19
 649 00d5 03       		.byte	0x3
 650 00d6 A802     		.2byte	0x2a8
 651 00d8 DC000000 		.4byte	0xdc
 652 00dc 07       		.uleb128 0x7
 653 00dd A5000000 		.4byte	0xa5
 654 00e1 08       		.uleb128 0x8
 655 00e2 E9000000 		.4byte	.LASF20
 656 00e6 01       		.byte	0x1
 657 00e7 4C       		.byte	0x4c
 658 00e8 00000000 		.4byte	.LFB0
 659 00ec 0C000000 		.4byte	.LFE0-.LFB0
 660 00f0 01       		.uleb128 0x1
 661 00f1 9C       		.byte	0x9c
 662 00f2 2E010000 		.4byte	0x12e
 663 00f6 09       		.uleb128 0x9
 664 00f7 7300     		.ascii	"s\000"
 665 00f9 01       		.byte	0x1
 666 00fa 4C       		.byte	0x4c
 667 00fb 84000000 		.4byte	0x84
 668 00ff 00000000 		.4byte	.LLST0
 669 0103 09       		.uleb128 0x9
 670 0104 6E00     		.ascii	"n\000"
 671 0106 01       		.byte	0x1
 672 0107 4C       		.byte	0x4c
 673 0108 2C000000 		.4byte	0x2c
 674 010c 21000000 		.4byte	.LLST1
 675 0110 0A       		.uleb128 0xa
 676 0111 0A000000 		.4byte	.LVL2
 677 0115 D2020000 		.4byte	0x2d2
 678 0119 0B       		.uleb128 0xb
 679 011a 01       		.uleb128 0x1
 680 011b 50       		.byte	0x50
 681 011c 03       		.uleb128 0x3
 682 011d F3       		.byte	0xf3
 683 011e 01       		.uleb128 0x1
 684 011f 50       		.byte	0x50
 685 0120 0B       		.uleb128 0xb
 686 0121 01       		.uleb128 0x1
 687 0122 51       		.byte	0x51
 688 0123 01       		.uleb128 0x1
 689 0124 30       		.byte	0x30
 690 0125 0B       		.uleb128 0xb
 691 0126 01       		.uleb128 0x1
 692 0127 52       		.byte	0x52
 693 0128 03       		.uleb128 0x3
 694 0129 F3       		.byte	0xf3
 695 012a 01       		.uleb128 0x1
ARM GAS  C:\Users\Usuario\AppData\Local\Temp\ccVzUn3M.s 			page 21


 696 012b 51       		.byte	0x51
 697 012c 00       		.byte	0
 698 012d 00       		.byte	0
 699 012e 08       		.uleb128 0x8
 700 012f 9A000000 		.4byte	.LASF21
 701 0133 01       		.byte	0x1
 702 0134 AA       		.byte	0xaa
 703 0135 00000000 		.4byte	.LFB3
 704 0139 DC000000 		.4byte	.LFE3-.LFB3
 705 013d 01       		.uleb128 0x1
 706 013e 9C       		.byte	0x9c
 707 013f 79010000 		.4byte	0x179
 708 0143 0C       		.uleb128 0xc
 709 0144 14000000 		.4byte	.LVL3
 710 0148 DB020000 		.4byte	0x2db
 711 014c 56010000 		.4byte	0x156
 712 0150 0B       		.uleb128 0xb
 713 0151 01       		.uleb128 0x1
 714 0152 50       		.byte	0x50
 715 0153 01       		.uleb128 0x1
 716 0154 48       		.byte	0x48
 717 0155 00       		.byte	0
 718 0156 0C       		.uleb128 0xc
 719 0157 78000000 		.4byte	.LVL4
 720 015b E6020000 		.4byte	0x2e6
 721 015f 69010000 		.4byte	0x169
 722 0163 0B       		.uleb128 0xb
 723 0164 01       		.uleb128 0x1
 724 0165 50       		.byte	0x50
 725 0166 01       		.uleb128 0x1
 726 0167 39       		.byte	0x39
 727 0168 00       		.byte	0
 728 0169 0A       		.uleb128 0xa
 729 016a 7E000000 		.4byte	.LVL5
 730 016e F1020000 		.4byte	0x2f1
 731 0172 0B       		.uleb128 0xb
 732 0173 01       		.uleb128 0x1
 733 0174 50       		.byte	0x50
 734 0175 01       		.uleb128 0x1
 735 0176 39       		.byte	0x39
 736 0177 00       		.byte	0
 737 0178 00       		.byte	0
 738 0179 0D       		.uleb128 0xd
 739 017a F3000000 		.4byte	.LASF23
 740 017e 01       		.byte	0x1
 741 017f 0701     		.2byte	0x107
 742 0181 00000000 		.4byte	.LFB5
 743 0185 20000000 		.4byte	.LFE5-.LFB5
 744 0189 01       		.uleb128 0x1
 745 018a 9C       		.byte	0x9c
 746 018b AE010000 		.4byte	0x1ae
 747 018f 0E       		.uleb128 0xe
 748 0190 2F020000 		.4byte	.LASF22
 749 0194 01       		.byte	0x1
 750 0195 0701     		.2byte	0x107
 751 0197 8D000000 		.4byte	0x8d
 752 019b 01       		.uleb128 0x1
ARM GAS  C:\Users\Usuario\AppData\Local\Temp\ccVzUn3M.s 			page 22


 753 019c 50       		.byte	0x50
 754 019d 0F       		.uleb128 0xf
 755 019e A8020000 		.4byte	.LASF31
 756 01a2 01       		.byte	0x1
 757 01a3 0901     		.2byte	0x109
 758 01a5 A5000000 		.4byte	0xa5
 759 01a9 4D000000 		.4byte	.LLST2
 760 01ad 00       		.byte	0
 761 01ae 0D       		.uleb128 0xd
 762 01af B8000000 		.4byte	.LASF24
 763 01b3 01       		.byte	0x1
 764 01b4 2401     		.2byte	0x124
 765 01b6 00000000 		.4byte	.LFB6
 766 01ba 38000000 		.4byte	.LFE6-.LFB6
 767 01be 01       		.uleb128 0x1
 768 01bf 9C       		.byte	0x9c
 769 01c0 D3010000 		.4byte	0x1d3
 770 01c4 0E       		.uleb128 0xe
 771 01c5 73000000 		.4byte	.LASF25
 772 01c9 01       		.byte	0x1
 773 01ca 2401     		.2byte	0x124
 774 01cc 8D000000 		.4byte	0x8d
 775 01d0 01       		.uleb128 0x1
 776 01d1 50       		.byte	0x50
 777 01d2 00       		.byte	0
 778 01d3 0D       		.uleb128 0xd
 779 01d4 56020000 		.4byte	.LASF26
 780 01d8 01       		.byte	0x1
 781 01d9 4601     		.2byte	0x146
 782 01db 00000000 		.4byte	.LFB7
 783 01df 38000000 		.4byte	.LFE7-.LFB7
 784 01e3 01       		.uleb128 0x1
 785 01e4 9C       		.byte	0x9c
 786 01e5 F8010000 		.4byte	0x1f8
 787 01e9 0E       		.uleb128 0xe
 788 01ea 73000000 		.4byte	.LASF25
 789 01ee 01       		.byte	0x1
 790 01ef 4601     		.2byte	0x146
 791 01f1 8D000000 		.4byte	0x8d
 792 01f5 01       		.uleb128 0x1
 793 01f6 50       		.byte	0x50
 794 01f7 00       		.byte	0
 795 01f8 0D       		.uleb128 0xd
 796 01f9 4C010000 		.4byte	.LASF27
 797 01fd 01       		.byte	0x1
 798 01fe 6D01     		.2byte	0x16d
 799 0200 DC000000 		.4byte	.LFB8
 800 0204 1C010000 		.4byte	.LFE8-.LFB8
 801 0208 01       		.uleb128 0x1
 802 0209 9C       		.byte	0x9c
 803 020a D2020000 		.4byte	0x2d2
 804 020e 10       		.uleb128 0x10
 805 020f E0000000 		.4byte	.LBB2
 806 0213 62000000 		.4byte	.LBE2-.LBB2
 807 0217 C8020000 		.4byte	0x2c8
 808 021b 11       		.uleb128 0x11
 809 021c 06       		.byte	0x6
ARM GAS  C:\Users\Usuario\AppData\Local\Temp\ccVzUn3M.s 			page 23


 810 021d 01       		.byte	0x1
 811 021e 7401     		.2byte	0x174
 812 0220 3F020000 		.4byte	0x23f
 813 0224 12       		.uleb128 0x12
 814 0225 59010000 		.4byte	.LASF28
 815 0229 01       		.byte	0x1
 816 022a 7501     		.2byte	0x175
 817 022c 84000000 		.4byte	0x84
 818 0230 00       		.byte	0
 819 0231 12       		.uleb128 0x12
 820 0232 C7000000 		.4byte	.LASF29
 821 0236 01       		.byte	0x1
 822 0237 7601     		.2byte	0x176
 823 0239 99000000 		.4byte	0x99
 824 023d 04       		.byte	0x4
 825 023e 00       		.byte	0
 826 023f 06       		.uleb128 0x6
 827 0240 06020000 		.4byte	.LASF30
 828 0244 01       		.byte	0x1
 829 0245 7701     		.2byte	0x177
 830 0247 1B020000 		.4byte	0x21b
 831 024b 13       		.uleb128 0x13
 832 024c 5B020000 		.4byte	0x25b
 833 0250 5B020000 		.4byte	0x25b
 834 0254 14       		.uleb128 0x14
 835 0255 7D000000 		.4byte	0x7d
 836 0259 01       		.byte	0x1
 837 025a 00       		.byte	0
 838 025b 15       		.uleb128 0x15
 839 025c 3F020000 		.4byte	0x23f
 840 0260 16       		.uleb128 0x16
 841 0261 8A000000 		.4byte	.LASF32
 842 0265 01       		.byte	0x1
 843 0266 7901     		.2byte	0x179
 844 0268 72020000 		.4byte	0x272
 845 026c 05       		.uleb128 0x5
 846 026d 03       		.byte	0x3
 847 026e 00000000 		.4byte	cfg_memset_list.4875
 848 0272 15       		.uleb128 0x15
 849 0273 4B020000 		.4byte	0x24b
 850 0277 17       		.uleb128 0x17
 851 0278 6900     		.ascii	"i\000"
 852 027a 01       		.byte	0x1
 853 027b 7F01     		.2byte	0x17f
 854 027d 8D000000 		.4byte	0x8d
 855 0281 6B000000 		.4byte	.LLST3
 856 0285 18       		.uleb128 0x18
 857 0286 E4000000 		.4byte	.LBB3
 858 028a 1C000000 		.4byte	.LBE3-.LBB3
 859 028e 17       		.uleb128 0x17
 860 028f 6D7300   		.ascii	"ms\000"
 861 0292 01       		.byte	0x1
 862 0293 8401     		.2byte	0x184
 863 0295 9D020000 		.4byte	0x29d
 864 0299 95000000 		.4byte	.LLST4
 865 029d 19       		.uleb128 0x19
 866 029e 04       		.byte	0x4
ARM GAS  C:\Users\Usuario\AppData\Local\Temp\ccVzUn3M.s 			page 24


 867 029f 5B020000 		.4byte	0x25b
 868 02a3 0A       		.uleb128 0xa
 869 02a4 00010000 		.4byte	.LVL15
 870 02a8 E1000000 		.4byte	0xe1
 871 02ac 0B       		.uleb128 0xb
 872 02ad 01       		.uleb128 0x1
 873 02ae 51       		.byte	0x51
 874 02af 15       		.uleb128 0x15
 875 02b0 74       		.byte	0x74
 876 02b1 00       		.sleb128 0
 877 02b2 31       		.byte	0x31
 878 02b3 24       		.byte	0x24
 879 02b4 74       		.byte	0x74
 880 02b5 00       		.sleb128 0
 881 02b6 22       		.byte	0x22
 882 02b7 31       		.byte	0x31
 883 02b8 24       		.byte	0x24
 884 02b9 03       		.byte	0x3
 885 02ba 04000000 		.4byte	.LANCHOR0+4
 886 02be 22       		.byte	0x22
 887 02bf 94       		.byte	0x94
 888 02c0 02       		.byte	0x2
 889 02c1 0A       		.byte	0xa
 890 02c2 FFFF     		.2byte	0xffff
 891 02c4 1A       		.byte	0x1a
 892 02c5 00       		.byte	0
 893 02c6 00       		.byte	0
 894 02c7 00       		.byte	0
 895 02c8 1A       		.uleb128 0x1a
 896 02c9 86010000 		.4byte	.LVL18
 897 02cd 2E010000 		.4byte	0x12e
 898 02d1 00       		.byte	0
 899 02d2 1B       		.uleb128 0x1b
 900 02d3 17010000 		.4byte	.LASF39
 901 02d7 17010000 		.4byte	.LASF39
 902 02db 1C       		.uleb128 0x1c
 903 02dc 41020000 		.4byte	.LASF33
 904 02e0 41020000 		.4byte	.LASF33
 905 02e4 04       		.byte	0x4
 906 02e5 6C       		.byte	0x6c
 907 02e6 1C       		.uleb128 0x1c
 908 02e7 7B000000 		.4byte	.LASF34
 909 02eb 7B000000 		.4byte	.LASF34
 910 02ef 04       		.byte	0x4
 911 02f0 D0       		.byte	0xd0
 912 02f1 1C       		.uleb128 0x1c
 913 02f2 25010000 		.4byte	.LASF35
 914 02f6 25010000 		.4byte	.LASF35
 915 02fa 04       		.byte	0x4
 916 02fb D6       		.byte	0xd6
 917 02fc 00       		.byte	0
 918              		.section	.debug_abbrev,"",%progbits
 919              	.Ldebug_abbrev0:
 920 0000 01       		.uleb128 0x1
 921 0001 11       		.uleb128 0x11
 922 0002 01       		.byte	0x1
 923 0003 25       		.uleb128 0x25
ARM GAS  C:\Users\Usuario\AppData\Local\Temp\ccVzUn3M.s 			page 25


 924 0004 0E       		.uleb128 0xe
 925 0005 13       		.uleb128 0x13
 926 0006 0B       		.uleb128 0xb
 927 0007 03       		.uleb128 0x3
 928 0008 0E       		.uleb128 0xe
 929 0009 1B       		.uleb128 0x1b
 930 000a 0E       		.uleb128 0xe
 931 000b 55       		.uleb128 0x55
 932 000c 17       		.uleb128 0x17
 933 000d 11       		.uleb128 0x11
 934 000e 01       		.uleb128 0x1
 935 000f 10       		.uleb128 0x10
 936 0010 17       		.uleb128 0x17
 937 0011 00       		.byte	0
 938 0012 00       		.byte	0
 939 0013 02       		.uleb128 0x2
 940 0014 24       		.uleb128 0x24
 941 0015 00       		.byte	0
 942 0016 0B       		.uleb128 0xb
 943 0017 0B       		.uleb128 0xb
 944 0018 3E       		.uleb128 0x3e
 945 0019 0B       		.uleb128 0xb
 946 001a 03       		.uleb128 0x3
 947 001b 08       		.uleb128 0x8
 948 001c 00       		.byte	0
 949 001d 00       		.byte	0
 950 001e 03       		.uleb128 0x3
 951 001f 16       		.uleb128 0x16
 952 0020 00       		.byte	0
 953 0021 03       		.uleb128 0x3
 954 0022 0E       		.uleb128 0xe
 955 0023 3A       		.uleb128 0x3a
 956 0024 0B       		.uleb128 0xb
 957 0025 3B       		.uleb128 0x3b
 958 0026 0B       		.uleb128 0xb
 959 0027 49       		.uleb128 0x49
 960 0028 13       		.uleb128 0x13
 961 0029 00       		.byte	0
 962 002a 00       		.byte	0
 963 002b 04       		.uleb128 0x4
 964 002c 24       		.uleb128 0x24
 965 002d 00       		.byte	0
 966 002e 0B       		.uleb128 0xb
 967 002f 0B       		.uleb128 0xb
 968 0030 3E       		.uleb128 0x3e
 969 0031 0B       		.uleb128 0xb
 970 0032 03       		.uleb128 0x3
 971 0033 0E       		.uleb128 0xe
 972 0034 00       		.byte	0
 973 0035 00       		.byte	0
 974 0036 05       		.uleb128 0x5
 975 0037 0F       		.uleb128 0xf
 976 0038 00       		.byte	0
 977 0039 0B       		.uleb128 0xb
 978 003a 0B       		.uleb128 0xb
 979 003b 00       		.byte	0
 980 003c 00       		.byte	0
ARM GAS  C:\Users\Usuario\AppData\Local\Temp\ccVzUn3M.s 			page 26


 981 003d 06       		.uleb128 0x6
 982 003e 16       		.uleb128 0x16
 983 003f 00       		.byte	0
 984 0040 03       		.uleb128 0x3
 985 0041 0E       		.uleb128 0xe
 986 0042 3A       		.uleb128 0x3a
 987 0043 0B       		.uleb128 0xb
 988 0044 3B       		.uleb128 0x3b
 989 0045 05       		.uleb128 0x5
 990 0046 49       		.uleb128 0x49
 991 0047 13       		.uleb128 0x13
 992 0048 00       		.byte	0
 993 0049 00       		.byte	0
 994 004a 07       		.uleb128 0x7
 995 004b 35       		.uleb128 0x35
 996 004c 00       		.byte	0
 997 004d 49       		.uleb128 0x49
 998 004e 13       		.uleb128 0x13
 999 004f 00       		.byte	0
 1000 0050 00       		.byte	0
 1001 0051 08       		.uleb128 0x8
 1002 0052 2E       		.uleb128 0x2e
 1003 0053 01       		.byte	0x1
 1004 0054 03       		.uleb128 0x3
 1005 0055 0E       		.uleb128 0xe
 1006 0056 3A       		.uleb128 0x3a
 1007 0057 0B       		.uleb128 0xb
 1008 0058 3B       		.uleb128 0x3b
 1009 0059 0B       		.uleb128 0xb
 1010 005a 27       		.uleb128 0x27
 1011 005b 19       		.uleb128 0x19
 1012 005c 11       		.uleb128 0x11
 1013 005d 01       		.uleb128 0x1
 1014 005e 12       		.uleb128 0x12
 1015 005f 06       		.uleb128 0x6
 1016 0060 40       		.uleb128 0x40
 1017 0061 18       		.uleb128 0x18
 1018 0062 9742     		.uleb128 0x2117
 1019 0064 19       		.uleb128 0x19
 1020 0065 01       		.uleb128 0x1
 1021 0066 13       		.uleb128 0x13
 1022 0067 00       		.byte	0
 1023 0068 00       		.byte	0
 1024 0069 09       		.uleb128 0x9
 1025 006a 05       		.uleb128 0x5
 1026 006b 00       		.byte	0
 1027 006c 03       		.uleb128 0x3
 1028 006d 08       		.uleb128 0x8
 1029 006e 3A       		.uleb128 0x3a
 1030 006f 0B       		.uleb128 0xb
 1031 0070 3B       		.uleb128 0x3b
 1032 0071 0B       		.uleb128 0xb
 1033 0072 49       		.uleb128 0x49
 1034 0073 13       		.uleb128 0x13
 1035 0074 02       		.uleb128 0x2
 1036 0075 17       		.uleb128 0x17
 1037 0076 00       		.byte	0
ARM GAS  C:\Users\Usuario\AppData\Local\Temp\ccVzUn3M.s 			page 27


 1038 0077 00       		.byte	0
 1039 0078 0A       		.uleb128 0xa
 1040 0079 898201   		.uleb128 0x4109
 1041 007c 01       		.byte	0x1
 1042 007d 11       		.uleb128 0x11
 1043 007e 01       		.uleb128 0x1
 1044 007f 31       		.uleb128 0x31
 1045 0080 13       		.uleb128 0x13
 1046 0081 00       		.byte	0
 1047 0082 00       		.byte	0
 1048 0083 0B       		.uleb128 0xb
 1049 0084 8A8201   		.uleb128 0x410a
 1050 0087 00       		.byte	0
 1051 0088 02       		.uleb128 0x2
 1052 0089 18       		.uleb128 0x18
 1053 008a 9142     		.uleb128 0x2111
 1054 008c 18       		.uleb128 0x18
 1055 008d 00       		.byte	0
 1056 008e 00       		.byte	0
 1057 008f 0C       		.uleb128 0xc
 1058 0090 898201   		.uleb128 0x4109
 1059 0093 01       		.byte	0x1
 1060 0094 11       		.uleb128 0x11
 1061 0095 01       		.uleb128 0x1
 1062 0096 31       		.uleb128 0x31
 1063 0097 13       		.uleb128 0x13
 1064 0098 01       		.uleb128 0x1
 1065 0099 13       		.uleb128 0x13
 1066 009a 00       		.byte	0
 1067 009b 00       		.byte	0
 1068 009c 0D       		.uleb128 0xd
 1069 009d 2E       		.uleb128 0x2e
 1070 009e 01       		.byte	0x1
 1071 009f 3F       		.uleb128 0x3f
 1072 00a0 19       		.uleb128 0x19
 1073 00a1 03       		.uleb128 0x3
 1074 00a2 0E       		.uleb128 0xe
 1075 00a3 3A       		.uleb128 0x3a
 1076 00a4 0B       		.uleb128 0xb
 1077 00a5 3B       		.uleb128 0x3b
 1078 00a6 05       		.uleb128 0x5
 1079 00a7 27       		.uleb128 0x27
 1080 00a8 19       		.uleb128 0x19
 1081 00a9 11       		.uleb128 0x11
 1082 00aa 01       		.uleb128 0x1
 1083 00ab 12       		.uleb128 0x12
 1084 00ac 06       		.uleb128 0x6
 1085 00ad 40       		.uleb128 0x40
 1086 00ae 18       		.uleb128 0x18
 1087 00af 9742     		.uleb128 0x2117
 1088 00b1 19       		.uleb128 0x19
 1089 00b2 01       		.uleb128 0x1
 1090 00b3 13       		.uleb128 0x13
 1091 00b4 00       		.byte	0
 1092 00b5 00       		.byte	0
 1093 00b6 0E       		.uleb128 0xe
 1094 00b7 05       		.uleb128 0x5
ARM GAS  C:\Users\Usuario\AppData\Local\Temp\ccVzUn3M.s 			page 28


 1095 00b8 00       		.byte	0
 1096 00b9 03       		.uleb128 0x3
 1097 00ba 0E       		.uleb128 0xe
 1098 00bb 3A       		.uleb128 0x3a
 1099 00bc 0B       		.uleb128 0xb
 1100 00bd 3B       		.uleb128 0x3b
 1101 00be 05       		.uleb128 0x5
 1102 00bf 49       		.uleb128 0x49
 1103 00c0 13       		.uleb128 0x13
 1104 00c1 02       		.uleb128 0x2
 1105 00c2 18       		.uleb128 0x18
 1106 00c3 00       		.byte	0
 1107 00c4 00       		.byte	0
 1108 00c5 0F       		.uleb128 0xf
 1109 00c6 34       		.uleb128 0x34
 1110 00c7 00       		.byte	0
 1111 00c8 03       		.uleb128 0x3
 1112 00c9 0E       		.uleb128 0xe
 1113 00ca 3A       		.uleb128 0x3a
 1114 00cb 0B       		.uleb128 0xb
 1115 00cc 3B       		.uleb128 0x3b
 1116 00cd 05       		.uleb128 0x5
 1117 00ce 49       		.uleb128 0x49
 1118 00cf 13       		.uleb128 0x13
 1119 00d0 02       		.uleb128 0x2
 1120 00d1 17       		.uleb128 0x17
 1121 00d2 00       		.byte	0
 1122 00d3 00       		.byte	0
 1123 00d4 10       		.uleb128 0x10
 1124 00d5 0B       		.uleb128 0xb
 1125 00d6 01       		.byte	0x1
 1126 00d7 11       		.uleb128 0x11
 1127 00d8 01       		.uleb128 0x1
 1128 00d9 12       		.uleb128 0x12
 1129 00da 06       		.uleb128 0x6
 1130 00db 01       		.uleb128 0x1
 1131 00dc 13       		.uleb128 0x13
 1132 00dd 00       		.byte	0
 1133 00de 00       		.byte	0
 1134 00df 11       		.uleb128 0x11
 1135 00e0 13       		.uleb128 0x13
 1136 00e1 01       		.byte	0x1
 1137 00e2 0B       		.uleb128 0xb
 1138 00e3 0B       		.uleb128 0xb
 1139 00e4 3A       		.uleb128 0x3a
 1140 00e5 0B       		.uleb128 0xb
 1141 00e6 3B       		.uleb128 0x3b
 1142 00e7 05       		.uleb128 0x5
 1143 00e8 01       		.uleb128 0x1
 1144 00e9 13       		.uleb128 0x13
 1145 00ea 00       		.byte	0
 1146 00eb 00       		.byte	0
 1147 00ec 12       		.uleb128 0x12
 1148 00ed 0D       		.uleb128 0xd
 1149 00ee 00       		.byte	0
 1150 00ef 03       		.uleb128 0x3
 1151 00f0 0E       		.uleb128 0xe
ARM GAS  C:\Users\Usuario\AppData\Local\Temp\ccVzUn3M.s 			page 29


 1152 00f1 3A       		.uleb128 0x3a
 1153 00f2 0B       		.uleb128 0xb
 1154 00f3 3B       		.uleb128 0x3b
 1155 00f4 05       		.uleb128 0x5
 1156 00f5 49       		.uleb128 0x49
 1157 00f6 13       		.uleb128 0x13
 1158 00f7 38       		.uleb128 0x38
 1159 00f8 0B       		.uleb128 0xb
 1160 00f9 00       		.byte	0
 1161 00fa 00       		.byte	0
 1162 00fb 13       		.uleb128 0x13
 1163 00fc 01       		.uleb128 0x1
 1164 00fd 01       		.byte	0x1
 1165 00fe 49       		.uleb128 0x49
 1166 00ff 13       		.uleb128 0x13
 1167 0100 01       		.uleb128 0x1
 1168 0101 13       		.uleb128 0x13
 1169 0102 00       		.byte	0
 1170 0103 00       		.byte	0
 1171 0104 14       		.uleb128 0x14
 1172 0105 21       		.uleb128 0x21
 1173 0106 00       		.byte	0
 1174 0107 49       		.uleb128 0x49
 1175 0108 13       		.uleb128 0x13
 1176 0109 2F       		.uleb128 0x2f
 1177 010a 0B       		.uleb128 0xb
 1178 010b 00       		.byte	0
 1179 010c 00       		.byte	0
 1180 010d 15       		.uleb128 0x15
 1181 010e 26       		.uleb128 0x26
 1182 010f 00       		.byte	0
 1183 0110 49       		.uleb128 0x49
 1184 0111 13       		.uleb128 0x13
 1185 0112 00       		.byte	0
 1186 0113 00       		.byte	0
 1187 0114 16       		.uleb128 0x16
 1188 0115 34       		.uleb128 0x34
 1189 0116 00       		.byte	0
 1190 0117 03       		.uleb128 0x3
 1191 0118 0E       		.uleb128 0xe
 1192 0119 3A       		.uleb128 0x3a
 1193 011a 0B       		.uleb128 0xb
 1194 011b 3B       		.uleb128 0x3b
 1195 011c 05       		.uleb128 0x5
 1196 011d 49       		.uleb128 0x49
 1197 011e 13       		.uleb128 0x13
 1198 011f 02       		.uleb128 0x2
 1199 0120 18       		.uleb128 0x18
 1200 0121 00       		.byte	0
 1201 0122 00       		.byte	0
 1202 0123 17       		.uleb128 0x17
 1203 0124 34       		.uleb128 0x34
 1204 0125 00       		.byte	0
 1205 0126 03       		.uleb128 0x3
 1206 0127 08       		.uleb128 0x8
 1207 0128 3A       		.uleb128 0x3a
 1208 0129 0B       		.uleb128 0xb
ARM GAS  C:\Users\Usuario\AppData\Local\Temp\ccVzUn3M.s 			page 30


 1209 012a 3B       		.uleb128 0x3b
 1210 012b 05       		.uleb128 0x5
 1211 012c 49       		.uleb128 0x49
 1212 012d 13       		.uleb128 0x13
 1213 012e 02       		.uleb128 0x2
 1214 012f 17       		.uleb128 0x17
 1215 0130 00       		.byte	0
 1216 0131 00       		.byte	0
 1217 0132 18       		.uleb128 0x18
 1218 0133 0B       		.uleb128 0xb
 1219 0134 01       		.byte	0x1
 1220 0135 11       		.uleb128 0x11
 1221 0136 01       		.uleb128 0x1
 1222 0137 12       		.uleb128 0x12
 1223 0138 06       		.uleb128 0x6
 1224 0139 00       		.byte	0
 1225 013a 00       		.byte	0
 1226 013b 19       		.uleb128 0x19
 1227 013c 0F       		.uleb128 0xf
 1228 013d 00       		.byte	0
 1229 013e 0B       		.uleb128 0xb
 1230 013f 0B       		.uleb128 0xb
 1231 0140 49       		.uleb128 0x49
 1232 0141 13       		.uleb128 0x13
 1233 0142 00       		.byte	0
 1234 0143 00       		.byte	0
 1235 0144 1A       		.uleb128 0x1a
 1236 0145 898201   		.uleb128 0x4109
 1237 0148 00       		.byte	0
 1238 0149 11       		.uleb128 0x11
 1239 014a 01       		.uleb128 0x1
 1240 014b 31       		.uleb128 0x31
 1241 014c 13       		.uleb128 0x13
 1242 014d 00       		.byte	0
 1243 014e 00       		.byte	0
 1244 014f 1B       		.uleb128 0x1b
 1245 0150 2E       		.uleb128 0x2e
 1246 0151 00       		.byte	0
 1247 0152 3F       		.uleb128 0x3f
 1248 0153 19       		.uleb128 0x19
 1249 0154 3C       		.uleb128 0x3c
 1250 0155 19       		.uleb128 0x19
 1251 0156 6E       		.uleb128 0x6e
 1252 0157 0E       		.uleb128 0xe
 1253 0158 03       		.uleb128 0x3
 1254 0159 0E       		.uleb128 0xe
 1255 015a 00       		.byte	0
 1256 015b 00       		.byte	0
 1257 015c 1C       		.uleb128 0x1c
 1258 015d 2E       		.uleb128 0x2e
 1259 015e 00       		.byte	0
 1260 015f 3F       		.uleb128 0x3f
 1261 0160 19       		.uleb128 0x19
 1262 0161 3C       		.uleb128 0x3c
 1263 0162 19       		.uleb128 0x19
 1264 0163 6E       		.uleb128 0x6e
 1265 0164 0E       		.uleb128 0xe
ARM GAS  C:\Users\Usuario\AppData\Local\Temp\ccVzUn3M.s 			page 31


 1266 0165 03       		.uleb128 0x3
 1267 0166 0E       		.uleb128 0xe
 1268 0167 3A       		.uleb128 0x3a
 1269 0168 0B       		.uleb128 0xb
 1270 0169 3B       		.uleb128 0x3b
 1271 016a 0B       		.uleb128 0xb
 1272 016b 00       		.byte	0
 1273 016c 00       		.byte	0
 1274 016d 00       		.byte	0
 1275              		.section	.debug_loc,"",%progbits
 1276              	.Ldebug_loc0:
 1277              	.LLST0:
 1278 0000 00000000 		.4byte	.LVL0
 1279 0004 09000000 		.4byte	.LVL2-1
 1280 0008 0100     		.2byte	0x1
 1281 000a 50       		.byte	0x50
 1282 000b 09000000 		.4byte	.LVL2-1
 1283 000f 0C000000 		.4byte	.LFE0
 1284 0013 0400     		.2byte	0x4
 1285 0015 F3       		.byte	0xf3
 1286 0016 01       		.uleb128 0x1
 1287 0017 50       		.byte	0x50
 1288 0018 9F       		.byte	0x9f
 1289 0019 00000000 		.4byte	0
 1290 001d 00000000 		.4byte	0
 1291              	.LLST1:
 1292 0021 00000000 		.4byte	.LVL0
 1293 0025 06000000 		.4byte	.LVL1
 1294 0029 0100     		.2byte	0x1
 1295 002b 51       		.byte	0x51
 1296 002c 06000000 		.4byte	.LVL1
 1297 0030 09000000 		.4byte	.LVL2-1
 1298 0034 0100     		.2byte	0x1
 1299 0036 52       		.byte	0x52
 1300 0037 09000000 		.4byte	.LVL2-1
 1301 003b 0C000000 		.4byte	.LFE0
 1302 003f 0400     		.2byte	0x4
 1303 0041 F3       		.byte	0xf3
 1304 0042 01       		.uleb128 0x1
 1305 0043 51       		.byte	0x51
 1306 0044 9F       		.byte	0x9f
 1307 0045 00000000 		.4byte	0
 1308 0049 00000000 		.4byte	0
 1309              	.LLST2:
 1310 004d 04000000 		.4byte	.LVL7
 1311 0051 12000000 		.4byte	.LVL9
 1312 0055 0100     		.2byte	0x1
 1313 0057 53       		.byte	0x53
 1314 0058 14000000 		.4byte	.LVL10
 1315 005c 20000000 		.4byte	.LFE5
 1316 0060 0100     		.2byte	0x1
 1317 0062 53       		.byte	0x53
 1318 0063 00000000 		.4byte	0
 1319 0067 00000000 		.4byte	0
 1320              	.LLST3:
 1321 006b E0000000 		.4byte	.LVL13
 1322 006f E4000000 		.4byte	.LVL14
ARM GAS  C:\Users\Usuario\AppData\Local\Temp\ccVzUn3M.s 			page 32


 1323 0073 0200     		.2byte	0x2
 1324 0075 30       		.byte	0x30
 1325 0076 9F       		.byte	0x9f
 1326 0077 E4000000 		.4byte	.LVL14
 1327 007b 02010000 		.4byte	.LVL16
 1328 007f 0100     		.2byte	0x1
 1329 0081 54       		.byte	0x54
 1330 0082 04010000 		.4byte	.LVL17
 1331 0086 86010000 		.4byte	.LVL19
 1332 008a 0100     		.2byte	0x1
 1333 008c 54       		.byte	0x54
 1334 008d 00000000 		.4byte	0
 1335 0091 00000000 		.4byte	0
 1336              	.LLST4:
 1337 0095 E4000000 		.4byte	.LVL14
 1338 0099 02010000 		.4byte	.LVL16
 1339 009d 0B00     		.2byte	0xb
 1340 009f 74       		.byte	0x74
 1341 00a0 00       		.sleb128 0
 1342 00a1 36       		.byte	0x36
 1343 00a2 1E       		.byte	0x1e
 1344 00a3 03       		.byte	0x3
 1345 00a4 00000000 		.4byte	cfg_memset_list.4875
 1346 00a8 22       		.byte	0x22
 1347 00a9 9F       		.byte	0x9f
 1348 00aa 02010000 		.4byte	.LVL16
 1349 00ae 04010000 		.4byte	.LVL17
 1350 00b2 0B00     		.2byte	0xb
 1351 00b4 74       		.byte	0x74
 1352 00b5 7F       		.sleb128 -1
 1353 00b6 36       		.byte	0x36
 1354 00b7 1E       		.byte	0x1e
 1355 00b8 03       		.byte	0x3
 1356 00b9 00000000 		.4byte	cfg_memset_list.4875
 1357 00bd 22       		.byte	0x22
 1358 00be 9F       		.byte	0x9f
 1359 00bf 00000000 		.4byte	0
 1360 00c3 00000000 		.4byte	0
 1361              		.section	.debug_aranges,"",%progbits
 1362 0000 44000000 		.4byte	0x44
 1363 0004 0200     		.2byte	0x2
 1364 0006 00000000 		.4byte	.Ldebug_info0
 1365 000a 04       		.byte	0x4
 1366 000b 00       		.byte	0
 1367 000c 0000     		.2byte	0
 1368 000e 0000     		.2byte	0
 1369 0010 00000000 		.4byte	.LFB0
 1370 0014 0C000000 		.4byte	.LFE0-.LFB0
 1371 0018 00000000 		.4byte	.LFB3
 1372 001c DC000000 		.4byte	.LFE3-.LFB3
 1373 0020 00000000 		.4byte	.LFB5
 1374 0024 20000000 		.4byte	.LFE5-.LFB5
 1375 0028 00000000 		.4byte	.LFB6
 1376 002c 38000000 		.4byte	.LFE6-.LFB6
 1377 0030 00000000 		.4byte	.LFB7
 1378 0034 38000000 		.4byte	.LFE7-.LFB7
 1379 0038 DC000000 		.4byte	.LFB8
ARM GAS  C:\Users\Usuario\AppData\Local\Temp\ccVzUn3M.s 			page 33


 1380 003c 1C010000 		.4byte	.LFE8-.LFB8
 1381 0040 00000000 		.4byte	0
 1382 0044 00000000 		.4byte	0
 1383              		.section	.debug_ranges,"",%progbits
 1384              	.Ldebug_ranges0:
 1385 0000 00000000 		.4byte	.LFB0
 1386 0004 0C000000 		.4byte	.LFE0
 1387 0008 00000000 		.4byte	.LFB3
 1388 000c DC000000 		.4byte	.LFE3
 1389 0010 00000000 		.4byte	.LFB5
 1390 0014 20000000 		.4byte	.LFE5
 1391 0018 00000000 		.4byte	.LFB6
 1392 001c 38000000 		.4byte	.LFE6
 1393 0020 00000000 		.4byte	.LFB7
 1394 0024 38000000 		.4byte	.LFE7
 1395 0028 DC000000 		.4byte	.LFB8
 1396 002c F8010000 		.4byte	.LFE8
 1397 0030 00000000 		.4byte	0
 1398 0034 00000000 		.4byte	0
 1399              		.section	.debug_line,"",%progbits
 1400              	.Ldebug_line0:
 1401 0000 8D010000 		.section	.debug_str,"MS",%progbits,1
 1401      0200D600 
 1401      00000201 
 1401      FB0E0D00 
 1401      01010101 
 1402              	.LASF38:
 1403 0000 443A5C44 		.ascii	"D:\\Documentos\\UD\\2023-3\\Proyecto de grado\\Ejem"
 1403      6F63756D 
 1403      656E746F 
 1403      735C5544 
 1403      5C323032 
 1404 002e 706C6F73 		.ascii	"plos\\Kit 049-42XX\\Config Gral 049\\Config Gral 04"
 1404      5C4B6974 
 1404      20303439 
 1404      2D343258 
 1404      585C436F 
 1405 005e 392E6379 		.ascii	"9.cydsn\000"
 1405      64736E00 
 1406              	.LASF19:
 1407 0066 72656733 		.ascii	"reg32\000"
 1407      3200
 1408              	.LASF12:
 1409 006c 73697A65 		.ascii	"size_t\000"
 1409      5F7400
 1410              	.LASF25:
 1411 0073 6368616E 		.ascii	"channel\000"
 1411      6E656C00 
 1412              	.LASF34:
 1413 007b 4379496E 		.ascii	"CyIntSetVector\000"
 1413      74536574 
 1413      56656374 
 1413      6F7200
 1414              	.LASF32:
 1415 008a 6366675F 		.ascii	"cfg_memset_list\000"
 1415      6D656D73 
 1415      65745F6C 
ARM GAS  C:\Users\Usuario\AppData\Local\Temp\ccVzUn3M.s 			page 34


 1415      69737400 
 1416              	.LASF21:
 1417 009a 436C6F63 		.ascii	"ClockSetup\000"
 1417      6B536574 
 1417      757000
 1418              	.LASF6:
 1419 00a5 73686F72 		.ascii	"short unsigned int\000"
 1419      7420756E 
 1419      7369676E 
 1419      65642069 
 1419      6E7400
 1420              	.LASF24:
 1421 00b8 616D7578 		.ascii	"amux_Set\000"
 1421      5F536574 
 1421      00
 1422              	.LASF16:
 1423 00c1 666C6F61 		.ascii	"float\000"
 1423      7400
 1424              	.LASF29:
 1425 00c7 73697A65 		.ascii	"size\000"
 1425      00
 1426              	.LASF18:
 1427 00cc 72656738 		.ascii	"reg8\000"
 1427      00
 1428              	.LASF8:
 1429 00d1 6C6F6E67 		.ascii	"long unsigned int\000"
 1429      20756E73 
 1429      69676E65 
 1429      6420696E 
 1429      7400
 1430              	.LASF13:
 1431 00e3 75696E74 		.ascii	"uint8\000"
 1431      3800
 1432              	.LASF20:
 1433 00e9 43594D45 		.ascii	"CYMEMZERO\000"
 1433      4D5A4552 
 1433      4F00
 1434              	.LASF23:
 1435 00f3 53657441 		.ascii	"SetAnalogRoutingPumps\000"
 1435      6E616C6F 
 1435      67526F75 
 1435      74696E67 
 1435      50756D70 
 1436              	.LASF4:
 1437 0109 756E7369 		.ascii	"unsigned char\000"
 1437      676E6564 
 1437      20636861 
 1437      7200
 1438              	.LASF39:
 1439 0117 6D656D73 		.ascii	"memset\000"
 1439      657400
 1440              	.LASF17:
 1441 011e 646F7562 		.ascii	"double\000"
 1441      6C6500
 1442              	.LASF35:
 1443 0125 4379496E 		.ascii	"CyIntEnable\000"
 1443      74456E61 
ARM GAS  C:\Users\Usuario\AppData\Local\Temp\ccVzUn3M.s 			page 35


 1443      626C6500 
 1444              	.LASF14:
 1445 0131 75696E74 		.ascii	"uint16\000"
 1445      313600
 1446              	.LASF15:
 1447 0138 75696E74 		.ascii	"uint32\000"
 1447      333200
 1448              	.LASF0:
 1449 013f 756E7369 		.ascii	"unsigned int\000"
 1449      676E6564 
 1449      20696E74 
 1449      00
 1450              	.LASF27:
 1451 014c 63796669 		.ascii	"cyfitter_cfg\000"
 1451      74746572 
 1451      5F636667 
 1451      00
 1452              	.LASF28:
 1453 0159 61646472 		.ascii	"address\000"
 1453      65737300 
 1454              	.LASF9:
 1455 0161 6C6F6E67 		.ascii	"long long unsigned int\000"
 1455      206C6F6E 
 1455      6720756E 
 1455      7369676E 
 1455      65642069 
 1456              	.LASF36:
 1457 0178 474E5520 		.ascii	"GNU C11 5.4.1 20160609 (release) [ARM/embedded-5-br"
 1457      43313120 
 1457      352E342E 
 1457      31203230 
 1457      31363036 
 1458 01ab 616E6368 		.ascii	"anch revision 237715] -mcpu=cortex-m0 -mthumb -g -O"
 1458      20726576 
 1458      6973696F 
 1458      6E203233 
 1458      37373135 
 1459 01de 67202D66 		.ascii	"g -ffunction-sections -ffat-lto-objects\000"
 1459      66756E63 
 1459      74696F6E 
 1459      2D736563 
 1459      74696F6E 
 1460              	.LASF30:
 1461 0206 6366675F 		.ascii	"cfg_memset_t\000"
 1461      6D656D73 
 1461      65745F74 
 1461      00
 1462              	.LASF10:
 1463 0213 73697A65 		.ascii	"sizetype\000"
 1463      74797065 
 1463      00
 1464              	.LASF1:
 1465 021c 6C6F6E67 		.ascii	"long long int\000"
 1465      206C6F6E 
 1465      6720696E 
 1465      7400
 1466              	.LASF11:
ARM GAS  C:\Users\Usuario\AppData\Local\Temp\ccVzUn3M.s 			page 36


 1467 022a 63686172 		.ascii	"char\000"
 1467      00
 1468              	.LASF22:
 1469 022f 656E6162 		.ascii	"enabled\000"
 1469      6C656400 
 1470              	.LASF5:
 1471 0237 73686F72 		.ascii	"short int\000"
 1471      7420696E 
 1471      7400
 1472              	.LASF33:
 1473 0241 43795379 		.ascii	"CySysClkWriteImoFreq\000"
 1473      73436C6B 
 1473      57726974 
 1473      65496D6F 
 1473      46726571 
 1474              	.LASF26:
 1475 0256 616D7578 		.ascii	"amux_Unset\000"
 1475      5F556E73 
 1475      657400
 1476              	.LASF7:
 1477 0261 6C6F6E67 		.ascii	"long int\000"
 1477      20696E74 
 1477      00
 1478              	.LASF2:
 1479 026a 6C6F6E67 		.ascii	"long double\000"
 1479      20646F75 
 1479      626C6500 
 1480              	.LASF3:
 1481 0276 7369676E 		.ascii	"signed char\000"
 1481      65642063 
 1481      68617200 
 1482              	.LASF37:
 1483 0282 47656E65 		.ascii	"Generated_Source\\PSoC4\\cyfitter_cfg.c\000"
 1483      72617465 
 1483      645F536F 
 1483      75726365 
 1483      5C50536F 
 1484              	.LASF31:
 1485 02a8 72656756 		.ascii	"regValue\000"
 1485      616C7565 
 1485      00
 1486              		.ident	"GCC: (GNU Tools for ARM Embedded Processors) 5.4.1 20160609 (release) [ARM/embedded-5-bran
