ARM GAS  C:\Users\Usuario\AppData\Local\Temp\ccKqF1UU.s 			page 1


   1              		.syntax unified
   2              		.cpu cortex-m0
   3              		.fpu softvfp
   4              		.eabi_attribute 20, 1
   5              		.eabi_attribute 21, 1
   6              		.eabi_attribute 23, 3
   7              		.eabi_attribute 24, 1
   8              		.eabi_attribute 25, 1
   9              		.eabi_attribute 26, 1
  10              		.eabi_attribute 30, 1
  11              		.eabi_attribute 34, 0
  12              		.eabi_attribute 18, 4
  13              		.thumb
  14              		.syntax unified
  15              		.file	"cymetadata.c"
  16              		.text
  17              	.Ltext0:
  18              		.cfi_sections	.debug_frame
  19              		.global	cy_meta_loadable
  20              		.section	.cyloadablemeta,"a",%progbits
  21              		.align	2
  22              		.type	cy_meta_loadable, %object
  23              		.size	cy_meta_loadable, 64
  24              	cy_meta_loadable:
  25 0000 00000000 		.space	64
  25      00000000 
  25      00000000 
  25      00000000 
  25      00000000 
  26              		.text
  27              	.Letext0:
  28              		.file 1 "c:\\program files (x86)\\cypress\\psoc creator\\4.4\\psoc creator\\import\\gnu\\arm\\5.4.
  29              		.file 2 "c:\\program files (x86)\\cypress\\psoc creator\\4.4\\psoc creator\\import\\gnu\\arm\\5.4.
  30              		.file 3 "Generated_Source\\PSoC4\\cymetadata.c"
  31              		.section	.debug_info,"",%progbits
  32              	.Ldebug_info0:
  33 0000 A8000000 		.4byte	0xa8
  34 0004 0400     		.2byte	0x4
  35 0006 00000000 		.4byte	.Ldebug_abbrev0
  36 000a 04       		.byte	0x4
  37 000b 01       		.uleb128 0x1
  38 000c 04010000 		.4byte	.LASF12
  39 0010 0C       		.byte	0xc
  40 0011 7E000000 		.4byte	.LASF13
  41 0015 00000000 		.4byte	.LASF14
  42 0019 00000000 		.4byte	.Ldebug_line0
  43 001d 02       		.uleb128 0x2
  44 001e 01       		.byte	0x1
  45 001f 06       		.byte	0x6
  46 0020 BC010000 		.4byte	.LASF0
  47 0024 03       		.uleb128 0x3
  48 0025 66000000 		.4byte	.LASF9
  49 0029 01       		.byte	0x1
  50 002a 1D       		.byte	0x1d
  51 002b 2F000000 		.4byte	0x2f
  52 002f 02       		.uleb128 0x2
  53 0030 01       		.byte	0x1
ARM GAS  C:\Users\Usuario\AppData\Local\Temp\ccKqF1UU.s 			page 2


  54 0031 08       		.byte	0x8
  55 0032 70000000 		.4byte	.LASF1
  56 0036 02       		.uleb128 0x2
  57 0037 02       		.byte	0x2
  58 0038 05       		.byte	0x5
  59 0039 A9010000 		.4byte	.LASF2
  60 003d 02       		.uleb128 0x2
  61 003e 02       		.byte	0x2
  62 003f 07       		.byte	0x7
  63 0040 B4000000 		.4byte	.LASF3
  64 0044 02       		.uleb128 0x2
  65 0045 04       		.byte	0x4
  66 0046 05       		.byte	0x5
  67 0047 B3010000 		.4byte	.LASF4
  68 004b 02       		.uleb128 0x2
  69 004c 04       		.byte	0x4
  70 004d 07       		.byte	0x7
  71 004e A2000000 		.4byte	.LASF5
  72 0052 02       		.uleb128 0x2
  73 0053 08       		.byte	0x8
  74 0054 05       		.byte	0x5
  75 0055 9B010000 		.4byte	.LASF6
  76 0059 02       		.uleb128 0x2
  77 005a 08       		.byte	0x8
  78 005b 07       		.byte	0x7
  79 005c D4000000 		.4byte	.LASF7
  80 0060 04       		.uleb128 0x4
  81 0061 04       		.byte	0x4
  82 0062 05       		.byte	0x5
  83 0063 696E7400 		.ascii	"int\000"
  84 0067 02       		.uleb128 0x2
  85 0068 04       		.byte	0x4
  86 0069 07       		.byte	0x7
  87 006a C7000000 		.4byte	.LASF8
  88 006e 03       		.uleb128 0x3
  89 006f EB000000 		.4byte	.LASF10
  90 0073 02       		.byte	0x2
  91 0074 18       		.byte	0x18
  92 0075 24000000 		.4byte	0x24
  93 0079 05       		.uleb128 0x5
  94 007a 90000000 		.4byte	0x90
  95 007e 89000000 		.4byte	0x89
  96 0082 06       		.uleb128 0x6
  97 0083 89000000 		.4byte	0x89
  98 0087 3F       		.byte	0x3f
  99 0088 00       		.byte	0
 100 0089 02       		.uleb128 0x2
 101 008a 04       		.byte	0x4
 102 008b 07       		.byte	0x7
 103 008c 92010000 		.4byte	.LASF11
 104 0090 07       		.uleb128 0x7
 105 0091 6E000000 		.4byte	0x6e
 106 0095 08       		.uleb128 0x8
 107 0096 F3000000 		.4byte	.LASF15
 108 009a 03       		.byte	0x3
 109 009b 1F       		.byte	0x1f
 110 009c A6000000 		.4byte	0xa6
ARM GAS  C:\Users\Usuario\AppData\Local\Temp\ccKqF1UU.s 			page 3


 111 00a0 05       		.uleb128 0x5
 112 00a1 03       		.byte	0x3
 113 00a2 00000000 		.4byte	cy_meta_loadable
 114 00a6 07       		.uleb128 0x7
 115 00a7 79000000 		.4byte	0x79
 116 00ab 00       		.byte	0
 117              		.section	.debug_abbrev,"",%progbits
 118              	.Ldebug_abbrev0:
 119 0000 01       		.uleb128 0x1
 120 0001 11       		.uleb128 0x11
 121 0002 01       		.byte	0x1
 122 0003 25       		.uleb128 0x25
 123 0004 0E       		.uleb128 0xe
 124 0005 13       		.uleb128 0x13
 125 0006 0B       		.uleb128 0xb
 126 0007 03       		.uleb128 0x3
 127 0008 0E       		.uleb128 0xe
 128 0009 1B       		.uleb128 0x1b
 129 000a 0E       		.uleb128 0xe
 130 000b 10       		.uleb128 0x10
 131 000c 17       		.uleb128 0x17
 132 000d 00       		.byte	0
 133 000e 00       		.byte	0
 134 000f 02       		.uleb128 0x2
 135 0010 24       		.uleb128 0x24
 136 0011 00       		.byte	0
 137 0012 0B       		.uleb128 0xb
 138 0013 0B       		.uleb128 0xb
 139 0014 3E       		.uleb128 0x3e
 140 0015 0B       		.uleb128 0xb
 141 0016 03       		.uleb128 0x3
 142 0017 0E       		.uleb128 0xe
 143 0018 00       		.byte	0
 144 0019 00       		.byte	0
 145 001a 03       		.uleb128 0x3
 146 001b 16       		.uleb128 0x16
 147 001c 00       		.byte	0
 148 001d 03       		.uleb128 0x3
 149 001e 0E       		.uleb128 0xe
 150 001f 3A       		.uleb128 0x3a
 151 0020 0B       		.uleb128 0xb
 152 0021 3B       		.uleb128 0x3b
 153 0022 0B       		.uleb128 0xb
 154 0023 49       		.uleb128 0x49
 155 0024 13       		.uleb128 0x13
 156 0025 00       		.byte	0
 157 0026 00       		.byte	0
 158 0027 04       		.uleb128 0x4
 159 0028 24       		.uleb128 0x24
 160 0029 00       		.byte	0
 161 002a 0B       		.uleb128 0xb
 162 002b 0B       		.uleb128 0xb
 163 002c 3E       		.uleb128 0x3e
 164 002d 0B       		.uleb128 0xb
 165 002e 03       		.uleb128 0x3
 166 002f 08       		.uleb128 0x8
 167 0030 00       		.byte	0
ARM GAS  C:\Users\Usuario\AppData\Local\Temp\ccKqF1UU.s 			page 4


 168 0031 00       		.byte	0
 169 0032 05       		.uleb128 0x5
 170 0033 01       		.uleb128 0x1
 171 0034 01       		.byte	0x1
 172 0035 49       		.uleb128 0x49
 173 0036 13       		.uleb128 0x13
 174 0037 01       		.uleb128 0x1
 175 0038 13       		.uleb128 0x13
 176 0039 00       		.byte	0
 177 003a 00       		.byte	0
 178 003b 06       		.uleb128 0x6
 179 003c 21       		.uleb128 0x21
 180 003d 00       		.byte	0
 181 003e 49       		.uleb128 0x49
 182 003f 13       		.uleb128 0x13
 183 0040 2F       		.uleb128 0x2f
 184 0041 0B       		.uleb128 0xb
 185 0042 00       		.byte	0
 186 0043 00       		.byte	0
 187 0044 07       		.uleb128 0x7
 188 0045 26       		.uleb128 0x26
 189 0046 00       		.byte	0
 190 0047 49       		.uleb128 0x49
 191 0048 13       		.uleb128 0x13
 192 0049 00       		.byte	0
 193 004a 00       		.byte	0
 194 004b 08       		.uleb128 0x8
 195 004c 34       		.uleb128 0x34
 196 004d 00       		.byte	0
 197 004e 03       		.uleb128 0x3
 198 004f 0E       		.uleb128 0xe
 199 0050 3A       		.uleb128 0x3a
 200 0051 0B       		.uleb128 0xb
 201 0052 3B       		.uleb128 0x3b
 202 0053 0B       		.uleb128 0xb
 203 0054 49       		.uleb128 0x49
 204 0055 13       		.uleb128 0x13
 205 0056 3F       		.uleb128 0x3f
 206 0057 19       		.uleb128 0x19
 207 0058 02       		.uleb128 0x2
 208 0059 18       		.uleb128 0x18
 209 005a 00       		.byte	0
 210 005b 00       		.byte	0
 211 005c 00       		.byte	0
 212              		.section	.debug_aranges,"",%progbits
 213 0000 14000000 		.4byte	0x14
 214 0004 0200     		.2byte	0x2
 215 0006 00000000 		.4byte	.Ldebug_info0
 216 000a 04       		.byte	0x4
 217 000b 00       		.byte	0
 218 000c 0000     		.2byte	0
 219 000e 0000     		.2byte	0
 220 0010 00000000 		.4byte	0
 221 0014 00000000 		.4byte	0
 222              		.section	.debug_line,"",%progbits
 223              	.Ldebug_line0:
 224 0000 3D010000 		.section	.debug_str,"MS",%progbits,1
ARM GAS  C:\Users\Usuario\AppData\Local\Temp\ccKqF1UU.s 			page 5


 224      02003701 
 224      00000201 
 224      FB0E0D00 
 224      01010101 
 225              	.LASF14:
 226 0000 443A5C44 		.ascii	"D:\\Documentos\\UD\\2023-3\\Proyecto de grado\\Ejem"
 226      6F63756D 
 226      656E746F 
 226      735C5544 
 226      5C323032 
 227 002e 706C6F73 		.ascii	"plos\\Kit 049-42XX\\Config Gral 049\\Config Gral 04"
 227      5C4B6974 
 227      20303439 
 227      2D343258 
 227      585C436F 
 228 005e 392E6379 		.ascii	"9.cydsn\000"
 228      64736E00 
 229              	.LASF9:
 230 0066 5F5F7569 		.ascii	"__uint8_t\000"
 230      6E74385F 
 230      7400
 231              	.LASF1:
 232 0070 756E7369 		.ascii	"unsigned char\000"
 232      676E6564 
 232      20636861 
 232      7200
 233              	.LASF13:
 234 007e 47656E65 		.ascii	"Generated_Source\\PSoC4\\cymetadata.c\000"
 234      72617465 
 234      645F536F 
 234      75726365 
 234      5C50536F 
 235              	.LASF5:
 236 00a2 6C6F6E67 		.ascii	"long unsigned int\000"
 236      20756E73 
 236      69676E65 
 236      6420696E 
 236      7400
 237              	.LASF3:
 238 00b4 73686F72 		.ascii	"short unsigned int\000"
 238      7420756E 
 238      7369676E 
 238      65642069 
 238      6E7400
 239              	.LASF8:
 240 00c7 756E7369 		.ascii	"unsigned int\000"
 240      676E6564 
 240      20696E74 
 240      00
 241              	.LASF7:
 242 00d4 6C6F6E67 		.ascii	"long long unsigned int\000"
 242      206C6F6E 
 242      6720756E 
 242      7369676E 
 242      65642069 
 243              	.LASF10:
 244 00eb 75696E74 		.ascii	"uint8_t\000"
ARM GAS  C:\Users\Usuario\AppData\Local\Temp\ccKqF1UU.s 			page 6


 244      385F7400 
 245              	.LASF15:
 246 00f3 63795F6D 		.ascii	"cy_meta_loadable\000"
 246      6574615F 
 246      6C6F6164 
 246      61626C65 
 246      00
 247              	.LASF12:
 248 0104 474E5520 		.ascii	"GNU C11 5.4.1 20160609 (release) [ARM/embedded-5-br"
 248      43313120 
 248      352E342E 
 248      31203230 
 248      31363036 
 249 0137 616E6368 		.ascii	"anch revision 237715] -mcpu=cortex-m0 -mthumb -g -O"
 249      20726576 
 249      6973696F 
 249      6E203233 
 249      37373135 
 250 016a 67202D66 		.ascii	"g -ffunction-sections -ffat-lto-objects\000"
 250      66756E63 
 250      74696F6E 
 250      2D736563 
 250      74696F6E 
 251              	.LASF11:
 252 0192 73697A65 		.ascii	"sizetype\000"
 252      74797065 
 252      00
 253              	.LASF6:
 254 019b 6C6F6E67 		.ascii	"long long int\000"
 254      206C6F6E 
 254      6720696E 
 254      7400
 255              	.LASF2:
 256 01a9 73686F72 		.ascii	"short int\000"
 256      7420696E 
 256      7400
 257              	.LASF4:
 258 01b3 6C6F6E67 		.ascii	"long int\000"
 258      20696E74 
 258      00
 259              	.LASF0:
 260 01bc 7369676E 		.ascii	"signed char\000"
 260      65642063 
 260      68617200 
 261              		.ident	"GCC: (GNU Tools for ARM Embedded Processors) 5.4.1 20160609 (release) [ARM/embedded-5-bran
