ARM GAS  C:\Users\Usuario\AppData\Local\Temp\ccBftvOr.s 			page 1


   1              		.syntax unified
   2              		.cpu cortex-m0
   3              		.fpu softvfp
   4              		.eabi_attribute 20, 1
   5              		.eabi_attribute 21, 1
   6              		.eabi_attribute 23, 3
   7              		.eabi_attribute 24, 1
   8              		.eabi_attribute 25, 1
   9              		.eabi_attribute 26, 1
  10              		.eabi_attribute 30, 1
  11              		.eabi_attribute 34, 0
  12              		.eabi_attribute 18, 4
  13              		.thumb
  14              		.syntax unified
  15              		.file	"main.c"
  16              		.text
  17              	.Ltext0:
  18              		.cfi_sections	.debug_frame
  19              		.section	.text.main,"ax",%progbits
  20              		.align	2
  21              		.global	main
  22              		.code	16
  23              		.thumb_func
  24              		.type	main, %function
  25              	main:
  26              	.LFB32:
  27              		.file 1 "main.c"
   1:main.c        **** /* ========================================
   2:main.c        ****  *
   3:main.c        ****  * Copyright YOUR COMPANY, THE YEAR
   4:main.c        ****  * All Rights Reserved
   5:main.c        ****  * UNPUBLISHED, LICENSED SOFTWARE.
   6:main.c        ****  *
   7:main.c        ****  * CONFIDENTIAL AND PROPRIETARY INFORMATION
   8:main.c        ****  * WHICH IS THE PROPERTY OF your company.
   9:main.c        ****  *
  10:main.c        ****  * ========================================
  11:main.c        **** */
  12:main.c        **** #include "project.h"
  13:main.c        **** 
  14:main.c        **** 
  15:main.c        **** 
  16:main.c        **** int main(void)
  17:main.c        **** {
  28              		.loc 1 17 0
  29              		.cfi_startproc
  30              		@ Volatile: function does not return.
  31              		@ args = 0, pretend = 0, frame = 0
  32              		@ frame_needed = 0, uses_anonymous_args = 0
  33 0000 10B5     		push	{r4, lr}
  34              		.cfi_def_cfa_offset 8
  35              		.cfi_offset 4, -8
  36              		.cfi_offset 14, -4
  18:main.c        ****     CyGlobalIntEnable; /* Enable global interrupts. */
  37              		.loc 1 18 0
  38              		.syntax divided
  39              	@ 18 "main.c" 1
ARM GAS  C:\Users\Usuario\AppData\Local\Temp\ccBftvOr.s 			page 2


  40 0002 62B6     		CPSIE   i
  41              	@ 0 "" 2
  19:main.c        ****     uart_Start();
  42              		.loc 1 19 0
  43              		.thumb
  44              		.syntax unified
  45 0004 FFF7FEFF 		bl	uart_Start
  46              	.LVL0:
  20:main.c        ****     pwm0_Start();
  47              		.loc 1 20 0
  48 0008 FFF7FEFF 		bl	pwm0_Start
  49              	.LVL1:
  21:main.c        ****     pwm1_Start();
  50              		.loc 1 21 0
  51 000c FFF7FEFF 		bl	pwm1_Start
  52              	.LVL2:
  22:main.c        ****     pwm2_Start();
  53              		.loc 1 22 0
  54 0010 FFF7FEFF 		bl	pwm2_Start
  55              	.LVL3:
  23:main.c        ****     pwm3_Start();
  56              		.loc 1 23 0
  57 0014 FFF7FEFF 		bl	pwm3_Start
  58              	.LVL4:
  24:main.c        ****     clock0_Start();
  59              		.loc 1 24 0
  60 0018 FFF7FEFF 		bl	clock0_Start
  61              	.LVL5:
  25:main.c        ****     clock1_Start();
  62              		.loc 1 25 0
  63 001c FFF7FEFF 		bl	clock1_Start
  64              	.LVL6:
  26:main.c        ****     clock2_Start();
  65              		.loc 1 26 0
  66 0020 FFF7FEFF 		bl	clock2_Start
  67              	.LVL7:
  27:main.c        ****     clock3_Start();
  68              		.loc 1 27 0
  69 0024 FFF7FEFF 		bl	clock3_Start
  70              	.LVL8:
  28:main.c        ****     adc_Start();
  71              		.loc 1 28 0
  72 0028 FFF7FEFF 		bl	adc_Start
  73              	.LVL9:
  29:main.c        ****     amux_Start();
  74              		.loc 1 29 0
  75 002c FFF7FEFF 		bl	amux_Start
  76              	.LVL10:
  77              	.L2:
  78 0030 FEE7     		b	.L2
  79              		.cfi_endproc
  80              	.LFE32:
  81              		.size	main, .-main
  82 0032 C046     		.text
  83              	.Letext0:
  84              		.file 2 "Generated_Source\\PSoC4/uart.h"
  85              		.file 3 "Generated_Source\\PSoC4/pwm0.h"
ARM GAS  C:\Users\Usuario\AppData\Local\Temp\ccBftvOr.s 			page 3


  86              		.file 4 "Generated_Source\\PSoC4/pwm1.h"
  87              		.file 5 "Generated_Source\\PSoC4/pwm2.h"
  88              		.file 6 "Generated_Source\\PSoC4/pwm3.h"
  89              		.file 7 "Generated_Source\\PSoC4/clock0.h"
  90              		.file 8 "Generated_Source\\PSoC4/clock1.h"
  91              		.file 9 "Generated_Source\\PSoC4/clock2.h"
  92              		.file 10 "Generated_Source\\PSoC4/clock3.h"
  93              		.file 11 "Generated_Source\\PSoC4/adc.h"
  94              		.file 12 "Generated_Source\\PSoC4/amux.h"
  95              		.section	.debug_info,"",%progbits
  96              	.Ldebug_info0:
  97 0000 85010000 		.4byte	0x185
  98 0004 0400     		.2byte	0x4
  99 0006 00000000 		.4byte	.Ldebug_abbrev0
 100 000a 04       		.byte	0x4
 101 000b 01       		.uleb128 0x1
 102 000c 41010000 		.4byte	.LASF25
 103 0010 0C       		.byte	0xc
 104 0011 28000000 		.4byte	.LASF26
 105 0015 8B000000 		.4byte	.LASF27
 106 0019 00000000 		.4byte	.Ldebug_ranges0+0
 107 001d 00000000 		.4byte	0
 108 0021 00000000 		.4byte	.Ldebug_line0
 109 0025 02       		.uleb128 0x2
 110 0026 01       		.byte	0x1
 111 0027 06       		.byte	0x6
 112 0028 E2010000 		.4byte	.LASF0
 113 002c 02       		.uleb128 0x2
 114 002d 01       		.byte	0x1
 115 002e 08       		.byte	0x8
 116 002f FC000000 		.4byte	.LASF1
 117 0033 02       		.uleb128 0x2
 118 0034 02       		.byte	0x2
 119 0035 05       		.byte	0x5
 120 0036 0D020000 		.4byte	.LASF2
 121 003a 02       		.uleb128 0x2
 122 003b 02       		.byte	0x2
 123 003c 07       		.byte	0x7
 124 003d CF010000 		.4byte	.LASF3
 125 0041 02       		.uleb128 0x2
 126 0042 04       		.byte	0x4
 127 0043 05       		.byte	0x5
 128 0044 19010000 		.4byte	.LASF4
 129 0048 02       		.uleb128 0x2
 130 0049 04       		.byte	0x4
 131 004a 07       		.byte	0x7
 132 004b 55000000 		.4byte	.LASF5
 133 004f 02       		.uleb128 0x2
 134 0050 08       		.byte	0x8
 135 0051 05       		.byte	0x5
 136 0052 00000000 		.4byte	.LASF6
 137 0056 02       		.uleb128 0x2
 138 0057 08       		.byte	0x8
 139 0058 07       		.byte	0x7
 140 0059 67000000 		.4byte	.LASF7
 141 005d 03       		.uleb128 0x3
 142 005e 04       		.byte	0x4
ARM GAS  C:\Users\Usuario\AppData\Local\Temp\ccBftvOr.s 			page 4


 143 005f 05       		.byte	0x5
 144 0060 696E7400 		.ascii	"int\000"
 145 0064 02       		.uleb128 0x2
 146 0065 04       		.byte	0x4
 147 0066 07       		.byte	0x7
 148 0067 0E000000 		.4byte	.LASF8
 149 006b 02       		.uleb128 0x2
 150 006c 04       		.byte	0x4
 151 006d 04       		.byte	0x4
 152 006e 07020000 		.4byte	.LASF9
 153 0072 02       		.uleb128 0x2
 154 0073 08       		.byte	0x8
 155 0074 04       		.byte	0x4
 156 0075 2F010000 		.4byte	.LASF10
 157 0079 02       		.uleb128 0x2
 158 007a 01       		.byte	0x1
 159 007b 08       		.byte	0x8
 160 007c 0A010000 		.4byte	.LASF11
 161 0080 02       		.uleb128 0x2
 162 0081 08       		.byte	0x8
 163 0082 04       		.byte	0x4
 164 0083 EE010000 		.4byte	.LASF12
 165 0087 02       		.uleb128 0x2
 166 0088 04       		.byte	0x4
 167 0089 07       		.byte	0x7
 168 008a 22020000 		.4byte	.LASF13
 169 008e 04       		.uleb128 0x4
 170 008f 2F000000 		.4byte	.LASF28
 171 0093 01       		.byte	0x1
 172 0094 10       		.byte	0x10
 173 0095 5D000000 		.4byte	0x5d
 174 0099 00000000 		.4byte	.LFB32
 175 009d 32000000 		.4byte	.LFE32-.LFB32
 176 00a1 01       		.uleb128 0x1
 177 00a2 9C       		.byte	0x9c
 178 00a3 0B010000 		.4byte	0x10b
 179 00a7 05       		.uleb128 0x5
 180 00a8 08000000 		.4byte	.LVL0
 181 00ac 0B010000 		.4byte	0x10b
 182 00b0 05       		.uleb128 0x5
 183 00b1 0C000000 		.4byte	.LVL1
 184 00b5 16010000 		.4byte	0x116
 185 00b9 05       		.uleb128 0x5
 186 00ba 10000000 		.4byte	.LVL2
 187 00be 22010000 		.4byte	0x122
 188 00c2 05       		.uleb128 0x5
 189 00c3 14000000 		.4byte	.LVL3
 190 00c7 2E010000 		.4byte	0x12e
 191 00cb 05       		.uleb128 0x5
 192 00cc 18000000 		.4byte	.LVL4
 193 00d0 3A010000 		.4byte	0x13a
 194 00d4 05       		.uleb128 0x5
 195 00d5 1C000000 		.4byte	.LVL5
 196 00d9 46010000 		.4byte	0x146
 197 00dd 05       		.uleb128 0x5
 198 00de 20000000 		.4byte	.LVL6
 199 00e2 51010000 		.4byte	0x151
ARM GAS  C:\Users\Usuario\AppData\Local\Temp\ccBftvOr.s 			page 5


 200 00e6 05       		.uleb128 0x5
 201 00e7 24000000 		.4byte	.LVL7
 202 00eb 5C010000 		.4byte	0x15c
 203 00ef 05       		.uleb128 0x5
 204 00f0 28000000 		.4byte	.LVL8
 205 00f4 67010000 		.4byte	0x167
 206 00f8 05       		.uleb128 0x5
 207 00f9 2C000000 		.4byte	.LVL9
 208 00fd 72010000 		.4byte	0x172
 209 0101 05       		.uleb128 0x5
 210 0102 30000000 		.4byte	.LVL10
 211 0106 7D010000 		.4byte	0x17d
 212 010a 00       		.byte	0
 213 010b 06       		.uleb128 0x6
 214 010c 3F000000 		.4byte	.LASF14
 215 0110 3F000000 		.4byte	.LASF14
 216 0114 02       		.byte	0x2
 217 0115 72       		.byte	0x72
 218 0116 07       		.uleb128 0x7
 219 0117 34000000 		.4byte	.LASF15
 220 011b 34000000 		.4byte	.LASF15
 221 011f 03       		.byte	0x3
 222 0120 3201     		.2byte	0x132
 223 0122 07       		.uleb128 0x7
 224 0123 F1000000 		.4byte	.LASF16
 225 0127 F1000000 		.4byte	.LASF16
 226 012b 04       		.byte	0x4
 227 012c 3201     		.2byte	0x132
 228 012e 07       		.uleb128 0x7
 229 012f 36010000 		.4byte	.LASF17
 230 0133 36010000 		.4byte	.LASF17
 231 0137 05       		.byte	0x5
 232 0138 3201     		.2byte	0x132
 233 013a 07       		.uleb128 0x7
 234 013b 17020000 		.4byte	.LASF18
 235 013f 17020000 		.4byte	.LASF18
 236 0143 06       		.byte	0x6
 237 0144 3201     		.2byte	0x132
 238 0146 06       		.uleb128 0x6
 239 0147 FA010000 		.4byte	.LASF19
 240 014b FA010000 		.4byte	.LASF19
 241 014f 07       		.byte	0x7
 242 0150 23       		.byte	0x23
 243 0151 06       		.uleb128 0x6
 244 0152 1B000000 		.4byte	.LASF20
 245 0156 1B000000 		.4byte	.LASF20
 246 015a 08       		.byte	0x8
 247 015b 23       		.byte	0x23
 248 015c 06       		.uleb128 0x6
 249 015d 7E000000 		.4byte	.LASF21
 250 0161 7E000000 		.4byte	.LASF21
 251 0165 09       		.byte	0x9
 252 0166 23       		.byte	0x23
 253 0167 06       		.uleb128 0x6
 254 0168 22010000 		.4byte	.LASF22
 255 016c 22010000 		.4byte	.LASF22
 256 0170 0A       		.byte	0xa
ARM GAS  C:\Users\Usuario\AppData\Local\Temp\ccBftvOr.s 			page 6


 257 0171 23       		.byte	0x23
 258 0172 06       		.uleb128 0x6
 259 0173 0F010000 		.4byte	.LASF23
 260 0177 0F010000 		.4byte	.LASF23
 261 017b 0B       		.byte	0xb
 262 017c 99       		.byte	0x99
 263 017d 06       		.uleb128 0x6
 264 017e 4A000000 		.4byte	.LASF24
 265 0182 4A000000 		.4byte	.LASF24
 266 0186 0C       		.byte	0xc
 267 0187 25       		.byte	0x25
 268 0188 00       		.byte	0
 269              		.section	.debug_abbrev,"",%progbits
 270              	.Ldebug_abbrev0:
 271 0000 01       		.uleb128 0x1
 272 0001 11       		.uleb128 0x11
 273 0002 01       		.byte	0x1
 274 0003 25       		.uleb128 0x25
 275 0004 0E       		.uleb128 0xe
 276 0005 13       		.uleb128 0x13
 277 0006 0B       		.uleb128 0xb
 278 0007 03       		.uleb128 0x3
 279 0008 0E       		.uleb128 0xe
 280 0009 1B       		.uleb128 0x1b
 281 000a 0E       		.uleb128 0xe
 282 000b 55       		.uleb128 0x55
 283 000c 17       		.uleb128 0x17
 284 000d 11       		.uleb128 0x11
 285 000e 01       		.uleb128 0x1
 286 000f 10       		.uleb128 0x10
 287 0010 17       		.uleb128 0x17
 288 0011 00       		.byte	0
 289 0012 00       		.byte	0
 290 0013 02       		.uleb128 0x2
 291 0014 24       		.uleb128 0x24
 292 0015 00       		.byte	0
 293 0016 0B       		.uleb128 0xb
 294 0017 0B       		.uleb128 0xb
 295 0018 3E       		.uleb128 0x3e
 296 0019 0B       		.uleb128 0xb
 297 001a 03       		.uleb128 0x3
 298 001b 0E       		.uleb128 0xe
 299 001c 00       		.byte	0
 300 001d 00       		.byte	0
 301 001e 03       		.uleb128 0x3
 302 001f 24       		.uleb128 0x24
 303 0020 00       		.byte	0
 304 0021 0B       		.uleb128 0xb
 305 0022 0B       		.uleb128 0xb
 306 0023 3E       		.uleb128 0x3e
 307 0024 0B       		.uleb128 0xb
 308 0025 03       		.uleb128 0x3
 309 0026 08       		.uleb128 0x8
 310 0027 00       		.byte	0
 311 0028 00       		.byte	0
 312 0029 04       		.uleb128 0x4
 313 002a 2E       		.uleb128 0x2e
ARM GAS  C:\Users\Usuario\AppData\Local\Temp\ccBftvOr.s 			page 7


 314 002b 01       		.byte	0x1
 315 002c 3F       		.uleb128 0x3f
 316 002d 19       		.uleb128 0x19
 317 002e 03       		.uleb128 0x3
 318 002f 0E       		.uleb128 0xe
 319 0030 3A       		.uleb128 0x3a
 320 0031 0B       		.uleb128 0xb
 321 0032 3B       		.uleb128 0x3b
 322 0033 0B       		.uleb128 0xb
 323 0034 27       		.uleb128 0x27
 324 0035 19       		.uleb128 0x19
 325 0036 49       		.uleb128 0x49
 326 0037 13       		.uleb128 0x13
 327 0038 8701     		.uleb128 0x87
 328 003a 19       		.uleb128 0x19
 329 003b 11       		.uleb128 0x11
 330 003c 01       		.uleb128 0x1
 331 003d 12       		.uleb128 0x12
 332 003e 06       		.uleb128 0x6
 333 003f 40       		.uleb128 0x40
 334 0040 18       		.uleb128 0x18
 335 0041 9742     		.uleb128 0x2117
 336 0043 19       		.uleb128 0x19
 337 0044 01       		.uleb128 0x1
 338 0045 13       		.uleb128 0x13
 339 0046 00       		.byte	0
 340 0047 00       		.byte	0
 341 0048 05       		.uleb128 0x5
 342 0049 898201   		.uleb128 0x4109
 343 004c 00       		.byte	0
 344 004d 11       		.uleb128 0x11
 345 004e 01       		.uleb128 0x1
 346 004f 31       		.uleb128 0x31
 347 0050 13       		.uleb128 0x13
 348 0051 00       		.byte	0
 349 0052 00       		.byte	0
 350 0053 06       		.uleb128 0x6
 351 0054 2E       		.uleb128 0x2e
 352 0055 00       		.byte	0
 353 0056 3F       		.uleb128 0x3f
 354 0057 19       		.uleb128 0x19
 355 0058 3C       		.uleb128 0x3c
 356 0059 19       		.uleb128 0x19
 357 005a 6E       		.uleb128 0x6e
 358 005b 0E       		.uleb128 0xe
 359 005c 03       		.uleb128 0x3
 360 005d 0E       		.uleb128 0xe
 361 005e 3A       		.uleb128 0x3a
 362 005f 0B       		.uleb128 0xb
 363 0060 3B       		.uleb128 0x3b
 364 0061 0B       		.uleb128 0xb
 365 0062 00       		.byte	0
 366 0063 00       		.byte	0
 367 0064 07       		.uleb128 0x7
 368 0065 2E       		.uleb128 0x2e
 369 0066 00       		.byte	0
 370 0067 3F       		.uleb128 0x3f
ARM GAS  C:\Users\Usuario\AppData\Local\Temp\ccBftvOr.s 			page 8


 371 0068 19       		.uleb128 0x19
 372 0069 3C       		.uleb128 0x3c
 373 006a 19       		.uleb128 0x19
 374 006b 6E       		.uleb128 0x6e
 375 006c 0E       		.uleb128 0xe
 376 006d 03       		.uleb128 0x3
 377 006e 0E       		.uleb128 0xe
 378 006f 3A       		.uleb128 0x3a
 379 0070 0B       		.uleb128 0xb
 380 0071 3B       		.uleb128 0x3b
 381 0072 05       		.uleb128 0x5
 382 0073 00       		.byte	0
 383 0074 00       		.byte	0
 384 0075 00       		.byte	0
 385              		.section	.debug_aranges,"",%progbits
 386 0000 1C000000 		.4byte	0x1c
 387 0004 0200     		.2byte	0x2
 388 0006 00000000 		.4byte	.Ldebug_info0
 389 000a 04       		.byte	0x4
 390 000b 00       		.byte	0
 391 000c 0000     		.2byte	0
 392 000e 0000     		.2byte	0
 393 0010 00000000 		.4byte	.LFB32
 394 0014 32000000 		.4byte	.LFE32-.LFB32
 395 0018 00000000 		.4byte	0
 396 001c 00000000 		.4byte	0
 397              		.section	.debug_ranges,"",%progbits
 398              	.Ldebug_ranges0:
 399 0000 00000000 		.4byte	.LFB32
 400 0004 32000000 		.4byte	.LFE32
 401 0008 00000000 		.4byte	0
 402 000c 00000000 		.4byte	0
 403              		.section	.debug_line,"",%progbits
 404              	.Ldebug_line0:
 405 0000 CA000000 		.section	.debug_str,"MS",%progbits,1
 405      0200A900 
 405      00000201 
 405      FB0E0D00 
 405      01010101 
 406              	.LASF6:
 407 0000 6C6F6E67 		.ascii	"long long int\000"
 407      206C6F6E 
 407      6720696E 
 407      7400
 408              	.LASF8:
 409 000e 756E7369 		.ascii	"unsigned int\000"
 409      676E6564 
 409      20696E74 
 409      00
 410              	.LASF20:
 411 001b 636C6F63 		.ascii	"clock1_Start\000"
 411      6B315F53 
 411      74617274 
 411      00
 412              	.LASF26:
 413 0028 6D61696E 		.ascii	"main.c\000"
 413      2E6300
ARM GAS  C:\Users\Usuario\AppData\Local\Temp\ccBftvOr.s 			page 9


 414              	.LASF28:
 415 002f 6D61696E 		.ascii	"main\000"
 415      00
 416              	.LASF15:
 417 0034 70776D30 		.ascii	"pwm0_Start\000"
 417      5F537461 
 417      727400
 418              	.LASF14:
 419 003f 75617274 		.ascii	"uart_Start\000"
 419      5F537461 
 419      727400
 420              	.LASF24:
 421 004a 616D7578 		.ascii	"amux_Start\000"
 421      5F537461 
 421      727400
 422              	.LASF5:
 423 0055 6C6F6E67 		.ascii	"long unsigned int\000"
 423      20756E73 
 423      69676E65 
 423      6420696E 
 423      7400
 424              	.LASF7:
 425 0067 6C6F6E67 		.ascii	"long long unsigned int\000"
 425      206C6F6E 
 425      6720756E 
 425      7369676E 
 425      65642069 
 426              	.LASF21:
 427 007e 636C6F63 		.ascii	"clock2_Start\000"
 427      6B325F53 
 427      74617274 
 427      00
 428              	.LASF27:
 429 008b 443A5C44 		.ascii	"D:\\Documentos\\UD\\2023-3\\Proyecto de grado\\Ejem"
 429      6F63756D 
 429      656E746F 
 429      735C5544 
 429      5C323032 
 430 00b9 706C6F73 		.ascii	"plos\\Kit 049-42XX\\Config Gral 049\\Config Gral 04"
 430      5C4B6974 
 430      20303439 
 430      2D343258 
 430      585C436F 
 431 00e9 392E6379 		.ascii	"9.cydsn\000"
 431      64736E00 
 432              	.LASF16:
 433 00f1 70776D31 		.ascii	"pwm1_Start\000"
 433      5F537461 
 433      727400
 434              	.LASF1:
 435 00fc 756E7369 		.ascii	"unsigned char\000"
 435      676E6564 
 435      20636861 
 435      7200
 436              	.LASF11:
 437 010a 63686172 		.ascii	"char\000"
 437      00
ARM GAS  C:\Users\Usuario\AppData\Local\Temp\ccBftvOr.s 			page 10


 438              	.LASF23:
 439 010f 6164635F 		.ascii	"adc_Start\000"
 439      53746172 
 439      7400
 440              	.LASF4:
 441 0119 6C6F6E67 		.ascii	"long int\000"
 441      20696E74 
 441      00
 442              	.LASF22:
 443 0122 636C6F63 		.ascii	"clock3_Start\000"
 443      6B335F53 
 443      74617274 
 443      00
 444              	.LASF10:
 445 012f 646F7562 		.ascii	"double\000"
 445      6C6500
 446              	.LASF17:
 447 0136 70776D32 		.ascii	"pwm2_Start\000"
 447      5F537461 
 447      727400
 448              	.LASF25:
 449 0141 474E5520 		.ascii	"GNU C11 5.4.1 20160609 (release) [ARM/embedded-5-br"
 449      43313120 
 449      352E342E 
 449      31203230 
 449      31363036 
 450 0174 616E6368 		.ascii	"anch revision 237715] -mcpu=cortex-m0 -mthumb -g -O"
 450      20726576 
 450      6973696F 
 450      6E203233 
 450      37373135 
 451 01a7 67202D66 		.ascii	"g -ffunction-sections -ffat-lto-objects\000"
 451      66756E63 
 451      74696F6E 
 451      2D736563 
 451      74696F6E 
 452              	.LASF3:
 453 01cf 73686F72 		.ascii	"short unsigned int\000"
 453      7420756E 
 453      7369676E 
 453      65642069 
 453      6E7400
 454              	.LASF0:
 455 01e2 7369676E 		.ascii	"signed char\000"
 455      65642063 
 455      68617200 
 456              	.LASF12:
 457 01ee 6C6F6E67 		.ascii	"long double\000"
 457      20646F75 
 457      626C6500 
 458              	.LASF19:
 459 01fa 636C6F63 		.ascii	"clock0_Start\000"
 459      6B305F53 
 459      74617274 
 459      00
 460              	.LASF9:
 461 0207 666C6F61 		.ascii	"float\000"
ARM GAS  C:\Users\Usuario\AppData\Local\Temp\ccBftvOr.s 			page 11


 461      7400
 462              	.LASF2:
 463 020d 73686F72 		.ascii	"short int\000"
 463      7420696E 
 463      7400
 464              	.LASF18:
 465 0217 70776D33 		.ascii	"pwm3_Start\000"
 465      5F537461 
 465      727400
 466              	.LASF13:
 467 0222 73697A65 		.ascii	"sizetype\000"
 467      74797065 
 467      00
 468              		.ident	"GCC: (GNU Tools for ARM Embedded Processors) 5.4.1 20160609 (release) [ARM/embedded-5-bran
