ARM GAS  C:\Users\Usuario\AppData\Local\Temp\ccyllq5b.s 			page 1


   1              		.syntax unified
   2              		.cpu cortex-m0
   3              		.fpu softvfp
   4              		.eabi_attribute 20, 1
   5              		.eabi_attribute 21, 1
   6              		.eabi_attribute 23, 3
   7              		.eabi_attribute 24, 1
   8              		.eabi_attribute 25, 1
   9              		.eabi_attribute 26, 1
  10              		.eabi_attribute 30, 1
  11              		.eabi_attribute 34, 0
  12              		.eabi_attribute 18, 4
  13              		.thumb
  14              		.syntax unified
  15              		.file	"main.c"
  16              		.text
  17              	.Ltext0:
  18              		.cfi_sections	.debug_frame
  19              		.section	.text.main,"ax",%progbits
  20              		.align	2
  21              		.global	main
  22              		.code	16
  23              		.thumb_func
  24              		.type	main, %function
  25              	main:
  26              	.LFB32:
  27              		.file 1 "main.c"
   1:main.c        **** /* ========================================
   2:main.c        ****  *
   3:main.c        ****  * Copyright YOUR COMPANY, THE YEAR
   4:main.c        ****  * All Rights Reserved
   5:main.c        ****  * UNPUBLISHED, LICENSED SOFTWARE.
   6:main.c        ****  *
   7:main.c        ****  * CONFIDENTIAL AND PROPRIETARY INFORMATION
   8:main.c        ****  * WHICH IS THE PROPERTY OF your company.
   9:main.c        ****  *
  10:main.c        ****  * ========================================
  11:main.c        **** */
  12:main.c        **** #include "project.h"
  13:main.c        **** 
  14:main.c        **** //void PWM0(void),PWM1(void),PWM2(void),PWM3(void);
  15:main.c        **** //void ADC0(void),ADC1(void),ADC2(void),ADC3(void);
  16:main.c        **** 
  17:main.c        **** uint16 valor3,conv3;
  18:main.c        **** 
  19:main.c        **** int main(void)
  20:main.c        **** {
  28              		.loc 1 20 0
  29              		.cfi_startproc
  30              		@ Volatile: function does not return.
  31              		@ args = 0, pretend = 0, frame = 0
  32              		@ frame_needed = 0, uses_anonymous_args = 0
  33 0000 10B5     		push	{r4, lr}
  34              		.cfi_def_cfa_offset 8
  35              		.cfi_offset 4, -8
  36              		.cfi_offset 14, -4
  21:main.c        ****     CyGlobalIntEnable; /* Enable global interrupts. */
ARM GAS  C:\Users\Usuario\AppData\Local\Temp\ccyllq5b.s 			page 2


  37              		.loc 1 21 0
  38              		.syntax divided
  39              	@ 21 "main.c" 1
  40 0002 62B6     		CPSIE   i
  41              	@ 0 "" 2
  22:main.c        ****     uart_Start();
  42              		.loc 1 22 0
  43              		.thumb
  44              		.syntax unified
  45 0004 FFF7FEFF 		bl	uart_Start
  46              	.LVL0:
  23:main.c        ****     pwm0_Start();
  47              		.loc 1 23 0
  48 0008 FFF7FEFF 		bl	pwm0_Start
  49              	.LVL1:
  24:main.c        ****     pwm1_Start();
  50              		.loc 1 24 0
  51 000c FFF7FEFF 		bl	pwm1_Start
  52              	.LVL2:
  25:main.c        ****     pwm2_Start();
  53              		.loc 1 25 0
  54 0010 FFF7FEFF 		bl	pwm2_Start
  55              	.LVL3:
  26:main.c        ****     pwm3_Start();
  56              		.loc 1 26 0
  57 0014 FFF7FEFF 		bl	pwm3_Start
  58              	.LVL4:
  27:main.c        ****     clock_Start();
  59              		.loc 1 27 0
  60 0018 FFF7FEFF 		bl	clock_Start
  61              	.LVL5:
  28:main.c        ****     adc_Start();
  62              		.loc 1 28 0
  63 001c FFF7FEFF 		bl	adc_Start
  64              	.LVL6:
  29:main.c        ****     amux_Start();
  65              		.loc 1 29 0
  66 0020 FFF7FEFF 		bl	amux_Start
  67              	.LVL7:
  68              	.L2:
  69 0024 FEE7     		b	.L2
  70              		.cfi_endproc
  71              	.LFE32:
  72              		.size	main, .-main
  73 0026 C046     		.section	.text.PWM0,"ax",%progbits
  74              		.align	2
  75              		.global	PWM0
  76              		.code	16
  77              		.thumb_func
  78              		.type	PWM0, %function
  79              	PWM0:
  80              	.LFB33:
  30:main.c        ****     
  31:main.c        ****     //PWM0();
  32:main.c        ****     //PWM1();
  33:main.c        ****     //PWM2();
  34:main.c        ****     //PWM3();
ARM GAS  C:\Users\Usuario\AppData\Local\Temp\ccyllq5b.s 			page 3


  35:main.c        ****         
  36:main.c        ****     for(;;)
  37:main.c        ****     {
  38:main.c        ****         //ADC0();
  39:main.c        ****         //ADC1();
  40:main.c        ****         //ADC2();
  41:main.c        ****         //ADC3();  
  42:main.c        ****     }
  43:main.c        **** }
  44:main.c        **** 
  45:main.c        **** void PWM0()
  46:main.c        ****     {
  81              		.loc 1 46 0
  82              		.cfi_startproc
  83              		@ args = 0, pretend = 0, frame = 0
  84              		@ frame_needed = 0, uses_anonymous_args = 0
  85 0000 10B5     		push	{r4, lr}
  86              		.cfi_def_cfa_offset 8
  87              		.cfi_offset 4, -8
  88              		.cfi_offset 14, -4
  89              	.LVL8:
  47:main.c        ****         uint16 ciclo_util0=20;    //Definicion por el usuario ciclo util en [%]
  48:main.c        ****         pwm0_WriteCompare(ciclo_util0*655);
  90              		.loc 1 48 0
  91 0002 0248     		ldr	r0, .L4
  92 0004 FFF7FEFF 		bl	pwm0_WriteCompare
  93              	.LVL9:
  49:main.c        ****     }
  94              		.loc 1 49 0
  95              		@ sp needed
  96 0008 10BD     		pop	{r4, pc}
  97              	.L5:
  98 000a C046     		.align	2
  99              	.L4:
 100 000c 2C330000 		.word	13100
 101              		.cfi_endproc
 102              	.LFE33:
 103              		.size	PWM0, .-PWM0
 104              		.section	.text.PWM1,"ax",%progbits
 105              		.align	2
 106              		.global	PWM1
 107              		.code	16
 108              		.thumb_func
 109              		.type	PWM1, %function
 110              	PWM1:
 111              	.LFB34:
  50:main.c        **** 
  51:main.c        **** void PWM1()
  52:main.c        ****     {
 112              		.loc 1 52 0
 113              		.cfi_startproc
 114              		@ args = 0, pretend = 0, frame = 0
 115              		@ frame_needed = 0, uses_anonymous_args = 0
 116 0000 10B5     		push	{r4, lr}
 117              		.cfi_def_cfa_offset 8
 118              		.cfi_offset 4, -8
 119              		.cfi_offset 14, -4
ARM GAS  C:\Users\Usuario\AppData\Local\Temp\ccyllq5b.s 			page 4


 120              	.LVL10:
  53:main.c        ****         uint16 ciclo_util1=40;    //Definicion por el usuario ciclo util en [%]
  54:main.c        ****         pwm1_WriteCompare(ciclo_util1*655);
 121              		.loc 1 54 0
 122 0002 0248     		ldr	r0, .L7
 123 0004 FFF7FEFF 		bl	pwm1_WriteCompare
 124              	.LVL11:
  55:main.c        ****     }
 125              		.loc 1 55 0
 126              		@ sp needed
 127 0008 10BD     		pop	{r4, pc}
 128              	.L8:
 129 000a C046     		.align	2
 130              	.L7:
 131 000c 58660000 		.word	26200
 132              		.cfi_endproc
 133              	.LFE34:
 134              		.size	PWM1, .-PWM1
 135              		.section	.text.PWM2,"ax",%progbits
 136              		.align	2
 137              		.global	PWM2
 138              		.code	16
 139              		.thumb_func
 140              		.type	PWM2, %function
 141              	PWM2:
 142              	.LFB35:
  56:main.c        ****     
  57:main.c        **** void PWM2()
  58:main.c        ****     {
 143              		.loc 1 58 0
 144              		.cfi_startproc
 145              		@ args = 0, pretend = 0, frame = 0
 146              		@ frame_needed = 0, uses_anonymous_args = 0
 147 0000 10B5     		push	{r4, lr}
 148              		.cfi_def_cfa_offset 8
 149              		.cfi_offset 4, -8
 150              		.cfi_offset 14, -4
 151              	.LVL12:
  59:main.c        ****         uint16 ciclo_util2=60;    //Definicion por el usuario ciclo util en [%]
  60:main.c        ****         pwm2_WriteCompare(ciclo_util2*655);
 152              		.loc 1 60 0
 153 0002 0248     		ldr	r0, .L10
 154 0004 FFF7FEFF 		bl	pwm2_WriteCompare
 155              	.LVL13:
  61:main.c        ****     }
 156              		.loc 1 61 0
 157              		@ sp needed
 158 0008 10BD     		pop	{r4, pc}
 159              	.L11:
 160 000a C046     		.align	2
 161              	.L10:
 162 000c 84990000 		.word	39300
 163              		.cfi_endproc
 164              	.LFE35:
 165              		.size	PWM2, .-PWM2
 166              		.section	.text.PWM3,"ax",%progbits
 167              		.align	2
ARM GAS  C:\Users\Usuario\AppData\Local\Temp\ccyllq5b.s 			page 5


 168              		.global	PWM3
 169              		.code	16
 170              		.thumb_func
 171              		.type	PWM3, %function
 172              	PWM3:
 173              	.LFB36:
  62:main.c        ****     
  63:main.c        **** void PWM3()
  64:main.c        ****     {
 174              		.loc 1 64 0
 175              		.cfi_startproc
 176              		@ args = 0, pretend = 0, frame = 0
 177              		@ frame_needed = 0, uses_anonymous_args = 0
 178 0000 10B5     		push	{r4, lr}
 179              		.cfi_def_cfa_offset 8
 180              		.cfi_offset 4, -8
 181              		.cfi_offset 14, -4
 182              	.LVL14:
  65:main.c        ****         uint16 ciclo_util3=80;    //Definicion por el usuario ciclo util en [%]
  66:main.c        ****         pwm3_WriteCompare(ciclo_util3*655);
 183              		.loc 1 66 0
 184 0002 0248     		ldr	r0, .L13
 185 0004 FFF7FEFF 		bl	pwm3_WriteCompare
 186              	.LVL15:
  67:main.c        ****     }
 187              		.loc 1 67 0
 188              		@ sp needed
 189 0008 10BD     		pop	{r4, pc}
 190              	.L14:
 191 000a C046     		.align	2
 192              	.L13:
 193 000c B0CC0000 		.word	52400
 194              		.cfi_endproc
 195              	.LFE36:
 196              		.size	PWM3, .-PWM3
 197              		.section	.text.ADC0,"ax",%progbits
 198              		.align	2
 199              		.global	ADC0
 200              		.code	16
 201              		.thumb_func
 202              		.type	ADC0, %function
 203              	ADC0:
 204              	.LFB37:
  68:main.c        ****     
  69:main.c        **** void ADC0()
  70:main.c        ****     {
 205              		.loc 1 70 0
 206              		.cfi_startproc
 207              		@ args = 0, pretend = 0, frame = 0
 208              		@ frame_needed = 0, uses_anonymous_args = 0
 209 0000 10B5     		push	{r4, lr}
 210              		.cfi_def_cfa_offset 8
 211              		.cfi_offset 4, -8
 212              		.cfi_offset 14, -4
  71:main.c        ****         uint16 conv0;
  72:main.c        ****         amux_FastSelect(0);
 213              		.loc 1 72 0
ARM GAS  C:\Users\Usuario\AppData\Local\Temp\ccyllq5b.s 			page 6


 214 0002 0020     		movs	r0, #0
 215 0004 FFF7FEFF 		bl	amux_FastSelect
 216              	.LVL16:
  73:main.c        ****         adc_StartConvert();
 217              		.loc 1 73 0
 218 0008 FFF7FEFF 		bl	adc_StartConvert
 219              	.LVL17:
  74:main.c        ****         adc_IsEndConversion(adc_WAIT_FOR_RESULT);
 220              		.loc 1 74 0
 221 000c 0220     		movs	r0, #2
 222 000e FFF7FEFF 		bl	adc_IsEndConversion
 223              	.LVL18:
  75:main.c        ****         conv0=adc_GetResult16(0);
 224              		.loc 1 75 0
 225 0012 0020     		movs	r0, #0
 226 0014 FFF7FEFF 		bl	adc_GetResult16
 227              	.LVL19:
  76:main.c        ****         adc_StopConvert();        
 228              		.loc 1 76 0
 229 0018 FFF7FEFF 		bl	adc_StopConvert
 230              	.LVL20:
  77:main.c        ****     }
 231              		.loc 1 77 0
 232              		@ sp needed
 233 001c 10BD     		pop	{r4, pc}
 234              		.cfi_endproc
 235              	.LFE37:
 236              		.size	ADC0, .-ADC0
 237 001e C046     		.section	.text.ADC1,"ax",%progbits
 238              		.align	2
 239              		.global	ADC1
 240              		.code	16
 241              		.thumb_func
 242              		.type	ADC1, %function
 243              	ADC1:
 244              	.LFB38:
  78:main.c        ****     
  79:main.c        **** void ADC1()
  80:main.c        ****     {
 245              		.loc 1 80 0
 246              		.cfi_startproc
 247              		@ args = 0, pretend = 0, frame = 0
 248              		@ frame_needed = 0, uses_anonymous_args = 0
 249 0000 10B5     		push	{r4, lr}
 250              		.cfi_def_cfa_offset 8
 251              		.cfi_offset 4, -8
 252              		.cfi_offset 14, -4
  81:main.c        ****         uint16 conv1;
  82:main.c        ****         amux_FastSelect(1);
 253              		.loc 1 82 0
 254 0002 0120     		movs	r0, #1
 255 0004 FFF7FEFF 		bl	amux_FastSelect
 256              	.LVL21:
  83:main.c        ****         adc_StartConvert();
 257              		.loc 1 83 0
 258 0008 FFF7FEFF 		bl	adc_StartConvert
 259              	.LVL22:
ARM GAS  C:\Users\Usuario\AppData\Local\Temp\ccyllq5b.s 			page 7


  84:main.c        ****         adc_IsEndConversion(adc_WAIT_FOR_RESULT);
 260              		.loc 1 84 0
 261 000c 0220     		movs	r0, #2
 262 000e FFF7FEFF 		bl	adc_IsEndConversion
 263              	.LVL23:
  85:main.c        ****         conv1=adc_GetResult16(0);
 264              		.loc 1 85 0
 265 0012 0020     		movs	r0, #0
 266 0014 FFF7FEFF 		bl	adc_GetResult16
 267              	.LVL24:
  86:main.c        ****         adc_StopConvert();
 268              		.loc 1 86 0
 269 0018 FFF7FEFF 		bl	adc_StopConvert
 270              	.LVL25:
  87:main.c        ****     }
 271              		.loc 1 87 0
 272              		@ sp needed
 273 001c 10BD     		pop	{r4, pc}
 274              		.cfi_endproc
 275              	.LFE38:
 276              		.size	ADC1, .-ADC1
 277 001e C046     		.section	.text.ADC2,"ax",%progbits
 278              		.align	2
 279              		.global	ADC2
 280              		.code	16
 281              		.thumb_func
 282              		.type	ADC2, %function
 283              	ADC2:
 284              	.LFB39:
  88:main.c        ****     
  89:main.c        **** void ADC2()
  90:main.c        ****     {
 285              		.loc 1 90 0
 286              		.cfi_startproc
 287              		@ args = 0, pretend = 0, frame = 0
 288              		@ frame_needed = 0, uses_anonymous_args = 0
 289 0000 10B5     		push	{r4, lr}
 290              		.cfi_def_cfa_offset 8
 291              		.cfi_offset 4, -8
 292              		.cfi_offset 14, -4
  91:main.c        ****         uint16 conv2;
  92:main.c        ****         amux_FastSelect(2);
 293              		.loc 1 92 0
 294 0002 0220     		movs	r0, #2
 295 0004 FFF7FEFF 		bl	amux_FastSelect
 296              	.LVL26:
  93:main.c        ****         adc_StartConvert();
 297              		.loc 1 93 0
 298 0008 FFF7FEFF 		bl	adc_StartConvert
 299              	.LVL27:
  94:main.c        ****         adc_IsEndConversion(adc_WAIT_FOR_RESULT);
 300              		.loc 1 94 0
 301 000c 0220     		movs	r0, #2
 302 000e FFF7FEFF 		bl	adc_IsEndConversion
 303              	.LVL28:
  95:main.c        ****         conv2=adc_GetResult16(0);
 304              		.loc 1 95 0
ARM GAS  C:\Users\Usuario\AppData\Local\Temp\ccyllq5b.s 			page 8


 305 0012 0020     		movs	r0, #0
 306 0014 FFF7FEFF 		bl	adc_GetResult16
 307              	.LVL29:
  96:main.c        ****         adc_StopConvert();      
 308              		.loc 1 96 0
 309 0018 FFF7FEFF 		bl	adc_StopConvert
 310              	.LVL30:
  97:main.c        ****     }
 311              		.loc 1 97 0
 312              		@ sp needed
 313 001c 10BD     		pop	{r4, pc}
 314              		.cfi_endproc
 315              	.LFE39:
 316              		.size	ADC2, .-ADC2
 317 001e C046     		.section	.text.ADC3,"ax",%progbits
 318              		.align	2
 319              		.global	ADC3
 320              		.code	16
 321              		.thumb_func
 322              		.type	ADC3, %function
 323              	ADC3:
 324              	.LFB40:
  98:main.c        ****     
  99:main.c        **** void ADC3()
 100:main.c        ****     {           
 325              		.loc 1 100 0
 326              		.cfi_startproc
 327              		@ args = 0, pretend = 0, frame = 0
 328              		@ frame_needed = 0, uses_anonymous_args = 0
 329 0000 10B5     		push	{r4, lr}
 330              		.cfi_def_cfa_offset 8
 331              		.cfi_offset 4, -8
 332              		.cfi_offset 14, -4
 101:main.c        ****         amux_FastSelect(3);
 333              		.loc 1 101 0
 334 0002 0320     		movs	r0, #3
 335 0004 FFF7FEFF 		bl	amux_FastSelect
 336              	.LVL31:
 102:main.c        ****         adc_StartConvert();
 337              		.loc 1 102 0
 338 0008 FFF7FEFF 		bl	adc_StartConvert
 339              	.LVL32:
 103:main.c        ****         adc_IsEndConversion(adc_WAIT_FOR_RESULT);
 340              		.loc 1 103 0
 341 000c 0220     		movs	r0, #2
 342 000e FFF7FEFF 		bl	adc_IsEndConversion
 343              	.LVL33:
 104:main.c        ****         conv3=adc_GetResult16(0);
 344              		.loc 1 104 0
 345 0012 0020     		movs	r0, #0
 346 0014 FFF7FEFF 		bl	adc_GetResult16
 347              	.LVL34:
 348 0018 0B4C     		ldr	r4, .L21
 349 001a 2080     		strh	r0, [r4]
 105:main.c        ****         adc_StopConvert();
 350              		.loc 1 105 0
 351 001c FFF7FEFF 		bl	adc_StopConvert
ARM GAS  C:\Users\Usuario\AppData\Local\Temp\ccyllq5b.s 			page 9


 352              	.LVL35:
 106:main.c        ****         valor3=adc_CountsTo_mVolts(0,conv3);
 353              		.loc 1 106 0
 354 0020 0023     		movs	r3, #0
 355 0022 E15E     		ldrsh	r1, [r4, r3]
 356 0024 0020     		movs	r0, #0
 357 0026 FFF7FEFF 		bl	adc_CountsTo_mVolts
 358              	.LVL36:
 359 002a 80B2     		uxth	r0, r0
 360 002c 074B     		ldr	r3, .L21+4
 361 002e 1880     		strh	r0, [r3]
 107:main.c        ****         
 108:main.c        ****         //Codigo de usuario
 109:main.c        ****         if (valor3>2000) {led1_Write(1);
 362              		.loc 1 109 0
 363 0030 FA23     		movs	r3, #250
 364 0032 DB00     		lsls	r3, r3, #3
 365 0034 9842     		cmp	r0, r3
 366 0036 03D9     		bls	.L19
 367              		.loc 1 109 0 is_stmt 0 discriminator 1
 368 0038 0120     		movs	r0, #1
 369 003a FFF7FEFF 		bl	led1_Write
 370              	.LVL37:
 371 003e 02E0     		b	.L18
 372              	.L19:
 110:main.c        ****         }
 111:main.c        ****         else
 112:main.c        ****         {led1_Write(0);
 373              		.loc 1 112 0 is_stmt 1
 374 0040 0020     		movs	r0, #0
 375 0042 FFF7FEFF 		bl	led1_Write
 376              	.LVL38:
 377              	.L18:
 113:main.c        ****         }
 114:main.c        ****     }
 378              		.loc 1 114 0
 379              		@ sp needed
 380 0046 10BD     		pop	{r4, pc}
 381              	.L22:
 382              		.align	2
 383              	.L21:
 384 0048 00000000 		.word	conv3
 385 004c 00000000 		.word	valor3
 386              		.cfi_endproc
 387              	.LFE40:
 388              		.size	ADC3, .-ADC3
 389              		.comm	conv3,2,2
 390              		.comm	valor3,2,2
 391              		.text
 392              	.Letext0:
 393              		.file 2 "Generated_Source\\PSoC4/uart.h"
 394              		.file 3 "Generated_Source\\PSoC4/pwm0.h"
 395              		.file 4 "Generated_Source\\PSoC4/pwm1.h"
 396              		.file 5 "Generated_Source\\PSoC4/pwm2.h"
 397              		.file 6 "Generated_Source\\PSoC4/pwm3.h"
 398              		.file 7 "Generated_Source\\PSoC4/clock.h"
 399              		.file 8 "Generated_Source\\PSoC4/adc.h"
ARM GAS  C:\Users\Usuario\AppData\Local\Temp\ccyllq5b.s 			page 10


 400              		.file 9 "Generated_Source\\PSoC4/amux.h"
 401              		.file 10 "Generated_Source\\PSoC4/led1.h"
 402              		.file 11 "Generated_Source\\PSoC4/cytypes.h"
 403              		.section	.debug_info,"",%progbits
 404              	.Ldebug_info0:
 405 0000 9A040000 		.4byte	0x49a
 406 0004 0400     		.2byte	0x4
 407 0006 00000000 		.4byte	.Ldebug_abbrev0
 408 000a 04       		.byte	0x4
 409 000b 01       		.uleb128 0x1
 410 000c E4010000 		.4byte	.LASF50
 411 0010 0C       		.byte	0xc
 412 0011 89020000 		.4byte	.LASF51
 413 0015 0B010000 		.4byte	.LASF52
 414 0019 00000000 		.4byte	.Ldebug_ranges0+0
 415 001d 00000000 		.4byte	0
 416 0021 00000000 		.4byte	.Ldebug_line0
 417 0025 02       		.uleb128 0x2
 418 0026 01       		.byte	0x1
 419 0027 06       		.byte	0x6
 420 0028 43000000 		.4byte	.LASF0
 421 002c 02       		.uleb128 0x2
 422 002d 01       		.byte	0x1
 423 002e 08       		.byte	0x8
 424 002f 61000000 		.4byte	.LASF1
 425 0033 02       		.uleb128 0x2
 426 0034 02       		.byte	0x2
 427 0035 05       		.byte	0x5
 428 0036 9A020000 		.4byte	.LASF2
 429 003a 02       		.uleb128 0x2
 430 003b 02       		.byte	0x2
 431 003c 07       		.byte	0x7
 432 003d 23000000 		.4byte	.LASF3
 433 0041 02       		.uleb128 0x2
 434 0042 04       		.byte	0x4
 435 0043 05       		.byte	0x5
 436 0044 BE020000 		.4byte	.LASF4
 437 0048 02       		.uleb128 0x2
 438 0049 04       		.byte	0x4
 439 004a 07       		.byte	0x7
 440 004b 7A000000 		.4byte	.LASF5
 441 004f 02       		.uleb128 0x2
 442 0050 08       		.byte	0x8
 443 0051 05       		.byte	0x5
 444 0052 7B020000 		.4byte	.LASF6
 445 0056 02       		.uleb128 0x2
 446 0057 08       		.byte	0x8
 447 0058 07       		.byte	0x7
 448 0059 9F010000 		.4byte	.LASF7
 449 005d 03       		.uleb128 0x3
 450 005e 04       		.byte	0x4
 451 005f 05       		.byte	0x5
 452 0060 696E7400 		.ascii	"int\000"
 453 0064 02       		.uleb128 0x2
 454 0065 04       		.byte	0x4
 455 0066 07       		.byte	0x7
 456 0067 8D010000 		.4byte	.LASF8
ARM GAS  C:\Users\Usuario\AppData\Local\Temp\ccyllq5b.s 			page 11


 457 006b 04       		.uleb128 0x4
 458 006c 04010000 		.4byte	.LASF53
 459 0070 0B       		.byte	0xb
 460 0071 FD01     		.2byte	0x1fd
 461 0073 3A000000 		.4byte	0x3a
 462 0077 02       		.uleb128 0x2
 463 0078 04       		.byte	0x4
 464 0079 04       		.byte	0x4
 465 007a 3D000000 		.4byte	.LASF9
 466 007e 02       		.uleb128 0x2
 467 007f 08       		.byte	0x8
 468 0080 04       		.byte	0x4
 469 0081 36000000 		.4byte	.LASF10
 470 0085 02       		.uleb128 0x2
 471 0086 01       		.byte	0x1
 472 0087 08       		.byte	0x8
 473 0088 90020000 		.4byte	.LASF11
 474 008c 02       		.uleb128 0x2
 475 008d 08       		.byte	0x8
 476 008e 04       		.byte	0x4
 477 008f DB020000 		.4byte	.LASF12
 478 0093 02       		.uleb128 0x2
 479 0094 04       		.byte	0x4
 480 0095 07       		.byte	0x7
 481 0096 72020000 		.4byte	.LASF13
 482 009a 05       		.uleb128 0x5
 483 009b FF000000 		.4byte	.LASF54
 484 009f 01       		.byte	0x1
 485 00a0 13       		.byte	0x13
 486 00a1 5D000000 		.4byte	0x5d
 487 00a5 00000000 		.4byte	.LFB32
 488 00a9 26000000 		.4byte	.LFE32-.LFB32
 489 00ad 01       		.uleb128 0x1
 490 00ae 9C       		.byte	0x9c
 491 00af FC000000 		.4byte	0xfc
 492 00b3 06       		.uleb128 0x6
 493 00b4 08000000 		.4byte	.LVL0
 494 00b8 C4030000 		.4byte	0x3c4
 495 00bc 06       		.uleb128 0x6
 496 00bd 0C000000 		.4byte	.LVL1
 497 00c1 CF030000 		.4byte	0x3cf
 498 00c5 06       		.uleb128 0x6
 499 00c6 10000000 		.4byte	.LVL2
 500 00ca DB030000 		.4byte	0x3db
 501 00ce 06       		.uleb128 0x6
 502 00cf 14000000 		.4byte	.LVL3
 503 00d3 E7030000 		.4byte	0x3e7
 504 00d7 06       		.uleb128 0x6
 505 00d8 18000000 		.4byte	.LVL4
 506 00dc F3030000 		.4byte	0x3f3
 507 00e0 06       		.uleb128 0x6
 508 00e1 1C000000 		.4byte	.LVL5
 509 00e5 FF030000 		.4byte	0x3ff
 510 00e9 06       		.uleb128 0x6
 511 00ea 20000000 		.4byte	.LVL6
 512 00ee 0A040000 		.4byte	0x40a
 513 00f2 06       		.uleb128 0x6
ARM GAS  C:\Users\Usuario\AppData\Local\Temp\ccyllq5b.s 			page 12


 514 00f3 24000000 		.4byte	.LVL7
 515 00f7 15040000 		.4byte	0x415
 516 00fb 00       		.byte	0
 517 00fc 07       		.uleb128 0x7
 518 00fd 00000000 		.4byte	.LASF14
 519 0101 01       		.byte	0x1
 520 0102 2D       		.byte	0x2d
 521 0103 00000000 		.4byte	.LFB33
 522 0107 10000000 		.4byte	.LFE33-.LFB33
 523 010b 01       		.uleb128 0x1
 524 010c 9C       		.byte	0x9c
 525 010d 2F010000 		.4byte	0x12f
 526 0111 08       		.uleb128 0x8
 527 0112 02030000 		.4byte	.LASF16
 528 0116 01       		.byte	0x1
 529 0117 2F       		.byte	0x2f
 530 0118 6B000000 		.4byte	0x6b
 531 011c 14       		.byte	0x14
 532 011d 09       		.uleb128 0x9
 533 011e 08000000 		.4byte	.LVL9
 534 0122 20040000 		.4byte	0x420
 535 0126 0A       		.uleb128 0xa
 536 0127 01       		.uleb128 0x1
 537 0128 50       		.byte	0x50
 538 0129 03       		.uleb128 0x3
 539 012a 0A       		.byte	0xa
 540 012b 2C33     		.2byte	0x332c
 541 012d 00       		.byte	0
 542 012e 00       		.byte	0
 543 012f 07       		.uleb128 0x7
 544 0130 B6010000 		.4byte	.LASF15
 545 0134 01       		.byte	0x1
 546 0135 33       		.byte	0x33
 547 0136 00000000 		.4byte	.LFB34
 548 013a 10000000 		.4byte	.LFE34-.LFB34
 549 013e 01       		.uleb128 0x1
 550 013f 9C       		.byte	0x9c
 551 0140 62010000 		.4byte	0x162
 552 0144 08       		.uleb128 0x8
 553 0145 0E030000 		.4byte	.LASF17
 554 0149 01       		.byte	0x1
 555 014a 35       		.byte	0x35
 556 014b 6B000000 		.4byte	0x6b
 557 014f 28       		.byte	0x28
 558 0150 09       		.uleb128 0x9
 559 0151 08000000 		.4byte	.LVL11
 560 0155 2C040000 		.4byte	0x42c
 561 0159 0A       		.uleb128 0xa
 562 015a 01       		.uleb128 0x1
 563 015b 50       		.byte	0x50
 564 015c 03       		.uleb128 0x3
 565 015d 0A       		.byte	0xa
 566 015e 5866     		.2byte	0x6658
 567 0160 00       		.byte	0
 568 0161 00       		.byte	0
 569 0162 07       		.uleb128 0x7
 570 0163 BB010000 		.4byte	.LASF18
ARM GAS  C:\Users\Usuario\AppData\Local\Temp\ccyllq5b.s 			page 13


 571 0167 01       		.byte	0x1
 572 0168 39       		.byte	0x39
 573 0169 00000000 		.4byte	.LFB35
 574 016d 10000000 		.4byte	.LFE35-.LFB35
 575 0171 01       		.uleb128 0x1
 576 0172 9C       		.byte	0x9c
 577 0173 95010000 		.4byte	0x195
 578 0177 08       		.uleb128 0x8
 579 0178 1A030000 		.4byte	.LASF19
 580 017c 01       		.byte	0x1
 581 017d 3B       		.byte	0x3b
 582 017e 6B000000 		.4byte	0x6b
 583 0182 3C       		.byte	0x3c
 584 0183 09       		.uleb128 0x9
 585 0184 08000000 		.4byte	.LVL13
 586 0188 38040000 		.4byte	0x438
 587 018c 0A       		.uleb128 0xa
 588 018d 01       		.uleb128 0x1
 589 018e 50       		.byte	0x50
 590 018f 03       		.uleb128 0x3
 591 0190 0A       		.byte	0xa
 592 0191 8499     		.2byte	0x9984
 593 0193 00       		.byte	0
 594 0194 00       		.byte	0
 595 0195 07       		.uleb128 0x7
 596 0196 C0010000 		.4byte	.LASF20
 597 019a 01       		.byte	0x1
 598 019b 3F       		.byte	0x3f
 599 019c 00000000 		.4byte	.LFB36
 600 01a0 10000000 		.4byte	.LFE36-.LFB36
 601 01a4 01       		.uleb128 0x1
 602 01a5 9C       		.byte	0x9c
 603 01a6 C8010000 		.4byte	0x1c8
 604 01aa 08       		.uleb128 0x8
 605 01ab 26030000 		.4byte	.LASF21
 606 01af 01       		.byte	0x1
 607 01b0 41       		.byte	0x41
 608 01b1 6B000000 		.4byte	0x6b
 609 01b5 50       		.byte	0x50
 610 01b6 09       		.uleb128 0x9
 611 01b7 08000000 		.4byte	.LVL15
 612 01bb 44040000 		.4byte	0x444
 613 01bf 0A       		.uleb128 0xa
 614 01c0 01       		.uleb128 0x1
 615 01c1 50       		.byte	0x50
 616 01c2 03       		.uleb128 0x3
 617 01c3 0A       		.byte	0xa
 618 01c4 B0CC     		.2byte	0xccb0
 619 01c6 00       		.byte	0
 620 01c7 00       		.byte	0
 621 01c8 07       		.uleb128 0x7
 622 01c9 83010000 		.4byte	.LASF22
 623 01cd 01       		.byte	0x1
 624 01ce 45       		.byte	0x45
 625 01cf 00000000 		.4byte	.LFB37
 626 01d3 1E000000 		.4byte	.LFE37-.LFB37
 627 01d7 01       		.uleb128 0x1
ARM GAS  C:\Users\Usuario\AppData\Local\Temp\ccyllq5b.s 			page 14


 628 01d8 9C       		.byte	0x9c
 629 01d9 34020000 		.4byte	0x234
 630 01dd 0B       		.uleb128 0xb
 631 01de 8C000000 		.4byte	.LASF24
 632 01e2 01       		.byte	0x1
 633 01e3 47       		.byte	0x47
 634 01e4 6B000000 		.4byte	0x6b
 635 01e8 0C       		.uleb128 0xc
 636 01e9 08000000 		.4byte	.LVL16
 637 01ed 50040000 		.4byte	0x450
 638 01f1 FB010000 		.4byte	0x1fb
 639 01f5 0A       		.uleb128 0xa
 640 01f6 01       		.uleb128 0x1
 641 01f7 50       		.byte	0x50
 642 01f8 01       		.uleb128 0x1
 643 01f9 30       		.byte	0x30
 644 01fa 00       		.byte	0
 645 01fb 06       		.uleb128 0x6
 646 01fc 0C000000 		.4byte	.LVL17
 647 0200 5B040000 		.4byte	0x45b
 648 0204 0C       		.uleb128 0xc
 649 0205 12000000 		.4byte	.LVL18
 650 0209 66040000 		.4byte	0x466
 651 020d 17020000 		.4byte	0x217
 652 0211 0A       		.uleb128 0xa
 653 0212 01       		.uleb128 0x1
 654 0213 50       		.byte	0x50
 655 0214 01       		.uleb128 0x1
 656 0215 32       		.byte	0x32
 657 0216 00       		.byte	0
 658 0217 0C       		.uleb128 0xc
 659 0218 18000000 		.4byte	.LVL19
 660 021c 71040000 		.4byte	0x471
 661 0220 2A020000 		.4byte	0x22a
 662 0224 0A       		.uleb128 0xa
 663 0225 01       		.uleb128 0x1
 664 0226 50       		.byte	0x50
 665 0227 01       		.uleb128 0x1
 666 0228 30       		.byte	0x30
 667 0229 00       		.byte	0
 668 022a 06       		.uleb128 0x6
 669 022b 1C000000 		.4byte	.LVL20
 670 022f 7C040000 		.4byte	0x47c
 671 0233 00       		.byte	0
 672 0234 07       		.uleb128 0x7
 673 0235 88010000 		.4byte	.LASF23
 674 0239 01       		.byte	0x1
 675 023a 4F       		.byte	0x4f
 676 023b 00000000 		.4byte	.LFB38
 677 023f 1E000000 		.4byte	.LFE38-.LFB38
 678 0243 01       		.uleb128 0x1
 679 0244 9C       		.byte	0x9c
 680 0245 A0020000 		.4byte	0x2a0
 681 0249 0B       		.uleb128 0xb
 682 024a 92000000 		.4byte	.LASF25
 683 024e 01       		.byte	0x1
 684 024f 51       		.byte	0x51
ARM GAS  C:\Users\Usuario\AppData\Local\Temp\ccyllq5b.s 			page 15


 685 0250 6B000000 		.4byte	0x6b
 686 0254 0C       		.uleb128 0xc
 687 0255 08000000 		.4byte	.LVL21
 688 0259 50040000 		.4byte	0x450
 689 025d 67020000 		.4byte	0x267
 690 0261 0A       		.uleb128 0xa
 691 0262 01       		.uleb128 0x1
 692 0263 50       		.byte	0x50
 693 0264 01       		.uleb128 0x1
 694 0265 31       		.byte	0x31
 695 0266 00       		.byte	0
 696 0267 06       		.uleb128 0x6
 697 0268 0C000000 		.4byte	.LVL22
 698 026c 5B040000 		.4byte	0x45b
 699 0270 0C       		.uleb128 0xc
 700 0271 12000000 		.4byte	.LVL23
 701 0275 66040000 		.4byte	0x466
 702 0279 83020000 		.4byte	0x283
 703 027d 0A       		.uleb128 0xa
 704 027e 01       		.uleb128 0x1
 705 027f 50       		.byte	0x50
 706 0280 01       		.uleb128 0x1
 707 0281 32       		.byte	0x32
 708 0282 00       		.byte	0
 709 0283 0C       		.uleb128 0xc
 710 0284 18000000 		.4byte	.LVL24
 711 0288 71040000 		.4byte	0x471
 712 028c 96020000 		.4byte	0x296
 713 0290 0A       		.uleb128 0xa
 714 0291 01       		.uleb128 0x1
 715 0292 50       		.byte	0x50
 716 0293 01       		.uleb128 0x1
 717 0294 30       		.byte	0x30
 718 0295 00       		.byte	0
 719 0296 06       		.uleb128 0x6
 720 0297 1C000000 		.4byte	.LVL25
 721 029b 7C040000 		.4byte	0x47c
 722 029f 00       		.byte	0
 723 02a0 07       		.uleb128 0x7
 724 02a1 95020000 		.4byte	.LASF26
 725 02a5 01       		.byte	0x1
 726 02a6 59       		.byte	0x59
 727 02a7 00000000 		.4byte	.LFB39
 728 02ab 1E000000 		.4byte	.LFE39-.LFB39
 729 02af 01       		.uleb128 0x1
 730 02b0 9C       		.byte	0x9c
 731 02b1 0C030000 		.4byte	0x30c
 732 02b5 0B       		.uleb128 0xb
 733 02b6 98000000 		.4byte	.LASF27
 734 02ba 01       		.byte	0x1
 735 02bb 5B       		.byte	0x5b
 736 02bc 6B000000 		.4byte	0x6b
 737 02c0 0C       		.uleb128 0xc
 738 02c1 08000000 		.4byte	.LVL26
 739 02c5 50040000 		.4byte	0x450
 740 02c9 D3020000 		.4byte	0x2d3
 741 02cd 0A       		.uleb128 0xa
ARM GAS  C:\Users\Usuario\AppData\Local\Temp\ccyllq5b.s 			page 16


 742 02ce 01       		.uleb128 0x1
 743 02cf 50       		.byte	0x50
 744 02d0 01       		.uleb128 0x1
 745 02d1 32       		.byte	0x32
 746 02d2 00       		.byte	0
 747 02d3 06       		.uleb128 0x6
 748 02d4 0C000000 		.4byte	.LVL27
 749 02d8 5B040000 		.4byte	0x45b
 750 02dc 0C       		.uleb128 0xc
 751 02dd 12000000 		.4byte	.LVL28
 752 02e1 66040000 		.4byte	0x466
 753 02e5 EF020000 		.4byte	0x2ef
 754 02e9 0A       		.uleb128 0xa
 755 02ea 01       		.uleb128 0x1
 756 02eb 50       		.byte	0x50
 757 02ec 01       		.uleb128 0x1
 758 02ed 32       		.byte	0x32
 759 02ee 00       		.byte	0
 760 02ef 0C       		.uleb128 0xc
 761 02f0 18000000 		.4byte	.LVL29
 762 02f4 71040000 		.4byte	0x471
 763 02f8 02030000 		.4byte	0x302
 764 02fc 0A       		.uleb128 0xa
 765 02fd 01       		.uleb128 0x1
 766 02fe 50       		.byte	0x50
 767 02ff 01       		.uleb128 0x1
 768 0300 30       		.byte	0x30
 769 0301 00       		.byte	0
 770 0302 06       		.uleb128 0x6
 771 0303 1C000000 		.4byte	.LVL30
 772 0307 7C040000 		.4byte	0x47c
 773 030b 00       		.byte	0
 774 030c 07       		.uleb128 0x7
 775 030d 9A010000 		.4byte	.LASF28
 776 0311 01       		.byte	0x1
 777 0312 63       		.byte	0x63
 778 0313 00000000 		.4byte	.LFB40
 779 0317 50000000 		.4byte	.LFE40-.LFB40
 780 031b 01       		.uleb128 0x1
 781 031c 9C       		.byte	0x9c
 782 031d A2030000 		.4byte	0x3a2
 783 0321 0C       		.uleb128 0xc
 784 0322 08000000 		.4byte	.LVL31
 785 0326 50040000 		.4byte	0x450
 786 032a 34030000 		.4byte	0x334
 787 032e 0A       		.uleb128 0xa
 788 032f 01       		.uleb128 0x1
 789 0330 50       		.byte	0x50
 790 0331 01       		.uleb128 0x1
 791 0332 33       		.byte	0x33
 792 0333 00       		.byte	0
 793 0334 06       		.uleb128 0x6
 794 0335 0C000000 		.4byte	.LVL32
 795 0339 5B040000 		.4byte	0x45b
 796 033d 0C       		.uleb128 0xc
 797 033e 12000000 		.4byte	.LVL33
 798 0342 66040000 		.4byte	0x466
ARM GAS  C:\Users\Usuario\AppData\Local\Temp\ccyllq5b.s 			page 17


 799 0346 50030000 		.4byte	0x350
 800 034a 0A       		.uleb128 0xa
 801 034b 01       		.uleb128 0x1
 802 034c 50       		.byte	0x50
 803 034d 01       		.uleb128 0x1
 804 034e 32       		.byte	0x32
 805 034f 00       		.byte	0
 806 0350 0C       		.uleb128 0xc
 807 0351 18000000 		.4byte	.LVL34
 808 0355 71040000 		.4byte	0x471
 809 0359 63030000 		.4byte	0x363
 810 035d 0A       		.uleb128 0xa
 811 035e 01       		.uleb128 0x1
 812 035f 50       		.byte	0x50
 813 0360 01       		.uleb128 0x1
 814 0361 30       		.byte	0x30
 815 0362 00       		.byte	0
 816 0363 06       		.uleb128 0x6
 817 0364 20000000 		.4byte	.LVL35
 818 0368 7C040000 		.4byte	0x47c
 819 036c 0C       		.uleb128 0xc
 820 036d 2A000000 		.4byte	.LVL36
 821 0371 87040000 		.4byte	0x487
 822 0375 7F030000 		.4byte	0x37f
 823 0379 0A       		.uleb128 0xa
 824 037a 01       		.uleb128 0x1
 825 037b 50       		.byte	0x50
 826 037c 01       		.uleb128 0x1
 827 037d 30       		.byte	0x30
 828 037e 00       		.byte	0
 829 037f 0C       		.uleb128 0xc
 830 0380 3E000000 		.4byte	.LVL37
 831 0384 92040000 		.4byte	0x492
 832 0388 92030000 		.4byte	0x392
 833 038c 0A       		.uleb128 0xa
 834 038d 01       		.uleb128 0x1
 835 038e 50       		.byte	0x50
 836 038f 01       		.uleb128 0x1
 837 0390 31       		.byte	0x31
 838 0391 00       		.byte	0
 839 0392 09       		.uleb128 0x9
 840 0393 46000000 		.4byte	.LVL38
 841 0397 92040000 		.4byte	0x492
 842 039b 0A       		.uleb128 0xa
 843 039c 01       		.uleb128 0x1
 844 039d 50       		.byte	0x50
 845 039e 01       		.uleb128 0x1
 846 039f 30       		.byte	0x30
 847 03a0 00       		.byte	0
 848 03a1 00       		.byte	0
 849 03a2 0D       		.uleb128 0xd
 850 03a3 05000000 		.4byte	.LASF29
 851 03a7 01       		.byte	0x1
 852 03a8 11       		.byte	0x11
 853 03a9 6B000000 		.4byte	0x6b
 854 03ad 05       		.uleb128 0x5
 855 03ae 03       		.byte	0x3
ARM GAS  C:\Users\Usuario\AppData\Local\Temp\ccyllq5b.s 			page 18


 856 03af 00000000 		.4byte	valor3
 857 03b3 0D       		.uleb128 0xd
 858 03b4 9E000000 		.4byte	.LASF30
 859 03b8 01       		.byte	0x1
 860 03b9 11       		.byte	0x11
 861 03ba 6B000000 		.4byte	0x6b
 862 03be 05       		.uleb128 0x5
 863 03bf 03       		.byte	0x3
 864 03c0 00000000 		.4byte	conv3
 865 03c4 0E       		.uleb128 0xe
 866 03c5 B5000000 		.4byte	.LASF31
 867 03c9 B5000000 		.4byte	.LASF31
 868 03cd 02       		.byte	0x2
 869 03ce 72       		.byte	0x72
 870 03cf 0F       		.uleb128 0xf
 871 03d0 6F000000 		.4byte	.LASF32
 872 03d4 6F000000 		.4byte	.LASF32
 873 03d8 03       		.byte	0x3
 874 03d9 3201     		.2byte	0x132
 875 03db 0F       		.uleb128 0xf
 876 03dc D2000000 		.4byte	.LASF33
 877 03e0 D2000000 		.4byte	.LASF33
 878 03e4 04       		.byte	0x4
 879 03e5 3201     		.2byte	0x132
 880 03e7 0F       		.uleb128 0xf
 881 03e8 78010000 		.4byte	.LASF34
 882 03ec 78010000 		.4byte	.LASF34
 883 03f0 05       		.byte	0x5
 884 03f1 3201     		.2byte	0x132
 885 03f3 0F       		.uleb128 0xf
 886 03f4 C5010000 		.4byte	.LASF35
 887 03f8 C5010000 		.4byte	.LASF35
 888 03fc 06       		.byte	0x6
 889 03fd 3201     		.2byte	0x132
 890 03ff 0E       		.uleb128 0xe
 891 0400 0C000000 		.4byte	.LASF36
 892 0404 0C000000 		.4byte	.LASF36
 893 0408 07       		.byte	0x7
 894 0409 23       		.byte	0x23
 895 040a 0E       		.uleb128 0xe
 896 040b A4020000 		.4byte	.LASF37
 897 040f A4020000 		.4byte	.LASF37
 898 0413 08       		.byte	0x8
 899 0414 99       		.byte	0x99
 900 0415 0E       		.uleb128 0xe
 901 0416 18000000 		.4byte	.LASF38
 902 041a 18000000 		.4byte	.LASF38
 903 041e 09       		.byte	0x9
 904 041f 25       		.byte	0x25
 905 0420 0F       		.uleb128 0xf
 906 0421 C0000000 		.4byte	.LASF39
 907 0425 C0000000 		.4byte	.LASF39
 908 0429 03       		.byte	0x3
 909 042a 5501     		.2byte	0x155
 910 042c 0F       		.uleb128 0xf
 911 042d 4F000000 		.4byte	.LASF40
 912 0431 4F000000 		.4byte	.LASF40
ARM GAS  C:\Users\Usuario\AppData\Local\Temp\ccyllq5b.s 			page 19


 913 0435 04       		.byte	0x4
 914 0436 5501     		.2byte	0x155
 915 0438 0F       		.uleb128 0xf
 916 0439 ED000000 		.4byte	.LASF41
 917 043d ED000000 		.4byte	.LASF41
 918 0441 05       		.byte	0x5
 919 0442 5501     		.2byte	0x155
 920 0444 0F       		.uleb128 0xf
 921 0445 32030000 		.4byte	.LASF42
 922 0449 32030000 		.4byte	.LASF42
 923 044d 06       		.byte	0x6
 924 044e 5501     		.2byte	0x155
 925 0450 0E       		.uleb128 0xe
 926 0451 E7020000 		.4byte	.LASF43
 927 0455 E7020000 		.4byte	.LASF43
 928 0459 09       		.byte	0x9
 929 045a 27       		.byte	0x27
 930 045b 0E       		.uleb128 0xe
 931 045c A4000000 		.4byte	.LASF44
 932 0460 A4000000 		.4byte	.LASF44
 933 0464 08       		.byte	0x8
 934 0465 9D       		.byte	0x9d
 935 0466 0E       		.uleb128 0xe
 936 0467 C7020000 		.4byte	.LASF45
 937 046b C7020000 		.4byte	.LASF45
 938 046f 08       		.byte	0x8
 939 0470 9F       		.byte	0x9f
 940 0471 0E       		.uleb128 0xe
 941 0472 DD000000 		.4byte	.LASF46
 942 0476 DD000000 		.4byte	.LASF46
 943 047a 08       		.byte	0x8
 944 047b A0       		.byte	0xa0
 945 047c 0E       		.uleb128 0xe
 946 047d AE020000 		.4byte	.LASF47
 947 0481 AE020000 		.4byte	.LASF47
 948 0485 08       		.byte	0x8
 949 0486 9E       		.byte	0x9e
 950 0487 0E       		.uleb128 0xe
 951 0488 D0010000 		.4byte	.LASF48
 952 048c D0010000 		.4byte	.LASF48
 953 0490 08       		.byte	0x8
 954 0491 AC       		.byte	0xac
 955 0492 0E       		.uleb128 0xe
 956 0493 F7020000 		.4byte	.LASF49
 957 0497 F7020000 		.4byte	.LASF49
 958 049b 0A       		.byte	0xa
 959 049c 33       		.byte	0x33
 960 049d 00       		.byte	0
 961              		.section	.debug_abbrev,"",%progbits
 962              	.Ldebug_abbrev0:
 963 0000 01       		.uleb128 0x1
 964 0001 11       		.uleb128 0x11
 965 0002 01       		.byte	0x1
 966 0003 25       		.uleb128 0x25
 967 0004 0E       		.uleb128 0xe
 968 0005 13       		.uleb128 0x13
 969 0006 0B       		.uleb128 0xb
ARM GAS  C:\Users\Usuario\AppData\Local\Temp\ccyllq5b.s 			page 20


 970 0007 03       		.uleb128 0x3
 971 0008 0E       		.uleb128 0xe
 972 0009 1B       		.uleb128 0x1b
 973 000a 0E       		.uleb128 0xe
 974 000b 55       		.uleb128 0x55
 975 000c 17       		.uleb128 0x17
 976 000d 11       		.uleb128 0x11
 977 000e 01       		.uleb128 0x1
 978 000f 10       		.uleb128 0x10
 979 0010 17       		.uleb128 0x17
 980 0011 00       		.byte	0
 981 0012 00       		.byte	0
 982 0013 02       		.uleb128 0x2
 983 0014 24       		.uleb128 0x24
 984 0015 00       		.byte	0
 985 0016 0B       		.uleb128 0xb
 986 0017 0B       		.uleb128 0xb
 987 0018 3E       		.uleb128 0x3e
 988 0019 0B       		.uleb128 0xb
 989 001a 03       		.uleb128 0x3
 990 001b 0E       		.uleb128 0xe
 991 001c 00       		.byte	0
 992 001d 00       		.byte	0
 993 001e 03       		.uleb128 0x3
 994 001f 24       		.uleb128 0x24
 995 0020 00       		.byte	0
 996 0021 0B       		.uleb128 0xb
 997 0022 0B       		.uleb128 0xb
 998 0023 3E       		.uleb128 0x3e
 999 0024 0B       		.uleb128 0xb
 1000 0025 03       		.uleb128 0x3
 1001 0026 08       		.uleb128 0x8
 1002 0027 00       		.byte	0
 1003 0028 00       		.byte	0
 1004 0029 04       		.uleb128 0x4
 1005 002a 16       		.uleb128 0x16
 1006 002b 00       		.byte	0
 1007 002c 03       		.uleb128 0x3
 1008 002d 0E       		.uleb128 0xe
 1009 002e 3A       		.uleb128 0x3a
 1010 002f 0B       		.uleb128 0xb
 1011 0030 3B       		.uleb128 0x3b
 1012 0031 05       		.uleb128 0x5
 1013 0032 49       		.uleb128 0x49
 1014 0033 13       		.uleb128 0x13
 1015 0034 00       		.byte	0
 1016 0035 00       		.byte	0
 1017 0036 05       		.uleb128 0x5
 1018 0037 2E       		.uleb128 0x2e
 1019 0038 01       		.byte	0x1
 1020 0039 3F       		.uleb128 0x3f
 1021 003a 19       		.uleb128 0x19
 1022 003b 03       		.uleb128 0x3
 1023 003c 0E       		.uleb128 0xe
 1024 003d 3A       		.uleb128 0x3a
 1025 003e 0B       		.uleb128 0xb
 1026 003f 3B       		.uleb128 0x3b
ARM GAS  C:\Users\Usuario\AppData\Local\Temp\ccyllq5b.s 			page 21


 1027 0040 0B       		.uleb128 0xb
 1028 0041 27       		.uleb128 0x27
 1029 0042 19       		.uleb128 0x19
 1030 0043 49       		.uleb128 0x49
 1031 0044 13       		.uleb128 0x13
 1032 0045 8701     		.uleb128 0x87
 1033 0047 19       		.uleb128 0x19
 1034 0048 11       		.uleb128 0x11
 1035 0049 01       		.uleb128 0x1
 1036 004a 12       		.uleb128 0x12
 1037 004b 06       		.uleb128 0x6
 1038 004c 40       		.uleb128 0x40
 1039 004d 18       		.uleb128 0x18
 1040 004e 9742     		.uleb128 0x2117
 1041 0050 19       		.uleb128 0x19
 1042 0051 01       		.uleb128 0x1
 1043 0052 13       		.uleb128 0x13
 1044 0053 00       		.byte	0
 1045 0054 00       		.byte	0
 1046 0055 06       		.uleb128 0x6
 1047 0056 898201   		.uleb128 0x4109
 1048 0059 00       		.byte	0
 1049 005a 11       		.uleb128 0x11
 1050 005b 01       		.uleb128 0x1
 1051 005c 31       		.uleb128 0x31
 1052 005d 13       		.uleb128 0x13
 1053 005e 00       		.byte	0
 1054 005f 00       		.byte	0
 1055 0060 07       		.uleb128 0x7
 1056 0061 2E       		.uleb128 0x2e
 1057 0062 01       		.byte	0x1
 1058 0063 3F       		.uleb128 0x3f
 1059 0064 19       		.uleb128 0x19
 1060 0065 03       		.uleb128 0x3
 1061 0066 0E       		.uleb128 0xe
 1062 0067 3A       		.uleb128 0x3a
 1063 0068 0B       		.uleb128 0xb
 1064 0069 3B       		.uleb128 0x3b
 1065 006a 0B       		.uleb128 0xb
 1066 006b 11       		.uleb128 0x11
 1067 006c 01       		.uleb128 0x1
 1068 006d 12       		.uleb128 0x12
 1069 006e 06       		.uleb128 0x6
 1070 006f 40       		.uleb128 0x40
 1071 0070 18       		.uleb128 0x18
 1072 0071 9742     		.uleb128 0x2117
 1073 0073 19       		.uleb128 0x19
 1074 0074 01       		.uleb128 0x1
 1075 0075 13       		.uleb128 0x13
 1076 0076 00       		.byte	0
 1077 0077 00       		.byte	0
 1078 0078 08       		.uleb128 0x8
 1079 0079 34       		.uleb128 0x34
 1080 007a 00       		.byte	0
 1081 007b 03       		.uleb128 0x3
 1082 007c 0E       		.uleb128 0xe
 1083 007d 3A       		.uleb128 0x3a
ARM GAS  C:\Users\Usuario\AppData\Local\Temp\ccyllq5b.s 			page 22


 1084 007e 0B       		.uleb128 0xb
 1085 007f 3B       		.uleb128 0x3b
 1086 0080 0B       		.uleb128 0xb
 1087 0081 49       		.uleb128 0x49
 1088 0082 13       		.uleb128 0x13
 1089 0083 1C       		.uleb128 0x1c
 1090 0084 0B       		.uleb128 0xb
 1091 0085 00       		.byte	0
 1092 0086 00       		.byte	0
 1093 0087 09       		.uleb128 0x9
 1094 0088 898201   		.uleb128 0x4109
 1095 008b 01       		.byte	0x1
 1096 008c 11       		.uleb128 0x11
 1097 008d 01       		.uleb128 0x1
 1098 008e 31       		.uleb128 0x31
 1099 008f 13       		.uleb128 0x13
 1100 0090 00       		.byte	0
 1101 0091 00       		.byte	0
 1102 0092 0A       		.uleb128 0xa
 1103 0093 8A8201   		.uleb128 0x410a
 1104 0096 00       		.byte	0
 1105 0097 02       		.uleb128 0x2
 1106 0098 18       		.uleb128 0x18
 1107 0099 9142     		.uleb128 0x2111
 1108 009b 18       		.uleb128 0x18
 1109 009c 00       		.byte	0
 1110 009d 00       		.byte	0
 1111 009e 0B       		.uleb128 0xb
 1112 009f 34       		.uleb128 0x34
 1113 00a0 00       		.byte	0
 1114 00a1 03       		.uleb128 0x3
 1115 00a2 0E       		.uleb128 0xe
 1116 00a3 3A       		.uleb128 0x3a
 1117 00a4 0B       		.uleb128 0xb
 1118 00a5 3B       		.uleb128 0x3b
 1119 00a6 0B       		.uleb128 0xb
 1120 00a7 49       		.uleb128 0x49
 1121 00a8 13       		.uleb128 0x13
 1122 00a9 00       		.byte	0
 1123 00aa 00       		.byte	0
 1124 00ab 0C       		.uleb128 0xc
 1125 00ac 898201   		.uleb128 0x4109
 1126 00af 01       		.byte	0x1
 1127 00b0 11       		.uleb128 0x11
 1128 00b1 01       		.uleb128 0x1
 1129 00b2 31       		.uleb128 0x31
 1130 00b3 13       		.uleb128 0x13
 1131 00b4 01       		.uleb128 0x1
 1132 00b5 13       		.uleb128 0x13
 1133 00b6 00       		.byte	0
 1134 00b7 00       		.byte	0
 1135 00b8 0D       		.uleb128 0xd
 1136 00b9 34       		.uleb128 0x34
 1137 00ba 00       		.byte	0
 1138 00bb 03       		.uleb128 0x3
 1139 00bc 0E       		.uleb128 0xe
 1140 00bd 3A       		.uleb128 0x3a
ARM GAS  C:\Users\Usuario\AppData\Local\Temp\ccyllq5b.s 			page 23


 1141 00be 0B       		.uleb128 0xb
 1142 00bf 3B       		.uleb128 0x3b
 1143 00c0 0B       		.uleb128 0xb
 1144 00c1 49       		.uleb128 0x49
 1145 00c2 13       		.uleb128 0x13
 1146 00c3 3F       		.uleb128 0x3f
 1147 00c4 19       		.uleb128 0x19
 1148 00c5 02       		.uleb128 0x2
 1149 00c6 18       		.uleb128 0x18
 1150 00c7 00       		.byte	0
 1151 00c8 00       		.byte	0
 1152 00c9 0E       		.uleb128 0xe
 1153 00ca 2E       		.uleb128 0x2e
 1154 00cb 00       		.byte	0
 1155 00cc 3F       		.uleb128 0x3f
 1156 00cd 19       		.uleb128 0x19
 1157 00ce 3C       		.uleb128 0x3c
 1158 00cf 19       		.uleb128 0x19
 1159 00d0 6E       		.uleb128 0x6e
 1160 00d1 0E       		.uleb128 0xe
 1161 00d2 03       		.uleb128 0x3
 1162 00d3 0E       		.uleb128 0xe
 1163 00d4 3A       		.uleb128 0x3a
 1164 00d5 0B       		.uleb128 0xb
 1165 00d6 3B       		.uleb128 0x3b
 1166 00d7 0B       		.uleb128 0xb
 1167 00d8 00       		.byte	0
 1168 00d9 00       		.byte	0
 1169 00da 0F       		.uleb128 0xf
 1170 00db 2E       		.uleb128 0x2e
 1171 00dc 00       		.byte	0
 1172 00dd 3F       		.uleb128 0x3f
 1173 00de 19       		.uleb128 0x19
 1174 00df 3C       		.uleb128 0x3c
 1175 00e0 19       		.uleb128 0x19
 1176 00e1 6E       		.uleb128 0x6e
 1177 00e2 0E       		.uleb128 0xe
 1178 00e3 03       		.uleb128 0x3
 1179 00e4 0E       		.uleb128 0xe
 1180 00e5 3A       		.uleb128 0x3a
 1181 00e6 0B       		.uleb128 0xb
 1182 00e7 3B       		.uleb128 0x3b
 1183 00e8 05       		.uleb128 0x5
 1184 00e9 00       		.byte	0
 1185 00ea 00       		.byte	0
 1186 00eb 00       		.byte	0
 1187              		.section	.debug_aranges,"",%progbits
 1188 0000 5C000000 		.4byte	0x5c
 1189 0004 0200     		.2byte	0x2
 1190 0006 00000000 		.4byte	.Ldebug_info0
 1191 000a 04       		.byte	0x4
 1192 000b 00       		.byte	0
 1193 000c 0000     		.2byte	0
 1194 000e 0000     		.2byte	0
 1195 0010 00000000 		.4byte	.LFB32
 1196 0014 26000000 		.4byte	.LFE32-.LFB32
 1197 0018 00000000 		.4byte	.LFB33
ARM GAS  C:\Users\Usuario\AppData\Local\Temp\ccyllq5b.s 			page 24


 1198 001c 10000000 		.4byte	.LFE33-.LFB33
 1199 0020 00000000 		.4byte	.LFB34
 1200 0024 10000000 		.4byte	.LFE34-.LFB34
 1201 0028 00000000 		.4byte	.LFB35
 1202 002c 10000000 		.4byte	.LFE35-.LFB35
 1203 0030 00000000 		.4byte	.LFB36
 1204 0034 10000000 		.4byte	.LFE36-.LFB36
 1205 0038 00000000 		.4byte	.LFB37
 1206 003c 1E000000 		.4byte	.LFE37-.LFB37
 1207 0040 00000000 		.4byte	.LFB38
 1208 0044 1E000000 		.4byte	.LFE38-.LFB38
 1209 0048 00000000 		.4byte	.LFB39
 1210 004c 1E000000 		.4byte	.LFE39-.LFB39
 1211 0050 00000000 		.4byte	.LFB40
 1212 0054 50000000 		.4byte	.LFE40-.LFB40
 1213 0058 00000000 		.4byte	0
 1214 005c 00000000 		.4byte	0
 1215              		.section	.debug_ranges,"",%progbits
 1216              	.Ldebug_ranges0:
 1217 0000 00000000 		.4byte	.LFB32
 1218 0004 26000000 		.4byte	.LFE32
 1219 0008 00000000 		.4byte	.LFB33
 1220 000c 10000000 		.4byte	.LFE33
 1221 0010 00000000 		.4byte	.LFB34
 1222 0014 10000000 		.4byte	.LFE34
 1223 0018 00000000 		.4byte	.LFB35
 1224 001c 10000000 		.4byte	.LFE35
 1225 0020 00000000 		.4byte	.LFB36
 1226 0024 10000000 		.4byte	.LFE36
 1227 0028 00000000 		.4byte	.LFB37
 1228 002c 1E000000 		.4byte	.LFE37
 1229 0030 00000000 		.4byte	.LFB38
 1230 0034 1E000000 		.4byte	.LFE38
 1231 0038 00000000 		.4byte	.LFB39
 1232 003c 1E000000 		.4byte	.LFE39
 1233 0040 00000000 		.4byte	.LFB40
 1234 0044 50000000 		.4byte	.LFE40
 1235 0048 00000000 		.4byte	0
 1236 004c 00000000 		.4byte	0
 1237              		.section	.debug_line,"",%progbits
 1238              	.Ldebug_line0:
 1239 0000 5F010000 		.section	.debug_str,"MS",%progbits,1
 1239      02009B00 
 1239      00000201 
 1239      FB0E0D00 
 1239      01010101 
 1240              	.LASF14:
 1241 0000 50574D30 		.ascii	"PWM0\000"
 1241      00
 1242              	.LASF29:
 1243 0005 76616C6F 		.ascii	"valor3\000"
 1243      723300
 1244              	.LASF36:
 1245 000c 636C6F63 		.ascii	"clock_Start\000"
 1245      6B5F5374 
 1245      61727400 
 1246              	.LASF38:
ARM GAS  C:\Users\Usuario\AppData\Local\Temp\ccyllq5b.s 			page 25


 1247 0018 616D7578 		.ascii	"amux_Start\000"
 1247      5F537461 
 1247      727400
 1248              	.LASF3:
 1249 0023 73686F72 		.ascii	"short unsigned int\000"
 1249      7420756E 
 1249      7369676E 
 1249      65642069 
 1249      6E7400
 1250              	.LASF10:
 1251 0036 646F7562 		.ascii	"double\000"
 1251      6C6500
 1252              	.LASF9:
 1253 003d 666C6F61 		.ascii	"float\000"
 1253      7400
 1254              	.LASF0:
 1255 0043 7369676E 		.ascii	"signed char\000"
 1255      65642063 
 1255      68617200 
 1256              	.LASF40:
 1257 004f 70776D31 		.ascii	"pwm1_WriteCompare\000"
 1257      5F577269 
 1257      7465436F 
 1257      6D706172 
 1257      6500
 1258              	.LASF1:
 1259 0061 756E7369 		.ascii	"unsigned char\000"
 1259      676E6564 
 1259      20636861 
 1259      7200
 1260              	.LASF32:
 1261 006f 70776D30 		.ascii	"pwm0_Start\000"
 1261      5F537461 
 1261      727400
 1262              	.LASF5:
 1263 007a 6C6F6E67 		.ascii	"long unsigned int\000"
 1263      20756E73 
 1263      69676E65 
 1263      6420696E 
 1263      7400
 1264              	.LASF24:
 1265 008c 636F6E76 		.ascii	"conv0\000"
 1265      3000
 1266              	.LASF25:
 1267 0092 636F6E76 		.ascii	"conv1\000"
 1267      3100
 1268              	.LASF27:
 1269 0098 636F6E76 		.ascii	"conv2\000"
 1269      3200
 1270              	.LASF30:
 1271 009e 636F6E76 		.ascii	"conv3\000"
 1271      3300
 1272              	.LASF44:
 1273 00a4 6164635F 		.ascii	"adc_StartConvert\000"
 1273      53746172 
 1273      74436F6E 
 1273      76657274 
ARM GAS  C:\Users\Usuario\AppData\Local\Temp\ccyllq5b.s 			page 26


 1273      00
 1274              	.LASF31:
 1275 00b5 75617274 		.ascii	"uart_Start\000"
 1275      5F537461 
 1275      727400
 1276              	.LASF39:
 1277 00c0 70776D30 		.ascii	"pwm0_WriteCompare\000"
 1277      5F577269 
 1277      7465436F 
 1277      6D706172 
 1277      6500
 1278              	.LASF33:
 1279 00d2 70776D31 		.ascii	"pwm1_Start\000"
 1279      5F537461 
 1279      727400
 1280              	.LASF46:
 1281 00dd 6164635F 		.ascii	"adc_GetResult16\000"
 1281      47657452 
 1281      6573756C 
 1281      74313600 
 1282              	.LASF41:
 1283 00ed 70776D32 		.ascii	"pwm2_WriteCompare\000"
 1283      5F577269 
 1283      7465436F 
 1283      6D706172 
 1283      6500
 1284              	.LASF54:
 1285 00ff 6D61696E 		.ascii	"main\000"
 1285      00
 1286              	.LASF53:
 1287 0104 75696E74 		.ascii	"uint16\000"
 1287      313600
 1288              	.LASF52:
 1289 010b 443A5C44 		.ascii	"D:\\Documentos\\UD\\2023-3\\Proyecto de grado\\aixt"
 1289      6F63756D 
 1289      656E746F 
 1289      735C5544 
 1289      5C323032 
 1290 0139 2D702D73 		.ascii	"-p-so-c-4\\ports\\Cypress\\CY8CKIT-049-42XX\\Config"
 1290      6F2D632D 
 1290      345C706F 
 1290      7274735C 
 1290      43797072 
 1291 0168 20477261 		.ascii	" Gral 049.cydsn\000"
 1291      6C203034 
 1291      392E6379 
 1291      64736E00 
 1292              	.LASF34:
 1293 0178 70776D32 		.ascii	"pwm2_Start\000"
 1293      5F537461 
 1293      727400
 1294              	.LASF22:
 1295 0183 41444330 		.ascii	"ADC0\000"
 1295      00
 1296              	.LASF23:
 1297 0188 41444331 		.ascii	"ADC1\000"
 1297      00
ARM GAS  C:\Users\Usuario\AppData\Local\Temp\ccyllq5b.s 			page 27


 1298              	.LASF8:
 1299 018d 756E7369 		.ascii	"unsigned int\000"
 1299      676E6564 
 1299      20696E74 
 1299      00
 1300              	.LASF28:
 1301 019a 41444333 		.ascii	"ADC3\000"
 1301      00
 1302              	.LASF7:
 1303 019f 6C6F6E67 		.ascii	"long long unsigned int\000"
 1303      206C6F6E 
 1303      6720756E 
 1303      7369676E 
 1303      65642069 
 1304              	.LASF15:
 1305 01b6 50574D31 		.ascii	"PWM1\000"
 1305      00
 1306              	.LASF18:
 1307 01bb 50574D32 		.ascii	"PWM2\000"
 1307      00
 1308              	.LASF20:
 1309 01c0 50574D33 		.ascii	"PWM3\000"
 1309      00
 1310              	.LASF35:
 1311 01c5 70776D33 		.ascii	"pwm3_Start\000"
 1311      5F537461 
 1311      727400
 1312              	.LASF48:
 1313 01d0 6164635F 		.ascii	"adc_CountsTo_mVolts\000"
 1313      436F756E 
 1313      7473546F 
 1313      5F6D566F 
 1313      6C747300 
 1314              	.LASF50:
 1315 01e4 474E5520 		.ascii	"GNU C11 5.4.1 20160609 (release) [ARM/embedded-5-br"
 1315      43313120 
 1315      352E342E 
 1315      31203230 
 1315      31363036 
 1316 0217 616E6368 		.ascii	"anch revision 237715] -mcpu=cortex-m0 -mthumb -g -O"
 1316      20726576 
 1316      6973696F 
 1316      6E203233 
 1316      37373135 
 1317 024a 67202D66 		.ascii	"g -ffunction-sections -ffat-lto-objects\000"
 1317      66756E63 
 1317      74696F6E 
 1317      2D736563 
 1317      74696F6E 
 1318              	.LASF13:
 1319 0272 73697A65 		.ascii	"sizetype\000"
 1319      74797065 
 1319      00
 1320              	.LASF6:
 1321 027b 6C6F6E67 		.ascii	"long long int\000"
 1321      206C6F6E 
 1321      6720696E 
ARM GAS  C:\Users\Usuario\AppData\Local\Temp\ccyllq5b.s 			page 28


 1321      7400
 1322              	.LASF51:
 1323 0289 6D61696E 		.ascii	"main.c\000"
 1323      2E6300
 1324              	.LASF11:
 1325 0290 63686172 		.ascii	"char\000"
 1325      00
 1326              	.LASF26:
 1327 0295 41444332 		.ascii	"ADC2\000"
 1327      00
 1328              	.LASF2:
 1329 029a 73686F72 		.ascii	"short int\000"
 1329      7420696E 
 1329      7400
 1330              	.LASF37:
 1331 02a4 6164635F 		.ascii	"adc_Start\000"
 1331      53746172 
 1331      7400
 1332              	.LASF47:
 1333 02ae 6164635F 		.ascii	"adc_StopConvert\000"
 1333      53746F70 
 1333      436F6E76 
 1333      65727400 
 1334              	.LASF4:
 1335 02be 6C6F6E67 		.ascii	"long int\000"
 1335      20696E74 
 1335      00
 1336              	.LASF45:
 1337 02c7 6164635F 		.ascii	"adc_IsEndConversion\000"
 1337      4973456E 
 1337      64436F6E 
 1337      76657273 
 1337      696F6E00 
 1338              	.LASF12:
 1339 02db 6C6F6E67 		.ascii	"long double\000"
 1339      20646F75 
 1339      626C6500 
 1340              	.LASF43:
 1341 02e7 616D7578 		.ascii	"amux_FastSelect\000"
 1341      5F466173 
 1341      7453656C 
 1341      65637400 
 1342              	.LASF49:
 1343 02f7 6C656431 		.ascii	"led1_Write\000"
 1343      5F577269 
 1343      746500
 1344              	.LASF16:
 1345 0302 6369636C 		.ascii	"ciclo_util0\000"
 1345      6F5F7574 
 1345      696C3000 
 1346              	.LASF17:
 1347 030e 6369636C 		.ascii	"ciclo_util1\000"
 1347      6F5F7574 
 1347      696C3100 
 1348              	.LASF19:
 1349 031a 6369636C 		.ascii	"ciclo_util2\000"
 1349      6F5F7574 
ARM GAS  C:\Users\Usuario\AppData\Local\Temp\ccyllq5b.s 			page 29


 1349      696C3200 
 1350              	.LASF21:
 1351 0326 6369636C 		.ascii	"ciclo_util3\000"
 1351      6F5F7574 
 1351      696C3300 
 1352              	.LASF42:
 1353 0332 70776D33 		.ascii	"pwm3_WriteCompare\000"
 1353      5F577269 
 1353      7465436F 
 1353      6D706172 
 1353      6500
 1354              		.ident	"GCC: (GNU Tools for ARM Embedded Processors) 5.4.1 20160609 (release) [ARM/embedded-5-bran
