

Microchip MPLAB XC8 Assembler V2.41 build 20230208172133 
                                                                                               Mon Mar 18 16:50:04 2024

Microchip MPLAB XC8 C Compiler v2.41 (Free license) build 20230208172133 Og1 
     1                           	processor	16F676
     2                           	pagewidth 120
     3                           	opt	flic
     4                           	psect	cinit,global,class=CODE,merge=1,delta=2
     5                           	psect	cstackCOMMON,global,class=COMMON,space=1,delta=1,noexec
     6                           	psect	cstackBANK0,global,class=BANK0,space=1,delta=1,noexec
     7                           	psect	maintext,global,class=CODE,split=1,delta=2
     8                           	psect	text1,local,class=CODE,merge=1,delta=2
     9                           	psect	text2,local,class=CODE,merge=1,delta=2
    10                           	psect	text3,local,class=CODE,merge=1,delta=2
    11                           	psect	text4,local,class=CODE,merge=1,delta=2
    12                           	psect	config,global,abs,ovrld,class=CONFIG,space=4,delta=2,noexec
    13                           	dabs	1,0x5E,2
    14     0000                     
    15                           ; Generated 22/03/2023 GMT
    16                           ; 
    17                           ; Copyright © 2023, Microchip Technology Inc. and its subsidiaries ("Microchip")
    18                           ; All rights reserved.
    19                           ; 
    20                           ; This software is developed by Microchip Technology Inc. and its subsidiaries ("Microch
      +                          ip").
    21                           ; 
    22                           ; Redistribution and use in source and binary forms, with or without modification, are
    23                           ; permitted provided that the following conditions are met:
    24                           ; 
    25                           ;     1. Redistributions of source code must retain the above copyright notice, this lis
      +                          t of
    26                           ;        conditions and the following disclaimer.
    27                           ; 
    28                           ;     2. Redistributions in binary form must reproduce the above copyright notice, this 
      +                          list
    29                           ;        of conditions and the following disclaimer in the documentation and/or other
    30                           ;        materials provided with the distribution. Publication is not required when
    31                           ;        this file is used in an embedded application.
    32                           ; 
    33                           ;     3. Microchip's name may not be used to endorse or promote products derived from th
      +                          is
    34                           ;        software without specific prior written permission.
    35                           ; 
    36                           ; THIS SOFTWARE IS PROVIDED BY MICROCHIP "AS IS" AND ANY EXPRESS OR IMPLIED WARRANTIES,
    37                           ; INCLUDING, BUT NOT LIMITED TO, THE IMPLIED WARRANTIES OF MERCHANTABILITY AND FITNESS F
      +                          OR
    38                           ; PURPOSE ARE DISCLAIMED.  IN NO EVENT SHALL MICROCHIP BE LIABLE FOR ANY DIRECT, INDIREC
      +                          T,
    39                           ; INCIDENTAL, SPECIAL, EXEMPLARY, OR CONSEQUENTIAL DAMAGES (INCLUDING BUT NOT LIMITED TO
    40                           ; PROCUREMENT OF SUBSTITUTE GOODS OR SERVICES; LOSS OF USE, DATA OR PROFITS; OR BUSINESS
    41                           ; INTERRUPTION) HOWSOEVER CAUSED AND ON ANY THEORY OF LIABILITY, WHETHER IN CONTRACT, ST
      +                          RICT
    42                           ; LIABILITY, OR TORT (INCLUDING NEGLIGENCE OR OTHERWISE) ARISING IN ANY WAY OUT OF THE U
      +                          SE OF
    43                           ; THIS SOFTWARE, EVEN IF ADVISED OF THE POSSIBILITY OF SUCH DAMAGE.
    44                           ; 
    45                           ; 
    46                           ; Code-generator required, PIC16F676 Definitions
    47                           ; 
    48                           ; SFR Addresses
    49     0000                     	;# 
    50     0001                     	;# 
    51     0002                     	;# 
    52     0003                     	;# 
    53     0004                     	;# 
    54     0005                     	;# 
    55     0007                     	;# 
    56     000A                     	;# 
    57     000B                     	;# 
    58     000C                     	;# 
    59     000E                     	;# 
    60     000E                     	;# 
    61     000F                     	;# 
    62     0010                     	;# 
    63     0019                     	;# 
    64     001E                     	;# 
    65     001F                     	;# 
    66     0081                     	;# 
    67     0085                     	;# 
    68     0087                     	;# 
    69     008C                     	;# 
    70     008E                     	;# 
    71     0090                     	;# 
    72     0091                     	;# 
    73     0095                     	;# 
    74     0095                     	;# 
    75     0096                     	;# 
    76     0096                     	;# 
    77     0099                     	;# 
    78     009A                     	;# 
    79     009A                     	;# 
    80     009B                     	;# 
    81     009C                     	;# 
    82     009D                     	;# 
    83     009E                     	;# 
    84     009F                     	;# 
    85     0000                     	;# 
    86     0001                     	;# 
    87     0002                     	;# 
    88     0003                     	;# 
    89     0004                     	;# 
    90     0005                     	;# 
    91     0007                     	;# 
    92     000A                     	;# 
    93     000B                     	;# 
    94     000C                     	;# 
    95     000E                     	;# 
    96     000E                     	;# 
    97     000F                     	;# 
    98     0010                     	;# 
    99     0019                     	;# 
   100     001E                     	;# 
   101     001F                     	;# 
   102     0081                     	;# 
   103     0085                     	;# 
   104     0087                     	;# 
   105     008C                     	;# 
   106     008E                     	;# 
   107     0090                     	;# 
   108     0091                     	;# 
   109     0095                     	;# 
   110     0095                     	;# 
   111     0096                     	;# 
   112     0096                     	;# 
   113     0099                     	;# 
   114     009A                     	;# 
   115     009A                     	;# 
   116     009B                     	;# 
   117     009C                     	;# 
   118     009D                     	;# 
   119     009E                     	;# 
   120     009F                     	;# 
   121     001F                     _ADCON0	set	31
   122     0007                     _PORTCbits	set	7
   123     001F                     _ADCON0bits	set	31
   124     009F                     _ADCON1	set	159
   125     0091                     _ANSEL	set	145
   126     0087                     _TRISCbits	set	135
   127     009E                     _ADRESL	set	158
   128                           
   129                           	psect	cinit
   130     03FD                     start_initialization:	
   131                           ; #config settings
   132                           
   133     03FD                     __initialization:
   134     03FD                     end_of_initialization:	
   135                           ;End of C runtime variable initialization code
   136                           
   137     03FD                     __end_of__initialization:
   138     03FD  0183               	clrf	3
   139     03FE  2B6E               	ljmp	_main	;jump to C main() function
   140                           
   141                           	psect	cstackCOMMON
   142     0000                     __pcstackCOMMON:
   143     0000                     ??_adc__init:
   144     0000                     ??_pin__init:	
   145                           ; 1 bytes @ 0x0
   146                           
   147     0000                     ??_main__init:	
   148                           ; 1 bytes @ 0x0
   149                           
   150     0000                     ??_main:	
   151                           ; 1 bytes @ 0x0
   152                           
   153                           
   154                           	psect	cstackBANK0
   155     0020                     __pcstackBANK0:	
   156                           ; 1 bytes @ 0x0
   157                           
   158     0020                     ?_adc__init:
   159     0020                     ?_pin__init:	
   160                           ; 1 bytes @ 0x0
   161                           
   162     0020                     ?_main__init:	
   163                           ; 1 bytes @ 0x0
   164                           
   165     0020                     ?_adc__read:	
   166                           ; 1 bytes @ 0x0
   167                           
   168     0020                     ??_adc__read:	
   169                           ; 1 bytes @ 0x0
   170                           
   171     0020                     ?_main:	
   172                           ; 1 bytes @ 0x0
   173                           
   174                           
   175                           ; 1 bytes @ 0x0
   176     0020                     	ds	1
   177     0021                     adc__read@channel:
   178                           
   179                           ; 1 bytes @ 0x1
   180     0021                     	ds	1
   181     0022                     main@x:
   182                           
   183                           ; 2 bytes @ 0x2
   184     0022                     	ds	2
   185                           
   186                           	psect	maintext
   187     036E                     __pmaintext:	
   188 ;;
   189 ;;Main: autosize = 0, tempsize = 0, incstack = 0, save=0
   190 ;;
   191 ;; *************** function _main *****************
   192 ;; Defined at:
   193 ;;		line 84 in file "adc.c"
   194 ;; Parameters:    Size  Location     Type
   195 ;;		None
   196 ;; Auto vars:     Size  Location     Type
   197 ;;  x               2    2[BANK0 ] unsigned int 
   198 ;; Return value:  Size  Location     Type
   199 ;;                  1    wreg      void 
   200 ;; Registers used:
   201 ;;		wreg, status,2, status,0, pclath, cstack
   202 ;; Tracked objects:
   203 ;;		On entry : B00/0
   204 ;;		On exit  : 0/0
   205 ;;		Unchanged: 0/0
   206 ;; Data sizes:     COMMON   BANK0
   207 ;;      Params:         0       0
   208 ;;      Locals:         0       2
   209 ;;      Temps:          0       0
   210 ;;      Totals:         0       2
   211 ;;Total ram usage:        2 bytes
   212 ;; Hardware stack levels required when called: 2
   213 ;; This function calls:
   214 ;;		_adc__read
   215 ;;		_main__init
   216 ;; This function is called by:
   217 ;;		Startup code after reset
   218 ;; This function uses a non-reentrant model
   219 ;;
   220                           
   221     036E                     _main:	
   222                           ;psect for function _main
   223                           
   224     036E                     l731:	
   225                           ;incstack = 0
   226                           ; Regs used in _main: [wreg+status,2+status,0+pclath+cstack]
   227                           
   228                           
   229                           ;adc.c: 85:  main__init();
   230     036E  2358               	fcall	_main__init
   231     036F                     l733:
   232     036F                     l735:
   233                           
   234                           ;adc.c: 87:  TRISCbits.TRISC0 = 0;
   235     036F  1683               	bsf	3,5	;RP0=1, select bank1
   236     0370  1007               	bcf	7,0	;volatile
   237     0371                     l737:
   238                           
   239                           ;adc.c: 88:  TRISCbits.TRISC1 = 0;
   240     0371  1087               	bcf	7,1	;volatile
   241     0372                     l739:
   242                           
   243                           ;adc.c: 89:  TRISCbits.TRISC2 = 0;
   244     0372  1107               	bcf	7,2	;volatile
   245     0373                     l741:
   246                           
   247                           ;adc.c: 90:  TRISCbits.TRISC3 = 0;
   248     0373  1187               	bcf	7,3	;volatile
   249     0374                     l743:
   250                           
   251                           ;adc.c: 91:  TRISCbits.TRISC4 = 0;
   252     0374  1207               	bcf	7,4	;volatile
   253     0375                     l745:
   254                           
   255                           ;adc.c: 92:  TRISCbits.TRISC5 = 0;
   256     0375  1287               	bcf	7,5	;volatile
   257     0376                     l747:
   258                           
   259                           ;adc.c: 93:  PORTCbits.RC0 = 0;
   260     0376  1283               	bcf	3,5	;RP0=0, select bank0
   261     0377  1007               	bcf	7,0	;volatile
   262     0378                     l749:
   263                           
   264                           ;adc.c: 94:  PORTCbits.RC1 = 0;
   265     0378  1087               	bcf	7,1	;volatile
   266     0379                     l751:
   267                           
   268                           ;adc.c: 95:  PORTCbits.RC2 = 0;
   269     0379  1107               	bcf	7,2	;volatile
   270     037A                     l753:
   271                           
   272                           ;adc.c: 96:  PORTCbits.RC3 = 0;
   273     037A  1187               	bcf	7,3	;volatile
   274     037B                     l755:
   275                           
   276                           ;adc.c: 97:  PORTCbits.RC4 = 0;
   277     037B  1207               	bcf	7,4	;volatile
   278     037C                     l757:
   279                           
   280                           ;adc.c: 98:  PORTCbits.RC5 = 0;
   281     037C  1287               	bcf	7,5	;volatile
   282     037D                     l759:
   283                           
   284                           ;adc.c: 99:  ANSEL = 0b00000100; ADCON0 = 0b10000000; ADCON1 = 0b00110000; ADCON0bits.AD
      +                          ON = 1;
   285     037D  3004               	movlw	4
   286     037E  1683               	bsf	3,5	;RP0=1, select bank1
   287     037F  0091               	movwf	17	;volatile
   288     0380                     l761:
   289     0380  3080               	movlw	128
   290     0381  1283               	bcf	3,5	;RP0=0, select bank0
   291     0382  009F               	movwf	31	;volatile
   292     0383                     l763:
   293     0383  3030               	movlw	48
   294     0384  1683               	bsf	3,5	;RP0=1, select bank1
   295     0385  009F               	movwf	31	;volatile
   296     0386                     l765:
   297     0386  1283               	bcf	3,5	;RP0=0, select bank0
   298     0387  141F               	bsf	31,0	;volatile
   299     0388                     l767:
   300                           
   301                           ;adc.c: 101:   x = adc__read(1);
   302     0388  3001               	movlw	1
   303     0389  235B               	fcall	_adc__read
   304     038A  1283               	bcf	3,5	;RP0=0, select bank0
   305     038B  00A2               	movwf	main@x
   306     038C  01A3               	clrf	main@x+1
   307     038D  1BA2               	btfsc	main@x,7
   308     038E  03A3               	decf	main@x+1,f
   309     038F                     l769:
   310                           
   311                           ;adc.c: 102:   x++;
   312     038F  3001               	movlw	1
   313     0390  07A2               	addwf	main@x,f
   314     0391  1803               	skipnc
   315     0392  0AA3               	incf	main@x+1,f
   316     0393  3000               	movlw	0
   317     0394  07A3               	addwf	main@x+1,f
   318     0395                     l771:
   319                           
   320                           ;adc.c: 103:   if(x >= 1020) {
   321     0395  3003               	movlw	3
   322     0396  0223               	subwf	main@x+1,w
   323     0397  30FC               	movlw	252
   324     0398  1903               	skipnz
   325     0399  0222               	subwf	main@x,w
   326     039A  1C03               	skipc
   327     039B  2B9D               	goto	u91
   328     039C  2B9E               	goto	u90
   329     039D                     u91:
   330     039D  2BA5               	goto	l775
   331     039E                     u90:
   332     039E                     l773:
   333                           
   334                           ;adc.c: 104:    PORTCbits.RC0 = 1;
   335     039E  1407               	bsf	7,0	;volatile
   336                           
   337                           ;adc.c: 105:    PORTCbits.RC1 = 1;
   338     039F  1487               	bsf	7,1	;volatile
   339                           
   340                           ;adc.c: 106:    PORTCbits.RC2 = 1;
   341     03A0  1507               	bsf	7,2	;volatile
   342                           
   343                           ;adc.c: 107:    PORTCbits.RC3 = 1;
   344     03A1  1587               	bsf	7,3	;volatile
   345                           
   346                           ;adc.c: 108:    PORTCbits.RC4 = 1;
   347     03A2  1607               	bsf	7,4	;volatile
   348                           
   349                           ;adc.c: 109:    PORTCbits.RC5 = 1;
   350     03A3  1687               	bsf	7,5	;volatile
   351                           
   352                           ;adc.c: 110:   }
   353     03A4  2B88               	goto	l767
   354     03A5                     l775:
   355     03A5  3003               	movlw	3
   356     03A6  0223               	subwf	main@x+1,w
   357     03A7  3034               	movlw	52
   358     03A8  1903               	skipnz
   359     03A9  0222               	subwf	main@x,w
   360     03AA  1C03               	skipc
   361     03AB  2BAD               	goto	u101
   362     03AC  2BAE               	goto	u100
   363     03AD                     u101:
   364     03AD  2BB5               	goto	l779
   365     03AE                     u100:
   366     03AE                     l777:
   367                           
   368                           ;adc.c: 112:    PORTCbits.RC0 = 1;
   369     03AE  1407               	bsf	7,0	;volatile
   370                           
   371                           ;adc.c: 113:    PORTCbits.RC1 = 1;
   372     03AF  1487               	bsf	7,1	;volatile
   373                           
   374                           ;adc.c: 114:    PORTCbits.RC2 = 1;
   375     03B0  1507               	bsf	7,2	;volatile
   376                           
   377                           ;adc.c: 115:    PORTCbits.RC3 = 1;
   378     03B1  1587               	bsf	7,3	;volatile
   379                           
   380                           ;adc.c: 116:    PORTCbits.RC4 = 1;
   381     03B2  1607               	bsf	7,4	;volatile
   382                           
   383                           ;adc.c: 117:    PORTCbits.RC5 = 0;
   384     03B3  1287               	bcf	7,5	;volatile
   385                           
   386                           ;adc.c: 118:   }
   387     03B4  2B88               	goto	l767
   388     03B5                     l779:
   389     03B5  3002               	movlw	2
   390     03B6  0223               	subwf	main@x+1,w
   391     03B7  306C               	movlw	108
   392     03B8  1903               	skipnz
   393     03B9  0222               	subwf	main@x,w
   394     03BA  1C03               	skipc
   395     03BB  2BBD               	goto	u111
   396     03BC  2BBE               	goto	u110
   397     03BD                     u111:
   398     03BD  2BC5               	goto	l783
   399     03BE                     u110:
   400     03BE                     l781:
   401                           
   402                           ;adc.c: 120:    PORTCbits.RC0 = 1;
   403     03BE  1407               	bsf	7,0	;volatile
   404                           
   405                           ;adc.c: 121:    PORTCbits.RC1 = 1;
   406     03BF  1487               	bsf	7,1	;volatile
   407                           
   408                           ;adc.c: 122:    PORTCbits.RC2 = 1;
   409     03C0  1507               	bsf	7,2	;volatile
   410                           
   411                           ;adc.c: 123:    PORTCbits.RC3 = 1;
   412     03C1  1587               	bsf	7,3	;volatile
   413                           
   414                           ;adc.c: 124:    PORTCbits.RC4 = 0;
   415     03C2  1207               	bcf	7,4	;volatile
   416                           
   417                           ;adc.c: 125:    PORTCbits.RC5 = 0;
   418     03C3  1287               	bcf	7,5	;volatile
   419                           
   420                           ;adc.c: 126:   }
   421     03C4  2B88               	goto	l767
   422     03C5                     l783:
   423     03C5  3001               	movlw	1
   424     03C6  0223               	subwf	main@x+1,w
   425     03C7  30A4               	movlw	164
   426     03C8  1903               	skipnz
   427     03C9  0222               	subwf	main@x,w
   428     03CA  1C03               	skipc
   429     03CB  2BCD               	goto	u121
   430     03CC  2BCE               	goto	u120
   431     03CD                     u121:
   432     03CD  2BD5               	goto	l787
   433     03CE                     u120:
   434     03CE                     l785:
   435                           
   436                           ;adc.c: 128:    PORTCbits.RC0 = 1;
   437     03CE  1407               	bsf	7,0	;volatile
   438                           
   439                           ;adc.c: 129:    PORTCbits.RC1 = 1;
   440     03CF  1487               	bsf	7,1	;volatile
   441                           
   442                           ;adc.c: 130:    PORTCbits.RC2 = 1;
   443     03D0  1507               	bsf	7,2	;volatile
   444                           
   445                           ;adc.c: 131:    PORTCbits.RC3 = 0;
   446     03D1  1187               	bcf	7,3	;volatile
   447                           
   448                           ;adc.c: 132:    PORTCbits.RC4 = 0;
   449     03D2  1207               	bcf	7,4	;volatile
   450                           
   451                           ;adc.c: 133:    PORTCbits.RC5 = 0;
   452     03D3  1287               	bcf	7,5	;volatile
   453                           
   454                           ;adc.c: 134:   }
   455     03D4  2B88               	goto	l767
   456     03D5                     l787:
   457     03D5  3000               	movlw	0
   458     03D6  0223               	subwf	main@x+1,w
   459     03D7  30DC               	movlw	220
   460     03D8  1903               	skipnz
   461     03D9  0222               	subwf	main@x,w
   462     03DA  1C03               	skipc
   463     03DB  2BDD               	goto	u131
   464     03DC  2BDE               	goto	u130
   465     03DD                     u131:
   466     03DD  2BE5               	goto	l791
   467     03DE                     u130:
   468     03DE                     l789:
   469                           
   470                           ;adc.c: 136:    PORTCbits.RC0 = 1;
   471     03DE  1407               	bsf	7,0	;volatile
   472                           
   473                           ;adc.c: 137:    PORTCbits.RC1 = 1;
   474     03DF  1487               	bsf	7,1	;volatile
   475                           
   476                           ;adc.c: 138:    PORTCbits.RC2 = 0;
   477     03E0  1107               	bcf	7,2	;volatile
   478                           
   479                           ;adc.c: 139:    PORTCbits.RC3 = 0;
   480     03E1  1187               	bcf	7,3	;volatile
   481                           
   482                           ;adc.c: 140:    PORTCbits.RC4 = 0;
   483     03E2  1207               	bcf	7,4	;volatile
   484                           
   485                           ;adc.c: 141:    PORTCbits.RC5 = 0;
   486     03E3  1287               	bcf	7,5	;volatile
   487                           
   488                           ;adc.c: 142:   }
   489     03E4  2B88               	goto	l767
   490     03E5                     l791:
   491     03E5  3000               	movlw	0
   492     03E6  0223               	subwf	main@x+1,w
   493     03E7  3078               	movlw	120
   494     03E8  1903               	skipnz
   495     03E9  0222               	subwf	main@x,w
   496     03EA  1C03               	skipc
   497     03EB  2BED               	goto	u141
   498     03EC  2BEE               	goto	u140
   499     03ED                     u141:
   500     03ED  2BF5               	goto	l51
   501     03EE                     u140:
   502     03EE                     l793:
   503                           
   504                           ;adc.c: 144:    PORTCbits.RC0 = 1;
   505     03EE  1407               	bsf	7,0	;volatile
   506                           
   507                           ;adc.c: 145:    PORTCbits.RC1 = 0;
   508     03EF  1087               	bcf	7,1	;volatile
   509                           
   510                           ;adc.c: 146:    PORTCbits.RC2 = 0;
   511     03F0  1107               	bcf	7,2	;volatile
   512                           
   513                           ;adc.c: 147:    PORTCbits.RC3 = 0;
   514     03F1  1187               	bcf	7,3	;volatile
   515                           
   516                           ;adc.c: 148:    PORTCbits.RC4 = 0;
   517     03F2  1207               	bcf	7,4	;volatile
   518                           
   519                           ;adc.c: 149:    PORTCbits.RC5 = 0;
   520     03F3  1287               	bcf	7,5	;volatile
   521                           
   522                           ;adc.c: 150:   }
   523     03F4  2B88               	goto	l767
   524     03F5                     l51:	
   525                           ;adc.c: 151:   else {
   526                           
   527                           
   528                           ;adc.c: 152:    PORTCbits.RC0 = 0;
   529     03F5  1007               	bcf	7,0	;volatile
   530                           
   531                           ;adc.c: 153:    PORTCbits.RC1 = 0;
   532     03F6  1087               	bcf	7,1	;volatile
   533                           
   534                           ;adc.c: 154:    PORTCbits.RC2 = 0;
   535     03F7  1107               	bcf	7,2	;volatile
   536                           
   537                           ;adc.c: 155:    PORTCbits.RC3 = 0;
   538     03F8  1187               	bcf	7,3	;volatile
   539                           
   540                           ;adc.c: 156:    PORTCbits.RC4 = 0;
   541     03F9  1207               	bcf	7,4	;volatile
   542                           
   543                           ;adc.c: 157:    PORTCbits.RC5 = 0;
   544     03FA  1287               	bcf	7,5	;volatile
   545     03FB  2B88               	goto	l767
   546     03FC  2800               	ljmp	start
   547     03FD                     __end_of_main:
   548                           
   549                           	psect	text1
   550     0358                     __ptext1:	
   551 ;; *************** function _main__init *****************
   552 ;; Defined at:
   553 ;;		line 64 in file "adc.c"
   554 ;; Parameters:    Size  Location     Type
   555 ;;		None
   556 ;; Auto vars:     Size  Location     Type
   557 ;;		None
   558 ;; Return value:  Size  Location     Type
   559 ;;                  1    wreg      void 
   560 ;; Registers used:
   561 ;;		status,2, status,0, pclath, cstack
   562 ;; Tracked objects:
   563 ;;		On entry : 0/0
   564 ;;		On exit  : 0/0
   565 ;;		Unchanged: 0/0
   566 ;; Data sizes:     COMMON   BANK0
   567 ;;      Params:         0       0
   568 ;;      Locals:         0       0
   569 ;;      Temps:          0       0
   570 ;;      Totals:         0       0
   571 ;;Total ram usage:        0 bytes
   572 ;; Hardware stack levels used: 1
   573 ;; Hardware stack levels required when called: 1
   574 ;; This function calls:
   575 ;;		_adc__init
   576 ;;		_pin__init
   577 ;; This function is called by:
   578 ;;		_main
   579 ;; This function uses a non-reentrant model
   580 ;;
   581                           
   582     0358                     _main__init:	
   583                           ;psect for function _main__init
   584                           
   585     0358                     l721:	
   586                           ;incstack = 0
   587                           ; Regs used in _main__init: [status,2+status,0+pclath+cstack]
   588                           
   589                           
   590                           ;adc.c: 65:  adc__init();
   591     0358  2356               	fcall	_adc__init
   592                           
   593                           ;adc.c: 66:  pin__init();
   594     0359  2357               	fcall	_pin__init
   595     035A                     l23:
   596     035A  0008               	return
   597     035B                     __end_of_main__init:
   598                           
   599                           	psect	text2
   600     0357                     __ptext2:	
   601 ;; *************** function _pin__init *****************
   602 ;; Defined at:
   603 ;;		line 81 in file "adc.c"
   604 ;; Parameters:    Size  Location     Type
   605 ;;		None
   606 ;; Auto vars:     Size  Location     Type
   607 ;;		None
   608 ;; Return value:  Size  Location     Type
   609 ;;                  1    wreg      void 
   610 ;; Registers used:
   611 ;;		None
   612 ;; Tracked objects:
   613 ;;		On entry : 0/0
   614 ;;		On exit  : 0/0
   615 ;;		Unchanged: 0/0
   616 ;; Data sizes:     COMMON   BANK0
   617 ;;      Params:         0       0
   618 ;;      Locals:         0       0
   619 ;;      Temps:          0       0
   620 ;;      Totals:         0       0
   621 ;;Total ram usage:        0 bytes
   622 ;; Hardware stack levels used: 1
   623 ;; This function calls:
   624 ;;		Nothing
   625 ;; This function is called by:
   626 ;;		_main__init
   627 ;; This function uses a non-reentrant model
   628 ;;
   629                           
   630     0357                     _pin__init:	
   631                           ;psect for function _pin__init
   632                           
   633     0357                     l35:	
   634                           ;incstack = 0
   635                           ; Regs used in _pin__init: []
   636                           
   637     0357  0008               	return
   638     0358                     __end_of_pin__init:
   639                           
   640                           	psect	text3
   641     0356                     __ptext3:	
   642 ;; *************** function _adc__init *****************
   643 ;; Defined at:
   644 ;;		line 70 in file "adc.c"
   645 ;; Parameters:    Size  Location     Type
   646 ;;		None
   647 ;; Auto vars:     Size  Location     Type
   648 ;;		None
   649 ;; Return value:  Size  Location     Type
   650 ;;                  1    wreg      void 
   651 ;; Registers used:
   652 ;;		None
   653 ;; Tracked objects:
   654 ;;		On entry : 0/0
   655 ;;		On exit  : 0/0
   656 ;;		Unchanged: 0/0
   657 ;; Data sizes:     COMMON   BANK0
   658 ;;      Params:         0       0
   659 ;;      Locals:         0       0
   660 ;;      Temps:          0       0
   661 ;;      Totals:         0       0
   662 ;;Total ram usage:        0 bytes
   663 ;; Hardware stack levels used: 1
   664 ;; This function calls:
   665 ;;		Nothing
   666 ;; This function is called by:
   667 ;;		_main__init
   668 ;; This function uses a non-reentrant model
   669 ;;
   670                           
   671     0356                     _adc__init:	
   672                           ;psect for function _adc__init
   673                           
   674     0356                     l26:	
   675                           ;incstack = 0
   676                           ; Regs used in _adc__init: []
   677                           
   678     0356  0008               	return
   679     0357                     __end_of_adc__init:
   680                           
   681                           	psect	text4
   682     035B                     __ptext4:	
   683 ;; *************** function _adc__read *****************
   684 ;; Defined at:
   685 ;;		line 73 in file "adc.c"
   686 ;; Parameters:    Size  Location     Type
   687 ;;  channel         1    wreg     unsigned char 
   688 ;; Auto vars:     Size  Location     Type
   689 ;;  channel         1    1[BANK0 ] unsigned char 
   690 ;; Return value:  Size  Location     Type
   691 ;;                  1    wreg      char 
   692 ;; Registers used:
   693 ;;		wreg, status,2, status,0
   694 ;; Tracked objects:
   695 ;;		On entry : 0/0
   696 ;;		On exit  : 0/0
   697 ;;		Unchanged: 0/0
   698 ;; Data sizes:     COMMON   BANK0
   699 ;;      Params:         0       0
   700 ;;      Locals:         0       1
   701 ;;      Temps:          0       1
   702 ;;      Totals:         0       2
   703 ;;Total ram usage:        2 bytes
   704 ;; Hardware stack levels used: 1
   705 ;; This function calls:
   706 ;;		Nothing
   707 ;; This function is called by:
   708 ;;		_main
   709 ;; This function uses a non-reentrant model
   710 ;;
   711                           
   712     035B                     _adc__read:	
   713                           ;psect for function _adc__read
   714                           
   715                           
   716                           ;incstack = 0
   717                           ; Regs used in _adc__read: [wreg+status,2+status,0]
   718                           ;adc__read@channel stored from wreg
   719     035B  1283               	bcf	3,5	;RP0=0, select bank0
   720     035C  00A1               	movwf	adc__read@channel
   721     035D                     l723:
   722                           
   723                           ;adc.c: 74:  ADCON0bits.CHS = channel;
   724     035D  0821               	movf	adc__read@channel,w
   725     035E  00A0               	movwf	??_adc__read
   726     035F  0DA0               	rlf	??_adc__read,f
   727     0360  0DA0               	rlf	??_adc__read,f
   728     0361  081F               	movf	31,w	;volatile
   729     0362  0620               	xorwf	??_adc__read,w
   730     0363  39E3               	andlw	-29
   731     0364  0620               	xorwf	??_adc__read,w
   732     0365  009F               	movwf	31	;volatile
   733     0366                     l725:
   734                           
   735                           ;adc.c: 75:  ADCON0bits.GO_DONE = 1;
   736     0366  149F               	bsf	31,1	;volatile
   737     0367                     l29:	
   738                           ;adc.c: 77:  }
   739                           
   740                           
   741                           ;adc.c: 76:  while(ADCON0bits.GO_DONE == 1) {
   742     0367  189F               	btfsc	31,1	;volatile
   743     0368  2B6A               	goto	u81
   744     0369  2B6B               	goto	u80
   745     036A                     u81:
   746     036A  2B67               	goto	l29
   747     036B                     u80:
   748     036B                     l727:
   749                           
   750                           ;adc.c: 78:  return ((ADRESH << 8) | ADRESL);
   751     036B  1683               	bsf	3,5	;RP0=1, select bank1
   752     036C  081E               	movf	30,w	;volatile
   753     036D                     l32:
   754     036D  0008               	return
   755     036E                     __end_of_adc__read:
   756     005E                     btemp	set	94	;btemp
   757     005E                     wtemp0	set	94
   758                           
   759                           	psect	config
   760                           
   761                           ;Config register CONFIG @ 0x2007
   762                           ;	Oscillator Selection bits
   763                           ;	FOSC = INTRCIO, INTOSC oscillator: I/O function on RA4/OSC2/CLKOUT pin, I/O function o
      +                          n RA5/OSC1/CLKIN
   764                           ;	Watchdog Timer Enable bit
   765                           ;	WDTE = OFF, WDT disabled
   766                           ;	Power-up Timer Enable bit
   767                           ;	PWRTE = OFF, PWRT disabled
   768                           ;	RA3/MCLR pin function select
   769                           ;	MCLRE = OFF, RA3/MCLR pin function is digital I/O, MCLR internally tied to VDD
   770                           ;	Brown-out Detect Enable bit
   771                           ;	BOREN = OFF, BOD disabled
   772                           ;	Code Protection bit
   773                           ;	CP = OFF, Program Memory code protection is disabled
   774                           ;	Data Code Protection bit
   775                           ;	CPD = OFF, Data memory code protection is disabled
   776     2007                     	org	8199
   777     2007  3F94               	dw	16276

Data Sizes:
    Strings     0
    Constant    0
    Data        0
    BSS         0
    Persistent  0
    Stack       0

Auto Spaces:
    Space          Size  Autos    Used
    COMMON            0      0       0
    BANK0            62      4       4

Pointer List with Targets:

    None.

Critical Paths under _main in COMMON

    None.

Critical Paths under _main in BANK0

    _main->_adc__read

Call Graph Tables:

 ---------------------------------------------------------------------------------
 (Depth) Function   	        Calls       Base Space   Used Autos Params    Refs
 ---------------------------------------------------------------------------------
 (0) _main                                                 2     2      0     157
                                              2 BANK0      2     2      0
                          _adc__read
                         _main__init
 ---------------------------------------------------------------------------------
 (1) _main__init                                           0     0      0       0
                          _adc__init
                          _pin__init
 ---------------------------------------------------------------------------------
 (2) _pin__init                                            0     0      0       0
 ---------------------------------------------------------------------------------
 (2) _adc__init                                            0     0      0       0
 ---------------------------------------------------------------------------------
 (1) _adc__read                                            2     2      0      22
                                              0 BANK0      2     2      0
 ---------------------------------------------------------------------------------
 Estimated maximum stack depth 2
 ---------------------------------------------------------------------------------

 Call Graph Graphs:

 _main (ROOT)
   _adc__read
   _main__init
     _adc__init
     _pin__init

 Address spaces:
Name               Size   Autos  Total    Cost      Usage
BITCOMMON            0      0       0       0        0.0%
EEDATA              80      0       0       0        0.0%
NULL                 0      0       0       0        0.0%
CODE                 0      0       0       0        0.0%
BITSFR0              0      0       0       1        0.0%
SFR0                 0      0       0       1        0.0%
COMMON               0      0       0       1        0.0%
BITSFR1              0      0       0       2        0.0%
SFR1                 0      0       0       2        0.0%
STACK                0      0       0       2        0.0%
BITBANK0            3E      0       0       3        0.0%
BANK0               3E      4       4       4        6.5%
ABS                  0      0       0       5        0.0%
DATA                 0      0       0       6        0.0%


Microchip Technology PIC Macro Assembler V2.41 build 20230208172133 
Symbol Table                                                                                   Mon Mar 18 16:50:04 2024

                     l23 035A                       l32 036D                       l26 0356  
                     l35 0357                       l51 03F5                       l29 0367  
                     u80 036B                       u81 036A                       u90 039E  
                     u91 039D                      l721 0358                      l723 035D  
                    l731 036E                      l725 0366                      l741 0373  
                    l733 036F                      l727 036B                      l751 0379  
                    l743 0374                      l735 036F                      l761 0380  
                    l753 037A                      l745 0375                      l737 0371  
                    l771 0395                      l763 0383                      l755 037B  
                    l747 0376                      l739 0372                      l781 03BE  
                    l773 039E                      l765 0386                      l757 037C  
                    l749 0378                      l791 03E5                      l783 03C5  
                    l775 03A5                      l767 0388                      l759 037D  
                    l793 03EE                      l785 03CE                      l777 03AE  
                    l769 038F                      l787 03D5                      l779 03B5  
                    l789 03DE                      u100 03AE                      u101 03AD  
                    u110 03BE                      u111 03BD                      u120 03CE  
                    u121 03CD                      u130 03DE                      u131 03DD  
                    u140 03EE                      u141 03ED                     _main 036E  
                   btemp 005E                     start 0000                    ?_main 0020  
                  _ANSEL 0091                    main@x 0022                    status 0003  
                  wtemp0 005E          __initialization 03FD             __end_of_main 03FD  
                 ??_main 0000                   _ADCON0 001F                   _ADCON1 009F  
                 _ADRESL 009E  __end_of__initialization 03FD           __pcstackCOMMON 0000  
             __pmaintext 036E        __end_of_adc__init 0357        __end_of_adc__read 036E  
             _main__init 0358                  __ptext1 0358                  __ptext2 0357  
                __ptext3 0356                  __ptext4 035B        __end_of_pin__init 0358  
   end_of_initialization 03FD                _PORTCbits 0007                _TRISCbits 0087  
            ?_main__init 0020         adc__read@channel 0021      start_initialization 03FD  
              ___latbits 0000            __pcstackBANK0 0020                _adc__init 0356  
              _adc__read 035B               ?_adc__init 0020               ?_adc__read 0020  
              _pin__init 0357               _ADCON0bits 001F             ??_main__init 0000  
             ?_pin__init 0020       __end_of_main__init 035B              ??_adc__init 0000  
            ??_adc__read 0020              ??_pin__init 0000  
