ARM GAS  C:\Users\ASUS\AppData\Local\Temp\ccenjuMa.s 			page 1


   1              		.syntax unified
   2              		.cpu cortex-m0
   3              		.fpu softvfp
   4              		.eabi_attribute 20, 1
   5              		.eabi_attribute 21, 1
   6              		.eabi_attribute 23, 3
   7              		.eabi_attribute 24, 1
   8              		.eabi_attribute 25, 1
   9              		.eabi_attribute 26, 1
  10              		.eabi_attribute 30, 1
  11              		.eabi_attribute 34, 0
  12              		.eabi_attribute 18, 4
  13              		.thumb
  14              		.syntax unified
  15              		.file	"main.c"
  16              		.text
  17              	.Ltext0:
  18              		.cfi_sections	.debug_frame
  19              		.section	.text.main__init,"ax",%progbits
  20              		.align	2
  21              		.global	main__init
  22              		.code	16
  23              		.thumb_func
  24              		.type	main__init, %function
  25              	main__init:
  26              	.LFB33:
  27              		.file 1 "main.c"
   1:main.c        **** // This C code was automatically generated by Aixt Project
   2:main.c        **** //     https://github.com/fermarsan/aixt
   3:main.c        **** // Device = CY8CKIT-049
   4:main.c        **** // Board = CY8CKIT-049-42XX
   5:main.c        **** // Backend = c
   6:main.c        **** 
   7:main.c        **** #include <stdint.h>
   8:main.c        **** #include <stdbool.h>
   9:main.c        **** #include <stdio.h>
  10:main.c        **** typedef int8_t i8;
  11:main.c        **** typedef int16_t i16;
  12:main.c        **** typedef int32_t i32;
  13:main.c        **** typedef int64_t i64;
  14:main.c        **** typedef int32_t isize;
  15:main.c        **** typedef int32_t int_literal;
  16:main.c        **** typedef uint8_t u8;
  17:main.c        **** typedef uint16_t u16;
  18:main.c        **** typedef uint32_t u32;
  19:main.c        **** typedef uint64_t u64;
  20:main.c        **** typedef uint32_t usize;
  21:main.c        **** typedef float f32;
  22:main.c        **** typedef double f64;
  23:main.c        **** typedef double float_literal;
  24:main.c        **** typedef char rune;
  25:main.c        **** 
  26:main.c        **** #define _const_main__cpu_freq_mhz	_const_main__cpu_freq/1000000
  27:main.c        **** #define _const_main__cpu_freq  20000000
  28:main.c        **** 
  29:main.c        **** // Project Name: Aixt https://github.com/fermarsan/aixt.git
  30:main.c        **** // Author: Fernando M. Santa - Daniel Polo - Edwin Barrera - Javier Leon - Camilo Lucas
ARM GAS  C:\Users\ASUS\AppData\Local\Temp\ccenjuMa.s 			page 2


  31:main.c        **** // Date: 2022-2025
  32:main.c        **** // License: MIT
  33:main.c        **** //
  34:main.c        **** // // Description: builtin (CY8CKIT-049-42XX)
  35:main.c        **** 
  36:main.c        **** #include "project.h"
  37:main.c        **** 
  38:main.c        **** #define INIT_INTERRUPTS()   CyGlobalIntEnable
  39:main.c        **** 
  40:main.c        **** void  main__init();
  41:main.c        **** inline u16  adc__read(i32 channel);
  42:main.c        **** char __temp_str[20];
  43:main.c        **** 
  44:main.c        **** #define _const_main__led1 led1
  45:main.c        **** #define _const_main___led2 led2
  46:main.c        **** #define _const_main__do0 3
  47:main.c        **** #define _const_main__do1 4
  48:main.c        **** #define _const_main__do2 5
  49:main.c        **** #define _const_main__do3 6
  50:main.c        **** #define _const_main__do4 7
  51:main.c        **** #define _const_main__do5 8
  52:main.c        **** #define _const_main__do6 9
  53:main.c        **** #define _const_main__do7 10
  54:main.c        **** #define _const_main__do8 11
  55:main.c        **** #define _const_main__do9 12
  56:main.c        **** #define _const_main__do10 13
  57:main.c        **** #define _const_main__sw1 sw1
  58:main.c        **** #define _const_main__di0 20
  59:main.c        **** #define _const_main__di1 21
  60:main.c        **** #define _const_main__di2 22
  61:main.c        **** #define _const_main__di3 23
  62:main.c        **** #define _const_main__di4 24
  63:main.c        **** #define _const_main__di5 25
  64:main.c        **** #define _const_main__di6 26
  65:main.c        **** #define _const_main__di7 27
  66:main.c        **** #define _const_main__di8 28
  67:main.c        **** #define _const_main__di9 29
  68:main.c        **** #define _const_main__di10 30
  69:main.c        **** 
  70:main.c        ****  void  main__init() {
  28              		.loc 1 70 0
  29              		.cfi_startproc
  30              		@ args = 0, pretend = 0, frame = 0
  31              		@ frame_needed = 0, uses_anonymous_args = 0
  32              		@ link register save eliminated.
  71:main.c        **** 	INIT_INTERRUPTS(); 
  33              		.loc 1 71 0
  34              		.syntax divided
  35              	@ 71 "main.c" 1
  36 0000 62B6     		CPSIE   i
  37              	@ 0 "" 2
  72:main.c        **** }
  38              		.loc 1 72 0
  39              		.thumb
  40              		.syntax unified
  41              		@ sp needed
  42 0002 7047     		bx	lr
ARM GAS  C:\Users\ASUS\AppData\Local\Temp\ccenjuMa.s 			page 3


  43              		.cfi_endproc
  44              	.LFE33:
  45              		.size	main__init, .-main__init
  46              		.section	.text.main,"ax",%progbits
  47              		.align	2
  48              		.global	main
  49              		.code	16
  50              		.thumb_func
  51              		.type	main, %function
  52              	main:
  53              	.LFB35:
  73:main.c        **** 
  74:main.c        **** #define _const_adc__ch0 0
  75:main.c        **** #define _const_adc__ch1 1
  76:main.c        **** #define _const_adc__ch2 2
  77:main.c        **** #define _const_adc__ch3 3
  78:main.c        **** 
  79:main.c        **** inline u16  adc__read(i32 channel) {
  80:main.c        **** 	amux_FastSelect(channel); 
  81:main.c        **** 	CyDelay(5); 
  82:main.c        **** 	adc_StartConvert(); 
  83:main.c        **** 	while( !adc_IsEndConversion(adc_RETURN_STATUS) ) { 
  84:main.c        **** 	} 
  85:main.c        **** 	adc_StopConvert(); 
  86:main.c        **** 	return adc_GetResult16(0); 
  87:main.c        **** }
  88:main.c        **** 
  89:main.c        **** #define adc__setup() \
  90:main.c        **** adc_Start(); \
  91:main.c        **** amux_Start(); \
  92:main.c        **** // end #define
  93:main.c        **** 
  94:main.c        **** #define uart__print(message) uart_UartPutString(message)
  95:main.c        **** 
  96:main.c        **** #define uart__println(message) \
  97:main.c        **** uart_UartPutString(message); \
  98:main.c        **** UartPutCRLF(); \
  99:main.c        **** // end #define
 100:main.c        **** 
 101:main.c        **** #define uart__read()  UartGetChar()
 102:main.c        **** 
 103:main.c        **** #define uart__setup() uart_Start()
 104:main.c        **** 
 105:main.c        **** #define uart__write(character) UartPutChar(character)
 106:main.c        **** 
 107:main.c        **** #define time__sleep_ms(tms) CyDelay(tms)
 108:main.c        **** 
 109:main.c        **** #define time__sleep_us(tus) CyDelayUs(tus)
 110:main.c        **** 
 111:main.c        ****  int main() {
  54              		.loc 1 111 0
  55              		.cfi_startproc
  56              		@ args = 0, pretend = 0, frame = 0
  57              		@ frame_needed = 0, uses_anonymous_args = 0
  58 0000 10B5     		push	{r4, lr}
  59              		.cfi_def_cfa_offset 8
  60              		.cfi_offset 4, -8
ARM GAS  C:\Users\ASUS\AppData\Local\Temp\ccenjuMa.s 			page 4


  61              		.cfi_offset 14, -4
 112:main.c        **** 	main__init();
  62              		.loc 1 112 0
  63 0002 FFF7FEFF 		bl	main__init
  64              	.LVL0:
 113:main.c        **** 	uart__setup(); 
  65              		.loc 1 113 0
  66 0006 FFF7FEFF 		bl	uart_Start
  67              	.LVL1:
 114:main.c        **** 	adc__setup(); 
  68              		.loc 1 114 0
  69 000a FFF7FEFF 		bl	adc_Start
  70              	.LVL2:
  71 000e FFF7FEFF 		bl	amux_Start
  72              	.LVL3:
  73              	.L4:
  74              	.LBB5:
  75              	.LBB6:
  76              	.LBB7:
  80:main.c        **** 	CyDelay(5); 
  77              		.loc 1 80 0 discriminator 1
  78 0012 0020     		movs	r0, #0
  79 0014 FFF7FEFF 		bl	amux_FastSelect
  80              	.LVL4:
  81:main.c        **** 	adc_StartConvert(); 
  81              		.loc 1 81 0 discriminator 1
  82 0018 0520     		movs	r0, #5
  83 001a FFF7FEFF 		bl	CyDelay
  84              	.LVL5:
  82:main.c        **** 	while( !adc_IsEndConversion(adc_RETURN_STATUS) ) { 
  85              		.loc 1 82 0 discriminator 1
  86 001e FFF7FEFF 		bl	adc_StartConvert
  87              	.LVL6:
  88              	.L3:
  83:main.c        **** 	} 
  89              		.loc 1 83 0
  90 0022 0120     		movs	r0, #1
  91 0024 FFF7FEFF 		bl	adc_IsEndConversion
  92              	.LVL7:
  93 0028 0028     		cmp	r0, #0
  94 002a FAD0     		beq	.L3
  85:main.c        **** 	return adc_GetResult16(0); 
  95              		.loc 1 85 0
  96 002c FFF7FEFF 		bl	adc_StopConvert
  97              	.LVL8:
  86:main.c        **** }
  98              		.loc 1 86 0
  99 0030 0020     		movs	r0, #0
 100 0032 FFF7FEFF 		bl	adc_GetResult16
 101              	.LVL9:
 102 0036 82B2     		uxth	r2, r0
 103              	.LVL10:
 104              	.LBE7:
 105              	.LBE6:
 115:main.c        **** 	while( true ) {
 116:main.c        **** 		u16 analog = (u16)(adc__read(_const_adc__ch0)); 
 117:main.c        **** 		sprintf(__temp_str, "ADC channel 0: %u", (unsigned int)analog);
ARM GAS  C:\Users\ASUS\AppData\Local\Temp\ccenjuMa.s 			page 5


 106              		.loc 1 117 0
 107 0038 074C     		ldr	r4, .L5
 108 003a 0849     		ldr	r1, .L5+4
 109 003c 2000     		movs	r0, r4
 110 003e FFF7FEFF 		bl	sprintf
 111              	.LVL11:
 118:main.c        **** 		uart__println(__temp_str); 
 112              		.loc 1 118 0
 113 0042 2000     		movs	r0, r4
 114 0044 FFF7FEFF 		bl	uart_UartPutString
 115              	.LVL12:
 116 0048 FFF7FEFF 		bl	UartPutCRLF
 117              	.LVL13:
 119:main.c        **** 		time__sleep_ms(1000); 
 118              		.loc 1 119 0
 119 004c FA20     		movs	r0, #250
 120 004e 8000     		lsls	r0, r0, #2
 121 0050 FFF7FEFF 		bl	CyDelay
 122              	.LVL14:
 123              	.LBE5:
 120:main.c        **** 	} 
 124              		.loc 1 120 0
 125 0054 DDE7     		b	.L4
 126              	.L6:
 127 0056 C046     		.align	2
 128              	.L5:
 129 0058 00000000 		.word	__temp_str
 130 005c 00000000 		.word	.LC0
 131              		.cfi_endproc
 132              	.LFE35:
 133              		.size	main, .-main
 134              		.comm	__temp_str,20,4
 135              		.section	.rodata.str1.4,"aMS",%progbits,1
 136              		.align	2
 137              	.LC0:
 138 0000 41444320 		.ascii	"ADC channel 0: %u\000"
 138      6368616E 
 138      6E656C20 
 138      303A2025 
 138      7500
 139              		.text
 140              	.Letext0:
 141              		.file 2 "c:\\program files (x86)\\cypress\\psoc creator\\4.4\\psoc creator\\import\\gnu\\arm\\5.4.
 142              		.file 3 "c:\\program files (x86)\\cypress\\psoc creator\\4.4\\psoc creator\\import\\gnu\\arm\\5.4.
 143              		.file 4 "Generated_Source\\PSoC4/amux.h"
 144              		.file 5 "Generated_Source\\PSoC4/CyLib.h"
 145              		.file 6 "Generated_Source\\PSoC4/adc.h"
 146              		.file 7 "c:\\program files (x86)\\cypress\\psoc creator\\4.4\\psoc creator\\import\\gnu\\arm\\5.4.
 147              		.file 8 "Generated_Source\\PSoC4/uart_SPI_UART.h"
 148              		.file 9 "Generated_Source\\PSoC4/uart.h"
 149              		.section	.debug_info,"",%progbits
 150              	.Ldebug_info0:
 151 0000 CA020000 		.4byte	0x2ca
 152 0004 0400     		.2byte	0x4
 153 0006 00000000 		.4byte	.Ldebug_abbrev0
 154 000a 04       		.byte	0x4
 155 000b 01       		.uleb128 0x1
ARM GAS  C:\Users\ASUS\AppData\Local\Temp\ccenjuMa.s 			page 6


 156 000c 32010000 		.4byte	.LASF30
 157 0010 0C       		.byte	0xc
 158 0011 EA010000 		.4byte	.LASF31
 159 0015 1E000000 		.4byte	.LASF32
 160 0019 00000000 		.4byte	.Ldebug_ranges0+0
 161 001d 00000000 		.4byte	0
 162 0021 00000000 		.4byte	.Ldebug_line0
 163 0025 02       		.uleb128 0x2
 164 0026 01       		.byte	0x1
 165 0027 06       		.byte	0x6
 166 0028 67020000 		.4byte	.LASF0
 167 002c 02       		.uleb128 0x2
 168 002d 01       		.byte	0x1
 169 002e 08       		.byte	0x8
 170 002f 85000000 		.4byte	.LASF1
 171 0033 02       		.uleb128 0x2
 172 0034 02       		.byte	0x2
 173 0035 05       		.byte	0x5
 174 0036 F6010000 		.4byte	.LASF2
 175 003a 03       		.uleb128 0x3
 176 003b 00020000 		.4byte	.LASF4
 177 003f 02       		.byte	0x2
 178 0040 2B       		.byte	0x2b
 179 0041 45000000 		.4byte	0x45
 180 0045 02       		.uleb128 0x2
 181 0046 02       		.byte	0x2
 182 0047 07       		.byte	0x7
 183 0048 A5000000 		.4byte	.LASF3
 184 004c 03       		.uleb128 0x3
 185 004d 75000000 		.4byte	.LASF5
 186 0051 02       		.byte	0x2
 187 0052 3F       		.byte	0x3f
 188 0053 57000000 		.4byte	0x57
 189 0057 02       		.uleb128 0x2
 190 0058 04       		.byte	0x4
 191 0059 05       		.byte	0x5
 192 005a 2E020000 		.4byte	.LASF6
 193 005e 02       		.uleb128 0x2
 194 005f 04       		.byte	0x4
 195 0060 07       		.byte	0x7
 196 0061 93000000 		.4byte	.LASF7
 197 0065 02       		.uleb128 0x2
 198 0066 08       		.byte	0x8
 199 0067 05       		.byte	0x5
 200 0068 DC010000 		.4byte	.LASF8
 201 006c 02       		.uleb128 0x2
 202 006d 08       		.byte	0x8
 203 006e 07       		.byte	0x7
 204 006f 11010000 		.4byte	.LASF9
 205 0073 04       		.uleb128 0x4
 206 0074 04       		.byte	0x4
 207 0075 05       		.byte	0x5
 208 0076 696E7400 		.ascii	"int\000"
 209 007a 02       		.uleb128 0x2
 210 007b 04       		.byte	0x4
 211 007c 07       		.byte	0x7
 212 007d 04010000 		.4byte	.LASF10
ARM GAS  C:\Users\ASUS\AppData\Local\Temp\ccenjuMa.s 			page 7


 213 0081 03       		.uleb128 0x3
 214 0082 0B020000 		.4byte	.LASF11
 215 0086 03       		.byte	0x3
 216 0087 24       		.byte	0x24
 217 0088 3A000000 		.4byte	0x3a
 218 008c 03       		.uleb128 0x3
 219 008d C0010000 		.4byte	.LASF12
 220 0091 03       		.byte	0x3
 221 0092 2C       		.byte	0x2c
 222 0093 4C000000 		.4byte	0x4c
 223 0097 02       		.uleb128 0x2
 224 0098 08       		.byte	0x8
 225 0099 04       		.byte	0x4
 226 009a 4B020000 		.4byte	.LASF13
 227 009e 02       		.uleb128 0x2
 228 009f 04       		.byte	0x4
 229 00a0 07       		.byte	0x7
 230 00a1 C8010000 		.4byte	.LASF14
 231 00a5 02       		.uleb128 0x2
 232 00a6 01       		.byte	0x1
 233 00a7 08       		.byte	0x8
 234 00a8 F1010000 		.4byte	.LASF15
 235 00ac 05       		.uleb128 0x5
 236 00ad 69333200 		.ascii	"i32\000"
 237 00b1 01       		.byte	0x1
 238 00b2 0C       		.byte	0xc
 239 00b3 8C000000 		.4byte	0x8c
 240 00b7 05       		.uleb128 0x5
 241 00b8 75313600 		.ascii	"u16\000"
 242 00bc 01       		.byte	0x1
 243 00bd 11       		.byte	0x11
 244 00be 81000000 		.4byte	0x81
 245 00c2 02       		.uleb128 0x2
 246 00c3 04       		.byte	0x4
 247 00c4 04       		.byte	0x4
 248 00c5 7F000000 		.4byte	.LASF16
 249 00c9 02       		.uleb128 0x2
 250 00ca 08       		.byte	0x8
 251 00cb 04       		.byte	0x4
 252 00cc F8000000 		.4byte	.LASF17
 253 00d0 06       		.uleb128 0x6
 254 00d1 28010000 		.4byte	.LASF33
 255 00d5 01       		.byte	0x1
 256 00d6 4F       		.byte	0x4f
 257 00d7 B7000000 		.4byte	0xb7
 258 00db 03       		.byte	0x3
 259 00dc EC000000 		.4byte	0xec
 260 00e0 07       		.uleb128 0x7
 261 00e1 16000000 		.4byte	.LASF34
 262 00e5 01       		.byte	0x1
 263 00e6 4F       		.byte	0x4f
 264 00e7 AC000000 		.4byte	0xac
 265 00eb 00       		.byte	0
 266 00ec 08       		.uleb128 0x8
 267 00ed D1010000 		.4byte	.LASF35
 268 00f1 01       		.byte	0x1
 269 00f2 46       		.byte	0x46
ARM GAS  C:\Users\ASUS\AppData\Local\Temp\ccenjuMa.s 			page 8


 270 00f3 00000000 		.4byte	.LFB33
 271 00f7 04000000 		.4byte	.LFE33-.LFB33
 272 00fb 01       		.uleb128 0x1
 273 00fc 9C       		.byte	0x9c
 274 00fd 09       		.uleb128 0x9
 275 00fe FF000000 		.4byte	.LASF36
 276 0102 01       		.byte	0x1
 277 0103 6F       		.byte	0x6f
 278 0104 73000000 		.4byte	0x73
 279 0108 00000000 		.4byte	.LFB35
 280 010c 60000000 		.4byte	.LFE35-.LFB35
 281 0110 01       		.uleb128 0x1
 282 0111 9C       		.byte	0x9c
 283 0112 27020000 		.4byte	0x227
 284 0116 0A       		.uleb128 0xa
 285 0117 12000000 		.4byte	.LBB5
 286 011b 42000000 		.4byte	.LBE5-.LBB5
 287 011f 02020000 		.4byte	0x202
 288 0123 0B       		.uleb128 0xb
 289 0124 6E000000 		.4byte	.LASF37
 290 0128 01       		.byte	0x1
 291 0129 74       		.byte	0x74
 292 012a B7000000 		.4byte	0xb7
 293 012e 0C       		.uleb128 0xc
 294 012f C9000000 		.4byte	.LASF26
 295 0133 01       		.byte	0x1
 296 0134 76       		.byte	0x76
 297 0135 73000000 		.4byte	0x73
 298 0139 3F010000 		.4byte	0x13f
 299 013d 0D       		.uleb128 0xd
 300 013e 00       		.byte	0
 301 013f 0E       		.uleb128 0xe
 302 0140 D0000000 		.4byte	0xd0
 303 0144 12000000 		.4byte	.LBB6
 304 0148 26000000 		.4byte	.LBE6-.LBB6
 305 014c 01       		.byte	0x1
 306 014d 74       		.byte	0x74
 307 014e B6010000 		.4byte	0x1b6
 308 0152 0F       		.uleb128 0xf
 309 0153 E0000000 		.4byte	0xe0
 310 0157 00000000 		.4byte	.LLST0
 311 015b 10       		.uleb128 0x10
 312 015c 18000000 		.4byte	.LVL4
 313 0160 48020000 		.4byte	0x248
 314 0164 6E010000 		.4byte	0x16e
 315 0168 11       		.uleb128 0x11
 316 0169 01       		.uleb128 0x1
 317 016a 50       		.byte	0x50
 318 016b 01       		.uleb128 0x1
 319 016c 30       		.byte	0x30
 320 016d 00       		.byte	0
 321 016e 10       		.uleb128 0x10
 322 016f 1E000000 		.4byte	.LVL5
 323 0173 53020000 		.4byte	0x253
 324 0177 81010000 		.4byte	0x181
 325 017b 11       		.uleb128 0x11
 326 017c 01       		.uleb128 0x1
ARM GAS  C:\Users\ASUS\AppData\Local\Temp\ccenjuMa.s 			page 9


 327 017d 50       		.byte	0x50
 328 017e 01       		.uleb128 0x1
 329 017f 35       		.byte	0x35
 330 0180 00       		.byte	0
 331 0181 12       		.uleb128 0x12
 332 0182 22000000 		.4byte	.LVL6
 333 0186 5E020000 		.4byte	0x25e
 334 018a 10       		.uleb128 0x10
 335 018b 28000000 		.4byte	.LVL7
 336 018f 69020000 		.4byte	0x269
 337 0193 9D010000 		.4byte	0x19d
 338 0197 11       		.uleb128 0x11
 339 0198 01       		.uleb128 0x1
 340 0199 50       		.byte	0x50
 341 019a 01       		.uleb128 0x1
 342 019b 31       		.byte	0x31
 343 019c 00       		.byte	0
 344 019d 12       		.uleb128 0x12
 345 019e 30000000 		.4byte	.LVL8
 346 01a2 74020000 		.4byte	0x274
 347 01a6 13       		.uleb128 0x13
 348 01a7 36000000 		.4byte	.LVL9
 349 01ab 7F020000 		.4byte	0x27f
 350 01af 11       		.uleb128 0x11
 351 01b0 01       		.uleb128 0x1
 352 01b1 50       		.byte	0x50
 353 01b2 01       		.uleb128 0x1
 354 01b3 30       		.byte	0x30
 355 01b4 00       		.byte	0
 356 01b5 00       		.byte	0
 357 01b6 10       		.uleb128 0x10
 358 01b7 42000000 		.4byte	.LVL11
 359 01bb 8A020000 		.4byte	0x28a
 360 01bf D3010000 		.4byte	0x1d3
 361 01c3 11       		.uleb128 0x11
 362 01c4 01       		.uleb128 0x1
 363 01c5 50       		.byte	0x50
 364 01c6 02       		.uleb128 0x2
 365 01c7 74       		.byte	0x74
 366 01c8 00       		.sleb128 0
 367 01c9 11       		.uleb128 0x11
 368 01ca 01       		.uleb128 0x1
 369 01cb 51       		.byte	0x51
 370 01cc 05       		.uleb128 0x5
 371 01cd 03       		.byte	0x3
 372 01ce 00000000 		.4byte	.LC0
 373 01d2 00       		.byte	0
 374 01d3 10       		.uleb128 0x10
 375 01d4 48000000 		.4byte	.LVL12
 376 01d8 95020000 		.4byte	0x295
 377 01dc E7010000 		.4byte	0x1e7
 378 01e0 11       		.uleb128 0x11
 379 01e1 01       		.uleb128 0x1
 380 01e2 50       		.byte	0x50
 381 01e3 02       		.uleb128 0x2
 382 01e4 74       		.byte	0x74
 383 01e5 00       		.sleb128 0
ARM GAS  C:\Users\ASUS\AppData\Local\Temp\ccenjuMa.s 			page 10


 384 01e6 00       		.byte	0
 385 01e7 12       		.uleb128 0x12
 386 01e8 4C000000 		.4byte	.LVL13
 387 01ec A1020000 		.4byte	0x2a1
 388 01f0 13       		.uleb128 0x13
 389 01f1 54000000 		.4byte	.LVL14
 390 01f5 53020000 		.4byte	0x253
 391 01f9 11       		.uleb128 0x11
 392 01fa 01       		.uleb128 0x1
 393 01fb 50       		.byte	0x50
 394 01fc 03       		.uleb128 0x3
 395 01fd 0A       		.byte	0xa
 396 01fe E803     		.2byte	0x3e8
 397 0200 00       		.byte	0
 398 0201 00       		.byte	0
 399 0202 12       		.uleb128 0x12
 400 0203 06000000 		.4byte	.LVL0
 401 0207 EC000000 		.4byte	0xec
 402 020b 12       		.uleb128 0x12
 403 020c 0A000000 		.4byte	.LVL1
 404 0210 AC020000 		.4byte	0x2ac
 405 0214 12       		.uleb128 0x12
 406 0215 0E000000 		.4byte	.LVL2
 407 0219 B7020000 		.4byte	0x2b7
 408 021d 12       		.uleb128 0x12
 409 021e 12000000 		.4byte	.LVL3
 410 0222 C2020000 		.4byte	0x2c2
 411 0226 00       		.byte	0
 412 0227 14       		.uleb128 0x14
 413 0228 A5000000 		.4byte	0xa5
 414 022c 37020000 		.4byte	0x237
 415 0230 15       		.uleb128 0x15
 416 0231 9E000000 		.4byte	0x9e
 417 0235 13       		.byte	0x13
 418 0236 00       		.byte	0
 419 0237 16       		.uleb128 0x16
 420 0238 00000000 		.4byte	.LASF38
 421 023c 01       		.byte	0x1
 422 023d 2A       		.byte	0x2a
 423 023e 27020000 		.4byte	0x227
 424 0242 05       		.uleb128 0x5
 425 0243 03       		.byte	0x3
 426 0244 00000000 		.4byte	__temp_str
 427 0248 17       		.uleb128 0x17
 428 0249 57020000 		.4byte	.LASF18
 429 024d 57020000 		.4byte	.LASF18
 430 0251 04       		.byte	0x4
 431 0252 27       		.byte	0x27
 432 0253 17       		.uleb128 0x17
 433 0254 86020000 		.4byte	.LASF19
 434 0258 86020000 		.4byte	.LASF19
 435 025c 05       		.byte	0x5
 436 025d EC       		.byte	0xec
 437 025e 17       		.uleb128 0x17
 438 025f B8000000 		.4byte	.LASF20
 439 0263 B8000000 		.4byte	.LASF20
 440 0267 06       		.byte	0x6
ARM GAS  C:\Users\ASUS\AppData\Local\Temp\ccenjuMa.s 			page 11


 441 0268 9D       		.byte	0x9d
 442 0269 17       		.uleb128 0x17
 443 026a 37020000 		.4byte	.LASF21
 444 026e 37020000 		.4byte	.LASF21
 445 0272 06       		.byte	0x6
 446 0273 9F       		.byte	0x9f
 447 0274 17       		.uleb128 0x17
 448 0275 1E020000 		.4byte	.LASF22
 449 0279 1E020000 		.4byte	.LASF22
 450 027d 06       		.byte	0x6
 451 027e 9E       		.byte	0x9e
 452 027f 17       		.uleb128 0x17
 453 0280 E8000000 		.4byte	.LASF23
 454 0284 E8000000 		.4byte	.LASF23
 455 0288 06       		.byte	0x6
 456 0289 A0       		.byte	0xa0
 457 028a 17       		.uleb128 0x17
 458 028b 7E020000 		.4byte	.LASF24
 459 028f 7E020000 		.4byte	.LASF24
 460 0293 07       		.byte	0x7
 461 0294 E7       		.byte	0xe7
 462 0295 18       		.uleb128 0x18
 463 0296 D5000000 		.4byte	.LASF25
 464 029a D5000000 		.4byte	.LASF25
 465 029e 08       		.byte	0x8
 466 029f 2A03     		.2byte	0x32a
 467 02a1 17       		.uleb128 0x17
 468 02a2 C9000000 		.4byte	.LASF26
 469 02a6 C9000000 		.4byte	.LASF26
 470 02aa 01       		.byte	0x1
 471 02ab 76       		.byte	0x76
 472 02ac 17       		.uleb128 0x17
 473 02ad 0B000000 		.4byte	.LASF27
 474 02b1 0B000000 		.4byte	.LASF27
 475 02b5 09       		.byte	0x9
 476 02b6 72       		.byte	0x72
 477 02b7 17       		.uleb128 0x17
 478 02b8 14020000 		.4byte	.LASF28
 479 02bc 14020000 		.4byte	.LASF28
 480 02c0 06       		.byte	0x6
 481 02c1 99       		.byte	0x99
 482 02c2 17       		.uleb128 0x17
 483 02c3 73020000 		.4byte	.LASF29
 484 02c7 73020000 		.4byte	.LASF29
 485 02cb 04       		.byte	0x4
 486 02cc 25       		.byte	0x25
 487 02cd 00       		.byte	0
 488              		.section	.debug_abbrev,"",%progbits
 489              	.Ldebug_abbrev0:
 490 0000 01       		.uleb128 0x1
 491 0001 11       		.uleb128 0x11
 492 0002 01       		.byte	0x1
 493 0003 25       		.uleb128 0x25
 494 0004 0E       		.uleb128 0xe
 495 0005 13       		.uleb128 0x13
 496 0006 0B       		.uleb128 0xb
 497 0007 03       		.uleb128 0x3
ARM GAS  C:\Users\ASUS\AppData\Local\Temp\ccenjuMa.s 			page 12


 498 0008 0E       		.uleb128 0xe
 499 0009 1B       		.uleb128 0x1b
 500 000a 0E       		.uleb128 0xe
 501 000b 55       		.uleb128 0x55
 502 000c 17       		.uleb128 0x17
 503 000d 11       		.uleb128 0x11
 504 000e 01       		.uleb128 0x1
 505 000f 10       		.uleb128 0x10
 506 0010 17       		.uleb128 0x17
 507 0011 00       		.byte	0
 508 0012 00       		.byte	0
 509 0013 02       		.uleb128 0x2
 510 0014 24       		.uleb128 0x24
 511 0015 00       		.byte	0
 512 0016 0B       		.uleb128 0xb
 513 0017 0B       		.uleb128 0xb
 514 0018 3E       		.uleb128 0x3e
 515 0019 0B       		.uleb128 0xb
 516 001a 03       		.uleb128 0x3
 517 001b 0E       		.uleb128 0xe
 518 001c 00       		.byte	0
 519 001d 00       		.byte	0
 520 001e 03       		.uleb128 0x3
 521 001f 16       		.uleb128 0x16
 522 0020 00       		.byte	0
 523 0021 03       		.uleb128 0x3
 524 0022 0E       		.uleb128 0xe
 525 0023 3A       		.uleb128 0x3a
 526 0024 0B       		.uleb128 0xb
 527 0025 3B       		.uleb128 0x3b
 528 0026 0B       		.uleb128 0xb
 529 0027 49       		.uleb128 0x49
 530 0028 13       		.uleb128 0x13
 531 0029 00       		.byte	0
 532 002a 00       		.byte	0
 533 002b 04       		.uleb128 0x4
 534 002c 24       		.uleb128 0x24
 535 002d 00       		.byte	0
 536 002e 0B       		.uleb128 0xb
 537 002f 0B       		.uleb128 0xb
 538 0030 3E       		.uleb128 0x3e
 539 0031 0B       		.uleb128 0xb
 540 0032 03       		.uleb128 0x3
 541 0033 08       		.uleb128 0x8
 542 0034 00       		.byte	0
 543 0035 00       		.byte	0
 544 0036 05       		.uleb128 0x5
 545 0037 16       		.uleb128 0x16
 546 0038 00       		.byte	0
 547 0039 03       		.uleb128 0x3
 548 003a 08       		.uleb128 0x8
 549 003b 3A       		.uleb128 0x3a
 550 003c 0B       		.uleb128 0xb
 551 003d 3B       		.uleb128 0x3b
 552 003e 0B       		.uleb128 0xb
 553 003f 49       		.uleb128 0x49
 554 0040 13       		.uleb128 0x13
ARM GAS  C:\Users\ASUS\AppData\Local\Temp\ccenjuMa.s 			page 13


 555 0041 00       		.byte	0
 556 0042 00       		.byte	0
 557 0043 06       		.uleb128 0x6
 558 0044 2E       		.uleb128 0x2e
 559 0045 01       		.byte	0x1
 560 0046 3F       		.uleb128 0x3f
 561 0047 19       		.uleb128 0x19
 562 0048 03       		.uleb128 0x3
 563 0049 0E       		.uleb128 0xe
 564 004a 3A       		.uleb128 0x3a
 565 004b 0B       		.uleb128 0xb
 566 004c 3B       		.uleb128 0x3b
 567 004d 0B       		.uleb128 0xb
 568 004e 27       		.uleb128 0x27
 569 004f 19       		.uleb128 0x19
 570 0050 49       		.uleb128 0x49
 571 0051 13       		.uleb128 0x13
 572 0052 20       		.uleb128 0x20
 573 0053 0B       		.uleb128 0xb
 574 0054 01       		.uleb128 0x1
 575 0055 13       		.uleb128 0x13
 576 0056 00       		.byte	0
 577 0057 00       		.byte	0
 578 0058 07       		.uleb128 0x7
 579 0059 05       		.uleb128 0x5
 580 005a 00       		.byte	0
 581 005b 03       		.uleb128 0x3
 582 005c 0E       		.uleb128 0xe
 583 005d 3A       		.uleb128 0x3a
 584 005e 0B       		.uleb128 0xb
 585 005f 3B       		.uleb128 0x3b
 586 0060 0B       		.uleb128 0xb
 587 0061 49       		.uleb128 0x49
 588 0062 13       		.uleb128 0x13
 589 0063 00       		.byte	0
 590 0064 00       		.byte	0
 591 0065 08       		.uleb128 0x8
 592 0066 2E       		.uleb128 0x2e
 593 0067 00       		.byte	0
 594 0068 3F       		.uleb128 0x3f
 595 0069 19       		.uleb128 0x19
 596 006a 03       		.uleb128 0x3
 597 006b 0E       		.uleb128 0xe
 598 006c 3A       		.uleb128 0x3a
 599 006d 0B       		.uleb128 0xb
 600 006e 3B       		.uleb128 0x3b
 601 006f 0B       		.uleb128 0xb
 602 0070 11       		.uleb128 0x11
 603 0071 01       		.uleb128 0x1
 604 0072 12       		.uleb128 0x12
 605 0073 06       		.uleb128 0x6
 606 0074 40       		.uleb128 0x40
 607 0075 18       		.uleb128 0x18
 608 0076 9742     		.uleb128 0x2117
 609 0078 19       		.uleb128 0x19
 610 0079 00       		.byte	0
 611 007a 00       		.byte	0
ARM GAS  C:\Users\ASUS\AppData\Local\Temp\ccenjuMa.s 			page 14


 612 007b 09       		.uleb128 0x9
 613 007c 2E       		.uleb128 0x2e
 614 007d 01       		.byte	0x1
 615 007e 3F       		.uleb128 0x3f
 616 007f 19       		.uleb128 0x19
 617 0080 03       		.uleb128 0x3
 618 0081 0E       		.uleb128 0xe
 619 0082 3A       		.uleb128 0x3a
 620 0083 0B       		.uleb128 0xb
 621 0084 3B       		.uleb128 0x3b
 622 0085 0B       		.uleb128 0xb
 623 0086 49       		.uleb128 0x49
 624 0087 13       		.uleb128 0x13
 625 0088 8701     		.uleb128 0x87
 626 008a 19       		.uleb128 0x19
 627 008b 11       		.uleb128 0x11
 628 008c 01       		.uleb128 0x1
 629 008d 12       		.uleb128 0x12
 630 008e 06       		.uleb128 0x6
 631 008f 40       		.uleb128 0x40
 632 0090 18       		.uleb128 0x18
 633 0091 9742     		.uleb128 0x2117
 634 0093 19       		.uleb128 0x19
 635 0094 01       		.uleb128 0x1
 636 0095 13       		.uleb128 0x13
 637 0096 00       		.byte	0
 638 0097 00       		.byte	0
 639 0098 0A       		.uleb128 0xa
 640 0099 0B       		.uleb128 0xb
 641 009a 01       		.byte	0x1
 642 009b 11       		.uleb128 0x11
 643 009c 01       		.uleb128 0x1
 644 009d 12       		.uleb128 0x12
 645 009e 06       		.uleb128 0x6
 646 009f 01       		.uleb128 0x1
 647 00a0 13       		.uleb128 0x13
 648 00a1 00       		.byte	0
 649 00a2 00       		.byte	0
 650 00a3 0B       		.uleb128 0xb
 651 00a4 34       		.uleb128 0x34
 652 00a5 00       		.byte	0
 653 00a6 03       		.uleb128 0x3
 654 00a7 0E       		.uleb128 0xe
 655 00a8 3A       		.uleb128 0x3a
 656 00a9 0B       		.uleb128 0xb
 657 00aa 3B       		.uleb128 0x3b
 658 00ab 0B       		.uleb128 0xb
 659 00ac 49       		.uleb128 0x49
 660 00ad 13       		.uleb128 0x13
 661 00ae 00       		.byte	0
 662 00af 00       		.byte	0
 663 00b0 0C       		.uleb128 0xc
 664 00b1 2E       		.uleb128 0x2e
 665 00b2 01       		.byte	0x1
 666 00b3 3F       		.uleb128 0x3f
 667 00b4 19       		.uleb128 0x19
 668 00b5 03       		.uleb128 0x3
ARM GAS  C:\Users\ASUS\AppData\Local\Temp\ccenjuMa.s 			page 15


 669 00b6 0E       		.uleb128 0xe
 670 00b7 3A       		.uleb128 0x3a
 671 00b8 0B       		.uleb128 0xb
 672 00b9 3B       		.uleb128 0x3b
 673 00ba 0B       		.uleb128 0xb
 674 00bb 49       		.uleb128 0x49
 675 00bc 13       		.uleb128 0x13
 676 00bd 3C       		.uleb128 0x3c
 677 00be 19       		.uleb128 0x19
 678 00bf 01       		.uleb128 0x1
 679 00c0 13       		.uleb128 0x13
 680 00c1 00       		.byte	0
 681 00c2 00       		.byte	0
 682 00c3 0D       		.uleb128 0xd
 683 00c4 18       		.uleb128 0x18
 684 00c5 00       		.byte	0
 685 00c6 00       		.byte	0
 686 00c7 00       		.byte	0
 687 00c8 0E       		.uleb128 0xe
 688 00c9 1D       		.uleb128 0x1d
 689 00ca 01       		.byte	0x1
 690 00cb 31       		.uleb128 0x31
 691 00cc 13       		.uleb128 0x13
 692 00cd 11       		.uleb128 0x11
 693 00ce 01       		.uleb128 0x1
 694 00cf 12       		.uleb128 0x12
 695 00d0 06       		.uleb128 0x6
 696 00d1 58       		.uleb128 0x58
 697 00d2 0B       		.uleb128 0xb
 698 00d3 59       		.uleb128 0x59
 699 00d4 0B       		.uleb128 0xb
 700 00d5 01       		.uleb128 0x1
 701 00d6 13       		.uleb128 0x13
 702 00d7 00       		.byte	0
 703 00d8 00       		.byte	0
 704 00d9 0F       		.uleb128 0xf
 705 00da 05       		.uleb128 0x5
 706 00db 00       		.byte	0
 707 00dc 31       		.uleb128 0x31
 708 00dd 13       		.uleb128 0x13
 709 00de 02       		.uleb128 0x2
 710 00df 17       		.uleb128 0x17
 711 00e0 00       		.byte	0
 712 00e1 00       		.byte	0
 713 00e2 10       		.uleb128 0x10
 714 00e3 898201   		.uleb128 0x4109
 715 00e6 01       		.byte	0x1
 716 00e7 11       		.uleb128 0x11
 717 00e8 01       		.uleb128 0x1
 718 00e9 31       		.uleb128 0x31
 719 00ea 13       		.uleb128 0x13
 720 00eb 01       		.uleb128 0x1
 721 00ec 13       		.uleb128 0x13
 722 00ed 00       		.byte	0
 723 00ee 00       		.byte	0
 724 00ef 11       		.uleb128 0x11
 725 00f0 8A8201   		.uleb128 0x410a
ARM GAS  C:\Users\ASUS\AppData\Local\Temp\ccenjuMa.s 			page 16


 726 00f3 00       		.byte	0
 727 00f4 02       		.uleb128 0x2
 728 00f5 18       		.uleb128 0x18
 729 00f6 9142     		.uleb128 0x2111
 730 00f8 18       		.uleb128 0x18
 731 00f9 00       		.byte	0
 732 00fa 00       		.byte	0
 733 00fb 12       		.uleb128 0x12
 734 00fc 898201   		.uleb128 0x4109
 735 00ff 00       		.byte	0
 736 0100 11       		.uleb128 0x11
 737 0101 01       		.uleb128 0x1
 738 0102 31       		.uleb128 0x31
 739 0103 13       		.uleb128 0x13
 740 0104 00       		.byte	0
 741 0105 00       		.byte	0
 742 0106 13       		.uleb128 0x13
 743 0107 898201   		.uleb128 0x4109
 744 010a 01       		.byte	0x1
 745 010b 11       		.uleb128 0x11
 746 010c 01       		.uleb128 0x1
 747 010d 31       		.uleb128 0x31
 748 010e 13       		.uleb128 0x13
 749 010f 00       		.byte	0
 750 0110 00       		.byte	0
 751 0111 14       		.uleb128 0x14
 752 0112 01       		.uleb128 0x1
 753 0113 01       		.byte	0x1
 754 0114 49       		.uleb128 0x49
 755 0115 13       		.uleb128 0x13
 756 0116 01       		.uleb128 0x1
 757 0117 13       		.uleb128 0x13
 758 0118 00       		.byte	0
 759 0119 00       		.byte	0
 760 011a 15       		.uleb128 0x15
 761 011b 21       		.uleb128 0x21
 762 011c 00       		.byte	0
 763 011d 49       		.uleb128 0x49
 764 011e 13       		.uleb128 0x13
 765 011f 2F       		.uleb128 0x2f
 766 0120 0B       		.uleb128 0xb
 767 0121 00       		.byte	0
 768 0122 00       		.byte	0
 769 0123 16       		.uleb128 0x16
 770 0124 34       		.uleb128 0x34
 771 0125 00       		.byte	0
 772 0126 03       		.uleb128 0x3
 773 0127 0E       		.uleb128 0xe
 774 0128 3A       		.uleb128 0x3a
 775 0129 0B       		.uleb128 0xb
 776 012a 3B       		.uleb128 0x3b
 777 012b 0B       		.uleb128 0xb
 778 012c 49       		.uleb128 0x49
 779 012d 13       		.uleb128 0x13
 780 012e 3F       		.uleb128 0x3f
 781 012f 19       		.uleb128 0x19
 782 0130 02       		.uleb128 0x2
ARM GAS  C:\Users\ASUS\AppData\Local\Temp\ccenjuMa.s 			page 17


 783 0131 18       		.uleb128 0x18
 784 0132 00       		.byte	0
 785 0133 00       		.byte	0
 786 0134 17       		.uleb128 0x17
 787 0135 2E       		.uleb128 0x2e
 788 0136 00       		.byte	0
 789 0137 3F       		.uleb128 0x3f
 790 0138 19       		.uleb128 0x19
 791 0139 3C       		.uleb128 0x3c
 792 013a 19       		.uleb128 0x19
 793 013b 6E       		.uleb128 0x6e
 794 013c 0E       		.uleb128 0xe
 795 013d 03       		.uleb128 0x3
 796 013e 0E       		.uleb128 0xe
 797 013f 3A       		.uleb128 0x3a
 798 0140 0B       		.uleb128 0xb
 799 0141 3B       		.uleb128 0x3b
 800 0142 0B       		.uleb128 0xb
 801 0143 00       		.byte	0
 802 0144 00       		.byte	0
 803 0145 18       		.uleb128 0x18
 804 0146 2E       		.uleb128 0x2e
 805 0147 00       		.byte	0
 806 0148 3F       		.uleb128 0x3f
 807 0149 19       		.uleb128 0x19
 808 014a 3C       		.uleb128 0x3c
 809 014b 19       		.uleb128 0x19
 810 014c 6E       		.uleb128 0x6e
 811 014d 0E       		.uleb128 0xe
 812 014e 03       		.uleb128 0x3
 813 014f 0E       		.uleb128 0xe
 814 0150 3A       		.uleb128 0x3a
 815 0151 0B       		.uleb128 0xb
 816 0152 3B       		.uleb128 0x3b
 817 0153 05       		.uleb128 0x5
 818 0154 00       		.byte	0
 819 0155 00       		.byte	0
 820 0156 00       		.byte	0
 821              		.section	.debug_loc,"",%progbits
 822              	.Ldebug_loc0:
 823              	.LLST0:
 824 0000 12000000 		.4byte	.LVL3
 825 0004 38000000 		.4byte	.LVL10
 826 0008 0200     		.2byte	0x2
 827 000a 30       		.byte	0x30
 828 000b 9F       		.byte	0x9f
 829 000c 00000000 		.4byte	0
 830 0010 00000000 		.4byte	0
 831              		.section	.debug_aranges,"",%progbits
 832 0000 24000000 		.4byte	0x24
 833 0004 0200     		.2byte	0x2
 834 0006 00000000 		.4byte	.Ldebug_info0
 835 000a 04       		.byte	0x4
 836 000b 00       		.byte	0
 837 000c 0000     		.2byte	0
 838 000e 0000     		.2byte	0
 839 0010 00000000 		.4byte	.LFB33
ARM GAS  C:\Users\ASUS\AppData\Local\Temp\ccenjuMa.s 			page 18


 840 0014 04000000 		.4byte	.LFE33-.LFB33
 841 0018 00000000 		.4byte	.LFB35
 842 001c 60000000 		.4byte	.LFE35-.LFB35
 843 0020 00000000 		.4byte	0
 844 0024 00000000 		.4byte	0
 845              		.section	.debug_ranges,"",%progbits
 846              	.Ldebug_ranges0:
 847 0000 00000000 		.4byte	.LFB33
 848 0004 04000000 		.4byte	.LFE33
 849 0008 00000000 		.4byte	.LFB35
 850 000c 60000000 		.4byte	.LFE35
 851 0010 00000000 		.4byte	0
 852 0014 00000000 		.4byte	0
 853              		.section	.debug_line,"",%progbits
 854              	.Ldebug_line0:
 855 0000 24020000 		.section	.debug_str,"MS",%progbits,1
 855      0200DF01 
 855      00000201 
 855      FB0E0D00 
 855      01010101 
 856              	.LASF38:
 857 0000 5F5F7465 		.ascii	"__temp_str\000"
 857      6D705F73 
 857      747200
 858              	.LASF27:
 859 000b 75617274 		.ascii	"uart_Start\000"
 859      5F537461 
 859      727400
 860              	.LASF34:
 861 0016 6368616E 		.ascii	"channel\000"
 861      6E656C00 
 862              	.LASF32:
 863 001e 433A5C61 		.ascii	"C:\\aixt\\aixt\\ports\\Cypress\\CY8CKIT-049-42XX\\e"
 863      6978745C 
 863      61697874 
 863      5C706F72 
 863      74735C43 
 864 004b 78616D70 		.ascii	"xamples\\CY8CKIT-049-42XX-adc.cydsn\000"
 864      6C65735C 
 864      43593843 
 864      4B49542D 
 864      3034392D 
 865              	.LASF37:
 866 006e 616E616C 		.ascii	"analog\000"
 866      6F6700
 867              	.LASF5:
 868 0075 5F5F696E 		.ascii	"__int32_t\000"
 868      7433325F 
 868      7400
 869              	.LASF16:
 870 007f 666C6F61 		.ascii	"float\000"
 870      7400
 871              	.LASF1:
 872 0085 756E7369 		.ascii	"unsigned char\000"
 872      676E6564 
 872      20636861 
 872      7200
ARM GAS  C:\Users\ASUS\AppData\Local\Temp\ccenjuMa.s 			page 19


 873              	.LASF7:
 874 0093 6C6F6E67 		.ascii	"long unsigned int\000"
 874      20756E73 
 874      69676E65 
 874      6420696E 
 874      7400
 875              	.LASF3:
 876 00a5 73686F72 		.ascii	"short unsigned int\000"
 876      7420756E 
 876      7369676E 
 876      65642069 
 876      6E7400
 877              	.LASF20:
 878 00b8 6164635F 		.ascii	"adc_StartConvert\000"
 878      53746172 
 878      74436F6E 
 878      76657274 
 878      00
 879              	.LASF26:
 880 00c9 55617274 		.ascii	"UartPutCRLF\000"
 880      50757443 
 880      524C4600 
 881              	.LASF25:
 882 00d5 75617274 		.ascii	"uart_UartPutString\000"
 882      5F556172 
 882      74507574 
 882      53747269 
 882      6E6700
 883              	.LASF23:
 884 00e8 6164635F 		.ascii	"adc_GetResult16\000"
 884      47657452 
 884      6573756C 
 884      74313600 
 885              	.LASF17:
 886 00f8 646F7562 		.ascii	"double\000"
 886      6C6500
 887              	.LASF36:
 888 00ff 6D61696E 		.ascii	"main\000"
 888      00
 889              	.LASF10:
 890 0104 756E7369 		.ascii	"unsigned int\000"
 890      676E6564 
 890      20696E74 
 890      00
 891              	.LASF9:
 892 0111 6C6F6E67 		.ascii	"long long unsigned int\000"
 892      206C6F6E 
 892      6720756E 
 892      7369676E 
 892      65642069 
 893              	.LASF33:
 894 0128 6164635F 		.ascii	"adc__read\000"
 894      5F726561 
 894      6400
 895              	.LASF30:
 896 0132 474E5520 		.ascii	"GNU C11 5.4.1 20160609 (release) [ARM/embedded-5-br"
 896      43313120 
ARM GAS  C:\Users\ASUS\AppData\Local\Temp\ccenjuMa.s 			page 20


 896      352E342E 
 896      31203230 
 896      31363036 
 897 0165 616E6368 		.ascii	"anch revision 237715] -mcpu=cortex-m0 -mthumb -g -O"
 897      20726576 
 897      6973696F 
 897      6E203233 
 897      37373135 
 898 0198 67202D66 		.ascii	"g -ffunction-sections -ffat-lto-objects\000"
 898      66756E63 
 898      74696F6E 
 898      2D736563 
 898      74696F6E 
 899              	.LASF12:
 900 01c0 696E7433 		.ascii	"int32_t\000"
 900      325F7400 
 901              	.LASF14:
 902 01c8 73697A65 		.ascii	"sizetype\000"
 902      74797065 
 902      00
 903              	.LASF35:
 904 01d1 6D61696E 		.ascii	"main__init\000"
 904      5F5F696E 
 904      697400
 905              	.LASF8:
 906 01dc 6C6F6E67 		.ascii	"long long int\000"
 906      206C6F6E 
 906      6720696E 
 906      7400
 907              	.LASF31:
 908 01ea 6D61696E 		.ascii	"main.c\000"
 908      2E6300
 909              	.LASF15:
 910 01f1 63686172 		.ascii	"char\000"
 910      00
 911              	.LASF2:
 912 01f6 73686F72 		.ascii	"short int\000"
 912      7420696E 
 912      7400
 913              	.LASF4:
 914 0200 5F5F7569 		.ascii	"__uint16_t\000"
 914      6E743136 
 914      5F7400
 915              	.LASF11:
 916 020b 75696E74 		.ascii	"uint16_t\000"
 916      31365F74 
 916      00
 917              	.LASF28:
 918 0214 6164635F 		.ascii	"adc_Start\000"
 918      53746172 
 918      7400
 919              	.LASF22:
 920 021e 6164635F 		.ascii	"adc_StopConvert\000"
 920      53746F70 
 920      436F6E76 
 920      65727400 
 921              	.LASF6:
ARM GAS  C:\Users\ASUS\AppData\Local\Temp\ccenjuMa.s 			page 21


 922 022e 6C6F6E67 		.ascii	"long int\000"
 922      20696E74 
 922      00
 923              	.LASF21:
 924 0237 6164635F 		.ascii	"adc_IsEndConversion\000"
 924      4973456E 
 924      64436F6E 
 924      76657273 
 924      696F6E00 
 925              	.LASF13:
 926 024b 6C6F6E67 		.ascii	"long double\000"
 926      20646F75 
 926      626C6500 
 927              	.LASF18:
 928 0257 616D7578 		.ascii	"amux_FastSelect\000"
 928      5F466173 
 928      7453656C 
 928      65637400 
 929              	.LASF0:
 930 0267 7369676E 		.ascii	"signed char\000"
 930      65642063 
 930      68617200 
 931              	.LASF29:
 932 0273 616D7578 		.ascii	"amux_Start\000"
 932      5F537461 
 932      727400
 933              	.LASF24:
 934 027e 73707269 		.ascii	"sprintf\000"
 934      6E746600 
 935              	.LASF19:
 936 0286 43794465 		.ascii	"CyDelay\000"
 936      6C617900 
 937              		.ident	"GCC: (GNU Tools for ARM Embedded Processors) 5.4.1 20160609 (release) [ARM/embedded-5-bran
