ARM GAS  C:\Users\ASUS\AppData\Local\Temp\ccUHrUvb.s 			page 1


   1              		.syntax unified
   2              		.cpu cortex-m0
   3              		.fpu softvfp
   4              		.eabi_attribute 20, 1
   5              		.eabi_attribute 21, 1
   6              		.eabi_attribute 23, 3
   7              		.eabi_attribute 24, 1
   8              		.eabi_attribute 25, 1
   9              		.eabi_attribute 26, 1
  10              		.eabi_attribute 30, 6
  11              		.eabi_attribute 34, 0
  12              		.eabi_attribute 18, 4
  13              		.thumb
  14              		.syntax unified
  15              		.file	"Bootloadable_1.c"
  16              		.text
  17              	.Ltext0:
  18              		.cfi_sections	.debug_frame
  19              		.section	.text.Bootloadable_1_Load,"ax",%progbits
  20              		.align	2
  21              		.global	Bootloadable_1_Load
  22              		.code	16
  23              		.thumb_func
  24              		.type	Bootloadable_1_Load, %function
  25              	Bootloadable_1_Load:
  26              	.LFB0:
  27              		.file 1 "Generated_Source\\PSoC4\\Bootloadable_1.c"
   1:Generated_Source\PSoC4/Bootloadable_1.c **** /****************************************************************************//**
   2:Generated_Source\PSoC4/Bootloadable_1.c **** * \file Bootloadable_1.c
   3:Generated_Source\PSoC4/Bootloadable_1.c **** * \version 1.60
   4:Generated_Source\PSoC4/Bootloadable_1.c **** *
   5:Generated_Source\PSoC4/Bootloadable_1.c **** * \brief
   6:Generated_Source\PSoC4/Bootloadable_1.c **** *   Provides an API for the Bootloadable application.
   7:Generated_Source\PSoC4/Bootloadable_1.c **** *
   8:Generated_Source\PSoC4/Bootloadable_1.c **** ********************************************************************************
   9:Generated_Source\PSoC4/Bootloadable_1.c **** * \copyright
  10:Generated_Source\PSoC4/Bootloadable_1.c **** * Copyright 2008-2015, Cypress Semiconductor Corporation.  All rights reserved.
  11:Generated_Source\PSoC4/Bootloadable_1.c **** * You may use this file only in accordance with the license, terms, conditions,
  12:Generated_Source\PSoC4/Bootloadable_1.c **** * disclaimers, and limitations in the end user license agreement accompanying
  13:Generated_Source\PSoC4/Bootloadable_1.c **** * the software package with which this file was provided.
  14:Generated_Source\PSoC4/Bootloadable_1.c **** *******************************************************************************/
  15:Generated_Source\PSoC4/Bootloadable_1.c **** 
  16:Generated_Source\PSoC4/Bootloadable_1.c **** #include "Bootloadable_1.h"
  17:Generated_Source\PSoC4/Bootloadable_1.c **** 
  18:Generated_Source\PSoC4/Bootloadable_1.c **** /**
  19:Generated_Source\PSoC4/Bootloadable_1.c ****  \defgroup functions_group Functions
  20:Generated_Source\PSoC4/Bootloadable_1.c ****  @{
  21:Generated_Source\PSoC4/Bootloadable_1.c **** */
  22:Generated_Source\PSoC4/Bootloadable_1.c **** 
  23:Generated_Source\PSoC4/Bootloadable_1.c **** #if (CYDEV_PROJ_TYPE == CYDEV_PROJ_TYPE_LOADABLEANDBOOTLOADER)
  24:Generated_Source\PSoC4/Bootloadable_1.c **** static cystatus Bootloadable_1_WriteFlashByte(const uint32 address, const uint8 inputValue) CYLARGE
  25:Generated_Source\PSoC4/Bootloadable_1.c ****                                ;
  26:Generated_Source\PSoC4/Bootloadable_1.c **** #endif /*(CYDEV_PROJ_TYPE == CYDEV_PROJ_TYPE_LOADABLEANDBOOTLOADER)*/
  27:Generated_Source\PSoC4/Bootloadable_1.c **** 
  28:Generated_Source\PSoC4/Bootloadable_1.c **** /*******************************************************************************
  29:Generated_Source\PSoC4/Bootloadable_1.c **** * Function Name: Bootloadable_1_Load
  30:Generated_Source\PSoC4/Bootloadable_1.c **** ****************************************************************************//**
ARM GAS  C:\Users\ASUS\AppData\Local\Temp\ccUHrUvb.s 			page 2


  31:Generated_Source\PSoC4/Bootloadable_1.c **** *
  32:Generated_Source\PSoC4/Bootloadable_1.c **** * \brief
  33:Generated_Source\PSoC4/Bootloadable_1.c **** *  Schedules the Bootloader/Launcher to be launched and then performs
  34:Generated_Source\PSoC4/Bootloadable_1.c **** *  a software reset to launch it
  35:Generated_Source\PSoC4/Bootloadable_1.c **** *
  36:Generated_Source\PSoC4/Bootloadable_1.c **** * \return
  37:Generated_Source\PSoC4/Bootloadable_1.c **** *  This method will never return. It will load a new application and reset
  38:Generated_Source\PSoC4/Bootloadable_1.c **** *  the device.
  39:Generated_Source\PSoC4/Bootloadable_1.c **** *
  40:Generated_Source\PSoC4/Bootloadable_1.c **** *******************************************************************************/
  41:Generated_Source\PSoC4/Bootloadable_1.c **** void Bootloadable_1_Load(void) 
  42:Generated_Source\PSoC4/Bootloadable_1.c **** {
  28              		.loc 1 42 0
  29              		.cfi_startproc
  30              		@ args = 0, pretend = 0, frame = 0
  31              		@ frame_needed = 1, uses_anonymous_args = 0
  32 0000 80B5     		push	{r7, lr}
  33              		.cfi_def_cfa_offset 8
  34              		.cfi_offset 7, -8
  35              		.cfi_offset 14, -4
  36 0002 00AF     		add	r7, sp, #0
  37              		.cfi_def_cfa_register 7
  43:Generated_Source\PSoC4/Bootloadable_1.c ****     /* Schedule Bootloader to start after reset */
  44:Generated_Source\PSoC4/Bootloadable_1.c ****     Bootloadable_1_SET_RUN_TYPE(Bootloadable_1_SCHEDULE_BTLDR);
  38              		.loc 1 44 0
  39 0004 034B     		ldr	r3, .L2
  40 0006 4022     		movs	r2, #64
  41 0008 1A60     		str	r2, [r3]
  45:Generated_Source\PSoC4/Bootloadable_1.c **** 
  46:Generated_Source\PSoC4/Bootloadable_1.c ****     CySoftwareReset();
  42              		.loc 1 46 0
  43 000a FFF7FEFF 		bl	CySoftwareReset
  47:Generated_Source\PSoC4/Bootloadable_1.c **** }
  44              		.loc 1 47 0
  45 000e C046     		nop
  46 0010 BD46     		mov	sp, r7
  47              		@ sp needed
  48 0012 80BD     		pop	{r7, pc}
  49              	.L3:
  50              		.align	2
  51              	.L2:
  52 0014 00000000 		.word	cyBtldrRunType
  53              		.cfi_endproc
  54              	.LFE0:
  55              		.size	Bootloadable_1_Load, .-Bootloadable_1_Load
  56              		.section	.text.Bootloadable_1_SetFlashByte,"ax",%progbits
  57              		.align	2
  58              		.global	Bootloadable_1_SetFlashByte
  59              		.code	16
  60              		.thumb_func
  61              		.type	Bootloadable_1_SetFlashByte, %function
  62              	Bootloadable_1_SetFlashByte:
  63              	.LFB1:
  48:Generated_Source\PSoC4/Bootloadable_1.c **** 
  49:Generated_Source\PSoC4/Bootloadable_1.c **** #if (CYDEV_PROJ_TYPE == CYDEV_PROJ_TYPE_LOADABLEANDBOOTLOADER)
  50:Generated_Source\PSoC4/Bootloadable_1.c **** /*******************************************************************************
  51:Generated_Source\PSoC4/Bootloadable_1.c **** * Function Name: Bootloadable_1_GetActiveApplication
ARM GAS  C:\Users\ASUS\AppData\Local\Temp\ccUHrUvb.s 			page 3


  52:Generated_Source\PSoC4/Bootloadable_1.c **** ****************************************************************************//**
  53:Generated_Source\PSoC4/Bootloadable_1.c **** *
  54:Generated_Source\PSoC4/Bootloadable_1.c **** * \brief
  55:Generated_Source\PSoC4/Bootloadable_1.c **** *   Gets the application which will be loaded after a next reset event.
  56:Generated_Source\PSoC4/Bootloadable_1.c **** *   NOTE Intended for the combination project type ONLY!
  57:Generated_Source\PSoC4/Bootloadable_1.c **** *
  58:Generated_Source\PSoC4/Bootloadable_1.c **** * \return 
  59:Generated_Source\PSoC4/Bootloadable_1.c **** *  A number of the current active application set in the metadata section.
  60:Generated_Source\PSoC4/Bootloadable_1.c **** *  \n  0 - app#0 is set as active.
  61:Generated_Source\PSoC4/Bootloadable_1.c **** *  \n  1 - app#1 is set as active.
  62:Generated_Source\PSoC4/Bootloadable_1.c **** *
  63:Generated_Source\PSoC4/Bootloadable_1.c **** * \note If neither of the applications is set active, then the API returns 0x02.
  64:Generated_Source\PSoC4/Bootloadable_1.c **** *
  65:Generated_Source\PSoC4/Bootloadable_1.c **** *******************************************************************************/
  66:Generated_Source\PSoC4/Bootloadable_1.c **** uint8 Bootloadable_1_GetActiveApplication(void) CYSMALL \
  67:Generated_Source\PSoC4/Bootloadable_1.c ****                           
  68:Generated_Source\PSoC4/Bootloadable_1.c **** {   
  69:Generated_Source\PSoC4/Bootloadable_1.c ****     uint8 result = Bootloadable_1_MD_BTLDB_ACTIVE_NONE;
  70:Generated_Source\PSoC4/Bootloadable_1.c ****     
  71:Generated_Source\PSoC4/Bootloadable_1.c ****     if (0u != Bootloadable_1_GET_CODE_DATA( \
  72:Generated_Source\PSoC4/Bootloadable_1.c ****               Bootloadable_1_MD_BTLDB_ACTIVE_OFFSET(Bootloadable_1_MD_BTLDB_ACTIVE_0))) 
  73:Generated_Source\PSoC4/Bootloadable_1.c ****     {
  74:Generated_Source\PSoC4/Bootloadable_1.c ****         result = Bootloadable_1_MD_BTLDB_ACTIVE_0;
  75:Generated_Source\PSoC4/Bootloadable_1.c ****     }
  76:Generated_Source\PSoC4/Bootloadable_1.c ****     else if (0u != Bootloadable_1_GET_CODE_DATA( \
  77:Generated_Source\PSoC4/Bootloadable_1.c ****                    Bootloadable_1_MD_BTLDB_ACTIVE_OFFSET(Bootloadable_1_MD_BTLDB_ACTIVE_1)))
  78:Generated_Source\PSoC4/Bootloadable_1.c ****     {
  79:Generated_Source\PSoC4/Bootloadable_1.c ****         result = Bootloadable_1_MD_BTLDB_ACTIVE_1;    
  80:Generated_Source\PSoC4/Bootloadable_1.c ****     }
  81:Generated_Source\PSoC4/Bootloadable_1.c ****     else
  82:Generated_Source\PSoC4/Bootloadable_1.c ****     {
  83:Generated_Source\PSoC4/Bootloadable_1.c ****         /*Do nothing, result is none*/
  84:Generated_Source\PSoC4/Bootloadable_1.c ****     }
  85:Generated_Source\PSoC4/Bootloadable_1.c ****     
  86:Generated_Source\PSoC4/Bootloadable_1.c ****     return (result);
  87:Generated_Source\PSoC4/Bootloadable_1.c **** }
  88:Generated_Source\PSoC4/Bootloadable_1.c **** 
  89:Generated_Source\PSoC4/Bootloadable_1.c **** /*******************************************************************************
  90:Generated_Source\PSoC4/Bootloadable_1.c **** * Function Name: Bootloadable_1_SetActiveApplication
  91:Generated_Source\PSoC4/Bootloadable_1.c **** ****************************************************************************//**
  92:Generated_Source\PSoC4/Bootloadable_1.c **** *
  93:Generated_Source\PSoC4/Bootloadable_1.c **** * \brief 
  94:Generated_Source\PSoC4/Bootloadable_1.c **** *   Sets the application which will be loaded after a next reset event.          
  95:Generated_Source\PSoC4/Bootloadable_1.c **** *   
  96:Generated_Source\PSoC4/Bootloadable_1.c **** * \details
  97:Generated_Source\PSoC4/Bootloadable_1.c **** * Theory: 
  98:Generated_Source\PSoC4/Bootloadable_1.c **** *   This API sets in the Flash (metadata section) the given active application 
  99:Generated_Source\PSoC4/Bootloadable_1.c **** *   number.
 100:Generated_Source\PSoC4/Bootloadable_1.c **** *          
 101:Generated_Source\PSoC4/Bootloadable_1.c **** *   NOTE The active application number is not set directly, but the boolean 
 102:Generated_Source\PSoC4/Bootloadable_1.c **** *   mark instead means that the application is active or not for the relative 
 103:Generated_Source\PSoC4/Bootloadable_1.c **** *   metadata. Both metadata sections are updated. For example, if the second 
 104:Generated_Source\PSoC4/Bootloadable_1.c **** *   application is to be set active, then in the metadata section for the first 
 105:Generated_Source\PSoC4/Bootloadable_1.c **** *   application there will be a "0" written, which means that it is not active, and 
 106:Generated_Source\PSoC4/Bootloadable_1.c **** *   for the second metadata section there will be a "1" written, which means that it is 
 107:Generated_Source\PSoC4/Bootloadable_1.c **** *   active. 
 108:Generated_Source\PSoC4/Bootloadable_1.c **** *
ARM GAS  C:\Users\ASUS\AppData\Local\Temp\ccUHrUvb.s 			page 4


 109:Generated_Source\PSoC4/Bootloadable_1.c **** *   NOTE Intended for the combination project type ONLY!
 110:Generated_Source\PSoC4/Bootloadable_1.c **** *
 111:Generated_Source\PSoC4/Bootloadable_1.c **** * \param appId  
 112:Generated_Source\PSoC4/Bootloadable_1.c **** *   The active application number to be written to flash (metadata section) 
 113:Generated_Source\PSoC4/Bootloadable_1.c **** *   NOTE Possible values are:
 114:Generated_Source\PSoC4/Bootloadable_1.c **** *   0 - for the first application
 115:Generated_Source\PSoC4/Bootloadable_1.c **** *   1 - for the second application.
 116:Generated_Source\PSoC4/Bootloadable_1.c **** *   Any other number is considered invalid. 
 117:Generated_Source\PSoC4/Bootloadable_1.c **** *
 118:Generated_Source\PSoC4/Bootloadable_1.c **** * \return 
 119:Generated_Source\PSoC4/Bootloadable_1.c **** *   A status of writing to flash operation.
 120:Generated_Source\PSoC4/Bootloadable_1.c **** *   \n CYRET_SUCCESS - Returned if appId was successfully changed. 
 121:Generated_Source\PSoC4/Bootloadable_1.c **** *   \n CYRET_BAD_PARAM - Returned if the parameter appID passed to the function has the 
 122:Generated_Source\PSoC4/Bootloadable_1.c **** *                       same value as the active application ID. 
 123:Generated_Source\PSoC4/Bootloadable_1.c **** *   \note - The other non-zero value is considered as a failure during writing to flash.  
 124:Generated_Source\PSoC4/Bootloadable_1.c **** *
 125:Generated_Source\PSoC4/Bootloadable_1.c **** *   \note - This API does not update Bootloader_activeApp variable.
 126:Generated_Source\PSoC4/Bootloadable_1.c **** *
 127:Generated_Source\PSoC4/Bootloadable_1.c **** *******************************************************************************/
 128:Generated_Source\PSoC4/Bootloadable_1.c **** cystatus Bootloadable_1_SetActiveApplication(uint8 appId) CYSMALL \
 129:Generated_Source\PSoC4/Bootloadable_1.c ****                 
 130:Generated_Source\PSoC4/Bootloadable_1.c **** {
 131:Generated_Source\PSoC4/Bootloadable_1.c ****     cystatus result = CYRET_SUCCESS;
 132:Generated_Source\PSoC4/Bootloadable_1.c **** 
 133:Generated_Source\PSoC4/Bootloadable_1.c ****     uint8 CYDATA idx;
 134:Generated_Source\PSoC4/Bootloadable_1.c ****     
 135:Generated_Source\PSoC4/Bootloadable_1.c ****     /* If invalid application number */
 136:Generated_Source\PSoC4/Bootloadable_1.c ****     if (appId > Bootloadable_1_MD_BTLDB_ACTIVE_1)
 137:Generated_Source\PSoC4/Bootloadable_1.c ****     {
 138:Generated_Source\PSoC4/Bootloadable_1.c ****         result = CYRET_BAD_PARAM;
 139:Generated_Source\PSoC4/Bootloadable_1.c ****     }
 140:Generated_Source\PSoC4/Bootloadable_1.c ****     else
 141:Generated_Source\PSoC4/Bootloadable_1.c ****     {
 142:Generated_Source\PSoC4/Bootloadable_1.c ****         /* If appID has same value as active application ID */
 143:Generated_Source\PSoC4/Bootloadable_1.c ****         if (1u == Bootloadable_1_GET_CODE_DATA(Bootloadable_1_MD_BTLDB_ACTIVE_OFFSET(appId)))
 144:Generated_Source\PSoC4/Bootloadable_1.c ****         {
 145:Generated_Source\PSoC4/Bootloadable_1.c ****             result = CYRET_BAD_PARAM;
 146:Generated_Source\PSoC4/Bootloadable_1.c ****         }
 147:Generated_Source\PSoC4/Bootloadable_1.c ****         else
 148:Generated_Source\PSoC4/Bootloadable_1.c ****         {
 149:Generated_Source\PSoC4/Bootloadable_1.c ****             /* Updating metadata section */
 150:Generated_Source\PSoC4/Bootloadable_1.c ****             for(idx = 0u; idx < Bootloadable_1_MAX_NUM_OF_BTLDB; idx++)
 151:Generated_Source\PSoC4/Bootloadable_1.c ****             {
 152:Generated_Source\PSoC4/Bootloadable_1.c ****                 result |= Bootloadable_1_WriteFlashByte((uint32) Bootloadable_1_MD_BTLDB_ACTIVE_OFF
 153:Generated_Source\PSoC4/Bootloadable_1.c ****                                                                                             (uint8)
 154:Generated_Source\PSoC4/Bootloadable_1.c ****             }
 155:Generated_Source\PSoC4/Bootloadable_1.c ****         }
 156:Generated_Source\PSoC4/Bootloadable_1.c ****     }
 157:Generated_Source\PSoC4/Bootloadable_1.c ****     
 158:Generated_Source\PSoC4/Bootloadable_1.c ****     return (result);
 159:Generated_Source\PSoC4/Bootloadable_1.c **** }
 160:Generated_Source\PSoC4/Bootloadable_1.c **** 
 161:Generated_Source\PSoC4/Bootloadable_1.c **** /*******************************************************************************
 162:Generated_Source\PSoC4/Bootloadable_1.c **** * Function Name: Bootloadable_1_WriteFlashByte
 163:Generated_Source\PSoC4/Bootloadable_1.c **** ****************************************************************************//**
 164:Generated_Source\PSoC4/Bootloadable_1.c **** *
 165:Generated_Source\PSoC4/Bootloadable_1.c **** * \brief 
ARM GAS  C:\Users\ASUS\AppData\Local\Temp\ccUHrUvb.s 			page 5


 166:Generated_Source\PSoC4/Bootloadable_1.c **** *   This API writes to flash the specified data.
 167:Generated_Source\PSoC4/Bootloadable_1.c **** *
 168:Generated_Source\PSoC4/Bootloadable_1.c **** * \param address 
 169:Generated_Source\PSoC4/Bootloadable_1.c **** *   The address in flash.
 170:Generated_Source\PSoC4/Bootloadable_1.c **** *
 171:Generated_Source\PSoC4/Bootloadable_1.c **** * \param inputValue 
 172:Generated_Source\PSoC4/Bootloadable_1.c **** *   One-byte data.
 173:Generated_Source\PSoC4/Bootloadable_1.c **** *
 174:Generated_Source\PSoC4/Bootloadable_1.c **** * \return 
 175:Generated_Source\PSoC4/Bootloadable_1.c **** *   A status of the writing to flash procedure.
 176:Generated_Source\PSoC4/Bootloadable_1.c **** *
 177:Generated_Source\PSoC4/Bootloadable_1.c **** *******************************************************************************/
 178:Generated_Source\PSoC4/Bootloadable_1.c **** static cystatus Bootloadable_1_WriteFlashByte(const uint32 address, const uint8 inputValue) CYLARGE
 179:Generated_Source\PSoC4/Bootloadable_1.c ****                                
 180:Generated_Source\PSoC4/Bootloadable_1.c **** {
 181:Generated_Source\PSoC4/Bootloadable_1.c ****     cystatus result = CYRET_SUCCESS;
 182:Generated_Source\PSoC4/Bootloadable_1.c ****     uint32 flsAddr = address - CYDEV_FLASH_BASE;
 183:Generated_Source\PSoC4/Bootloadable_1.c ****     uint8  rowData[CYDEV_FLS_ROW_SIZE];
 184:Generated_Source\PSoC4/Bootloadable_1.c **** 
 185:Generated_Source\PSoC4/Bootloadable_1.c ****     #if !(CY_PSOC4)
 186:Generated_Source\PSoC4/Bootloadable_1.c ****         uint8 arrayId = ( uint8 )(flsAddr / CYDEV_FLS_SECTOR_SIZE);
 187:Generated_Source\PSoC4/Bootloadable_1.c ****     #endif  /* !(CY_PSOC4) */
 188:Generated_Source\PSoC4/Bootloadable_1.c **** 
 189:Generated_Source\PSoC4/Bootloadable_1.c ****     #if (CY_PSOC4)
 190:Generated_Source\PSoC4/Bootloadable_1.c ****         uint16 rowNum = ( uint16 )(flsAddr / CYDEV_FLS_ROW_SIZE);
 191:Generated_Source\PSoC4/Bootloadable_1.c ****     #else
 192:Generated_Source\PSoC4/Bootloadable_1.c ****         uint16 rowNum = ( uint16 )((flsAddr % CYDEV_FLS_SECTOR_SIZE) / CYDEV_FLS_ROW_SIZE);
 193:Generated_Source\PSoC4/Bootloadable_1.c ****     #endif  /* (CY_PSOC4) */
 194:Generated_Source\PSoC4/Bootloadable_1.c **** 
 195:Generated_Source\PSoC4/Bootloadable_1.c ****     uint32 baseAddr = address - (address % CYDEV_FLS_ROW_SIZE);
 196:Generated_Source\PSoC4/Bootloadable_1.c ****     uint16 idx;
 197:Generated_Source\PSoC4/Bootloadable_1.c **** 
 198:Generated_Source\PSoC4/Bootloadable_1.c ****     for(idx = 0u; idx < CYDEV_FLS_ROW_SIZE; idx++)
 199:Generated_Source\PSoC4/Bootloadable_1.c ****     {
 200:Generated_Source\PSoC4/Bootloadable_1.c ****         rowData[idx] = (uint8)Bootloadable_1_GET_CODE_DATA(baseAddr + idx);
 201:Generated_Source\PSoC4/Bootloadable_1.c ****     }
 202:Generated_Source\PSoC4/Bootloadable_1.c **** 
 203:Generated_Source\PSoC4/Bootloadable_1.c ****     rowData[address % CYDEV_FLS_ROW_SIZE] = inputValue;
 204:Generated_Source\PSoC4/Bootloadable_1.c **** 
 205:Generated_Source\PSoC4/Bootloadable_1.c ****     #if(CY_PSOC4)
 206:Generated_Source\PSoC4/Bootloadable_1.c ****         result = CySysFlashWriteRow((uint32) rowNum, rowData);
 207:Generated_Source\PSoC4/Bootloadable_1.c ****     #else
 208:Generated_Source\PSoC4/Bootloadable_1.c ****         result = CyWriteRowData(arrayId, rowNum, rowData);
 209:Generated_Source\PSoC4/Bootloadable_1.c ****     #endif  /* (CY_PSOC4) */
 210:Generated_Source\PSoC4/Bootloadable_1.c **** 
 211:Generated_Source\PSoC4/Bootloadable_1.c ****     #if(CY_PSOC5)
 212:Generated_Source\PSoC4/Bootloadable_1.c ****         /***************************************************************************
 213:Generated_Source\PSoC4/Bootloadable_1.c ****         * When writing to flash, data in the instruction cache can become stale.
 214:Generated_Source\PSoC4/Bootloadable_1.c ****         * Therefore, the cache data does not correlate to the data just written to
 215:Generated_Source\PSoC4/Bootloadable_1.c ****         * flash. A call to CyFlushCache() is required to invalidate the data in the
 216:Generated_Source\PSoC4/Bootloadable_1.c ****         * cache and force fresh information to be loaded from flash.
 217:Generated_Source\PSoC4/Bootloadable_1.c ****         ***************************************************************************/
 218:Generated_Source\PSoC4/Bootloadable_1.c ****         CyFlushCache();
 219:Generated_Source\PSoC4/Bootloadable_1.c ****     #endif /* (CY_PSOC5) */
 220:Generated_Source\PSoC4/Bootloadable_1.c ****     return (result);
 221:Generated_Source\PSoC4/Bootloadable_1.c **** }
 222:Generated_Source\PSoC4/Bootloadable_1.c **** #endif /*(CYDEV_PROJ_TYPE == CYDEV_PROJ_TYPE_LOADABLEANDBOOTLOADER)*/
ARM GAS  C:\Users\ASUS\AppData\Local\Temp\ccUHrUvb.s 			page 6


 223:Generated_Source\PSoC4/Bootloadable_1.c **** /** @} functions_group */
 224:Generated_Source\PSoC4/Bootloadable_1.c **** 
 225:Generated_Source\PSoC4/Bootloadable_1.c **** /*******************************************************************************
 226:Generated_Source\PSoC4/Bootloadable_1.c **** * The following code is OBSOLETE and must not be used.
 227:Generated_Source\PSoC4/Bootloadable_1.c **** *******************************************************************************/
 228:Generated_Source\PSoC4/Bootloadable_1.c **** void Bootloadable_1_SetFlashByte(uint32 address, uint8 runType) 
 229:Generated_Source\PSoC4/Bootloadable_1.c **** {
  64              		.loc 1 229 0
  65              		.cfi_startproc
  66              		@ args = 0, pretend = 0, frame = 152
  67              		@ frame_needed = 1, uses_anonymous_args = 0
  68 0000 80B5     		push	{r7, lr}
  69              		.cfi_def_cfa_offset 8
  70              		.cfi_offset 7, -8
  71              		.cfi_offset 14, -4
  72 0002 A6B0     		sub	sp, sp, #152
  73              		.cfi_def_cfa_offset 160
  74 0004 00AF     		add	r7, sp, #0
  75              		.cfi_def_cfa_register 7
  76 0006 7860     		str	r0, [r7, #4]
  77 0008 0A00     		movs	r2, r1
  78 000a FB1C     		adds	r3, r7, #3
  79 000c 1A70     		strb	r2, [r3]
 230:Generated_Source\PSoC4/Bootloadable_1.c ****     uint32 flsAddr = address - CYDEV_FLASH_BASE;
  80              		.loc 1 230 0
  81 000e 7B68     		ldr	r3, [r7, #4]
  82 0010 9022     		movs	r2, #144
  83 0012 BA18     		adds	r2, r7, r2
  84 0014 1360     		str	r3, [r2]
 231:Generated_Source\PSoC4/Bootloadable_1.c ****     uint8  rowData[CYDEV_FLS_ROW_SIZE];
 232:Generated_Source\PSoC4/Bootloadable_1.c **** 
 233:Generated_Source\PSoC4/Bootloadable_1.c ****     #if !(CY_PSOC4)
 234:Generated_Source\PSoC4/Bootloadable_1.c ****         uint8 arrayId = ( uint8 )(flsAddr / CYDEV_FLS_SECTOR_SIZE);
 235:Generated_Source\PSoC4/Bootloadable_1.c ****     #endif  /* !(CY_PSOC4) */
 236:Generated_Source\PSoC4/Bootloadable_1.c **** 
 237:Generated_Source\PSoC4/Bootloadable_1.c ****     #if (CY_PSOC4)
 238:Generated_Source\PSoC4/Bootloadable_1.c ****         uint16 rowNum = ( uint16 )(flsAddr / CYDEV_FLS_ROW_SIZE);
  85              		.loc 1 238 0
  86 0016 9023     		movs	r3, #144
  87 0018 FB18     		adds	r3, r7, r3
  88 001a 1B68     		ldr	r3, [r3]
  89 001c DA09     		lsrs	r2, r3, #7
  90 001e 8E23     		movs	r3, #142
  91 0020 FB18     		adds	r3, r7, r3
  92 0022 1A80     		strh	r2, [r3]
 239:Generated_Source\PSoC4/Bootloadable_1.c ****     #else
 240:Generated_Source\PSoC4/Bootloadable_1.c ****         uint16 rowNum = ( uint16 )((flsAddr % CYDEV_FLS_SECTOR_SIZE) / CYDEV_FLS_ROW_SIZE);
 241:Generated_Source\PSoC4/Bootloadable_1.c ****     #endif  /* (CY_PSOC4) */
 242:Generated_Source\PSoC4/Bootloadable_1.c **** 
 243:Generated_Source\PSoC4/Bootloadable_1.c ****     uint32 baseAddr = address - (address % CYDEV_FLS_ROW_SIZE);
  93              		.loc 1 243 0
  94 0024 7B68     		ldr	r3, [r7, #4]
  95 0026 7F22     		movs	r2, #127
  96 0028 9343     		bics	r3, r2
  97 002a 8822     		movs	r2, #136
  98 002c BA18     		adds	r2, r7, r2
  99 002e 1360     		str	r3, [r2]
ARM GAS  C:\Users\ASUS\AppData\Local\Temp\ccUHrUvb.s 			page 7


 244:Generated_Source\PSoC4/Bootloadable_1.c ****     uint16 idx;
 245:Generated_Source\PSoC4/Bootloadable_1.c **** 
 246:Generated_Source\PSoC4/Bootloadable_1.c **** 
 247:Generated_Source\PSoC4/Bootloadable_1.c ****     for (idx = 0u; idx < CYDEV_FLS_ROW_SIZE; idx++)
 100              		.loc 1 247 0
 101 0030 9623     		movs	r3, #150
 102 0032 FB18     		adds	r3, r7, r3
 103 0034 0022     		movs	r2, #0
 104 0036 1A80     		strh	r2, [r3]
 105 0038 14E0     		b	.L5
 106              	.L6:
 248:Generated_Source\PSoC4/Bootloadable_1.c ****     {
 249:Generated_Source\PSoC4/Bootloadable_1.c ****         rowData[idx] = Bootloadable_1_GET_CODE_DATA(baseAddr + idx);
 107              		.loc 1 249 0 discriminator 3
 108 003a 9623     		movs	r3, #150
 109 003c FB18     		adds	r3, r7, r3
 110 003e 1B88     		ldrh	r3, [r3]
 111 0040 9622     		movs	r2, #150
 112 0042 BA18     		adds	r2, r7, r2
 113 0044 1188     		ldrh	r1, [r2]
 114 0046 8822     		movs	r2, #136
 115 0048 BA18     		adds	r2, r7, r2
 116 004a 1268     		ldr	r2, [r2]
 117 004c 8A18     		adds	r2, r1, r2
 118 004e 1178     		ldrb	r1, [r2]
 119 0050 0822     		movs	r2, #8
 120 0052 BA18     		adds	r2, r7, r2
 121 0054 D154     		strb	r1, [r2, r3]
 247:Generated_Source\PSoC4/Bootloadable_1.c ****     {
 122              		.loc 1 247 0 discriminator 3
 123 0056 9623     		movs	r3, #150
 124 0058 FB18     		adds	r3, r7, r3
 125 005a 1A88     		ldrh	r2, [r3]
 126 005c 9623     		movs	r3, #150
 127 005e FB18     		adds	r3, r7, r3
 128 0060 0132     		adds	r2, r2, #1
 129 0062 1A80     		strh	r2, [r3]
 130              	.L5:
 247:Generated_Source\PSoC4/Bootloadable_1.c ****     {
 131              		.loc 1 247 0 is_stmt 0 discriminator 1
 132 0064 9623     		movs	r3, #150
 133 0066 FB18     		adds	r3, r7, r3
 134 0068 1B88     		ldrh	r3, [r3]
 135 006a 7F2B     		cmp	r3, #127
 136 006c E5D9     		bls	.L6
 250:Generated_Source\PSoC4/Bootloadable_1.c ****     }
 251:Generated_Source\PSoC4/Bootloadable_1.c ****     rowData[address % CYDEV_FLS_ROW_SIZE] = runType;
 137              		.loc 1 251 0 is_stmt 1
 138 006e 7B68     		ldr	r3, [r7, #4]
 139 0070 7F22     		movs	r2, #127
 140 0072 1340     		ands	r3, r2
 141 0074 0822     		movs	r2, #8
 142 0076 BA18     		adds	r2, r7, r2
 143 0078 F91C     		adds	r1, r7, #3
 144 007a 0978     		ldrb	r1, [r1]
 145 007c D154     		strb	r1, [r2, r3]
 252:Generated_Source\PSoC4/Bootloadable_1.c **** 
ARM GAS  C:\Users\ASUS\AppData\Local\Temp\ccUHrUvb.s 			page 8


 253:Generated_Source\PSoC4/Bootloadable_1.c ****     #if(CY_PSOC4)
 254:Generated_Source\PSoC4/Bootloadable_1.c ****         (void) CySysFlashWriteRow((uint32) rowNum, rowData);
 146              		.loc 1 254 0
 147 007e 8E23     		movs	r3, #142
 148 0080 FB18     		adds	r3, r7, r3
 149 0082 1B88     		ldrh	r3, [r3]
 150 0084 0822     		movs	r2, #8
 151 0086 BA18     		adds	r2, r7, r2
 152 0088 1100     		movs	r1, r2
 153 008a 1800     		movs	r0, r3
 154 008c FFF7FEFF 		bl	CySysFlashWriteRow
 255:Generated_Source\PSoC4/Bootloadable_1.c ****     #else
 256:Generated_Source\PSoC4/Bootloadable_1.c ****         (void) CyWriteRowData(arrayId, rowNum, rowData);
 257:Generated_Source\PSoC4/Bootloadable_1.c ****     #endif  /* (CY_PSOC4) */
 258:Generated_Source\PSoC4/Bootloadable_1.c **** 
 259:Generated_Source\PSoC4/Bootloadable_1.c ****     #if(CY_PSOC5)
 260:Generated_Source\PSoC4/Bootloadable_1.c ****         /***************************************************************************
 261:Generated_Source\PSoC4/Bootloadable_1.c ****         * When writing to flash, data in the instruction cache can become obsolete.
 262:Generated_Source\PSoC4/Bootloadable_1.c ****         * Therefore, the cache data does not correlate to the data just written to
 263:Generated_Source\PSoC4/Bootloadable_1.c ****         * flash. A call to CyFlushCache() is required to invalidate the data in the
 264:Generated_Source\PSoC4/Bootloadable_1.c ****         * cache and force fresh information to be loaded from flash.
 265:Generated_Source\PSoC4/Bootloadable_1.c ****         ***************************************************************************/
 266:Generated_Source\PSoC4/Bootloadable_1.c ****         CyFlushCache();
 267:Generated_Source\PSoC4/Bootloadable_1.c ****     #endif /* (CY_PSOC5) */
 268:Generated_Source\PSoC4/Bootloadable_1.c **** }
 155              		.loc 1 268 0
 156 0090 C046     		nop
 157 0092 BD46     		mov	sp, r7
 158 0094 26B0     		add	sp, sp, #152
 159              		@ sp needed
 160 0096 80BD     		pop	{r7, pc}
 161              		.cfi_endproc
 162              	.LFE1:
 163              		.size	Bootloadable_1_SetFlashByte, .-Bootloadable_1_SetFlashByte
 164              		.text
 165              	.Letext0:
 166              		.file 2 "Generated_Source\\PSoC4\\cytypes.h"
 167              		.file 3 "Generated_Source\\PSoC4\\Bootloadable_1.h"
 168              		.section	.debug_info,"",%progbits
 169              	.Ldebug_info0:
 170 0000 5B010000 		.4byte	0x15b
 171 0004 0400     		.2byte	0x4
 172 0006 00000000 		.4byte	.Ldebug_abbrev0
 173 000a 04       		.byte	0x4
 174 000b 01       		.uleb128 0x1
 175 000c B6000000 		.4byte	.LASF23
 176 0010 0C       		.byte	0xc
 177 0011 D6010000 		.4byte	.LASF24
 178 0015 36000000 		.4byte	.LASF25
 179 0019 00000000 		.4byte	.Ldebug_ranges0+0
 180 001d 00000000 		.4byte	0
 181 0021 00000000 		.4byte	.Ldebug_line0
 182 0025 02       		.uleb128 0x2
 183 0026 01       		.byte	0x1
 184 0027 06       		.byte	0x6
 185 0028 1D020000 		.4byte	.LASF0
 186 002c 02       		.uleb128 0x2
ARM GAS  C:\Users\ASUS\AppData\Local\Temp\ccUHrUvb.s 			page 9


 187 002d 01       		.byte	0x1
 188 002e 08       		.byte	0x8
 189 002f 20000000 		.4byte	.LASF1
 190 0033 02       		.uleb128 0x2
 191 0034 02       		.byte	0x2
 192 0035 05       		.byte	0x5
 193 0036 FE010000 		.4byte	.LASF2
 194 003a 02       		.uleb128 0x2
 195 003b 02       		.byte	0x2
 196 003c 07       		.byte	0x7
 197 003d 07000000 		.4byte	.LASF3
 198 0041 02       		.uleb128 0x2
 199 0042 04       		.byte	0x4
 200 0043 05       		.byte	0x5
 201 0044 08020000 		.4byte	.LASF4
 202 0048 02       		.uleb128 0x2
 203 0049 04       		.byte	0x4
 204 004a 07       		.byte	0x7
 205 004b 9E000000 		.4byte	.LASF5
 206 004f 02       		.uleb128 0x2
 207 0050 08       		.byte	0x8
 208 0051 05       		.byte	0x5
 209 0052 C3010000 		.4byte	.LASF6
 210 0056 02       		.uleb128 0x2
 211 0057 08       		.byte	0x8
 212 0058 07       		.byte	0x7
 213 0059 92010000 		.4byte	.LASF7
 214 005d 03       		.uleb128 0x3
 215 005e 04       		.byte	0x4
 216 005f 05       		.byte	0x5
 217 0060 696E7400 		.ascii	"int\000"
 218 0064 02       		.uleb128 0x2
 219 0065 04       		.byte	0x4
 220 0066 07       		.byte	0x7
 221 0067 61010000 		.4byte	.LASF8
 222 006b 04       		.uleb128 0x4
 223 006c B0000000 		.4byte	.LASF9
 224 0070 02       		.byte	0x2
 225 0071 E401     		.2byte	0x1e4
 226 0073 2C000000 		.4byte	0x2c
 227 0077 04       		.uleb128 0x4
 228 0078 53010000 		.4byte	.LASF10
 229 007c 02       		.byte	0x2
 230 007d E501     		.2byte	0x1e5
 231 007f 3A000000 		.4byte	0x3a
 232 0083 04       		.uleb128 0x4
 233 0084 5A010000 		.4byte	.LASF11
 234 0088 02       		.byte	0x2
 235 0089 E601     		.2byte	0x1e6
 236 008b 48000000 		.4byte	0x48
 237 008f 02       		.uleb128 0x2
 238 0090 04       		.byte	0x4
 239 0091 04       		.byte	0x4
 240 0092 1A000000 		.4byte	.LASF12
 241 0096 02       		.uleb128 0x2
 242 0097 08       		.byte	0x8
 243 0098 04       		.byte	0x4
ARM GAS  C:\Users\ASUS\AppData\Local\Temp\ccUHrUvb.s 			page 10


 244 0099 44010000 		.4byte	.LASF13
 245 009d 02       		.uleb128 0x2
 246 009e 01       		.byte	0x1
 247 009f 08       		.byte	0x8
 248 00a0 D1010000 		.4byte	.LASF14
 249 00a4 05       		.uleb128 0x5
 250 00a5 83000000 		.4byte	0x83
 251 00a9 02       		.uleb128 0x2
 252 00aa 08       		.byte	0x8
 253 00ab 04       		.byte	0x4
 254 00ac 11020000 		.4byte	.LASF15
 255 00b0 02       		.uleb128 0x2
 256 00b1 04       		.byte	0x4
 257 00b2 07       		.byte	0x7
 258 00b3 BA010000 		.4byte	.LASF16
 259 00b7 06       		.uleb128 0x6
 260 00b8 38020000 		.4byte	.LASF26
 261 00bc 01       		.byte	0x1
 262 00bd 29       		.byte	0x29
 263 00be 00000000 		.4byte	.LFB0
 264 00c2 18000000 		.4byte	.LFE0-.LFB0
 265 00c6 01       		.uleb128 0x1
 266 00c7 9C       		.byte	0x9c
 267 00c8 07       		.uleb128 0x7
 268 00c9 6E010000 		.4byte	.LASF27
 269 00cd 01       		.byte	0x1
 270 00ce E4       		.byte	0xe4
 271 00cf 00000000 		.4byte	.LFB1
 272 00d3 98000000 		.4byte	.LFE1-.LFB1
 273 00d7 01       		.uleb128 0x1
 274 00d8 9C       		.byte	0x9c
 275 00d9 43010000 		.4byte	0x143
 276 00dd 08       		.uleb128 0x8
 277 00de 8A010000 		.4byte	.LASF17
 278 00e2 01       		.byte	0x1
 279 00e3 E4       		.byte	0xe4
 280 00e4 83000000 		.4byte	0x83
 281 00e8 03       		.uleb128 0x3
 282 00e9 91       		.byte	0x91
 283 00ea E47E     		.sleb128 -156
 284 00ec 08       		.uleb128 0x8
 285 00ed A9010000 		.4byte	.LASF18
 286 00f1 01       		.byte	0x1
 287 00f2 E4       		.byte	0xe4
 288 00f3 6B000000 		.4byte	0x6b
 289 00f7 03       		.uleb128 0x3
 290 00f8 91       		.byte	0x91
 291 00f9 E37E     		.sleb128 -157
 292 00fb 09       		.uleb128 0x9
 293 00fc 4B010000 		.4byte	.LASF19
 294 0100 01       		.byte	0x1
 295 0101 E6       		.byte	0xe6
 296 0102 83000000 		.4byte	0x83
 297 0106 02       		.uleb128 0x2
 298 0107 91       		.byte	0x91
 299 0108 70       		.sleb128 -16
 300 0109 09       		.uleb128 0x9
ARM GAS  C:\Users\ASUS\AppData\Local\Temp\ccUHrUvb.s 			page 11


 301 010a 2E000000 		.4byte	.LASF20
 302 010e 01       		.byte	0x1
 303 010f E7       		.byte	0xe7
 304 0110 43010000 		.4byte	0x143
 305 0114 03       		.uleb128 0x3
 306 0115 91       		.byte	0x91
 307 0116 E87E     		.sleb128 -152
 308 0118 09       		.uleb128 0x9
 309 0119 00000000 		.4byte	.LASF21
 310 011d 01       		.byte	0x1
 311 011e EE       		.byte	0xee
 312 011f 77000000 		.4byte	0x77
 313 0123 02       		.uleb128 0x2
 314 0124 91       		.byte	0x91
 315 0125 6E       		.sleb128 -18
 316 0126 09       		.uleb128 0x9
 317 0127 B1010000 		.4byte	.LASF22
 318 012b 01       		.byte	0x1
 319 012c F3       		.byte	0xf3
 320 012d 83000000 		.4byte	0x83
 321 0131 02       		.uleb128 0x2
 322 0132 91       		.byte	0x91
 323 0133 68       		.sleb128 -24
 324 0134 0A       		.uleb128 0xa
 325 0135 69647800 		.ascii	"idx\000"
 326 0139 01       		.byte	0x1
 327 013a F4       		.byte	0xf4
 328 013b 77000000 		.4byte	0x77
 329 013f 02       		.uleb128 0x2
 330 0140 91       		.byte	0x91
 331 0141 76       		.sleb128 -10
 332 0142 00       		.byte	0
 333 0143 0B       		.uleb128 0xb
 334 0144 6B000000 		.4byte	0x6b
 335 0148 53010000 		.4byte	0x153
 336 014c 0C       		.uleb128 0xc
 337 014d B0000000 		.4byte	0xb0
 338 0151 7F       		.byte	0x7f
 339 0152 00       		.byte	0
 340 0153 0D       		.uleb128 0xd
 341 0154 29020000 		.4byte	.LASF28
 342 0158 03       		.byte	0x3
 343 0159 38       		.byte	0x38
 344 015a A4000000 		.4byte	0xa4
 345 015e 00       		.byte	0
 346              		.section	.debug_abbrev,"",%progbits
 347              	.Ldebug_abbrev0:
 348 0000 01       		.uleb128 0x1
 349 0001 11       		.uleb128 0x11
 350 0002 01       		.byte	0x1
 351 0003 25       		.uleb128 0x25
 352 0004 0E       		.uleb128 0xe
 353 0005 13       		.uleb128 0x13
 354 0006 0B       		.uleb128 0xb
 355 0007 03       		.uleb128 0x3
 356 0008 0E       		.uleb128 0xe
 357 0009 1B       		.uleb128 0x1b
ARM GAS  C:\Users\ASUS\AppData\Local\Temp\ccUHrUvb.s 			page 12


 358 000a 0E       		.uleb128 0xe
 359 000b 55       		.uleb128 0x55
 360 000c 17       		.uleb128 0x17
 361 000d 11       		.uleb128 0x11
 362 000e 01       		.uleb128 0x1
 363 000f 10       		.uleb128 0x10
 364 0010 17       		.uleb128 0x17
 365 0011 00       		.byte	0
 366 0012 00       		.byte	0
 367 0013 02       		.uleb128 0x2
 368 0014 24       		.uleb128 0x24
 369 0015 00       		.byte	0
 370 0016 0B       		.uleb128 0xb
 371 0017 0B       		.uleb128 0xb
 372 0018 3E       		.uleb128 0x3e
 373 0019 0B       		.uleb128 0xb
 374 001a 03       		.uleb128 0x3
 375 001b 0E       		.uleb128 0xe
 376 001c 00       		.byte	0
 377 001d 00       		.byte	0
 378 001e 03       		.uleb128 0x3
 379 001f 24       		.uleb128 0x24
 380 0020 00       		.byte	0
 381 0021 0B       		.uleb128 0xb
 382 0022 0B       		.uleb128 0xb
 383 0023 3E       		.uleb128 0x3e
 384 0024 0B       		.uleb128 0xb
 385 0025 03       		.uleb128 0x3
 386 0026 08       		.uleb128 0x8
 387 0027 00       		.byte	0
 388 0028 00       		.byte	0
 389 0029 04       		.uleb128 0x4
 390 002a 16       		.uleb128 0x16
 391 002b 00       		.byte	0
 392 002c 03       		.uleb128 0x3
 393 002d 0E       		.uleb128 0xe
 394 002e 3A       		.uleb128 0x3a
 395 002f 0B       		.uleb128 0xb
 396 0030 3B       		.uleb128 0x3b
 397 0031 05       		.uleb128 0x5
 398 0032 49       		.uleb128 0x49
 399 0033 13       		.uleb128 0x13
 400 0034 00       		.byte	0
 401 0035 00       		.byte	0
 402 0036 05       		.uleb128 0x5
 403 0037 35       		.uleb128 0x35
 404 0038 00       		.byte	0
 405 0039 49       		.uleb128 0x49
 406 003a 13       		.uleb128 0x13
 407 003b 00       		.byte	0
 408 003c 00       		.byte	0
 409 003d 06       		.uleb128 0x6
 410 003e 2E       		.uleb128 0x2e
 411 003f 00       		.byte	0
 412 0040 3F       		.uleb128 0x3f
 413 0041 19       		.uleb128 0x19
 414 0042 03       		.uleb128 0x3
ARM GAS  C:\Users\ASUS\AppData\Local\Temp\ccUHrUvb.s 			page 13


 415 0043 0E       		.uleb128 0xe
 416 0044 3A       		.uleb128 0x3a
 417 0045 0B       		.uleb128 0xb
 418 0046 3B       		.uleb128 0x3b
 419 0047 0B       		.uleb128 0xb
 420 0048 27       		.uleb128 0x27
 421 0049 19       		.uleb128 0x19
 422 004a 11       		.uleb128 0x11
 423 004b 01       		.uleb128 0x1
 424 004c 12       		.uleb128 0x12
 425 004d 06       		.uleb128 0x6
 426 004e 40       		.uleb128 0x40
 427 004f 18       		.uleb128 0x18
 428 0050 9642     		.uleb128 0x2116
 429 0052 19       		.uleb128 0x19
 430 0053 00       		.byte	0
 431 0054 00       		.byte	0
 432 0055 07       		.uleb128 0x7
 433 0056 2E       		.uleb128 0x2e
 434 0057 01       		.byte	0x1
 435 0058 3F       		.uleb128 0x3f
 436 0059 19       		.uleb128 0x19
 437 005a 03       		.uleb128 0x3
 438 005b 0E       		.uleb128 0xe
 439 005c 3A       		.uleb128 0x3a
 440 005d 0B       		.uleb128 0xb
 441 005e 3B       		.uleb128 0x3b
 442 005f 0B       		.uleb128 0xb
 443 0060 27       		.uleb128 0x27
 444 0061 19       		.uleb128 0x19
 445 0062 11       		.uleb128 0x11
 446 0063 01       		.uleb128 0x1
 447 0064 12       		.uleb128 0x12
 448 0065 06       		.uleb128 0x6
 449 0066 40       		.uleb128 0x40
 450 0067 18       		.uleb128 0x18
 451 0068 9642     		.uleb128 0x2116
 452 006a 19       		.uleb128 0x19
 453 006b 01       		.uleb128 0x1
 454 006c 13       		.uleb128 0x13
 455 006d 00       		.byte	0
 456 006e 00       		.byte	0
 457 006f 08       		.uleb128 0x8
 458 0070 05       		.uleb128 0x5
 459 0071 00       		.byte	0
 460 0072 03       		.uleb128 0x3
 461 0073 0E       		.uleb128 0xe
 462 0074 3A       		.uleb128 0x3a
 463 0075 0B       		.uleb128 0xb
 464 0076 3B       		.uleb128 0x3b
 465 0077 0B       		.uleb128 0xb
 466 0078 49       		.uleb128 0x49
 467 0079 13       		.uleb128 0x13
 468 007a 02       		.uleb128 0x2
 469 007b 18       		.uleb128 0x18
 470 007c 00       		.byte	0
 471 007d 00       		.byte	0
ARM GAS  C:\Users\ASUS\AppData\Local\Temp\ccUHrUvb.s 			page 14


 472 007e 09       		.uleb128 0x9
 473 007f 34       		.uleb128 0x34
 474 0080 00       		.byte	0
 475 0081 03       		.uleb128 0x3
 476 0082 0E       		.uleb128 0xe
 477 0083 3A       		.uleb128 0x3a
 478 0084 0B       		.uleb128 0xb
 479 0085 3B       		.uleb128 0x3b
 480 0086 0B       		.uleb128 0xb
 481 0087 49       		.uleb128 0x49
 482 0088 13       		.uleb128 0x13
 483 0089 02       		.uleb128 0x2
 484 008a 18       		.uleb128 0x18
 485 008b 00       		.byte	0
 486 008c 00       		.byte	0
 487 008d 0A       		.uleb128 0xa
 488 008e 34       		.uleb128 0x34
 489 008f 00       		.byte	0
 490 0090 03       		.uleb128 0x3
 491 0091 08       		.uleb128 0x8
 492 0092 3A       		.uleb128 0x3a
 493 0093 0B       		.uleb128 0xb
 494 0094 3B       		.uleb128 0x3b
 495 0095 0B       		.uleb128 0xb
 496 0096 49       		.uleb128 0x49
 497 0097 13       		.uleb128 0x13
 498 0098 02       		.uleb128 0x2
 499 0099 18       		.uleb128 0x18
 500 009a 00       		.byte	0
 501 009b 00       		.byte	0
 502 009c 0B       		.uleb128 0xb
 503 009d 01       		.uleb128 0x1
 504 009e 01       		.byte	0x1
 505 009f 49       		.uleb128 0x49
 506 00a0 13       		.uleb128 0x13
 507 00a1 01       		.uleb128 0x1
 508 00a2 13       		.uleb128 0x13
 509 00a3 00       		.byte	0
 510 00a4 00       		.byte	0
 511 00a5 0C       		.uleb128 0xc
 512 00a6 21       		.uleb128 0x21
 513 00a7 00       		.byte	0
 514 00a8 49       		.uleb128 0x49
 515 00a9 13       		.uleb128 0x13
 516 00aa 2F       		.uleb128 0x2f
 517 00ab 0B       		.uleb128 0xb
 518 00ac 00       		.byte	0
 519 00ad 00       		.byte	0
 520 00ae 0D       		.uleb128 0xd
 521 00af 34       		.uleb128 0x34
 522 00b0 00       		.byte	0
 523 00b1 03       		.uleb128 0x3
 524 00b2 0E       		.uleb128 0xe
 525 00b3 3A       		.uleb128 0x3a
 526 00b4 0B       		.uleb128 0xb
 527 00b5 3B       		.uleb128 0x3b
 528 00b6 0B       		.uleb128 0xb
ARM GAS  C:\Users\ASUS\AppData\Local\Temp\ccUHrUvb.s 			page 15


 529 00b7 49       		.uleb128 0x49
 530 00b8 13       		.uleb128 0x13
 531 00b9 3F       		.uleb128 0x3f
 532 00ba 19       		.uleb128 0x19
 533 00bb 3C       		.uleb128 0x3c
 534 00bc 19       		.uleb128 0x19
 535 00bd 00       		.byte	0
 536 00be 00       		.byte	0
 537 00bf 00       		.byte	0
 538              		.section	.debug_aranges,"",%progbits
 539 0000 24000000 		.4byte	0x24
 540 0004 0200     		.2byte	0x2
 541 0006 00000000 		.4byte	.Ldebug_info0
 542 000a 04       		.byte	0x4
 543 000b 00       		.byte	0
 544 000c 0000     		.2byte	0
 545 000e 0000     		.2byte	0
 546 0010 00000000 		.4byte	.LFB0
 547 0014 18000000 		.4byte	.LFE0-.LFB0
 548 0018 00000000 		.4byte	.LFB1
 549 001c 98000000 		.4byte	.LFE1-.LFB1
 550 0020 00000000 		.4byte	0
 551 0024 00000000 		.4byte	0
 552              		.section	.debug_ranges,"",%progbits
 553              	.Ldebug_ranges0:
 554 0000 00000000 		.4byte	.LFB0
 555 0004 18000000 		.4byte	.LFE0
 556 0008 00000000 		.4byte	.LFB1
 557 000c 98000000 		.4byte	.LFE1
 558 0010 00000000 		.4byte	0
 559 0014 00000000 		.4byte	0
 560              		.section	.debug_line,"",%progbits
 561              	.Ldebug_line0:
 562 0000 A1000000 		.section	.debug_str,"MS",%progbits,1
 562      02005F00 
 562      00000201 
 562      FB0E0D00 
 562      01010101 
 563              	.LASF21:
 564 0000 726F774E 		.ascii	"rowNum\000"
 564      756D00
 565              	.LASF3:
 566 0007 73686F72 		.ascii	"short unsigned int\000"
 566      7420756E 
 566      7369676E 
 566      65642069 
 566      6E7400
 567              	.LASF12:
 568 001a 666C6F61 		.ascii	"float\000"
 568      7400
 569              	.LASF1:
 570 0020 756E7369 		.ascii	"unsigned char\000"
 570      676E6564 
 570      20636861 
 570      7200
 571              	.LASF20:
 572 002e 726F7744 		.ascii	"rowData\000"
ARM GAS  C:\Users\ASUS\AppData\Local\Temp\ccUHrUvb.s 			page 16


 572      61746100 
 573              	.LASF25:
 574 0036 433A5C61 		.ascii	"C:\\aixt\\ports\\Cypress\\CY8CKIT-049-42XX\\example"
 574      6978745C 
 574      706F7274 
 574      735C4379 
 574      70726573 
 575 0064 735C436F 		.ascii	"s\\Config_Gral_049.cydsn\\CE230991_My_First_Project"
 575      6E666967 
 575      5F477261 
 575      6C5F3034 
 575      392E6379 
 576 0095 30312E63 		.ascii	"01.cydsn\000"
 576      7964736E 
 576      00
 577              	.LASF5:
 578 009e 6C6F6E67 		.ascii	"long unsigned int\000"
 578      20756E73 
 578      69676E65 
 578      6420696E 
 578      7400
 579              	.LASF9:
 580 00b0 75696E74 		.ascii	"uint8\000"
 580      3800
 581              	.LASF23:
 582 00b6 474E5520 		.ascii	"GNU C11 5.4.1 20160609 (release) [ARM/embedded-5-br"
 582      43313120 
 582      352E342E 
 582      31203230 
 582      31363036 
 583 00e9 616E6368 		.ascii	"anch revision 237715] -mcpu=cortex-m0 -mthumb -g -O"
 583      20726576 
 583      6973696F 
 583      6E203233 
 583      37373135 
 584 011c 30202D66 		.ascii	"0 -ffunction-sections -ffat-lto-objects\000"
 584      66756E63 
 584      74696F6E 
 584      2D736563 
 584      74696F6E 
 585              	.LASF13:
 586 0144 646F7562 		.ascii	"double\000"
 586      6C6500
 587              	.LASF19:
 588 014b 666C7341 		.ascii	"flsAddr\000"
 588      64647200 
 589              	.LASF10:
 590 0153 75696E74 		.ascii	"uint16\000"
 590      313600
 591              	.LASF11:
 592 015a 75696E74 		.ascii	"uint32\000"
 592      333200
 593              	.LASF8:
 594 0161 756E7369 		.ascii	"unsigned int\000"
 594      676E6564 
 594      20696E74 
 594      00
ARM GAS  C:\Users\ASUS\AppData\Local\Temp\ccUHrUvb.s 			page 17


 595              	.LASF27:
 596 016e 426F6F74 		.ascii	"Bootloadable_1_SetFlashByte\000"
 596      6C6F6164 
 596      61626C65 
 596      5F315F53 
 596      6574466C 
 597              	.LASF17:
 598 018a 61646472 		.ascii	"address\000"
 598      65737300 
 599              	.LASF7:
 600 0192 6C6F6E67 		.ascii	"long long unsigned int\000"
 600      206C6F6E 
 600      6720756E 
 600      7369676E 
 600      65642069 
 601              	.LASF18:
 602 01a9 72756E54 		.ascii	"runType\000"
 602      79706500 
 603              	.LASF22:
 604 01b1 62617365 		.ascii	"baseAddr\000"
 604      41646472 
 604      00
 605              	.LASF16:
 606 01ba 73697A65 		.ascii	"sizetype\000"
 606      74797065 
 606      00
 607              	.LASF6:
 608 01c3 6C6F6E67 		.ascii	"long long int\000"
 608      206C6F6E 
 608      6720696E 
 608      7400
 609              	.LASF14:
 610 01d1 63686172 		.ascii	"char\000"
 610      00
 611              	.LASF24:
 612 01d6 47656E65 		.ascii	"Generated_Source\\PSoC4\\Bootloadable_1.c\000"
 612      72617465 
 612      645F536F 
 612      75726365 
 612      5C50536F 
 613              	.LASF2:
 614 01fe 73686F72 		.ascii	"short int\000"
 614      7420696E 
 614      7400
 615              	.LASF4:
 616 0208 6C6F6E67 		.ascii	"long int\000"
 616      20696E74 
 616      00
 617              	.LASF15:
 618 0211 6C6F6E67 		.ascii	"long double\000"
 618      20646F75 
 618      626C6500 
 619              	.LASF0:
 620 021d 7369676E 		.ascii	"signed char\000"
 620      65642063 
 620      68617200 
 621              	.LASF28:
ARM GAS  C:\Users\ASUS\AppData\Local\Temp\ccUHrUvb.s 			page 18


 622 0229 63794274 		.ascii	"cyBtldrRunType\000"
 622      6C647252 
 622      756E5479 
 622      706500
 623              	.LASF26:
 624 0238 426F6F74 		.ascii	"Bootloadable_1_Load\000"
 624      6C6F6164 
 624      61626C65 
 624      5F315F4C 
 624      6F616400 
 625              		.ident	"GCC: (GNU Tools for ARM Embedded Processors) 5.4.1 20160609 (release) [ARM/embedded-5-bran
