ARM GAS  C:\Users\ASUS\AppData\Local\Temp\ccGmdxRn.s 			page 1


   1              		.syntax unified
   2              		.cpu cortex-m0
   3              		.fpu softvfp
   4              		.eabi_attribute 20, 1
   5              		.eabi_attribute 21, 1
   6              		.eabi_attribute 23, 3
   7              		.eabi_attribute 24, 1
   8              		.eabi_attribute 25, 1
   9              		.eabi_attribute 26, 1
  10              		.eabi_attribute 30, 6
  11              		.eabi_attribute 34, 0
  12              		.eabi_attribute 18, 4
  13              		.thumb
  14              		.syntax unified
  15              		.file	"Cm0Start.c"
  16              		.text
  17              	.Ltext0:
  18              		.cfi_sections	.debug_frame
  19              		.section	.noinit,"aw",%progbits
  20              		.align	2
  21              		.type	cySysNoInitDataValid, %object
  22              		.size	cySysNoInitDataValid, 4
  23              	cySysNoInitDataValid:
  24 0000 00000000 		.space	4
  25              		.global	cyBtldrRunType
  26              		.section	.bootloaderruntype,"aw",%progbits
  27              		.align	2
  28              		.type	cyBtldrRunType, %object
  29              		.size	cyBtldrRunType, 4
  30              	cyBtldrRunType:
  31 0000 00000000 		.space	4
  32              		.section	.text.IntDefaultHandler,"ax",%progbits
  33              		.align	2
  34              		.global	IntDefaultHandler
  35              		.code	16
  36              		.thumb_func
  37              		.type	IntDefaultHandler, %function
  38              	IntDefaultHandler:
  39              	.LFB0:
  40              		.file 1 "Generated_Source\\PSoC4\\Cm0Start.c"
   1:Generated_Source\PSoC4/Cm0Start.c **** /***************************************************************************//**
   2:Generated_Source\PSoC4/Cm0Start.c **** * \file Cm0Start.c
   3:Generated_Source\PSoC4/Cm0Start.c **** * \version 5.70
   4:Generated_Source\PSoC4/Cm0Start.c **** *
   5:Generated_Source\PSoC4/Cm0Start.c **** * \brief Startup code for the ARM CM0.
   6:Generated_Source\PSoC4/Cm0Start.c **** *
   7:Generated_Source\PSoC4/Cm0Start.c **** ********************************************************************************
   8:Generated_Source\PSoC4/Cm0Start.c **** * \copyright
   9:Generated_Source\PSoC4/Cm0Start.c **** * Copyright 2010-2018, Cypress Semiconductor Corporation.  All rights reserved.
  10:Generated_Source\PSoC4/Cm0Start.c **** * You may use this file only in accordance with the license, terms, conditions,
  11:Generated_Source\PSoC4/Cm0Start.c **** * disclaimers, and limitations in the end user license agreement accompanying
  12:Generated_Source\PSoC4/Cm0Start.c **** * the software package with which this file was provided.
  13:Generated_Source\PSoC4/Cm0Start.c **** *******************************************************************************/
  14:Generated_Source\PSoC4/Cm0Start.c **** 
  15:Generated_Source\PSoC4/Cm0Start.c **** #include <limits.h>
  16:Generated_Source\PSoC4/Cm0Start.c **** #include "cydevice_trm.h"
  17:Generated_Source\PSoC4/Cm0Start.c **** #include "cytypes.h"
ARM GAS  C:\Users\ASUS\AppData\Local\Temp\ccGmdxRn.s 			page 2


  18:Generated_Source\PSoC4/Cm0Start.c **** #include "cyfitter_cfg.h"
  19:Generated_Source\PSoC4/Cm0Start.c **** #include "CyLib.h"
  20:Generated_Source\PSoC4/Cm0Start.c **** #include "cyfitter.h"
  21:Generated_Source\PSoC4/Cm0Start.c **** #include "cyapicallbacks.h"
  22:Generated_Source\PSoC4/Cm0Start.c **** 
  23:Generated_Source\PSoC4/Cm0Start.c **** #define CY_NUM_VECTORS              (CY_INT_IRQ_BASE + CY_NUM_INTERRUPTS)
  24:Generated_Source\PSoC4/Cm0Start.c **** 
  25:Generated_Source\PSoC4/Cm0Start.c **** #if (CY_IP_CPUSS_CM0)
  26:Generated_Source\PSoC4/Cm0Start.c ****     #define CY_CPUSS_CONFIG_VECT_IN_RAM (( uint32 ) 0x01)
  27:Generated_Source\PSoC4/Cm0Start.c **** #endif /* (CY_IP_CPUSS_CM0) */
  28:Generated_Source\PSoC4/Cm0Start.c **** 
  29:Generated_Source\PSoC4/Cm0Start.c **** 
  30:Generated_Source\PSoC4/Cm0Start.c **** #if (CY_IP_CPUSS_CM0)
  31:Generated_Source\PSoC4/Cm0Start.c ****     /* CPUSS Configuration register */
  32:Generated_Source\PSoC4/Cm0Start.c ****     #define CY_CPUSS_CONFIG_REG         (*(reg32 *) CYREG_CPUSS_CONFIG)
  33:Generated_Source\PSoC4/Cm0Start.c ****     #define CY_CPUSS_CONFIG_PTR         ( (reg32 *) CYREG_CPUSS_CONFIG)
  34:Generated_Source\PSoC4/Cm0Start.c **** #endif /* (CY_IP_CPUSS_CM0) */
  35:Generated_Source\PSoC4/Cm0Start.c **** 
  36:Generated_Source\PSoC4/Cm0Start.c **** 
  37:Generated_Source\PSoC4/Cm0Start.c **** #if defined (__ICCARM__)
  38:Generated_Source\PSoC4/Cm0Start.c ****     #define CY_NUM_ROM_VECTORS      (CY_NUM_VECTORS)
  39:Generated_Source\PSoC4/Cm0Start.c **** #else
  40:Generated_Source\PSoC4/Cm0Start.c ****     #define CY_NUM_ROM_VECTORS      (4u)
  41:Generated_Source\PSoC4/Cm0Start.c **** #endif  /* defined (__ICCARM__) */
  42:Generated_Source\PSoC4/Cm0Start.c **** 
  43:Generated_Source\PSoC4/Cm0Start.c **** /* Vector table address in SRAM */
  44:Generated_Source\PSoC4/Cm0Start.c **** #define CY_CPUSS_CONFIG_VECT_ADDR_IN_RAM    (0x20000000u)
  45:Generated_Source\PSoC4/Cm0Start.c **** 
  46:Generated_Source\PSoC4/Cm0Start.c **** #ifndef CY_SYS_INITIAL_STACK_POINTER
  47:Generated_Source\PSoC4/Cm0Start.c **** 
  48:Generated_Source\PSoC4/Cm0Start.c ****     #if defined(__ARMCC_VERSION)
  49:Generated_Source\PSoC4/Cm0Start.c ****         #define CY_SYS_INITIAL_STACK_POINTER ((cyisraddress)(uint32)&Image$$ARM_LIB_STACK$$ZI$$Limi
  50:Generated_Source\PSoC4/Cm0Start.c ****     #elif defined (__GNUC__)
  51:Generated_Source\PSoC4/Cm0Start.c ****         #define CY_SYS_INITIAL_STACK_POINTER (&__cy_stack)
  52:Generated_Source\PSoC4/Cm0Start.c ****     #elif defined (__ICCARM__)
  53:Generated_Source\PSoC4/Cm0Start.c ****         #pragma language=extended
  54:Generated_Source\PSoC4/Cm0Start.c ****         #pragma segment="CSTACK"
  55:Generated_Source\PSoC4/Cm0Start.c ****         #define CY_SYS_INITIAL_STACK_POINTER  { .__ptr = __sfe( "CSTACK" ) }
  56:Generated_Source\PSoC4/Cm0Start.c **** 
  57:Generated_Source\PSoC4/Cm0Start.c ****         extern void __iar_program_start( void );
  58:Generated_Source\PSoC4/Cm0Start.c ****         extern void __iar_data_init3 (void);
  59:Generated_Source\PSoC4/Cm0Start.c ****     #endif  /* (__ARMCC_VERSION) */
  60:Generated_Source\PSoC4/Cm0Start.c **** 
  61:Generated_Source\PSoC4/Cm0Start.c **** #endif /* CY_SYS_INITIAL_STACK_POINTER */
  62:Generated_Source\PSoC4/Cm0Start.c **** 
  63:Generated_Source\PSoC4/Cm0Start.c **** 
  64:Generated_Source\PSoC4/Cm0Start.c **** #if defined(__GNUC__)
  65:Generated_Source\PSoC4/Cm0Start.c ****     #include <errno.h>
  66:Generated_Source\PSoC4/Cm0Start.c ****     extern int  end;
  67:Generated_Source\PSoC4/Cm0Start.c **** #endif  /* defined(__GNUC__) */
  68:Generated_Source\PSoC4/Cm0Start.c **** 
  69:Generated_Source\PSoC4/Cm0Start.c **** /* Extern functions */
  70:Generated_Source\PSoC4/Cm0Start.c **** extern void CyBtldr_CheckLaunch(void);
  71:Generated_Source\PSoC4/Cm0Start.c **** 
  72:Generated_Source\PSoC4/Cm0Start.c **** /* Function prototypes */
  73:Generated_Source\PSoC4/Cm0Start.c **** void initialize_psoc(void);
  74:Generated_Source\PSoC4/Cm0Start.c **** 
ARM GAS  C:\Users\ASUS\AppData\Local\Temp\ccGmdxRn.s 			page 3


  75:Generated_Source\PSoC4/Cm0Start.c **** /* Global variables */
  76:Generated_Source\PSoC4/Cm0Start.c **** #if !defined (__ICCARM__)
  77:Generated_Source\PSoC4/Cm0Start.c ****     CY_NOINIT static uint32 cySysNoInitDataValid;
  78:Generated_Source\PSoC4/Cm0Start.c **** #endif  /* !defined (__ICCARM__) */
  79:Generated_Source\PSoC4/Cm0Start.c **** 
  80:Generated_Source\PSoC4/Cm0Start.c **** 
  81:Generated_Source\PSoC4/Cm0Start.c **** #if (CYDEV_PROJ_TYPE != CYDEV_PROJ_TYPE_STANDARD)
  82:Generated_Source\PSoC4/Cm0Start.c **** 
  83:Generated_Source\PSoC4/Cm0Start.c ****     /*******************************************************************************
  84:Generated_Source\PSoC4/Cm0Start.c ****     This variable is used by the Bootloader/Bootloadable components to schedule
  85:Generated_Source\PSoC4/Cm0Start.c ****     what application will be started after a software reset.
  86:Generated_Source\PSoC4/Cm0Start.c ****     *******************************************************************************/
  87:Generated_Source\PSoC4/Cm0Start.c ****     #if (__ARMCC_VERSION)
  88:Generated_Source\PSoC4/Cm0Start.c ****         __attribute__ ((section(".bootloaderruntype"), zero_init))
  89:Generated_Source\PSoC4/Cm0Start.c ****     #elif defined (__GNUC__)
  90:Generated_Source\PSoC4/Cm0Start.c ****         __attribute__ ((section(".bootloaderruntype")))
  91:Generated_Source\PSoC4/Cm0Start.c ****     #elif defined (__ICCARM__)
  92:Generated_Source\PSoC4/Cm0Start.c ****         #pragma location=".bootloaderruntype"
  93:Generated_Source\PSoC4/Cm0Start.c ****     #endif /* (__ARMCC_VERSION) */
  94:Generated_Source\PSoC4/Cm0Start.c ****     volatile uint32 cyBtldrRunType;
  95:Generated_Source\PSoC4/Cm0Start.c **** 
  96:Generated_Source\PSoC4/Cm0Start.c **** #endif  /* (CYDEV_PROJ_TYPE != CYDEV_PROJ_TYPE_STANDARD) */
  97:Generated_Source\PSoC4/Cm0Start.c **** 
  98:Generated_Source\PSoC4/Cm0Start.c **** 
  99:Generated_Source\PSoC4/Cm0Start.c **** /*******************************************************************************
 100:Generated_Source\PSoC4/Cm0Start.c **** * Function Name: IntDefaultHandler
 101:Generated_Source\PSoC4/Cm0Start.c **** ****************************************************************************//**
 102:Generated_Source\PSoC4/Cm0Start.c **** *
 103:Generated_Source\PSoC4/Cm0Start.c **** *  This function is called for all interrupts, other than a reset that is called
 104:Generated_Source\PSoC4/Cm0Start.c **** *  before the system is setup.
 105:Generated_Source\PSoC4/Cm0Start.c **** *
 106:Generated_Source\PSoC4/Cm0Start.c **** *******************************************************************************/
 107:Generated_Source\PSoC4/Cm0Start.c **** CY_NORETURN
 108:Generated_Source\PSoC4/Cm0Start.c **** CY_ISR(IntDefaultHandler)
 109:Generated_Source\PSoC4/Cm0Start.c **** {
  41              		.loc 1 109 0
  42              		.cfi_startproc
  43              		@ args = 0, pretend = 0, frame = 0
  44              		@ frame_needed = 1, uses_anonymous_args = 0
  45 0000 80B5     		push	{r7, lr}
  46              		.cfi_def_cfa_offset 8
  47              		.cfi_offset 7, -8
  48              		.cfi_offset 14, -4
  49 0002 00AF     		add	r7, sp, #0
  50              		.cfi_def_cfa_register 7
 110:Generated_Source\PSoC4/Cm0Start.c ****     /***************************************************************************
 111:Generated_Source\PSoC4/Cm0Start.c ****     * We must not get here. If we do, a serious problem occurs, so go into
 112:Generated_Source\PSoC4/Cm0Start.c ****     * an infinite loop.
 113:Generated_Source\PSoC4/Cm0Start.c ****     ***************************************************************************/
 114:Generated_Source\PSoC4/Cm0Start.c **** 
 115:Generated_Source\PSoC4/Cm0Start.c ****     #if defined(__GNUC__)
 116:Generated_Source\PSoC4/Cm0Start.c ****         if (errno == ENOMEM)
  51              		.loc 1 116 0
  52 0004 FFF7FEFF 		bl	__errno
  53 0008 0300     		movs	r3, r0
  54 000a 1B68     		ldr	r3, [r3]
  55 000c 0C2B     		cmp	r3, #12
ARM GAS  C:\Users\ASUS\AppData\Local\Temp\ccGmdxRn.s 			page 4


  56 000e 00D1     		bne	.L2
  57              	.L3:
 117:Generated_Source\PSoC4/Cm0Start.c ****         {
 118:Generated_Source\PSoC4/Cm0Start.c ****             #ifdef CY_BOOT_INT_DEFAULT_HANDLER_ENOMEM_EXCEPTION_CALLBACK
 119:Generated_Source\PSoC4/Cm0Start.c ****                 CyBoot_IntDefaultHandler_Enomem_Exception_Callback();
 120:Generated_Source\PSoC4/Cm0Start.c ****             #endif /* CY_BOOT_INT_DEFAULT_HANDLER_ENOMEM_EXCEPTION_CALLBACK */
 121:Generated_Source\PSoC4/Cm0Start.c ****             
 122:Generated_Source\PSoC4/Cm0Start.c ****             while(1)
 123:Generated_Source\PSoC4/Cm0Start.c ****             {
 124:Generated_Source\PSoC4/Cm0Start.c ****                 /* Out Of Heap Space
 125:Generated_Source\PSoC4/Cm0Start.c ****                  * This can be increased in the System tab of the Design Wide Resources.
 126:Generated_Source\PSoC4/Cm0Start.c ****                  */
 127:Generated_Source\PSoC4/Cm0Start.c ****             }
  58              		.loc 1 127 0 discriminator 1
  59 0010 FEE7     		b	.L3
  60              	.L2:
 128:Generated_Source\PSoC4/Cm0Start.c ****         }
 129:Generated_Source\PSoC4/Cm0Start.c ****         else
 130:Generated_Source\PSoC4/Cm0Start.c ****     #endif
 131:Generated_Source\PSoC4/Cm0Start.c ****         {
 132:Generated_Source\PSoC4/Cm0Start.c ****             #ifdef CY_BOOT_INT_DEFAULT_HANDLER_EXCEPTION_ENTRY_CALLBACK
 133:Generated_Source\PSoC4/Cm0Start.c ****                 CyBoot_IntDefaultHandler_Exception_EntryCallback();
 134:Generated_Source\PSoC4/Cm0Start.c ****             #endif /* CY_BOOT_INT_DEFAULT_HANDLER_EXCEPTION_ENTRY_CALLBACK */
 135:Generated_Source\PSoC4/Cm0Start.c **** 
 136:Generated_Source\PSoC4/Cm0Start.c ****             while(1)
 137:Generated_Source\PSoC4/Cm0Start.c ****             {
 138:Generated_Source\PSoC4/Cm0Start.c **** 
 139:Generated_Source\PSoC4/Cm0Start.c ****             }
  61              		.loc 1 139 0 discriminator 2
  62 0012 FEE7     		b	.L2
  63              		.cfi_endproc
  64              	.LFE0:
  65              		.size	IntDefaultHandler, .-IntDefaultHandler
  66              		.section	.text._exit,"ax",%progbits
  67              		.align	2
  68              		.weak	_exit
  69              		.code	16
  70              		.thumb_func
  71              		.type	_exit, %function
  72              	_exit:
  73              	.LFB1:
 140:Generated_Source\PSoC4/Cm0Start.c ****         }
 141:Generated_Source\PSoC4/Cm0Start.c **** }
 142:Generated_Source\PSoC4/Cm0Start.c **** 
 143:Generated_Source\PSoC4/Cm0Start.c **** #if defined(__ARMCC_VERSION)
 144:Generated_Source\PSoC4/Cm0Start.c **** 
 145:Generated_Source\PSoC4/Cm0Start.c **** /* Local function for device reset. */
 146:Generated_Source\PSoC4/Cm0Start.c **** extern void Reset(void);
 147:Generated_Source\PSoC4/Cm0Start.c **** 
 148:Generated_Source\PSoC4/Cm0Start.c **** /* Application entry point. */
 149:Generated_Source\PSoC4/Cm0Start.c **** extern void $Super$$main(void);
 150:Generated_Source\PSoC4/Cm0Start.c **** 
 151:Generated_Source\PSoC4/Cm0Start.c **** /* Linker-generated Stack Base addresses, Two Region and One Region */
 152:Generated_Source\PSoC4/Cm0Start.c **** extern unsigned long Image$$ARM_LIB_STACK$$ZI$$Limit;
 153:Generated_Source\PSoC4/Cm0Start.c **** 
 154:Generated_Source\PSoC4/Cm0Start.c **** /* RealView C Library initialization. */
 155:Generated_Source\PSoC4/Cm0Start.c **** extern int __main(void);
ARM GAS  C:\Users\ASUS\AppData\Local\Temp\ccGmdxRn.s 			page 5


 156:Generated_Source\PSoC4/Cm0Start.c **** 
 157:Generated_Source\PSoC4/Cm0Start.c **** 
 158:Generated_Source\PSoC4/Cm0Start.c **** /*******************************************************************************
 159:Generated_Source\PSoC4/Cm0Start.c **** * Function Name: Reset
 160:Generated_Source\PSoC4/Cm0Start.c **** ****************************************************************************//**
 161:Generated_Source\PSoC4/Cm0Start.c **** *
 162:Generated_Source\PSoC4/Cm0Start.c **** * This function handles the reset interrupt for the MDK toolchains.
 163:Generated_Source\PSoC4/Cm0Start.c **** * This is the first bit of code that is executed at startup.
 164:Generated_Source\PSoC4/Cm0Start.c **** *
 165:Generated_Source\PSoC4/Cm0Start.c **** *******************************************************************************/
 166:Generated_Source\PSoC4/Cm0Start.c **** void Reset(void)
 167:Generated_Source\PSoC4/Cm0Start.c **** {
 168:Generated_Source\PSoC4/Cm0Start.c ****     #if (CYDEV_PROJ_TYPE == CYDEV_PROJ_TYPE_LOADABLE || CYDEV_PROJ_TYPE == CYDEV_PROJ_TYPE_LOADABLE
 169:Generated_Source\PSoC4/Cm0Start.c ****         /* The bootloadable application image is started at Reset() handler
 170:Generated_Source\PSoC4/Cm0Start.c ****         * as a result of a branch instruction execution from the bootloader.
 171:Generated_Source\PSoC4/Cm0Start.c ****         * So, the stack pointer needs to be reset to be sure that
 172:Generated_Source\PSoC4/Cm0Start.c ****         * there is no garbage in the stack.
 173:Generated_Source\PSoC4/Cm0Start.c ****         */
 174:Generated_Source\PSoC4/Cm0Start.c ****         register uint32_t msp __asm("msp");
 175:Generated_Source\PSoC4/Cm0Start.c ****         msp = (uint32_t)&Image$$ARM_LIB_STACK$$ZI$$Limit;
 176:Generated_Source\PSoC4/Cm0Start.c ****     #endif /*(CYDEV_PROJ_TYPE == CYDEV_PROJ_TYPE_LOADABLE || CYDEV_PROJ_TYPE == CYDEV_PROJ_TYPE_LOA
 177:Generated_Source\PSoC4/Cm0Start.c **** 
 178:Generated_Source\PSoC4/Cm0Start.c ****     #if(CY_IP_SRSSLT)
 179:Generated_Source\PSoC4/Cm0Start.c ****         CySysWdtDisable();
 180:Generated_Source\PSoC4/Cm0Start.c ****     #endif  /* (CY_IP_SRSSLT) */
 181:Generated_Source\PSoC4/Cm0Start.c **** 
 182:Generated_Source\PSoC4/Cm0Start.c ****     #if ((CYDEV_BOOTLOADER_ENABLE) && (CYDEV_PROJ_TYPE != CYDEV_PROJ_TYPE_LOADABLEANDBOOTLOADER))
 183:Generated_Source\PSoC4/Cm0Start.c ****         CyBtldr_CheckLaunch();
 184:Generated_Source\PSoC4/Cm0Start.c ****     #endif /* ((CYDEV_BOOTLOADER_ENABLE) && (CYDEV_PROJ_TYPE != CYDEV_PROJ_TYPE_LOADABLEANDBOOTLOAD
 185:Generated_Source\PSoC4/Cm0Start.c **** 
 186:Generated_Source\PSoC4/Cm0Start.c ****     __main();
 187:Generated_Source\PSoC4/Cm0Start.c **** }
 188:Generated_Source\PSoC4/Cm0Start.c **** 
 189:Generated_Source\PSoC4/Cm0Start.c **** /*******************************************************************************
 190:Generated_Source\PSoC4/Cm0Start.c **** * Function Name: $Sub$$main
 191:Generated_Source\PSoC4/Cm0Start.c **** ****************************************************************************//**
 192:Generated_Source\PSoC4/Cm0Start.c **** *
 193:Generated_Source\PSoC4/Cm0Start.c **** * This function is called immediately before the users main
 194:Generated_Source\PSoC4/Cm0Start.c **** *
 195:Generated_Source\PSoC4/Cm0Start.c **** *******************************************************************************/
 196:Generated_Source\PSoC4/Cm0Start.c **** __attribute__ ((noreturn, __noinline__))
 197:Generated_Source\PSoC4/Cm0Start.c **** void $Sub$$main(void)
 198:Generated_Source\PSoC4/Cm0Start.c **** {
 199:Generated_Source\PSoC4/Cm0Start.c ****     initialize_psoc();
 200:Generated_Source\PSoC4/Cm0Start.c **** 
 201:Generated_Source\PSoC4/Cm0Start.c ****     /* Call original main */
 202:Generated_Source\PSoC4/Cm0Start.c ****     $Super$$main();
 203:Generated_Source\PSoC4/Cm0Start.c **** 
 204:Generated_Source\PSoC4/Cm0Start.c ****     while (1)
 205:Generated_Source\PSoC4/Cm0Start.c ****     {
 206:Generated_Source\PSoC4/Cm0Start.c ****         /* If main returns it is undefined what we should do. */
 207:Generated_Source\PSoC4/Cm0Start.c ****     }
 208:Generated_Source\PSoC4/Cm0Start.c **** }
 209:Generated_Source\PSoC4/Cm0Start.c **** 
 210:Generated_Source\PSoC4/Cm0Start.c **** #elif defined(__GNUC__)
 211:Generated_Source\PSoC4/Cm0Start.c **** 
 212:Generated_Source\PSoC4/Cm0Start.c **** /* Stack Base address */
ARM GAS  C:\Users\ASUS\AppData\Local\Temp\ccGmdxRn.s 			page 6


 213:Generated_Source\PSoC4/Cm0Start.c **** extern void __cy_stack(void);
 214:Generated_Source\PSoC4/Cm0Start.c **** 
 215:Generated_Source\PSoC4/Cm0Start.c **** /* Application entry point. */
 216:Generated_Source\PSoC4/Cm0Start.c **** extern int main(void);
 217:Generated_Source\PSoC4/Cm0Start.c **** 
 218:Generated_Source\PSoC4/Cm0Start.c **** /* The static objects constructors initializer */
 219:Generated_Source\PSoC4/Cm0Start.c **** extern void __libc_init_array(void);
 220:Generated_Source\PSoC4/Cm0Start.c **** 
 221:Generated_Source\PSoC4/Cm0Start.c **** typedef unsigned char __cy_byte_align8 __attribute ((aligned (8)));
 222:Generated_Source\PSoC4/Cm0Start.c **** 
 223:Generated_Source\PSoC4/Cm0Start.c **** struct __cy_region
 224:Generated_Source\PSoC4/Cm0Start.c **** {
 225:Generated_Source\PSoC4/Cm0Start.c ****     __cy_byte_align8 *init; /* Initial contents of this region.  */
 226:Generated_Source\PSoC4/Cm0Start.c ****     __cy_byte_align8 *data; /* Start address of region.  */
 227:Generated_Source\PSoC4/Cm0Start.c ****     size_t init_size;       /* Size of initial data.  */
 228:Generated_Source\PSoC4/Cm0Start.c ****     size_t zero_size;       /* Additional size to be zeroed.  */
 229:Generated_Source\PSoC4/Cm0Start.c **** };
 230:Generated_Source\PSoC4/Cm0Start.c **** 
 231:Generated_Source\PSoC4/Cm0Start.c **** extern const struct __cy_region __cy_regions[];
 232:Generated_Source\PSoC4/Cm0Start.c **** extern const char __cy_region_num __attribute__((weak));
 233:Generated_Source\PSoC4/Cm0Start.c **** #define __cy_region_num ((size_t)&__cy_region_num)
 234:Generated_Source\PSoC4/Cm0Start.c **** 
 235:Generated_Source\PSoC4/Cm0Start.c **** 
 236:Generated_Source\PSoC4/Cm0Start.c **** /*******************************************************************************
 237:Generated_Source\PSoC4/Cm0Start.c **** * System Calls of the Red Hat newlib C Library
 238:Generated_Source\PSoC4/Cm0Start.c **** *******************************************************************************/
 239:Generated_Source\PSoC4/Cm0Start.c **** 
 240:Generated_Source\PSoC4/Cm0Start.c **** 
 241:Generated_Source\PSoC4/Cm0Start.c **** /*******************************************************************************
 242:Generated_Source\PSoC4/Cm0Start.c **** * Function Name: _exit
 243:Generated_Source\PSoC4/Cm0Start.c **** ****************************************************************************//**
 244:Generated_Source\PSoC4/Cm0Start.c **** *
 245:Generated_Source\PSoC4/Cm0Start.c **** * Exit a program without cleaning up files. If your system doesn't provide
 246:Generated_Source\PSoC4/Cm0Start.c **** * this, it is best to avoid linking with subroutines that require it (exit,
 247:Generated_Source\PSoC4/Cm0Start.c **** * system).
 248:Generated_Source\PSoC4/Cm0Start.c **** *
 249:Generated_Source\PSoC4/Cm0Start.c **** * \param status: Status caused program exit.
 250:Generated_Source\PSoC4/Cm0Start.c **** *
 251:Generated_Source\PSoC4/Cm0Start.c **** *******************************************************************************/
 252:Generated_Source\PSoC4/Cm0Start.c **** __attribute__((weak))
 253:Generated_Source\PSoC4/Cm0Start.c **** void _exit(int status)
 254:Generated_Source\PSoC4/Cm0Start.c **** {
  74              		.loc 1 254 0
  75              		.cfi_startproc
  76              		@ args = 0, pretend = 0, frame = 8
  77              		@ frame_needed = 1, uses_anonymous_args = 0
  78 0000 80B5     		push	{r7, lr}
  79              		.cfi_def_cfa_offset 8
  80              		.cfi_offset 7, -8
  81              		.cfi_offset 14, -4
  82 0002 82B0     		sub	sp, sp, #8
  83              		.cfi_def_cfa_offset 16
  84 0004 00AF     		add	r7, sp, #0
  85              		.cfi_def_cfa_register 7
  86 0006 7860     		str	r0, [r7, #4]
 255:Generated_Source\PSoC4/Cm0Start.c ****     CyHalt((uint8) status);
  87              		.loc 1 255 0
ARM GAS  C:\Users\ASUS\AppData\Local\Temp\ccGmdxRn.s 			page 7


  88 0008 7B68     		ldr	r3, [r7, #4]
  89 000a DBB2     		uxtb	r3, r3
  90 000c 1800     		movs	r0, r3
  91 000e FFF7FEFF 		bl	CyHalt
  92              	.L5:
 256:Generated_Source\PSoC4/Cm0Start.c **** 
 257:Generated_Source\PSoC4/Cm0Start.c ****     while(1)
 258:Generated_Source\PSoC4/Cm0Start.c ****     {
 259:Generated_Source\PSoC4/Cm0Start.c **** 
 260:Generated_Source\PSoC4/Cm0Start.c ****     }
  93              		.loc 1 260 0 discriminator 1
  94 0012 FEE7     		b	.L5
  95              		.cfi_endproc
  96              	.LFE1:
  97              		.size	_exit, .-_exit
  98              		.section	.text._sbrk,"ax",%progbits
  99              		.align	2
 100              		.weak	_sbrk
 101              		.code	16
 102              		.thumb_func
 103              		.type	_sbrk, %function
 104              	_sbrk:
 105              	.LFB2:
 261:Generated_Source\PSoC4/Cm0Start.c **** }
 262:Generated_Source\PSoC4/Cm0Start.c **** 
 263:Generated_Source\PSoC4/Cm0Start.c **** 
 264:Generated_Source\PSoC4/Cm0Start.c **** /*******************************************************************************
 265:Generated_Source\PSoC4/Cm0Start.c **** * Function Name: _sbrk
 266:Generated_Source\PSoC4/Cm0Start.c **** ****************************************************************************//**
 267:Generated_Source\PSoC4/Cm0Start.c **** *
 268:Generated_Source\PSoC4/Cm0Start.c **** * Increase program data space. As malloc and related functions depend on this,
 269:Generated_Source\PSoC4/Cm0Start.c **** * it is useful to have a working implementation. The following suffices for a
 270:Generated_Source\PSoC4/Cm0Start.c **** * standalone system; it exploits the symbol end automatically defined by the
 271:Generated_Source\PSoC4/Cm0Start.c **** * GNU linker.
 272:Generated_Source\PSoC4/Cm0Start.c **** *
 273:Generated_Source\PSoC4/Cm0Start.c **** * \param nbytes: The number of bytes requested (if the parameter value is positive)
 274:Generated_Source\PSoC4/Cm0Start.c **** * from the heap or returned back to the heap (if the parameter value is
 275:Generated_Source\PSoC4/Cm0Start.c **** * negative).
 276:Generated_Source\PSoC4/Cm0Start.c **** *
 277:Generated_Source\PSoC4/Cm0Start.c **** *******************************************************************************/
 278:Generated_Source\PSoC4/Cm0Start.c **** __attribute__((weak))
 279:Generated_Source\PSoC4/Cm0Start.c **** void * _sbrk (int nbytes)
 280:Generated_Source\PSoC4/Cm0Start.c **** {
 106              		.loc 1 280 0
 107              		.cfi_startproc
 108              		@ args = 0, pretend = 0, frame = 16
 109              		@ frame_needed = 1, uses_anonymous_args = 0
 110 0000 80B5     		push	{r7, lr}
 111              		.cfi_def_cfa_offset 8
 112              		.cfi_offset 7, -8
 113              		.cfi_offset 14, -4
 114 0002 84B0     		sub	sp, sp, #16
 115              		.cfi_def_cfa_offset 24
 116 0004 00AF     		add	r7, sp, #0
 117              		.cfi_def_cfa_register 7
 118 0006 7860     		str	r0, [r7, #4]
 281:Generated_Source\PSoC4/Cm0Start.c ****     extern int  end;            /* Symbol defined by linker map. Start of free memory (as symbol). 
ARM GAS  C:\Users\ASUS\AppData\Local\Temp\ccGmdxRn.s 			page 8


 282:Generated_Source\PSoC4/Cm0Start.c ****     void *      returnValue;
 283:Generated_Source\PSoC4/Cm0Start.c **** 
 284:Generated_Source\PSoC4/Cm0Start.c ****     /* The statically held previous end of the heap, with its initialization. */
 285:Generated_Source\PSoC4/Cm0Start.c ****     static uint8 *heapPointer = (uint8 *) &end;                 /* Previous end */
 286:Generated_Source\PSoC4/Cm0Start.c **** 
 287:Generated_Source\PSoC4/Cm0Start.c ****     if (((heapPointer + nbytes) - (uint8 *) &end) <= CYDEV_HEAP_SIZE)
 119              		.loc 1 287 0
 120 0008 104B     		ldr	r3, .L10
 121 000a 1A68     		ldr	r2, [r3]
 122 000c 7B68     		ldr	r3, [r7, #4]
 123 000e D318     		adds	r3, r2, r3
 124 0010 1A00     		movs	r2, r3
 125 0012 0F4B     		ldr	r3, .L10+4
 126 0014 D21A     		subs	r2, r2, r3
 127 0016 8023     		movs	r3, #128
 128 0018 5B00     		lsls	r3, r3, #1
 129 001a 9A42     		cmp	r2, r3
 130 001c 09DC     		bgt	.L7
 288:Generated_Source\PSoC4/Cm0Start.c ****     {
 289:Generated_Source\PSoC4/Cm0Start.c ****         returnValue  = (void *) heapPointer;
 131              		.loc 1 289 0
 132 001e 0B4B     		ldr	r3, .L10
 133 0020 1B68     		ldr	r3, [r3]
 134 0022 FB60     		str	r3, [r7, #12]
 290:Generated_Source\PSoC4/Cm0Start.c ****         heapPointer += nbytes;
 135              		.loc 1 290 0
 136 0024 094B     		ldr	r3, .L10
 137 0026 1A68     		ldr	r2, [r3]
 138 0028 7B68     		ldr	r3, [r7, #4]
 139 002a D218     		adds	r2, r2, r3
 140 002c 074B     		ldr	r3, .L10
 141 002e 1A60     		str	r2, [r3]
 142 0030 07E0     		b	.L8
 143              	.L7:
 291:Generated_Source\PSoC4/Cm0Start.c ****     }
 292:Generated_Source\PSoC4/Cm0Start.c ****     else
 293:Generated_Source\PSoC4/Cm0Start.c ****     {
 294:Generated_Source\PSoC4/Cm0Start.c ****         errno = ENOMEM;
 144              		.loc 1 294 0
 145 0032 FFF7FEFF 		bl	__errno
 146 0036 0300     		movs	r3, r0
 147 0038 0C22     		movs	r2, #12
 148 003a 1A60     		str	r2, [r3]
 295:Generated_Source\PSoC4/Cm0Start.c ****         returnValue = (void *) -1;
 149              		.loc 1 295 0
 150 003c 0123     		movs	r3, #1
 151 003e 5B42     		rsbs	r3, r3, #0
 152 0040 FB60     		str	r3, [r7, #12]
 153              	.L8:
 296:Generated_Source\PSoC4/Cm0Start.c ****     }
 297:Generated_Source\PSoC4/Cm0Start.c **** 
 298:Generated_Source\PSoC4/Cm0Start.c ****     return (returnValue);
 154              		.loc 1 298 0
 155 0042 FB68     		ldr	r3, [r7, #12]
 299:Generated_Source\PSoC4/Cm0Start.c **** }
 156              		.loc 1 299 0
 157 0044 1800     		movs	r0, r3
ARM GAS  C:\Users\ASUS\AppData\Local\Temp\ccGmdxRn.s 			page 9


 158 0046 BD46     		mov	sp, r7
 159 0048 04B0     		add	sp, sp, #16
 160              		@ sp needed
 161 004a 80BD     		pop	{r7, pc}
 162              	.L11:
 163              		.align	2
 164              	.L10:
 165 004c 00000000 		.word	heapPointer.4845
 166 0050 00000000 		.word	end
 167              		.cfi_endproc
 168              	.LFE2:
 169              		.size	_sbrk, .-_sbrk
 170              		.section	.text.Start_c,"ax",%progbits
 171              		.align	2
 172              		.global	Start_c
 173              		.code	16
 174              		.thumb_func
 175              		.type	Start_c, %function
 176              	Start_c:
 177              	.LFB3:
 300:Generated_Source\PSoC4/Cm0Start.c **** 
 301:Generated_Source\PSoC4/Cm0Start.c **** 
 302:Generated_Source\PSoC4/Cm0Start.c **** /*******************************************************************************
 303:Generated_Source\PSoC4/Cm0Start.c **** * Function Name: Start_c
 304:Generated_Source\PSoC4/Cm0Start.c **** ****************************************************************************//**
 305:Generated_Source\PSoC4/Cm0Start.c **** *
 306:Generated_Source\PSoC4/Cm0Start.c **** * This function handles initializing the .data and .bss sections in
 307:Generated_Source\PSoC4/Cm0Start.c **** * preparation for running the standard c code.  Once initialization is complete
 308:Generated_Source\PSoC4/Cm0Start.c **** * it will call main().  This function will never return.
 309:Generated_Source\PSoC4/Cm0Start.c **** *
 310:Generated_Source\PSoC4/Cm0Start.c **** *******************************************************************************/
 311:Generated_Source\PSoC4/Cm0Start.c **** void Start_c(void)  __attribute__ ((noreturn, noinline));
 312:Generated_Source\PSoC4/Cm0Start.c **** void Start_c(void)
 313:Generated_Source\PSoC4/Cm0Start.c **** {
 178              		.loc 1 313 0
 179              		.cfi_startproc
 180              		@ args = 0, pretend = 0, frame = 24
 181              		@ frame_needed = 1, uses_anonymous_args = 0
 182 0000 80B5     		push	{r7, lr}
 183              		.cfi_def_cfa_offset 8
 184              		.cfi_offset 7, -8
 185              		.cfi_offset 14, -4
 186 0002 86B0     		sub	sp, sp, #24
 187              		.cfi_def_cfa_offset 32
 188 0004 00AF     		add	r7, sp, #0
 189              		.cfi_def_cfa_register 7
 314:Generated_Source\PSoC4/Cm0Start.c ****     #ifdef CY_BOOT_START_C_CALLBACK
 315:Generated_Source\PSoC4/Cm0Start.c ****         CyBoot_Start_c_Callback();
 316:Generated_Source\PSoC4/Cm0Start.c ****     #else
 317:Generated_Source\PSoC4/Cm0Start.c ****         unsigned regions = __cy_region_num;
 190              		.loc 1 317 0
 191 0006 224B     		ldr	r3, .L20
 192 0008 7B61     		str	r3, [r7, #20]
 318:Generated_Source\PSoC4/Cm0Start.c ****         const struct __cy_region *rptr = __cy_regions;
 193              		.loc 1 318 0
 194 000a 224B     		ldr	r3, .L20+4
 195 000c 3B61     		str	r3, [r7, #16]
ARM GAS  C:\Users\ASUS\AppData\Local\Temp\ccGmdxRn.s 			page 10


 319:Generated_Source\PSoC4/Cm0Start.c **** 
 320:Generated_Source\PSoC4/Cm0Start.c ****         /* Initialize memory */
 321:Generated_Source\PSoC4/Cm0Start.c ****         for (regions = __cy_region_num; regions != 0u; regions--)
 196              		.loc 1 321 0
 197 000e 204B     		ldr	r3, .L20
 198 0010 7B61     		str	r3, [r7, #20]
 199 0012 35E0     		b	.L13
 200              	.L18:
 201              	.LBB2:
 322:Generated_Source\PSoC4/Cm0Start.c ****         {
 323:Generated_Source\PSoC4/Cm0Start.c ****             uint32 *src = (uint32 *)rptr->init;
 202              		.loc 1 323 0
 203 0014 3B69     		ldr	r3, [r7, #16]
 204 0016 1B68     		ldr	r3, [r3]
 205 0018 FB60     		str	r3, [r7, #12]
 324:Generated_Source\PSoC4/Cm0Start.c ****             uint32 *dst = (uint32 *)rptr->data;
 206              		.loc 1 324 0
 207 001a 3B69     		ldr	r3, [r7, #16]
 208 001c 5B68     		ldr	r3, [r3, #4]
 209 001e BB60     		str	r3, [r7, #8]
 325:Generated_Source\PSoC4/Cm0Start.c ****             unsigned limit = rptr->init_size;
 210              		.loc 1 325 0
 211 0020 3B69     		ldr	r3, [r7, #16]
 212 0022 9B68     		ldr	r3, [r3, #8]
 213 0024 3B60     		str	r3, [r7]
 326:Generated_Source\PSoC4/Cm0Start.c ****             unsigned count;
 327:Generated_Source\PSoC4/Cm0Start.c **** 
 328:Generated_Source\PSoC4/Cm0Start.c ****             for (count = 0u; count != limit; count += sizeof (uint32))
 214              		.loc 1 328 0
 215 0026 0023     		movs	r3, #0
 216 0028 7B60     		str	r3, [r7, #4]
 217 002a 0CE0     		b	.L14
 218              	.L15:
 329:Generated_Source\PSoC4/Cm0Start.c ****             {
 330:Generated_Source\PSoC4/Cm0Start.c ****                 *dst = *src;
 219              		.loc 1 330 0 discriminator 3
 220 002c FB68     		ldr	r3, [r7, #12]
 221 002e 1A68     		ldr	r2, [r3]
 222 0030 BB68     		ldr	r3, [r7, #8]
 223 0032 1A60     		str	r2, [r3]
 331:Generated_Source\PSoC4/Cm0Start.c ****                 dst++;
 224              		.loc 1 331 0 discriminator 3
 225 0034 BB68     		ldr	r3, [r7, #8]
 226 0036 0433     		adds	r3, r3, #4
 227 0038 BB60     		str	r3, [r7, #8]
 332:Generated_Source\PSoC4/Cm0Start.c ****                 src++;
 228              		.loc 1 332 0 discriminator 3
 229 003a FB68     		ldr	r3, [r7, #12]
 230 003c 0433     		adds	r3, r3, #4
 231 003e FB60     		str	r3, [r7, #12]
 328:Generated_Source\PSoC4/Cm0Start.c ****             {
 232              		.loc 1 328 0 discriminator 3
 233 0040 7B68     		ldr	r3, [r7, #4]
 234 0042 0433     		adds	r3, r3, #4
 235 0044 7B60     		str	r3, [r7, #4]
 236              	.L14:
 328:Generated_Source\PSoC4/Cm0Start.c ****             {
ARM GAS  C:\Users\ASUS\AppData\Local\Temp\ccGmdxRn.s 			page 11


 237              		.loc 1 328 0 is_stmt 0 discriminator 1
 238 0046 7A68     		ldr	r2, [r7, #4]
 239 0048 3B68     		ldr	r3, [r7]
 240 004a 9A42     		cmp	r2, r3
 241 004c EED1     		bne	.L15
 333:Generated_Source\PSoC4/Cm0Start.c ****             }
 334:Generated_Source\PSoC4/Cm0Start.c ****             limit = rptr->zero_size;
 242              		.loc 1 334 0 is_stmt 1
 243 004e 3B69     		ldr	r3, [r7, #16]
 244 0050 DB68     		ldr	r3, [r3, #12]
 245 0052 3B60     		str	r3, [r7]
 335:Generated_Source\PSoC4/Cm0Start.c ****             for (count = 0u; count != limit; count += sizeof (uint32))
 246              		.loc 1 335 0
 247 0054 0023     		movs	r3, #0
 248 0056 7B60     		str	r3, [r7, #4]
 249 0058 08E0     		b	.L16
 250              	.L17:
 336:Generated_Source\PSoC4/Cm0Start.c ****             {
 337:Generated_Source\PSoC4/Cm0Start.c ****                 *dst = 0u;
 251              		.loc 1 337 0 discriminator 3
 252 005a BB68     		ldr	r3, [r7, #8]
 253 005c 0022     		movs	r2, #0
 254 005e 1A60     		str	r2, [r3]
 338:Generated_Source\PSoC4/Cm0Start.c ****                 dst++;
 255              		.loc 1 338 0 discriminator 3
 256 0060 BB68     		ldr	r3, [r7, #8]
 257 0062 0433     		adds	r3, r3, #4
 258 0064 BB60     		str	r3, [r7, #8]
 335:Generated_Source\PSoC4/Cm0Start.c ****             for (count = 0u; count != limit; count += sizeof (uint32))
 259              		.loc 1 335 0 discriminator 3
 260 0066 7B68     		ldr	r3, [r7, #4]
 261 0068 0433     		adds	r3, r3, #4
 262 006a 7B60     		str	r3, [r7, #4]
 263              	.L16:
 335:Generated_Source\PSoC4/Cm0Start.c ****             for (count = 0u; count != limit; count += sizeof (uint32))
 264              		.loc 1 335 0 is_stmt 0 discriminator 1
 265 006c 7A68     		ldr	r2, [r7, #4]
 266 006e 3B68     		ldr	r3, [r7]
 267 0070 9A42     		cmp	r2, r3
 268 0072 F2D1     		bne	.L17
 339:Generated_Source\PSoC4/Cm0Start.c ****             }
 340:Generated_Source\PSoC4/Cm0Start.c **** 
 341:Generated_Source\PSoC4/Cm0Start.c ****             rptr++;
 269              		.loc 1 341 0 is_stmt 1 discriminator 2
 270 0074 3B69     		ldr	r3, [r7, #16]
 271 0076 1033     		adds	r3, r3, #16
 272 0078 3B61     		str	r3, [r7, #16]
 273              	.LBE2:
 321:Generated_Source\PSoC4/Cm0Start.c ****         {
 274              		.loc 1 321 0 discriminator 2
 275 007a 7B69     		ldr	r3, [r7, #20]
 276 007c 013B     		subs	r3, r3, #1
 277 007e 7B61     		str	r3, [r7, #20]
 278              	.L13:
 321:Generated_Source\PSoC4/Cm0Start.c ****         {
 279              		.loc 1 321 0 is_stmt 0 discriminator 1
 280 0080 7B69     		ldr	r3, [r7, #20]
ARM GAS  C:\Users\ASUS\AppData\Local\Temp\ccGmdxRn.s 			page 12


 281 0082 002B     		cmp	r3, #0
 282 0084 C6D1     		bne	.L18
 342:Generated_Source\PSoC4/Cm0Start.c ****         }
 343:Generated_Source\PSoC4/Cm0Start.c **** 
 344:Generated_Source\PSoC4/Cm0Start.c ****         /* Invoke static objects constructors */
 345:Generated_Source\PSoC4/Cm0Start.c ****         __libc_init_array();
 283              		.loc 1 345 0 is_stmt 1
 284 0086 FFF7FEFF 		bl	__libc_init_array
 346:Generated_Source\PSoC4/Cm0Start.c ****         (void) main();
 285              		.loc 1 346 0
 286 008a FFF7FEFF 		bl	main
 287              	.L19:
 347:Generated_Source\PSoC4/Cm0Start.c **** 
 348:Generated_Source\PSoC4/Cm0Start.c ****         while (1)
 349:Generated_Source\PSoC4/Cm0Start.c ****         {
 350:Generated_Source\PSoC4/Cm0Start.c ****             /* If main returns, make sure we don't return. */
 351:Generated_Source\PSoC4/Cm0Start.c ****         }
 288              		.loc 1 351 0 discriminator 1
 289 008e FEE7     		b	.L19
 290              	.L21:
 291              		.align	2
 292              	.L20:
 293 0090 00000000 		.word	__cy_region_num
 294 0094 00000000 		.word	__cy_regions
 295              		.cfi_endproc
 296              	.LFE3:
 297              		.size	Start_c, .-Start_c
 298              		.section	.text.Reset,"ax",%progbits
 299              		.align	2
 300              		.global	Reset
 301              		.code	16
 302              		.thumb_func
 303              		.type	Reset, %function
 304              	Reset:
 305              	.LFB4:
 352:Generated_Source\PSoC4/Cm0Start.c **** 
 353:Generated_Source\PSoC4/Cm0Start.c ****     #endif /* CY_BOOT_START_C_CALLBACK */
 354:Generated_Source\PSoC4/Cm0Start.c **** }
 355:Generated_Source\PSoC4/Cm0Start.c **** 
 356:Generated_Source\PSoC4/Cm0Start.c **** 
 357:Generated_Source\PSoC4/Cm0Start.c **** /*******************************************************************************
 358:Generated_Source\PSoC4/Cm0Start.c **** * Function Name: Reset
 359:Generated_Source\PSoC4/Cm0Start.c **** ****************************************************************************//**
 360:Generated_Source\PSoC4/Cm0Start.c **** *
 361:Generated_Source\PSoC4/Cm0Start.c **** * This function handles the reset interrupt for the GCC toolchain.  This is
 362:Generated_Source\PSoC4/Cm0Start.c **** * the first bit of code that is executed at startup.
 363:Generated_Source\PSoC4/Cm0Start.c **** *
 364:Generated_Source\PSoC4/Cm0Start.c **** *******************************************************************************/
 365:Generated_Source\PSoC4/Cm0Start.c **** void Reset(void)
 366:Generated_Source\PSoC4/Cm0Start.c **** {
 306              		.loc 1 366 0
 307              		.cfi_startproc
 308              		@ args = 0, pretend = 0, frame = 0
 309              		@ frame_needed = 1, uses_anonymous_args = 0
 310 0000 80B5     		push	{r7, lr}
 311              		.cfi_def_cfa_offset 8
 312              		.cfi_offset 7, -8
ARM GAS  C:\Users\ASUS\AppData\Local\Temp\ccGmdxRn.s 			page 13


 313              		.cfi_offset 14, -4
 314 0002 00AF     		add	r7, sp, #0
 315              		.cfi_def_cfa_register 7
 367:Generated_Source\PSoC4/Cm0Start.c ****     #if (CYDEV_PROJ_TYPE == CYDEV_PROJ_TYPE_LOADABLE || CYDEV_PROJ_TYPE == CYDEV_PROJ_TYPE_LOADABLE
 368:Generated_Source\PSoC4/Cm0Start.c **** 
 369:Generated_Source\PSoC4/Cm0Start.c ****         /* The bootloadable application image is started at Reset() handler
 370:Generated_Source\PSoC4/Cm0Start.c ****         * as a result of a branch instruction execution from the bootloader.
 371:Generated_Source\PSoC4/Cm0Start.c ****         * So, the stack pointer needs to be reset to be sure that
 372:Generated_Source\PSoC4/Cm0Start.c ****         * there is no garbage in the stack.
 373:Generated_Source\PSoC4/Cm0Start.c ****         */
 374:Generated_Source\PSoC4/Cm0Start.c ****         __asm volatile ("MSR msp, %0\n" : : "r" ((uint32)&__cy_stack) : "sp");
 316              		.loc 1 374 0
 317 0004 024B     		ldr	r3, .L23
 318              		.syntax divided
 319              	@ 374 "Generated_Source\PSoC4\Cm0Start.c" 1
 320 0006 83F30888 		MSR msp, r3
 321              	
 322              	@ 0 "" 2
 375:Generated_Source\PSoC4/Cm0Start.c ****     #endif /* CYDEV_PROJ_TYPE_LOADABLE */
 376:Generated_Source\PSoC4/Cm0Start.c **** 
 377:Generated_Source\PSoC4/Cm0Start.c ****     #if(CY_IP_SRSSLT)
 378:Generated_Source\PSoC4/Cm0Start.c ****         CySysWdtDisable();
 379:Generated_Source\PSoC4/Cm0Start.c ****     #endif  /* (CY_IP_SRSSLT) */
 380:Generated_Source\PSoC4/Cm0Start.c **** 
 381:Generated_Source\PSoC4/Cm0Start.c ****     #if ((CYDEV_BOOTLOADER_ENABLE) && (CYDEV_PROJ_TYPE != CYDEV_PROJ_TYPE_LOADABLEANDBOOTLOADER))
 382:Generated_Source\PSoC4/Cm0Start.c ****         CyBtldr_CheckLaunch();
 383:Generated_Source\PSoC4/Cm0Start.c ****     #endif /* ((CYDEV_BOOTLOADER_ENABLE) && (CYDEV_PROJ_TYPE != CYDEV_PROJ_TYPE_LOADABLEANDBOOTLOAD
 384:Generated_Source\PSoC4/Cm0Start.c ****     Start_c();
 323              		.loc 1 384 0
 324              		.thumb
 325              		.syntax unified
 326 000a FFF7FEFF 		bl	Start_c
 327              	.L24:
 328 000e C046     		.align	2
 329              	.L23:
 330 0010 00000000 		.word	__cy_stack
 331              		.cfi_endproc
 332              	.LFE4:
 333              		.size	Reset, .-Reset
 334              		.global	CyRamVectors
 335              		.section	.ramvectors,"aw",%progbits
 336              		.align	2
 337              		.type	CyRamVectors, %object
 338              		.size	CyRamVectors, 192
 339              	CyRamVectors:
 340 0000 00000000 		.space	192
 340      00000000 
 340      00000000 
 340      00000000 
 340      00000000 
 341              		.global	RomVectors
 342              		.section	.romvectors,"a",%progbits
 343              		.align	2
 344              		.type	RomVectors, %object
 345              		.size	RomVectors, 16
 346              	RomVectors:
 347 0000 00000000 		.word	__cy_stack
ARM GAS  C:\Users\ASUS\AppData\Local\Temp\ccGmdxRn.s 			page 14


 348 0004 00000000 		.word	Reset
 349 0008 00000000 		.word	IntDefaultHandler
 350 000c 00000000 		.word	IntDefaultHandler
 351              		.section	.text.initialize_psoc,"ax",%progbits
 352              		.align	2
 353              		.global	initialize_psoc
 354              		.code	16
 355              		.thumb_func
 356              		.type	initialize_psoc, %function
 357              	initialize_psoc:
 358              	.LFB5:
 385:Generated_Source\PSoC4/Cm0Start.c **** }
 386:Generated_Source\PSoC4/Cm0Start.c **** 
 387:Generated_Source\PSoC4/Cm0Start.c **** #elif defined (__ICCARM__)
 388:Generated_Source\PSoC4/Cm0Start.c **** 
 389:Generated_Source\PSoC4/Cm0Start.c **** 
 390:Generated_Source\PSoC4/Cm0Start.c **** /*******************************************************************************
 391:Generated_Source\PSoC4/Cm0Start.c **** * Function Name: __low_level_init
 392:Generated_Source\PSoC4/Cm0Start.c **** ****************************************************************************//**
 393:Generated_Source\PSoC4/Cm0Start.c **** *
 394:Generated_Source\PSoC4/Cm0Start.c **** * This function performs early initializations for the IAR Embedded
 395:Generated_Source\PSoC4/Cm0Start.c **** * Workbench IDE. It is executed in the context of reset interrupt handler
 396:Generated_Source\PSoC4/Cm0Start.c **** * before the data sections are initialized.
 397:Generated_Source\PSoC4/Cm0Start.c **** *
 398:Generated_Source\PSoC4/Cm0Start.c **** * \return The value that determines whether or not data sections should be
 399:Generated_Source\PSoC4/Cm0Start.c **** * initialized by the system startup code:
 400:Generated_Source\PSoC4/Cm0Start.c **** *    0 - skip data sections initialization;
 401:Generated_Source\PSoC4/Cm0Start.c **** *    1 - initialize data sections;
 402:Generated_Source\PSoC4/Cm0Start.c **** *
 403:Generated_Source\PSoC4/Cm0Start.c **** *******************************************************************************/
 404:Generated_Source\PSoC4/Cm0Start.c **** #pragma inline = never
 405:Generated_Source\PSoC4/Cm0Start.c **** int __low_level_init(void)
 406:Generated_Source\PSoC4/Cm0Start.c **** {
 407:Generated_Source\PSoC4/Cm0Start.c ****     #if(CY_IP_SRSSLT)
 408:Generated_Source\PSoC4/Cm0Start.c ****         CySysWdtDisable();
 409:Generated_Source\PSoC4/Cm0Start.c ****     #endif  /* (CY_IP_SRSSLT) */
 410:Generated_Source\PSoC4/Cm0Start.c **** 
 411:Generated_Source\PSoC4/Cm0Start.c **** #if ((CYDEV_BOOTLOADER_ENABLE) && (CYDEV_PROJ_TYPE != CYDEV_PROJ_TYPE_LOADABLEANDBOOTLOADER))
 412:Generated_Source\PSoC4/Cm0Start.c ****     CyBtldr_CheckLaunch();
 413:Generated_Source\PSoC4/Cm0Start.c **** #endif /* ((CYDEV_BOOTLOADER_ENABLE) && (CYDEV_PROJ_TYPE != CYDEV_PROJ_TYPE_LOADABLEANDBOOTLOADER))
 414:Generated_Source\PSoC4/Cm0Start.c **** 
 415:Generated_Source\PSoC4/Cm0Start.c ****     /* Initialize data sections */
 416:Generated_Source\PSoC4/Cm0Start.c ****     __iar_data_init3();
 417:Generated_Source\PSoC4/Cm0Start.c **** 
 418:Generated_Source\PSoC4/Cm0Start.c ****     initialize_psoc();
 419:Generated_Source\PSoC4/Cm0Start.c **** 
 420:Generated_Source\PSoC4/Cm0Start.c ****     return 0;
 421:Generated_Source\PSoC4/Cm0Start.c **** }
 422:Generated_Source\PSoC4/Cm0Start.c **** 
 423:Generated_Source\PSoC4/Cm0Start.c **** #endif /* __GNUC__ */
 424:Generated_Source\PSoC4/Cm0Start.c **** 
 425:Generated_Source\PSoC4/Cm0Start.c **** 
 426:Generated_Source\PSoC4/Cm0Start.c **** /*******************************************************************************
 427:Generated_Source\PSoC4/Cm0Start.c **** * Ram Interrupt Vector table storage area. Must be placed at 0x20000000.
 428:Generated_Source\PSoC4/Cm0Start.c **** *******************************************************************************/
 429:Generated_Source\PSoC4/Cm0Start.c **** 
 430:Generated_Source\PSoC4/Cm0Start.c **** #if defined (__ICCARM__)
ARM GAS  C:\Users\ASUS\AppData\Local\Temp\ccGmdxRn.s 			page 15


 431:Generated_Source\PSoC4/Cm0Start.c ****     #pragma location=".ramvectors"
 432:Generated_Source\PSoC4/Cm0Start.c **** #elif defined (__ARMCC_VERSION)
 433:Generated_Source\PSoC4/Cm0Start.c ****     #ifndef CY_SYS_RAM_VECTOR_SECTION
 434:Generated_Source\PSoC4/Cm0Start.c ****         #define CY_SYS_RAM_VECTOR_SECTION __attribute__((section(".ramvectors"), zero_init))
 435:Generated_Source\PSoC4/Cm0Start.c ****     #endif /* CY_SYS_RAM_VECTOR_SECTION */
 436:Generated_Source\PSoC4/Cm0Start.c ****     CY_SYS_RAM_VECTOR_SECTION    
 437:Generated_Source\PSoC4/Cm0Start.c **** #else
 438:Generated_Source\PSoC4/Cm0Start.c ****     #ifndef CY_SYS_RAM_VECTOR_SECTION
 439:Generated_Source\PSoC4/Cm0Start.c ****         #define CY_SYS_RAM_VECTOR_SECTION CY_SECTION(".ramvectors")
 440:Generated_Source\PSoC4/Cm0Start.c ****     #endif /* CY_SYS_RAM_VECTOR_SECTION */
 441:Generated_Source\PSoC4/Cm0Start.c ****     CY_SYS_RAM_VECTOR_SECTION
 442:Generated_Source\PSoC4/Cm0Start.c **** #endif  /* defined (__ICCARM__) */
 443:Generated_Source\PSoC4/Cm0Start.c **** cyisraddress CyRamVectors[CY_NUM_VECTORS];
 444:Generated_Source\PSoC4/Cm0Start.c **** 
 445:Generated_Source\PSoC4/Cm0Start.c **** 
 446:Generated_Source\PSoC4/Cm0Start.c **** /*******************************************************************************
 447:Generated_Source\PSoC4/Cm0Start.c **** * Rom Interrupt Vector table storage area. Must be 256-byte aligned.
 448:Generated_Source\PSoC4/Cm0Start.c **** *******************************************************************************/
 449:Generated_Source\PSoC4/Cm0Start.c **** 
 450:Generated_Source\PSoC4/Cm0Start.c **** #if defined(__ARMCC_VERSION)
 451:Generated_Source\PSoC4/Cm0Start.c ****     /* Suppress diagnostic message 1296-D: extended constant initialiser used */
 452:Generated_Source\PSoC4/Cm0Start.c ****     #pragma diag_suppress 1296
 453:Generated_Source\PSoC4/Cm0Start.c **** #endif  /* defined(__ARMCC_VERSION) */
 454:Generated_Source\PSoC4/Cm0Start.c **** 
 455:Generated_Source\PSoC4/Cm0Start.c **** #if defined (__ICCARM__)
 456:Generated_Source\PSoC4/Cm0Start.c ****     #pragma location=".romvectors"
 457:Generated_Source\PSoC4/Cm0Start.c ****     const intvec_elem __vector_table[CY_NUM_ROM_VECTORS] =
 458:Generated_Source\PSoC4/Cm0Start.c **** #else
 459:Generated_Source\PSoC4/Cm0Start.c ****     #ifndef CY_SYS_ROM_VECTOR_SECTION
 460:Generated_Source\PSoC4/Cm0Start.c ****         #define CY_SYS_ROM_VECTOR_SECTION CY_SECTION(".romvectors")
 461:Generated_Source\PSoC4/Cm0Start.c ****     #endif /* CY_SYS_ROM_VECTOR_SECTION */
 462:Generated_Source\PSoC4/Cm0Start.c ****     CY_SYS_ROM_VECTOR_SECTION
 463:Generated_Source\PSoC4/Cm0Start.c ****     const cyisraddress RomVectors[CY_NUM_ROM_VECTORS] =
 464:Generated_Source\PSoC4/Cm0Start.c **** #endif  /* defined (__ICCARM__) */
 465:Generated_Source\PSoC4/Cm0Start.c **** {
 466:Generated_Source\PSoC4/Cm0Start.c ****     CY_SYS_INITIAL_STACK_POINTER,   /* The initial stack pointer  0 */
 467:Generated_Source\PSoC4/Cm0Start.c ****     #if defined (__ICCARM__) /* The reset handler          1 */
 468:Generated_Source\PSoC4/Cm0Start.c ****         __iar_program_start,
 469:Generated_Source\PSoC4/Cm0Start.c ****     #else
 470:Generated_Source\PSoC4/Cm0Start.c ****         (cyisraddress)&Reset,
 471:Generated_Source\PSoC4/Cm0Start.c ****     #endif  /* defined (__ICCARM__) */
 472:Generated_Source\PSoC4/Cm0Start.c ****     &IntDefaultHandler,      /* The NMI handler            2 */
 473:Generated_Source\PSoC4/Cm0Start.c ****     &IntDefaultHandler,      /* The hard fault handler     3 */
 474:Generated_Source\PSoC4/Cm0Start.c **** };
 475:Generated_Source\PSoC4/Cm0Start.c **** 
 476:Generated_Source\PSoC4/Cm0Start.c **** #if defined(__ARMCC_VERSION)
 477:Generated_Source\PSoC4/Cm0Start.c ****     #pragma diag_default 1296
 478:Generated_Source\PSoC4/Cm0Start.c **** #endif  /* defined(__ARMCC_VERSION) */
 479:Generated_Source\PSoC4/Cm0Start.c **** 
 480:Generated_Source\PSoC4/Cm0Start.c **** 
 481:Generated_Source\PSoC4/Cm0Start.c **** /*******************************************************************************
 482:Generated_Source\PSoC4/Cm0Start.c **** * Function Name: initialize_psoc
 483:Generated_Source\PSoC4/Cm0Start.c **** ****************************************************************************//**
 484:Generated_Source\PSoC4/Cm0Start.c **** *
 485:Generated_Source\PSoC4/Cm0Start.c **** * This function is used to initialize the PSoC chip before calling main.
 486:Generated_Source\PSoC4/Cm0Start.c **** *
 487:Generated_Source\PSoC4/Cm0Start.c **** *******************************************************************************/
ARM GAS  C:\Users\ASUS\AppData\Local\Temp\ccGmdxRn.s 			page 16


 488:Generated_Source\PSoC4/Cm0Start.c **** #if(defined(__GNUC__) && !defined(__ARMCC_VERSION))
 489:Generated_Source\PSoC4/Cm0Start.c **** __attribute__ ((constructor(101)))
 490:Generated_Source\PSoC4/Cm0Start.c **** #endif  /* (defined(__GNUC__) && !defined(__ARMCC_VERSION)) */
 491:Generated_Source\PSoC4/Cm0Start.c **** void initialize_psoc(void)
 492:Generated_Source\PSoC4/Cm0Start.c **** {
 359              		.loc 1 492 0
 360              		.cfi_startproc
 361              		@ args = 0, pretend = 0, frame = 8
 362              		@ frame_needed = 1, uses_anonymous_args = 0
 363 0000 80B5     		push	{r7, lr}
 364              		.cfi_def_cfa_offset 8
 365              		.cfi_offset 7, -8
 366              		.cfi_offset 14, -4
 367 0002 82B0     		sub	sp, sp, #8
 368              		.cfi_def_cfa_offset 16
 369 0004 00AF     		add	r7, sp, #0
 370              		.cfi_def_cfa_register 7
 493:Generated_Source\PSoC4/Cm0Start.c ****     uint32 indexInit;
 494:Generated_Source\PSoC4/Cm0Start.c **** 
 495:Generated_Source\PSoC4/Cm0Start.c ****     #if(CY_IP_CPUSSV2)
 496:Generated_Source\PSoC4/Cm0Start.c ****         #if (CY_IP_CPUSS_CM0)
 497:Generated_Source\PSoC4/Cm0Start.c ****             /***********************************************************************
 498:Generated_Source\PSoC4/Cm0Start.c ****             * Make sure that Vector Table is located at 0000_0000 in Flash, before
 499:Generated_Source\PSoC4/Cm0Start.c ****             * accessing RomVectors or calling functions that may be placed in
 500:Generated_Source\PSoC4/Cm0Start.c ****             * .psocinit (cyfitter_cfg and ClockSetup). Note The CY_CPUSS_CONFIG_REG
 501:Generated_Source\PSoC4/Cm0Start.c ****             * register is retention for the specified device family.
 502:Generated_Source\PSoC4/Cm0Start.c ****             ***********************************************************************/
 503:Generated_Source\PSoC4/Cm0Start.c ****             CY_CPUSS_CONFIG_REG &= (uint32) ~CY_CPUSS_CONFIG_VECT_IN_RAM;
 504:Generated_Source\PSoC4/Cm0Start.c ****         #endif /* (CY_IP_CPUSS_CM0) */
 505:Generated_Source\PSoC4/Cm0Start.c ****     #endif  /* (CY_IP_CPUSSV2) */
 506:Generated_Source\PSoC4/Cm0Start.c **** 
 507:Generated_Source\PSoC4/Cm0Start.c ****     /* Set Ram interrupt vectors to default functions. */
 508:Generated_Source\PSoC4/Cm0Start.c ****     for (indexInit = 0u; indexInit < CY_NUM_VECTORS; indexInit++)
 371              		.loc 1 508 0
 372 0006 0023     		movs	r3, #0
 373 0008 7B60     		str	r3, [r7, #4]
 374 000a 0FE0     		b	.L26
 375              	.L29:
 509:Generated_Source\PSoC4/Cm0Start.c ****     {
 510:Generated_Source\PSoC4/Cm0Start.c ****         CyRamVectors[indexInit] = (indexInit < CY_NUM_ROM_VECTORS) ?
 511:Generated_Source\PSoC4/Cm0Start.c ****             #if defined (__ICCARM__)
 512:Generated_Source\PSoC4/Cm0Start.c ****                 __vector_table[indexInit].__fun : &IntDefaultHandler;
 513:Generated_Source\PSoC4/Cm0Start.c ****             #else
 514:Generated_Source\PSoC4/Cm0Start.c ****                 RomVectors[indexInit] : &IntDefaultHandler;
 376              		.loc 1 514 0
 377 000c 7B68     		ldr	r3, [r7, #4]
 378 000e 032B     		cmp	r3, #3
 379 0010 04D8     		bhi	.L27
 380              		.loc 1 514 0 is_stmt 0 discriminator 1
 381 0012 144B     		ldr	r3, .L31
 382 0014 7A68     		ldr	r2, [r7, #4]
 383 0016 9200     		lsls	r2, r2, #2
 384 0018 D358     		ldr	r3, [r2, r3]
 385 001a 00E0     		b	.L28
 386              	.L27:
 387              		.loc 1 514 0 discriminator 2
 388 001c 124B     		ldr	r3, .L31+4
ARM GAS  C:\Users\ASUS\AppData\Local\Temp\ccGmdxRn.s 			page 17


 389              	.L28:
 510:Generated_Source\PSoC4/Cm0Start.c ****             #if defined (__ICCARM__)
 390              		.loc 1 510 0 is_stmt 1 discriminator 2
 391 001e 134A     		ldr	r2, .L31+8
 392 0020 7968     		ldr	r1, [r7, #4]
 393 0022 8900     		lsls	r1, r1, #2
 394 0024 8B50     		str	r3, [r1, r2]
 508:Generated_Source\PSoC4/Cm0Start.c ****     {
 395              		.loc 1 508 0 discriminator 2
 396 0026 7B68     		ldr	r3, [r7, #4]
 397 0028 0133     		adds	r3, r3, #1
 398 002a 7B60     		str	r3, [r7, #4]
 399              	.L26:
 508:Generated_Source\PSoC4/Cm0Start.c ****     {
 400              		.loc 1 508 0 is_stmt 0 discriminator 1
 401 002c 7B68     		ldr	r3, [r7, #4]
 402 002e 2F2B     		cmp	r3, #47
 403 0030 ECD9     		bls	.L29
 515:Generated_Source\PSoC4/Cm0Start.c ****             #endif  /* defined (__ICCARM__) */
 516:Generated_Source\PSoC4/Cm0Start.c ****     }
 517:Generated_Source\PSoC4/Cm0Start.c **** 
 518:Generated_Source\PSoC4/Cm0Start.c ****     /* Initialize configuration registers. */
 519:Generated_Source\PSoC4/Cm0Start.c ****     cyfitter_cfg();
 404              		.loc 1 519 0 is_stmt 1
 405 0032 FFF7FEFF 		bl	cyfitter_cfg
 520:Generated_Source\PSoC4/Cm0Start.c **** 
 521:Generated_Source\PSoC4/Cm0Start.c ****     #if !defined (__ICCARM__)
 522:Generated_Source\PSoC4/Cm0Start.c ****         /* Actually, no need to clean this variable, just to make compiler happy. */
 523:Generated_Source\PSoC4/Cm0Start.c ****         cySysNoInitDataValid = 0u;
 406              		.loc 1 523 0
 407 0036 0E4B     		ldr	r3, .L31+12
 408 0038 0022     		movs	r2, #0
 409 003a 1A60     		str	r2, [r3]
 524:Generated_Source\PSoC4/Cm0Start.c ****     #endif  /* !defined (__ICCARM__) */
 525:Generated_Source\PSoC4/Cm0Start.c **** 
 526:Generated_Source\PSoC4/Cm0Start.c ****     #if (CYDEV_PROJ_TYPE != CYDEV_PROJ_TYPE_STANDARD)
 527:Generated_Source\PSoC4/Cm0Start.c **** 
 528:Generated_Source\PSoC4/Cm0Start.c ****         /* Need to make sure that this variable will not be optimized out */
 529:Generated_Source\PSoC4/Cm0Start.c ****         if (0u == cyBtldrRunType)
 410              		.loc 1 529 0
 411 003c 0D4B     		ldr	r3, .L31+16
 412 003e 1B68     		ldr	r3, [r3]
 413 0040 002B     		cmp	r3, #0
 414 0042 02D1     		bne	.L30
 530:Generated_Source\PSoC4/Cm0Start.c ****         {
 531:Generated_Source\PSoC4/Cm0Start.c ****             cyBtldrRunType = 0u;
 415              		.loc 1 531 0
 416 0044 0B4B     		ldr	r3, .L31+16
 417 0046 0022     		movs	r2, #0
 418 0048 1A60     		str	r2, [r3]
 419              	.L30:
 532:Generated_Source\PSoC4/Cm0Start.c ****         }
 533:Generated_Source\PSoC4/Cm0Start.c **** 
 534:Generated_Source\PSoC4/Cm0Start.c ****     #endif  /* (CYDEV_PROJ_TYPE != CYDEV_PROJ_TYPE_STANDARD) */
 535:Generated_Source\PSoC4/Cm0Start.c **** 
 536:Generated_Source\PSoC4/Cm0Start.c ****     #if (CY_IP_CPUSS_CM0)
 537:Generated_Source\PSoC4/Cm0Start.c ****         /* Vector Table is located at 0x2000:0000 in SRAM */
ARM GAS  C:\Users\ASUS\AppData\Local\Temp\ccGmdxRn.s 			page 18


 538:Generated_Source\PSoC4/Cm0Start.c ****         CY_CPUSS_CONFIG_REG |= CY_CPUSS_CONFIG_VECT_IN_RAM;
 420              		.loc 1 538 0
 421 004a 8023     		movs	r3, #128
 422 004c DB05     		lsls	r3, r3, #23
 423 004e 8022     		movs	r2, #128
 424 0050 D205     		lsls	r2, r2, #23
 425 0052 1268     		ldr	r2, [r2]
 426 0054 0121     		movs	r1, #1
 427 0056 0A43     		orrs	r2, r1
 428 0058 1A60     		str	r2, [r3]
 539:Generated_Source\PSoC4/Cm0Start.c **** 	#else
 540:Generated_Source\PSoC4/Cm0Start.c **** 		(*(uint32 *)CYREG_CM0P_VTOR) = CY_CPUSS_CONFIG_VECT_ADDR_IN_RAM;
 541:Generated_Source\PSoC4/Cm0Start.c ****     #endif /* (CY_IP_CPUSS_CM0) */
 542:Generated_Source\PSoC4/Cm0Start.c **** }
 429              		.loc 1 542 0
 430 005a C046     		nop
 431 005c BD46     		mov	sp, r7
 432 005e 02B0     		add	sp, sp, #8
 433              		@ sp needed
 434 0060 80BD     		pop	{r7, pc}
 435              	.L32:
 436 0062 C046     		.align	2
 437              	.L31:
 438 0064 00000000 		.word	RomVectors
 439 0068 00000000 		.word	IntDefaultHandler
 440 006c 00000000 		.word	CyRamVectors
 441 0070 00000000 		.word	cySysNoInitDataValid
 442 0074 00000000 		.word	cyBtldrRunType
 443              		.cfi_endproc
 444              	.LFE5:
 445              		.size	initialize_psoc, .-initialize_psoc
 446              		.section	.init_array,"aw",%init_array
 447              		.align	2
 448 0000 00000000 		.word	initialize_psoc(target1)
 449              		.data
 450              		.align	2
 451              		.type	heapPointer.4845, %object
 452              		.size	heapPointer.4845, 4
 453              	heapPointer.4845:
 454 0000 00000000 		.word	end
 455              		.weak	__cy_region_num
 456              		.text
 457              	.Letext0:
 458              		.file 2 "c:\\program files (x86)\\cypress\\psoc creator\\4.4\\psoc creator\\import\\gnu\\arm\\5.4.
 459              		.file 3 "Generated_Source\\PSoC4\\cytypes.h"
 460              		.section	.debug_info,"",%progbits
 461              	.Ldebug_info0:
 462 0000 1F030000 		.4byte	0x31f
 463 0004 0400     		.2byte	0x4
 464 0006 00000000 		.4byte	.Ldebug_abbrev0
 465 000a 04       		.byte	0x4
 466 000b 01       		.uleb128 0x1
 467 000c 3D010000 		.4byte	.LASF42
 468 0010 0C       		.byte	0xc
 469 0011 0F020000 		.4byte	.LASF43
 470 0015 1A000000 		.4byte	.LASF44
 471 0019 00000000 		.4byte	.Ldebug_ranges0+0
ARM GAS  C:\Users\ASUS\AppData\Local\Temp\ccGmdxRn.s 			page 19


 472 001d 00000000 		.4byte	0
 473 0021 00000000 		.4byte	.Ldebug_line0
 474 0025 02       		.uleb128 0x2
 475 0026 01       		.byte	0x1
 476 0027 06       		.byte	0x6
 477 0028 CF020000 		.4byte	.LASF0
 478 002c 02       		.uleb128 0x2
 479 002d 01       		.byte	0x1
 480 002e 08       		.byte	0x8
 481 002f E5000000 		.4byte	.LASF1
 482 0033 02       		.uleb128 0x2
 483 0034 02       		.byte	0x2
 484 0035 05       		.byte	0x5
 485 0036 B0020000 		.4byte	.LASF2
 486 003a 02       		.uleb128 0x2
 487 003b 02       		.byte	0x2
 488 003c 07       		.byte	0x7
 489 003d 9C000000 		.4byte	.LASF3
 490 0041 02       		.uleb128 0x2
 491 0042 04       		.byte	0x4
 492 0043 05       		.byte	0x5
 493 0044 BA020000 		.4byte	.LASF4
 494 0048 02       		.uleb128 0x2
 495 0049 04       		.byte	0x4
 496 004a 07       		.byte	0x7
 497 004b 0A010000 		.4byte	.LASF5
 498 004f 02       		.uleb128 0x2
 499 0050 08       		.byte	0x8
 500 0051 05       		.byte	0x5
 501 0052 9D020000 		.4byte	.LASF6
 502 0056 02       		.uleb128 0x2
 503 0057 08       		.byte	0x8
 504 0058 07       		.byte	0x7
 505 0059 4F020000 		.4byte	.LASF7
 506 005d 03       		.uleb128 0x3
 507 005e 04       		.byte	0x4
 508 005f 05       		.byte	0x5
 509 0060 696E7400 		.ascii	"int\000"
 510 0064 02       		.uleb128 0x2
 511 0065 04       		.byte	0x4
 512 0066 07       		.byte	0x7
 513 0067 42020000 		.4byte	.LASF8
 514 006b 04       		.uleb128 0x4
 515 006c 06000000 		.4byte	.LASF10
 516 0070 02       		.byte	0x2
 517 0071 D8       		.byte	0xd8
 518 0072 64000000 		.4byte	0x64
 519 0076 02       		.uleb128 0x2
 520 0077 08       		.byte	0x8
 521 0078 04       		.byte	0x4
 522 0079 C3020000 		.4byte	.LASF9
 523 007d 05       		.uleb128 0x5
 524 007e 31010000 		.4byte	.LASF11
 525 0082 03       		.byte	0x3
 526 0083 E401     		.2byte	0x1e4
 527 0085 2C000000 		.4byte	0x2c
 528 0089 05       		.uleb128 0x5
ARM GAS  C:\Users\ASUS\AppData\Local\Temp\ccGmdxRn.s 			page 20


 529 008a 31020000 		.4byte	.LASF12
 530 008e 03       		.byte	0x3
 531 008f E601     		.2byte	0x1e6
 532 0091 48000000 		.4byte	0x48
 533 0095 02       		.uleb128 0x2
 534 0096 04       		.byte	0x4
 535 0097 04       		.byte	0x4
 536 0098 DA000000 		.4byte	.LASF13
 537 009c 02       		.uleb128 0x2
 538 009d 08       		.byte	0x8
 539 009e 04       		.byte	0x4
 540 009f E9010000 		.4byte	.LASF14
 541 00a3 02       		.uleb128 0x2
 542 00a4 01       		.byte	0x1
 543 00a5 08       		.byte	0x8
 544 00a6 AB020000 		.4byte	.LASF15
 545 00aa 05       		.uleb128 0x5
 546 00ab 00000000 		.4byte	.LASF16
 547 00af 03       		.byte	0x3
 548 00b0 9002     		.2byte	0x290
 549 00b2 B6000000 		.4byte	0xb6
 550 00b6 06       		.uleb128 0x6
 551 00b7 89000000 		.4byte	0x89
 552 00bb 05       		.uleb128 0x5
 553 00bc 6C020000 		.4byte	.LASF17
 554 00c0 03       		.byte	0x3
 555 00c1 A002     		.2byte	0x2a0
 556 00c3 C7000000 		.4byte	0xc7
 557 00c7 07       		.uleb128 0x7
 558 00c8 04       		.byte	0x4
 559 00c9 CD000000 		.4byte	0xcd
 560 00cd 08       		.uleb128 0x8
 561 00ce 02       		.uleb128 0x2
 562 00cf 04       		.byte	0x4
 563 00d0 07       		.byte	0x7
 564 00d1 94020000 		.4byte	.LASF18
 565 00d5 09       		.uleb128 0x9
 566 00d6 04       		.byte	0x4
 567 00d7 0A       		.uleb128 0xa
 568 00d8 A3000000 		.4byte	0xa3
 569 00dc 04       		.uleb128 0x4
 570 00dd 83020000 		.4byte	.LASF19
 571 00e1 01       		.byte	0x1
 572 00e2 DD       		.byte	0xdd
 573 00e3 2C000000 		.4byte	0x2c
 574 00e7 0B       		.uleb128 0xb
 575 00e8 F7020000 		.4byte	.LASF45
 576 00ec 10       		.byte	0x10
 577 00ed 01       		.byte	0x1
 578 00ee DF       		.byte	0xdf
 579 00ef 24010000 		.4byte	0x124
 580 00f3 0C       		.uleb128 0xc
 581 00f4 BF000000 		.4byte	.LASF20
 582 00f8 01       		.byte	0x1
 583 00f9 E1       		.byte	0xe1
 584 00fa 24010000 		.4byte	0x124
 585 00fe 00       		.byte	0
ARM GAS  C:\Users\ASUS\AppData\Local\Temp\ccGmdxRn.s 			page 21


 586 00ff 0C       		.uleb128 0xc
 587 0100 E0000000 		.4byte	.LASF21
 588 0104 01       		.byte	0x1
 589 0105 E2       		.byte	0xe2
 590 0106 24010000 		.4byte	0x124
 591 010a 04       		.byte	0x4
 592 010b 0C       		.uleb128 0xc
 593 010c 79020000 		.4byte	.LASF22
 594 0110 01       		.byte	0x1
 595 0111 E3       		.byte	0xe3
 596 0112 6B000000 		.4byte	0x6b
 597 0116 08       		.byte	0x8
 598 0117 0C       		.uleb128 0xc
 599 0118 CB000000 		.4byte	.LASF23
 600 011c 01       		.byte	0x1
 601 011d E4       		.byte	0xe4
 602 011e 6B000000 		.4byte	0x6b
 603 0122 0C       		.byte	0xc
 604 0123 00       		.byte	0
 605 0124 07       		.uleb128 0x7
 606 0125 04       		.byte	0x4
 607 0126 DC000000 		.4byte	0xdc
 608 012a 0D       		.uleb128 0xd
 609 012b D1010000 		.4byte	.LASF46
 610 012f 01       		.byte	0x1
 611 0130 6C       		.byte	0x6c
 612 0131 00000000 		.4byte	.LFB0
 613 0135 14000000 		.4byte	.LFE0-.LFB0
 614 0139 01       		.uleb128 0x1
 615 013a 9C       		.byte	0x9c
 616 013b 0E       		.uleb128 0xe
 617 013c CB010000 		.4byte	.LASF24
 618 0140 01       		.byte	0x1
 619 0141 FD       		.byte	0xfd
 620 0142 00000000 		.4byte	.LFB1
 621 0146 14000000 		.4byte	.LFE1-.LFB1
 622 014a 01       		.uleb128 0x1
 623 014b 9C       		.byte	0x9c
 624 014c 5F010000 		.4byte	0x15f
 625 0150 0F       		.uleb128 0xf
 626 0151 C4000000 		.4byte	.LASF26
 627 0155 01       		.byte	0x1
 628 0156 FD       		.byte	0xfd
 629 0157 5D000000 		.4byte	0x5d
 630 015b 02       		.uleb128 0x2
 631 015c 91       		.byte	0x91
 632 015d 74       		.sleb128 -12
 633 015e 00       		.byte	0
 634 015f 10       		.uleb128 0x10
 635 0160 E3010000 		.4byte	.LASF25
 636 0164 01       		.byte	0x1
 637 0165 1701     		.2byte	0x117
 638 0167 D5000000 		.4byte	0xd5
 639 016b 00000000 		.4byte	.LFB2
 640 016f 54000000 		.4byte	.LFE2-.LFB2
 641 0173 01       		.uleb128 0x1
 642 0174 9C       		.byte	0x9c
ARM GAS  C:\Users\ASUS\AppData\Local\Temp\ccGmdxRn.s 			page 22


 643 0175 B6010000 		.4byte	0x1b6
 644 0179 11       		.uleb128 0x11
 645 017a F0020000 		.4byte	.LASF27
 646 017e 01       		.byte	0x1
 647 017f 1701     		.2byte	0x117
 648 0181 5D000000 		.4byte	0x5d
 649 0185 02       		.uleb128 0x2
 650 0186 91       		.byte	0x91
 651 0187 6C       		.sleb128 -20
 652 0188 12       		.uleb128 0x12
 653 0189 656E6400 		.ascii	"end\000"
 654 018d 01       		.byte	0x1
 655 018e 1901     		.2byte	0x119
 656 0190 5D000000 		.4byte	0x5d
 657 0194 13       		.uleb128 0x13
 658 0195 F3000000 		.4byte	.LASF28
 659 0199 01       		.byte	0x1
 660 019a 1A01     		.2byte	0x11a
 661 019c D5000000 		.4byte	0xd5
 662 01a0 02       		.uleb128 0x2
 663 01a1 91       		.byte	0x91
 664 01a2 74       		.sleb128 -12
 665 01a3 13       		.uleb128 0x13
 666 01a4 90000000 		.4byte	.LASF29
 667 01a8 01       		.byte	0x1
 668 01a9 1D01     		.2byte	0x11d
 669 01ab B6010000 		.4byte	0x1b6
 670 01af 05       		.uleb128 0x5
 671 01b0 03       		.byte	0x3
 672 01b1 00000000 		.4byte	heapPointer.4845
 673 01b5 00       		.byte	0
 674 01b6 07       		.uleb128 0x7
 675 01b7 04       		.byte	0x4
 676 01b8 7D000000 		.4byte	0x7d
 677 01bc 14       		.uleb128 0x14
 678 01bd 82000000 		.4byte	.LASF30
 679 01c1 01       		.byte	0x1
 680 01c2 3801     		.2byte	0x138
 681 01c4 00000000 		.4byte	.LFB3
 682 01c8 98000000 		.4byte	.LFE3-.LFB3
 683 01cc 01       		.uleb128 0x1
 684 01cd 9C       		.byte	0x9c
 685 01ce 37020000 		.4byte	0x237
 686 01d2 13       		.uleb128 0x13
 687 01d3 E8020000 		.4byte	.LASF31
 688 01d7 01       		.byte	0x1
 689 01d8 3D01     		.2byte	0x13d
 690 01da 64000000 		.4byte	0x64
 691 01de 02       		.uleb128 0x2
 692 01df 91       		.byte	0x91
 693 01e0 74       		.sleb128 -12
 694 01e1 13       		.uleb128 0x13
 695 01e2 D5000000 		.4byte	.LASF32
 696 01e6 01       		.byte	0x1
 697 01e7 3E01     		.2byte	0x13e
 698 01e9 37020000 		.4byte	0x237
 699 01ed 02       		.uleb128 0x2
ARM GAS  C:\Users\ASUS\AppData\Local\Temp\ccGmdxRn.s 			page 23


 700 01ee 91       		.byte	0x91
 701 01ef 70       		.sleb128 -16
 702 01f0 15       		.uleb128 0x15
 703 01f1 14000000 		.4byte	.LBB2
 704 01f5 66000000 		.4byte	.LBE2-.LBB2
 705 01f9 16       		.uleb128 0x16
 706 01fa 73726300 		.ascii	"src\000"
 707 01fe 01       		.byte	0x1
 708 01ff 4301     		.2byte	0x143
 709 0201 42020000 		.4byte	0x242
 710 0205 02       		.uleb128 0x2
 711 0206 91       		.byte	0x91
 712 0207 6C       		.sleb128 -20
 713 0208 16       		.uleb128 0x16
 714 0209 64737400 		.ascii	"dst\000"
 715 020d 01       		.byte	0x1
 716 020e 4401     		.2byte	0x144
 717 0210 42020000 		.4byte	0x242
 718 0214 02       		.uleb128 0x2
 719 0215 91       		.byte	0x91
 720 0216 68       		.sleb128 -24
 721 0217 13       		.uleb128 0x13
 722 0218 66020000 		.4byte	.LASF33
 723 021c 01       		.byte	0x1
 724 021d 4501     		.2byte	0x145
 725 021f 64000000 		.4byte	0x64
 726 0223 02       		.uleb128 0x2
 727 0224 91       		.byte	0x91
 728 0225 60       		.sleb128 -32
 729 0226 13       		.uleb128 0x13
 730 0227 8A000000 		.4byte	.LASF34
 731 022b 01       		.byte	0x1
 732 022c 4601     		.2byte	0x146
 733 022e 64000000 		.4byte	0x64
 734 0232 02       		.uleb128 0x2
 735 0233 91       		.byte	0x91
 736 0234 64       		.sleb128 -28
 737 0235 00       		.byte	0
 738 0236 00       		.byte	0
 739 0237 07       		.uleb128 0x7
 740 0238 04       		.byte	0x4
 741 0239 3D020000 		.4byte	0x23d
 742 023d 0A       		.uleb128 0xa
 743 023e E7000000 		.4byte	0xe7
 744 0242 07       		.uleb128 0x7
 745 0243 04       		.byte	0x4
 746 0244 89000000 		.4byte	0x89
 747 0248 17       		.uleb128 0x17
 748 0249 37010000 		.4byte	.LASF47
 749 024d 01       		.byte	0x1
 750 024e 6D01     		.2byte	0x16d
 751 0250 00000000 		.4byte	.LFB4
 752 0254 14000000 		.4byte	.LFE4-.LFB4
 753 0258 01       		.uleb128 0x1
 754 0259 9C       		.byte	0x9c
 755 025a 18       		.uleb128 0x18
 756 025b FF010000 		.4byte	.LASF48
ARM GAS  C:\Users\ASUS\AppData\Local\Temp\ccGmdxRn.s 			page 24


 757 025f 01       		.byte	0x1
 758 0260 EB01     		.2byte	0x1eb
 759 0262 00000000 		.4byte	.LFB5
 760 0266 78000000 		.4byte	.LFE5-.LFB5
 761 026a 01       		.uleb128 0x1
 762 026b 9C       		.byte	0x9c
 763 026c 80020000 		.4byte	0x280
 764 0270 13       		.uleb128 0x13
 765 0271 38020000 		.4byte	.LASF35
 766 0275 01       		.byte	0x1
 767 0276 ED01     		.2byte	0x1ed
 768 0278 89000000 		.4byte	0x89
 769 027c 02       		.uleb128 0x2
 770 027d 91       		.byte	0x91
 771 027e 74       		.sleb128 -12
 772 027f 00       		.byte	0
 773 0280 19       		.uleb128 0x19
 774 0281 1C010000 		.4byte	.LASF36
 775 0285 01       		.byte	0x1
 776 0286 4D       		.byte	0x4d
 777 0287 89000000 		.4byte	0x89
 778 028b 05       		.uleb128 0x5
 779 028c 03       		.byte	0x3
 780 028d 00000000 		.4byte	cySysNoInitDataValid
 781 0291 12       		.uleb128 0x12
 782 0292 656E6400 		.ascii	"end\000"
 783 0296 01       		.byte	0x1
 784 0297 1901     		.2byte	0x119
 785 0299 5D000000 		.4byte	0x5d
 786 029d 1A       		.uleb128 0x1a
 787 029e F0010000 		.4byte	.LASF37
 788 02a2 01       		.byte	0x1
 789 02a3 5E       		.byte	0x5e
 790 02a4 B6000000 		.4byte	0xb6
 791 02a8 05       		.uleb128 0x5
 792 02a9 03       		.byte	0x3
 793 02aa 00000000 		.4byte	cyBtldrRunType
 794 02ae 1B       		.uleb128 0x1b
 795 02af 3D020000 		.4byte	0x23d
 796 02b3 B9020000 		.4byte	0x2b9
 797 02b7 1C       		.uleb128 0x1c
 798 02b8 00       		.byte	0
 799 02b9 1D       		.uleb128 0x1d
 800 02ba DB020000 		.4byte	.LASF38
 801 02be 01       		.byte	0x1
 802 02bf E7       		.byte	0xe7
 803 02c0 C4020000 		.4byte	0x2c4
 804 02c4 0A       		.uleb128 0xa
 805 02c5 AE020000 		.4byte	0x2ae
 806 02c9 1D       		.uleb128 0x1d
 807 02ca AF000000 		.4byte	.LASF39
 808 02ce 01       		.byte	0x1
 809 02cf E8       		.byte	0xe8
 810 02d0 D7000000 		.4byte	0xd7
 811 02d4 1B       		.uleb128 0x1b
 812 02d5 BB000000 		.4byte	0xbb
 813 02d9 E4020000 		.4byte	0x2e4
ARM GAS  C:\Users\ASUS\AppData\Local\Temp\ccGmdxRn.s 			page 25


 814 02dd 1E       		.uleb128 0x1e
 815 02de CE000000 		.4byte	0xce
 816 02e2 2F       		.byte	0x2f
 817 02e3 00       		.byte	0
 818 02e4 1F       		.uleb128 0x1f
 819 02e5 0D000000 		.4byte	.LASF40
 820 02e9 01       		.byte	0x1
 821 02ea BB01     		.2byte	0x1bb
 822 02ec D4020000 		.4byte	0x2d4
 823 02f0 05       		.uleb128 0x5
 824 02f1 03       		.byte	0x3
 825 02f2 00000000 		.4byte	CyRamVectors
 826 02f6 1B       		.uleb128 0x1b
 827 02f7 06030000 		.4byte	0x306
 828 02fb 06030000 		.4byte	0x306
 829 02ff 1E       		.uleb128 0x1e
 830 0300 CE000000 		.4byte	0xce
 831 0304 03       		.byte	0x3
 832 0305 00       		.byte	0
 833 0306 0A       		.uleb128 0xa
 834 0307 BB000000 		.4byte	0xbb
 835 030b 1F       		.uleb128 0x1f
 836 030c FF000000 		.4byte	.LASF41
 837 0310 01       		.byte	0x1
 838 0311 CF01     		.2byte	0x1cf
 839 0313 1D030000 		.4byte	0x31d
 840 0317 05       		.uleb128 0x5
 841 0318 03       		.byte	0x3
 842 0319 00000000 		.4byte	RomVectors
 843 031d 0A       		.uleb128 0xa
 844 031e F6020000 		.4byte	0x2f6
 845 0322 00       		.byte	0
 846              		.section	.debug_abbrev,"",%progbits
 847              	.Ldebug_abbrev0:
 848 0000 01       		.uleb128 0x1
 849 0001 11       		.uleb128 0x11
 850 0002 01       		.byte	0x1
 851 0003 25       		.uleb128 0x25
 852 0004 0E       		.uleb128 0xe
 853 0005 13       		.uleb128 0x13
 854 0006 0B       		.uleb128 0xb
 855 0007 03       		.uleb128 0x3
 856 0008 0E       		.uleb128 0xe
 857 0009 1B       		.uleb128 0x1b
 858 000a 0E       		.uleb128 0xe
 859 000b 55       		.uleb128 0x55
 860 000c 17       		.uleb128 0x17
 861 000d 11       		.uleb128 0x11
 862 000e 01       		.uleb128 0x1
 863 000f 10       		.uleb128 0x10
 864 0010 17       		.uleb128 0x17
 865 0011 00       		.byte	0
 866 0012 00       		.byte	0
 867 0013 02       		.uleb128 0x2
 868 0014 24       		.uleb128 0x24
 869 0015 00       		.byte	0
 870 0016 0B       		.uleb128 0xb
ARM GAS  C:\Users\ASUS\AppData\Local\Temp\ccGmdxRn.s 			page 26


 871 0017 0B       		.uleb128 0xb
 872 0018 3E       		.uleb128 0x3e
 873 0019 0B       		.uleb128 0xb
 874 001a 03       		.uleb128 0x3
 875 001b 0E       		.uleb128 0xe
 876 001c 00       		.byte	0
 877 001d 00       		.byte	0
 878 001e 03       		.uleb128 0x3
 879 001f 24       		.uleb128 0x24
 880 0020 00       		.byte	0
 881 0021 0B       		.uleb128 0xb
 882 0022 0B       		.uleb128 0xb
 883 0023 3E       		.uleb128 0x3e
 884 0024 0B       		.uleb128 0xb
 885 0025 03       		.uleb128 0x3
 886 0026 08       		.uleb128 0x8
 887 0027 00       		.byte	0
 888 0028 00       		.byte	0
 889 0029 04       		.uleb128 0x4
 890 002a 16       		.uleb128 0x16
 891 002b 00       		.byte	0
 892 002c 03       		.uleb128 0x3
 893 002d 0E       		.uleb128 0xe
 894 002e 3A       		.uleb128 0x3a
 895 002f 0B       		.uleb128 0xb
 896 0030 3B       		.uleb128 0x3b
 897 0031 0B       		.uleb128 0xb
 898 0032 49       		.uleb128 0x49
 899 0033 13       		.uleb128 0x13
 900 0034 00       		.byte	0
 901 0035 00       		.byte	0
 902 0036 05       		.uleb128 0x5
 903 0037 16       		.uleb128 0x16
 904 0038 00       		.byte	0
 905 0039 03       		.uleb128 0x3
 906 003a 0E       		.uleb128 0xe
 907 003b 3A       		.uleb128 0x3a
 908 003c 0B       		.uleb128 0xb
 909 003d 3B       		.uleb128 0x3b
 910 003e 05       		.uleb128 0x5
 911 003f 49       		.uleb128 0x49
 912 0040 13       		.uleb128 0x13
 913 0041 00       		.byte	0
 914 0042 00       		.byte	0
 915 0043 06       		.uleb128 0x6
 916 0044 35       		.uleb128 0x35
 917 0045 00       		.byte	0
 918 0046 49       		.uleb128 0x49
 919 0047 13       		.uleb128 0x13
 920 0048 00       		.byte	0
 921 0049 00       		.byte	0
 922 004a 07       		.uleb128 0x7
 923 004b 0F       		.uleb128 0xf
 924 004c 00       		.byte	0
 925 004d 0B       		.uleb128 0xb
 926 004e 0B       		.uleb128 0xb
 927 004f 49       		.uleb128 0x49
ARM GAS  C:\Users\ASUS\AppData\Local\Temp\ccGmdxRn.s 			page 27


 928 0050 13       		.uleb128 0x13
 929 0051 00       		.byte	0
 930 0052 00       		.byte	0
 931 0053 08       		.uleb128 0x8
 932 0054 15       		.uleb128 0x15
 933 0055 00       		.byte	0
 934 0056 27       		.uleb128 0x27
 935 0057 19       		.uleb128 0x19
 936 0058 00       		.byte	0
 937 0059 00       		.byte	0
 938 005a 09       		.uleb128 0x9
 939 005b 0F       		.uleb128 0xf
 940 005c 00       		.byte	0
 941 005d 0B       		.uleb128 0xb
 942 005e 0B       		.uleb128 0xb
 943 005f 00       		.byte	0
 944 0060 00       		.byte	0
 945 0061 0A       		.uleb128 0xa
 946 0062 26       		.uleb128 0x26
 947 0063 00       		.byte	0
 948 0064 49       		.uleb128 0x49
 949 0065 13       		.uleb128 0x13
 950 0066 00       		.byte	0
 951 0067 00       		.byte	0
 952 0068 0B       		.uleb128 0xb
 953 0069 13       		.uleb128 0x13
 954 006a 01       		.byte	0x1
 955 006b 03       		.uleb128 0x3
 956 006c 0E       		.uleb128 0xe
 957 006d 0B       		.uleb128 0xb
 958 006e 0B       		.uleb128 0xb
 959 006f 3A       		.uleb128 0x3a
 960 0070 0B       		.uleb128 0xb
 961 0071 3B       		.uleb128 0x3b
 962 0072 0B       		.uleb128 0xb
 963 0073 01       		.uleb128 0x1
 964 0074 13       		.uleb128 0x13
 965 0075 00       		.byte	0
 966 0076 00       		.byte	0
 967 0077 0C       		.uleb128 0xc
 968 0078 0D       		.uleb128 0xd
 969 0079 00       		.byte	0
 970 007a 03       		.uleb128 0x3
 971 007b 0E       		.uleb128 0xe
 972 007c 3A       		.uleb128 0x3a
 973 007d 0B       		.uleb128 0xb
 974 007e 3B       		.uleb128 0x3b
 975 007f 0B       		.uleb128 0xb
 976 0080 49       		.uleb128 0x49
 977 0081 13       		.uleb128 0x13
 978 0082 38       		.uleb128 0x38
 979 0083 0B       		.uleb128 0xb
 980 0084 00       		.byte	0
 981 0085 00       		.byte	0
 982 0086 0D       		.uleb128 0xd
 983 0087 2E       		.uleb128 0x2e
 984 0088 00       		.byte	0
ARM GAS  C:\Users\ASUS\AppData\Local\Temp\ccGmdxRn.s 			page 28


 985 0089 3F       		.uleb128 0x3f
 986 008a 19       		.uleb128 0x19
 987 008b 03       		.uleb128 0x3
 988 008c 0E       		.uleb128 0xe
 989 008d 3A       		.uleb128 0x3a
 990 008e 0B       		.uleb128 0xb
 991 008f 3B       		.uleb128 0x3b
 992 0090 0B       		.uleb128 0xb
 993 0091 27       		.uleb128 0x27
 994 0092 19       		.uleb128 0x19
 995 0093 8701     		.uleb128 0x87
 996 0095 19       		.uleb128 0x19
 997 0096 11       		.uleb128 0x11
 998 0097 01       		.uleb128 0x1
 999 0098 12       		.uleb128 0x12
 1000 0099 06       		.uleb128 0x6
 1001 009a 40       		.uleb128 0x40
 1002 009b 18       		.uleb128 0x18
 1003 009c 9642     		.uleb128 0x2116
 1004 009e 19       		.uleb128 0x19
 1005 009f 00       		.byte	0
 1006 00a0 00       		.byte	0
 1007 00a1 0E       		.uleb128 0xe
 1008 00a2 2E       		.uleb128 0x2e
 1009 00a3 01       		.byte	0x1
 1010 00a4 3F       		.uleb128 0x3f
 1011 00a5 19       		.uleb128 0x19
 1012 00a6 03       		.uleb128 0x3
 1013 00a7 0E       		.uleb128 0xe
 1014 00a8 3A       		.uleb128 0x3a
 1015 00a9 0B       		.uleb128 0xb
 1016 00aa 3B       		.uleb128 0x3b
 1017 00ab 0B       		.uleb128 0xb
 1018 00ac 27       		.uleb128 0x27
 1019 00ad 19       		.uleb128 0x19
 1020 00ae 8701     		.uleb128 0x87
 1021 00b0 19       		.uleb128 0x19
 1022 00b1 11       		.uleb128 0x11
 1023 00b2 01       		.uleb128 0x1
 1024 00b3 12       		.uleb128 0x12
 1025 00b4 06       		.uleb128 0x6
 1026 00b5 40       		.uleb128 0x40
 1027 00b6 18       		.uleb128 0x18
 1028 00b7 9642     		.uleb128 0x2116
 1029 00b9 19       		.uleb128 0x19
 1030 00ba 01       		.uleb128 0x1
 1031 00bb 13       		.uleb128 0x13
 1032 00bc 00       		.byte	0
 1033 00bd 00       		.byte	0
 1034 00be 0F       		.uleb128 0xf
 1035 00bf 05       		.uleb128 0x5
 1036 00c0 00       		.byte	0
 1037 00c1 03       		.uleb128 0x3
 1038 00c2 0E       		.uleb128 0xe
 1039 00c3 3A       		.uleb128 0x3a
 1040 00c4 0B       		.uleb128 0xb
 1041 00c5 3B       		.uleb128 0x3b
ARM GAS  C:\Users\ASUS\AppData\Local\Temp\ccGmdxRn.s 			page 29


 1042 00c6 0B       		.uleb128 0xb
 1043 00c7 49       		.uleb128 0x49
 1044 00c8 13       		.uleb128 0x13
 1045 00c9 02       		.uleb128 0x2
 1046 00ca 18       		.uleb128 0x18
 1047 00cb 00       		.byte	0
 1048 00cc 00       		.byte	0
 1049 00cd 10       		.uleb128 0x10
 1050 00ce 2E       		.uleb128 0x2e
 1051 00cf 01       		.byte	0x1
 1052 00d0 3F       		.uleb128 0x3f
 1053 00d1 19       		.uleb128 0x19
 1054 00d2 03       		.uleb128 0x3
 1055 00d3 0E       		.uleb128 0xe
 1056 00d4 3A       		.uleb128 0x3a
 1057 00d5 0B       		.uleb128 0xb
 1058 00d6 3B       		.uleb128 0x3b
 1059 00d7 05       		.uleb128 0x5
 1060 00d8 27       		.uleb128 0x27
 1061 00d9 19       		.uleb128 0x19
 1062 00da 49       		.uleb128 0x49
 1063 00db 13       		.uleb128 0x13
 1064 00dc 11       		.uleb128 0x11
 1065 00dd 01       		.uleb128 0x1
 1066 00de 12       		.uleb128 0x12
 1067 00df 06       		.uleb128 0x6
 1068 00e0 40       		.uleb128 0x40
 1069 00e1 18       		.uleb128 0x18
 1070 00e2 9642     		.uleb128 0x2116
 1071 00e4 19       		.uleb128 0x19
 1072 00e5 01       		.uleb128 0x1
 1073 00e6 13       		.uleb128 0x13
 1074 00e7 00       		.byte	0
 1075 00e8 00       		.byte	0
 1076 00e9 11       		.uleb128 0x11
 1077 00ea 05       		.uleb128 0x5
 1078 00eb 00       		.byte	0
 1079 00ec 03       		.uleb128 0x3
 1080 00ed 0E       		.uleb128 0xe
 1081 00ee 3A       		.uleb128 0x3a
 1082 00ef 0B       		.uleb128 0xb
 1083 00f0 3B       		.uleb128 0x3b
 1084 00f1 05       		.uleb128 0x5
 1085 00f2 49       		.uleb128 0x49
 1086 00f3 13       		.uleb128 0x13
 1087 00f4 02       		.uleb128 0x2
 1088 00f5 18       		.uleb128 0x18
 1089 00f6 00       		.byte	0
 1090 00f7 00       		.byte	0
 1091 00f8 12       		.uleb128 0x12
 1092 00f9 34       		.uleb128 0x34
 1093 00fa 00       		.byte	0
 1094 00fb 03       		.uleb128 0x3
 1095 00fc 08       		.uleb128 0x8
 1096 00fd 3A       		.uleb128 0x3a
 1097 00fe 0B       		.uleb128 0xb
 1098 00ff 3B       		.uleb128 0x3b
ARM GAS  C:\Users\ASUS\AppData\Local\Temp\ccGmdxRn.s 			page 30


 1099 0100 05       		.uleb128 0x5
 1100 0101 49       		.uleb128 0x49
 1101 0102 13       		.uleb128 0x13
 1102 0103 3F       		.uleb128 0x3f
 1103 0104 19       		.uleb128 0x19
 1104 0105 3C       		.uleb128 0x3c
 1105 0106 19       		.uleb128 0x19
 1106 0107 00       		.byte	0
 1107 0108 00       		.byte	0
 1108 0109 13       		.uleb128 0x13
 1109 010a 34       		.uleb128 0x34
 1110 010b 00       		.byte	0
 1111 010c 03       		.uleb128 0x3
 1112 010d 0E       		.uleb128 0xe
 1113 010e 3A       		.uleb128 0x3a
 1114 010f 0B       		.uleb128 0xb
 1115 0110 3B       		.uleb128 0x3b
 1116 0111 05       		.uleb128 0x5
 1117 0112 49       		.uleb128 0x49
 1118 0113 13       		.uleb128 0x13
 1119 0114 02       		.uleb128 0x2
 1120 0115 18       		.uleb128 0x18
 1121 0116 00       		.byte	0
 1122 0117 00       		.byte	0
 1123 0118 14       		.uleb128 0x14
 1124 0119 2E       		.uleb128 0x2e
 1125 011a 01       		.byte	0x1
 1126 011b 3F       		.uleb128 0x3f
 1127 011c 19       		.uleb128 0x19
 1128 011d 03       		.uleb128 0x3
 1129 011e 0E       		.uleb128 0xe
 1130 011f 3A       		.uleb128 0x3a
 1131 0120 0B       		.uleb128 0xb
 1132 0121 3B       		.uleb128 0x3b
 1133 0122 05       		.uleb128 0x5
 1134 0123 27       		.uleb128 0x27
 1135 0124 19       		.uleb128 0x19
 1136 0125 8701     		.uleb128 0x87
 1137 0127 19       		.uleb128 0x19
 1138 0128 11       		.uleb128 0x11
 1139 0129 01       		.uleb128 0x1
 1140 012a 12       		.uleb128 0x12
 1141 012b 06       		.uleb128 0x6
 1142 012c 40       		.uleb128 0x40
 1143 012d 18       		.uleb128 0x18
 1144 012e 9642     		.uleb128 0x2116
 1145 0130 19       		.uleb128 0x19
 1146 0131 01       		.uleb128 0x1
 1147 0132 13       		.uleb128 0x13
 1148 0133 00       		.byte	0
 1149 0134 00       		.byte	0
 1150 0135 15       		.uleb128 0x15
 1151 0136 0B       		.uleb128 0xb
 1152 0137 01       		.byte	0x1
 1153 0138 11       		.uleb128 0x11
 1154 0139 01       		.uleb128 0x1
 1155 013a 12       		.uleb128 0x12
ARM GAS  C:\Users\ASUS\AppData\Local\Temp\ccGmdxRn.s 			page 31


 1156 013b 06       		.uleb128 0x6
 1157 013c 00       		.byte	0
 1158 013d 00       		.byte	0
 1159 013e 16       		.uleb128 0x16
 1160 013f 34       		.uleb128 0x34
 1161 0140 00       		.byte	0
 1162 0141 03       		.uleb128 0x3
 1163 0142 08       		.uleb128 0x8
 1164 0143 3A       		.uleb128 0x3a
 1165 0144 0B       		.uleb128 0xb
 1166 0145 3B       		.uleb128 0x3b
 1167 0146 05       		.uleb128 0x5
 1168 0147 49       		.uleb128 0x49
 1169 0148 13       		.uleb128 0x13
 1170 0149 02       		.uleb128 0x2
 1171 014a 18       		.uleb128 0x18
 1172 014b 00       		.byte	0
 1173 014c 00       		.byte	0
 1174 014d 17       		.uleb128 0x17
 1175 014e 2E       		.uleb128 0x2e
 1176 014f 00       		.byte	0
 1177 0150 3F       		.uleb128 0x3f
 1178 0151 19       		.uleb128 0x19
 1179 0152 03       		.uleb128 0x3
 1180 0153 0E       		.uleb128 0xe
 1181 0154 3A       		.uleb128 0x3a
 1182 0155 0B       		.uleb128 0xb
 1183 0156 3B       		.uleb128 0x3b
 1184 0157 05       		.uleb128 0x5
 1185 0158 27       		.uleb128 0x27
 1186 0159 19       		.uleb128 0x19
 1187 015a 11       		.uleb128 0x11
 1188 015b 01       		.uleb128 0x1
 1189 015c 12       		.uleb128 0x12
 1190 015d 06       		.uleb128 0x6
 1191 015e 40       		.uleb128 0x40
 1192 015f 18       		.uleb128 0x18
 1193 0160 9642     		.uleb128 0x2116
 1194 0162 19       		.uleb128 0x19
 1195 0163 00       		.byte	0
 1196 0164 00       		.byte	0
 1197 0165 18       		.uleb128 0x18
 1198 0166 2E       		.uleb128 0x2e
 1199 0167 01       		.byte	0x1
 1200 0168 3F       		.uleb128 0x3f
 1201 0169 19       		.uleb128 0x19
 1202 016a 03       		.uleb128 0x3
 1203 016b 0E       		.uleb128 0xe
 1204 016c 3A       		.uleb128 0x3a
 1205 016d 0B       		.uleb128 0xb
 1206 016e 3B       		.uleb128 0x3b
 1207 016f 05       		.uleb128 0x5
 1208 0170 27       		.uleb128 0x27
 1209 0171 19       		.uleb128 0x19
 1210 0172 11       		.uleb128 0x11
 1211 0173 01       		.uleb128 0x1
 1212 0174 12       		.uleb128 0x12
ARM GAS  C:\Users\ASUS\AppData\Local\Temp\ccGmdxRn.s 			page 32


 1213 0175 06       		.uleb128 0x6
 1214 0176 40       		.uleb128 0x40
 1215 0177 18       		.uleb128 0x18
 1216 0178 9642     		.uleb128 0x2116
 1217 017a 19       		.uleb128 0x19
 1218 017b 01       		.uleb128 0x1
 1219 017c 13       		.uleb128 0x13
 1220 017d 00       		.byte	0
 1221 017e 00       		.byte	0
 1222 017f 19       		.uleb128 0x19
 1223 0180 34       		.uleb128 0x34
 1224 0181 00       		.byte	0
 1225 0182 03       		.uleb128 0x3
 1226 0183 0E       		.uleb128 0xe
 1227 0184 3A       		.uleb128 0x3a
 1228 0185 0B       		.uleb128 0xb
 1229 0186 3B       		.uleb128 0x3b
 1230 0187 0B       		.uleb128 0xb
 1231 0188 49       		.uleb128 0x49
 1232 0189 13       		.uleb128 0x13
 1233 018a 02       		.uleb128 0x2
 1234 018b 18       		.uleb128 0x18
 1235 018c 00       		.byte	0
 1236 018d 00       		.byte	0
 1237 018e 1A       		.uleb128 0x1a
 1238 018f 34       		.uleb128 0x34
 1239 0190 00       		.byte	0
 1240 0191 03       		.uleb128 0x3
 1241 0192 0E       		.uleb128 0xe
 1242 0193 3A       		.uleb128 0x3a
 1243 0194 0B       		.uleb128 0xb
 1244 0195 3B       		.uleb128 0x3b
 1245 0196 0B       		.uleb128 0xb
 1246 0197 49       		.uleb128 0x49
 1247 0198 13       		.uleb128 0x13
 1248 0199 3F       		.uleb128 0x3f
 1249 019a 19       		.uleb128 0x19
 1250 019b 02       		.uleb128 0x2
 1251 019c 18       		.uleb128 0x18
 1252 019d 00       		.byte	0
 1253 019e 00       		.byte	0
 1254 019f 1B       		.uleb128 0x1b
 1255 01a0 01       		.uleb128 0x1
 1256 01a1 01       		.byte	0x1
 1257 01a2 49       		.uleb128 0x49
 1258 01a3 13       		.uleb128 0x13
 1259 01a4 01       		.uleb128 0x1
 1260 01a5 13       		.uleb128 0x13
 1261 01a6 00       		.byte	0
 1262 01a7 00       		.byte	0
 1263 01a8 1C       		.uleb128 0x1c
 1264 01a9 21       		.uleb128 0x21
 1265 01aa 00       		.byte	0
 1266 01ab 00       		.byte	0
 1267 01ac 00       		.byte	0
 1268 01ad 1D       		.uleb128 0x1d
 1269 01ae 34       		.uleb128 0x34
ARM GAS  C:\Users\ASUS\AppData\Local\Temp\ccGmdxRn.s 			page 33


 1270 01af 00       		.byte	0
 1271 01b0 03       		.uleb128 0x3
 1272 01b1 0E       		.uleb128 0xe
 1273 01b2 3A       		.uleb128 0x3a
 1274 01b3 0B       		.uleb128 0xb
 1275 01b4 3B       		.uleb128 0x3b
 1276 01b5 0B       		.uleb128 0xb
 1277 01b6 49       		.uleb128 0x49
 1278 01b7 13       		.uleb128 0x13
 1279 01b8 3F       		.uleb128 0x3f
 1280 01b9 19       		.uleb128 0x19
 1281 01ba 3C       		.uleb128 0x3c
 1282 01bb 19       		.uleb128 0x19
 1283 01bc 00       		.byte	0
 1284 01bd 00       		.byte	0
 1285 01be 1E       		.uleb128 0x1e
 1286 01bf 21       		.uleb128 0x21
 1287 01c0 00       		.byte	0
 1288 01c1 49       		.uleb128 0x49
 1289 01c2 13       		.uleb128 0x13
 1290 01c3 2F       		.uleb128 0x2f
 1291 01c4 0B       		.uleb128 0xb
 1292 01c5 00       		.byte	0
 1293 01c6 00       		.byte	0
 1294 01c7 1F       		.uleb128 0x1f
 1295 01c8 34       		.uleb128 0x34
 1296 01c9 00       		.byte	0
 1297 01ca 03       		.uleb128 0x3
 1298 01cb 0E       		.uleb128 0xe
 1299 01cc 3A       		.uleb128 0x3a
 1300 01cd 0B       		.uleb128 0xb
 1301 01ce 3B       		.uleb128 0x3b
 1302 01cf 05       		.uleb128 0x5
 1303 01d0 49       		.uleb128 0x49
 1304 01d1 13       		.uleb128 0x13
 1305 01d2 3F       		.uleb128 0x3f
 1306 01d3 19       		.uleb128 0x19
 1307 01d4 02       		.uleb128 0x2
 1308 01d5 18       		.uleb128 0x18
 1309 01d6 00       		.byte	0
 1310 01d7 00       		.byte	0
 1311 01d8 00       		.byte	0
 1312              		.section	.debug_aranges,"",%progbits
 1313 0000 44000000 		.4byte	0x44
 1314 0004 0200     		.2byte	0x2
 1315 0006 00000000 		.4byte	.Ldebug_info0
 1316 000a 04       		.byte	0x4
 1317 000b 00       		.byte	0
 1318 000c 0000     		.2byte	0
 1319 000e 0000     		.2byte	0
 1320 0010 00000000 		.4byte	.LFB0
 1321 0014 14000000 		.4byte	.LFE0-.LFB0
 1322 0018 00000000 		.4byte	.LFB1
 1323 001c 14000000 		.4byte	.LFE1-.LFB1
 1324 0020 00000000 		.4byte	.LFB2
 1325 0024 54000000 		.4byte	.LFE2-.LFB2
 1326 0028 00000000 		.4byte	.LFB3
ARM GAS  C:\Users\ASUS\AppData\Local\Temp\ccGmdxRn.s 			page 34


 1327 002c 98000000 		.4byte	.LFE3-.LFB3
 1328 0030 00000000 		.4byte	.LFB4
 1329 0034 14000000 		.4byte	.LFE4-.LFB4
 1330 0038 00000000 		.4byte	.LFB5
 1331 003c 78000000 		.4byte	.LFE5-.LFB5
 1332 0040 00000000 		.4byte	0
 1333 0044 00000000 		.4byte	0
 1334              		.section	.debug_ranges,"",%progbits
 1335              	.Ldebug_ranges0:
 1336 0000 00000000 		.4byte	.LFB0
 1337 0004 14000000 		.4byte	.LFE0
 1338 0008 00000000 		.4byte	.LFB1
 1339 000c 14000000 		.4byte	.LFE1
 1340 0010 00000000 		.4byte	.LFB2
 1341 0014 54000000 		.4byte	.LFE2
 1342 0018 00000000 		.4byte	.LFB3
 1343 001c 98000000 		.4byte	.LFE3
 1344 0020 00000000 		.4byte	.LFB4
 1345 0024 14000000 		.4byte	.LFE4
 1346 0028 00000000 		.4byte	.LFB5
 1347 002c 78000000 		.4byte	.LFE5
 1348 0030 00000000 		.4byte	0
 1349 0034 00000000 		.4byte	0
 1350              		.section	.debug_line,"",%progbits
 1351              	.Ldebug_line0:
 1352 0000 CC010000 		.section	.debug_str,"MS",%progbits,1
 1352      0200C700 
 1352      00000201 
 1352      FB0E0D00 
 1352      01010101 
 1353              	.LASF16:
 1354 0000 72656733 		.ascii	"reg32\000"
 1354      3200
 1355              	.LASF10:
 1356 0006 73697A65 		.ascii	"size_t\000"
 1356      5F7400
 1357              	.LASF40:
 1358 000d 43795261 		.ascii	"CyRamVectors\000"
 1358      6D566563 
 1358      746F7273 
 1358      00
 1359              	.LASF44:
 1360 001a 433A5C61 		.ascii	"C:\\aixt\\ports\\Cypress\\CY8CKIT-049-42XX\\example"
 1360      6978745C 
 1360      706F7274 
 1360      735C4379 
 1360      70726573 
 1361 0048 735C436F 		.ascii	"s\\Config_Gral_049.cydsn\\CE230991_My_First_Project"
 1361      6E666967 
 1361      5F477261 
 1361      6C5F3034 
 1361      392E6379 
 1362 0079 30312E63 		.ascii	"01.cydsn\000"
 1362      7964736E 
 1362      00
 1363              	.LASF30:
 1364 0082 53746172 		.ascii	"Start_c\000"
ARM GAS  C:\Users\ASUS\AppData\Local\Temp\ccGmdxRn.s 			page 35


 1364      745F6300 
 1365              	.LASF34:
 1366 008a 636F756E 		.ascii	"count\000"
 1366      7400
 1367              	.LASF29:
 1368 0090 68656170 		.ascii	"heapPointer\000"
 1368      506F696E 
 1368      74657200 
 1369              	.LASF3:
 1370 009c 73686F72 		.ascii	"short unsigned int\000"
 1370      7420756E 
 1370      7369676E 
 1370      65642069 
 1370      6E7400
 1371              	.LASF39:
 1372 00af 5F5F6379 		.ascii	"__cy_region_num\000"
 1372      5F726567 
 1372      696F6E5F 
 1372      6E756D00 
 1373              	.LASF20:
 1374 00bf 696E6974 		.ascii	"init\000"
 1374      00
 1375              	.LASF26:
 1376 00c4 73746174 		.ascii	"status\000"
 1376      757300
 1377              	.LASF23:
 1378 00cb 7A65726F 		.ascii	"zero_size\000"
 1378      5F73697A 
 1378      6500
 1379              	.LASF32:
 1380 00d5 72707472 		.ascii	"rptr\000"
 1380      00
 1381              	.LASF13:
 1382 00da 666C6F61 		.ascii	"float\000"
 1382      7400
 1383              	.LASF21:
 1384 00e0 64617461 		.ascii	"data\000"
 1384      00
 1385              	.LASF1:
 1386 00e5 756E7369 		.ascii	"unsigned char\000"
 1386      676E6564 
 1386      20636861 
 1386      7200
 1387              	.LASF28:
 1388 00f3 72657475 		.ascii	"returnValue\000"
 1388      726E5661 
 1388      6C756500 
 1389              	.LASF41:
 1390 00ff 526F6D56 		.ascii	"RomVectors\000"
 1390      6563746F 
 1390      727300
 1391              	.LASF5:
 1392 010a 6C6F6E67 		.ascii	"long unsigned int\000"
 1392      20756E73 
 1392      69676E65 
 1392      6420696E 
 1392      7400
ARM GAS  C:\Users\ASUS\AppData\Local\Temp\ccGmdxRn.s 			page 36


 1393              	.LASF36:
 1394 011c 63795379 		.ascii	"cySysNoInitDataValid\000"
 1394      734E6F49 
 1394      6E697444 
 1394      61746156 
 1394      616C6964 
 1395              	.LASF11:
 1396 0131 75696E74 		.ascii	"uint8\000"
 1396      3800
 1397              	.LASF47:
 1398 0137 52657365 		.ascii	"Reset\000"
 1398      7400
 1399              	.LASF42:
 1400 013d 474E5520 		.ascii	"GNU C11 5.4.1 20160609 (release) [ARM/embedded-5-br"
 1400      43313120 
 1400      352E342E 
 1400      31203230 
 1400      31363036 
 1401 0170 616E6368 		.ascii	"anch revision 237715] -mcpu=cortex-m0 -mthumb -g -O"
 1401      20726576 
 1401      6973696F 
 1401      6E203233 
 1401      37373135 
 1402 01a3 30202D66 		.ascii	"0 -ffunction-sections -ffat-lto-objects\000"
 1402      66756E63 
 1402      74696F6E 
 1402      2D736563 
 1402      74696F6E 
 1403              	.LASF24:
 1404 01cb 5F657869 		.ascii	"_exit\000"
 1404      7400
 1405              	.LASF46:
 1406 01d1 496E7444 		.ascii	"IntDefaultHandler\000"
 1406      65666175 
 1406      6C744861 
 1406      6E646C65 
 1406      7200
 1407              	.LASF25:
 1408 01e3 5F736272 		.ascii	"_sbrk\000"
 1408      6B00
 1409              	.LASF14:
 1410 01e9 646F7562 		.ascii	"double\000"
 1410      6C6500
 1411              	.LASF37:
 1412 01f0 63794274 		.ascii	"cyBtldrRunType\000"
 1412      6C647252 
 1412      756E5479 
 1412      706500
 1413              	.LASF48:
 1414 01ff 696E6974 		.ascii	"initialize_psoc\000"
 1414      69616C69 
 1414      7A655F70 
 1414      736F6300 
 1415              	.LASF43:
 1416 020f 47656E65 		.ascii	"Generated_Source\\PSoC4\\Cm0Start.c\000"
 1416      72617465 
 1416      645F536F 
ARM GAS  C:\Users\ASUS\AppData\Local\Temp\ccGmdxRn.s 			page 37


 1416      75726365 
 1416      5C50536F 
 1417              	.LASF12:
 1418 0231 75696E74 		.ascii	"uint32\000"
 1418      333200
 1419              	.LASF35:
 1420 0238 696E6465 		.ascii	"indexInit\000"
 1420      78496E69 
 1420      7400
 1421              	.LASF8:
 1422 0242 756E7369 		.ascii	"unsigned int\000"
 1422      676E6564 
 1422      20696E74 
 1422      00
 1423              	.LASF7:
 1424 024f 6C6F6E67 		.ascii	"long long unsigned int\000"
 1424      206C6F6E 
 1424      6720756E 
 1424      7369676E 
 1424      65642069 
 1425              	.LASF33:
 1426 0266 6C696D69 		.ascii	"limit\000"
 1426      7400
 1427              	.LASF17:
 1428 026c 63796973 		.ascii	"cyisraddress\000"
 1428      72616464 
 1428      72657373 
 1428      00
 1429              	.LASF22:
 1430 0279 696E6974 		.ascii	"init_size\000"
 1430      5F73697A 
 1430      6500
 1431              	.LASF19:
 1432 0283 5F5F6379 		.ascii	"__cy_byte_align8\000"
 1432      5F627974 
 1432      655F616C 
 1432      69676E38 
 1432      00
 1433              	.LASF18:
 1434 0294 73697A65 		.ascii	"sizetype\000"
 1434      74797065 
 1434      00
 1435              	.LASF6:
 1436 029d 6C6F6E67 		.ascii	"long long int\000"
 1436      206C6F6E 
 1436      6720696E 
 1436      7400
 1437              	.LASF15:
 1438 02ab 63686172 		.ascii	"char\000"
 1438      00
 1439              	.LASF2:
 1440 02b0 73686F72 		.ascii	"short int\000"
 1440      7420696E 
 1440      7400
 1441              	.LASF4:
 1442 02ba 6C6F6E67 		.ascii	"long int\000"
 1442      20696E74 
ARM GAS  C:\Users\ASUS\AppData\Local\Temp\ccGmdxRn.s 			page 38


 1442      00
 1443              	.LASF9:
 1444 02c3 6C6F6E67 		.ascii	"long double\000"
 1444      20646F75 
 1444      626C6500 
 1445              	.LASF0:
 1446 02cf 7369676E 		.ascii	"signed char\000"
 1446      65642063 
 1446      68617200 
 1447              	.LASF38:
 1448 02db 5F5F6379 		.ascii	"__cy_regions\000"
 1448      5F726567 
 1448      696F6E73 
 1448      00
 1449              	.LASF31:
 1450 02e8 72656769 		.ascii	"regions\000"
 1450      6F6E7300 
 1451              	.LASF27:
 1452 02f0 6E627974 		.ascii	"nbytes\000"
 1452      657300
 1453              	.LASF45:
 1454 02f7 5F5F6379 		.ascii	"__cy_region\000"
 1454      5F726567 
 1454      696F6E00 
 1455              		.ident	"GCC: (GNU Tools for ARM Embedded Processors) 5.4.1 20160609 (release) [ARM/embedded-5-bran
