ARM GAS  C:\Users\ASUS\AppData\Local\Temp\cc7m8yHa.s 			page 1


   1              		.syntax unified
   2              		.cpu cortex-m0
   3              		.fpu softvfp
   4              		.eabi_attribute 20, 1
   5              		.eabi_attribute 21, 1
   6              		.eabi_attribute 23, 3
   7              		.eabi_attribute 24, 1
   8              		.eabi_attribute 25, 1
   9              		.eabi_attribute 26, 1
  10              		.eabi_attribute 30, 6
  11              		.eabi_attribute 34, 0
  12              		.eabi_attribute 18, 4
  13              		.thumb
  14              		.syntax unified
  15              		.file	"LED_1_PM.c"
  16              		.text
  17              	.Ltext0:
  18              		.cfi_sections	.debug_frame
  19              		.bss
  20              		.align	2
  21              	LED_1_backup:
  22 0000 00000000 		.space	12
  22      00000000 
  22      00000000 
  23              		.section	.text.LED_1_Sleep,"ax",%progbits
  24              		.align	2
  25              		.global	LED_1_Sleep
  26              		.code	16
  27              		.thumb_func
  28              		.type	LED_1_Sleep, %function
  29              	LED_1_Sleep:
  30              	.LFB0:
  31              		.file 1 "Generated_Source\\PSoC4\\LED_1_PM.c"
   1:Generated_Source\PSoC4/LED_1_PM.c **** /*******************************************************************************
   2:Generated_Source\PSoC4/LED_1_PM.c **** * File Name: LED_1.c  
   3:Generated_Source\PSoC4/LED_1_PM.c **** * Version 2.20
   4:Generated_Source\PSoC4/LED_1_PM.c **** *
   5:Generated_Source\PSoC4/LED_1_PM.c **** * Description:
   6:Generated_Source\PSoC4/LED_1_PM.c **** *  This file contains APIs to set up the Pins component for low power modes.
   7:Generated_Source\PSoC4/LED_1_PM.c **** *
   8:Generated_Source\PSoC4/LED_1_PM.c **** * Note:
   9:Generated_Source\PSoC4/LED_1_PM.c **** *
  10:Generated_Source\PSoC4/LED_1_PM.c **** ********************************************************************************
  11:Generated_Source\PSoC4/LED_1_PM.c **** * Copyright 2015, Cypress Semiconductor Corporation.  All rights reserved.
  12:Generated_Source\PSoC4/LED_1_PM.c **** * You may use this file only in accordance with the license, terms, conditions, 
  13:Generated_Source\PSoC4/LED_1_PM.c **** * disclaimers, and limitations in the end user license agreement accompanying 
  14:Generated_Source\PSoC4/LED_1_PM.c **** * the software package with which this file was provided.
  15:Generated_Source\PSoC4/LED_1_PM.c **** *******************************************************************************/
  16:Generated_Source\PSoC4/LED_1_PM.c **** 
  17:Generated_Source\PSoC4/LED_1_PM.c **** #include "cytypes.h"
  18:Generated_Source\PSoC4/LED_1_PM.c **** #include "LED_1.h"
  19:Generated_Source\PSoC4/LED_1_PM.c **** 
  20:Generated_Source\PSoC4/LED_1_PM.c **** static LED_1_BACKUP_STRUCT  LED_1_backup = {0u, 0u, 0u};
  21:Generated_Source\PSoC4/LED_1_PM.c **** 
  22:Generated_Source\PSoC4/LED_1_PM.c **** 
  23:Generated_Source\PSoC4/LED_1_PM.c **** /*******************************************************************************
  24:Generated_Source\PSoC4/LED_1_PM.c **** * Function Name: LED_1_Sleep
ARM GAS  C:\Users\ASUS\AppData\Local\Temp\cc7m8yHa.s 			page 2


  25:Generated_Source\PSoC4/LED_1_PM.c **** ****************************************************************************//**
  26:Generated_Source\PSoC4/LED_1_PM.c **** *
  27:Generated_Source\PSoC4/LED_1_PM.c **** * \brief Stores the pin configuration and prepares the pin for entering chip 
  28:Generated_Source\PSoC4/LED_1_PM.c **** *  deep-sleep/hibernate modes. This function applies only to SIO and USBIO pins.
  29:Generated_Source\PSoC4/LED_1_PM.c **** *  It should not be called for GPIO or GPIO_OVT pins.
  30:Generated_Source\PSoC4/LED_1_PM.c **** *
  31:Generated_Source\PSoC4/LED_1_PM.c **** * <b>Note</b> This function is available in PSoC 4 only.
  32:Generated_Source\PSoC4/LED_1_PM.c **** *
  33:Generated_Source\PSoC4/LED_1_PM.c **** * \return 
  34:Generated_Source\PSoC4/LED_1_PM.c **** *  None 
  35:Generated_Source\PSoC4/LED_1_PM.c **** *  
  36:Generated_Source\PSoC4/LED_1_PM.c **** * \sideeffect
  37:Generated_Source\PSoC4/LED_1_PM.c **** *  For SIO pins, this function configures the pin input threshold to CMOS and
  38:Generated_Source\PSoC4/LED_1_PM.c **** *  drive level to Vddio. This is needed for SIO pins when in device 
  39:Generated_Source\PSoC4/LED_1_PM.c **** *  deep-sleep/hibernate modes.
  40:Generated_Source\PSoC4/LED_1_PM.c **** *
  41:Generated_Source\PSoC4/LED_1_PM.c **** * \funcusage
  42:Generated_Source\PSoC4/LED_1_PM.c **** *  \snippet LED_1_SUT.c usage_LED_1_Sleep_Wakeup
  43:Generated_Source\PSoC4/LED_1_PM.c **** *******************************************************************************/
  44:Generated_Source\PSoC4/LED_1_PM.c **** void LED_1_Sleep(void)
  45:Generated_Source\PSoC4/LED_1_PM.c **** {
  32              		.loc 1 45 0
  33              		.cfi_startproc
  34              		@ args = 0, pretend = 0, frame = 0
  35              		@ frame_needed = 1, uses_anonymous_args = 0
  36 0000 80B5     		push	{r7, lr}
  37              		.cfi_def_cfa_offset 8
  38              		.cfi_offset 7, -8
  39              		.cfi_offset 14, -4
  40 0002 00AF     		add	r7, sp, #0
  41              		.cfi_def_cfa_register 7
  46:Generated_Source\PSoC4/LED_1_PM.c ****     #if defined(LED_1__PC)
  47:Generated_Source\PSoC4/LED_1_PM.c ****         LED_1_backup.pcState = LED_1_PC;
  42              		.loc 1 47 0
  43 0004 034B     		ldr	r3, .L2
  44 0006 1A68     		ldr	r2, [r3]
  45 0008 034B     		ldr	r3, .L2+4
  46 000a 1A60     		str	r2, [r3]
  48:Generated_Source\PSoC4/LED_1_PM.c ****     #else
  49:Generated_Source\PSoC4/LED_1_PM.c ****         #if (CY_PSOC4_4200L)
  50:Generated_Source\PSoC4/LED_1_PM.c ****             /* Save the regulator state and put the PHY into suspend mode */
  51:Generated_Source\PSoC4/LED_1_PM.c ****             LED_1_backup.usbState = LED_1_CR1_REG;
  52:Generated_Source\PSoC4/LED_1_PM.c ****             LED_1_USB_POWER_REG |= LED_1_USBIO_ENTER_SLEEP;
  53:Generated_Source\PSoC4/LED_1_PM.c ****             LED_1_CR1_REG &= LED_1_USBIO_CR1_OFF;
  54:Generated_Source\PSoC4/LED_1_PM.c ****         #endif
  55:Generated_Source\PSoC4/LED_1_PM.c ****     #endif
  56:Generated_Source\PSoC4/LED_1_PM.c ****     #if defined(CYIPBLOCK_m0s8ioss_VERSION) && defined(LED_1__SIO)
  57:Generated_Source\PSoC4/LED_1_PM.c ****         LED_1_backup.sioState = LED_1_SIO_REG;
  58:Generated_Source\PSoC4/LED_1_PM.c ****         /* SIO requires unregulated output buffer and single ended input buffer */
  59:Generated_Source\PSoC4/LED_1_PM.c ****         LED_1_SIO_REG &= (uint32)(~LED_1_SIO_LPM_MASK);
  60:Generated_Source\PSoC4/LED_1_PM.c ****     #endif  
  61:Generated_Source\PSoC4/LED_1_PM.c **** }
  47              		.loc 1 61 0
  48 000c C046     		nop
  49 000e BD46     		mov	sp, r7
  50              		@ sp needed
  51 0010 80BD     		pop	{r7, pc}
ARM GAS  C:\Users\ASUS\AppData\Local\Temp\cc7m8yHa.s 			page 3


  52              	.L3:
  53 0012 C046     		.align	2
  54              	.L2:
  55 0014 08010440 		.word	1074004232
  56 0018 00000000 		.word	LED_1_backup
  57              		.cfi_endproc
  58              	.LFE0:
  59              		.size	LED_1_Sleep, .-LED_1_Sleep
  60              		.section	.text.LED_1_Wakeup,"ax",%progbits
  61              		.align	2
  62              		.global	LED_1_Wakeup
  63              		.code	16
  64              		.thumb_func
  65              		.type	LED_1_Wakeup, %function
  66              	LED_1_Wakeup:
  67              	.LFB1:
  62:Generated_Source\PSoC4/LED_1_PM.c **** 
  63:Generated_Source\PSoC4/LED_1_PM.c **** 
  64:Generated_Source\PSoC4/LED_1_PM.c **** /*******************************************************************************
  65:Generated_Source\PSoC4/LED_1_PM.c **** * Function Name: LED_1_Wakeup
  66:Generated_Source\PSoC4/LED_1_PM.c **** ****************************************************************************//**
  67:Generated_Source\PSoC4/LED_1_PM.c **** *
  68:Generated_Source\PSoC4/LED_1_PM.c **** * \brief Restores the pin configuration that was saved during Pin_Sleep(). This 
  69:Generated_Source\PSoC4/LED_1_PM.c **** * function applies only to SIO and USBIO pins. It should not be called for
  70:Generated_Source\PSoC4/LED_1_PM.c **** * GPIO or GPIO_OVT pins.
  71:Generated_Source\PSoC4/LED_1_PM.c **** *
  72:Generated_Source\PSoC4/LED_1_PM.c **** * For USBIO pins, the wakeup is only triggered for falling edge interrupts.
  73:Generated_Source\PSoC4/LED_1_PM.c **** *
  74:Generated_Source\PSoC4/LED_1_PM.c **** * <b>Note</b> This function is available in PSoC 4 only.
  75:Generated_Source\PSoC4/LED_1_PM.c **** *
  76:Generated_Source\PSoC4/LED_1_PM.c **** * \return 
  77:Generated_Source\PSoC4/LED_1_PM.c **** *  None
  78:Generated_Source\PSoC4/LED_1_PM.c **** *  
  79:Generated_Source\PSoC4/LED_1_PM.c **** * \funcusage
  80:Generated_Source\PSoC4/LED_1_PM.c **** *  Refer to LED_1_Sleep() for an example usage.
  81:Generated_Source\PSoC4/LED_1_PM.c **** *******************************************************************************/
  82:Generated_Source\PSoC4/LED_1_PM.c **** void LED_1_Wakeup(void)
  83:Generated_Source\PSoC4/LED_1_PM.c **** {
  68              		.loc 1 83 0
  69              		.cfi_startproc
  70              		@ args = 0, pretend = 0, frame = 0
  71              		@ frame_needed = 1, uses_anonymous_args = 0
  72 0000 80B5     		push	{r7, lr}
  73              		.cfi_def_cfa_offset 8
  74              		.cfi_offset 7, -8
  75              		.cfi_offset 14, -4
  76 0002 00AF     		add	r7, sp, #0
  77              		.cfi_def_cfa_register 7
  84:Generated_Source\PSoC4/LED_1_PM.c ****     #if defined(LED_1__PC)
  85:Generated_Source\PSoC4/LED_1_PM.c ****         LED_1_PC = LED_1_backup.pcState;
  78              		.loc 1 85 0
  79 0004 034A     		ldr	r2, .L5
  80 0006 044B     		ldr	r3, .L5+4
  81 0008 1B68     		ldr	r3, [r3]
  82 000a 1360     		str	r3, [r2]
  86:Generated_Source\PSoC4/LED_1_PM.c ****     #else
  87:Generated_Source\PSoC4/LED_1_PM.c ****         #if (CY_PSOC4_4200L)
ARM GAS  C:\Users\ASUS\AppData\Local\Temp\cc7m8yHa.s 			page 4


  88:Generated_Source\PSoC4/LED_1_PM.c ****             /* Restore the regulator state and come out of suspend mode */
  89:Generated_Source\PSoC4/LED_1_PM.c ****             LED_1_USB_POWER_REG &= LED_1_USBIO_EXIT_SLEEP_PH1;
  90:Generated_Source\PSoC4/LED_1_PM.c ****             LED_1_CR1_REG = LED_1_backup.usbState;
  91:Generated_Source\PSoC4/LED_1_PM.c ****             LED_1_USB_POWER_REG &= LED_1_USBIO_EXIT_SLEEP_PH2;
  92:Generated_Source\PSoC4/LED_1_PM.c ****         #endif
  93:Generated_Source\PSoC4/LED_1_PM.c ****     #endif
  94:Generated_Source\PSoC4/LED_1_PM.c ****     #if defined(CYIPBLOCK_m0s8ioss_VERSION) && defined(LED_1__SIO)
  95:Generated_Source\PSoC4/LED_1_PM.c ****         LED_1_SIO_REG = LED_1_backup.sioState;
  96:Generated_Source\PSoC4/LED_1_PM.c ****     #endif
  97:Generated_Source\PSoC4/LED_1_PM.c **** }
  83              		.loc 1 97 0
  84 000c C046     		nop
  85 000e BD46     		mov	sp, r7
  86              		@ sp needed
  87 0010 80BD     		pop	{r7, pc}
  88              	.L6:
  89 0012 C046     		.align	2
  90              	.L5:
  91 0014 08010440 		.word	1074004232
  92 0018 00000000 		.word	LED_1_backup
  93              		.cfi_endproc
  94              	.LFE1:
  95              		.size	LED_1_Wakeup, .-LED_1_Wakeup
  96              		.text
  97              	.Letext0:
  98              		.file 2 "Generated_Source\\PSoC4\\cytypes.h"
  99              		.file 3 "Generated_Source\\PSoC4\\LED_1.h"
 100              		.section	.debug_info,"",%progbits
 101              	.Ldebug_info0:
 102 0000 05010000 		.4byte	0x105
 103 0004 0400     		.2byte	0x4
 104 0006 00000000 		.4byte	.Ldebug_abbrev0
 105 000a 04       		.byte	0x4
 106 000b 01       		.uleb128 0x1
 107 000c CC000000 		.4byte	.LASF20
 108 0010 0C       		.byte	0xc
 109 0011 CC010000 		.4byte	.LASF21
 110 0015 2B000000 		.4byte	.LASF22
 111 0019 00000000 		.4byte	.Ldebug_ranges0+0
 112 001d 00000000 		.4byte	0
 113 0021 00000000 		.4byte	.Ldebug_line0
 114 0025 02       		.uleb128 0x2
 115 0026 01       		.byte	0x1
 116 0027 06       		.byte	0x6
 117 0028 F7010000 		.4byte	.LASF0
 118 002c 02       		.uleb128 0x2
 119 002d 01       		.byte	0x1
 120 002e 08       		.byte	0x8
 121 002f 1D000000 		.4byte	.LASF1
 122 0033 02       		.uleb128 0x2
 123 0034 02       		.byte	0x2
 124 0035 05       		.byte	0x5
 125 0036 C2010000 		.4byte	.LASF2
 126 003a 02       		.uleb128 0x2
 127 003b 02       		.byte	0x2
 128 003c 07       		.byte	0x7
 129 003d A5000000 		.4byte	.LASF3
ARM GAS  C:\Users\ASUS\AppData\Local\Temp\cc7m8yHa.s 			page 5


 130 0041 02       		.uleb128 0x2
 131 0042 04       		.byte	0x4
 132 0043 05       		.byte	0x5
 133 0044 EE010000 		.4byte	.LASF4
 134 0048 02       		.uleb128 0x2
 135 0049 04       		.byte	0x4
 136 004a 07       		.byte	0x7
 137 004b 93000000 		.4byte	.LASF5
 138 004f 02       		.uleb128 0x2
 139 0050 08       		.byte	0x8
 140 0051 05       		.byte	0x5
 141 0052 AF010000 		.4byte	.LASF6
 142 0056 02       		.uleb128 0x2
 143 0057 08       		.byte	0x8
 144 0058 07       		.byte	0x7
 145 0059 8F010000 		.4byte	.LASF7
 146 005d 03       		.uleb128 0x3
 147 005e 04       		.byte	0x4
 148 005f 05       		.byte	0x5
 149 0060 696E7400 		.ascii	"int\000"
 150 0064 02       		.uleb128 0x2
 151 0065 04       		.byte	0x4
 152 0066 07       		.byte	0x7
 153 0067 75010000 		.4byte	.LASF8
 154 006b 04       		.uleb128 0x4
 155 006c 6E010000 		.4byte	.LASF12
 156 0070 02       		.byte	0x2
 157 0071 E601     		.2byte	0x1e6
 158 0073 48000000 		.4byte	0x48
 159 0077 02       		.uleb128 0x2
 160 0078 04       		.byte	0x4
 161 0079 04       		.byte	0x4
 162 007a 17000000 		.4byte	.LASF9
 163 007e 02       		.uleb128 0x2
 164 007f 08       		.byte	0x8
 165 0080 04       		.byte	0x4
 166 0081 5A010000 		.4byte	.LASF10
 167 0085 02       		.uleb128 0x2
 168 0086 01       		.byte	0x1
 169 0087 08       		.byte	0x8
 170 0088 BD010000 		.4byte	.LASF11
 171 008c 04       		.uleb128 0x4
 172 008d 00000000 		.4byte	.LASF13
 173 0091 02       		.byte	0x2
 174 0092 9002     		.2byte	0x290
 175 0094 98000000 		.4byte	0x98
 176 0098 05       		.uleb128 0x5
 177 0099 6B000000 		.4byte	0x6b
 178 009d 06       		.uleb128 0x6
 179 009e 0C       		.byte	0xc
 180 009f 03       		.byte	0x3
 181 00a0 21       		.byte	0x21
 182 00a1 CA000000 		.4byte	0xca
 183 00a5 07       		.uleb128 0x7
 184 00a6 0F000000 		.4byte	.LASF14
 185 00aa 03       		.byte	0x3
 186 00ab 23       		.byte	0x23
ARM GAS  C:\Users\ASUS\AppData\Local\Temp\cc7m8yHa.s 			page 6


 187 00ac 6B000000 		.4byte	0x6b
 188 00b0 00       		.byte	0
 189 00b1 07       		.uleb128 0x7
 190 00b2 A6010000 		.4byte	.LASF15
 191 00b6 03       		.byte	0x3
 192 00b7 24       		.byte	0x24
 193 00b8 6B000000 		.4byte	0x6b
 194 00bc 04       		.byte	0x4
 195 00bd 07       		.uleb128 0x7
 196 00be 06000000 		.4byte	.LASF16
 197 00c2 03       		.byte	0x3
 198 00c3 25       		.byte	0x25
 199 00c4 6B000000 		.4byte	0x6b
 200 00c8 08       		.byte	0x8
 201 00c9 00       		.byte	0
 202 00ca 08       		.uleb128 0x8
 203 00cb B8000000 		.4byte	.LASF17
 204 00cf 03       		.byte	0x3
 205 00d0 26       		.byte	0x26
 206 00d1 9D000000 		.4byte	0x9d
 207 00d5 09       		.uleb128 0x9
 208 00d6 03020000 		.4byte	.LASF18
 209 00da 01       		.byte	0x1
 210 00db 2C       		.byte	0x2c
 211 00dc 00000000 		.4byte	.LFB0
 212 00e0 1C000000 		.4byte	.LFE0-.LFB0
 213 00e4 01       		.uleb128 0x1
 214 00e5 9C       		.byte	0x9c
 215 00e6 09       		.uleb128 0x9
 216 00e7 82010000 		.4byte	.LASF19
 217 00eb 01       		.byte	0x1
 218 00ec 52       		.byte	0x52
 219 00ed 00000000 		.4byte	.LFB1
 220 00f1 1C000000 		.4byte	.LFE1-.LFB1
 221 00f5 01       		.uleb128 0x1
 222 00f6 9C       		.byte	0x9c
 223 00f7 0A       		.uleb128 0xa
 224 00f8 61010000 		.4byte	.LASF23
 225 00fc 01       		.byte	0x1
 226 00fd 14       		.byte	0x14
 227 00fe CA000000 		.4byte	0xca
 228 0102 05       		.uleb128 0x5
 229 0103 03       		.byte	0x3
 230 0104 00000000 		.4byte	LED_1_backup
 231 0108 00       		.byte	0
 232              		.section	.debug_abbrev,"",%progbits
 233              	.Ldebug_abbrev0:
 234 0000 01       		.uleb128 0x1
 235 0001 11       		.uleb128 0x11
 236 0002 01       		.byte	0x1
 237 0003 25       		.uleb128 0x25
 238 0004 0E       		.uleb128 0xe
 239 0005 13       		.uleb128 0x13
 240 0006 0B       		.uleb128 0xb
 241 0007 03       		.uleb128 0x3
 242 0008 0E       		.uleb128 0xe
 243 0009 1B       		.uleb128 0x1b
ARM GAS  C:\Users\ASUS\AppData\Local\Temp\cc7m8yHa.s 			page 7


 244 000a 0E       		.uleb128 0xe
 245 000b 55       		.uleb128 0x55
 246 000c 17       		.uleb128 0x17
 247 000d 11       		.uleb128 0x11
 248 000e 01       		.uleb128 0x1
 249 000f 10       		.uleb128 0x10
 250 0010 17       		.uleb128 0x17
 251 0011 00       		.byte	0
 252 0012 00       		.byte	0
 253 0013 02       		.uleb128 0x2
 254 0014 24       		.uleb128 0x24
 255 0015 00       		.byte	0
 256 0016 0B       		.uleb128 0xb
 257 0017 0B       		.uleb128 0xb
 258 0018 3E       		.uleb128 0x3e
 259 0019 0B       		.uleb128 0xb
 260 001a 03       		.uleb128 0x3
 261 001b 0E       		.uleb128 0xe
 262 001c 00       		.byte	0
 263 001d 00       		.byte	0
 264 001e 03       		.uleb128 0x3
 265 001f 24       		.uleb128 0x24
 266 0020 00       		.byte	0
 267 0021 0B       		.uleb128 0xb
 268 0022 0B       		.uleb128 0xb
 269 0023 3E       		.uleb128 0x3e
 270 0024 0B       		.uleb128 0xb
 271 0025 03       		.uleb128 0x3
 272 0026 08       		.uleb128 0x8
 273 0027 00       		.byte	0
 274 0028 00       		.byte	0
 275 0029 04       		.uleb128 0x4
 276 002a 16       		.uleb128 0x16
 277 002b 00       		.byte	0
 278 002c 03       		.uleb128 0x3
 279 002d 0E       		.uleb128 0xe
 280 002e 3A       		.uleb128 0x3a
 281 002f 0B       		.uleb128 0xb
 282 0030 3B       		.uleb128 0x3b
 283 0031 05       		.uleb128 0x5
 284 0032 49       		.uleb128 0x49
 285 0033 13       		.uleb128 0x13
 286 0034 00       		.byte	0
 287 0035 00       		.byte	0
 288 0036 05       		.uleb128 0x5
 289 0037 35       		.uleb128 0x35
 290 0038 00       		.byte	0
 291 0039 49       		.uleb128 0x49
 292 003a 13       		.uleb128 0x13
 293 003b 00       		.byte	0
 294 003c 00       		.byte	0
 295 003d 06       		.uleb128 0x6
 296 003e 13       		.uleb128 0x13
 297 003f 01       		.byte	0x1
 298 0040 0B       		.uleb128 0xb
 299 0041 0B       		.uleb128 0xb
 300 0042 3A       		.uleb128 0x3a
ARM GAS  C:\Users\ASUS\AppData\Local\Temp\cc7m8yHa.s 			page 8


 301 0043 0B       		.uleb128 0xb
 302 0044 3B       		.uleb128 0x3b
 303 0045 0B       		.uleb128 0xb
 304 0046 01       		.uleb128 0x1
 305 0047 13       		.uleb128 0x13
 306 0048 00       		.byte	0
 307 0049 00       		.byte	0
 308 004a 07       		.uleb128 0x7
 309 004b 0D       		.uleb128 0xd
 310 004c 00       		.byte	0
 311 004d 03       		.uleb128 0x3
 312 004e 0E       		.uleb128 0xe
 313 004f 3A       		.uleb128 0x3a
 314 0050 0B       		.uleb128 0xb
 315 0051 3B       		.uleb128 0x3b
 316 0052 0B       		.uleb128 0xb
 317 0053 49       		.uleb128 0x49
 318 0054 13       		.uleb128 0x13
 319 0055 38       		.uleb128 0x38
 320 0056 0B       		.uleb128 0xb
 321 0057 00       		.byte	0
 322 0058 00       		.byte	0
 323 0059 08       		.uleb128 0x8
 324 005a 16       		.uleb128 0x16
 325 005b 00       		.byte	0
 326 005c 03       		.uleb128 0x3
 327 005d 0E       		.uleb128 0xe
 328 005e 3A       		.uleb128 0x3a
 329 005f 0B       		.uleb128 0xb
 330 0060 3B       		.uleb128 0x3b
 331 0061 0B       		.uleb128 0xb
 332 0062 49       		.uleb128 0x49
 333 0063 13       		.uleb128 0x13
 334 0064 00       		.byte	0
 335 0065 00       		.byte	0
 336 0066 09       		.uleb128 0x9
 337 0067 2E       		.uleb128 0x2e
 338 0068 00       		.byte	0
 339 0069 3F       		.uleb128 0x3f
 340 006a 19       		.uleb128 0x19
 341 006b 03       		.uleb128 0x3
 342 006c 0E       		.uleb128 0xe
 343 006d 3A       		.uleb128 0x3a
 344 006e 0B       		.uleb128 0xb
 345 006f 3B       		.uleb128 0x3b
 346 0070 0B       		.uleb128 0xb
 347 0071 27       		.uleb128 0x27
 348 0072 19       		.uleb128 0x19
 349 0073 11       		.uleb128 0x11
 350 0074 01       		.uleb128 0x1
 351 0075 12       		.uleb128 0x12
 352 0076 06       		.uleb128 0x6
 353 0077 40       		.uleb128 0x40
 354 0078 18       		.uleb128 0x18
 355 0079 9742     		.uleb128 0x2117
 356 007b 19       		.uleb128 0x19
 357 007c 00       		.byte	0
ARM GAS  C:\Users\ASUS\AppData\Local\Temp\cc7m8yHa.s 			page 9


 358 007d 00       		.byte	0
 359 007e 0A       		.uleb128 0xa
 360 007f 34       		.uleb128 0x34
 361 0080 00       		.byte	0
 362 0081 03       		.uleb128 0x3
 363 0082 0E       		.uleb128 0xe
 364 0083 3A       		.uleb128 0x3a
 365 0084 0B       		.uleb128 0xb
 366 0085 3B       		.uleb128 0x3b
 367 0086 0B       		.uleb128 0xb
 368 0087 49       		.uleb128 0x49
 369 0088 13       		.uleb128 0x13
 370 0089 02       		.uleb128 0x2
 371 008a 18       		.uleb128 0x18
 372 008b 00       		.byte	0
 373 008c 00       		.byte	0
 374 008d 00       		.byte	0
 375              		.section	.debug_aranges,"",%progbits
 376 0000 24000000 		.4byte	0x24
 377 0004 0200     		.2byte	0x2
 378 0006 00000000 		.4byte	.Ldebug_info0
 379 000a 04       		.byte	0x4
 380 000b 00       		.byte	0
 381 000c 0000     		.2byte	0
 382 000e 0000     		.2byte	0
 383 0010 00000000 		.4byte	.LFB0
 384 0014 1C000000 		.4byte	.LFE0-.LFB0
 385 0018 00000000 		.4byte	.LFB1
 386 001c 1C000000 		.4byte	.LFE1-.LFB1
 387 0020 00000000 		.4byte	0
 388 0024 00000000 		.4byte	0
 389              		.section	.debug_ranges,"",%progbits
 390              	.Ldebug_ranges0:
 391 0000 00000000 		.4byte	.LFB0
 392 0004 1C000000 		.4byte	.LFE0
 393 0008 00000000 		.4byte	.LFB1
 394 000c 1C000000 		.4byte	.LFE1
 395 0010 00000000 		.4byte	0
 396 0014 00000000 		.4byte	0
 397              		.section	.debug_line,"",%progbits
 398              	.Ldebug_line0:
 399 0000 7D000000 		.section	.debug_str,"MS",%progbits,1
 399      02005000 
 399      00000201 
 399      FB0E0D00 
 399      01010101 
 400              	.LASF13:
 401 0000 72656733 		.ascii	"reg32\000"
 401      3200
 402              	.LASF16:
 403 0006 75736253 		.ascii	"usbState\000"
 403      74617465 
 403      00
 404              	.LASF14:
 405 000f 70635374 		.ascii	"pcState\000"
 405      61746500 
 406              	.LASF9:
ARM GAS  C:\Users\ASUS\AppData\Local\Temp\cc7m8yHa.s 			page 10


 407 0017 666C6F61 		.ascii	"float\000"
 407      7400
 408              	.LASF1:
 409 001d 756E7369 		.ascii	"unsigned char\000"
 409      676E6564 
 409      20636861 
 409      7200
 410              	.LASF22:
 411 002b 433A5C61 		.ascii	"C:\\aixt\\ports\\Cypress\\CY8CKIT-049-42XX\\example"
 411      6978745C 
 411      706F7274 
 411      735C4379 
 411      70726573 
 412 0059 735C436F 		.ascii	"s\\Config_Gral_049.cydsn\\CE230991_My_First_Project"
 412      6E666967 
 412      5F477261 
 412      6C5F3034 
 412      392E6379 
 413 008a 30312E63 		.ascii	"01.cydsn\000"
 413      7964736E 
 413      00
 414              	.LASF5:
 415 0093 6C6F6E67 		.ascii	"long unsigned int\000"
 415      20756E73 
 415      69676E65 
 415      6420696E 
 415      7400
 416              	.LASF3:
 417 00a5 73686F72 		.ascii	"short unsigned int\000"
 417      7420756E 
 417      7369676E 
 417      65642069 
 417      6E7400
 418              	.LASF17:
 419 00b8 4C45445F 		.ascii	"LED_1_BACKUP_STRUCT\000"
 419      315F4241 
 419      434B5550 
 419      5F535452 
 419      55435400 
 420              	.LASF20:
 421 00cc 474E5520 		.ascii	"GNU C11 5.4.1 20160609 (release) [ARM/embedded-5-br"
 421      43313120 
 421      352E342E 
 421      31203230 
 421      31363036 
 422 00ff 616E6368 		.ascii	"anch revision 237715] -mcpu=cortex-m0 -mthumb -g -O"
 422      20726576 
 422      6973696F 
 422      6E203233 
 422      37373135 
 423 0132 30202D66 		.ascii	"0 -ffunction-sections -ffat-lto-objects\000"
 423      66756E63 
 423      74696F6E 
 423      2D736563 
 423      74696F6E 
 424              	.LASF10:
 425 015a 646F7562 		.ascii	"double\000"
ARM GAS  C:\Users\ASUS\AppData\Local\Temp\cc7m8yHa.s 			page 11


 425      6C6500
 426              	.LASF23:
 427 0161 4C45445F 		.ascii	"LED_1_backup\000"
 427      315F6261 
 427      636B7570 
 427      00
 428              	.LASF12:
 429 016e 75696E74 		.ascii	"uint32\000"
 429      333200
 430              	.LASF8:
 431 0175 756E7369 		.ascii	"unsigned int\000"
 431      676E6564 
 431      20696E74 
 431      00
 432              	.LASF19:
 433 0182 4C45445F 		.ascii	"LED_1_Wakeup\000"
 433      315F5761 
 433      6B657570 
 433      00
 434              	.LASF7:
 435 018f 6C6F6E67 		.ascii	"long long unsigned int\000"
 435      206C6F6E 
 435      6720756E 
 435      7369676E 
 435      65642069 
 436              	.LASF15:
 437 01a6 73696F53 		.ascii	"sioState\000"
 437      74617465 
 437      00
 438              	.LASF6:
 439 01af 6C6F6E67 		.ascii	"long long int\000"
 439      206C6F6E 
 439      6720696E 
 439      7400
 440              	.LASF11:
 441 01bd 63686172 		.ascii	"char\000"
 441      00
 442              	.LASF2:
 443 01c2 73686F72 		.ascii	"short int\000"
 443      7420696E 
 443      7400
 444              	.LASF21:
 445 01cc 47656E65 		.ascii	"Generated_Source\\PSoC4\\LED_1_PM.c\000"
 445      72617465 
 445      645F536F 
 445      75726365 
 445      5C50536F 
 446              	.LASF4:
 447 01ee 6C6F6E67 		.ascii	"long int\000"
 447      20696E74 
 447      00
 448              	.LASF0:
 449 01f7 7369676E 		.ascii	"signed char\000"
 449      65642063 
 449      68617200 
 450              	.LASF18:
 451 0203 4C45445F 		.ascii	"LED_1_Sleep\000"
ARM GAS  C:\Users\ASUS\AppData\Local\Temp\cc7m8yHa.s 			page 12


 451      315F536C 
 451      65657000 
 452              		.ident	"GCC: (GNU Tools for ARM Embedded Processors) 5.4.1 20160609 (release) [ARM/embedded-5-bran
