ARM GAS  C:\Users\ASUS\AppData\Local\Temp\cc4lThmF.s 			page 1


   1              		.syntax unified
   2              		.cpu cortex-m0
   3              		.fpu softvfp
   4              		.eabi_attribute 20, 1
   5              		.eabi_attribute 21, 1
   6              		.eabi_attribute 23, 3
   7              		.eabi_attribute 24, 1
   8              		.eabi_attribute 25, 1
   9              		.eabi_attribute 26, 1
  10              		.eabi_attribute 30, 6
  11              		.eabi_attribute 34, 0
  12              		.eabi_attribute 18, 4
  13              		.thumb
  14              		.syntax unified
  15              		.file	"main.c"
  16              		.text
  17              	.Ltext0:
  18              		.cfi_sections	.debug_frame
  19              		.section	.text.main,"ax",%progbits
  20              		.align	2
  21              		.global	main
  22              		.code	16
  23              		.thumb_func
  24              		.type	main, %function
  25              	main:
  26              	.LFB32:
  27              		.file 1 "main.c"
   1:main.c        **** /*****************************************************************************
   2:main.c        **** * File Name: main.c
   3:main.c        **** *
   4:main.c        **** * Version: 1.00
   5:main.c        **** *
   6:main.c        **** * Description: This code example demonstrates the functionality of TCPWM 
   7:main.c        **** *              component in PWM mode to blink LEDs using PSoC 4 MCU.
   8:main.c        **** *
   9:main.c        **** * Related Document: CE230991_Getting_Started_With_PSoC4.pdf
  10:main.c        **** *
  11:main.c        **** * Hardware Dependency: All PSoC 4 Development Kits
  12:main.c        **** ******************************************************************************
  13:main.c        **** * Copyright (2020), Cypress Semiconductor Corporation.
  14:main.c        **** ******************************************************************************
  15:main.c        **** * This software, including source code, documentation and related materials
  16:main.c        **** * ("Software") is owned by Cypress Semiconductor Corporation (Cypress) and is
  17:main.c        **** * protected by and subject to worldwide patent protection (United States and 
  18:main.c        **** * foreign), United States copyright laws and international treaty provisions. 
  19:main.c        **** * Cypress hereby grants to licensee a personal, non-exclusive, non-transferable
  20:main.c        **** * license to copy, use, modify, create derivative works of, and compile the 
  21:main.c        **** * Cypress source code and derivative works for the sole purpose of creating 
  22:main.c        **** * custom software in support of licensee product, such licensee product to be
  23:main.c        **** * used only in conjunction with Cypress's integrated circuit as specified in the
  24:main.c        **** * applicable agreement. Any reproduction, modification, translation, compilation,
  25:main.c        **** * or representation of this Software except as specified above is prohibited 
  26:main.c        **** * without the express written permission of Cypress.
  27:main.c        **** * 
  28:main.c        **** * Disclaimer: THIS SOFTWARE IS PROVIDED AS-IS, WITH NO WARRANTY OF ANY KIND, 
  29:main.c        **** * EXPRESS OR IMPLIED, INCLUDING, BUT NOT LIMITED TO, NONINFRINGEMENT, IMPLIED 
  30:main.c        **** * WARRANTIES OF MERCHANTABILITY AND FITNESS FOR A PARTICULAR PURPOSE.
ARM GAS  C:\Users\ASUS\AppData\Local\Temp\cc4lThmF.s 			page 2


  31:main.c        **** * Cypress reserves the right to make changes to the Software without notice. 
  32:main.c        **** * Cypress does not assume any liability arising out of the application or use
  33:main.c        **** * of Software or any product or circuit described in the Software. Cypress does
  34:main.c        **** * not authorize its products for use as critical components in any products 
  35:main.c        **** * where a malfunction or failure may reasonably be expected to result in 
  36:main.c        **** * significant injury or death ("ACTIVE Risk Product"). By including Cypress's 
  37:main.c        **** * product in a ACTIVE Risk Product, the manufacturer of such system or application
  38:main.c        **** * assumes all risk of such use and in doing so indemnifies Cypress against all
  39:main.c        **** * liability. Use of this Software may be limited by and subject to the applicable
  40:main.c        **** * Cypress software license agreement.
  41:main.c        **** *****************************************************************************/
  42:main.c        **** 
  43:main.c        **** /*******************************************************************************
  44:main.c        **** *   Included Headers
  45:main.c        **** *******************************************************************************/
  46:main.c        **** 
  47:main.c        **** #include "project.h"
  48:main.c        **** 
  49:main.c        **** /*******************************************************************************
  50:main.c        **** * Function Name: main()
  51:main.c        **** ********************************************************************************
  52:main.c        **** * Summary:
  53:main.c        **** * This function performs the following actions:
  54:main.c        **** *
  55:main.c        **** *     1. Enables and starts the PWM block.
  56:main.c        **** *
  57:main.c        **** * Return:
  58:main.c        **** * Non zero value indicates error 	
  59:main.c        **** *
  60:main.c        **** *******************************************************************************/
  61:main.c        **** int main()
  62:main.c        **** {
  28              		.loc 1 62 0
  29              		.cfi_startproc
  30              		@ args = 0, pretend = 0, frame = 0
  31              		@ frame_needed = 1, uses_anonymous_args = 0
  32 0000 80B5     		push	{r7, lr}
  33              		.cfi_def_cfa_offset 8
  34              		.cfi_offset 7, -8
  35              		.cfi_offset 14, -4
  36 0002 00AF     		add	r7, sp, #0
  37              		.cfi_def_cfa_register 7
  63:main.c        **** 	/*Enable and start the PWM block*/
  64:main.c        **** 	PWM_1_Start();
  38              		.loc 1 64 0
  39 0004 FFF7FEFF 		bl	PWM_1_Start
  40              	.L2:
  65:main.c        **** 		
  66:main.c        ****     for(;;)
  67:main.c        ****     {
  68:main.c        **** 		
  69:main.c        ****     }
  41              		.loc 1 69 0 discriminator 1
  42 0008 FEE7     		b	.L2
  43              		.cfi_endproc
  44              	.LFE32:
  45              		.size	main, .-main
ARM GAS  C:\Users\ASUS\AppData\Local\Temp\cc4lThmF.s 			page 3


  46 000a C046     		.text
  47              	.Letext0:
  48              		.section	.debug_info,"",%progbits
  49              	.Ldebug_info0:
  50 0000 A0000000 		.4byte	0xa0
  51 0004 0400     		.2byte	0x4
  52 0006 00000000 		.4byte	.Ldebug_abbrev0
  53 000a 04       		.byte	0x4
  54 000b 01       		.uleb128 0x1
  55 000c 16010000 		.4byte	.LASF14
  56 0010 0C       		.byte	0xc
  57 0011 1B000000 		.4byte	.LASF15
  58 0015 27000000 		.4byte	.LASF16
  59 0019 00000000 		.4byte	.Ldebug_ranges0+0
  60 001d 00000000 		.4byte	0
  61 0021 00000000 		.4byte	.Ldebug_line0
  62 0025 02       		.uleb128 0x2
  63 0026 01       		.byte	0x1
  64 0027 06       		.byte	0x6
  65 0028 F4000000 		.4byte	.LASF0
  66 002c 02       		.uleb128 0x2
  67 002d 01       		.byte	0x1
  68 002e 08       		.byte	0x8
  69 002f BE000000 		.4byte	.LASF1
  70 0033 02       		.uleb128 0x2
  71 0034 02       		.byte	0x2
  72 0035 05       		.byte	0x5
  73 0036 0C010000 		.4byte	.LASF2
  74 003a 02       		.uleb128 0x2
  75 003b 02       		.byte	0x2
  76 003c 07       		.byte	0x7
  77 003d E1000000 		.4byte	.LASF3
  78 0041 02       		.uleb128 0x2
  79 0042 04       		.byte	0x4
  80 0043 05       		.byte	0x5
  81 0044 D1000000 		.4byte	.LASF4
  82 0048 02       		.uleb128 0x2
  83 0049 04       		.byte	0x4
  84 004a 07       		.byte	0x7
  85 004b 8F000000 		.4byte	.LASF5
  86 004f 02       		.uleb128 0x2
  87 0050 08       		.byte	0x8
  88 0051 05       		.byte	0x5
  89 0052 00000000 		.4byte	.LASF6
  90 0056 02       		.uleb128 0x2
  91 0057 08       		.byte	0x8
  92 0058 07       		.byte	0x7
  93 0059 A1000000 		.4byte	.LASF7
  94 005d 03       		.uleb128 0x3
  95 005e 04       		.byte	0x4
  96 005f 05       		.byte	0x5
  97 0060 696E7400 		.ascii	"int\000"
  98 0064 02       		.uleb128 0x2
  99 0065 04       		.byte	0x4
 100 0066 07       		.byte	0x7
 101 0067 0E000000 		.4byte	.LASF8
 102 006b 02       		.uleb128 0x2
ARM GAS  C:\Users\ASUS\AppData\Local\Temp\cc4lThmF.s 			page 4


 103 006c 04       		.byte	0x4
 104 006d 04       		.byte	0x4
 105 006e B8000000 		.4byte	.LASF9
 106 0072 02       		.uleb128 0x2
 107 0073 08       		.byte	0x8
 108 0074 04       		.byte	0x4
 109 0075 DA000000 		.4byte	.LASF10
 110 0079 02       		.uleb128 0x2
 111 007a 01       		.byte	0x1
 112 007b 08       		.byte	0x8
 113 007c CC000000 		.4byte	.LASF11
 114 0080 02       		.uleb128 0x2
 115 0081 08       		.byte	0x8
 116 0082 04       		.byte	0x4
 117 0083 00010000 		.4byte	.LASF12
 118 0087 02       		.uleb128 0x2
 119 0088 04       		.byte	0x4
 120 0089 07       		.byte	0x7
 121 008a A4010000 		.4byte	.LASF13
 122 008e 04       		.uleb128 0x4
 123 008f 22000000 		.4byte	.LASF17
 124 0093 01       		.byte	0x1
 125 0094 3D       		.byte	0x3d
 126 0095 5D000000 		.4byte	0x5d
 127 0099 00000000 		.4byte	.LFB32
 128 009d 0A000000 		.4byte	.LFE32-.LFB32
 129 00a1 01       		.uleb128 0x1
 130 00a2 9C       		.byte	0x9c
 131 00a3 00       		.byte	0
 132              		.section	.debug_abbrev,"",%progbits
 133              	.Ldebug_abbrev0:
 134 0000 01       		.uleb128 0x1
 135 0001 11       		.uleb128 0x11
 136 0002 01       		.byte	0x1
 137 0003 25       		.uleb128 0x25
 138 0004 0E       		.uleb128 0xe
 139 0005 13       		.uleb128 0x13
 140 0006 0B       		.uleb128 0xb
 141 0007 03       		.uleb128 0x3
 142 0008 0E       		.uleb128 0xe
 143 0009 1B       		.uleb128 0x1b
 144 000a 0E       		.uleb128 0xe
 145 000b 55       		.uleb128 0x55
 146 000c 17       		.uleb128 0x17
 147 000d 11       		.uleb128 0x11
 148 000e 01       		.uleb128 0x1
 149 000f 10       		.uleb128 0x10
 150 0010 17       		.uleb128 0x17
 151 0011 00       		.byte	0
 152 0012 00       		.byte	0
 153 0013 02       		.uleb128 0x2
 154 0014 24       		.uleb128 0x24
 155 0015 00       		.byte	0
 156 0016 0B       		.uleb128 0xb
 157 0017 0B       		.uleb128 0xb
 158 0018 3E       		.uleb128 0x3e
 159 0019 0B       		.uleb128 0xb
ARM GAS  C:\Users\ASUS\AppData\Local\Temp\cc4lThmF.s 			page 5


 160 001a 03       		.uleb128 0x3
 161 001b 0E       		.uleb128 0xe
 162 001c 00       		.byte	0
 163 001d 00       		.byte	0
 164 001e 03       		.uleb128 0x3
 165 001f 24       		.uleb128 0x24
 166 0020 00       		.byte	0
 167 0021 0B       		.uleb128 0xb
 168 0022 0B       		.uleb128 0xb
 169 0023 3E       		.uleb128 0x3e
 170 0024 0B       		.uleb128 0xb
 171 0025 03       		.uleb128 0x3
 172 0026 08       		.uleb128 0x8
 173 0027 00       		.byte	0
 174 0028 00       		.byte	0
 175 0029 04       		.uleb128 0x4
 176 002a 2E       		.uleb128 0x2e
 177 002b 00       		.byte	0
 178 002c 3F       		.uleb128 0x3f
 179 002d 19       		.uleb128 0x19
 180 002e 03       		.uleb128 0x3
 181 002f 0E       		.uleb128 0xe
 182 0030 3A       		.uleb128 0x3a
 183 0031 0B       		.uleb128 0xb
 184 0032 3B       		.uleb128 0x3b
 185 0033 0B       		.uleb128 0xb
 186 0034 49       		.uleb128 0x49
 187 0035 13       		.uleb128 0x13
 188 0036 11       		.uleb128 0x11
 189 0037 01       		.uleb128 0x1
 190 0038 12       		.uleb128 0x12
 191 0039 06       		.uleb128 0x6
 192 003a 40       		.uleb128 0x40
 193 003b 18       		.uleb128 0x18
 194 003c 9642     		.uleb128 0x2116
 195 003e 19       		.uleb128 0x19
 196 003f 00       		.byte	0
 197 0040 00       		.byte	0
 198 0041 00       		.byte	0
 199              		.section	.debug_aranges,"",%progbits
 200 0000 1C000000 		.4byte	0x1c
 201 0004 0200     		.2byte	0x2
 202 0006 00000000 		.4byte	.Ldebug_info0
 203 000a 04       		.byte	0x4
 204 000b 00       		.byte	0
 205 000c 0000     		.2byte	0
 206 000e 0000     		.2byte	0
 207 0010 00000000 		.4byte	.LFB32
 208 0014 0A000000 		.4byte	.LFE32-.LFB32
 209 0018 00000000 		.4byte	0
 210 001c 00000000 		.4byte	0
 211              		.section	.debug_ranges,"",%progbits
 212              	.Ldebug_ranges0:
 213 0000 00000000 		.4byte	.LFB32
 214 0004 0A000000 		.4byte	.LFE32
 215 0008 00000000 		.4byte	0
 216 000c 00000000 		.4byte	0
ARM GAS  C:\Users\ASUS\AppData\Local\Temp\cc4lThmF.s 			page 6


 217              		.section	.debug_line,"",%progbits
 218              	.Ldebug_line0:
 219 0000 38000000 		.section	.debug_str,"MS",%progbits,1
 219      02001D00 
 219      00000201 
 219      FB0E0D00 
 219      01010101 
 220              	.LASF6:
 221 0000 6C6F6E67 		.ascii	"long long int\000"
 221      206C6F6E 
 221      6720696E 
 221      7400
 222              	.LASF8:
 223 000e 756E7369 		.ascii	"unsigned int\000"
 223      676E6564 
 223      20696E74 
 223      00
 224              	.LASF15:
 225 001b 6D61696E 		.ascii	"main.c\000"
 225      2E6300
 226              	.LASF17:
 227 0022 6D61696E 		.ascii	"main\000"
 227      00
 228              	.LASF16:
 229 0027 433A5C61 		.ascii	"C:\\aixt\\ports\\Cypress\\CY8CKIT-049-42XX\\example"
 229      6978745C 
 229      706F7274 
 229      735C4379 
 229      70726573 
 230 0055 735C436F 		.ascii	"s\\Config_Gral_049.cydsn\\CE230991_My_First_Project"
 230      6E666967 
 230      5F477261 
 230      6C5F3034 
 230      392E6379 
 231 0086 30312E63 		.ascii	"01.cydsn\000"
 231      7964736E 
 231      00
 232              	.LASF5:
 233 008f 6C6F6E67 		.ascii	"long unsigned int\000"
 233      20756E73 
 233      69676E65 
 233      6420696E 
 233      7400
 234              	.LASF7:
 235 00a1 6C6F6E67 		.ascii	"long long unsigned int\000"
 235      206C6F6E 
 235      6720756E 
 235      7369676E 
 235      65642069 
 236              	.LASF9:
 237 00b8 666C6F61 		.ascii	"float\000"
 237      7400
 238              	.LASF1:
 239 00be 756E7369 		.ascii	"unsigned char\000"
 239      676E6564 
 239      20636861 
 239      7200
ARM GAS  C:\Users\ASUS\AppData\Local\Temp\cc4lThmF.s 			page 7


 240              	.LASF11:
 241 00cc 63686172 		.ascii	"char\000"
 241      00
 242              	.LASF4:
 243 00d1 6C6F6E67 		.ascii	"long int\000"
 243      20696E74 
 243      00
 244              	.LASF10:
 245 00da 646F7562 		.ascii	"double\000"
 245      6C6500
 246              	.LASF3:
 247 00e1 73686F72 		.ascii	"short unsigned int\000"
 247      7420756E 
 247      7369676E 
 247      65642069 
 247      6E7400
 248              	.LASF0:
 249 00f4 7369676E 		.ascii	"signed char\000"
 249      65642063 
 249      68617200 
 250              	.LASF12:
 251 0100 6C6F6E67 		.ascii	"long double\000"
 251      20646F75 
 251      626C6500 
 252              	.LASF2:
 253 010c 73686F72 		.ascii	"short int\000"
 253      7420696E 
 253      7400
 254              	.LASF14:
 255 0116 474E5520 		.ascii	"GNU C11 5.4.1 20160609 (release) [ARM/embedded-5-br"
 255      43313120 
 255      352E342E 
 255      31203230 
 255      31363036 
 256 0149 616E6368 		.ascii	"anch revision 237715] -mcpu=cortex-m0 -mthumb -g -O"
 256      20726576 
 256      6973696F 
 256      6E203233 
 256      37373135 
 257 017c 30202D66 		.ascii	"0 -ffunction-sections -ffat-lto-objects\000"
 257      66756E63 
 257      74696F6E 
 257      2D736563 
 257      74696F6E 
 258              	.LASF13:
 259 01a4 73697A65 		.ascii	"sizetype\000"
 259      74797065 
 259      00
 260              		.ident	"GCC: (GNU Tools for ARM Embedded Processors) 5.4.1 20160609 (release) [ARM/embedded-5-bran
