

Microchip MPLAB XC8 Assembler V2.41 build 20230208172133 
                                                                                               Sat Mar 16 15:14:54 2024

Microchip MPLAB XC8 C Compiler v2.41 (Free license) build 20230208172133 Og1 
     1                           	processor	16F676
     2                           	pagewidth 120
     3                           	opt	flic
     4                           	psect	cinit,global,class=CODE,merge=1,delta=2
     5                           	psect	cstackBANK0,global,class=BANK0,space=1,delta=1,noexec
     6                           	psect	maintext,global,class=CODE,split=1,delta=2
     7                           	psect	config,global,abs,ovrld,class=CONFIG,space=4,delta=2,noexec
     8                           	dabs	1,0x5E,2
     9     0000                     
    10                           ; Generated 22/03/2023 GMT
    11                           ; 
    12                           ; Copyright © 2023, Microchip Technology Inc. and its subsidiaries ("Microchip")
    13                           ; All rights reserved.
    14                           ; 
    15                           ; This software is developed by Microchip Technology Inc. and its subsidiaries ("Microch
      +                          ip").
    16                           ; 
    17                           ; Redistribution and use in source and binary forms, with or without modification, are
    18                           ; permitted provided that the following conditions are met:
    19                           ; 
    20                           ;     1. Redistributions of source code must retain the above copyright notice, this lis
      +                          t of
    21                           ;        conditions and the following disclaimer.
    22                           ; 
    23                           ;     2. Redistributions in binary form must reproduce the above copyright notice, this 
      +                          list
    24                           ;        of conditions and the following disclaimer in the documentation and/or other
    25                           ;        materials provided with the distribution. Publication is not required when
    26                           ;        this file is used in an embedded application.
    27                           ; 
    28                           ;     3. Microchip's name may not be used to endorse or promote products derived from th
      +                          is
    29                           ;        software without specific prior written permission.
    30                           ; 
    31                           ; THIS SOFTWARE IS PROVIDED BY MICROCHIP "AS IS" AND ANY EXPRESS OR IMPLIED WARRANTIES,
    32                           ; INCLUDING, BUT NOT LIMITED TO, THE IMPLIED WARRANTIES OF MERCHANTABILITY AND FITNESS F
      +                          OR
    33                           ; PURPOSE ARE DISCLAIMED.  IN NO EVENT SHALL MICROCHIP BE LIABLE FOR ANY DIRECT, INDIREC
      +                          T,
    34                           ; INCIDENTAL, SPECIAL, EXEMPLARY, OR CONSEQUENTIAL DAMAGES (INCLUDING BUT NOT LIMITED TO
    35                           ; PROCUREMENT OF SUBSTITUTE GOODS OR SERVICES; LOSS OF USE, DATA OR PROFITS; OR BUSINESS
    36                           ; INTERRUPTION) HOWSOEVER CAUSED AND ON ANY THEORY OF LIABILITY, WHETHER IN CONTRACT, ST
      +                          RICT
    37                           ; LIABILITY, OR TORT (INCLUDING NEGLIGENCE OR OTHERWISE) ARISING IN ANY WAY OUT OF THE U
      +                          SE OF
    38                           ; THIS SOFTWARE, EVEN IF ADVISED OF THE POSSIBILITY OF SUCH DAMAGE.
    39                           ; 
    40                           ; 
    41                           ; Code-generator required, PIC16F676 Definitions
    42                           ; 
    43                           ; SFR Addresses
    44     0000                     	;# 
    45     0001                     	;# 
    46     0002                     	;# 
    47     0003                     	;# 
    48     0004                     	;# 
    49     0005                     	;# 
    50     0007                     	;# 
    51     000A                     	;# 
    52     000B                     	;# 
    53     000C                     	;# 
    54     000E                     	;# 
    55     000E                     	;# 
    56     000F                     	;# 
    57     0010                     	;# 
    58     0019                     	;# 
    59     001E                     	;# 
    60     001F                     	;# 
    61     0081                     	;# 
    62     0085                     	;# 
    63     0087                     	;# 
    64     008C                     	;# 
    65     008E                     	;# 
    66     0090                     	;# 
    67     0091                     	;# 
    68     0095                     	;# 
    69     0095                     	;# 
    70     0096                     	;# 
    71     0096                     	;# 
    72     0099                     	;# 
    73     009A                     	;# 
    74     009A                     	;# 
    75     009B                     	;# 
    76     009C                     	;# 
    77     009D                     	;# 
    78     009E                     	;# 
    79     009F                     	;# 
    80     0000                     	;# 
    81     0001                     	;# 
    82     0002                     	;# 
    83     0003                     	;# 
    84     0004                     	;# 
    85     0005                     	;# 
    86     0007                     	;# 
    87     000A                     	;# 
    88     000B                     	;# 
    89     000C                     	;# 
    90     000E                     	;# 
    91     000E                     	;# 
    92     000F                     	;# 
    93     0010                     	;# 
    94     0019                     	;# 
    95     001E                     	;# 
    96     001F                     	;# 
    97     0081                     	;# 
    98     0085                     	;# 
    99     0087                     	;# 
   100     008C                     	;# 
   101     008E                     	;# 
   102     0090                     	;# 
   103     0091                     	;# 
   104     0095                     	;# 
   105     0095                     	;# 
   106     0096                     	;# 
   107     0096                     	;# 
   108     0099                     	;# 
   109     009A                     	;# 
   110     009A                     	;# 
   111     009B                     	;# 
   112     009C                     	;# 
   113     009D                     	;# 
   114     009E                     	;# 
   115     009F                     	;# 
   116     0007                     _PORTC	set	7
   117     0087                     _TRISC	set	135
   118                           
   119                           	psect	cinit
   120     03FD                     start_initialization:	
   121                           ; #config settings
   122                           
   123     03FD                     __initialization:
   124     03FD                     end_of_initialization:	
   125                           ;End of C runtime variable initialization code
   126                           
   127     03FD                     __end_of__initialization:
   128     03FD  0183               	clrf	3
   129     03FE  2BD9               	ljmp	_main	;jump to C main() function
   130                           
   131                           	psect	cstackBANK0
   132     0020                     __pcstackBANK0:
   133     0020                     ?_main:
   134     0020                     ??_main:	
   135                           ; 1 bytes @ 0x0
   136                           
   137                           
   138                           ; 1 bytes @ 0x0
   139     0020                     	ds	3
   140                           
   141                           	psect	maintext
   142     03D9                     __pmaintext:	
   143 ;;
   144 ;;Main: autosize = 0, tempsize = 3, incstack = 0, save=0
   145 ;;
   146 ;; *************** function _main *****************
   147 ;; Defined at:
   148 ;;		line 8 in file "port_blinking.c"
   149 ;; Parameters:    Size  Location     Type
   150 ;;		None
   151 ;; Auto vars:     Size  Location     Type
   152 ;;		None
   153 ;; Return value:  Size  Location     Type
   154 ;;                  1    wreg      void 
   155 ;; Registers used:
   156 ;;		wreg, status,2
   157 ;; Tracked objects:
   158 ;;		On entry : B00/0
   159 ;;		On exit  : 0/0
   160 ;;		Unchanged: 0/0
   161 ;; Data sizes:     COMMON   BANK0
   162 ;;      Params:         0       0
   163 ;;      Locals:         0       0
   164 ;;      Temps:          0       3
   165 ;;      Totals:         0       3
   166 ;;Total ram usage:        3 bytes
   167 ;; This function calls:
   168 ;;		Nothing
   169 ;; This function is called by:
   170 ;;		Startup code after reset
   171 ;; This function uses a non-reentrant model
   172 ;;
   173                           
   174     03D9                     _main:	
   175                           ;psect for function _main
   176                           
   177     03D9                     l616:	
   178                           ;incstack = 0
   179                           ; Regs used in _main: [wreg+status,2]
   180                           
   181                           
   182                           ;port_blinking.c: 10:     TRISC = 0b00000000;
   183     03D9  1683               	bsf	3,5	;RP0=1, select bank1
   184     03DA  0187               	clrf	7	;volatile
   185     03DB                     l618:
   186                           
   187                           ;port_blinking.c: 14:         PORTC = 0b010101;
   188     03DB  3015               	movlw	21
   189     03DC  1283               	bcf	3,5	;RP0=0, select bank0
   190     03DD  0087               	movwf	7	;volatile
   191     03DE                     l620:
   192                           
   193                           ;port_blinking.c: 15:         _delay((unsigned long)((500)*(4000000/4000.0)));
   194     03DE  3003               	movlw	3
   195     03DF  00A2               	movwf	??_main+2
   196     03E0  308A               	movlw	138
   197     03E1  00A1               	movwf	??_main+1
   198     03E2  3055               	movlw	85
   199     03E3  00A0               	movwf	??_main
   200     03E4                     u17:
   201     03E4  0BA0               	decfsz	??_main,f
   202     03E5  2BE4               	goto	u17
   203     03E6  0BA1               	decfsz	??_main+1,f
   204     03E7  2BE4               	goto	u17
   205     03E8  0BA2               	decfsz	??_main+2,f
   206     03E9  2BE4               	goto	u17
   207     03EA  2BEB               	nop2
   208     03EB                     l622:
   209                           
   210                           ;port_blinking.c: 16:         PORTC = 0b101010;
   211     03EB  302A               	movlw	42
   212     03EC  1283               	bcf	3,5	;RP0=0, select bank0
   213     03ED  0087               	movwf	7	;volatile
   214     03EE                     l624:
   215                           
   216                           ;port_blinking.c: 17:         _delay((unsigned long)((500)*(4000000/4000.0)));
   217     03EE  3003               	movlw	3
   218     03EF  00A2               	movwf	??_main+2
   219     03F0  308A               	movlw	138
   220     03F1  00A1               	movwf	??_main+1
   221     03F2  3055               	movlw	85
   222     03F3  00A0               	movwf	??_main
   223     03F4                     u27:
   224     03F4  0BA0               	decfsz	??_main,f
   225     03F5  2BF4               	goto	u27
   226     03F6  0BA1               	decfsz	??_main+1,f
   227     03F7  2BF4               	goto	u27
   228     03F8  0BA2               	decfsz	??_main+2,f
   229     03F9  2BF4               	goto	u27
   230     03FA  2BFB               	nop2
   231     03FB  2BDB               	goto	l618
   232     03FC  2800               	ljmp	start
   233     03FD                     __end_of_main:
   234     005E                     btemp	set	94	;btemp
   235     005E                     wtemp0	set	94
   236                           
   237                           	psect	config
   238                           
   239                           ;Config register CONFIG @ 0x2007
   240                           ;	Oscillator Selection bits
   241                           ;	FOSC = INTRCIO, INTOSC oscillator: I/O function on RA4/OSC2/CLKOUT pin, I/O function o
      +                          n RA5/OSC1/CLKIN
   242                           ;	Watchdog Timer Enable bit
   243                           ;	WDTE = OFF, WDT disabled
   244                           ;	Power-up Timer Enable bit
   245                           ;	PWRTE = OFF, PWRT disabled
   246                           ;	RA3/MCLR pin function select
   247                           ;	MCLRE = OFF, RA3/MCLR pin function is digital I/O, MCLR internally tied to VDD
   248                           ;	Brown-out Detect Enable bit
   249                           ;	BOREN = OFF, BOD disabled
   250                           ;	Code Protection bit
   251                           ;	CP = OFF, Program Memory code protection is disabled
   252                           ;	Data Code Protection bit
   253                           ;	CPD = OFF, Data memory code protection is disabled
   254     2007                     	org	8199
   255     2007  3F94               	dw	16276

Data Sizes:
    Strings     0
    Constant    0
    Data        0
    BSS         0
    Persistent  0
    Stack       0

Auto Spaces:
    Space          Size  Autos    Used
    COMMON            0      0       0
    BANK0            62      3       3

Pointer List with Targets:

    None.

Critical Paths under _main in COMMON

    None.

Critical Paths under _main in BANK0

    None.

Call Graph Tables:

 ---------------------------------------------------------------------------------
 (Depth) Function   	        Calls       Base Space   Used Autos Params    Refs
 ---------------------------------------------------------------------------------
 (0) _main                                                 3     3      0       0
                                              0 BANK0      3     3      0
 ---------------------------------------------------------------------------------
 Estimated maximum stack depth 0
 ---------------------------------------------------------------------------------

 Call Graph Graphs:

 _main (ROOT)

 Address spaces:
Name               Size   Autos  Total    Cost      Usage
BITCOMMON            0      0       0       0        0.0%
EEDATA              80      0       0       0        0.0%
NULL                 0      0       0       0        0.0%
CODE                 0      0       0       0        0.0%
BITSFR0              0      0       0       1        0.0%
SFR0                 0      0       0       1        0.0%
COMMON               0      0       0       1        0.0%
BITSFR1              0      0       0       2        0.0%
SFR1                 0      0       0       2        0.0%
STACK                0      0       0       2        0.0%
BITBANK0            3E      0       0       3        0.0%
BANK0               3E      3       3       4        4.8%
ABS                  0      0       0       5        0.0%
DATA                 0      0       0       6        0.0%


Microchip Technology PIC Macro Assembler V2.41 build 20230208172133 
Symbol Table                                                                                   Sat Mar 16 15:14:54 2024

                     u17 03E4                       u27 03F4                      l620 03DE  
                    l622 03EB                      l624 03EE                      l616 03D9  
                    l618 03DB                     _main 03D9                     btemp 005E  
                   start 0000                    ?_main 0020                    _PORTC 0007  
                  _TRISC 0087                    status 0003                    wtemp0 005E  
        __initialization 03FD             __end_of_main 03FD                   ??_main 0020  
__end_of__initialization 03FD               __pmaintext 03D9     end_of_initialization 03FD  
    start_initialization 03FD                ___latbits 0000            __pcstackBANK0 0020  
