ARM GAS  C:\Users\ASUS\AppData\Local\Temp\ccWPGFXp.s 			page 1


   1              		.syntax unified
   2              		.cpu cortex-m0plus
   3              		.fpu softvfp
   4              		.eabi_attribute 20, 1
   5              		.eabi_attribute 21, 1
   6              		.eabi_attribute 23, 3
   7              		.eabi_attribute 24, 1
   8              		.eabi_attribute 25, 1
   9              		.eabi_attribute 26, 1
  10              		.eabi_attribute 30, 1
  11              		.eabi_attribute 34, 0
  12              		.eabi_attribute 18, 4
  13              		.thumb
  14              		.syntax unified
  15              		.file	"main.c"
  16              		.text
  17              	.Ltext0:
  18              		.cfi_sections	.debug_frame
  19              		.section	.text.main__init,"ax",%progbits
  20              		.align	2
  21              		.global	main__init
  22              		.code	16
  23              		.thumb_func
  24              		.type	main__init, %function
  25              	main__init:
  26              	.LFB33:
  27              		.file 1 "main.c"
   1:main.c        **** // This C code was automatically generated by Aixt Project
   2:main.c        **** //     https://github.com/fermarsan/aixt
   3:main.c        **** // Device = CY8CKIT-145
   4:main.c        **** // Board = CY8CKIT-145-40XX
   5:main.c        **** // Backend = c
   6:main.c        **** 
   7:main.c        **** #include <stdint.h>
   8:main.c        **** #include <stdbool.h>
   9:main.c        **** typedef int8_t i8;
  10:main.c        **** typedef int16_t i16;
  11:main.c        **** typedef int32_t i32;
  12:main.c        **** typedef int64_t i64;
  13:main.c        **** typedef int32_t isize;
  14:main.c        **** typedef int32_t int_literal;
  15:main.c        **** typedef uint8_t u8;
  16:main.c        **** typedef uint16_t u16;
  17:main.c        **** typedef uint32_t u32;
  18:main.c        **** typedef uint64_t u64;
  19:main.c        **** typedef uint32_t usize;
  20:main.c        **** typedef float f32;
  21:main.c        **** typedef double f64;
  22:main.c        **** typedef double float_literal;
  23:main.c        **** typedef char rune;
  24:main.c        **** 
  25:main.c        **** #define _const_main__cpu_freq_mhz	_const_main__cpu_freq/1000000
  26:main.c        **** #define _const_main__cpu_freq  20000000
  27:main.c        **** 
  28:main.c        **** #include "project.h"
  29:main.c        **** 
  30:main.c        **** #define INIT_INTERRUPTS()   CyGlobalIntEnable
ARM GAS  C:\Users\ASUS\AppData\Local\Temp\ccWPGFXp.s 			page 2


  31:main.c        **** 
  32:main.c        **** void  main__init();
  33:main.c        **** 
  34:main.c        **** #define PIN_WRITE(PIN_NAME, VAL)    PIN_NAME##_Write(VAL)
  35:main.c        **** 
  36:main.c        **** #define _const_main__led_1 led1
  37:main.c        **** #define _const_main__led_4 led4
  38:main.c        **** #define _const_main__led_5 led5
  39:main.c        **** #define _const_main__led_6 led6
  40:main.c        **** #define _const_main__led_7 led7
  41:main.c        **** #define _const_main__led_8 led8
  42:main.c        **** #define _const_main__led_9 led9
  43:main.c        **** #define _const_main__led_10 led10
  44:main.c        **** #define _const_main__led_11 led11
  45:main.c        **** #define _const_main__do0 12
  46:main.c        **** #define _const_main__do1 13
  47:main.c        **** #define _const_main__do2 14
  48:main.c        **** #define _const_main__pwm_1 15
  49:main.c        **** #define _const_main__pwm_2 16
  50:main.c        **** #define _const_main__pwm_3 17
  51:main.c        **** #define _const_main__sw2 19
  52:main.c        **** #define _const_main__di0 20
  53:main.c        **** #define _const_main__di1 21
  54:main.c        **** #define _const_main__di2 22
  55:main.c        **** #define _const_main__btn0 23
  56:main.c        **** #define _const_main__btn1 24
  57:main.c        **** #define _const_main__btn2 25
  58:main.c        **** #define _const_main__sld0 26
  59:main.c        **** #define _const_main__sld1 27
  60:main.c        **** #define _const_main__sld2 28
  61:main.c        **** #define _const_main__sld3 29
  62:main.c        **** #define _const_main__sld4 30
  63:main.c        **** 
  64:main.c        ****  void  main__init() {
  28              		.loc 1 64 0
  29              		.cfi_startproc
  30              		@ args = 0, pretend = 0, frame = 0
  31              		@ frame_needed = 0, uses_anonymous_args = 0
  32              		@ link register save eliminated.
  65:main.c        **** 	INIT_INTERRUPTS(); 
  33              		.loc 1 65 0
  34              		.syntax divided
  35              	@ 65 "main.c" 1
  36 0000 62B6     		CPSIE   i
  37              	@ 0 "" 2
  66:main.c        **** }
  38              		.loc 1 66 0
  39              		.thumb
  40              		.syntax unified
  41              		@ sp needed
  42 0002 7047     		bx	lr
  43              		.cfi_endproc
  44              	.LFE33:
  45              		.size	main__init, .-main__init
  46              		.section	.text.main,"ax",%progbits
  47              		.align	2
  48              		.global	main
ARM GAS  C:\Users\ASUS\AppData\Local\Temp\ccWPGFXp.s 			page 3


  49              		.code	16
  50              		.thumb_func
  51              		.type	main, %function
  52              	main:
  53              	.LFB34:
  67:main.c        **** 
  68:main.c        **** #define pin__write(name, value) PIN_WRITE(name, value)
  69:main.c        **** 
  70:main.c        **** #define time__sleep_ms(tms) CyDelay(tms)
  71:main.c        **** 
  72:main.c        **** #define time__sleep_us(tus) CyDelayUs(tus)
  73:main.c        **** 
  74:main.c        ****  int main() {
  54              		.loc 1 74 0
  55              		.cfi_startproc
  56              		@ Volatile: function does not return.
  57              		@ args = 0, pretend = 0, frame = 0
  58              		@ frame_needed = 0, uses_anonymous_args = 0
  59 0000 10B5     		push	{r4, lr}
  60              		.cfi_def_cfa_offset 8
  61              		.cfi_offset 4, -8
  62              		.cfi_offset 14, -4
  75:main.c        **** 	main__init();
  63              		.loc 1 75 0
  64 0002 FFF7FEFF 		bl	main__init
  65              	.LVL0:
  66              	.L3:
  76:main.c        **** 	while( true ) {
  77:main.c        **** 		pin__write(_const_main__led_1, 0); 
  67              		.loc 1 77 0 discriminator 1
  68 0006 0020     		movs	r0, #0
  69 0008 FFF7FEFF 		bl	led1_Write
  70              	.LVL1:
  78:main.c        **** 		time__sleep_ms(500); 
  71              		.loc 1 78 0 discriminator 1
  72 000c FA24     		movs	r4, #250
  73 000e 6400     		lsls	r4, r4, #1
  74 0010 2000     		movs	r0, r4
  75 0012 FFF7FEFF 		bl	CyDelay
  76              	.LVL2:
  79:main.c        **** 		pin__write(_const_main__led_1, 1); 
  77              		.loc 1 79 0 discriminator 1
  78 0016 0120     		movs	r0, #1
  79 0018 FFF7FEFF 		bl	led1_Write
  80              	.LVL3:
  80:main.c        **** 		time__sleep_ms(500); 
  81              		.loc 1 80 0 discriminator 1
  82 001c 2000     		movs	r0, r4
  83 001e FFF7FEFF 		bl	CyDelay
  84              	.LVL4:
  85 0022 F0E7     		b	.L3
  86              		.cfi_endproc
  87              	.LFE34:
  88              		.size	main, .-main
  89              		.text
  90              	.Letext0:
  91              		.file 2 "Generated_Source\\PSoC4/led1.h"
ARM GAS  C:\Users\ASUS\AppData\Local\Temp\ccWPGFXp.s 			page 4


  92              		.file 3 "Generated_Source\\PSoC4/CyLib.h"
  93              		.section	.debug_info,"",%progbits
  94              	.Ldebug_info0:
  95 0000 1F010000 		.4byte	0x11f
  96 0004 0400     		.2byte	0x4
  97 0006 00000000 		.4byte	.Ldebug_abbrev0
  98 000a 04       		.byte	0x4
  99 000b 01       		.uleb128 0x1
 100 000c C6000000 		.4byte	.LASF16
 101 0010 0C       		.byte	0xc
 102 0011 26000000 		.4byte	.LASF17
 103 0015 63000000 		.4byte	.LASF18
 104 0019 00000000 		.4byte	.Ldebug_ranges0+0
 105 001d 00000000 		.4byte	0
 106 0021 00000000 		.4byte	.Ldebug_line0
 107 0025 02       		.uleb128 0x2
 108 0026 01       		.byte	0x1
 109 0027 06       		.byte	0x6
 110 0028 8F010000 		.4byte	.LASF0
 111 002c 02       		.uleb128 0x2
 112 002d 01       		.byte	0x1
 113 002e 08       		.byte	0x8
 114 002f B8000000 		.4byte	.LASF1
 115 0033 02       		.uleb128 0x2
 116 0034 02       		.byte	0x2
 117 0035 05       		.byte	0x5
 118 0036 AD010000 		.4byte	.LASF2
 119 003a 02       		.uleb128 0x2
 120 003b 02       		.byte	0x2
 121 003c 07       		.byte	0x7
 122 003d 7C010000 		.4byte	.LASF3
 123 0041 02       		.uleb128 0x2
 124 0042 04       		.byte	0x4
 125 0043 05       		.byte	0x5
 126 0044 63010000 		.4byte	.LASF4
 127 0048 02       		.uleb128 0x2
 128 0049 04       		.byte	0x4
 129 004a 07       		.byte	0x7
 130 004b 3A000000 		.4byte	.LASF5
 131 004f 02       		.uleb128 0x2
 132 0050 08       		.byte	0x8
 133 0051 05       		.byte	0x5
 134 0052 00000000 		.4byte	.LASF6
 135 0056 02       		.uleb128 0x2
 136 0057 08       		.byte	0x8
 137 0058 07       		.byte	0x7
 138 0059 4C000000 		.4byte	.LASF7
 139 005d 03       		.uleb128 0x3
 140 005e 04       		.byte	0x4
 141 005f 05       		.byte	0x5
 142 0060 696E7400 		.ascii	"int\000"
 143 0064 02       		.uleb128 0x2
 144 0065 04       		.byte	0x4
 145 0066 07       		.byte	0x7
 146 0067 0E000000 		.4byte	.LASF8
 147 006b 02       		.uleb128 0x2
 148 006c 04       		.byte	0x4
ARM GAS  C:\Users\ASUS\AppData\Local\Temp\ccWPGFXp.s 			page 5


 149 006d 04       		.byte	0x4
 150 006e A7010000 		.4byte	.LASF9
 151 0072 02       		.uleb128 0x2
 152 0073 08       		.byte	0x8
 153 0074 04       		.byte	0x4
 154 0075 6C010000 		.4byte	.LASF10
 155 0079 02       		.uleb128 0x2
 156 007a 01       		.byte	0x1
 157 007b 08       		.byte	0x8
 158 007c B7010000 		.4byte	.LASF11
 159 0080 02       		.uleb128 0x2
 160 0081 08       		.byte	0x8
 161 0082 04       		.byte	0x4
 162 0083 9B010000 		.4byte	.LASF12
 163 0087 02       		.uleb128 0x2
 164 0088 04       		.byte	0x4
 165 0089 07       		.byte	0x7
 166 008a 73010000 		.4byte	.LASF13
 167 008e 04       		.uleb128 0x4
 168 008f 58010000 		.4byte	.LASF19
 169 0093 01       		.byte	0x1
 170 0094 40       		.byte	0x40
 171 0095 00000000 		.4byte	.LFB33
 172 0099 04000000 		.4byte	.LFE33-.LFB33
 173 009d 01       		.uleb128 0x1
 174 009e 9C       		.byte	0x9c
 175 009f 05       		.uleb128 0x5
 176 00a0 2D000000 		.4byte	.LASF20
 177 00a4 01       		.byte	0x1
 178 00a5 4A       		.byte	0x4a
 179 00a6 5D000000 		.4byte	0x5d
 180 00aa 00000000 		.4byte	.LFB34
 181 00ae 24000000 		.4byte	.LFE34-.LFB34
 182 00b2 01       		.uleb128 0x1
 183 00b3 9C       		.byte	0x9c
 184 00b4 0C010000 		.4byte	0x10c
 185 00b8 06       		.uleb128 0x6
 186 00b9 06000000 		.4byte	.LVL0
 187 00bd 8E000000 		.4byte	0x8e
 188 00c1 07       		.uleb128 0x7
 189 00c2 0C000000 		.4byte	.LVL1
 190 00c6 0C010000 		.4byte	0x10c
 191 00ca D4000000 		.4byte	0xd4
 192 00ce 08       		.uleb128 0x8
 193 00cf 01       		.uleb128 0x1
 194 00d0 50       		.byte	0x50
 195 00d1 01       		.uleb128 0x1
 196 00d2 30       		.byte	0x30
 197 00d3 00       		.byte	0
 198 00d4 07       		.uleb128 0x7
 199 00d5 16000000 		.4byte	.LVL2
 200 00d9 17010000 		.4byte	0x117
 201 00dd E8000000 		.4byte	0xe8
 202 00e1 08       		.uleb128 0x8
 203 00e2 01       		.uleb128 0x1
 204 00e3 50       		.byte	0x50
 205 00e4 02       		.uleb128 0x2
ARM GAS  C:\Users\ASUS\AppData\Local\Temp\ccWPGFXp.s 			page 6


 206 00e5 74       		.byte	0x74
 207 00e6 00       		.sleb128 0
 208 00e7 00       		.byte	0
 209 00e8 07       		.uleb128 0x7
 210 00e9 1C000000 		.4byte	.LVL3
 211 00ed 0C010000 		.4byte	0x10c
 212 00f1 FB000000 		.4byte	0xfb
 213 00f5 08       		.uleb128 0x8
 214 00f6 01       		.uleb128 0x1
 215 00f7 50       		.byte	0x50
 216 00f8 01       		.uleb128 0x1
 217 00f9 31       		.byte	0x31
 218 00fa 00       		.byte	0
 219 00fb 09       		.uleb128 0x9
 220 00fc 22000000 		.4byte	.LVL4
 221 0100 17010000 		.4byte	0x117
 222 0104 08       		.uleb128 0x8
 223 0105 01       		.uleb128 0x1
 224 0106 50       		.byte	0x50
 225 0107 02       		.uleb128 0x2
 226 0108 74       		.byte	0x74
 227 0109 00       		.sleb128 0
 228 010a 00       		.byte	0
 229 010b 00       		.byte	0
 230 010c 0A       		.uleb128 0xa
 231 010d 1B000000 		.4byte	.LASF14
 232 0111 1B000000 		.4byte	.LASF14
 233 0115 02       		.byte	0x2
 234 0116 33       		.byte	0x33
 235 0117 0A       		.uleb128 0xa
 236 0118 32000000 		.4byte	.LASF15
 237 011c 32000000 		.4byte	.LASF15
 238 0120 03       		.byte	0x3
 239 0121 EC       		.byte	0xec
 240 0122 00       		.byte	0
 241              		.section	.debug_abbrev,"",%progbits
 242              	.Ldebug_abbrev0:
 243 0000 01       		.uleb128 0x1
 244 0001 11       		.uleb128 0x11
 245 0002 01       		.byte	0x1
 246 0003 25       		.uleb128 0x25
 247 0004 0E       		.uleb128 0xe
 248 0005 13       		.uleb128 0x13
 249 0006 0B       		.uleb128 0xb
 250 0007 03       		.uleb128 0x3
 251 0008 0E       		.uleb128 0xe
 252 0009 1B       		.uleb128 0x1b
 253 000a 0E       		.uleb128 0xe
 254 000b 55       		.uleb128 0x55
 255 000c 17       		.uleb128 0x17
 256 000d 11       		.uleb128 0x11
 257 000e 01       		.uleb128 0x1
 258 000f 10       		.uleb128 0x10
 259 0010 17       		.uleb128 0x17
 260 0011 00       		.byte	0
 261 0012 00       		.byte	0
 262 0013 02       		.uleb128 0x2
ARM GAS  C:\Users\ASUS\AppData\Local\Temp\ccWPGFXp.s 			page 7


 263 0014 24       		.uleb128 0x24
 264 0015 00       		.byte	0
 265 0016 0B       		.uleb128 0xb
 266 0017 0B       		.uleb128 0xb
 267 0018 3E       		.uleb128 0x3e
 268 0019 0B       		.uleb128 0xb
 269 001a 03       		.uleb128 0x3
 270 001b 0E       		.uleb128 0xe
 271 001c 00       		.byte	0
 272 001d 00       		.byte	0
 273 001e 03       		.uleb128 0x3
 274 001f 24       		.uleb128 0x24
 275 0020 00       		.byte	0
 276 0021 0B       		.uleb128 0xb
 277 0022 0B       		.uleb128 0xb
 278 0023 3E       		.uleb128 0x3e
 279 0024 0B       		.uleb128 0xb
 280 0025 03       		.uleb128 0x3
 281 0026 08       		.uleb128 0x8
 282 0027 00       		.byte	0
 283 0028 00       		.byte	0
 284 0029 04       		.uleb128 0x4
 285 002a 2E       		.uleb128 0x2e
 286 002b 00       		.byte	0
 287 002c 3F       		.uleb128 0x3f
 288 002d 19       		.uleb128 0x19
 289 002e 03       		.uleb128 0x3
 290 002f 0E       		.uleb128 0xe
 291 0030 3A       		.uleb128 0x3a
 292 0031 0B       		.uleb128 0xb
 293 0032 3B       		.uleb128 0x3b
 294 0033 0B       		.uleb128 0xb
 295 0034 11       		.uleb128 0x11
 296 0035 01       		.uleb128 0x1
 297 0036 12       		.uleb128 0x12
 298 0037 06       		.uleb128 0x6
 299 0038 40       		.uleb128 0x40
 300 0039 18       		.uleb128 0x18
 301 003a 9742     		.uleb128 0x2117
 302 003c 19       		.uleb128 0x19
 303 003d 00       		.byte	0
 304 003e 00       		.byte	0
 305 003f 05       		.uleb128 0x5
 306 0040 2E       		.uleb128 0x2e
 307 0041 01       		.byte	0x1
 308 0042 3F       		.uleb128 0x3f
 309 0043 19       		.uleb128 0x19
 310 0044 03       		.uleb128 0x3
 311 0045 0E       		.uleb128 0xe
 312 0046 3A       		.uleb128 0x3a
 313 0047 0B       		.uleb128 0xb
 314 0048 3B       		.uleb128 0x3b
 315 0049 0B       		.uleb128 0xb
 316 004a 49       		.uleb128 0x49
 317 004b 13       		.uleb128 0x13
 318 004c 8701     		.uleb128 0x87
 319 004e 19       		.uleb128 0x19
ARM GAS  C:\Users\ASUS\AppData\Local\Temp\ccWPGFXp.s 			page 8


 320 004f 11       		.uleb128 0x11
 321 0050 01       		.uleb128 0x1
 322 0051 12       		.uleb128 0x12
 323 0052 06       		.uleb128 0x6
 324 0053 40       		.uleb128 0x40
 325 0054 18       		.uleb128 0x18
 326 0055 9742     		.uleb128 0x2117
 327 0057 19       		.uleb128 0x19
 328 0058 01       		.uleb128 0x1
 329 0059 13       		.uleb128 0x13
 330 005a 00       		.byte	0
 331 005b 00       		.byte	0
 332 005c 06       		.uleb128 0x6
 333 005d 898201   		.uleb128 0x4109
 334 0060 00       		.byte	0
 335 0061 11       		.uleb128 0x11
 336 0062 01       		.uleb128 0x1
 337 0063 31       		.uleb128 0x31
 338 0064 13       		.uleb128 0x13
 339 0065 00       		.byte	0
 340 0066 00       		.byte	0
 341 0067 07       		.uleb128 0x7
 342 0068 898201   		.uleb128 0x4109
 343 006b 01       		.byte	0x1
 344 006c 11       		.uleb128 0x11
 345 006d 01       		.uleb128 0x1
 346 006e 31       		.uleb128 0x31
 347 006f 13       		.uleb128 0x13
 348 0070 01       		.uleb128 0x1
 349 0071 13       		.uleb128 0x13
 350 0072 00       		.byte	0
 351 0073 00       		.byte	0
 352 0074 08       		.uleb128 0x8
 353 0075 8A8201   		.uleb128 0x410a
 354 0078 00       		.byte	0
 355 0079 02       		.uleb128 0x2
 356 007a 18       		.uleb128 0x18
 357 007b 9142     		.uleb128 0x2111
 358 007d 18       		.uleb128 0x18
 359 007e 00       		.byte	0
 360 007f 00       		.byte	0
 361 0080 09       		.uleb128 0x9
 362 0081 898201   		.uleb128 0x4109
 363 0084 01       		.byte	0x1
 364 0085 11       		.uleb128 0x11
 365 0086 01       		.uleb128 0x1
 366 0087 31       		.uleb128 0x31
 367 0088 13       		.uleb128 0x13
 368 0089 00       		.byte	0
 369 008a 00       		.byte	0
 370 008b 0A       		.uleb128 0xa
 371 008c 2E       		.uleb128 0x2e
 372 008d 00       		.byte	0
 373 008e 3F       		.uleb128 0x3f
 374 008f 19       		.uleb128 0x19
 375 0090 3C       		.uleb128 0x3c
 376 0091 19       		.uleb128 0x19
ARM GAS  C:\Users\ASUS\AppData\Local\Temp\ccWPGFXp.s 			page 9


 377 0092 6E       		.uleb128 0x6e
 378 0093 0E       		.uleb128 0xe
 379 0094 03       		.uleb128 0x3
 380 0095 0E       		.uleb128 0xe
 381 0096 3A       		.uleb128 0x3a
 382 0097 0B       		.uleb128 0xb
 383 0098 3B       		.uleb128 0x3b
 384 0099 0B       		.uleb128 0xb
 385 009a 00       		.byte	0
 386 009b 00       		.byte	0
 387 009c 00       		.byte	0
 388              		.section	.debug_aranges,"",%progbits
 389 0000 24000000 		.4byte	0x24
 390 0004 0200     		.2byte	0x2
 391 0006 00000000 		.4byte	.Ldebug_info0
 392 000a 04       		.byte	0x4
 393 000b 00       		.byte	0
 394 000c 0000     		.2byte	0
 395 000e 0000     		.2byte	0
 396 0010 00000000 		.4byte	.LFB33
 397 0014 04000000 		.4byte	.LFE33-.LFB33
 398 0018 00000000 		.4byte	.LFB34
 399 001c 24000000 		.4byte	.LFE34-.LFB34
 400 0020 00000000 		.4byte	0
 401 0024 00000000 		.4byte	0
 402              		.section	.debug_ranges,"",%progbits
 403              	.Ldebug_ranges0:
 404 0000 00000000 		.4byte	.LFB33
 405 0004 04000000 		.4byte	.LFE33
 406 0008 00000000 		.4byte	.LFB34
 407 000c 24000000 		.4byte	.LFE34
 408 0010 00000000 		.4byte	0
 409 0014 00000000 		.4byte	0
 410              		.section	.debug_line,"",%progbits
 411              	.Ldebug_line0:
 412 0000 85000000 		.section	.debug_str,"MS",%progbits,1
 412      02004900 
 412      00000201 
 412      FB0E0D00 
 412      01010101 
 413              	.LASF6:
 414 0000 6C6F6E67 		.ascii	"long long int\000"
 414      206C6F6E 
 414      6720696E 
 414      7400
 415              	.LASF8:
 416 000e 756E7369 		.ascii	"unsigned int\000"
 416      676E6564 
 416      20696E74 
 416      00
 417              	.LASF14:
 418 001b 6C656431 		.ascii	"led1_Write\000"
 418      5F577269 
 418      746500
 419              	.LASF17:
 420 0026 6D61696E 		.ascii	"main.c\000"
 420      2E6300
ARM GAS  C:\Users\ASUS\AppData\Local\Temp\ccWPGFXp.s 			page 10


 421              	.LASF20:
 422 002d 6D61696E 		.ascii	"main\000"
 422      00
 423              	.LASF15:
 424 0032 43794465 		.ascii	"CyDelay\000"
 424      6C617900 
 425              	.LASF5:
 426 003a 6C6F6E67 		.ascii	"long unsigned int\000"
 426      20756E73 
 426      69676E65 
 426      6420696E 
 426      7400
 427              	.LASF7:
 428 004c 6C6F6E67 		.ascii	"long long unsigned int\000"
 428      206C6F6E 
 428      6720756E 
 428      7369676E 
 428      65642069 
 429              	.LASF18:
 430 0063 433A5C61 		.ascii	"C:\\aixt\\aixt\\ports\\Cypress\\CY8CKIT-145-40XX\\e"
 430      6978745C 
 430      61697874 
 430      5C706F72 
 430      74735C43 
 431 0090 78616D70 		.ascii	"xamples\\CY8CKIT-145-40XX-blinking.cydsn\000"
 431      6C65735C 
 431      43593843 
 431      4B49542D 
 431      3134352D 
 432              	.LASF1:
 433 00b8 756E7369 		.ascii	"unsigned char\000"
 433      676E6564 
 433      20636861 
 433      7200
 434              	.LASF16:
 435 00c6 474E5520 		.ascii	"GNU C11 5.4.1 20160609 (release) [ARM/embedded-5-br"
 435      43313120 
 435      352E342E 
 435      31203230 
 435      31363036 
 436 00f9 616E6368 		.ascii	"anch revision 237715] -mcpu=cortex-m0plus -mthumb -"
 436      20726576 
 436      6973696F 
 436      6E203233 
 436      37373135 
 437 012c 67202D4F 		.ascii	"g -Og -ffunction-sections -ffat-lto-objects\000"
 437      67202D66 
 437      66756E63 
 437      74696F6E 
 437      2D736563 
 438              	.LASF19:
 439 0158 6D61696E 		.ascii	"main__init\000"
 439      5F5F696E 
 439      697400
 440              	.LASF4:
 441 0163 6C6F6E67 		.ascii	"long int\000"
 441      20696E74 
ARM GAS  C:\Users\ASUS\AppData\Local\Temp\ccWPGFXp.s 			page 11


 441      00
 442              	.LASF10:
 443 016c 646F7562 		.ascii	"double\000"
 443      6C6500
 444              	.LASF13:
 445 0173 73697A65 		.ascii	"sizetype\000"
 445      74797065 
 445      00
 446              	.LASF3:
 447 017c 73686F72 		.ascii	"short unsigned int\000"
 447      7420756E 
 447      7369676E 
 447      65642069 
 447      6E7400
 448              	.LASF0:
 449 018f 7369676E 		.ascii	"signed char\000"
 449      65642063 
 449      68617200 
 450              	.LASF12:
 451 019b 6C6F6E67 		.ascii	"long double\000"
 451      20646F75 
 451      626C6500 
 452              	.LASF9:
 453 01a7 666C6F61 		.ascii	"float\000"
 453      7400
 454              	.LASF2:
 455 01ad 73686F72 		.ascii	"short int\000"
 455      7420696E 
 455      7400
 456              	.LASF11:
 457 01b7 63686172 		.ascii	"char\000"
 457      00
 458              		.ident	"GCC: (GNU Tools for ARM Embedded Processors) 5.4.1 20160609 (release) [ARM/embedded-5-bran
