ARM GAS  C:\Users\ASUS\AppData\Local\Temp\ccuNvl2f.s 			page 1


   1              		.syntax unified
   2              		.cpu cortex-m0plus
   3              		.fpu softvfp
   4              		.eabi_attribute 20, 1
   5              		.eabi_attribute 21, 1
   6              		.eabi_attribute 23, 3
   7              		.eabi_attribute 24, 1
   8              		.eabi_attribute 25, 1
   9              		.eabi_attribute 26, 1
  10              		.eabi_attribute 30, 1
  11              		.eabi_attribute 34, 0
  12              		.eabi_attribute 18, 4
  13              		.thumb
  14              		.syntax unified
  15              		.file	"main.c"
  16              		.text
  17              	.Ltext0:
  18              		.cfi_sections	.debug_frame
  19              		.section	.text.main__init,"ax",%progbits
  20              		.align	2
  21              		.global	main__init
  22              		.code	16
  23              		.thumb_func
  24              		.type	main__init, %function
  25              	main__init:
  26              	.LFB33:
  27              		.file 1 "main.c"
   1:main.c        **** // This C code was automatically generated by Aixt Project
   2:main.c        **** //     https://github.com/fermarsan/aixt
   3:main.c        **** // Device = CY8CKIT-145
   4:main.c        **** // Board = CY8CKIT-145-40XX
   5:main.c        **** // Backend = c
   6:main.c        **** 
   7:main.c        **** #include <stdint.h>
   8:main.c        **** #include <stdbool.h>
   9:main.c        **** typedef int8_t i8;
  10:main.c        **** typedef int16_t i16;
  11:main.c        **** typedef int32_t i32;
  12:main.c        **** typedef int64_t i64;
  13:main.c        **** typedef int32_t isize;
  14:main.c        **** typedef int32_t int_literal;
  15:main.c        **** typedef uint8_t u8;
  16:main.c        **** typedef uint16_t u16;
  17:main.c        **** typedef uint32_t u32;
  18:main.c        **** typedef uint64_t u64;
  19:main.c        **** typedef uint32_t usize;
  20:main.c        **** typedef float f32;
  21:main.c        **** typedef double f64;
  22:main.c        **** typedef double float_literal;
  23:main.c        **** typedef char rune;
  24:main.c        **** 
  25:main.c        **** #define _const_main__cpu_freq_mhz	_const_main__cpu_freq/1000000
  26:main.c        **** #define _const_main__cpu_freq  20000000
  27:main.c        **** 
  28:main.c        **** // Project Name: Aixt https://github.com/fermarsan/aixt.git
  29:main.c        **** // Author: Fernando M. Santa - Daniel Polo - Edwin Barrera - Javier Leon - Camilo Lucas
  30:main.c        **** // Date: 2022-2025
ARM GAS  C:\Users\ASUS\AppData\Local\Temp\ccuNvl2f.s 			page 2


  31:main.c        **** // License: MIT
  32:main.c        **** //
  33:main.c        **** // // Description: builtin (CY8CKIT-145-40XX)
  34:main.c        **** 
  35:main.c        **** #include "project.h"
  36:main.c        **** 
  37:main.c        **** #define INIT_INTERRUPTS()   CyGlobalIntEnable
  38:main.c        **** 
  39:main.c        **** void  main__init();
  40:main.c        **** 
  41:main.c        **** #define _const_main__led1 led1
  42:main.c        **** #define _const_main__led4 led4
  43:main.c        **** #define _const_main__led5 led5
  44:main.c        **** #define _const_main__led6 led6
  45:main.c        **** #define _const_main__led7 led7
  46:main.c        **** #define _const_main__led8 led8
  47:main.c        **** #define _const_main__led9 led9
  48:main.c        **** #define _const_main__led10 led10
  49:main.c        **** #define _const_main__led11 led11
  50:main.c        **** #define _const_main__do0 12
  51:main.c        **** #define _const_main__do1 13
  52:main.c        **** #define _const_main__do2 14
  53:main.c        **** #define _const_main__sw2 sw2
  54:main.c        **** #define _const_main__di0 20
  55:main.c        **** #define _const_main__di1 21
  56:main.c        **** #define _const_main__di2 22
  57:main.c        **** #define _const_main__btn0 23
  58:main.c        **** #define _const_main__btn1 24
  59:main.c        **** #define _const_main__btn2 25
  60:main.c        **** #define _const_main__sld0 26
  61:main.c        **** #define _const_main__sld1 27
  62:main.c        **** #define _const_main__sld2 28
  63:main.c        **** #define _const_main__sld3 29
  64:main.c        **** #define _const_main__sld4 30
  65:main.c        **** 
  66:main.c        ****  void  main__init() {
  28              		.loc 1 66 0
  29              		.cfi_startproc
  30              		@ args = 0, pretend = 0, frame = 0
  31              		@ frame_needed = 0, uses_anonymous_args = 0
  32              		@ link register save eliminated.
  67:main.c        **** 	INIT_INTERRUPTS(); 
  33              		.loc 1 67 0
  34              		.syntax divided
  35              	@ 67 "main.c" 1
  36 0000 62B6     		CPSIE   i
  37              	@ 0 "" 2
  68:main.c        **** }
  38              		.loc 1 68 0
  39              		.thumb
  40              		.syntax unified
  41              		@ sp needed
  42 0002 7047     		bx	lr
  43              		.cfi_endproc
  44              	.LFE33:
  45              		.size	main__init, .-main__init
  46              		.section	.text.main,"ax",%progbits
ARM GAS  C:\Users\ASUS\AppData\Local\Temp\ccuNvl2f.s 			page 3


  47              		.align	2
  48              		.global	main
  49              		.code	16
  50              		.thumb_func
  51              		.type	main, %function
  52              	main:
  53              	.LFB34:
  69:main.c        **** 
  70:main.c        **** #define uart__print(message) uart_UartPutString(message)
  71:main.c        **** 
  72:main.c        **** #define uart__println(message) \
  73:main.c        **** uart_UartPutString(message); \
  74:main.c        **** UartPutCRLF(); \
  75:main.c        **** // end #define
  76:main.c        **** 
  77:main.c        **** #define uart__read()  UartGetChar()
  78:main.c        **** 
  79:main.c        **** #define uart__setup() uart_Start()
  80:main.c        **** 
  81:main.c        **** #define uart__write(character) UartPutChar(character)
  82:main.c        **** 
  83:main.c        **** #define time__sleep_ms(tms) CyDelay(tms)
  84:main.c        **** 
  85:main.c        **** #define time__sleep_us(tus) CyDelayUs(tus)
  86:main.c        **** 
  87:main.c        ****  int main() {
  54              		.loc 1 87 0
  55              		.cfi_startproc
  56              		@ Volatile: function does not return.
  57              		@ args = 0, pretend = 0, frame = 0
  58              		@ frame_needed = 0, uses_anonymous_args = 0
  59 0000 10B5     		push	{r4, lr}
  60              		.cfi_def_cfa_offset 8
  61              		.cfi_offset 4, -8
  62              		.cfi_offset 14, -4
  88:main.c        **** 	main__init();
  63              		.loc 1 88 0
  64 0002 FFF7FEFF 		bl	main__init
  65              	.LVL0:
  89:main.c        **** 	uart__setup(); 
  66              		.loc 1 89 0
  67 0006 FFF7FEFF 		bl	uart_Start
  68              	.LVL1:
  69              	.L3:
  90:main.c        **** 	while( true ) {
  91:main.c        **** 		uart__print("Enviando por UART1...\r\n"); 
  70              		.loc 1 91 0 discriminator 1
  71 000a 0448     		ldr	r0, .L4
  72 000c FFF7FEFF 		bl	uart_UartPutString
  73              	.LVL2:
  92:main.c        **** 		time__sleep_ms(1000); 
  74              		.loc 1 92 0 discriminator 1
  75 0010 FA20     		movs	r0, #250
  76 0012 8000     		lsls	r0, r0, #2
  77 0014 FFF7FEFF 		bl	CyDelay
  78              	.LVL3:
  79 0018 F7E7     		b	.L3
ARM GAS  C:\Users\ASUS\AppData\Local\Temp\ccuNvl2f.s 			page 4


  80              	.L5:
  81 001a C046     		.align	2
  82              	.L4:
  83 001c 00000000 		.word	.LC0
  84              		.cfi_endproc
  85              	.LFE34:
  86              		.size	main, .-main
  87              		.section	.rodata.str1.4,"aMS",%progbits,1
  88              		.align	2
  89              	.LC0:
  90 0000 456E7669 		.ascii	"Enviando por UART1...\015\012\000"
  90      616E646F 
  90      20706F72 
  90      20554152 
  90      54312E2E 
  91              		.text
  92              	.Letext0:
  93              		.file 2 "Generated_Source\\PSoC4/uart.h"
  94              		.file 3 "Generated_Source\\PSoC4/uart_SPI_UART.h"
  95              		.file 4 "Generated_Source\\PSoC4/CyLib.h"
  96              		.section	.debug_info,"",%progbits
  97              	.Ldebug_info0:
  98 0000 12010000 		.4byte	0x112
  99 0004 0400     		.2byte	0x4
 100 0006 00000000 		.4byte	.Ldebug_abbrev0
 101 000a 04       		.byte	0x4
 102 000b 01       		.uleb128 0x1
 103 000c C2000000 		.4byte	.LASF17
 104 0010 0C       		.byte	0xc
 105 0011 7A000000 		.4byte	.LASF18
 106 0015 1B000000 		.4byte	.LASF19
 107 0019 00000000 		.4byte	.Ldebug_ranges0+0
 108 001d 00000000 		.4byte	0
 109 0021 00000000 		.4byte	.Ldebug_line0
 110 0025 02       		.uleb128 0x2
 111 0026 01       		.byte	0x1
 112 0027 06       		.byte	0x6
 113 0028 8B010000 		.4byte	.LASF0
 114 002c 02       		.uleb128 0x2
 115 002d 01       		.byte	0x1
 116 002e 08       		.byte	0x8
 117 002f 6C000000 		.4byte	.LASF1
 118 0033 02       		.uleb128 0x2
 119 0034 02       		.byte	0x2
 120 0035 05       		.byte	0x5
 121 0036 A9010000 		.4byte	.LASF2
 122 003a 02       		.uleb128 0x2
 123 003b 02       		.byte	0x2
 124 003c 07       		.byte	0x7
 125 003d 78010000 		.4byte	.LASF3
 126 0041 02       		.uleb128 0x2
 127 0042 04       		.byte	0x4
 128 0043 05       		.byte	0x5
 129 0044 5F010000 		.4byte	.LASF4
 130 0048 02       		.uleb128 0x2
 131 0049 04       		.byte	0x4
 132 004a 07       		.byte	0x7
ARM GAS  C:\Users\ASUS\AppData\Local\Temp\ccuNvl2f.s 			page 5


 133 004b 99000000 		.4byte	.LASF5
 134 004f 02       		.uleb128 0x2
 135 0050 08       		.byte	0x8
 136 0051 05       		.byte	0x5
 137 0052 00000000 		.4byte	.LASF6
 138 0056 02       		.uleb128 0x2
 139 0057 08       		.byte	0x8
 140 0058 07       		.byte	0x7
 141 0059 AB000000 		.4byte	.LASF7
 142 005d 03       		.uleb128 0x3
 143 005e 04       		.byte	0x4
 144 005f 05       		.byte	0x5
 145 0060 696E7400 		.ascii	"int\000"
 146 0064 02       		.uleb128 0x2
 147 0065 04       		.byte	0x4
 148 0066 07       		.byte	0x7
 149 0067 0E000000 		.4byte	.LASF8
 150 006b 02       		.uleb128 0x2
 151 006c 04       		.byte	0x4
 152 006d 04       		.byte	0x4
 153 006e A3010000 		.4byte	.LASF9
 154 0072 02       		.uleb128 0x2
 155 0073 08       		.byte	0x8
 156 0074 04       		.byte	0x4
 157 0075 68010000 		.4byte	.LASF10
 158 0079 02       		.uleb128 0x2
 159 007a 01       		.byte	0x1
 160 007b 08       		.byte	0x8
 161 007c C6010000 		.4byte	.LASF11
 162 0080 02       		.uleb128 0x2
 163 0081 08       		.byte	0x8
 164 0082 04       		.byte	0x4
 165 0083 97010000 		.4byte	.LASF12
 166 0087 02       		.uleb128 0x2
 167 0088 04       		.byte	0x4
 168 0089 07       		.byte	0x7
 169 008a 6F010000 		.4byte	.LASF13
 170 008e 04       		.uleb128 0x4
 171 008f 54010000 		.4byte	.LASF20
 172 0093 01       		.byte	0x1
 173 0094 42       		.byte	0x42
 174 0095 00000000 		.4byte	.LFB33
 175 0099 04000000 		.4byte	.LFE33-.LFB33
 176 009d 01       		.uleb128 0x1
 177 009e 9C       		.byte	0x9c
 178 009f 05       		.uleb128 0x5
 179 00a0 81000000 		.4byte	.LASF21
 180 00a4 01       		.byte	0x1
 181 00a5 57       		.byte	0x57
 182 00a6 5D000000 		.4byte	0x5d
 183 00aa 00000000 		.4byte	.LFB34
 184 00ae 20000000 		.4byte	.LFE34-.LFB34
 185 00b2 01       		.uleb128 0x1
 186 00b3 9C       		.byte	0x9c
 187 00b4 F3000000 		.4byte	0xf3
 188 00b8 06       		.uleb128 0x6
 189 00b9 06000000 		.4byte	.LVL0
ARM GAS  C:\Users\ASUS\AppData\Local\Temp\ccuNvl2f.s 			page 6


 190 00bd 8E000000 		.4byte	0x8e
 191 00c1 06       		.uleb128 0x6
 192 00c2 0A000000 		.4byte	.LVL1
 193 00c6 F3000000 		.4byte	0xf3
 194 00ca 07       		.uleb128 0x7
 195 00cb 10000000 		.4byte	.LVL2
 196 00cf FE000000 		.4byte	0xfe
 197 00d3 E1000000 		.4byte	0xe1
 198 00d7 08       		.uleb128 0x8
 199 00d8 01       		.uleb128 0x1
 200 00d9 50       		.byte	0x50
 201 00da 05       		.uleb128 0x5
 202 00db 03       		.byte	0x3
 203 00dc 00000000 		.4byte	.LC0
 204 00e0 00       		.byte	0
 205 00e1 09       		.uleb128 0x9
 206 00e2 18000000 		.4byte	.LVL3
 207 00e6 0A010000 		.4byte	0x10a
 208 00ea 08       		.uleb128 0x8
 209 00eb 01       		.uleb128 0x1
 210 00ec 50       		.byte	0x50
 211 00ed 03       		.uleb128 0x3
 212 00ee 0A       		.byte	0xa
 213 00ef E803     		.2byte	0x3e8
 214 00f1 00       		.byte	0
 215 00f2 00       		.byte	0
 216 00f3 0A       		.uleb128 0xa
 217 00f4 86000000 		.4byte	.LASF14
 218 00f8 86000000 		.4byte	.LASF14
 219 00fc 02       		.byte	0x2
 220 00fd 72       		.byte	0x72
 221 00fe 0B       		.uleb128 0xb
 222 00ff B3010000 		.4byte	.LASF15
 223 0103 B3010000 		.4byte	.LASF15
 224 0107 03       		.byte	0x3
 225 0108 2A03     		.2byte	0x32a
 226 010a 0A       		.uleb128 0xa
 227 010b 91000000 		.4byte	.LASF16
 228 010f 91000000 		.4byte	.LASF16
 229 0113 04       		.byte	0x4
 230 0114 EC       		.byte	0xec
 231 0115 00       		.byte	0
 232              		.section	.debug_abbrev,"",%progbits
 233              	.Ldebug_abbrev0:
 234 0000 01       		.uleb128 0x1
 235 0001 11       		.uleb128 0x11
 236 0002 01       		.byte	0x1
 237 0003 25       		.uleb128 0x25
 238 0004 0E       		.uleb128 0xe
 239 0005 13       		.uleb128 0x13
 240 0006 0B       		.uleb128 0xb
 241 0007 03       		.uleb128 0x3
 242 0008 0E       		.uleb128 0xe
 243 0009 1B       		.uleb128 0x1b
 244 000a 0E       		.uleb128 0xe
 245 000b 55       		.uleb128 0x55
 246 000c 17       		.uleb128 0x17
ARM GAS  C:\Users\ASUS\AppData\Local\Temp\ccuNvl2f.s 			page 7


 247 000d 11       		.uleb128 0x11
 248 000e 01       		.uleb128 0x1
 249 000f 10       		.uleb128 0x10
 250 0010 17       		.uleb128 0x17
 251 0011 00       		.byte	0
 252 0012 00       		.byte	0
 253 0013 02       		.uleb128 0x2
 254 0014 24       		.uleb128 0x24
 255 0015 00       		.byte	0
 256 0016 0B       		.uleb128 0xb
 257 0017 0B       		.uleb128 0xb
 258 0018 3E       		.uleb128 0x3e
 259 0019 0B       		.uleb128 0xb
 260 001a 03       		.uleb128 0x3
 261 001b 0E       		.uleb128 0xe
 262 001c 00       		.byte	0
 263 001d 00       		.byte	0
 264 001e 03       		.uleb128 0x3
 265 001f 24       		.uleb128 0x24
 266 0020 00       		.byte	0
 267 0021 0B       		.uleb128 0xb
 268 0022 0B       		.uleb128 0xb
 269 0023 3E       		.uleb128 0x3e
 270 0024 0B       		.uleb128 0xb
 271 0025 03       		.uleb128 0x3
 272 0026 08       		.uleb128 0x8
 273 0027 00       		.byte	0
 274 0028 00       		.byte	0
 275 0029 04       		.uleb128 0x4
 276 002a 2E       		.uleb128 0x2e
 277 002b 00       		.byte	0
 278 002c 3F       		.uleb128 0x3f
 279 002d 19       		.uleb128 0x19
 280 002e 03       		.uleb128 0x3
 281 002f 0E       		.uleb128 0xe
 282 0030 3A       		.uleb128 0x3a
 283 0031 0B       		.uleb128 0xb
 284 0032 3B       		.uleb128 0x3b
 285 0033 0B       		.uleb128 0xb
 286 0034 11       		.uleb128 0x11
 287 0035 01       		.uleb128 0x1
 288 0036 12       		.uleb128 0x12
 289 0037 06       		.uleb128 0x6
 290 0038 40       		.uleb128 0x40
 291 0039 18       		.uleb128 0x18
 292 003a 9742     		.uleb128 0x2117
 293 003c 19       		.uleb128 0x19
 294 003d 00       		.byte	0
 295 003e 00       		.byte	0
 296 003f 05       		.uleb128 0x5
 297 0040 2E       		.uleb128 0x2e
 298 0041 01       		.byte	0x1
 299 0042 3F       		.uleb128 0x3f
 300 0043 19       		.uleb128 0x19
 301 0044 03       		.uleb128 0x3
 302 0045 0E       		.uleb128 0xe
 303 0046 3A       		.uleb128 0x3a
ARM GAS  C:\Users\ASUS\AppData\Local\Temp\ccuNvl2f.s 			page 8


 304 0047 0B       		.uleb128 0xb
 305 0048 3B       		.uleb128 0x3b
 306 0049 0B       		.uleb128 0xb
 307 004a 49       		.uleb128 0x49
 308 004b 13       		.uleb128 0x13
 309 004c 8701     		.uleb128 0x87
 310 004e 19       		.uleb128 0x19
 311 004f 11       		.uleb128 0x11
 312 0050 01       		.uleb128 0x1
 313 0051 12       		.uleb128 0x12
 314 0052 06       		.uleb128 0x6
 315 0053 40       		.uleb128 0x40
 316 0054 18       		.uleb128 0x18
 317 0055 9742     		.uleb128 0x2117
 318 0057 19       		.uleb128 0x19
 319 0058 01       		.uleb128 0x1
 320 0059 13       		.uleb128 0x13
 321 005a 00       		.byte	0
 322 005b 00       		.byte	0
 323 005c 06       		.uleb128 0x6
 324 005d 898201   		.uleb128 0x4109
 325 0060 00       		.byte	0
 326 0061 11       		.uleb128 0x11
 327 0062 01       		.uleb128 0x1
 328 0063 31       		.uleb128 0x31
 329 0064 13       		.uleb128 0x13
 330 0065 00       		.byte	0
 331 0066 00       		.byte	0
 332 0067 07       		.uleb128 0x7
 333 0068 898201   		.uleb128 0x4109
 334 006b 01       		.byte	0x1
 335 006c 11       		.uleb128 0x11
 336 006d 01       		.uleb128 0x1
 337 006e 31       		.uleb128 0x31
 338 006f 13       		.uleb128 0x13
 339 0070 01       		.uleb128 0x1
 340 0071 13       		.uleb128 0x13
 341 0072 00       		.byte	0
 342 0073 00       		.byte	0
 343 0074 08       		.uleb128 0x8
 344 0075 8A8201   		.uleb128 0x410a
 345 0078 00       		.byte	0
 346 0079 02       		.uleb128 0x2
 347 007a 18       		.uleb128 0x18
 348 007b 9142     		.uleb128 0x2111
 349 007d 18       		.uleb128 0x18
 350 007e 00       		.byte	0
 351 007f 00       		.byte	0
 352 0080 09       		.uleb128 0x9
 353 0081 898201   		.uleb128 0x4109
 354 0084 01       		.byte	0x1
 355 0085 11       		.uleb128 0x11
 356 0086 01       		.uleb128 0x1
 357 0087 31       		.uleb128 0x31
 358 0088 13       		.uleb128 0x13
 359 0089 00       		.byte	0
 360 008a 00       		.byte	0
ARM GAS  C:\Users\ASUS\AppData\Local\Temp\ccuNvl2f.s 			page 9


 361 008b 0A       		.uleb128 0xa
 362 008c 2E       		.uleb128 0x2e
 363 008d 00       		.byte	0
 364 008e 3F       		.uleb128 0x3f
 365 008f 19       		.uleb128 0x19
 366 0090 3C       		.uleb128 0x3c
 367 0091 19       		.uleb128 0x19
 368 0092 6E       		.uleb128 0x6e
 369 0093 0E       		.uleb128 0xe
 370 0094 03       		.uleb128 0x3
 371 0095 0E       		.uleb128 0xe
 372 0096 3A       		.uleb128 0x3a
 373 0097 0B       		.uleb128 0xb
 374 0098 3B       		.uleb128 0x3b
 375 0099 0B       		.uleb128 0xb
 376 009a 00       		.byte	0
 377 009b 00       		.byte	0
 378 009c 0B       		.uleb128 0xb
 379 009d 2E       		.uleb128 0x2e
 380 009e 00       		.byte	0
 381 009f 3F       		.uleb128 0x3f
 382 00a0 19       		.uleb128 0x19
 383 00a1 3C       		.uleb128 0x3c
 384 00a2 19       		.uleb128 0x19
 385 00a3 6E       		.uleb128 0x6e
 386 00a4 0E       		.uleb128 0xe
 387 00a5 03       		.uleb128 0x3
 388 00a6 0E       		.uleb128 0xe
 389 00a7 3A       		.uleb128 0x3a
 390 00a8 0B       		.uleb128 0xb
 391 00a9 3B       		.uleb128 0x3b
 392 00aa 05       		.uleb128 0x5
 393 00ab 00       		.byte	0
 394 00ac 00       		.byte	0
 395 00ad 00       		.byte	0
 396              		.section	.debug_aranges,"",%progbits
 397 0000 24000000 		.4byte	0x24
 398 0004 0200     		.2byte	0x2
 399 0006 00000000 		.4byte	.Ldebug_info0
 400 000a 04       		.byte	0x4
 401 000b 00       		.byte	0
 402 000c 0000     		.2byte	0
 403 000e 0000     		.2byte	0
 404 0010 00000000 		.4byte	.LFB33
 405 0014 04000000 		.4byte	.LFE33-.LFB33
 406 0018 00000000 		.4byte	.LFB34
 407 001c 20000000 		.4byte	.LFE34-.LFB34
 408 0020 00000000 		.4byte	0
 409 0024 00000000 		.4byte	0
 410              		.section	.debug_ranges,"",%progbits
 411              	.Ldebug_ranges0:
 412 0000 00000000 		.4byte	.LFB33
 413 0004 04000000 		.4byte	.LFE33
 414 0008 00000000 		.4byte	.LFB34
 415 000c 20000000 		.4byte	.LFE34
 416 0010 00000000 		.4byte	0
 417 0014 00000000 		.4byte	0
ARM GAS  C:\Users\ASUS\AppData\Local\Temp\ccuNvl2f.s 			page 10


 418              		.section	.debug_line,"",%progbits
 419              	.Ldebug_line0:
 420 0000 90000000 		.section	.debug_str,"MS",%progbits,1
 420      02005C00 
 420      00000201 
 420      FB0E0D00 
 420      01010101 
 421              	.LASF6:
 422 0000 6C6F6E67 		.ascii	"long long int\000"
 422      206C6F6E 
 422      6720696E 
 422      7400
 423              	.LASF8:
 424 000e 756E7369 		.ascii	"unsigned int\000"
 424      676E6564 
 424      20696E74 
 424      00
 425              	.LASF19:
 426 001b 433A5C61 		.ascii	"C:\\aixt\\aixt\\ports\\Cypress\\CY8CKIT-145-40XX\\e"
 426      6978745C 
 426      61697874 
 426      5C706F72 
 426      74735C43 
 427 0048 78616D70 		.ascii	"xamples\\CY8CKIT-145-40XX-uart.cydsn\000"
 427      6C65735C 
 427      43593843 
 427      4B49542D 
 427      3134352D 
 428              	.LASF1:
 429 006c 756E7369 		.ascii	"unsigned char\000"
 429      676E6564 
 429      20636861 
 429      7200
 430              	.LASF18:
 431 007a 6D61696E 		.ascii	"main.c\000"
 431      2E6300
 432              	.LASF21:
 433 0081 6D61696E 		.ascii	"main\000"
 433      00
 434              	.LASF14:
 435 0086 75617274 		.ascii	"uart_Start\000"
 435      5F537461 
 435      727400
 436              	.LASF16:
 437 0091 43794465 		.ascii	"CyDelay\000"
 437      6C617900 
 438              	.LASF5:
 439 0099 6C6F6E67 		.ascii	"long unsigned int\000"
 439      20756E73 
 439      69676E65 
 439      6420696E 
 439      7400
 440              	.LASF7:
 441 00ab 6C6F6E67 		.ascii	"long long unsigned int\000"
 441      206C6F6E 
 441      6720756E 
 441      7369676E 
ARM GAS  C:\Users\ASUS\AppData\Local\Temp\ccuNvl2f.s 			page 11


 441      65642069 
 442              	.LASF17:
 443 00c2 474E5520 		.ascii	"GNU C11 5.4.1 20160609 (release) [ARM/embedded-5-br"
 443      43313120 
 443      352E342E 
 443      31203230 
 443      31363036 
 444 00f5 616E6368 		.ascii	"anch revision 237715] -mcpu=cortex-m0plus -mthumb -"
 444      20726576 
 444      6973696F 
 444      6E203233 
 444      37373135 
 445 0128 67202D4F 		.ascii	"g -Og -ffunction-sections -ffat-lto-objects\000"
 445      67202D66 
 445      66756E63 
 445      74696F6E 
 445      2D736563 
 446              	.LASF20:
 447 0154 6D61696E 		.ascii	"main__init\000"
 447      5F5F696E 
 447      697400
 448              	.LASF4:
 449 015f 6C6F6E67 		.ascii	"long int\000"
 449      20696E74 
 449      00
 450              	.LASF10:
 451 0168 646F7562 		.ascii	"double\000"
 451      6C6500
 452              	.LASF13:
 453 016f 73697A65 		.ascii	"sizetype\000"
 453      74797065 
 453      00
 454              	.LASF3:
 455 0178 73686F72 		.ascii	"short unsigned int\000"
 455      7420756E 
 455      7369676E 
 455      65642069 
 455      6E7400
 456              	.LASF0:
 457 018b 7369676E 		.ascii	"signed char\000"
 457      65642063 
 457      68617200 
 458              	.LASF12:
 459 0197 6C6F6E67 		.ascii	"long double\000"
 459      20646F75 
 459      626C6500 
 460              	.LASF9:
 461 01a3 666C6F61 		.ascii	"float\000"
 461      7400
 462              	.LASF2:
 463 01a9 73686F72 		.ascii	"short int\000"
 463      7420696E 
 463      7400
 464              	.LASF15:
 465 01b3 75617274 		.ascii	"uart_UartPutString\000"
 465      5F556172 
 465      74507574 
ARM GAS  C:\Users\ASUS\AppData\Local\Temp\ccuNvl2f.s 			page 12


 465      53747269 
 465      6E6700
 466              	.LASF11:
 467 01c6 63686172 		.ascii	"char\000"
 467      00
 468              		.ident	"GCC: (GNU Tools for ARM Embedded Processors) 5.4.1 20160609 (release) [ARM/embedded-5-bran
