

Microchip MPLAB XC8 Assembler V2.46 build 20240104201356 
                                                                                               Thu Sep  5 13:13:24 2024

Microchip MPLAB XC8 C Compiler v2.46 (Free license) build 20240104201356 Og1 
     1                           	processor	16F83
     2                           	pagewidth 120
     3                           	opt	flic
     4                           	psect	cinit,global,class=CODE,merge=1,delta=2
     5                           	psect	cstackBANK0,global,class=BANK0,space=1,delta=1,noexec
     6                           	psect	maintext,global,class=CODE,split=1,delta=2
     7                           	psect	config,global,abs,ovrld,class=CONFIG,space=4,delta=2,noexec
     8                           	dabs	1,0x2E,2
     9     0000                     
    10                           ; Generated 05/01/2024 GMT
    11                           ; 
    12                           ; Copyright © 2024, Microchip Technology Inc. and its subsidiaries ("Microchip")
    13                           ; All rights reserved.
    14                           ; 
    15                           ; This software is developed by Microchip Technology Inc. and its subsidiaries ("Microch
      +                          ip").
    16                           ; 
    17                           ; Redistribution and use in source and binary forms, with or without modification, are
    18                           ; permitted provided that the following conditions are met:
    19                           ; 
    20                           ;     1. Redistributions of source code must retain the above copyright notice, this lis
      +                          t of
    21                           ;        conditions and the following disclaimer.
    22                           ; 
    23                           ;     2. Redistributions in binary form must reproduce the above copyright notice, this 
      +                          list
    24                           ;        of conditions and the following disclaimer in the documentation and/or other
    25                           ;        materials provided with the distribution. Publication is not required when
    26                           ;        this file is used in an embedded application.
    27                           ; 
    28                           ;     3. Microchip's name may not be used to endorse or promote products derived from th
      +                          is
    29                           ;        software without specific prior written permission.
    30                           ; 
    31                           ; THIS SOFTWARE IS PROVIDED BY MICROCHIP "AS IS" AND ANY EXPRESS OR IMPLIED WARRANTIES,
    32                           ; INCLUDING, BUT NOT LIMITED TO, THE IMPLIED WARRANTIES OF MERCHANTABILITY AND FITNESS F
      +                          OR
    33                           ; PURPOSE ARE DISCLAIMED.  IN NO EVENT SHALL MICROCHIP BE LIABLE FOR ANY DIRECT, INDIREC
      +                          T,
    34                           ; INCIDENTAL, SPECIAL, EXEMPLARY, OR CONSEQUENTIAL DAMAGES (INCLUDING BUT NOT LIMITED TO
    35                           ; PROCUREMENT OF SUBSTITUTE GOODS OR SERVICES; LOSS OF USE, DATA OR PROFITS; OR BUSINESS
    36                           ; INTERRUPTION) HOWSOEVER CAUSED AND ON ANY THEORY OF LIABILITY, WHETHER IN CONTRACT, ST
      +                          RICT
    37                           ; LIABILITY, OR TORT (INCLUDING NEGLIGENCE OR OTHERWISE) ARISING IN ANY WAY OUT OF THE U
      +                          SE OF
    38                           ; THIS SOFTWARE, EVEN IF ADVISED OF THE POSSIBILITY OF SUCH DAMAGE.
    39                           ; 
    40                           ; 
    41                           ; Code-generator required, PIC16F83 Definitions
    42                           ; 
    43                           ; SFR Addresses
    44     0000                     	;# 
    45     0001                     	;# 
    46     0002                     	;# 
    47     0003                     	;# 
    48     0004                     	;# 
    49     0005                     	;# 
    50     0006                     	;# 
    51     0008                     	;# 
    52     0009                     	;# 
    53     000A                     	;# 
    54     000B                     	;# 
    55     0081                     	;# 
    56     0085                     	;# 
    57     0086                     	;# 
    58     0088                     	;# 
    59     0089                     	;# 
    60     0000                     	;# 
    61     0001                     	;# 
    62     0002                     	;# 
    63     0003                     	;# 
    64     0004                     	;# 
    65     0005                     	;# 
    66     0006                     	;# 
    67     0008                     	;# 
    68     0009                     	;# 
    69     000A                     	;# 
    70     000B                     	;# 
    71     0081                     	;# 
    72     0085                     	;# 
    73     0086                     	;# 
    74     0088                     	;# 
    75     0089                     	;# 
    76     0005                     _PORTA	set	5
    77     0085                     _TRISA	set	133
    78                           
    79                           	psect	cinit
    80     01FE                     start_initialization:	
    81                           ; #config settings
    82                           
    83     01FE                     __initialization:
    84     01FE                     end_of_initialization:	
    85                           ;End of C runtime variable initialization code
    86                           
    87     01FE                     __end_of__initialization:
    88     01FE  0183               	clrf	3
    89     01FF  29E4               	ljmp	_main	;jump to C main() function
    90                           
    91                           	psect	cstackBANK0
    92     000C                     __pcstackBANK0:
    93     000C                     ?_main:
    94     000C                     ??_main:	
    95                           ; 1 bytes @ 0x0
    96                           
    97                           
    98                           ; 1 bytes @ 0x0
    99     000C                     	ds	3
   100                           
   101                           	psect	maintext
   102     01E4                     __pmaintext:	
   103 ;;
   104 ;;Main: autosize = 0, tempsize = 3, incstack = 0, save=0
   105 ;;
   106 ;; *************** function _main *****************
   107 ;; Defined at:
   108 ;;		line 93 in file "main.c"
   109 ;; Parameters:    Size  Location     Type
   110 ;;		None
   111 ;; Auto vars:     Size  Location     Type
   112 ;;		None
   113 ;; Return value:  Size  Location     Type
   114 ;;                  1    wreg      void 
   115 ;; Registers used:
   116 ;;		wreg, status,2, status,0
   117 ;; Tracked objects:
   118 ;;		On entry : B00/0
   119 ;;		On exit  : 0/0
   120 ;;		Unchanged: 0/0
   121 ;; Data sizes:     COMMON   BANK0
   122 ;;      Params:         0       0
   123 ;;      Locals:         0       0
   124 ;;      Temps:          0       3
   125 ;;      Totals:         0       3
   126 ;;Total ram usage:        3 bytes
   127 ;; This function calls:
   128 ;;		Nothing
   129 ;; This function is called by:
   130 ;;		Startup code after reset
   131 ;; This function uses a non-reentrant model
   132 ;;
   133                           
   134     01E4                     _main:	
   135                           ;psect for function _main
   136                           
   137     01E4                     l568:	
   138                           ;incstack = 0
   139                           ; Regs used in _main: [wreg+status,2+status,0]
   140                           
   141     01E4                     l572:	
   142                           ;main.c: 94:  if(pin__output == 1) { *(&TRISA + (pin__b4 >> 3)) |= (0x01 << (pin__b4 - (
      +                          (pin__b4 >> 3) << 3))); } else { *(&TRISA + (pin__b4 >> 3)) &= ~(0x01 << (pin__b4 - ((pi
      +                          n__b4 >> 3) << 3))); };;
   143                           
   144     01E4  30EF               	movlw	239
   145     01E5  1283               	bcf	3,5	;RP0=0, select bank0
   146     01E6  008C               	movwf	??_main
   147     01E7  080C               	movf	??_main,w
   148     01E8  1683               	bsf	3,5	;RP0=1, select bank1
   149     01E9  0586               	andwf	6,f	;volatile
   150     01EA                     l13:	
   151                           ;main.c: 95:  while(1) {
   152                           
   153                           
   154                           ;main.c: 96:   *(&PORTA + (pin__b4 >> 3)) ^= 0x01 << (pin__b4 - ((pin__b4 >> 3) << 3));
   155     01EA  3010               	movlw	16
   156     01EB  1283               	bcf	3,5	;RP0=0, select bank0
   157     01EC  008C               	movwf	??_main
   158     01ED  080C               	movf	??_main,w
   159     01EE  0686               	xorwf	6,f	;volatile
   160     01EF                     l574:
   161                           
   162                           ;main.c: 97:   _delay((unsigned long)((500)*(4000000/4000.0)));
   163     01EF  3003               	movlw	3
   164     01F0  008E               	movwf	??_main+2
   165     01F1  308A               	movlw	138
   166     01F2  008D               	movwf	??_main+1
   167     01F3  3055               	movlw	85
   168     01F4  008C               	movwf	??_main
   169     01F5                     u17:
   170     01F5  0B8C               	decfsz	??_main,f
   171     01F6  29F5               	goto	u17
   172     01F7  0B8D               	decfsz	??_main+1,f
   173     01F8  29F5               	goto	u17
   174     01F9  0B8E               	decfsz	??_main+2,f
   175     01FA  29F5               	goto	u17
   176     01FB  29FC               	nop2
   177     01FC  29EA               	goto	l13
   178     01FD  2800               	ljmp	start
   179     01FE                     __end_of_main:
   180     002E                     btemp	set	46	;btemp
   181     002E                     wtemp0	set	46
   182                           
   183                           	psect	config
   184                           
   185                           ;Config register CONFIG @ 0x2007
   186                           ;	Oscillator Selection bits
   187                           ;	FOSC = HS, HS oscillator
   188                           ;	Watchdog Timer
   189                           ;	WDTE = OFF, WDT disabled
   190                           ;	Power-up Timer Enable bit
   191                           ;	PWRTE = ON, Power-up Timer is enabled
   192                           ;	Code Protection bit
   193                           ;	CP = OFF, Code protection disabled
   194     2007                     	org	8199
   195     2007  3FF2               	dw	16370

Data Sizes:
    Strings     0
    Constant    0
    Data        0
    BSS         0
    Persistent  0
    Stack       0

Auto Spaces:
    Space          Size  Autos    Used
    COMMON            0      0       0
    BANK0            34      3       3

Pointer List with Targets:

    None.

Critical Paths under _main in COMMON

    None.

Critical Paths under _main in BANK0

    None.

Call Graph Tables:

 ---------------------------------------------------------------------------------
 (Depth) Function   	        Calls       Base Space   Used Autos Params    Refs
 ---------------------------------------------------------------------------------
 (0) _main                                                 3     3      0       0
                                              0 BANK0      3     3      0
 ---------------------------------------------------------------------------------
 Estimated maximum stack depth 0
 ---------------------------------------------------------------------------------

 Call Graph Graphs:

 _main (ROOT)

 Address spaces:
Name               Size   Autos  Total    Cost      Usage
BITCOMMON            0      0       0       0        0.0%
EEDATA              40      0       0       0        0.0%
NULL                 0      0       0       0        0.0%
CODE                 0      0       0       0        0.0%
BITSFR0              0      0       0       1        0.0%
SFR0                 0      0       0       1        0.0%
COMMON               0      0       0       1        0.0%
BITSFR1              0      0       0       2        0.0%
SFR1                 0      0       0       2        0.0%
STACK                0      0       0       2        0.0%
BITBANK0            22      0       0       3        0.0%
BANK0               22      3       3       4        8.8%
ABS                  0      0       0       5        0.0%
DATA                 0      0       0       6        0.0%


Microchip Technology PIC Macro Assembler V2.46 build 20240104201356 
Symbol Table                                                                                   Thu Sep  5 13:13:24 2024

                     l13 01EA                       u17 01F5                      l572 01E4  
                    l574 01EF                      l568 01E4                     _main 01E4  
                   btemp 002E                     start 0000                    ?_main 000C  
                  _PORTA 0005                    _TRISA 0085                    status 0003  
                  wtemp0 002E          __initialization 01FE             __end_of_main 01FE  
                 ??_main 000C  __end_of__initialization 01FE               __pmaintext 01E4  
   end_of_initialization 01FE      start_initialization 01FE                ___latbits 0000  
          __pcstackBANK0 000C  
