

Microchip MPLAB XC8 Assembler V2.41 build 20230208172133 
                                                                                               Mon Mar 18 16:24:00 2024

Microchip MPLAB XC8 C Compiler v2.41 (Free license) build 20230208172133 Og1 
     1                           	processor	16F676
     2                           	pagewidth 120
     3                           	opt	flic
     4                           	psect	cinit,global,class=CODE,merge=1,delta=2
     5                           	psect	cstackCOMMON,global,class=COMMON,space=1,delta=1,noexec
     6                           	psect	cstackBANK0,global,class=BANK0,space=1,delta=1,noexec
     7                           	psect	maintext,global,class=CODE,split=1,delta=2
     8                           	psect	text1,local,class=CODE,merge=1,delta=2
     9                           	psect	text2,local,class=CODE,merge=1,delta=2
    10                           	psect	text3,local,class=CODE,merge=1,delta=2
    11                           	psect	config,global,abs,ovrld,class=CONFIG,space=4,delta=2,noexec
    12                           	dabs	1,0x5E,2
    13     0000                     
    14                           ; Generated 22/03/2023 GMT
    15                           ; 
    16                           ; Copyright © 2023, Microchip Technology Inc. and its subsidiaries ("Microchip")
    17                           ; All rights reserved.
    18                           ; 
    19                           ; This software is developed by Microchip Technology Inc. and its subsidiaries ("Microch
      +                          ip").
    20                           ; 
    21                           ; Redistribution and use in source and binary forms, with or without modification, are
    22                           ; permitted provided that the following conditions are met:
    23                           ; 
    24                           ;     1. Redistributions of source code must retain the above copyright notice, this lis
      +                          t of
    25                           ;        conditions and the following disclaimer.
    26                           ; 
    27                           ;     2. Redistributions in binary form must reproduce the above copyright notice, this 
      +                          list
    28                           ;        of conditions and the following disclaimer in the documentation and/or other
    29                           ;        materials provided with the distribution. Publication is not required when
    30                           ;        this file is used in an embedded application.
    31                           ; 
    32                           ;     3. Microchip's name may not be used to endorse or promote products derived from th
      +                          is
    33                           ;        software without specific prior written permission.
    34                           ; 
    35                           ; THIS SOFTWARE IS PROVIDED BY MICROCHIP "AS IS" AND ANY EXPRESS OR IMPLIED WARRANTIES,
    36                           ; INCLUDING, BUT NOT LIMITED TO, THE IMPLIED WARRANTIES OF MERCHANTABILITY AND FITNESS F
      +                          OR
    37                           ; PURPOSE ARE DISCLAIMED.  IN NO EVENT SHALL MICROCHIP BE LIABLE FOR ANY DIRECT, INDIREC
      +                          T,
    38                           ; INCIDENTAL, SPECIAL, EXEMPLARY, OR CONSEQUENTIAL DAMAGES (INCLUDING BUT NOT LIMITED TO
    39                           ; PROCUREMENT OF SUBSTITUTE GOODS OR SERVICES; LOSS OF USE, DATA OR PROFITS; OR BUSINESS
    40                           ; INTERRUPTION) HOWSOEVER CAUSED AND ON ANY THEORY OF LIABILITY, WHETHER IN CONTRACT, ST
      +                          RICT
    41                           ; LIABILITY, OR TORT (INCLUDING NEGLIGENCE OR OTHERWISE) ARISING IN ANY WAY OUT OF THE U
      +                          SE OF
    42                           ; THIS SOFTWARE, EVEN IF ADVISED OF THE POSSIBILITY OF SUCH DAMAGE.
    43                           ; 
    44                           ; 
    45                           ; Code-generator required, PIC16F676 Definitions
    46                           ; 
    47                           ; SFR Addresses
    48     0000                     	;# 
    49     0001                     	;# 
    50     0002                     	;# 
    51     0003                     	;# 
    52     0004                     	;# 
    53     0005                     	;# 
    54     0007                     	;# 
    55     000A                     	;# 
    56     000B                     	;# 
    57     000C                     	;# 
    58     000E                     	;# 
    59     000E                     	;# 
    60     000F                     	;# 
    61     0010                     	;# 
    62     0019                     	;# 
    63     001E                     	;# 
    64     001F                     	;# 
    65     0081                     	;# 
    66     0085                     	;# 
    67     0087                     	;# 
    68     008C                     	;# 
    69     008E                     	;# 
    70     0090                     	;# 
    71     0091                     	;# 
    72     0095                     	;# 
    73     0095                     	;# 
    74     0096                     	;# 
    75     0096                     	;# 
    76     0099                     	;# 
    77     009A                     	;# 
    78     009A                     	;# 
    79     009B                     	;# 
    80     009C                     	;# 
    81     009D                     	;# 
    82     009E                     	;# 
    83     009F                     	;# 
    84     0000                     	;# 
    85     0001                     	;# 
    86     0002                     	;# 
    87     0003                     	;# 
    88     0004                     	;# 
    89     0005                     	;# 
    90     0007                     	;# 
    91     000A                     	;# 
    92     000B                     	;# 
    93     000C                     	;# 
    94     000E                     	;# 
    95     000E                     	;# 
    96     000F                     	;# 
    97     0010                     	;# 
    98     0019                     	;# 
    99     001E                     	;# 
   100     001F                     	;# 
   101     0081                     	;# 
   102     0085                     	;# 
   103     0087                     	;# 
   104     008C                     	;# 
   105     008E                     	;# 
   106     0090                     	;# 
   107     0091                     	;# 
   108     0095                     	;# 
   109     0095                     	;# 
   110     0096                     	;# 
   111     0096                     	;# 
   112     0099                     	;# 
   113     009A                     	;# 
   114     009A                     	;# 
   115     009B                     	;# 
   116     009C                     	;# 
   117     009D                     	;# 
   118     009E                     	;# 
   119     009F                     	;# 
   120     0007                     _PORTC	set	7
   121     0087                     _TRISC	set	135
   122                           
   123                           	psect	cinit
   124     03FD                     start_initialization:	
   125                           ; #config settings
   126                           
   127     03FD                     __initialization:
   128     03FD                     end_of_initialization:	
   129                           ;End of C runtime variable initialization code
   130                           
   131     03FD                     __end_of__initialization:
   132     03FD  0183               	clrf	3
   133     03FE  2BD8               	ljmp	_main	;jump to C main() function
   134                           
   135                           	psect	cstackCOMMON
   136     0000                     __pcstackCOMMON:
   137     0000                     ??_port__init:
   138     0000                     ??_time__init:	
   139                           ; 1 bytes @ 0x0
   140                           
   141     0000                     ??_main__init:	
   142                           ; 1 bytes @ 0x0
   143                           
   144                           
   145                           	psect	cstackBANK0
   146     0020                     __pcstackBANK0:	
   147                           ; 1 bytes @ 0x0
   148                           
   149     0020                     ?_port__init:
   150     0020                     ?_time__init:	
   151                           ; 1 bytes @ 0x0
   152                           
   153     0020                     ?_main__init:	
   154                           ; 1 bytes @ 0x0
   155                           
   156     0020                     ?_main:	
   157                           ; 1 bytes @ 0x0
   158                           
   159     0020                     ??_main:	
   160                           ; 1 bytes @ 0x0
   161                           
   162                           
   163                           ; 1 bytes @ 0x0
   164     0020                     	ds	3
   165                           
   166                           	psect	maintext
   167     03D8                     __pmaintext:	
   168 ;;
   169 ;;Main: autosize = 0, tempsize = 3, incstack = 0, save=0
   170 ;;
   171 ;; *************** function _main *****************
   172 ;; Defined at:
   173 ;;		line 69 in file "port.c"
   174 ;; Parameters:    Size  Location     Type
   175 ;;		None
   176 ;; Auto vars:     Size  Location     Type
   177 ;;		None
   178 ;; Return value:  Size  Location     Type
   179 ;;                  1    wreg      void 
   180 ;; Registers used:
   181 ;;		wreg, status,2, status,0, pclath, cstack
   182 ;; Tracked objects:
   183 ;;		On entry : B00/0
   184 ;;		On exit  : 0/0
   185 ;;		Unchanged: 0/0
   186 ;; Data sizes:     COMMON   BANK0
   187 ;;      Params:         0       0
   188 ;;      Locals:         0       0
   189 ;;      Temps:          0       3
   190 ;;      Totals:         0       3
   191 ;;Total ram usage:        3 bytes
   192 ;; Hardware stack levels required when called: 2
   193 ;; This function calls:
   194 ;;		_main__init
   195 ;; This function is called by:
   196 ;;		Startup code after reset
   197 ;; This function uses a non-reentrant model
   198 ;;
   199                           
   200     03D8                     _main:	
   201                           ;psect for function _main
   202                           
   203     03D8                     l635:	
   204                           ;incstack = 0
   205                           ; Regs used in _main: [wreg+status,2+status,0+pclath+cstack]
   206                           
   207                           
   208                           ;port.c: 70:  main__init();
   209     03D8  23D5               	fcall	_main__init
   210     03D9                     l637:
   211                           
   212                           ;port.c: 71:  TRISC = 0b00000;
   213     03D9  1683               	bsf	3,5	;RP0=1, select bank1
   214     03DA  0187               	clrf	7	;volatile
   215     03DB                     l639:
   216                           
   217                           ;port.c: 73:   PORTC = 0b010101;
   218     03DB  3015               	movlw	21
   219     03DC  1283               	bcf	3,5	;RP0=0, select bank0
   220     03DD  0087               	movwf	7	;volatile
   221     03DE                     l641:
   222                           
   223                           ;port.c: 74:   _delay((unsigned long)((500)*(4000000/4000.0)));
   224     03DE  3003               	movlw	3
   225     03DF  00A2               	movwf	??_main+2
   226     03E0  308A               	movlw	138
   227     03E1  00A1               	movwf	??_main+1
   228     03E2  3055               	movlw	85
   229     03E3  00A0               	movwf	??_main
   230     03E4                     u17:
   231     03E4  0BA0               	decfsz	??_main,f
   232     03E5  2BE4               	goto	u17
   233     03E6  0BA1               	decfsz	??_main+1,f
   234     03E7  2BE4               	goto	u17
   235     03E8  0BA2               	decfsz	??_main+2,f
   236     03E9  2BE4               	goto	u17
   237     03EA  2BEB               	nop2
   238     03EB                     l643:
   239                           
   240                           ;port.c: 75:   PORTC = 0b101010;
   241     03EB  302A               	movlw	42
   242     03EC  1283               	bcf	3,5	;RP0=0, select bank0
   243     03ED  0087               	movwf	7	;volatile
   244     03EE                     l645:
   245                           
   246                           ;port.c: 76:   _delay((unsigned long)((500)*(4000000/4000.0)));
   247     03EE  3003               	movlw	3
   248     03EF  00A2               	movwf	??_main+2
   249     03F0  308A               	movlw	138
   250     03F1  00A1               	movwf	??_main+1
   251     03F2  3055               	movlw	85
   252     03F3  00A0               	movwf	??_main
   253     03F4                     u27:
   254     03F4  0BA0               	decfsz	??_main,f
   255     03F5  2BF4               	goto	u27
   256     03F6  0BA1               	decfsz	??_main+1,f
   257     03F7  2BF4               	goto	u27
   258     03F8  0BA2               	decfsz	??_main+2,f
   259     03F9  2BF4               	goto	u27
   260     03FA  2BFB               	nop2
   261     03FB  2BDB               	goto	l639
   262     03FC  2800               	ljmp	start
   263     03FD                     __end_of_main:
   264                           
   265                           	psect	text1
   266     03D5                     __ptext1:	
   267 ;; *************** function _main__init *****************
   268 ;; Defined at:
   269 ;;		line 57 in file "port.c"
   270 ;; Parameters:    Size  Location     Type
   271 ;;		None
   272 ;; Auto vars:     Size  Location     Type
   273 ;;		None
   274 ;; Return value:  Size  Location     Type
   275 ;;                  1    wreg      void 
   276 ;; Registers used:
   277 ;;		status,2, status,0, pclath, cstack
   278 ;; Tracked objects:
   279 ;;		On entry : 0/0
   280 ;;		On exit  : 0/0
   281 ;;		Unchanged: 0/0
   282 ;; Data sizes:     COMMON   BANK0
   283 ;;      Params:         0       0
   284 ;;      Locals:         0       0
   285 ;;      Temps:          0       0
   286 ;;      Totals:         0       0
   287 ;;Total ram usage:        0 bytes
   288 ;; Hardware stack levels used: 1
   289 ;; Hardware stack levels required when called: 1
   290 ;; This function calls:
   291 ;;		_port__init
   292 ;;		_time__init
   293 ;; This function is called by:
   294 ;;		_main
   295 ;; This function uses a non-reentrant model
   296 ;;
   297                           
   298     03D5                     _main__init:	
   299                           ;psect for function _main__init
   300                           
   301     03D5                     l633:	
   302                           ;incstack = 0
   303                           ; Regs used in _main__init: [status,2+status,0+pclath+cstack]
   304                           
   305                           
   306                           ;port.c: 58:  port__init();
   307     03D5  23D3               	fcall	_port__init
   308                           
   309                           ;port.c: 59:  time__init();
   310     03D6  23D4               	fcall	_time__init
   311     03D7                     l13:
   312     03D7  0008               	return
   313     03D8                     __end_of_main__init:
   314                           
   315                           	psect	text2
   316     03D4                     __ptext2:	
   317 ;; *************** function _time__init *****************
   318 ;; Defined at:
   319 ;;		line 66 in file "port.c"
   320 ;; Parameters:    Size  Location     Type
   321 ;;		None
   322 ;; Auto vars:     Size  Location     Type
   323 ;;		None
   324 ;; Return value:  Size  Location     Type
   325 ;;                  1    wreg      void 
   326 ;; Registers used:
   327 ;;		None
   328 ;; Tracked objects:
   329 ;;		On entry : 0/0
   330 ;;		On exit  : 0/0
   331 ;;		Unchanged: 0/0
   332 ;; Data sizes:     COMMON   BANK0
   333 ;;      Params:         0       0
   334 ;;      Locals:         0       0
   335 ;;      Temps:          0       0
   336 ;;      Totals:         0       0
   337 ;;Total ram usage:        0 bytes
   338 ;; Hardware stack levels used: 1
   339 ;; This function calls:
   340 ;;		Nothing
   341 ;; This function is called by:
   342 ;;		_main__init
   343 ;; This function uses a non-reentrant model
   344 ;;
   345                           
   346     03D4                     _time__init:	
   347                           ;psect for function _time__init
   348                           
   349     03D4                     l19:	
   350                           ;incstack = 0
   351                           ; Regs used in _time__init: []
   352                           
   353     03D4  0008               	return
   354     03D5                     __end_of_time__init:
   355                           
   356                           	psect	text3
   357     03D3                     __ptext3:	
   358 ;; *************** function _port__init *****************
   359 ;; Defined at:
   360 ;;		line 63 in file "port.c"
   361 ;; Parameters:    Size  Location     Type
   362 ;;		None
   363 ;; Auto vars:     Size  Location     Type
   364 ;;		None
   365 ;; Return value:  Size  Location     Type
   366 ;;                  1    wreg      void 
   367 ;; Registers used:
   368 ;;		None
   369 ;; Tracked objects:
   370 ;;		On entry : 0/0
   371 ;;		On exit  : 0/0
   372 ;;		Unchanged: 0/0
   373 ;; Data sizes:     COMMON   BANK0
   374 ;;      Params:         0       0
   375 ;;      Locals:         0       0
   376 ;;      Temps:          0       0
   377 ;;      Totals:         0       0
   378 ;;Total ram usage:        0 bytes
   379 ;; Hardware stack levels used: 1
   380 ;; This function calls:
   381 ;;		Nothing
   382 ;; This function is called by:
   383 ;;		_main__init
   384 ;; This function uses a non-reentrant model
   385 ;;
   386                           
   387     03D3                     _port__init:	
   388                           ;psect for function _port__init
   389                           
   390     03D3                     l16:	
   391                           ;incstack = 0
   392                           ; Regs used in _port__init: []
   393                           
   394     03D3  0008               	return
   395     03D4                     __end_of_port__init:
   396     005E                     btemp	set	94	;btemp
   397     005E                     wtemp0	set	94
   398                           
   399                           	psect	config
   400                           
   401                           ;Config register CONFIG @ 0x2007
   402                           ;	Oscillator Selection bits
   403                           ;	FOSC = INTRCIO, INTOSC oscillator: I/O function on RA4/OSC2/CLKOUT pin, I/O function o
      +                          n RA5/OSC1/CLKIN
   404                           ;	Watchdog Timer Enable bit
   405                           ;	WDTE = OFF, WDT disabled
   406                           ;	Power-up Timer Enable bit
   407                           ;	PWRTE = OFF, PWRT disabled
   408                           ;	RA3/MCLR pin function select
   409                           ;	MCLRE = OFF, RA3/MCLR pin function is digital I/O, MCLR internally tied to VDD
   410                           ;	Brown-out Detect Enable bit
   411                           ;	BOREN = OFF, BOD disabled
   412                           ;	Code Protection bit
   413                           ;	CP = OFF, Program Memory code protection is disabled
   414                           ;	Data Code Protection bit
   415                           ;	CPD = OFF, Data memory code protection is disabled
   416     2007                     	org	8199
   417     2007  3F94               	dw	16276

Data Sizes:
    Strings     0
    Constant    0
    Data        0
    BSS         0
    Persistent  0
    Stack       0

Auto Spaces:
    Space          Size  Autos    Used
    COMMON            0      0       0
    BANK0            62      3       3

Pointer List with Targets:

    None.

Critical Paths under _main in COMMON

    None.

Critical Paths under _main in BANK0

    None.

Call Graph Tables:

 ---------------------------------------------------------------------------------
 (Depth) Function   	        Calls       Base Space   Used Autos Params    Refs
 ---------------------------------------------------------------------------------
 (0) _main                                                 3     3      0       0
                                              0 BANK0      3     3      0
                         _main__init
 ---------------------------------------------------------------------------------
 (1) _main__init                                           0     0      0       0
                         _port__init
                         _time__init
 ---------------------------------------------------------------------------------
 (2) _time__init                                           0     0      0       0
 ---------------------------------------------------------------------------------
 (2) _port__init                                           0     0      0       0
 ---------------------------------------------------------------------------------
 Estimated maximum stack depth 2
 ---------------------------------------------------------------------------------

 Call Graph Graphs:

 _main (ROOT)
   _main__init
     _port__init
     _time__init

 Address spaces:
Name               Size   Autos  Total    Cost      Usage
BITCOMMON            0      0       0       0        0.0%
EEDATA              80      0       0       0        0.0%
NULL                 0      0       0       0        0.0%
CODE                 0      0       0       0        0.0%
BITSFR0              0      0       0       1        0.0%
SFR0                 0      0       0       1        0.0%
COMMON               0      0       0       1        0.0%
BITSFR1              0      0       0       2        0.0%
SFR1                 0      0       0       2        0.0%
STACK                0      0       0       2        0.0%
BITBANK0            3E      0       0       3        0.0%
BANK0               3E      3       3       4        4.8%
ABS                  0      0       0       5        0.0%
DATA                 0      0       0       6        0.0%


Microchip Technology PIC Macro Assembler V2.41 build 20230208172133 
Symbol Table                                                                                   Mon Mar 18 16:24:00 2024

                     l13 03D7                       l16 03D3                       l19 03D4  
                     u17 03E4                       u27 03F4                      l633 03D5  
                    l641 03DE                      l643 03EB                      l635 03D8  
                    l645 03EE                      l637 03D9                      l639 03DB  
                   _main 03D8                     btemp 005E                     start 0000  
                  ?_main 0020                    _PORTC 0007                    _TRISC 0087  
                  status 0003                    wtemp0 005E          __initialization 03FD  
           __end_of_main 03FD                   ??_main 0020  __end_of__initialization 03FD  
         __pcstackCOMMON 0000               __pmaintext 03D8               _main__init 03D5  
                __ptext1 03D5                  __ptext2 03D4                  __ptext3 03D3  
   end_of_initialization 03FD               _time__init 03D4               _port__init 03D3  
            ?_main__init 0020      start_initialization 03FD              ?_time__init 0020  
            ?_port__init 0020                ___latbits 0000            __pcstackBANK0 0020  
           ??_main__init 0000       __end_of_main__init 03D8             ??_time__init 0000  
           ??_port__init 0000       __end_of_time__init 03D5       __end_of_port__init 03D4  
