

Microchip MPLAB XC8 Assembler V2.41 build 20230208172133 
                                                                                                           Thu Mar 21 12:42:41 2024


     1                           	processor	16F886
     2                           	pagewidth 132
     3                           	psect	code,global,class=CODE,delta=2
     4                           	psect	powerup,global,class=CODE,delta=2
     5                           	psect	reset_vec,global,class=CODE,delta=2
     6                           	psect	maintext,global,class=CODE,delta=2
     7                           	psect	eeprom_data,global,class=EEDATA,space=3,delta=2,noexec
     8                           	psect	intentry,global,class=CODE,delta=2
     9                           	psect	functab,global,class=ENTRY,delta=2
    10                           	psect	init,global,class=CODE,delta=2
    11                           	psect	cinit,global,class=CODE,delta=2
    12                           	psect	text,global,class=CODE,delta=2
    13                           	psect	end_init,global,class=CODE,delta=2
    14                           	psect	clrtext,global,class=CODE,delta=2
    15                           	psect	strings,global,reloc=256,class=CODE,delta=2
    16                           	psect	stack,global,class=STACK,space=2,delta=1,noexec
    17                           	psect	common,global,class=COMMON,space=1,delta=1
    18                           	psect	bank0,global,class=BANK0,space=1,delta=1
    19                           	psect	bank1,global,class=BANK1,space=1,delta=1
    20                           	psect	bank2,global,class=BANK2,space=1,delta=1
    21                           	psect	bank3,global,class=BANK3,space=1,delta=1
    22                           	psect	ram,global,class=RAM,space=1,delta=1
    23                           	psect	abs1,global,class=ABS1,space=1,delta=1
    24                           	psect	sfr0,global,class=SFR0,space=1,delta=1
    25                           	psect	sfr1,global,class=SFR1,space=1,delta=1
    26                           	psect	sfr2,global,class=SFR2,space=1,delta=1
    27                           	psect	sfr3,global,class=SFR3,space=1,delta=1
    28                           
    29                           	psect	reset_vec
    30     0000                     reset_vec:
    31                           
    32                           	psect	maintext
    33                           
    34                           ; Microchip MPLAB XC8 C Compiler V2.41
    35                           ; Copyright (C) 2023 Microchip Technology Inc.
    36                           ; Auto-generated runtime startup code for final link stage.
    37                           ;
    38                           ; Compiler options:
    39                           ;
    40                           ; -q --opt=none --chip=16f886 -Mdist/default/debug/ADC.X.debug.map \
    41                           ; -D__DEBUG=1 --debugger=none -DXPRJ_default=default \
    42                           ; -L--defsym=__MPLAB_BUILD=1 \
    43                           ; --dfp=C:/Program Files/Microchip/MPLABX/v6.15/packs/Microchip/PIC16Fxxx_DFP/1.4.149/xc8 \
    44                           ; --std=c99 --output=+elf:multilocs --stack=compiled:auto:auto \
    45                           ; --summary=+xml --summarydir=dist/default/debug/memoryfile.xml \
    46                           ; -oADC.X.debug.elf --objdir=dist/default/debug \
    47                           ; --outdir=dist/default/debug build/default/debug/adc.p1 \
    48                           ; -L--fixupoverflow=error --callgraph=none --warn=-3 \
    49                           ; --errformat=%f:%l:%c: error: (%n) %s \
    50                           ; --warnformat=%f:%l:%c: warning: (%n) %s \
    51                           ; --msgformat=%f:%l:%c: advisory: (%n) %s
    52                           ;
    53     0000                     C	set	0
    54     0002                     Z	set	2
    55     0002                     PCL	set	2
    56     0000                     INDF	set	0
    57     000A                     
    58                           	psect	functab
    59     0000                     intlevel0:
    60     0000                     intlevel1:
    61     0000                     intlevel2:
    62     0000                     intlevel3:
    63     0000                     intlevel4:
    64     0000                     intlevel5:
    65                           
    66                           	psect	init
    67     0000                     start:	
    68                           ; No powerup routine
    69                           ; No interrupt routine
    70                           
    71                           
    72                           	psect	end_init
    73     0000  120A  118A  2FFC   	ljmp	start_initialization	;jump to C runtime clear & initialization
    74                           
    75                           	psect	clrtext
    76     0004                     FSR	set	4
    77                           
    78                           	psect	strings
    79     0000                     
    80                           	psect	stack
    81     0000                     ___sp:
    82     0000                     ___int_sp:


Microchip Technology PIC Macro Assembler V2.41 build 20230208172133 
Symbol Table                                                                                               Thu Mar 21 12:42:41 2024

               ___sp 0000                 _main 0759                 start 0000  start_initialization 07FC  
          ___stackhi 0000            ___stacklo 0000             ___int_sp 0000             intlevel0 0000  
           intlevel1 0000             intlevel2 0000             intlevel3 0000             intlevel4 0000  
           intlevel5 0000             reset_vec 0000  
