ARM GAS  C:\Users\Usuario\AppData\Local\Temp\ccr0LJi0.s 			page 1


   1              		.syntax unified
   2              		.cpu cortex-m0
   3              		.fpu softvfp
   4              		.eabi_attribute 20, 1
   5              		.eabi_attribute 21, 1
   6              		.eabi_attribute 23, 3
   7              		.eabi_attribute 24, 1
   8              		.eabi_attribute 25, 1
   9              		.eabi_attribute 26, 1
  10              		.eabi_attribute 30, 1
  11              		.eabi_attribute 34, 0
  12              		.eabi_attribute 18, 4
  13              		.thumb
  14              		.syntax unified
  15              		.file	"cyfitter_cfg.c"
  16              		.text
  17              	.Ltext0:
  18              		.cfi_sections	.debug_frame
  19              		.section	.text.CYMEMZERO,"ax",%progbits
  20              		.align	2
  21              		.code	16
  22              		.thumb_func
  23              		.type	CYMEMZERO, %function
  24              	CYMEMZERO:
  25              	.LFB0:
  26              		.file 1 "Generated_Source\\PSoC4\\cyfitter_cfg.c"
   1:Generated_Source\PSoC4/cyfitter_cfg.c **** 
   2:Generated_Source\PSoC4/cyfitter_cfg.c **** /*******************************************************************************
   3:Generated_Source\PSoC4/cyfitter_cfg.c **** * File Name: cyfitter_cfg.c
   4:Generated_Source\PSoC4/cyfitter_cfg.c **** * 
   5:Generated_Source\PSoC4/cyfitter_cfg.c **** * PSoC Creator  4.4
   6:Generated_Source\PSoC4/cyfitter_cfg.c **** *
   7:Generated_Source\PSoC4/cyfitter_cfg.c **** * Description:
   8:Generated_Source\PSoC4/cyfitter_cfg.c **** * This file contains device initialization code.
   9:Generated_Source\PSoC4/cyfitter_cfg.c **** * Except for the user defined sections in CyClockStartupError(), this file should not be modified.
  10:Generated_Source\PSoC4/cyfitter_cfg.c **** * This file is automatically generated by PSoC Creator.
  11:Generated_Source\PSoC4/cyfitter_cfg.c **** *
  12:Generated_Source\PSoC4/cyfitter_cfg.c **** ********************************************************************************
  13:Generated_Source\PSoC4/cyfitter_cfg.c **** * Copyright (c) 2007-2020 Cypress Semiconductor.  All rights reserved.
  14:Generated_Source\PSoC4/cyfitter_cfg.c **** * You may use this file only in accordance with the license, terms, conditions, 
  15:Generated_Source\PSoC4/cyfitter_cfg.c **** * disclaimers, and limitations in the end user license agreement accompanying 
  16:Generated_Source\PSoC4/cyfitter_cfg.c **** * the software package with which this file was provided.
  17:Generated_Source\PSoC4/cyfitter_cfg.c **** ********************************************************************************/
  18:Generated_Source\PSoC4/cyfitter_cfg.c **** 
  19:Generated_Source\PSoC4/cyfitter_cfg.c **** #include <string.h>
  20:Generated_Source\PSoC4/cyfitter_cfg.c **** #include "cytypes.h"
  21:Generated_Source\PSoC4/cyfitter_cfg.c **** #include "cydevice_trm.h"
  22:Generated_Source\PSoC4/cyfitter_cfg.c **** #include "cyfitter.h"
  23:Generated_Source\PSoC4/cyfitter_cfg.c **** #include "CyLib.h"
  24:Generated_Source\PSoC4/cyfitter_cfg.c **** #include "CyLFClk.h"
  25:Generated_Source\PSoC4/cyfitter_cfg.c **** #include "cyfitter_cfg.h"
  26:Generated_Source\PSoC4/cyfitter_cfg.c **** #include "cyapicallbacks.h"
  27:Generated_Source\PSoC4/cyfitter_cfg.c **** 
  28:Generated_Source\PSoC4/cyfitter_cfg.c **** 
  29:Generated_Source\PSoC4/cyfitter_cfg.c **** #if defined(__GNUC__) || defined(__ARMCC_VERSION)
  30:Generated_Source\PSoC4/cyfitter_cfg.c ****     #define CYPACKED 
  31:Generated_Source\PSoC4/cyfitter_cfg.c ****     #define CYPACKED_ATTR __attribute__ ((packed))
ARM GAS  C:\Users\Usuario\AppData\Local\Temp\ccr0LJi0.s 			page 2


  32:Generated_Source\PSoC4/cyfitter_cfg.c ****     #define CYALIGNED __attribute__ ((aligned))
  33:Generated_Source\PSoC4/cyfitter_cfg.c ****     #define CY_CFG_UNUSED __attribute__ ((unused))
  34:Generated_Source\PSoC4/cyfitter_cfg.c ****     #ifndef CY_CFG_SECTION
  35:Generated_Source\PSoC4/cyfitter_cfg.c ****         #define CY_CFG_SECTION __attribute__ ((section(".psocinit")))
  36:Generated_Source\PSoC4/cyfitter_cfg.c ****     #endif
  37:Generated_Source\PSoC4/cyfitter_cfg.c ****     
  38:Generated_Source\PSoC4/cyfitter_cfg.c ****     #if defined(__ARMCC_VERSION)
  39:Generated_Source\PSoC4/cyfitter_cfg.c ****         #define CY_CFG_MEMORY_BARRIER() __memory_changed()
  40:Generated_Source\PSoC4/cyfitter_cfg.c ****     #else
  41:Generated_Source\PSoC4/cyfitter_cfg.c ****         #define CY_CFG_MEMORY_BARRIER() __sync_synchronize()
  42:Generated_Source\PSoC4/cyfitter_cfg.c ****     #endif
  43:Generated_Source\PSoC4/cyfitter_cfg.c ****     
  44:Generated_Source\PSoC4/cyfitter_cfg.c **** #elif defined(__ICCARM__)
  45:Generated_Source\PSoC4/cyfitter_cfg.c ****     #include <intrinsics.h>
  46:Generated_Source\PSoC4/cyfitter_cfg.c **** 
  47:Generated_Source\PSoC4/cyfitter_cfg.c ****     #define CYPACKED __packed
  48:Generated_Source\PSoC4/cyfitter_cfg.c ****     #define CYPACKED_ATTR 
  49:Generated_Source\PSoC4/cyfitter_cfg.c ****     #define CYALIGNED _Pragma("data_alignment=4")
  50:Generated_Source\PSoC4/cyfitter_cfg.c ****     #define CY_CFG_UNUSED _Pragma("diag_suppress=Pe177")
  51:Generated_Source\PSoC4/cyfitter_cfg.c ****     #define CY_CFG_SECTION _Pragma("location=\".psocinit\"")
  52:Generated_Source\PSoC4/cyfitter_cfg.c ****     
  53:Generated_Source\PSoC4/cyfitter_cfg.c ****     #define CY_CFG_MEMORY_BARRIER() __DMB()
  54:Generated_Source\PSoC4/cyfitter_cfg.c ****     
  55:Generated_Source\PSoC4/cyfitter_cfg.c **** #else
  56:Generated_Source\PSoC4/cyfitter_cfg.c ****     #error Unsupported toolchain
  57:Generated_Source\PSoC4/cyfitter_cfg.c **** #endif
  58:Generated_Source\PSoC4/cyfitter_cfg.c **** 
  59:Generated_Source\PSoC4/cyfitter_cfg.c **** #ifndef CYCODE
  60:Generated_Source\PSoC4/cyfitter_cfg.c ****     #define CYCODE
  61:Generated_Source\PSoC4/cyfitter_cfg.c **** #endif
  62:Generated_Source\PSoC4/cyfitter_cfg.c **** #ifndef CYDATA
  63:Generated_Source\PSoC4/cyfitter_cfg.c ****     #define CYDATA
  64:Generated_Source\PSoC4/cyfitter_cfg.c **** #endif
  65:Generated_Source\PSoC4/cyfitter_cfg.c **** #ifndef CYFAR
  66:Generated_Source\PSoC4/cyfitter_cfg.c ****     #define CYFAR
  67:Generated_Source\PSoC4/cyfitter_cfg.c **** #endif
  68:Generated_Source\PSoC4/cyfitter_cfg.c **** #ifndef CYXDATA
  69:Generated_Source\PSoC4/cyfitter_cfg.c ****     #define CYXDATA
  70:Generated_Source\PSoC4/cyfitter_cfg.c **** #endif
  71:Generated_Source\PSoC4/cyfitter_cfg.c **** 
  72:Generated_Source\PSoC4/cyfitter_cfg.c **** 
  73:Generated_Source\PSoC4/cyfitter_cfg.c **** CY_CFG_UNUSED
  74:Generated_Source\PSoC4/cyfitter_cfg.c **** static void CYMEMZERO(void *s, size_t n);
  75:Generated_Source\PSoC4/cyfitter_cfg.c **** CY_CFG_UNUSED
  76:Generated_Source\PSoC4/cyfitter_cfg.c **** static void CYMEMZERO(void *s, size_t n)
  77:Generated_Source\PSoC4/cyfitter_cfg.c **** {
  27              		.loc 1 77 0
  28              		.cfi_startproc
  29              		@ args = 0, pretend = 0, frame = 0
  30              		@ frame_needed = 0, uses_anonymous_args = 0
  31              	.LVL0:
  32 0000 10B5     		push	{r4, lr}
  33              		.cfi_def_cfa_offset 8
  34              		.cfi_offset 4, -8
  35              		.cfi_offset 14, -4
  36 0002 0A00     		movs	r2, r1
  78:Generated_Source\PSoC4/cyfitter_cfg.c **** 	(void)memset(s, 0, n);
ARM GAS  C:\Users\Usuario\AppData\Local\Temp\ccr0LJi0.s 			page 3


  37              		.loc 1 78 0
  38 0004 0021     		movs	r1, #0
  39              	.LVL1:
  40 0006 FFF7FEFF 		bl	memset
  41              	.LVL2:
  79:Generated_Source\PSoC4/cyfitter_cfg.c **** }
  42              		.loc 1 79 0
  43              		@ sp needed
  44 000a 10BD     		pop	{r4, pc}
  45              		.cfi_endproc
  46              	.LFE0:
  47              		.size	CYMEMZERO, .-CYMEMZERO
  48              		.section	.psocinit,"ax",%progbits
  49              		.align	2
  50              		.code	16
  51              		.thumb_func
  52              		.type	ClockSetup, %function
  53              	ClockSetup:
  54              	.LFB3:
  80:Generated_Source\PSoC4/cyfitter_cfg.c **** CY_CFG_UNUSED
  81:Generated_Source\PSoC4/cyfitter_cfg.c **** static void CYCONFIGCPY(void *dest, const void *src, size_t n);
  82:Generated_Source\PSoC4/cyfitter_cfg.c **** CY_CFG_UNUSED
  83:Generated_Source\PSoC4/cyfitter_cfg.c **** static void CYCONFIGCPY(void *dest, const void *src, size_t n)
  84:Generated_Source\PSoC4/cyfitter_cfg.c **** {
  85:Generated_Source\PSoC4/cyfitter_cfg.c **** 	(void)memcpy(dest, src, n);
  86:Generated_Source\PSoC4/cyfitter_cfg.c **** }
  87:Generated_Source\PSoC4/cyfitter_cfg.c **** CY_CFG_UNUSED
  88:Generated_Source\PSoC4/cyfitter_cfg.c **** static void CYCONFIGCPYCODE(void *dest, const void *src, size_t n);
  89:Generated_Source\PSoC4/cyfitter_cfg.c **** CY_CFG_UNUSED
  90:Generated_Source\PSoC4/cyfitter_cfg.c **** static void CYCONFIGCPYCODE(void *dest, const void *src, size_t n)
  91:Generated_Source\PSoC4/cyfitter_cfg.c **** {
  92:Generated_Source\PSoC4/cyfitter_cfg.c **** 	(void)memcpy(dest, src, n);
  93:Generated_Source\PSoC4/cyfitter_cfg.c **** }
  94:Generated_Source\PSoC4/cyfitter_cfg.c **** 
  95:Generated_Source\PSoC4/cyfitter_cfg.c **** 
  96:Generated_Source\PSoC4/cyfitter_cfg.c **** 
  97:Generated_Source\PSoC4/cyfitter_cfg.c **** 
  98:Generated_Source\PSoC4/cyfitter_cfg.c **** /* Clock startup error codes                                                   */
  99:Generated_Source\PSoC4/cyfitter_cfg.c **** #define CYCLOCKSTART_NO_ERROR    0u
 100:Generated_Source\PSoC4/cyfitter_cfg.c **** #define CYCLOCKSTART_XTAL_ERROR  1u
 101:Generated_Source\PSoC4/cyfitter_cfg.c **** #define CYCLOCKSTART_32KHZ_ERROR 2u
 102:Generated_Source\PSoC4/cyfitter_cfg.c **** #define CYCLOCKSTART_PLL_ERROR   3u
 103:Generated_Source\PSoC4/cyfitter_cfg.c **** #define CYCLOCKSTART_FLL_ERROR   4u
 104:Generated_Source\PSoC4/cyfitter_cfg.c **** #define CYCLOCKSTART_WCO_ERROR   5u
 105:Generated_Source\PSoC4/cyfitter_cfg.c **** 
 106:Generated_Source\PSoC4/cyfitter_cfg.c **** 
 107:Generated_Source\PSoC4/cyfitter_cfg.c **** #ifdef CY_NEED_CYCLOCKSTARTUPERROR
 108:Generated_Source\PSoC4/cyfitter_cfg.c **** /*******************************************************************************
 109:Generated_Source\PSoC4/cyfitter_cfg.c **** * Function Name: CyClockStartupError
 110:Generated_Source\PSoC4/cyfitter_cfg.c **** ********************************************************************************
 111:Generated_Source\PSoC4/cyfitter_cfg.c **** * Summary:
 112:Generated_Source\PSoC4/cyfitter_cfg.c **** *  If an error is encountered during clock configuration (crystal startup error,
 113:Generated_Source\PSoC4/cyfitter_cfg.c **** *  PLL lock error, etc.), the system will end up here.  Unless reimplemented by
 114:Generated_Source\PSoC4/cyfitter_cfg.c **** *  the customer, this function will stop in an infinite loop.
 115:Generated_Source\PSoC4/cyfitter_cfg.c **** *
 116:Generated_Source\PSoC4/cyfitter_cfg.c **** * Parameters:
 117:Generated_Source\PSoC4/cyfitter_cfg.c **** *   void
ARM GAS  C:\Users\Usuario\AppData\Local\Temp\ccr0LJi0.s 			page 4


 118:Generated_Source\PSoC4/cyfitter_cfg.c **** *
 119:Generated_Source\PSoC4/cyfitter_cfg.c **** * Return:
 120:Generated_Source\PSoC4/cyfitter_cfg.c **** *   void
 121:Generated_Source\PSoC4/cyfitter_cfg.c **** *
 122:Generated_Source\PSoC4/cyfitter_cfg.c **** *******************************************************************************/
 123:Generated_Source\PSoC4/cyfitter_cfg.c **** CY_CFG_UNUSED
 124:Generated_Source\PSoC4/cyfitter_cfg.c **** static void CyClockStartupError(uint8 errorCode);
 125:Generated_Source\PSoC4/cyfitter_cfg.c **** CY_CFG_UNUSED
 126:Generated_Source\PSoC4/cyfitter_cfg.c **** static void CyClockStartupError(uint8 errorCode)
 127:Generated_Source\PSoC4/cyfitter_cfg.c **** {
 128:Generated_Source\PSoC4/cyfitter_cfg.c ****     /* To remove the compiler warning if errorCode not used.                */
 129:Generated_Source\PSoC4/cyfitter_cfg.c ****     errorCode = errorCode;
 130:Generated_Source\PSoC4/cyfitter_cfg.c **** 
 131:Generated_Source\PSoC4/cyfitter_cfg.c ****     /* If we have a clock startup error (bad MHz crystal, PLL lock, etc.),  */
 132:Generated_Source\PSoC4/cyfitter_cfg.c ****     /* we will end up here to allow the customer to implement something to  */
 133:Generated_Source\PSoC4/cyfitter_cfg.c ****     /* deal with the clock condition.                                       */
 134:Generated_Source\PSoC4/cyfitter_cfg.c **** 
 135:Generated_Source\PSoC4/cyfitter_cfg.c **** #ifdef CY_CFG_CLOCK_STARTUP_ERROR_CALLBACK
 136:Generated_Source\PSoC4/cyfitter_cfg.c ****     CY_CFG_Clock_Startup_ErrorCallback();
 137:Generated_Source\PSoC4/cyfitter_cfg.c **** #else
 138:Generated_Source\PSoC4/cyfitter_cfg.c ****     /*  If not using CY_CFG_CLOCK_STARTUP_ERROR_CALLBACK, place your clock startup code here. */
 139:Generated_Source\PSoC4/cyfitter_cfg.c ****     /* `#START CyClockStartupError` */
 140:Generated_Source\PSoC4/cyfitter_cfg.c **** 
 141:Generated_Source\PSoC4/cyfitter_cfg.c **** 
 142:Generated_Source\PSoC4/cyfitter_cfg.c **** 
 143:Generated_Source\PSoC4/cyfitter_cfg.c ****     /* `#END` */
 144:Generated_Source\PSoC4/cyfitter_cfg.c **** 
 145:Generated_Source\PSoC4/cyfitter_cfg.c ****     while(1) {}
 146:Generated_Source\PSoC4/cyfitter_cfg.c **** #endif /* CY_CFG_CLOCK_STARTUP_ERROR_CALLBACK */
 147:Generated_Source\PSoC4/cyfitter_cfg.c **** }
 148:Generated_Source\PSoC4/cyfitter_cfg.c **** #endif
 149:Generated_Source\PSoC4/cyfitter_cfg.c **** 
 150:Generated_Source\PSoC4/cyfitter_cfg.c **** 
 151:Generated_Source\PSoC4/cyfitter_cfg.c **** 
 152:Generated_Source\PSoC4/cyfitter_cfg.c **** /*******************************************************************************
 153:Generated_Source\PSoC4/cyfitter_cfg.c **** * Function Name: ClockSetup
 154:Generated_Source\PSoC4/cyfitter_cfg.c **** ********************************************************************************
 155:Generated_Source\PSoC4/cyfitter_cfg.c **** *
 156:Generated_Source\PSoC4/cyfitter_cfg.c **** * Summary:
 157:Generated_Source\PSoC4/cyfitter_cfg.c **** *   Performs the initialization of all of the clocks in the device based on the
 158:Generated_Source\PSoC4/cyfitter_cfg.c **** *   settings in the Clock tab of the DWR.  This includes enabling the requested
 159:Generated_Source\PSoC4/cyfitter_cfg.c **** *   clocks and setting the necessary dividers to produce the desired frequency. 
 160:Generated_Source\PSoC4/cyfitter_cfg.c **** *
 161:Generated_Source\PSoC4/cyfitter_cfg.c **** * Parameters:
 162:Generated_Source\PSoC4/cyfitter_cfg.c **** *   void
 163:Generated_Source\PSoC4/cyfitter_cfg.c **** *
 164:Generated_Source\PSoC4/cyfitter_cfg.c **** * Return:
 165:Generated_Source\PSoC4/cyfitter_cfg.c **** *   void
 166:Generated_Source\PSoC4/cyfitter_cfg.c **** *
 167:Generated_Source\PSoC4/cyfitter_cfg.c **** *******************************************************************************/
 168:Generated_Source\PSoC4/cyfitter_cfg.c **** static void ClockSetup(void);
 169:Generated_Source\PSoC4/cyfitter_cfg.c **** CY_CFG_SECTION
 170:Generated_Source\PSoC4/cyfitter_cfg.c **** static void ClockSetup(void)
 171:Generated_Source\PSoC4/cyfitter_cfg.c **** {
  55              		.loc 1 171 0
  56              		.cfi_startproc
  57              		@ args = 0, pretend = 0, frame = 0
ARM GAS  C:\Users\Usuario\AppData\Local\Temp\ccr0LJi0.s 			page 5


  58              		@ frame_needed = 0, uses_anonymous_args = 0
  59 0000 70B5     		push	{r4, r5, r6, lr}
  60              		.cfi_def_cfa_offset 16
  61              		.cfi_offset 4, -16
  62              		.cfi_offset 5, -12
  63              		.cfi_offset 6, -8
  64              		.cfi_offset 14, -4
 172:Generated_Source\PSoC4/cyfitter_cfg.c **** 	/* Enable HALF_EN before trimming for the flash accelerator. */
 173:Generated_Source\PSoC4/cyfitter_cfg.c **** 	CY_SET_REG32((void CYXDATA *)(CYREG_CLK_SELECT), (CY_GET_REG32((void *)CYREG_CLK_SELECT) | 0x00040
  65              		.loc 1 173 0
  66 0002 1C4C     		ldr	r4, .L3
  67 0004 2368     		ldr	r3, [r4]
  68 0006 8022     		movs	r2, #128
  69 0008 D202     		lsls	r2, r2, #11
  70 000a 1343     		orrs	r3, r2
  71 000c 2360     		str	r3, [r4]
 174:Generated_Source\PSoC4/cyfitter_cfg.c **** 
 175:Generated_Source\PSoC4/cyfitter_cfg.c **** 	/* Setup and trim IMO based on desired frequency. */
 176:Generated_Source\PSoC4/cyfitter_cfg.c **** 	CySysClkWriteImoFreq(24u);
  72              		.loc 1 176 0
  73 000e 1820     		movs	r0, #24
  74 0010 FFF7FEFF 		bl	CySysClkWriteImoFreq
  75              	.LVL3:
 177:Generated_Source\PSoC4/cyfitter_cfg.c **** 
 178:Generated_Source\PSoC4/cyfitter_cfg.c **** 	/* Disable HALF_EN since it is not required at this IMO frequency. */
 179:Generated_Source\PSoC4/cyfitter_cfg.c **** 	CY_SET_REG32((void CYXDATA *)(CYREG_CLK_SELECT), (CY_GET_REG32((void *)CYREG_CLK_SELECT) & 0xFFFBF
  76              		.loc 1 179 0
  77 0014 2268     		ldr	r2, [r4]
  78 0016 184B     		ldr	r3, .L3+4
  79 0018 1340     		ands	r3, r2
  80 001a 2360     		str	r3, [r4]
 180:Generated_Source\PSoC4/cyfitter_cfg.c **** 	/* CYDEV_CLK_ILO_CONFIG Starting address: CYDEV_CLK_ILO_CONFIG */
 181:Generated_Source\PSoC4/cyfitter_cfg.c **** 	CY_SET_REG32((void *)(CYREG_CLK_ILO_CONFIG), 0x80000006u);
  81              		.loc 1 181 0
  82 001c 174A     		ldr	r2, .L3+8
  83 001e 184B     		ldr	r3, .L3+12
  84 0020 1A60     		str	r2, [r3]
 182:Generated_Source\PSoC4/cyfitter_cfg.c **** 
 183:Generated_Source\PSoC4/cyfitter_cfg.c **** 
 184:Generated_Source\PSoC4/cyfitter_cfg.c **** 	/* CYDEV_CLK_SELECT00 Starting address: CYDEV_CLK_SELECT00 */
 185:Generated_Source\PSoC4/cyfitter_cfg.c **** 	CY_SET_REG32((void *)(CYREG_CLK_SELECT02), 0x00000030u);
  85              		.loc 1 185 0
  86 0022 3022     		movs	r2, #48
  87 0024 174B     		ldr	r3, .L3+16
  88 0026 1A60     		str	r2, [r3]
 186:Generated_Source\PSoC4/cyfitter_cfg.c **** 	CY_SET_REG32((void *)(CYREG_CLK_SELECT07), 0x00000020u);
  89              		.loc 1 186 0
  90 0028 103A     		subs	r2, r2, #16
  91 002a 174B     		ldr	r3, .L3+20
  92 002c 1A60     		str	r2, [r3]
 187:Generated_Source\PSoC4/cyfitter_cfg.c **** 	CY_SET_REG32((void *)(CYREG_CLK_SELECT08), 0x00000010u);
  93              		.loc 1 187 0
  94 002e 1023     		movs	r3, #16
  95 0030 164A     		ldr	r2, .L3+24
  96 0032 1360     		str	r3, [r2]
 188:Generated_Source\PSoC4/cyfitter_cfg.c **** 	CY_SET_REG32((void *)(CYREG_CLK_SELECT09), 0x00000010u);
  97              		.loc 1 188 0
ARM GAS  C:\Users\Usuario\AppData\Local\Temp\ccr0LJi0.s 			page 6


  98 0034 164A     		ldr	r2, .L3+28
  99 0036 1360     		str	r3, [r2]
 189:Generated_Source\PSoC4/cyfitter_cfg.c **** 	CY_SET_REG32((void *)(CYREG_CLK_SELECT10), 0x00000010u);
 100              		.loc 1 189 0
 101 0038 164A     		ldr	r2, .L3+32
 102 003a 1360     		str	r3, [r2]
 190:Generated_Source\PSoC4/cyfitter_cfg.c **** 	CY_SET_REG32((void *)(CYREG_CLK_SELECT11), 0x00000010u);
 103              		.loc 1 190 0
 104 003c 164A     		ldr	r2, .L3+36
 105 003e 1360     		str	r3, [r2]
 191:Generated_Source\PSoC4/cyfitter_cfg.c **** 
 192:Generated_Source\PSoC4/cyfitter_cfg.c **** 	/* CYDEV_CLK_IMO_CONFIG Starting address: CYDEV_CLK_IMO_CONFIG */
 193:Generated_Source\PSoC4/cyfitter_cfg.c **** 	CY_SET_REG32((void *)(CYREG_CLK_IMO_CONFIG), 0x82000000u);
 106              		.loc 1 193 0
 107 0040 8222     		movs	r2, #130
 108 0042 1206     		lsls	r2, r2, #24
 109 0044 154B     		ldr	r3, .L3+40
 110 0046 1A60     		str	r2, [r3]
 194:Generated_Source\PSoC4/cyfitter_cfg.c **** 
 195:Generated_Source\PSoC4/cyfitter_cfg.c **** 	/* CYDEV_CLK_SELECT Starting address: CYDEV_CLK_SELECT */
 196:Generated_Source\PSoC4/cyfitter_cfg.c **** 	CY_SET_REG32((void *)(CYREG_CLK_SELECT), 0x00000000u);
 111              		.loc 1 196 0
 112 0048 0025     		movs	r5, #0
 113 004a 2560     		str	r5, [r4]
 197:Generated_Source\PSoC4/cyfitter_cfg.c **** 
 198:Generated_Source\PSoC4/cyfitter_cfg.c **** 	/* CYDEV_CLK_DIVIDER_A00 Starting address: CYDEV_CLK_DIVIDER_A00 */
 199:Generated_Source\PSoC4/cyfitter_cfg.c **** 	CY_SET_REG32((void *)(CYREG_CLK_DIVIDER_A00), 0x80000000u);
 114              		.loc 1 199 0
 115 004c 8022     		movs	r2, #128
 116 004e 1206     		lsls	r2, r2, #24
 117 0050 134B     		ldr	r3, .L3+44
 118 0052 1A60     		str	r2, [r3]
 200:Generated_Source\PSoC4/cyfitter_cfg.c **** 
 201:Generated_Source\PSoC4/cyfitter_cfg.c **** 	/* CYDEV_CLK_DIVIDER_B00 Starting address: CYDEV_CLK_DIVIDER_B00 */
 202:Generated_Source\PSoC4/cyfitter_cfg.c **** 	CY_SET_REG32((void *)(CYREG_CLK_DIVIDER_B00), 0x80000007u);
 119              		.loc 1 202 0
 120 0054 134A     		ldr	r2, .L3+48
 121 0056 144B     		ldr	r3, .L3+52
 122 0058 1A60     		str	r2, [r3]
 203:Generated_Source\PSoC4/cyfitter_cfg.c **** 
 204:Generated_Source\PSoC4/cyfitter_cfg.c **** 	/* CYDEV_CLK_DIVIDER_C00 Starting address: CYDEV_CLK_DIVIDER_C00 */
 205:Generated_Source\PSoC4/cyfitter_cfg.c **** 	CY_SET_REG32((void *)(CYREG_CLK_DIVIDER_C00), 0x80000010u);
 123              		.loc 1 205 0
 124 005a 144A     		ldr	r2, .L3+56
 125 005c 144B     		ldr	r3, .L3+60
 126 005e 1A60     		str	r2, [r3]
 206:Generated_Source\PSoC4/cyfitter_cfg.c **** 
 207:Generated_Source\PSoC4/cyfitter_cfg.c **** 	(void)CyIntSetVector(9u, &CySysWdtIsr);
 127              		.loc 1 207 0
 128 0060 1449     		ldr	r1, .L3+64
 129 0062 0920     		movs	r0, #9
 130 0064 FFF7FEFF 		bl	CyIntSetVector
 131              	.LVL4:
 208:Generated_Source\PSoC4/cyfitter_cfg.c **** 	CyIntEnable(9u);
 132              		.loc 1 208 0
 133 0068 0920     		movs	r0, #9
 134 006a FFF7FEFF 		bl	CyIntEnable
ARM GAS  C:\Users\Usuario\AppData\Local\Temp\ccr0LJi0.s 			page 7


 135              	.LVL5:
 209:Generated_Source\PSoC4/cyfitter_cfg.c **** 	CY_SET_REG32((void *)(CYREG_WDT_CONFIG), 0x00000000u);
 136              		.loc 1 209 0
 137 006e 124B     		ldr	r3, .L3+68
 138 0070 1D60     		str	r5, [r3]
 210:Generated_Source\PSoC4/cyfitter_cfg.c **** }
 139              		.loc 1 210 0
 140              		@ sp needed
 141 0072 70BD     		pop	{r4, r5, r6, pc}
 142              	.L4:
 143              		.align	2
 144              	.L3:
 145 0074 00010B40 		.word	1074462976
 146 0078 FFFFFBFF 		.word	-262145
 147 007c 06000080 		.word	-2147483642
 148 0080 04010B40 		.word	1074462980
 149 0084 08020240 		.word	1073873416
 150 0088 1C020240 		.word	1073873436
 151 008c 20020240 		.word	1073873440
 152 0090 24020240 		.word	1073873444
 153 0094 28020240 		.word	1073873448
 154 0098 2C020240 		.word	1073873452
 155 009c 08010B40 		.word	1074462984
 156 00a0 00000240 		.word	1073872896
 157 00a4 07000080 		.word	-2147483641
 158 00a8 40000240 		.word	1073872960
 159 00ac 10000080 		.word	-2147483632
 160 00b0 80000240 		.word	1073873024
 161 00b4 00000000 		.word	CySysWdtIsr
 162 00b8 0C020B40 		.word	1074463244
 163              		.cfi_endproc
 164              	.LFE3:
 165              		.size	ClockSetup, .-ClockSetup
 166              		.section	.text.SetAnalogRoutingPumps,"ax",%progbits
 167              		.align	2
 168              		.global	SetAnalogRoutingPumps
 169              		.code	16
 170              		.thumb_func
 171              		.type	SetAnalogRoutingPumps, %function
 172              	SetAnalogRoutingPumps:
 173              	.LFB5:
 211:Generated_Source\PSoC4/cyfitter_cfg.c **** 
 212:Generated_Source\PSoC4/cyfitter_cfg.c **** 
 213:Generated_Source\PSoC4/cyfitter_cfg.c **** /* Analog API Functions */
 214:Generated_Source\PSoC4/cyfitter_cfg.c **** 
 215:Generated_Source\PSoC4/cyfitter_cfg.c **** 
 216:Generated_Source\PSoC4/cyfitter_cfg.c **** /*******************************************************************************
 217:Generated_Source\PSoC4/cyfitter_cfg.c **** * Function Name: AnalogSetDefault
 218:Generated_Source\PSoC4/cyfitter_cfg.c **** ********************************************************************************
 219:Generated_Source\PSoC4/cyfitter_cfg.c **** *
 220:Generated_Source\PSoC4/cyfitter_cfg.c **** * Summary:
 221:Generated_Source\PSoC4/cyfitter_cfg.c **** *  Sets up the analog portions of the chip to default values based on chip
 222:Generated_Source\PSoC4/cyfitter_cfg.c **** *  configuration options from the project.
 223:Generated_Source\PSoC4/cyfitter_cfg.c **** *
 224:Generated_Source\PSoC4/cyfitter_cfg.c **** * Parameters:
 225:Generated_Source\PSoC4/cyfitter_cfg.c **** *  void
 226:Generated_Source\PSoC4/cyfitter_cfg.c **** *
ARM GAS  C:\Users\Usuario\AppData\Local\Temp\ccr0LJi0.s 			page 8


 227:Generated_Source\PSoC4/cyfitter_cfg.c **** * Return:
 228:Generated_Source\PSoC4/cyfitter_cfg.c **** *  void
 229:Generated_Source\PSoC4/cyfitter_cfg.c **** *
 230:Generated_Source\PSoC4/cyfitter_cfg.c **** *******************************************************************************/
 231:Generated_Source\PSoC4/cyfitter_cfg.c **** static void AnalogSetDefault(void);
 232:Generated_Source\PSoC4/cyfitter_cfg.c **** static void AnalogSetDefault(void)
 233:Generated_Source\PSoC4/cyfitter_cfg.c **** {
 234:Generated_Source\PSoC4/cyfitter_cfg.c **** 	/* Variable VDDA is selected; no pumps are enabled by default */
 235:Generated_Source\PSoC4/cyfitter_cfg.c **** }
 236:Generated_Source\PSoC4/cyfitter_cfg.c **** 
 237:Generated_Source\PSoC4/cyfitter_cfg.c **** 
 238:Generated_Source\PSoC4/cyfitter_cfg.c **** /*******************************************************************************
 239:Generated_Source\PSoC4/cyfitter_cfg.c **** * Function Name: SetAnalogRoutingPumps
 240:Generated_Source\PSoC4/cyfitter_cfg.c **** ********************************************************************************
 241:Generated_Source\PSoC4/cyfitter_cfg.c **** *
 242:Generated_Source\PSoC4/cyfitter_cfg.c **** * Summary:
 243:Generated_Source\PSoC4/cyfitter_cfg.c **** * Enables or disables the analog pumps feeding analog routing switches.
 244:Generated_Source\PSoC4/cyfitter_cfg.c **** * Intended to be called at startup, based on the Vdda system configuration;
 245:Generated_Source\PSoC4/cyfitter_cfg.c **** * may be called during operation when the user informs us that the Vdda voltage crossed the pump th
 246:Generated_Source\PSoC4/cyfitter_cfg.c **** *
 247:Generated_Source\PSoC4/cyfitter_cfg.c **** * Parameters:
 248:Generated_Source\PSoC4/cyfitter_cfg.c **** *  enabled - 1 to enable the pumps, 0 to disable the pumps
 249:Generated_Source\PSoC4/cyfitter_cfg.c **** *
 250:Generated_Source\PSoC4/cyfitter_cfg.c **** * Return:
 251:Generated_Source\PSoC4/cyfitter_cfg.c **** *  void
 252:Generated_Source\PSoC4/cyfitter_cfg.c **** *
 253:Generated_Source\PSoC4/cyfitter_cfg.c **** *******************************************************************************/
 254:Generated_Source\PSoC4/cyfitter_cfg.c **** void SetAnalogRoutingPumps(uint8 enabled)
 255:Generated_Source\PSoC4/cyfitter_cfg.c **** {
 174              		.loc 1 255 0
 175              		.cfi_startproc
 176              		@ args = 0, pretend = 0, frame = 0
 177              		@ frame_needed = 0, uses_anonymous_args = 0
 178              		@ link register save eliminated.
 179              	.LVL6:
 256:Generated_Source\PSoC4/cyfitter_cfg.c **** 	uint32 regValue = CY_GET_XTND_REG32((void *)(CYREG_SAR_PUMP_CTRL));
 180              		.loc 1 256 0
 181 0000 064B     		ldr	r3, .L8
 182 0002 1B68     		ldr	r3, [r3]
 183              	.LVL7:
 257:Generated_Source\PSoC4/cyfitter_cfg.c **** 	if (enabled != 0u)
 184              		.loc 1 257 0
 185 0004 0028     		cmp	r0, #0
 186 0006 03D0     		beq	.L6
 258:Generated_Source\PSoC4/cyfitter_cfg.c **** 	{
 259:Generated_Source\PSoC4/cyfitter_cfg.c **** 		regValue |= 0x80000000u;
 187              		.loc 1 259 0
 188 0008 8022     		movs	r2, #128
 189 000a 1206     		lsls	r2, r2, #24
 190 000c 1343     		orrs	r3, r2
 191              	.LVL8:
 192 000e 01E0     		b	.L7
 193              	.L6:
 260:Generated_Source\PSoC4/cyfitter_cfg.c **** 	}
 261:Generated_Source\PSoC4/cyfitter_cfg.c **** 	else
 262:Generated_Source\PSoC4/cyfitter_cfg.c **** 	{
 263:Generated_Source\PSoC4/cyfitter_cfg.c **** 		regValue &= ~0x80000000u;
ARM GAS  C:\Users\Usuario\AppData\Local\Temp\ccr0LJi0.s 			page 9


 194              		.loc 1 263 0
 195 0010 5B00     		lsls	r3, r3, #1
 196              	.LVL9:
 197 0012 5B08     		lsrs	r3, r3, #1
 198              	.LVL10:
 199              	.L7:
 264:Generated_Source\PSoC4/cyfitter_cfg.c **** 	}
 265:Generated_Source\PSoC4/cyfitter_cfg.c **** 	CY_SET_XTND_REG32((void *)(CYREG_SAR_PUMP_CTRL), regValue);
 200              		.loc 1 265 0
 201 0014 014A     		ldr	r2, .L8
 202 0016 1360     		str	r3, [r2]
 266:Generated_Source\PSoC4/cyfitter_cfg.c **** }
 203              		.loc 1 266 0
 204              		@ sp needed
 205 0018 7047     		bx	lr
 206              	.L9:
 207 001a C046     		.align	2
 208              	.L8:
 209 001c 80031A40 		.word	1075446656
 210              		.cfi_endproc
 211              	.LFE5:
 212              		.size	SetAnalogRoutingPumps, .-SetAnalogRoutingPumps
 213              		.section	.text.amux_Set,"ax",%progbits
 214              		.align	2
 215              		.global	amux_Set
 216              		.code	16
 217              		.thumb_func
 218              		.type	amux_Set, %function
 219              	amux_Set:
 220              	.LFB6:
 267:Generated_Source\PSoC4/cyfitter_cfg.c **** 
 268:Generated_Source\PSoC4/cyfitter_cfg.c **** 
 269:Generated_Source\PSoC4/cyfitter_cfg.c **** #define CY_AMUX_UNUSED CYREG_CM0_ROM_DWT
 270:Generated_Source\PSoC4/cyfitter_cfg.c **** /*******************************************************************************
 271:Generated_Source\PSoC4/cyfitter_cfg.c **** * Function Name: amux_Set
 272:Generated_Source\PSoC4/cyfitter_cfg.c **** ********************************************************************************
 273:Generated_Source\PSoC4/cyfitter_cfg.c **** * Summary:
 274:Generated_Source\PSoC4/cyfitter_cfg.c **** *  This function is used to set a particular channel as active on the AMux.
 275:Generated_Source\PSoC4/cyfitter_cfg.c **** *
 276:Generated_Source\PSoC4/cyfitter_cfg.c **** * Parameters:  
 277:Generated_Source\PSoC4/cyfitter_cfg.c **** *   channel - The mux channel input to set as active
 278:Generated_Source\PSoC4/cyfitter_cfg.c **** *
 279:Generated_Source\PSoC4/cyfitter_cfg.c **** * Return:
 280:Generated_Source\PSoC4/cyfitter_cfg.c **** *   void
 281:Generated_Source\PSoC4/cyfitter_cfg.c **** *
 282:Generated_Source\PSoC4/cyfitter_cfg.c **** *******************************************************************************/
 283:Generated_Source\PSoC4/cyfitter_cfg.c **** void amux_Set(uint8 channel)
 284:Generated_Source\PSoC4/cyfitter_cfg.c **** {
 221              		.loc 1 284 0
 222              		.cfi_startproc
 223              		@ args = 0, pretend = 0, frame = 0
 224              		@ frame_needed = 0, uses_anonymous_args = 0
 225              		@ link register save eliminated.
 226              	.LVL11:
 285:Generated_Source\PSoC4/cyfitter_cfg.c **** 	switch (channel) {
 227              		.loc 1 285 0
 228 0000 0128     		cmp	r0, #1
ARM GAS  C:\Users\Usuario\AppData\Local\Temp\ccr0LJi0.s 			page 10


 229 0002 0AD0     		beq	.L12
 230 0004 0028     		cmp	r0, #0
 231 0006 04D0     		beq	.L13
 232 0008 0228     		cmp	r0, #2
 233 000a 0AD0     		beq	.L14
 234 000c 0328     		cmp	r0, #3
 235 000e 0CD0     		beq	.L15
 236 0010 0EE0     		b	.L10
 237              	.L13:
 286:Generated_Source\PSoC4/cyfitter_cfg.c **** 		case 0u:
 287:Generated_Source\PSoC4/cyfitter_cfg.c **** 			CY_SET_REG32((void CYXDATA *)CYREG_SAR_MUX_SWITCH0, (0x01u));
 238              		.loc 1 287 0
 239 0012 0122     		movs	r2, #1
 240 0014 074B     		ldr	r3, .L16
 241 0016 1A60     		str	r2, [r3]
 288:Generated_Source\PSoC4/cyfitter_cfg.c **** 			break;
 242              		.loc 1 288 0
 243 0018 0AE0     		b	.L10
 244              	.L12:
 289:Generated_Source\PSoC4/cyfitter_cfg.c **** 		case 1u:
 290:Generated_Source\PSoC4/cyfitter_cfg.c **** 			CY_SET_REG32((void CYXDATA *)CYREG_SAR_MUX_SWITCH0, (0x02u));
 245              		.loc 1 290 0
 246 001a 0222     		movs	r2, #2
 247 001c 054B     		ldr	r3, .L16
 248 001e 1A60     		str	r2, [r3]
 291:Generated_Source\PSoC4/cyfitter_cfg.c **** 			break;
 249              		.loc 1 291 0
 250 0020 06E0     		b	.L10
 251              	.L14:
 292:Generated_Source\PSoC4/cyfitter_cfg.c **** 		case 2u:
 293:Generated_Source\PSoC4/cyfitter_cfg.c **** 			CY_SET_REG32((void CYXDATA *)CYREG_SAR_MUX_SWITCH0, (0x04u));
 252              		.loc 1 293 0
 253 0022 0422     		movs	r2, #4
 254 0024 034B     		ldr	r3, .L16
 255 0026 1A60     		str	r2, [r3]
 294:Generated_Source\PSoC4/cyfitter_cfg.c **** 			break;
 256              		.loc 1 294 0
 257 0028 02E0     		b	.L10
 258              	.L15:
 295:Generated_Source\PSoC4/cyfitter_cfg.c **** 		case 3u:
 296:Generated_Source\PSoC4/cyfitter_cfg.c **** 			CY_SET_REG32((void CYXDATA *)CYREG_SAR_MUX_SWITCH0, (0x08u));
 259              		.loc 1 296 0
 260 002a 0822     		movs	r2, #8
 261 002c 014B     		ldr	r3, .L16
 262 002e 1A60     		str	r2, [r3]
 263              	.L10:
 297:Generated_Source\PSoC4/cyfitter_cfg.c **** 			break;
 298:Generated_Source\PSoC4/cyfitter_cfg.c **** 		default:
 299:Generated_Source\PSoC4/cyfitter_cfg.c **** 			break;
 300:Generated_Source\PSoC4/cyfitter_cfg.c **** 	}
 301:Generated_Source\PSoC4/cyfitter_cfg.c **** }
 264              		.loc 1 301 0
 265              		@ sp needed
 266 0030 7047     		bx	lr
 267              	.L17:
 268 0032 C046     		.align	2
 269              	.L16:
ARM GAS  C:\Users\Usuario\AppData\Local\Temp\ccr0LJi0.s 			page 11


 270 0034 00031A40 		.word	1075446528
 271              		.cfi_endproc
 272              	.LFE6:
 273              		.size	amux_Set, .-amux_Set
 274              		.section	.text.amux_Unset,"ax",%progbits
 275              		.align	2
 276              		.global	amux_Unset
 277              		.code	16
 278              		.thumb_func
 279              		.type	amux_Unset, %function
 280              	amux_Unset:
 281              	.LFB7:
 302:Generated_Source\PSoC4/cyfitter_cfg.c **** 
 303:Generated_Source\PSoC4/cyfitter_cfg.c **** /*******************************************************************************
 304:Generated_Source\PSoC4/cyfitter_cfg.c **** * Function Name: amux_Unset
 305:Generated_Source\PSoC4/cyfitter_cfg.c **** ********************************************************************************
 306:Generated_Source\PSoC4/cyfitter_cfg.c **** * Summary:
 307:Generated_Source\PSoC4/cyfitter_cfg.c **** *  This function is used to clear a particular channel from being active on the
 308:Generated_Source\PSoC4/cyfitter_cfg.c **** *  AMux.
 309:Generated_Source\PSoC4/cyfitter_cfg.c **** *
 310:Generated_Source\PSoC4/cyfitter_cfg.c **** * Parameters:  
 311:Generated_Source\PSoC4/cyfitter_cfg.c **** *   channel - The mux channel input to mark inactive
 312:Generated_Source\PSoC4/cyfitter_cfg.c **** *
 313:Generated_Source\PSoC4/cyfitter_cfg.c **** * Return:
 314:Generated_Source\PSoC4/cyfitter_cfg.c **** *   void
 315:Generated_Source\PSoC4/cyfitter_cfg.c **** *
 316:Generated_Source\PSoC4/cyfitter_cfg.c **** *******************************************************************************/
 317:Generated_Source\PSoC4/cyfitter_cfg.c **** void amux_Unset(uint8 channel)
 318:Generated_Source\PSoC4/cyfitter_cfg.c **** {
 282              		.loc 1 318 0
 283              		.cfi_startproc
 284              		@ args = 0, pretend = 0, frame = 0
 285              		@ frame_needed = 0, uses_anonymous_args = 0
 286              		@ link register save eliminated.
 287              	.LVL12:
 319:Generated_Source\PSoC4/cyfitter_cfg.c **** 	switch (channel) {
 288              		.loc 1 319 0
 289 0000 0128     		cmp	r0, #1
 290 0002 0AD0     		beq	.L20
 291 0004 0028     		cmp	r0, #0
 292 0006 04D0     		beq	.L21
 293 0008 0228     		cmp	r0, #2
 294 000a 0AD0     		beq	.L22
 295 000c 0328     		cmp	r0, #3
 296 000e 0CD0     		beq	.L23
 297 0010 0EE0     		b	.L18
 298              	.L21:
 320:Generated_Source\PSoC4/cyfitter_cfg.c **** 		case 0u:
 321:Generated_Source\PSoC4/cyfitter_cfg.c **** 			CY_SET_REG32((void CYXDATA *)CYREG_SAR_MUX_SWITCH_CLEAR0, (0x01u));
 299              		.loc 1 321 0
 300 0012 0122     		movs	r2, #1
 301 0014 074B     		ldr	r3, .L24
 302 0016 1A60     		str	r2, [r3]
 322:Generated_Source\PSoC4/cyfitter_cfg.c **** 			break;
 303              		.loc 1 322 0
 304 0018 0AE0     		b	.L18
 305              	.L20:
ARM GAS  C:\Users\Usuario\AppData\Local\Temp\ccr0LJi0.s 			page 12


 323:Generated_Source\PSoC4/cyfitter_cfg.c **** 		case 1u:
 324:Generated_Source\PSoC4/cyfitter_cfg.c **** 			CY_SET_REG32((void CYXDATA *)CYREG_SAR_MUX_SWITCH_CLEAR0, (0x02u));
 306              		.loc 1 324 0
 307 001a 0222     		movs	r2, #2
 308 001c 054B     		ldr	r3, .L24
 309 001e 1A60     		str	r2, [r3]
 325:Generated_Source\PSoC4/cyfitter_cfg.c **** 			break;
 310              		.loc 1 325 0
 311 0020 06E0     		b	.L18
 312              	.L22:
 326:Generated_Source\PSoC4/cyfitter_cfg.c **** 		case 2u:
 327:Generated_Source\PSoC4/cyfitter_cfg.c **** 			CY_SET_REG32((void CYXDATA *)CYREG_SAR_MUX_SWITCH_CLEAR0, (0x04u));
 313              		.loc 1 327 0
 314 0022 0422     		movs	r2, #4
 315 0024 034B     		ldr	r3, .L24
 316 0026 1A60     		str	r2, [r3]
 328:Generated_Source\PSoC4/cyfitter_cfg.c **** 			break;
 317              		.loc 1 328 0
 318 0028 02E0     		b	.L18
 319              	.L23:
 329:Generated_Source\PSoC4/cyfitter_cfg.c **** 		case 3u:
 330:Generated_Source\PSoC4/cyfitter_cfg.c **** 			CY_SET_REG32((void CYXDATA *)CYREG_SAR_MUX_SWITCH_CLEAR0, (0x08u));
 320              		.loc 1 330 0
 321 002a 0822     		movs	r2, #8
 322 002c 014B     		ldr	r3, .L24
 323 002e 1A60     		str	r2, [r3]
 324              	.L18:
 331:Generated_Source\PSoC4/cyfitter_cfg.c **** 			break;
 332:Generated_Source\PSoC4/cyfitter_cfg.c **** 		default:
 333:Generated_Source\PSoC4/cyfitter_cfg.c **** 			break;
 334:Generated_Source\PSoC4/cyfitter_cfg.c **** 	}
 335:Generated_Source\PSoC4/cyfitter_cfg.c **** }
 325              		.loc 1 335 0
 326              		@ sp needed
 327 0030 7047     		bx	lr
 328              	.L25:
 329 0032 C046     		.align	2
 330              	.L24:
 331 0034 04031A40 		.word	1075446532
 332              		.cfi_endproc
 333              	.LFE7:
 334              		.size	amux_Unset, .-amux_Unset
 335              		.section	.psocinit
 336              		.align	2
 337              		.global	cyfitter_cfg
 338              		.code	16
 339              		.thumb_func
 340              		.type	cyfitter_cfg, %function
 341              	cyfitter_cfg:
 342              	.LFB8:
 336:Generated_Source\PSoC4/cyfitter_cfg.c **** 
 337:Generated_Source\PSoC4/cyfitter_cfg.c **** 
 338:Generated_Source\PSoC4/cyfitter_cfg.c **** 
 339:Generated_Source\PSoC4/cyfitter_cfg.c **** /*******************************************************************************
 340:Generated_Source\PSoC4/cyfitter_cfg.c **** * Function Name: cyfitter_cfg
 341:Generated_Source\PSoC4/cyfitter_cfg.c **** ********************************************************************************
 342:Generated_Source\PSoC4/cyfitter_cfg.c **** * Summary:
ARM GAS  C:\Users\Usuario\AppData\Local\Temp\ccr0LJi0.s 			page 13


 343:Generated_Source\PSoC4/cyfitter_cfg.c **** *  This function is called by the start-up code for the selected device. It
 344:Generated_Source\PSoC4/cyfitter_cfg.c **** *  performs all of the necessary device configuration based on the design
 345:Generated_Source\PSoC4/cyfitter_cfg.c **** *  settings.  This includes settings from the Design Wide Resources (DWR) such
 346:Generated_Source\PSoC4/cyfitter_cfg.c **** *  as Clocks and Pins as well as any component configuration that is necessary.
 347:Generated_Source\PSoC4/cyfitter_cfg.c **** *
 348:Generated_Source\PSoC4/cyfitter_cfg.c **** * Parameters:
 349:Generated_Source\PSoC4/cyfitter_cfg.c **** *   void
 350:Generated_Source\PSoC4/cyfitter_cfg.c **** *
 351:Generated_Source\PSoC4/cyfitter_cfg.c **** * Return:
 352:Generated_Source\PSoC4/cyfitter_cfg.c **** *   void
 353:Generated_Source\PSoC4/cyfitter_cfg.c **** *
 354:Generated_Source\PSoC4/cyfitter_cfg.c **** *******************************************************************************/
 355:Generated_Source\PSoC4/cyfitter_cfg.c **** CY_CFG_SECTION
 356:Generated_Source\PSoC4/cyfitter_cfg.c **** void cyfitter_cfg(void)
 357:Generated_Source\PSoC4/cyfitter_cfg.c **** {
 343              		.loc 1 357 0
 344              		.cfi_startproc
 345              		@ args = 0, pretend = 0, frame = 0
 346              		@ frame_needed = 0, uses_anonymous_args = 0
 347 00bc 10B5     		push	{r4, lr}
 348              		.cfi_def_cfa_offset 8
 349              		.cfi_offset 4, -8
 350              		.cfi_offset 14, -4
 358:Generated_Source\PSoC4/cyfitter_cfg.c **** 	/* Disable interrupts by default. Let user enable if/when they want. */
 359:Generated_Source\PSoC4/cyfitter_cfg.c **** 	CyGlobalIntDisable;
 351              		.loc 1 359 0
 352              		.syntax divided
 353              	@ 359 "Generated_Source\PSoC4\cyfitter_cfg.c" 1
 354 00be 72B6     		CPSID   i
 355              	@ 0 "" 2
 356              	.LVL13:
 357              		.thumb
 358              		.syntax unified
 359              	.LBB2:
 360:Generated_Source\PSoC4/cyfitter_cfg.c **** 
 361:Generated_Source\PSoC4/cyfitter_cfg.c **** 	{
 362:Generated_Source\PSoC4/cyfitter_cfg.c **** 
 363:Generated_Source\PSoC4/cyfitter_cfg.c **** 		CYPACKED typedef struct {
 364:Generated_Source\PSoC4/cyfitter_cfg.c **** 			void CYFAR *address;
 365:Generated_Source\PSoC4/cyfitter_cfg.c **** 			uint16 size;
 366:Generated_Source\PSoC4/cyfitter_cfg.c **** 		} CYPACKED_ATTR cfg_memset_t;
 367:Generated_Source\PSoC4/cyfitter_cfg.c **** 
 368:Generated_Source\PSoC4/cyfitter_cfg.c **** 		static const cfg_memset_t CYCODE cfg_memset_list[] = {
 369:Generated_Source\PSoC4/cyfitter_cfg.c **** 			/* address, size */
 370:Generated_Source\PSoC4/cyfitter_cfg.c **** 			{(void CYFAR *)(CYDEV_UDB_P0_U0_BASE), 1024u},
 371:Generated_Source\PSoC4/cyfitter_cfg.c **** 			{(void CYFAR *)(CYDEV_UDB_DSI0_BASE), 1024u},
 372:Generated_Source\PSoC4/cyfitter_cfg.c **** 		};
 373:Generated_Source\PSoC4/cyfitter_cfg.c **** 
 374:Generated_Source\PSoC4/cyfitter_cfg.c **** 		uint8 CYDATA i;
 375:Generated_Source\PSoC4/cyfitter_cfg.c **** 
 376:Generated_Source\PSoC4/cyfitter_cfg.c **** 		/* Zero out critical memory blocks before beginning configuration */
 377:Generated_Source\PSoC4/cyfitter_cfg.c **** 		for (i = 0u; i < (sizeof(cfg_memset_list)/sizeof(cfg_memset_list[0])); i++)
 360              		.loc 1 377 0
 361 00c0 0024     		movs	r4, #0
 362 00c2 0FE0     		b	.L27
 363              	.LVL14:
 364              	.L28:
ARM GAS  C:\Users\Usuario\AppData\Local\Temp\ccr0LJi0.s 			page 14


 365              	.LBB3:
 378:Generated_Source\PSoC4/cyfitter_cfg.c **** 		{
 379:Generated_Source\PSoC4/cyfitter_cfg.c **** 			const cfg_memset_t CYCODE * CYDATA ms = &cfg_memset_list[i];
 380:Generated_Source\PSoC4/cyfitter_cfg.c **** 			CYMEMZERO(ms->address, (size_t)(uint32)(ms->size));
 366              		.loc 1 380 0 discriminator 3
 367 00c4 2848     		ldr	r0, .L29
 368 00c6 6200     		lsls	r2, r4, #1
 369 00c8 1319     		adds	r3, r2, r4
 370 00ca 5900     		lsls	r1, r3, #1
 371 00cc 0B00     		movs	r3, r1
 372 00ce 4118     		adds	r1, r0, r1
 373 00d0 8988     		ldrh	r1, [r1, #4]
 374 00d2 1A5A     		ldrh	r2, [r3, r0]
 375 00d4 C318     		adds	r3, r0, r3
 376 00d6 5888     		ldrh	r0, [r3, #2]
 377 00d8 0004     		lsls	r0, r0, #16
 378 00da 1043     		orrs	r0, r2
 379 00dc FFF7FEFF 		bl	CYMEMZERO
 380              	.LVL15:
 381              	.LBE3:
 377:Generated_Source\PSoC4/cyfitter_cfg.c **** 		{
 382              		.loc 1 377 0 discriminator 3
 383 00e0 0134     		adds	r4, r4, #1
 384              	.LVL16:
 385 00e2 E4B2     		uxtb	r4, r4
 386              	.LVL17:
 387              	.L27:
 377:Generated_Source\PSoC4/cyfitter_cfg.c **** 		{
 388              		.loc 1 377 0 is_stmt 0 discriminator 1
 389 00e4 012C     		cmp	r4, #1
 390 00e6 EDD9     		bls	.L28
 381:Generated_Source\PSoC4/cyfitter_cfg.c **** 		}
 382:Generated_Source\PSoC4/cyfitter_cfg.c **** 
 383:Generated_Source\PSoC4/cyfitter_cfg.c **** 		/* HSIOM Starting address: CYDEV_HSIOM_BASE */
 384:Generated_Source\PSoC4/cyfitter_cfg.c **** 		CY_SET_REG32((void *)(CYREG_HSIOM_PORT_SEL1), 0x00000808u);
 391              		.loc 1 384 0 is_stmt 1
 392 00e8 204A     		ldr	r2, .L29+4
 393 00ea 214B     		ldr	r3, .L29+8
 394 00ec 1A60     		str	r2, [r3]
 385:Generated_Source\PSoC4/cyfitter_cfg.c **** 		CY_SET_REG32((void *)(CYREG_HSIOM_PORT_SEL2), 0x08080000u);
 395              		.loc 1 385 0
 396 00ee 214A     		ldr	r2, .L29+12
 397 00f0 214B     		ldr	r3, .L29+16
 398 00f2 1A60     		str	r2, [r3]
 386:Generated_Source\PSoC4/cyfitter_cfg.c **** 		CY_SET_REG32((void *)(CYREG_HSIOM_PORT_SEL3), 0x0000EE00u);
 399              		.loc 1 386 0
 400 00f4 EE22     		movs	r2, #238
 401 00f6 1202     		lsls	r2, r2, #8
 402 00f8 204B     		ldr	r3, .L29+20
 403 00fa 1A60     		str	r2, [r3]
 387:Generated_Source\PSoC4/cyfitter_cfg.c **** 		CY_SET_REG32((void *)(CYREG_HSIOM_PORT_SEL4), 0x00000099u);
 404              		.loc 1 387 0
 405 00fc 9922     		movs	r2, #153
 406 00fe 204B     		ldr	r3, .L29+24
 407 0100 1A60     		str	r2, [r3]
 388:Generated_Source\PSoC4/cyfitter_cfg.c **** 
 389:Generated_Source\PSoC4/cyfitter_cfg.c **** 		/* UDB_PA_0 Starting address: CYDEV_UDB_PA0_BASE */
ARM GAS  C:\Users\Usuario\AppData\Local\Temp\ccr0LJi0.s 			page 15


 390:Generated_Source\PSoC4/cyfitter_cfg.c **** 		CY_SET_REG32((void *)(CYDEV_UDB_PA0_BASE), 0x00990000u);
 408              		.loc 1 390 0
 409 0102 9923     		movs	r3, #153
 410 0104 1B04     		lsls	r3, r3, #16
 411 0106 1F4A     		ldr	r2, .L29+28
 412 0108 1360     		str	r3, [r2]
 391:Generated_Source\PSoC4/cyfitter_cfg.c **** 
 392:Generated_Source\PSoC4/cyfitter_cfg.c **** 		/* UDB_PA_1 Starting address: CYDEV_UDB_PA1_BASE */
 393:Generated_Source\PSoC4/cyfitter_cfg.c **** 		CY_SET_REG32((void *)(CYDEV_UDB_PA1_BASE), 0x00990000u);
 413              		.loc 1 393 0
 414 010a 1F4A     		ldr	r2, .L29+32
 415 010c 1360     		str	r3, [r2]
 394:Generated_Source\PSoC4/cyfitter_cfg.c **** 
 395:Generated_Source\PSoC4/cyfitter_cfg.c **** 		/* UDB_PA_2 Starting address: CYDEV_UDB_PA2_BASE */
 396:Generated_Source\PSoC4/cyfitter_cfg.c **** 		CY_SET_REG32((void *)(CYDEV_UDB_PA2_BASE), 0x00990000u);
 416              		.loc 1 396 0
 417 010e 1F4A     		ldr	r2, .L29+36
 418 0110 1360     		str	r3, [r2]
 397:Generated_Source\PSoC4/cyfitter_cfg.c **** 
 398:Generated_Source\PSoC4/cyfitter_cfg.c **** 		/* UDB_PA_3 Starting address: CYDEV_UDB_PA3_BASE */
 399:Generated_Source\PSoC4/cyfitter_cfg.c **** 		CY_SET_REG32((void *)(CYDEV_UDB_PA3_BASE), 0x00990000u);
 419              		.loc 1 399 0
 420 0112 1F4A     		ldr	r2, .L29+40
 421 0114 1360     		str	r3, [r2]
 400:Generated_Source\PSoC4/cyfitter_cfg.c **** 
 401:Generated_Source\PSoC4/cyfitter_cfg.c **** 		/* Enable digital routing */
 402:Generated_Source\PSoC4/cyfitter_cfg.c **** 		CY_SET_XTND_REG8((void *)CYREG_UDB_UDBIF_BANK_CTL, (uint8)(CY_GET_XTND_REG8((void *)CYREG_UDB_UDB
 422              		.loc 1 402 0
 423 0116 1F4A     		ldr	r2, .L29+44
 424 0118 1178     		ldrb	r1, [r2]
 425 011a 0623     		movs	r3, #6
 426 011c 0B43     		orrs	r3, r1
 427 011e DBB2     		uxtb	r3, r3
 428 0120 1370     		strb	r3, [r2]
 429              	.LBE2:
 403:Generated_Source\PSoC4/cyfitter_cfg.c **** 	}
 404:Generated_Source\PSoC4/cyfitter_cfg.c **** 
 405:Generated_Source\PSoC4/cyfitter_cfg.c **** 	/* Perform second pass device configuration. These items must be configured in specific order afte
 406:Generated_Source\PSoC4/cyfitter_cfg.c **** 	/* IOPINS0_0 Starting address: CYDEV_PRT0_BASE */
 407:Generated_Source\PSoC4/cyfitter_cfg.c **** 	CY_SET_REG32((void *)(CYDEV_PRT0_BASE), 0x000000FFu);
 430              		.loc 1 407 0
 431 0122 FF22     		movs	r2, #255
 432 0124 1C4B     		ldr	r3, .L29+48
 433 0126 1A60     		str	r2, [r3]
 408:Generated_Source\PSoC4/cyfitter_cfg.c **** 	CY_SET_REG32((void *)(CYREG_PRT0_PC), 0x00492492u);
 434              		.loc 1 408 0
 435 0128 1C4A     		ldr	r2, .L29+52
 436 012a 1D4B     		ldr	r3, .L29+56
 437 012c 1A60     		str	r2, [r3]
 409:Generated_Source\PSoC4/cyfitter_cfg.c **** 
 410:Generated_Source\PSoC4/cyfitter_cfg.c **** 	/* IOPINS0_1 Starting address: CYDEV_PRT1_BASE */
 411:Generated_Source\PSoC4/cyfitter_cfg.c **** 	CY_SET_REG32((void *)(CYDEV_PRT1_BASE), 0x0000003Fu);
 438              		.loc 1 411 0
 439 012e 3F22     		movs	r2, #63
 440 0130 1C4B     		ldr	r3, .L29+60
 441 0132 1A60     		str	r2, [r3]
 412:Generated_Source\PSoC4/cyfitter_cfg.c **** 	CY_SET_REG32((void *)(CYREG_PRT1_PC), 0x00D92596u);
ARM GAS  C:\Users\Usuario\AppData\Local\Temp\ccr0LJi0.s 			page 16


 442              		.loc 1 412 0
 443 0134 1C4A     		ldr	r2, .L29+64
 444 0136 1D4B     		ldr	r3, .L29+68
 445 0138 1A60     		str	r2, [r3]
 413:Generated_Source\PSoC4/cyfitter_cfg.c **** 
 414:Generated_Source\PSoC4/cyfitter_cfg.c **** 	/* IOPINS0_2 Starting address: CYDEV_PRT2_BASE */
 415:Generated_Source\PSoC4/cyfitter_cfg.c **** 	CY_SET_REG32((void *)(CYDEV_PRT2_BASE), 0x0000005Fu);
 446              		.loc 1 415 0
 447 013a 5F22     		movs	r2, #95
 448 013c 1C4B     		ldr	r3, .L29+72
 449 013e 1A60     		str	r2, [r3]
 416:Generated_Source\PSoC4/cyfitter_cfg.c **** 	CY_SET_REG32((void *)(CYREG_PRT2_PC), 0x00DB6000u);
 450              		.loc 1 416 0
 451 0140 1C4A     		ldr	r2, .L29+76
 452 0142 1D4B     		ldr	r3, .L29+80
 453 0144 1A60     		str	r2, [r3]
 417:Generated_Source\PSoC4/cyfitter_cfg.c **** 	CY_SET_REG32((void *)(CYREG_PRT2_PC2), 0x0000000Fu);
 454              		.loc 1 417 0
 455 0146 0F22     		movs	r2, #15
 456 0148 1C4B     		ldr	r3, .L29+84
 457 014a 1A60     		str	r2, [r3]
 418:Generated_Source\PSoC4/cyfitter_cfg.c **** 
 419:Generated_Source\PSoC4/cyfitter_cfg.c **** 	/* IOPINS0_3 Starting address: CYDEV_PRT3_BASE */
 420:Generated_Source\PSoC4/cyfitter_cfg.c **** 	CY_SET_REG32((void *)(CYREG_PRT3_PC), 0x00DB6DB6u);
 458              		.loc 1 420 0
 459 014c 1C4A     		ldr	r2, .L29+88
 460 014e 1D4B     		ldr	r3, .L29+92
 461 0150 1A60     		str	r2, [r3]
 421:Generated_Source\PSoC4/cyfitter_cfg.c **** 
 422:Generated_Source\PSoC4/cyfitter_cfg.c **** 	/* IOPINS0_4 Starting address: CYDEV_PRT4_BASE */
 423:Generated_Source\PSoC4/cyfitter_cfg.c **** 	CY_SET_REG32((void *)(CYDEV_PRT4_BASE), 0x00000002u);
 462              		.loc 1 423 0
 463 0152 0223     		movs	r3, #2
 464 0154 1C4A     		ldr	r2, .L29+96
 465 0156 1360     		str	r3, [r2]
 424:Generated_Source\PSoC4/cyfitter_cfg.c **** 	CY_SET_REG32((void *)(CYREG_PRT4_PC), 0x00000DB1u);
 466              		.loc 1 424 0
 467 0158 1C49     		ldr	r1, .L29+100
 468 015a 1D4A     		ldr	r2, .L29+104
 469 015c 1160     		str	r1, [r2]
 425:Generated_Source\PSoC4/cyfitter_cfg.c **** 	CY_SET_REG32((void *)(CYREG_PRT4_PC2), 0x00000002u);
 470              		.loc 1 425 0
 471 015e 1D4A     		ldr	r2, .L29+108
 472 0160 1360     		str	r3, [r2]
 426:Generated_Source\PSoC4/cyfitter_cfg.c **** 
 427:Generated_Source\PSoC4/cyfitter_cfg.c **** 
 428:Generated_Source\PSoC4/cyfitter_cfg.c **** 	/* Setup clocks based on selections from Clock DWR */
 429:Generated_Source\PSoC4/cyfitter_cfg.c **** 	ClockSetup();
 473              		.loc 1 429 0
 474 0162 FFF74DFF 		bl	ClockSetup
 475              	.LVL18:
 430:Generated_Source\PSoC4/cyfitter_cfg.c **** 
 431:Generated_Source\PSoC4/cyfitter_cfg.c **** 	/* Perform basic analog initialization to defaults */
 432:Generated_Source\PSoC4/cyfitter_cfg.c **** 	AnalogSetDefault();
 433:Generated_Source\PSoC4/cyfitter_cfg.c **** 
 434:Generated_Source\PSoC4/cyfitter_cfg.c **** }
 476              		.loc 1 434 0
ARM GAS  C:\Users\Usuario\AppData\Local\Temp\ccr0LJi0.s 			page 17


 477              		@ sp needed
 478              	.LVL19:
 479 0166 10BD     		pop	{r4, pc}
 480              	.L30:
 481              		.align	2
 482              	.L29:
 483 0168 00000000 		.word	.LANCHOR0
 484 016c 08080000 		.word	2056
 485 0170 04000140 		.word	1073807364
 486 0174 00000808 		.word	134742016
 487 0178 08000140 		.word	1073807368
 488 017c 0C000140 		.word	1073807372
 489 0180 10000140 		.word	1073807376
 490 0184 00500F40 		.word	1074745344
 491 0188 10500F40 		.word	1074745360
 492 018c 20500F40 		.word	1074745376
 493 0190 30500F40 		.word	1074745392
 494 0194 00700F40 		.word	1074753536
 495 0198 00000440 		.word	1074003968
 496 019c 92244900 		.word	4793490
 497 01a0 08000440 		.word	1074003976
 498 01a4 00010440 		.word	1074004224
 499 01a8 9625D900 		.word	14230934
 500 01ac 08010440 		.word	1074004232
 501 01b0 00020440 		.word	1074004480
 502 01b4 0060DB00 		.word	14376960
 503 01b8 08020440 		.word	1074004488
 504 01bc 18020440 		.word	1074004504
 505 01c0 B66DDB00 		.word	14380470
 506 01c4 08030440 		.word	1074004744
 507 01c8 00040440 		.word	1074004992
 508 01cc B10D0000 		.word	3505
 509 01d0 08040440 		.word	1074005000
 510 01d4 18040440 		.word	1074005016
 511              		.cfi_endproc
 512              	.LFE8:
 513              		.size	cyfitter_cfg, .-cyfitter_cfg
 514              		.section	.rodata
 515              		.align	2
 516              		.set	.LANCHOR0,. + 0
 517              		.type	cfg_memset_list.4875, %object
 518              		.size	cfg_memset_list.4875, 12
 519              	cfg_memset_list.4875:
 520 0000 00300F40 		.word	1074737152
 521 0004 0004     		.short	1024
 522 0006 00400F40 		.4byte	1074741248
 523 000a 0004     		.short	1024
 524              		.text
 525              	.Letext0:
 526              		.file 2 "c:\\program files (x86)\\cypress\\psoc creator\\4.4\\psoc creator\\import\\gnu\\arm\\5.4.
 527              		.file 3 "Generated_Source\\PSoC4\\cytypes.h"
 528              		.file 4 "Generated_Source\\PSoC4\\CyLib.h"
 529              		.section	.debug_info,"",%progbits
 530              	.Ldebug_info0:
 531 0000 F7020000 		.4byte	0x2f7
 532 0004 0400     		.2byte	0x4
 533 0006 00000000 		.4byte	.Ldebug_abbrev0
ARM GAS  C:\Users\Usuario\AppData\Local\Temp\ccr0LJi0.s 			page 18


 534 000a 04       		.byte	0x4
 535 000b 01       		.uleb128 0x1
 536 000c 12010000 		.4byte	.LASF36
 537 0010 0C       		.byte	0xc
 538 0011 92020000 		.4byte	.LASF37
 539 0015 C9010000 		.4byte	.LASF38
 540 0019 00000000 		.4byte	.Ldebug_ranges0+0
 541 001d 00000000 		.4byte	0
 542 0021 00000000 		.4byte	.Ldebug_line0
 543 0025 02       		.uleb128 0x2
 544 0026 04       		.byte	0x4
 545 0027 05       		.byte	0x5
 546 0028 696E7400 		.ascii	"int\000"
 547 002c 03       		.uleb128 0x3
 548 002d 06000000 		.4byte	.LASF12
 549 0031 02       		.byte	0x2
 550 0032 D8       		.byte	0xd8
 551 0033 37000000 		.4byte	0x37
 552 0037 04       		.uleb128 0x4
 553 0038 04       		.byte	0x4
 554 0039 07       		.byte	0x7
 555 003a D9000000 		.4byte	.LASF0
 556 003e 04       		.uleb128 0x4
 557 003f 08       		.byte	0x8
 558 0040 05       		.byte	0x5
 559 0041 B6010000 		.4byte	.LASF1
 560 0045 04       		.uleb128 0x4
 561 0046 08       		.byte	0x8
 562 0047 04       		.byte	0x4
 563 0048 7A020000 		.4byte	.LASF2
 564 004c 04       		.uleb128 0x4
 565 004d 01       		.byte	0x1
 566 004e 06       		.byte	0x6
 567 004f 86020000 		.4byte	.LASF3
 568 0053 04       		.uleb128 0x4
 569 0054 01       		.byte	0x1
 570 0055 08       		.byte	0x8
 571 0056 A3000000 		.4byte	.LASF4
 572 005a 04       		.uleb128 0x4
 573 005b 02       		.byte	0x2
 574 005c 05       		.byte	0x5
 575 005d 3F020000 		.4byte	.LASF5
 576 0061 04       		.uleb128 0x4
 577 0062 02       		.byte	0x2
 578 0063 07       		.byte	0x7
 579 0064 3F000000 		.4byte	.LASF6
 580 0068 04       		.uleb128 0x4
 581 0069 04       		.byte	0x4
 582 006a 05       		.byte	0x5
 583 006b 71020000 		.4byte	.LASF7
 584 006f 04       		.uleb128 0x4
 585 0070 04       		.byte	0x4
 586 0071 07       		.byte	0x7
 587 0072 6B000000 		.4byte	.LASF8
 588 0076 04       		.uleb128 0x4
 589 0077 08       		.byte	0x8
 590 0078 07       		.byte	0x7
ARM GAS  C:\Users\Usuario\AppData\Local\Temp\ccr0LJi0.s 			page 19


 591 0079 FB000000 		.4byte	.LASF9
 592 007d 04       		.uleb128 0x4
 593 007e 04       		.byte	0x4
 594 007f 07       		.byte	0x7
 595 0080 AD010000 		.4byte	.LASF10
 596 0084 05       		.uleb128 0x5
 597 0085 04       		.byte	0x4
 598 0086 04       		.uleb128 0x4
 599 0087 01       		.byte	0x1
 600 0088 08       		.byte	0x8
 601 0089 C4010000 		.4byte	.LASF11
 602 008d 06       		.uleb128 0x6
 603 008e 7D000000 		.4byte	.LASF13
 604 0092 03       		.byte	0x3
 605 0093 FC01     		.2byte	0x1fc
 606 0095 53000000 		.4byte	0x53
 607 0099 06       		.uleb128 0x6
 608 009a CB000000 		.4byte	.LASF14
 609 009e 03       		.byte	0x3
 610 009f FD01     		.2byte	0x1fd
 611 00a1 61000000 		.4byte	0x61
 612 00a5 06       		.uleb128 0x6
 613 00a6 D2000000 		.4byte	.LASF15
 614 00aa 03       		.byte	0x3
 615 00ab FE01     		.2byte	0x1fe
 616 00ad 6F000000 		.4byte	0x6f
 617 00b1 04       		.uleb128 0x4
 618 00b2 04       		.byte	0x4
 619 00b3 04       		.byte	0x4
 620 00b4 5B000000 		.4byte	.LASF16
 621 00b8 04       		.uleb128 0x4
 622 00b9 08       		.byte	0x8
 623 00ba 04       		.byte	0x4
 624 00bb B8000000 		.4byte	.LASF17
 625 00bf 06       		.uleb128 0x6
 626 00c0 66000000 		.4byte	.LASF18
 627 00c4 03       		.byte	0x3
 628 00c5 A602     		.2byte	0x2a6
 629 00c7 CB000000 		.4byte	0xcb
 630 00cb 07       		.uleb128 0x7
 631 00cc 8D000000 		.4byte	0x8d
 632 00d0 06       		.uleb128 0x6
 633 00d1 00000000 		.4byte	.LASF19
 634 00d5 03       		.byte	0x3
 635 00d6 A802     		.2byte	0x2a8
 636 00d8 DC000000 		.4byte	0xdc
 637 00dc 07       		.uleb128 0x7
 638 00dd A5000000 		.4byte	0xa5
 639 00e1 08       		.uleb128 0x8
 640 00e2 83000000 		.4byte	.LASF20
 641 00e6 01       		.byte	0x1
 642 00e7 4C       		.byte	0x4c
 643 00e8 00000000 		.4byte	.LFB0
 644 00ec 0C000000 		.4byte	.LFE0-.LFB0
 645 00f0 01       		.uleb128 0x1
 646 00f1 9C       		.byte	0x9c
 647 00f2 2E010000 		.4byte	0x12e
ARM GAS  C:\Users\Usuario\AppData\Local\Temp\ccr0LJi0.s 			page 20


 648 00f6 09       		.uleb128 0x9
 649 00f7 7300     		.ascii	"s\000"
 650 00f9 01       		.byte	0x1
 651 00fa 4C       		.byte	0x4c
 652 00fb 84000000 		.4byte	0x84
 653 00ff 00000000 		.4byte	.LLST0
 654 0103 09       		.uleb128 0x9
 655 0104 6E00     		.ascii	"n\000"
 656 0106 01       		.byte	0x1
 657 0107 4C       		.byte	0x4c
 658 0108 2C000000 		.4byte	0x2c
 659 010c 21000000 		.4byte	.LLST1
 660 0110 0A       		.uleb128 0xa
 661 0111 0A000000 		.4byte	.LVL2
 662 0115 D0020000 		.4byte	0x2d0
 663 0119 0B       		.uleb128 0xb
 664 011a 01       		.uleb128 0x1
 665 011b 50       		.byte	0x50
 666 011c 03       		.uleb128 0x3
 667 011d F3       		.byte	0xf3
 668 011e 01       		.uleb128 0x1
 669 011f 50       		.byte	0x50
 670 0120 0B       		.uleb128 0xb
 671 0121 01       		.uleb128 0x1
 672 0122 51       		.byte	0x51
 673 0123 01       		.uleb128 0x1
 674 0124 30       		.byte	0x30
 675 0125 0B       		.uleb128 0xb
 676 0126 01       		.uleb128 0x1
 677 0127 52       		.byte	0x52
 678 0128 03       		.uleb128 0x3
 679 0129 F3       		.byte	0xf3
 680 012a 01       		.uleb128 0x1
 681 012b 51       		.byte	0x51
 682 012c 00       		.byte	0
 683 012d 00       		.byte	0
 684 012e 08       		.uleb128 0x8
 685 012f 34000000 		.4byte	.LASF21
 686 0133 01       		.byte	0x1
 687 0134 AA       		.byte	0xaa
 688 0135 00000000 		.4byte	.LFB3
 689 0139 BC000000 		.4byte	.LFE3-.LFB3
 690 013d 01       		.uleb128 0x1
 691 013e 9C       		.byte	0x9c
 692 013f 79010000 		.4byte	0x179
 693 0143 0C       		.uleb128 0xc
 694 0144 14000000 		.4byte	.LVL3
 695 0148 D9020000 		.4byte	0x2d9
 696 014c 56010000 		.4byte	0x156
 697 0150 0B       		.uleb128 0xb
 698 0151 01       		.uleb128 0x1
 699 0152 50       		.byte	0x50
 700 0153 01       		.uleb128 0x1
 701 0154 48       		.byte	0x48
 702 0155 00       		.byte	0
 703 0156 0C       		.uleb128 0xc
 704 0157 68000000 		.4byte	.LVL4
ARM GAS  C:\Users\Usuario\AppData\Local\Temp\ccr0LJi0.s 			page 21


 705 015b E4020000 		.4byte	0x2e4
 706 015f 69010000 		.4byte	0x169
 707 0163 0B       		.uleb128 0xb
 708 0164 01       		.uleb128 0x1
 709 0165 50       		.byte	0x50
 710 0166 01       		.uleb128 0x1
 711 0167 39       		.byte	0x39
 712 0168 00       		.byte	0
 713 0169 0A       		.uleb128 0xa
 714 016a 6E000000 		.4byte	.LVL5
 715 016e EF020000 		.4byte	0x2ef
 716 0172 0B       		.uleb128 0xb
 717 0173 01       		.uleb128 0x1
 718 0174 50       		.byte	0x50
 719 0175 01       		.uleb128 0x1
 720 0176 39       		.byte	0x39
 721 0177 00       		.byte	0
 722 0178 00       		.byte	0
 723 0179 0D       		.uleb128 0xd
 724 017a 8D000000 		.4byte	.LASF23
 725 017e 01       		.byte	0x1
 726 017f FE       		.byte	0xfe
 727 0180 00000000 		.4byte	.LFB5
 728 0184 20000000 		.4byte	.LFE5-.LFB5
 729 0188 01       		.uleb128 0x1
 730 0189 9C       		.byte	0x9c
 731 018a AC010000 		.4byte	0x1ac
 732 018e 0E       		.uleb128 0xe
 733 018f 69020000 		.4byte	.LASF22
 734 0193 01       		.byte	0x1
 735 0194 FE       		.byte	0xfe
 736 0195 8D000000 		.4byte	0x8d
 737 0199 01       		.uleb128 0x1
 738 019a 50       		.byte	0x50
 739 019b 0F       		.uleb128 0xf
 740 019c B8020000 		.4byte	.LASF31
 741 01a0 01       		.byte	0x1
 742 01a1 0001     		.2byte	0x100
 743 01a3 A5000000 		.4byte	0xa5
 744 01a7 4D000000 		.4byte	.LLST2
 745 01ab 00       		.byte	0
 746 01ac 10       		.uleb128 0x10
 747 01ad 52000000 		.4byte	.LASF24
 748 01b1 01       		.byte	0x1
 749 01b2 1B01     		.2byte	0x11b
 750 01b4 00000000 		.4byte	.LFB6
 751 01b8 38000000 		.4byte	.LFE6-.LFB6
 752 01bc 01       		.uleb128 0x1
 753 01bd 9C       		.byte	0x9c
 754 01be D1010000 		.4byte	0x1d1
 755 01c2 11       		.uleb128 0x11
 756 01c3 0D000000 		.4byte	.LASF25
 757 01c7 01       		.byte	0x1
 758 01c8 1B01     		.2byte	0x11b
 759 01ca 8D000000 		.4byte	0x8d
 760 01ce 01       		.uleb128 0x1
 761 01cf 50       		.byte	0x50
ARM GAS  C:\Users\Usuario\AppData\Local\Temp\ccr0LJi0.s 			page 22


 762 01d0 00       		.byte	0
 763 01d1 10       		.uleb128 0x10
 764 01d2 5E020000 		.4byte	.LASF26
 765 01d6 01       		.byte	0x1
 766 01d7 3D01     		.2byte	0x13d
 767 01d9 00000000 		.4byte	.LFB7
 768 01dd 38000000 		.4byte	.LFE7-.LFB7
 769 01e1 01       		.uleb128 0x1
 770 01e2 9C       		.byte	0x9c
 771 01e3 F6010000 		.4byte	0x1f6
 772 01e7 11       		.uleb128 0x11
 773 01e8 0D000000 		.4byte	.LASF25
 774 01ec 01       		.byte	0x1
 775 01ed 3D01     		.2byte	0x13d
 776 01ef 8D000000 		.4byte	0x8d
 777 01f3 01       		.uleb128 0x1
 778 01f4 50       		.byte	0x50
 779 01f5 00       		.byte	0
 780 01f6 10       		.uleb128 0x10
 781 01f7 E6000000 		.4byte	.LASF27
 782 01fb 01       		.byte	0x1
 783 01fc 6401     		.2byte	0x164
 784 01fe BC000000 		.4byte	.LFB8
 785 0202 1C010000 		.4byte	.LFE8-.LFB8
 786 0206 01       		.uleb128 0x1
 787 0207 9C       		.byte	0x9c
 788 0208 D0020000 		.4byte	0x2d0
 789 020c 12       		.uleb128 0x12
 790 020d C0000000 		.4byte	.LBB2
 791 0211 62000000 		.4byte	.LBE2-.LBB2
 792 0215 C6020000 		.4byte	0x2c6
 793 0219 13       		.uleb128 0x13
 794 021a 06       		.byte	0x6
 795 021b 01       		.byte	0x1
 796 021c 6B01     		.2byte	0x16b
 797 021e 3D020000 		.4byte	0x23d
 798 0222 14       		.uleb128 0x14
 799 0223 F3000000 		.4byte	.LASF28
 800 0227 01       		.byte	0x1
 801 0228 6C01     		.2byte	0x16c
 802 022a 84000000 		.4byte	0x84
 803 022e 00       		.byte	0
 804 022f 14       		.uleb128 0x14
 805 0230 61000000 		.4byte	.LASF29
 806 0234 01       		.byte	0x1
 807 0235 6D01     		.2byte	0x16d
 808 0237 99000000 		.4byte	0x99
 809 023b 04       		.byte	0x4
 810 023c 00       		.byte	0
 811 023d 06       		.uleb128 0x6
 812 023e A0010000 		.4byte	.LASF30
 813 0242 01       		.byte	0x1
 814 0243 6E01     		.2byte	0x16e
 815 0245 19020000 		.4byte	0x219
 816 0249 15       		.uleb128 0x15
 817 024a 59020000 		.4byte	0x259
 818 024e 59020000 		.4byte	0x259
ARM GAS  C:\Users\Usuario\AppData\Local\Temp\ccr0LJi0.s 			page 23


 819 0252 16       		.uleb128 0x16
 820 0253 7D000000 		.4byte	0x7d
 821 0257 01       		.byte	0x1
 822 0258 00       		.byte	0
 823 0259 17       		.uleb128 0x17
 824 025a 3D020000 		.4byte	0x23d
 825 025e 18       		.uleb128 0x18
 826 025f 24000000 		.4byte	.LASF32
 827 0263 01       		.byte	0x1
 828 0264 7001     		.2byte	0x170
 829 0266 70020000 		.4byte	0x270
 830 026a 05       		.uleb128 0x5
 831 026b 03       		.byte	0x3
 832 026c 00000000 		.4byte	cfg_memset_list.4875
 833 0270 17       		.uleb128 0x17
 834 0271 49020000 		.4byte	0x249
 835 0275 19       		.uleb128 0x19
 836 0276 6900     		.ascii	"i\000"
 837 0278 01       		.byte	0x1
 838 0279 7601     		.2byte	0x176
 839 027b 8D000000 		.4byte	0x8d
 840 027f 6B000000 		.4byte	.LLST3
 841 0283 1A       		.uleb128 0x1a
 842 0284 C4000000 		.4byte	.LBB3
 843 0288 1C000000 		.4byte	.LBE3-.LBB3
 844 028c 19       		.uleb128 0x19
 845 028d 6D7300   		.ascii	"ms\000"
 846 0290 01       		.byte	0x1
 847 0291 7B01     		.2byte	0x17b
 848 0293 9B020000 		.4byte	0x29b
 849 0297 95000000 		.4byte	.LLST4
 850 029b 1B       		.uleb128 0x1b
 851 029c 04       		.byte	0x4
 852 029d 59020000 		.4byte	0x259
 853 02a1 0A       		.uleb128 0xa
 854 02a2 E0000000 		.4byte	.LVL15
 855 02a6 E1000000 		.4byte	0xe1
 856 02aa 0B       		.uleb128 0xb
 857 02ab 01       		.uleb128 0x1
 858 02ac 51       		.byte	0x51
 859 02ad 15       		.uleb128 0x15
 860 02ae 74       		.byte	0x74
 861 02af 00       		.sleb128 0
 862 02b0 31       		.byte	0x31
 863 02b1 24       		.byte	0x24
 864 02b2 74       		.byte	0x74
 865 02b3 00       		.sleb128 0
 866 02b4 22       		.byte	0x22
 867 02b5 31       		.byte	0x31
 868 02b6 24       		.byte	0x24
 869 02b7 03       		.byte	0x3
 870 02b8 04000000 		.4byte	.LANCHOR0+4
 871 02bc 22       		.byte	0x22
 872 02bd 94       		.byte	0x94
 873 02be 02       		.byte	0x2
 874 02bf 0A       		.byte	0xa
 875 02c0 FFFF     		.2byte	0xffff
ARM GAS  C:\Users\Usuario\AppData\Local\Temp\ccr0LJi0.s 			page 24


 876 02c2 1A       		.byte	0x1a
 877 02c3 00       		.byte	0
 878 02c4 00       		.byte	0
 879 02c5 00       		.byte	0
 880 02c6 1C       		.uleb128 0x1c
 881 02c7 66010000 		.4byte	.LVL18
 882 02cb 2E010000 		.4byte	0x12e
 883 02cf 00       		.byte	0
 884 02d0 1D       		.uleb128 0x1d
 885 02d1 B1000000 		.4byte	.LASF39
 886 02d5 B1000000 		.4byte	.LASF39
 887 02d9 1E       		.uleb128 0x1e
 888 02da 49020000 		.4byte	.LASF33
 889 02de 49020000 		.4byte	.LASF33
 890 02e2 04       		.byte	0x4
 891 02e3 6C       		.byte	0x6c
 892 02e4 1E       		.uleb128 0x1e
 893 02e5 15000000 		.4byte	.LASF34
 894 02e9 15000000 		.4byte	.LASF34
 895 02ed 04       		.byte	0x4
 896 02ee D0       		.byte	0xd0
 897 02ef 1E       		.uleb128 0x1e
 898 02f0 BF000000 		.4byte	.LASF35
 899 02f4 BF000000 		.4byte	.LASF35
 900 02f8 04       		.byte	0x4
 901 02f9 D6       		.byte	0xd6
 902 02fa 00       		.byte	0
 903              		.section	.debug_abbrev,"",%progbits
 904              	.Ldebug_abbrev0:
 905 0000 01       		.uleb128 0x1
 906 0001 11       		.uleb128 0x11
 907 0002 01       		.byte	0x1
 908 0003 25       		.uleb128 0x25
 909 0004 0E       		.uleb128 0xe
 910 0005 13       		.uleb128 0x13
 911 0006 0B       		.uleb128 0xb
 912 0007 03       		.uleb128 0x3
 913 0008 0E       		.uleb128 0xe
 914 0009 1B       		.uleb128 0x1b
 915 000a 0E       		.uleb128 0xe
 916 000b 55       		.uleb128 0x55
 917 000c 17       		.uleb128 0x17
 918 000d 11       		.uleb128 0x11
 919 000e 01       		.uleb128 0x1
 920 000f 10       		.uleb128 0x10
 921 0010 17       		.uleb128 0x17
 922 0011 00       		.byte	0
 923 0012 00       		.byte	0
 924 0013 02       		.uleb128 0x2
 925 0014 24       		.uleb128 0x24
 926 0015 00       		.byte	0
 927 0016 0B       		.uleb128 0xb
 928 0017 0B       		.uleb128 0xb
 929 0018 3E       		.uleb128 0x3e
 930 0019 0B       		.uleb128 0xb
 931 001a 03       		.uleb128 0x3
 932 001b 08       		.uleb128 0x8
ARM GAS  C:\Users\Usuario\AppData\Local\Temp\ccr0LJi0.s 			page 25


 933 001c 00       		.byte	0
 934 001d 00       		.byte	0
 935 001e 03       		.uleb128 0x3
 936 001f 16       		.uleb128 0x16
 937 0020 00       		.byte	0
 938 0021 03       		.uleb128 0x3
 939 0022 0E       		.uleb128 0xe
 940 0023 3A       		.uleb128 0x3a
 941 0024 0B       		.uleb128 0xb
 942 0025 3B       		.uleb128 0x3b
 943 0026 0B       		.uleb128 0xb
 944 0027 49       		.uleb128 0x49
 945 0028 13       		.uleb128 0x13
 946 0029 00       		.byte	0
 947 002a 00       		.byte	0
 948 002b 04       		.uleb128 0x4
 949 002c 24       		.uleb128 0x24
 950 002d 00       		.byte	0
 951 002e 0B       		.uleb128 0xb
 952 002f 0B       		.uleb128 0xb
 953 0030 3E       		.uleb128 0x3e
 954 0031 0B       		.uleb128 0xb
 955 0032 03       		.uleb128 0x3
 956 0033 0E       		.uleb128 0xe
 957 0034 00       		.byte	0
 958 0035 00       		.byte	0
 959 0036 05       		.uleb128 0x5
 960 0037 0F       		.uleb128 0xf
 961 0038 00       		.byte	0
 962 0039 0B       		.uleb128 0xb
 963 003a 0B       		.uleb128 0xb
 964 003b 00       		.byte	0
 965 003c 00       		.byte	0
 966 003d 06       		.uleb128 0x6
 967 003e 16       		.uleb128 0x16
 968 003f 00       		.byte	0
 969 0040 03       		.uleb128 0x3
 970 0041 0E       		.uleb128 0xe
 971 0042 3A       		.uleb128 0x3a
 972 0043 0B       		.uleb128 0xb
 973 0044 3B       		.uleb128 0x3b
 974 0045 05       		.uleb128 0x5
 975 0046 49       		.uleb128 0x49
 976 0047 13       		.uleb128 0x13
 977 0048 00       		.byte	0
 978 0049 00       		.byte	0
 979 004a 07       		.uleb128 0x7
 980 004b 35       		.uleb128 0x35
 981 004c 00       		.byte	0
 982 004d 49       		.uleb128 0x49
 983 004e 13       		.uleb128 0x13
 984 004f 00       		.byte	0
 985 0050 00       		.byte	0
 986 0051 08       		.uleb128 0x8
 987 0052 2E       		.uleb128 0x2e
 988 0053 01       		.byte	0x1
 989 0054 03       		.uleb128 0x3
ARM GAS  C:\Users\Usuario\AppData\Local\Temp\ccr0LJi0.s 			page 26


 990 0055 0E       		.uleb128 0xe
 991 0056 3A       		.uleb128 0x3a
 992 0057 0B       		.uleb128 0xb
 993 0058 3B       		.uleb128 0x3b
 994 0059 0B       		.uleb128 0xb
 995 005a 27       		.uleb128 0x27
 996 005b 19       		.uleb128 0x19
 997 005c 11       		.uleb128 0x11
 998 005d 01       		.uleb128 0x1
 999 005e 12       		.uleb128 0x12
 1000 005f 06       		.uleb128 0x6
 1001 0060 40       		.uleb128 0x40
 1002 0061 18       		.uleb128 0x18
 1003 0062 9742     		.uleb128 0x2117
 1004 0064 19       		.uleb128 0x19
 1005 0065 01       		.uleb128 0x1
 1006 0066 13       		.uleb128 0x13
 1007 0067 00       		.byte	0
 1008 0068 00       		.byte	0
 1009 0069 09       		.uleb128 0x9
 1010 006a 05       		.uleb128 0x5
 1011 006b 00       		.byte	0
 1012 006c 03       		.uleb128 0x3
 1013 006d 08       		.uleb128 0x8
 1014 006e 3A       		.uleb128 0x3a
 1015 006f 0B       		.uleb128 0xb
 1016 0070 3B       		.uleb128 0x3b
 1017 0071 0B       		.uleb128 0xb
 1018 0072 49       		.uleb128 0x49
 1019 0073 13       		.uleb128 0x13
 1020 0074 02       		.uleb128 0x2
 1021 0075 17       		.uleb128 0x17
 1022 0076 00       		.byte	0
 1023 0077 00       		.byte	0
 1024 0078 0A       		.uleb128 0xa
 1025 0079 898201   		.uleb128 0x4109
 1026 007c 01       		.byte	0x1
 1027 007d 11       		.uleb128 0x11
 1028 007e 01       		.uleb128 0x1
 1029 007f 31       		.uleb128 0x31
 1030 0080 13       		.uleb128 0x13
 1031 0081 00       		.byte	0
 1032 0082 00       		.byte	0
 1033 0083 0B       		.uleb128 0xb
 1034 0084 8A8201   		.uleb128 0x410a
 1035 0087 00       		.byte	0
 1036 0088 02       		.uleb128 0x2
 1037 0089 18       		.uleb128 0x18
 1038 008a 9142     		.uleb128 0x2111
 1039 008c 18       		.uleb128 0x18
 1040 008d 00       		.byte	0
 1041 008e 00       		.byte	0
 1042 008f 0C       		.uleb128 0xc
 1043 0090 898201   		.uleb128 0x4109
 1044 0093 01       		.byte	0x1
 1045 0094 11       		.uleb128 0x11
 1046 0095 01       		.uleb128 0x1
ARM GAS  C:\Users\Usuario\AppData\Local\Temp\ccr0LJi0.s 			page 27


 1047 0096 31       		.uleb128 0x31
 1048 0097 13       		.uleb128 0x13
 1049 0098 01       		.uleb128 0x1
 1050 0099 13       		.uleb128 0x13
 1051 009a 00       		.byte	0
 1052 009b 00       		.byte	0
 1053 009c 0D       		.uleb128 0xd
 1054 009d 2E       		.uleb128 0x2e
 1055 009e 01       		.byte	0x1
 1056 009f 3F       		.uleb128 0x3f
 1057 00a0 19       		.uleb128 0x19
 1058 00a1 03       		.uleb128 0x3
 1059 00a2 0E       		.uleb128 0xe
 1060 00a3 3A       		.uleb128 0x3a
 1061 00a4 0B       		.uleb128 0xb
 1062 00a5 3B       		.uleb128 0x3b
 1063 00a6 0B       		.uleb128 0xb
 1064 00a7 27       		.uleb128 0x27
 1065 00a8 19       		.uleb128 0x19
 1066 00a9 11       		.uleb128 0x11
 1067 00aa 01       		.uleb128 0x1
 1068 00ab 12       		.uleb128 0x12
 1069 00ac 06       		.uleb128 0x6
 1070 00ad 40       		.uleb128 0x40
 1071 00ae 18       		.uleb128 0x18
 1072 00af 9742     		.uleb128 0x2117
 1073 00b1 19       		.uleb128 0x19
 1074 00b2 01       		.uleb128 0x1
 1075 00b3 13       		.uleb128 0x13
 1076 00b4 00       		.byte	0
 1077 00b5 00       		.byte	0
 1078 00b6 0E       		.uleb128 0xe
 1079 00b7 05       		.uleb128 0x5
 1080 00b8 00       		.byte	0
 1081 00b9 03       		.uleb128 0x3
 1082 00ba 0E       		.uleb128 0xe
 1083 00bb 3A       		.uleb128 0x3a
 1084 00bc 0B       		.uleb128 0xb
 1085 00bd 3B       		.uleb128 0x3b
 1086 00be 0B       		.uleb128 0xb
 1087 00bf 49       		.uleb128 0x49
 1088 00c0 13       		.uleb128 0x13
 1089 00c1 02       		.uleb128 0x2
 1090 00c2 18       		.uleb128 0x18
 1091 00c3 00       		.byte	0
 1092 00c4 00       		.byte	0
 1093 00c5 0F       		.uleb128 0xf
 1094 00c6 34       		.uleb128 0x34
 1095 00c7 00       		.byte	0
 1096 00c8 03       		.uleb128 0x3
 1097 00c9 0E       		.uleb128 0xe
 1098 00ca 3A       		.uleb128 0x3a
 1099 00cb 0B       		.uleb128 0xb
 1100 00cc 3B       		.uleb128 0x3b
 1101 00cd 05       		.uleb128 0x5
 1102 00ce 49       		.uleb128 0x49
 1103 00cf 13       		.uleb128 0x13
ARM GAS  C:\Users\Usuario\AppData\Local\Temp\ccr0LJi0.s 			page 28


 1104 00d0 02       		.uleb128 0x2
 1105 00d1 17       		.uleb128 0x17
 1106 00d2 00       		.byte	0
 1107 00d3 00       		.byte	0
 1108 00d4 10       		.uleb128 0x10
 1109 00d5 2E       		.uleb128 0x2e
 1110 00d6 01       		.byte	0x1
 1111 00d7 3F       		.uleb128 0x3f
 1112 00d8 19       		.uleb128 0x19
 1113 00d9 03       		.uleb128 0x3
 1114 00da 0E       		.uleb128 0xe
 1115 00db 3A       		.uleb128 0x3a
 1116 00dc 0B       		.uleb128 0xb
 1117 00dd 3B       		.uleb128 0x3b
 1118 00de 05       		.uleb128 0x5
 1119 00df 27       		.uleb128 0x27
 1120 00e0 19       		.uleb128 0x19
 1121 00e1 11       		.uleb128 0x11
 1122 00e2 01       		.uleb128 0x1
 1123 00e3 12       		.uleb128 0x12
 1124 00e4 06       		.uleb128 0x6
 1125 00e5 40       		.uleb128 0x40
 1126 00e6 18       		.uleb128 0x18
 1127 00e7 9742     		.uleb128 0x2117
 1128 00e9 19       		.uleb128 0x19
 1129 00ea 01       		.uleb128 0x1
 1130 00eb 13       		.uleb128 0x13
 1131 00ec 00       		.byte	0
 1132 00ed 00       		.byte	0
 1133 00ee 11       		.uleb128 0x11
 1134 00ef 05       		.uleb128 0x5
 1135 00f0 00       		.byte	0
 1136 00f1 03       		.uleb128 0x3
 1137 00f2 0E       		.uleb128 0xe
 1138 00f3 3A       		.uleb128 0x3a
 1139 00f4 0B       		.uleb128 0xb
 1140 00f5 3B       		.uleb128 0x3b
 1141 00f6 05       		.uleb128 0x5
 1142 00f7 49       		.uleb128 0x49
 1143 00f8 13       		.uleb128 0x13
 1144 00f9 02       		.uleb128 0x2
 1145 00fa 18       		.uleb128 0x18
 1146 00fb 00       		.byte	0
 1147 00fc 00       		.byte	0
 1148 00fd 12       		.uleb128 0x12
 1149 00fe 0B       		.uleb128 0xb
 1150 00ff 01       		.byte	0x1
 1151 0100 11       		.uleb128 0x11
 1152 0101 01       		.uleb128 0x1
 1153 0102 12       		.uleb128 0x12
 1154 0103 06       		.uleb128 0x6
 1155 0104 01       		.uleb128 0x1
 1156 0105 13       		.uleb128 0x13
 1157 0106 00       		.byte	0
 1158 0107 00       		.byte	0
 1159 0108 13       		.uleb128 0x13
 1160 0109 13       		.uleb128 0x13
ARM GAS  C:\Users\Usuario\AppData\Local\Temp\ccr0LJi0.s 			page 29


 1161 010a 01       		.byte	0x1
 1162 010b 0B       		.uleb128 0xb
 1163 010c 0B       		.uleb128 0xb
 1164 010d 3A       		.uleb128 0x3a
 1165 010e 0B       		.uleb128 0xb
 1166 010f 3B       		.uleb128 0x3b
 1167 0110 05       		.uleb128 0x5
 1168 0111 01       		.uleb128 0x1
 1169 0112 13       		.uleb128 0x13
 1170 0113 00       		.byte	0
 1171 0114 00       		.byte	0
 1172 0115 14       		.uleb128 0x14
 1173 0116 0D       		.uleb128 0xd
 1174 0117 00       		.byte	0
 1175 0118 03       		.uleb128 0x3
 1176 0119 0E       		.uleb128 0xe
 1177 011a 3A       		.uleb128 0x3a
 1178 011b 0B       		.uleb128 0xb
 1179 011c 3B       		.uleb128 0x3b
 1180 011d 05       		.uleb128 0x5
 1181 011e 49       		.uleb128 0x49
 1182 011f 13       		.uleb128 0x13
 1183 0120 38       		.uleb128 0x38
 1184 0121 0B       		.uleb128 0xb
 1185 0122 00       		.byte	0
 1186 0123 00       		.byte	0
 1187 0124 15       		.uleb128 0x15
 1188 0125 01       		.uleb128 0x1
 1189 0126 01       		.byte	0x1
 1190 0127 49       		.uleb128 0x49
 1191 0128 13       		.uleb128 0x13
 1192 0129 01       		.uleb128 0x1
 1193 012a 13       		.uleb128 0x13
 1194 012b 00       		.byte	0
 1195 012c 00       		.byte	0
 1196 012d 16       		.uleb128 0x16
 1197 012e 21       		.uleb128 0x21
 1198 012f 00       		.byte	0
 1199 0130 49       		.uleb128 0x49
 1200 0131 13       		.uleb128 0x13
 1201 0132 2F       		.uleb128 0x2f
 1202 0133 0B       		.uleb128 0xb
 1203 0134 00       		.byte	0
 1204 0135 00       		.byte	0
 1205 0136 17       		.uleb128 0x17
 1206 0137 26       		.uleb128 0x26
 1207 0138 00       		.byte	0
 1208 0139 49       		.uleb128 0x49
 1209 013a 13       		.uleb128 0x13
 1210 013b 00       		.byte	0
 1211 013c 00       		.byte	0
 1212 013d 18       		.uleb128 0x18
 1213 013e 34       		.uleb128 0x34
 1214 013f 00       		.byte	0
 1215 0140 03       		.uleb128 0x3
 1216 0141 0E       		.uleb128 0xe
 1217 0142 3A       		.uleb128 0x3a
ARM GAS  C:\Users\Usuario\AppData\Local\Temp\ccr0LJi0.s 			page 30


 1218 0143 0B       		.uleb128 0xb
 1219 0144 3B       		.uleb128 0x3b
 1220 0145 05       		.uleb128 0x5
 1221 0146 49       		.uleb128 0x49
 1222 0147 13       		.uleb128 0x13
 1223 0148 02       		.uleb128 0x2
 1224 0149 18       		.uleb128 0x18
 1225 014a 00       		.byte	0
 1226 014b 00       		.byte	0
 1227 014c 19       		.uleb128 0x19
 1228 014d 34       		.uleb128 0x34
 1229 014e 00       		.byte	0
 1230 014f 03       		.uleb128 0x3
 1231 0150 08       		.uleb128 0x8
 1232 0151 3A       		.uleb128 0x3a
 1233 0152 0B       		.uleb128 0xb
 1234 0153 3B       		.uleb128 0x3b
 1235 0154 05       		.uleb128 0x5
 1236 0155 49       		.uleb128 0x49
 1237 0156 13       		.uleb128 0x13
 1238 0157 02       		.uleb128 0x2
 1239 0158 17       		.uleb128 0x17
 1240 0159 00       		.byte	0
 1241 015a 00       		.byte	0
 1242 015b 1A       		.uleb128 0x1a
 1243 015c 0B       		.uleb128 0xb
 1244 015d 01       		.byte	0x1
 1245 015e 11       		.uleb128 0x11
 1246 015f 01       		.uleb128 0x1
 1247 0160 12       		.uleb128 0x12
 1248 0161 06       		.uleb128 0x6
 1249 0162 00       		.byte	0
 1250 0163 00       		.byte	0
 1251 0164 1B       		.uleb128 0x1b
 1252 0165 0F       		.uleb128 0xf
 1253 0166 00       		.byte	0
 1254 0167 0B       		.uleb128 0xb
 1255 0168 0B       		.uleb128 0xb
 1256 0169 49       		.uleb128 0x49
 1257 016a 13       		.uleb128 0x13
 1258 016b 00       		.byte	0
 1259 016c 00       		.byte	0
 1260 016d 1C       		.uleb128 0x1c
 1261 016e 898201   		.uleb128 0x4109
 1262 0171 00       		.byte	0
 1263 0172 11       		.uleb128 0x11
 1264 0173 01       		.uleb128 0x1
 1265 0174 31       		.uleb128 0x31
 1266 0175 13       		.uleb128 0x13
 1267 0176 00       		.byte	0
 1268 0177 00       		.byte	0
 1269 0178 1D       		.uleb128 0x1d
 1270 0179 2E       		.uleb128 0x2e
 1271 017a 00       		.byte	0
 1272 017b 3F       		.uleb128 0x3f
 1273 017c 19       		.uleb128 0x19
 1274 017d 3C       		.uleb128 0x3c
ARM GAS  C:\Users\Usuario\AppData\Local\Temp\ccr0LJi0.s 			page 31


 1275 017e 19       		.uleb128 0x19
 1276 017f 6E       		.uleb128 0x6e
 1277 0180 0E       		.uleb128 0xe
 1278 0181 03       		.uleb128 0x3
 1279 0182 0E       		.uleb128 0xe
 1280 0183 00       		.byte	0
 1281 0184 00       		.byte	0
 1282 0185 1E       		.uleb128 0x1e
 1283 0186 2E       		.uleb128 0x2e
 1284 0187 00       		.byte	0
 1285 0188 3F       		.uleb128 0x3f
 1286 0189 19       		.uleb128 0x19
 1287 018a 3C       		.uleb128 0x3c
 1288 018b 19       		.uleb128 0x19
 1289 018c 6E       		.uleb128 0x6e
 1290 018d 0E       		.uleb128 0xe
 1291 018e 03       		.uleb128 0x3
 1292 018f 0E       		.uleb128 0xe
 1293 0190 3A       		.uleb128 0x3a
 1294 0191 0B       		.uleb128 0xb
 1295 0192 3B       		.uleb128 0x3b
 1296 0193 0B       		.uleb128 0xb
 1297 0194 00       		.byte	0
 1298 0195 00       		.byte	0
 1299 0196 00       		.byte	0
 1300              		.section	.debug_loc,"",%progbits
 1301              	.Ldebug_loc0:
 1302              	.LLST0:
 1303 0000 00000000 		.4byte	.LVL0
 1304 0004 09000000 		.4byte	.LVL2-1
 1305 0008 0100     		.2byte	0x1
 1306 000a 50       		.byte	0x50
 1307 000b 09000000 		.4byte	.LVL2-1
 1308 000f 0C000000 		.4byte	.LFE0
 1309 0013 0400     		.2byte	0x4
 1310 0015 F3       		.byte	0xf3
 1311 0016 01       		.uleb128 0x1
 1312 0017 50       		.byte	0x50
 1313 0018 9F       		.byte	0x9f
 1314 0019 00000000 		.4byte	0
 1315 001d 00000000 		.4byte	0
 1316              	.LLST1:
 1317 0021 00000000 		.4byte	.LVL0
 1318 0025 06000000 		.4byte	.LVL1
 1319 0029 0100     		.2byte	0x1
 1320 002b 51       		.byte	0x51
 1321 002c 06000000 		.4byte	.LVL1
 1322 0030 09000000 		.4byte	.LVL2-1
 1323 0034 0100     		.2byte	0x1
 1324 0036 52       		.byte	0x52
 1325 0037 09000000 		.4byte	.LVL2-1
 1326 003b 0C000000 		.4byte	.LFE0
 1327 003f 0400     		.2byte	0x4
 1328 0041 F3       		.byte	0xf3
 1329 0042 01       		.uleb128 0x1
 1330 0043 51       		.byte	0x51
 1331 0044 9F       		.byte	0x9f
ARM GAS  C:\Users\Usuario\AppData\Local\Temp\ccr0LJi0.s 			page 32


 1332 0045 00000000 		.4byte	0
 1333 0049 00000000 		.4byte	0
 1334              	.LLST2:
 1335 004d 04000000 		.4byte	.LVL7
 1336 0051 12000000 		.4byte	.LVL9
 1337 0055 0100     		.2byte	0x1
 1338 0057 53       		.byte	0x53
 1339 0058 14000000 		.4byte	.LVL10
 1340 005c 20000000 		.4byte	.LFE5
 1341 0060 0100     		.2byte	0x1
 1342 0062 53       		.byte	0x53
 1343 0063 00000000 		.4byte	0
 1344 0067 00000000 		.4byte	0
 1345              	.LLST3:
 1346 006b C0000000 		.4byte	.LVL13
 1347 006f C4000000 		.4byte	.LVL14
 1348 0073 0200     		.2byte	0x2
 1349 0075 30       		.byte	0x30
 1350 0076 9F       		.byte	0x9f
 1351 0077 C4000000 		.4byte	.LVL14
 1352 007b E2000000 		.4byte	.LVL16
 1353 007f 0100     		.2byte	0x1
 1354 0081 54       		.byte	0x54
 1355 0082 E4000000 		.4byte	.LVL17
 1356 0086 66010000 		.4byte	.LVL19
 1357 008a 0100     		.2byte	0x1
 1358 008c 54       		.byte	0x54
 1359 008d 00000000 		.4byte	0
 1360 0091 00000000 		.4byte	0
 1361              	.LLST4:
 1362 0095 C4000000 		.4byte	.LVL14
 1363 0099 E2000000 		.4byte	.LVL16
 1364 009d 0B00     		.2byte	0xb
 1365 009f 74       		.byte	0x74
 1366 00a0 00       		.sleb128 0
 1367 00a1 36       		.byte	0x36
 1368 00a2 1E       		.byte	0x1e
 1369 00a3 03       		.byte	0x3
 1370 00a4 00000000 		.4byte	cfg_memset_list.4875
 1371 00a8 22       		.byte	0x22
 1372 00a9 9F       		.byte	0x9f
 1373 00aa E2000000 		.4byte	.LVL16
 1374 00ae E4000000 		.4byte	.LVL17
 1375 00b2 0B00     		.2byte	0xb
 1376 00b4 74       		.byte	0x74
 1377 00b5 7F       		.sleb128 -1
 1378 00b6 36       		.byte	0x36
 1379 00b7 1E       		.byte	0x1e
 1380 00b8 03       		.byte	0x3
 1381 00b9 00000000 		.4byte	cfg_memset_list.4875
 1382 00bd 22       		.byte	0x22
 1383 00be 9F       		.byte	0x9f
 1384 00bf 00000000 		.4byte	0
 1385 00c3 00000000 		.4byte	0
 1386              		.section	.debug_aranges,"",%progbits
 1387 0000 44000000 		.4byte	0x44
 1388 0004 0200     		.2byte	0x2
ARM GAS  C:\Users\Usuario\AppData\Local\Temp\ccr0LJi0.s 			page 33


 1389 0006 00000000 		.4byte	.Ldebug_info0
 1390 000a 04       		.byte	0x4
 1391 000b 00       		.byte	0
 1392 000c 0000     		.2byte	0
 1393 000e 0000     		.2byte	0
 1394 0010 00000000 		.4byte	.LFB0
 1395 0014 0C000000 		.4byte	.LFE0-.LFB0
 1396 0018 00000000 		.4byte	.LFB3
 1397 001c BC000000 		.4byte	.LFE3-.LFB3
 1398 0020 00000000 		.4byte	.LFB5
 1399 0024 20000000 		.4byte	.LFE5-.LFB5
 1400 0028 00000000 		.4byte	.LFB6
 1401 002c 38000000 		.4byte	.LFE6-.LFB6
 1402 0030 00000000 		.4byte	.LFB7
 1403 0034 38000000 		.4byte	.LFE7-.LFB7
 1404 0038 BC000000 		.4byte	.LFB8
 1405 003c 1C010000 		.4byte	.LFE8-.LFB8
 1406 0040 00000000 		.4byte	0
 1407 0044 00000000 		.4byte	0
 1408              		.section	.debug_ranges,"",%progbits
 1409              	.Ldebug_ranges0:
 1410 0000 00000000 		.4byte	.LFB0
 1411 0004 0C000000 		.4byte	.LFE0
 1412 0008 00000000 		.4byte	.LFB3
 1413 000c BC000000 		.4byte	.LFE3
 1414 0010 00000000 		.4byte	.LFB5
 1415 0014 20000000 		.4byte	.LFE5
 1416 0018 00000000 		.4byte	.LFB6
 1417 001c 38000000 		.4byte	.LFE6
 1418 0020 00000000 		.4byte	.LFB7
 1419 0024 38000000 		.4byte	.LFE7
 1420 0028 BC000000 		.4byte	.LFB8
 1421 002c D8010000 		.4byte	.LFE8
 1422 0030 00000000 		.4byte	0
 1423 0034 00000000 		.4byte	0
 1424              		.section	.debug_line,"",%progbits
 1425              	.Ldebug_line0:
 1426 0000 8A010000 		.section	.debug_str,"MS",%progbits,1
 1426      0200D600 
 1426      00000201 
 1426      FB0E0D00 
 1426      01010101 
 1427              	.LASF19:
 1428 0000 72656733 		.ascii	"reg32\000"
 1428      3200
 1429              	.LASF12:
 1430 0006 73697A65 		.ascii	"size_t\000"
 1430      5F7400
 1431              	.LASF25:
 1432 000d 6368616E 		.ascii	"channel\000"
 1432      6E656C00 
 1433              	.LASF34:
 1434 0015 4379496E 		.ascii	"CyIntSetVector\000"
 1434      74536574 
 1434      56656374 
 1434      6F7200
 1435              	.LASF32:
ARM GAS  C:\Users\Usuario\AppData\Local\Temp\ccr0LJi0.s 			page 34


 1436 0024 6366675F 		.ascii	"cfg_memset_list\000"
 1436      6D656D73 
 1436      65745F6C 
 1436      69737400 
 1437              	.LASF21:
 1438 0034 436C6F63 		.ascii	"ClockSetup\000"
 1438      6B536574 
 1438      757000
 1439              	.LASF6:
 1440 003f 73686F72 		.ascii	"short unsigned int\000"
 1440      7420756E 
 1440      7369676E 
 1440      65642069 
 1440      6E7400
 1441              	.LASF24:
 1442 0052 616D7578 		.ascii	"amux_Set\000"
 1442      5F536574 
 1442      00
 1443              	.LASF16:
 1444 005b 666C6F61 		.ascii	"float\000"
 1444      7400
 1445              	.LASF29:
 1446 0061 73697A65 		.ascii	"size\000"
 1446      00
 1447              	.LASF18:
 1448 0066 72656738 		.ascii	"reg8\000"
 1448      00
 1449              	.LASF8:
 1450 006b 6C6F6E67 		.ascii	"long unsigned int\000"
 1450      20756E73 
 1450      69676E65 
 1450      6420696E 
 1450      7400
 1451              	.LASF13:
 1452 007d 75696E74 		.ascii	"uint8\000"
 1452      3800
 1453              	.LASF20:
 1454 0083 43594D45 		.ascii	"CYMEMZERO\000"
 1454      4D5A4552 
 1454      4F00
 1455              	.LASF23:
 1456 008d 53657441 		.ascii	"SetAnalogRoutingPumps\000"
 1456      6E616C6F 
 1456      67526F75 
 1456      74696E67 
 1456      50756D70 
 1457              	.LASF4:
 1458 00a3 756E7369 		.ascii	"unsigned char\000"
 1458      676E6564 
 1458      20636861 
 1458      7200
 1459              	.LASF39:
 1460 00b1 6D656D73 		.ascii	"memset\000"
 1460      657400
 1461              	.LASF17:
 1462 00b8 646F7562 		.ascii	"double\000"
 1462      6C6500
ARM GAS  C:\Users\Usuario\AppData\Local\Temp\ccr0LJi0.s 			page 35


 1463              	.LASF35:
 1464 00bf 4379496E 		.ascii	"CyIntEnable\000"
 1464      74456E61 
 1464      626C6500 
 1465              	.LASF14:
 1466 00cb 75696E74 		.ascii	"uint16\000"
 1466      313600
 1467              	.LASF15:
 1468 00d2 75696E74 		.ascii	"uint32\000"
 1468      333200
 1469              	.LASF0:
 1470 00d9 756E7369 		.ascii	"unsigned int\000"
 1470      676E6564 
 1470      20696E74 
 1470      00
 1471              	.LASF27:
 1472 00e6 63796669 		.ascii	"cyfitter_cfg\000"
 1472      74746572 
 1472      5F636667 
 1472      00
 1473              	.LASF28:
 1474 00f3 61646472 		.ascii	"address\000"
 1474      65737300 
 1475              	.LASF9:
 1476 00fb 6C6F6E67 		.ascii	"long long unsigned int\000"
 1476      206C6F6E 
 1476      6720756E 
 1476      7369676E 
 1476      65642069 
 1477              	.LASF36:
 1478 0112 474E5520 		.ascii	"GNU C11 5.4.1 20160609 (release) [ARM/embedded-5-br"
 1478      43313120 
 1478      352E342E 
 1478      31203230 
 1478      31363036 
 1479 0145 616E6368 		.ascii	"anch revision 237715] -mcpu=cortex-m0 -mthumb -g -O"
 1479      20726576 
 1479      6973696F 
 1479      6E203233 
 1479      37373135 
 1480 0178 67202D66 		.ascii	"g -ffunction-sections -ffat-lto-objects\000"
 1480      66756E63 
 1480      74696F6E 
 1480      2D736563 
 1480      74696F6E 
 1481              	.LASF30:
 1482 01a0 6366675F 		.ascii	"cfg_memset_t\000"
 1482      6D656D73 
 1482      65745F74 
 1482      00
 1483              	.LASF10:
 1484 01ad 73697A65 		.ascii	"sizetype\000"
 1484      74797065 
 1484      00
 1485              	.LASF1:
 1486 01b6 6C6F6E67 		.ascii	"long long int\000"
 1486      206C6F6E 
ARM GAS  C:\Users\Usuario\AppData\Local\Temp\ccr0LJi0.s 			page 36


 1486      6720696E 
 1486      7400
 1487              	.LASF11:
 1488 01c4 63686172 		.ascii	"char\000"
 1488      00
 1489              	.LASF38:
 1490 01c9 443A5C44 		.ascii	"D:\\Documentos\\UD\\2023-3\\Proyecto de grado\\aixt"
 1490      6F63756D 
 1490      656E746F 
 1490      735C5544 
 1490      5C323032 
 1491 01f7 2D702D73 		.ascii	"-p-so-c-4\\ports\\Cypress\\CY8CKIT-049-42XX\\projec"
 1491      6F2D632D 
 1491      345C706F 
 1491      7274735C 
 1491      43797072 
 1492 0226 74735C43 		.ascii	"ts\\Config Gral 049.cydsn\000"
 1492      6F6E6669 
 1492      67204772 
 1492      616C2030 
 1492      34392E63 
 1493              	.LASF5:
 1494 023f 73686F72 		.ascii	"short int\000"
 1494      7420696E 
 1494      7400
 1495              	.LASF33:
 1496 0249 43795379 		.ascii	"CySysClkWriteImoFreq\000"
 1496      73436C6B 
 1496      57726974 
 1496      65496D6F 
 1496      46726571 
 1497              	.LASF26:
 1498 025e 616D7578 		.ascii	"amux_Unset\000"
 1498      5F556E73 
 1498      657400
 1499              	.LASF22:
 1500 0269 656E6162 		.ascii	"enabled\000"
 1500      6C656400 
 1501              	.LASF7:
 1502 0271 6C6F6E67 		.ascii	"long int\000"
 1502      20696E74 
 1502      00
 1503              	.LASF2:
 1504 027a 6C6F6E67 		.ascii	"long double\000"
 1504      20646F75 
 1504      626C6500 
 1505              	.LASF3:
 1506 0286 7369676E 		.ascii	"signed char\000"
 1506      65642063 
 1506      68617200 
 1507              	.LASF37:
 1508 0292 47656E65 		.ascii	"Generated_Source\\PSoC4\\cyfitter_cfg.c\000"
 1508      72617465 
 1508      645F536F 
 1508      75726365 
 1508      5C50536F 
 1509              	.LASF31:
ARM GAS  C:\Users\Usuario\AppData\Local\Temp\ccr0LJi0.s 			page 37


 1510 02b8 72656756 		.ascii	"regValue\000"
 1510      616C7565 
 1510      00
 1511              		.ident	"GCC: (GNU Tools for ARM Embedded Processors) 5.4.1 20160609 (release) [ARM/embedded-5-bran
